do run
loading script "jan_unknown60_30.py"
loading script "jan_pump_ms.py"
loading script "jan_co2.py"
loading script "jan_pump_extraction_line.py"
testing...
no interpolation path defined
executed snippet estimated_duration=122.452928, duration=0.000205039978027
script duration name:unknown60_30 seconds:122.0
loading script "jan_unknown60_30.py"
loading script "jan_pump_ms.py"
loading script "jan_co2.py"
loading script "jan_pump_extraction_line.py"
testing...
no interpolation path defined
executed snippet estimated_duration=0, duration=2.28881835938e-05
loading script "jan_unknown60_30.py"
loading script "jan_pump_ms.py"
loading script "jan_co2.py"
loading script "jan_pump_extraction_line.py"
testing...
no interpolation path defined
calculate duration
testing...
no interpolation path defined
executed snippet estimated_duration=0, duration=5.00679016113e-05
calculate duration
testing...
no interpolation path defined
executed snippet estimated_duration=0, duration=7.79628753662e-05
executed snippet estimated_duration=0.0, duration=0.0017511844635
script duration name:co2 seconds:0.0
loading script "jan_unknown60_30.py"
loading script "jan_pump_ms.py"
loading script "jan_co2.py"
loading script "jan_pump_extraction_line.py"
testing...
no interpolation path defined
calculate duration
testing...
no interpolation path defined
executed snippet estimated_duration=4.0, duration=0.000174999237061
executed snippet estimated_duration=4.0, duration=0.0010359287262
Script duration 122.0
Run total estimated duration= 123.000
run duration: 0:02:03
doing event level: 2
21:37:41 -- Setting default integration. t=1.048576
setting integration time = 1.048576
SetIntegrationTime 1.048576 ===>> OK
----------------- start -----------------
**************** Experiment Type: Ar/Ar, Ar/Ar
create new session 4419662384
close session 4419662384
$$$$$ Clearing conditionals
adding conditionals 
Add queue conditionals
add default conditionals
adding default conditionals from /Users/jan/PychronDev/setupfiles/spectrometer/default_conditionals.yaml
Start automated run 65264-12M
loading script "jan_unknown60_30.py"
loading script "jan_pump_ms.py"
loading script "jan_co2.py"
loading script "jan_pump_extraction_line.py"
%%%%%%%%%%%%%%%%%% setting automated run 65264-12M
No value "sensitivity_multiplier" in metadata
$$$$$$$$$$$$$$$ auto_save_detector_ic=False
============================= Pre Extraction Check =============================
loading queue conditionals pre_run_terminations
loading system conditionals pre_run_terminations
loading conditionals from /Users/jan/PychronDev/setupfiles/spectrometer/default_conditionals.yaml
21:37:41 -- ******* Pre Extraction Check *******
Get a measurement from the spectrometer
Pre Extraction Termination data. keys=H2,H1,AX,L1,L2,CDD, signals=-0.25556,-0.06908,-0.01300,-0.04746,0.08485,0.00194
21:37:41 -- testing system defined conditionals
Checking default pre extraction terminations n=2
testing CDD
evaluate ot="CDD.inactive" t="CDD", ctx="{'CDD': False}"
GetDeflection CDD ===>> 50
testing CDD==2000
evaluate ot="CDD.deflection==2000" t="CDD==2000", ctx="{'CDD': 50.0}"
21:37:41 -- ******* Pre Extraction Check Passed *******
=================================================================================
21:37:41 -- stopping status monitor
stop 5004218288
Status monitor stopped
Status monitor finished
21:37:42 -- starting status monitor
start 5004218288
StatusMonitor period=1. Frequencies(state=2, checksum=3, lock=5, owner=5)
start extraction
do extraction
Analysis started at 21:37:44.330608
Extraction Started jan_co2.py
21:37:44 -- ******* Extraction Started jan_co2.py *******
state changed from not run to extraction
DO EXTRACTION <pychron.extraction_line.pyscript_runner.RemotePyScriptRunner object at 0x12cdfb9b0>
testing...
no interpolation path defined
calculate duration
testing...
no interpolation path defined
executed snippet estimated_duration=0, duration=4.79221343994e-05
calculate duration
testing...
no interpolation path defined
executed snippet estimated_duration=0, duration=9.3936920166e-05
executed snippet estimated_duration=100.0, duration=0.0031111240387
Jan CO2 laser analysis
doing GOSUB
testing...
no interpolation path defined
executed snippet estimated_duration=0, duration=4.41074371338e-05
Waiting for CO2 access
wait ('FelixCO2Flag', 0) {}
waiting for FelixCO2Flag = 0
Read FelixCO2Flag ===>> 0
finished waiting
CO2 free
wait ('CO2PumpTimeFlag', 0) {}
waiting for CO2PumpTimeFlag = 0
Read CO2PumpTimeFlag ===>> 0
finished waiting
acquire ('JanCO2Flag',) {'clear': True}
acquire JanCO2Flag
Set JanCO2Flag 1 ===>> OK
JanCO2Flag acquired
set extraction state False (0.75, 'red', 1.5)
CO2 acquired
executed snippet estimated_duration=0, duration=0.0162129402161
WaitForCO2Access.py completed successfully
gosub finished
doing GOSUB
testing...
no interpolation path defined
executed snippet estimated_duration=0, duration=9.89437103271e-05
Prepare for CO2 analysis
close () {'description': 'Jan Inlet'}
close name=--- desc=Jan Inlet
checking ownership. requestor=129.138.12.150
check software interlocks R
interlocks []
actuate state mode=None-script, software_lock=False
doing actuation None-script close_channel False
Close R ===>> OK
GetIndicatorState R ===>> False
change switch state (True, True)
update switch state R False args=() kw={} ncanvase=2
21:37:44 -- CLOSE  VALVE-R (Jan Inlet)
-------------------------- close None (Jan Inlet) result=[(True, True)]
action=close, ok=True, locked=[False]
open () {'description': 'Jan Ion Pump'}
open name=--- desc=Jan Ion Pump
checking ownership. requestor=129.138.12.150
check software interlocks O
interlocks []
actuate state mode=None-script, software_lock=False
doing actuation None-script open_channel False
Open O ===>> OK
GetIndicatorState O ===>> OK
change switch state (True, True)
update switch state O True args=() kw={} ncanvase=2
21:37:45 -- OPEN   VALVE-O (Jan Ion Pump)
-------------------------- open None (Jan Ion Pump) result=[(True, True)]
action=open, ok=True, locked=[False]
close () {'description': 'Microbone to Minibone'}
close name=--- desc=Microbone to Minibone
checking ownership. requestor=129.138.12.150
check software interlocks L
interlocks []
actuate state mode=None-script, software_lock=False
doing actuation None-script close_channel False
Close L ===>> OK
GetIndicatorState L ===>> False
change switch state (True, True)
update switch state L False args=() kw={} ncanvase=2
21:37:45 -- CLOSE  VALVE-L (Microbone to Minibone)
-------------------------- close None (Microbone to Minibone) result=[(True, True)]
action=close, ok=True, locked=[False]
open () {'description': 'Microbone to Turbo'}
open name=--- desc=Microbone to Turbo
checking ownership. requestor=129.138.12.150
check software interlocks U
interlocks []
actuate state mode=None-script, software_lock=False
doing actuation None-script open_channel False
Open U ===>> OK
GetIndicatorState U ===>> OK
change switch state (True, True)
update switch state U True args=() kw={} ncanvase=2
21:37:46 -- OPEN   VALVE-U (Microbone to Turbo)
-------------------------- open None (Microbone to Turbo) result=[(True, True)]
action=open, ok=True, locked=[False]
open () {'description': 'Microbone to Inlet Pipette'}
open name=--- desc=Microbone to Inlet Pipette
checking ownership. requestor=129.138.12.150
check software interlocks S
interlocks []
actuate state mode=None-script, software_lock=False
doing actuation None-script open_channel False
Open S ===>> OK
GetIndicatorState S ===>> OK
change switch state (True, True)
update switch state S True args=() kw={} ncanvase=2
21:37:46 -- OPEN   VALVE-S (Microbone to Inlet Pipette)
-------------------------- open None (Microbone to Inlet Pipette) result=[(True, True)]
action=open, ok=True, locked=[False]
open () {'description': 'Microbone to Getter D-50'}
open name=--- desc=Microbone to Getter D-50
checking ownership. requestor=129.138.12.150
check software interlocks K
interlocks []
actuate state mode=None-script, software_lock=False
doing actuation None-script open_channel False
Open K ===>> OK
GetIndicatorState K ===>> OK
change switch state (True, True)
update switch state K True args=() kw={} ncanvase=2
21:37:47 -- OPEN   VALVE-K (Microbone to Getter D-50)
-------------------------- open None (Microbone to Getter D-50) result=[(True, True)]
action=open, ok=True, locked=[False]
open () {'description': 'Microbone to Getter NP-10'}
open name=--- desc=Microbone to Getter NP-10
checking ownership. requestor=129.138.12.150
check software interlocks M
interlocks []
actuate state mode=None-script, software_lock=False
doing actuation None-script open_channel False
Open M ===>> OK
GetIndicatorState M ===>> OK
change switch state (True, True)
update switch state M True args=() kw={} ncanvase=2
21:37:47 -- OPEN   VALVE-M (Microbone to Getter NP-10)
-------------------------- open None (Microbone to Getter NP-10) result=[(True, True)]
action=open, ok=True, locked=[False]
close () {'description': 'CO2 Laser to Felix'}
close name=--- desc=CO2 Laser to Felix
checking ownership. requestor=129.138.12.150
check software interlocks F
interlocks []
actuate state mode=None-script, software_lock=True
VALVE-F(CO2 Laser to Felix) software locked
change switch state (True, False)
-------------------------- close None (CO2 Laser to Felix) result=[(True, False)]
action=close, ok=True, locked=[True]
open () {'description': 'CO2 Laser to Jan'}
open name=--- desc=CO2 Laser to Jan
checking ownership. requestor=129.138.12.150
check software interlocks A
interlocks []
actuate state mode=None-script, software_lock=False
doing actuation None-script open_channel False
Open A ===>> OK
GetIndicatorState A ===>> OK
change switch state (True, True)
update switch state A True args=() kw={} ncanvase=2
21:37:48 -- OPEN   VALVE-A (CO2 Laser to Jan)
-------------------------- open None (CO2 Laser to Jan) result=[(True, True)]
action=open, ok=True, locked=[False]
open () {'description': 'Microbone to CO2 Laser'}
open name=--- desc=Microbone to CO2 Laser
checking ownership. requestor=129.138.12.150
check software interlocks T
interlocks []
actuate state mode=None-script, software_lock=False
doing actuation None-script open_channel False
Open T ===>> OK
GetIndicatorState T ===>> OK
change switch state (True, True)
update switch state T True args=() kw={} ncanvase=2
21:37:48 -- OPEN   VALVE-T (Microbone to CO2 Laser)
-------------------------- open None (Microbone to CO2 Laser) result=[(True, True)]
action=open, ok=True, locked=[False]
executed snippet estimated_duration=0, duration=4.839594841
PrepareForCO2Analysis.py completed successfully
gosub finished
set_motor ('beam', '1.2') {}
setting motor "beam" to 1.2
set motor beam to 1.2
SetMotor beam,1.2 ===>> OK
GetMotorMoving beam ===>> False
GetMotorMoving beam ===>> False
Block completed
move_to_position ('159',) {'autocenter': True}
FusionsCO2 move to position 159
sending GoToHole 159,True
GoToHole 159,True ===>> OK
GetDriveMoving ===>> False
GetDriveMoving ===>> False
Block completed
GetAutoCorrecting ===>> False
GetAutoCorrecting ===>> False
Block completed
update position
GetPosition ===>> -3.98780,-5.98170,1.00000
got position (-3.9878, -5.9817, 1.0)
move to position succeeded
sleep (5,) {}
SLEEP 5.0
block started
WaitControl setup for 5.0  
Join finished
block finished. duration 5.01531600952
close () {'description': 'Microbone to Turbo'}
close name=--- desc=Microbone to Turbo
checking ownership. requestor=129.138.12.150
check software interlocks U
interlocks []
actuate state mode=None-script, software_lock=False
doing actuation None-script close_channel True
Close U ===>> OK
GetIndicatorState U ===>> False
change switch state (True, True)
update switch state U False args=() kw={} ncanvase=2
21:37:57 -- CLOSE  VALVE-U (Microbone to Turbo)
-------------------------- close None (Microbone to Turbo) result=[(True, True)]
action=close, ok=True, locked=[False]
enable laser
enable () {}
set extraction state FusionsCO2 Enabled (False, 'red', 1.5)
enabling laser
Enable ===>> OK
begin interval
BEGIN INTERVAL Interval 1 waiting for 30.0
block started
set extract to 1.05
WaitControl setup for 30.0  
extract (1.05,) {}
GetPosition ===>> -3.98780,-5.98170,1.00000
set extraction state FusionsCO2 ON! 1.05(watts) (0.75, 'red', 1.5)
extract sample to 1.05 (watts)
set laser output
SetLaserOutput 1.05,watts ===>> OK
COMPLETE INTERVAL waiting for Interval 1 to complete
Join finished
block finished. duration 30.0299119949
Interval 1 finished
end_extract () {}
ending extraction. set laser power to 0
set laser power 0
SetLaserPower 0 ===>> OK
disable () {}
%%%%%%%%%%%%%%%%%%%%%%%%%%%%%%%%%%% disable
set extraction state False (0.75, 'red', 1.5)
disabling laser
Disable ===>> OK
sleep (30.0,) {}
SLEEP 30.0
block started
WaitControl setup for 30.0  
Join finished
block finished. duration 30.0569589138
executed snippet estimated_duration=195.0, duration=74.009483099
jan_co2.py completed successfully
GetAchievedOutput ===>> No Response
Requested Output= 0.000
Achieved Output=  0.000
GetResponseBlob ===>> No Response
GetOutputBlob ===>> No Response
persistence save...
persistence save - db
AutomatedRunPersister post_extraction_save deprecated
persistence save - dvc
no extraction position for 159
Extraction Finished
21:38:58 -- ******* Extraction Finished *******
no overlap. not waiting for min ms pumptime
21:38:58 -- Sending spectrometer configuration
======== Sending configuration ========
SetDeflection CDD,50.0 ===>> OK
SetDeflection H2,0.0 ===>> OK
SetDeflection H1,0.0 ===>> OK
SetDeflection L2,825.0 ===>> OK
SetDeflection L1,400.0 ===>> OK
SetDeflection AX,190.0 ===>> OK
SetZFocus 74.64 ===>> OK
SetZSymmetry -50.72 ===>> OK
SetExtractionLens 26.13 ===>> OK
SetIonRepeller -3.81 ===>> OK
SetElectronEnergy 75.08 ===>> OK
SetYSymmetry -2.81 ===>> OK
SetIonCounterVoltage 1590.0 ===>> OK
send trap current 200.0
GetParameter Trap Current Readback ===>> 197.923274125618
SetParameter Trap Current Set,200.0 ===>> OK
updating mftable name mftable
Using mftable located at /Users/jan/PychronDev/setupfiles/spectrometer/mftables/mftable.csv
============ MFtable ===========
Isotope  H2     H1     AX     L1     L2     CDD    
Ar40     5.8265 5.8798 5.9937 6.1664 6.2320 6.3947
Ar39     5.7258 5.7720 5.8861 6.0525 6.1171 6.2812
Ar36     5.4033 5.4410 5.5495 5.7114 5.7721 5.9323
================================
get initial guess parabolic
get initial guess parabolic
get initial guess parabolic
get initial guess parabolic
get initial guess parabolic
get initial guess parabolic
======== Configuration Finished ========
GetYSymmetry ===>> -2.81
GetZSymmetry ===>> -50.72
GetParameter Trap Current Readback ===>> 197.475737044497
GetHighVoltage ===>> 4500
start measurement
do measurement
L#=65264 analysis type=unknown
Measurement Started jan_unknown60_30.py
21:38:58 -- ******* Measurement Started jan_unknown60_30.py *******
state changed from extraction to measurement
setting spec, defl, and gains
GetExtractionLens ===>> 26.13
GetYSymmetry ===>> -2.81
GetZSymmetry ===>> -50.72
GetZFocus ===>> 74.64
GetDeflection H2 ===>> 0
GetDeflection H1 ===>> 0
GetDeflection AX ===>> 190
GetDeflection L1 ===>> 400
GetDeflection L2 ===>> 825
GetDeflection CDD ===>> 50
GetGain H2 ===>> 0.0113
GetGain H1 ===>> 0.99
GetGain AX ===>> 0.097049
GetGain L1 ===>> 0.010355
GetGain L2 ===>> 0.095649
GetGain CDD ===>> 0
pre measurement save
New frame /Users/jan/PychronDev/data/isotopes/7c/f39f1d-afa2-4e7a-b79f-415d7ff85080.h5
flush and close file /Users/jan/PychronDev/data/isotopes/7c/f39f1d-afa2-4e7a-b79f-415d7ff85080.h5
testing...
no interpolation path defined
executed snippet estimated_duration=134.932928, duration=0.000243902206421
unknown measurement script
activate_detectors ('H2', 'H1', 'AX', 'L1', 'L2', 'CDD') {}
activate detectors
*************** Set Analysis View Ar/Ar
create graphs
clearing graphs
clear isotope group
setting isotope det=H2, iso=PM41
setting isotope det=H1, iso=Ar40
setting isotope det=AX, iso=Ar39
setting isotope det=L1, iso=Ar38
setting isotope det=L2, iso=Ar37
setting isotope det=CDD, iso=Ar36
setting previous blanks
 - setting Ar40 blank 0.328+/-0.021
 - setting Ar36 blank 0.00399+/-0.00016
 - setting Ar37 blank 0.054+/-0.005
 - setting Ar38 blank 0.0094+/-0.0022
 - setting PM41 blank 0.03+/-0.07
 - setting Ar39 blank 0.011+/-0.009
load analysis view
position_magnet ('Ar40',) {'detector': 'H1'}
detector Detector(H1)
POSITION Ar40 H1
setting detector H2 to PM41 (40.9624)
setting detector H1 to Ar40 (39.9624)
setting detector AX to Ar39 (38.9624)
setting detector L1 to Ar38 (37.9624)
setting detector L2 to Ar37 (36.9624)
setting detector CDD to Ar36 (35.9624)
Mapping mass to dac mass func: "parabolic"
H1 map mass coeffs = [-0.00063987  0.15840543  0.57137999]
H1 map mass to dac 39.9624 >> 5.87977
GetDeflection H1 ===>> 0
GetHighVoltage ===>> 4500
positioning Ar40 (5.87977) on H1
setting magnet DAC
current  : 5.879770
requested: 5.879770
Delta Dac: 0.000000
Checking detector protection. dv=0.00000
Checking detector "CDD". Protection Threshold: 0.8 (V)
SetMagnetDAC 5.87977 ===>> OK
set_dac. change=False
equilibrate () {'delay': 3, 'inlet': 'R', 'outlet': 'O', 'eqtime': 12.0}
Equilibration Started
21:38:59 -- ******* Equilibration Started *******
checking ownership. requestor=129.138.12.150
check software interlocks O
interlocks []
actuate state mode=None-script, software_lock=False
doing actuation None-script close_channel True
Close O ===>> OK
update labels <pychron.experiment.plot_panel.PlotPanel object at 0x1473ff470>
update labels "<pychron.graph.stacked_regression_graph.StackedRegressionGraph object at 0x1489ef170>"
setting label 0 H2 PM41
setting label 1 H1 Ar40
setting label 2 AX Ar39
setting label 3 L1 Ar38
setting label 4 L2 Ar37
setting label 5 CDD Ar36
update labels "<pychron.graph.stacked_graph.StackedGraph object at 0x139867170>"
setting label 0 H2 PM41
setting label 1 H1 Ar40
setting label 2 AX Ar39
setting label 3 L1 Ar38
setting label 4 L2 Ar37
setting label 5 CDD Ar36
GetIndicatorState O ===>> False
change switch state (True, True)
update switch state O False args=() kw={} ncanvase=2
21:38:59 -- CLOSE  VALVE-O (Jan Ion Pump)
waiting 3s before opening inlet value ('R',)
checking ownership. requestor=129.138.12.150
check software interlocks R
interlocks []
actuate state mode=None-script, software_lock=False
doing actuation None-script open_channel True
Open R ===>> OK
GetIndicatorState R ===>> OK
change switch state (True, True)
update switch state R True args=() kw={} ncanvase=2
21:39:03 -- OPEN   VALVE-R (Jan Inlet)
equilibrating for 12.0sec
set_time_zero () {}
sniff (12.0,) {}
py_sniff
build tables- sniff [Detector(H2), Detector(H1), Detector(AX), Detector(L1), Detector(L2), Detector(CDD)]
add group /sniff/PM41 (Group) '' table H2
add group /sniff/Ar40 (Group) '' table H1
add group /sniff/Ar39 (Group) '' table AX
add group /sniff/Ar38 (Group) '' table L1
add group /sniff/Ar37 (Group) '' table L2
add group /sniff/Ar36 (Group) '' table CDD
flush and close file /Users/jan/PychronDev/data/isotopes/7c/f39f1d-afa2-4e7a-b79f-415d7ff85080.h5
measuring sniff. ncounts=12.0
"sniff" increment series count="1" fit count="0" regressing="False"
starting measurement
Equilibration Finished
21:39:15 -- ******* Equilibration Finished *******
checking ownership. requestor=129.138.12.150
check software interlocks R
interlocks []
actuate state mode=None-script, software_lock=False
doing actuation None-script close_channel True
Close R ===>> OK
GetIndicatorState R ===>> False
change switch state (True, True)
update switch state R False args=() kw={} ncanvase=2
21:39:15 -- CLOSE  VALVE-R (Jan Inlet)
Post Equilibration Started jan_pump_extraction_line.py
21:39:15 -- ******* Post Equilibration Started jan_pump_extraction_line.py *******
testing...
no interpolation path defined
calculate duration
testing...
no interpolation path defined
executed snippet estimated_duration=4.0, duration=0.000193119049072
executed snippet estimated_duration=4.0, duration=0.0223650932312
Pump after analysis
doing GOSUB
testing...
no interpolation path defined
executed snippet estimated_duration=4.0, duration=0.0001220703125
Pump Microbone
close () {'description': 'Jan Inlet'}
close name=--- desc=Jan Inlet
checking ownership. requestor=129.138.12.150
check software interlocks R
interlocks []
actuate state mode=None-script, software_lock=False
doing actuation None-script close_channel False
Close R ===>> OK
GetIndicatorState R ===>> False
change switch state (True, True)
update switch state R False args=() kw={} ncanvase=2
21:39:16 -- CLOSE  VALVE-R (Jan Inlet)
-------------------------- close None (Jan Inlet) result=[(True, True)]
waiting for write to finish
measurement finished
estimated time: 12.583 actual time: :12.660
flush and close file /Users/jan/PychronDev/data/isotopes/7c/f39f1d-afa2-4e7a-b79f-415d7ff85080.h5
set_fits () {}
using default fits file=/Users/jan/PychronDev/scripts/measurement/fits/nominal_linear.yaml
set "Ar40" to "('Linear', 'SEM')"
No fit for "PM41". defaulting to linear. check the measurement script "jan_unknown60_30.py"
set "PM41" to "linear"
set "Ar36" to "('Linear', 'SEM')"
set "Ar37" to "('linear', 'SEM')"
set "Ar38" to "('linear', 'SEM')"
set "Ar39" to "('Linear', 'SEM')"
set_baseline_fits () {}
using default fits file=/Users/jan/PychronDev/scripts/measurement/fits/nominal_linear.yaml
set "H1" to "('average', 'SEM')"
set "H2" to "('average', 'SEM')"
set "CDD" to "('average', 'SEM')"
set "L2" to "('average', 'SEM')"
set "L1" to "('average', 'SEM')"
set "AX" to "('average', 'SEM')"
multicollect () {'integration_time': 1, 'ncounts': 60}
build tables- signal [Detector(H2), Detector(H1), Detector(AX), Detector(L1), Detector(L2), Detector(CDD)]
add group /signal/PM41 (Group) '' table H2
add group /signal/Ar40 (Group) '' table H1
add group /signal/Ar39 (Group) '' table AX
add group /signal/Ar38 (Group) '' table L1
add group /signal/Ar37 (Group) '' table L2
add group /signal/Ar36 (Group) '' table CDD
flush and close file /Users/jan/PychronDev/data/isotopes/7c/f39f1d-afa2-4e7a-b79f-415d7ff85080.h5
measuring signal. ncounts=60
action=close, ok=True, locked=[False]
is_closed ('F',) {}
is F () closed?
is closed True
open () {'description': 'CO2 Laser to Jan'}
open name=--- desc=CO2 Laser to Jan
checking ownership. requestor=129.138.12.150
check software interlocks A
interlocks []
actuate state mode=None-script, software_lock=False
doing actuation None-script open_channel False
"signal" increment series count="2" fit count="1" regressing="True"
Open A ===>> OK
GetIndicatorState A ===>> OK
change switch state (True, True)
update switch state A True args=() kw={} ncanvase=2
21:39:16 -- OPEN   VALVE-A (CO2 Laser to Jan)
-------------------------- open None (CO2 Laser to Jan) result=[(True, True)]
action=open, ok=True, locked=[False]
sleep (1,) {}
SLEEP 1.0
starting measurement
close () {'description': 'CO2 Laser to Roughing'}
close name=--- desc=CO2 Laser to Roughing
checking ownership. requestor=129.138.12.150
check software interlocks G
interlocks []
actuate state mode=None-script, software_lock=True
VALVE-G(CO2 Laser to Roughing) software locked
change switch state (True, False)
-------------------------- close None (CO2 Laser to Roughing) result=[(True, False)]
action=close, ok=True, locked=[True]
open () {'description': 'Microbone to Turbo'}
open name=--- desc=Microbone to Turbo
checking ownership. requestor=129.138.12.150
check software interlocks U
interlocks []
actuate state mode=None-script, software_lock=False
doing actuation None-script open_channel True
Open U ===>> OK
GetIndicatorState U ===>> OK
change switch state (True, True)
update switch state U True args=() kw={} ncanvase=2
21:39:18 -- OPEN   VALVE-U (Microbone to Turbo)
-------------------------- open None (Microbone to Turbo) result=[(True, True)]
action=open, ok=True, locked=[False]
open () {'description': 'Microbone to Getter NP-10'}
open name=--- desc=Microbone to Getter NP-10
checking ownership. requestor=129.138.12.150
check software interlocks M
interlocks []
actuate state mode=None-script, software_lock=False
doing actuation None-script open_channel False
Open M ===>> OK
GetIndicatorState M ===>> OK
change switch state (True, True)
update switch state M True args=() kw={} ncanvase=2
21:39:18 -- OPEN   VALVE-M (Microbone to Getter NP-10)
-------------------------- open None (Microbone to Getter NP-10) result=[(True, True)]
action=open, ok=True, locked=[False]
open () {'description': 'Microbone to Getter D-50'}
open name=--- desc=Microbone to Getter D-50
checking ownership. requestor=129.138.12.150
check software interlocks K
interlocks []
actuate state mode=None-script, software_lock=False
doing actuation None-script open_channel False
Open K ===>> OK
GetIndicatorState K ===>> OK
change switch state (True, True)
update switch state K True args=() kw={} ncanvase=2
21:39:19 -- OPEN   VALVE-K (Microbone to Getter D-50)
-------------------------- open None (Microbone to Getter D-50) result=[(True, True)]
action=open, ok=True, locked=[False]
open () {'description': 'Microbone to CO2 Laser'}
open name=--- desc=Microbone to CO2 Laser
checking ownership. requestor=129.138.12.150
check software interlocks T
interlocks []
actuate state mode=None-script, software_lock=False
doing actuation None-script open_channel False
Open T ===>> OK
GetIndicatorState T ===>> OK
change switch state (True, True)
update switch state T True args=() kw={} ncanvase=2
21:39:19 -- OPEN   VALVE-T (Microbone to CO2 Laser)
-------------------------- open None (Microbone to CO2 Laser) result=[(True, True)]
action=open, ok=True, locked=[False]
open () {'description': 'Microbone to Inlet Pipette'}
open name=--- desc=Microbone to Inlet Pipette
checking ownership. requestor=129.138.12.150
check software interlocks S
interlocks []
actuate state mode=None-script, software_lock=False
doing actuation None-script open_channel False
Open S ===>> OK
GetIndicatorState S ===>> OK
change switch state (True, True)
update switch state S True args=() kw={} ncanvase=2
21:39:20 -- OPEN   VALVE-S (Microbone to Inlet Pipette)
-------------------------- open None (Microbone to Inlet Pipette) result=[(True, True)]
action=open, ok=True, locked=[False]
sleep (1,) {}
SLEEP 1.0
testing H1<-5.0
evaluate ot="H1.bs<-5.0" t="H1<-5.0", ctx="{'H1': -0.11076211226496159}"
set_resource () {'name': 'CO2PumpTimeFlag', 'value': 30}
Set CO2PumpTimeFlag 30 ===>> OK
release ('JanCO2Flag',) {}
release JanCO2Flag
Set JanCO2Flag 0 ===>> OK
executed snippet estimated_duration=6.0, duration=5.88639092445
PumpMicrobone.py completed successfully
gosub finished
get_resource_value () {'name': 'JanMiniboneFlag'}
Read JanMiniboneFlag ===>> 0
Get Resource Value JanMiniboneFlag=0.0
get resource value 0.0
get_resource_value () {'name': 'JanMiniboneFlag'}
Read JanMiniboneFlag ===>> 0
Get Resource Value JanMiniboneFlag=0.0
executed snippet estimated_duration=4.0, duration=5.90076899529
jan_pump_extraction_line.py completed successfully
Post Equilibration Finished
21:39:21 -- ******* Post Equilibration Finished *******
testing H1<-5.0
evaluate ot="H1.bs<-5.0" t="H1<-5.0", ctx="{'H1': -0.11076211226496159}"
testing H1<-5.0
evaluate ot="H1.bs<-5.0" t="H1<-5.0", ctx="{'H1': -0.11076211226496159}"
testing H1<-5.0
evaluate ot="H1.bs<-5.0" t="H1<-5.0", ctx="{'H1': -0.11076211226496159}"
testing H1<-5.0
evaluate ot="H1.bs<-5.0" t="H1<-5.0", ctx="{'H1': -0.11076211226496159}"
21:39:42 -- collecting point 25
testing H1<-5.0
evaluate ot="H1.bs<-5.0" t="H1<-5.0", ctx="{'H1': -0.11076211226496159}"
testing H1<-5.0
evaluate ot="H1.bs<-5.0" t="H1<-5.0", ctx="{'H1': -0.11076211226496159}"
testing H1<-5.0
evaluate ot="H1.bs<-5.0" t="H1<-5.0", ctx="{'H1': -0.11076211226496159}"
testing H1<-5.0
evaluate ot="H1.bs<-5.0" t="H1<-5.0", ctx="{'H1': -0.11076211226496159}"
testing H1<-5.0
evaluate ot="H1.bs<-5.0" t="H1<-5.0", ctx="{'H1': -0.11076211226496159}"
21:40:08 -- collecting point 50
testing H1<-5.0
evaluate ot="H1.bs<-5.0" t="H1<-5.0", ctx="{'H1': -0.11076211226496159}"
testing H1<-5.0
evaluate ot="H1.bs<-5.0" t="H1<-5.0", ctx="{'H1': -0.11076211226496159}"
waiting for write to finish
measurement finished
estimated time: 62.915 actual time: :63.109
flush and close file /Users/jan/PychronDev/data/isotopes/7c/f39f1d-afa2-4e7a-b79f-415d7ff85080.h5
baselines () {'settling_time': 15.0, 'detector': 'H1', 'mass': 34.2, 'ncounts': 30}
%%%%%%%%%%%%%%%%%%%%%%%%%%%%%%%% Baseline
build tables- baseline [Detector(H2), Detector(H1), Detector(AX), Detector(L1), Detector(L2), Detector(CDD)]
add group baseline table H2
add group baseline table H1
add group baseline table AX
add group baseline table L1
add group baseline table L2
add group baseline table CDD
flush and close file /Users/jan/PychronDev/data/isotopes/7c/f39f1d-afa2-4e7a-b79f-415d7ff85080.h5
detector Detector(H1)
POSITION 34.2 H1
Mapping mass to dac mass func: "parabolic"
H1 map mass coeffs = [-0.00063987  0.15840543  0.57137999]
H1 map mass to dac 34.2 >> 5.24042599104
GetDeflection H1 ===>> 0
GetHighVoltage ===>> 4500
positioning 34.2 (5.24042599104) on H1
setting magnet DAC
current  : 5.879770
requested: 5.240426
Delta Dac: 0.639344
Checking detector protection. dv=0.63934
Checking detector "CDD". Protection Threshold: 0.8 (V)
SetMagnetDAC 5.24042599104 ===>> OK
Magnet settling time: 0.500
Magnet settling started
Magnet settling complete
set_dac. change=True
Delaying 15.0s for detectors to settle
Join finished
measuring baseline. ncounts=30
"baseline" increment series count="2" fit count="1" regressing="True"
starting measurement
testing H1<-5.0
evaluate ot="H1.bs<-5.0" t="H1<-5.0", ctx="{'H1': -0.27075083805046124}"
testing H1<-5.0
evaluate ot="H1.bs<-5.0" t="H1<-5.0", ctx="{'H1': -0.18616564032686633}"
testing H1<-5.0
evaluate ot="H1.bs<-5.0" t="H1<-5.0", ctx="{'H1': -0.14464273659585397}"
testing H1<-5.0
evaluate ot="H1.bs<-5.0" t="H1<-5.0", ctx="{'H1': -0.14112934761139637}"
testing H1<-5.0
evaluate ot="H1.bs<-5.0" t="H1<-5.0", ctx="{'H1': -0.13755826104155583}"
21:41:01 -- collecting point 25
testing H1<-5.0
evaluate ot="H1.bs<-5.0" t="H1<-5.0", ctx="{'H1': -0.13921450882451988}"
waiting for write to finish
measurement finished
estimated time: 31.457 actual time: :31.556
flush and close file /Users/jan/PychronDev/data/isotopes/7c/f39f1d-afa2-4e7a-b79f-415d7ff85080.h5
activate_detectors ('H1', 'AX', 'CDD') {'peak_center': True}
peak_center () {'detector': 'H1', 'integration_time': 0.262144, 'isotope': 'Ar40'}
peak center: mean=1.42899452788 threshold=3
Skipping peak center. intensities to small. 1.42899452788<3
finished measure script
executed snippet estimated_duration=134.932928, duration=129.206836939
jan_unknown60_30.py completed successfully
Measurement Finished
21:41:07 -- ******* Measurement Finished *******
Post Measurement Started jan_pump_ms.py
21:41:07 -- ******* Post Measurement Started jan_pump_ms.py *******
testing...
no interpolation path defined
executed snippet estimated_duration=0, duration=2.59876251221e-05
Pumping spectrometer
open () {'name': 'O'}
open name=O desc=---
checking ownership. requestor=129.138.12.150
check software interlocks O
interlocks []
actuate state mode=None-script, software_lock=False
doing actuation None-script open_channel True
Open O ===>> OK
GetIndicatorState O ===>> OK
change switch state (True, True)
update switch state O True args=() kw={} ncanvase=2
21:41:08 -- OPEN   VALVE-O (Jan Ion Pump)
-------------------------- open O () result=[(True, True)]
action=open, ok=True, locked=[False]
executed snippet estimated_duration=0, duration=0.364660978317
jan_pump_ms.py completed successfully
setting _ms_pumptime
Post Measurement Finished
21:41:08 -- ******* Post Measurement Finished *******
$$$$$$$$$$$$$$$$$$$$ state at run end measurement
state changed from measurement to success
post measurement save measured=True aborted=False
Set filtering
setting fod for Ar40= {'filter_outliers': True, 'std_devs': 2, 'iterations': 1}
setting fod for H1= {'filter_outliers': True, 'std_devs': 2, 'iterations': 1}
setting fod for PM41= {'filter_outliers': False, 'std_devs': 2, 'iterations': 1}
setting fod for H2= {'filter_outliers': True, 'std_devs': 2, 'iterations': 1}
setting fod for Ar36= {'filter_outliers': True, 'std_devs': 2, 'iterations': 1}
setting fod for CDD= {'filter_outliers': True, 'std_devs': 10, 'iterations': 1}
setting fod for Ar37= {'filter_outliers': True, 'std_devs': 2, 'iterations': 1}
setting fod for L2= {'filter_outliers': True, 'std_devs': 2, 'iterations': 1}
setting fod for Ar38= {'filter_outliers': True, 'std_devs': 2, 'iterations': 1}
setting fod for L1= {'filter_outliers': True, 'std_devs': 2, 'iterations': 1}
setting fod for Ar39= {'filter_outliers': True, 'std_devs': 2, 'iterations': 1}
setting fod for AX= {'filter_outliers': True, 'std_devs': 2, 'iterations': 1}
persistence save...
persistence save - db
post measurement save
5561279792 connecting to database sqlite:////Users/jan/PychronDev/.appdata/local_lab.db
connected to db sqlite:////Users/jan/PychronDev/.appdata/local_lab.db
create new session 5561279792
close session 5561279792
No database instance. Not saving post measurement to isotopedb database
$$$$$$$$$$$$$$$ auto_save_detector_ic=False
massspec enabled True
create new session 5039662672
MassSpec Database Version: 16.0
close session 5039662672
saving post measurement to secondary database
saving to massspec database 129.138.12.160/massspecdata
setting labnumber to 65264
setting aliquot to 12
setting step to M
setting uuid to 7cf39f1d-afa2-4e7a-b79f-415d7ff85080
setting irradpos to 65264
setting extract_device to Fusions CO2
setting tray to 
setting position to 159
setting power_requested to 1.05
setting extract_value to 1.05
setting duration to 30.0
setting duration_at_request to 30.0
setting first_stage_delay to 30.0
setting cleanup to 30.0
setting comment to F:5 0.5-0.15 mg
setting irradiation to NM-285
setting level to F
setting irradiation_level to F
setting sample to REE-1007
setting material to Kspar
setting project to REEFenite
setting mass_spectrometer to Jan
no attribute chron_dosages
no attribute production_ratios
no attribute interference_corrections
no attribute production_name
no attribute j
Reference Isotope=Ar40
Reference Detector=H1
%%%%%%%%%%%%%%%%%%%% Comment: F:5 0.5-0.15 mg %%%%%%%%%%%%%%%%%%%
adding isotope PM41 H2
add baseline dbdet= PM41. original det= H2
get baseline data PM41 H2
Get data baseline <pychron.processing.isotope.Baseline object at 0x147c52a50> len t=30
baseline PM41. v=-0.164329771027, e=0.0138368585469
get signal data PM41 H2
Get data signal PM41 -0.02+/-0.08 len t=60
adding isotope Ar40 H1
add baseline dbdet= Ar40. original det= H1
get baseline data Ar40 H1
Get data baseline <pychron.processing.isotope.Baseline object at 0x142d6b690> len t=30
baseline Ar40. v=-0.127100535138, e=0.0235802523853
get signal data Ar40 H1
Get data signal Ar40 0.89+/-0.04 len t=60
adding isotope Ar39 AX
add baseline dbdet= Ar39. original det= AX
get baseline data Ar39 AX
Get data baseline <pychron.processing.isotope.Baseline object at 0x142d6b790> len t=30
baseline Ar39. v=-0.055434258711, e=0.00780971184936
get signal data Ar39 AX
Get data signal Ar39 0.005+/-0.017 len t=60
adding isotope Ar38 L1
add baseline dbdet= Ar38. original det= L1
get baseline data Ar38 L1
Get data baseline <pychron.processing.isotope.Baseline object at 0x142d6bfd0> len t=30
baseline Ar38. v=-0.0271225277214, e=0.0050077472605
get signal data Ar38 L1
Get data signal Ar38 -0.001+/-0.009 len t=60
adding isotope Ar37 L2
add baseline dbdet= Ar37. original det= L2
get baseline data Ar37 L2
Get data baseline <pychron.processing.isotope.Baseline object at 0x142d6b490> len t=30
baseline Ar37. v=-0.0237295376259, e=0.0116702468034
get signal data Ar37 L2
Get data signal Ar37 0.047+/-0.014 len t=60
adding isotope Ar36 CDD
add baseline dbdet= Ar36. original det= CDD
get baseline data Ar36 CDD
Get data baseline <pychron.processing.isotope.Baseline object at 0x142d6b410> len t=30
baseline Ar36. v=0.0, e=0.0
get signal data Ar36 CDD
Get data signal Ar36 0.00404+/-0.00028 len t=60
65264-12M added analysis time 0.455207109451s
analysis added to mass spec database
mass spec save time= 0.463
persistence save - dvc
================= post measurement started
create new session 5004136624
close session 5004136624
---------------- Experiment Queue saving disabled
DVC saving peakcenter
Smart pull ahead: 0 behind: 0
Up-to-date with origin
add to repo msg=modified - ad8224ebc6dbfeb9f5997218dfa5fe690569839d.json
add to repo msg=modified - 64-12M.json
add to repo msg=modified - 64-12M.dat.json
add to repo msg=modified - 64-12M.blan.json
add to repo msg=modified - 64-12M.inte.json
add to repo msg=modified - 64-12M.icfa.json
add to repo msg=modified - 64-12M.base.json
not at valid file /Users/jan/PychronDev/data/.dvc/repositories/REEFenite/652/tags/64-12M.tags.json
add to repo msg=modified - 64-12M.peak.json
add to repo msg=modified - 64-12M.extr.json
not at valid file /Users/jan/PychronDev/data/.dvc/repositories/REEFenite/652/monitor/64-12M.moni.json
commit message=<COLLECTION>
add to repo msg=modified - 64-12M.inte.json
add to repo msg=modified - 64-12M.base.json
commit message=<ISOEVO> default collection fits
add to repo msg=modified - 64-12M.blan.json
commit message=<BLANKS> preceding bu-FC-J-7927
add to repo msg=modified - 64-12M.icfa.json
commit message=<ICFactor> default
push repository <pychron.git_archive.repo_manager.GitRepoManager object at 0x12e05d170>
pushing to remote=origin, url=https://github.com
no changes to meta repo
create new session 5004136624
add association REEFenite
get identifier "65264"
setting analysis irradiation position=<pychron.dvc.dvc_orm.IrradiationPositionTbl object at 0x141d10c50>
close session 5004136624
================= post measurement finished
21:41:33 -- ******* Post Run Check *******
loading queue conditionals post_run_actions
loading system conditionals post_run_actions
loading conditionals from /Users/jan/PychronDev/setupfiles/spectrometer/default_conditionals.yaml
loading queue conditionals post_run_terminations
loading system conditionals post_run_terminations
loading conditionals from /Users/jan/PychronDev/setupfiles/spectrometer/default_conditionals.yaml
Checking default post run terminations n=1
GetDeflection CDD ===>> 50
testing CDD==2000
evaluate ot="CDD.deflection==2000" t="CDD==2000", ctx="{'CDD': 50.0}"
21:41:33 -- ******* Post Run Check Passed *******
21:41:33 -- Automated run 65264-12M success duration: 232.449 s
----------------- finish -----------------
----------------- stop -----------------
retroactive repository identifiers disabled
finish run. runs completed=14
update duration runid=65264-12M, duration=232.449158907, md5=9d73c57c
loading script "jan_unknown60_30.py"
loading script "jan_pump_ms.py"
loading script "jan_co2.py"
loading script "jan_pump_extraction_line.py"
testing...
no interpolation path defined
executed snippet estimated_duration=122.452928, duration=0.000482082366943
script duration name:unknown60_30 seconds:122.0
loading script "jan_unknown60_30.py"
loading script "jan_pump_ms.py"
loading script "jan_co2.py"
loading script "jan_pump_extraction_line.py"
testing...
no interpolation path defined
executed snippet estimated_duration=0, duration=3.09944152832e-05
loading script "jan_unknown60_30.py"
loading script "jan_pump_ms.py"
loading script "jan_co2.py"
loading script "jan_pump_extraction_line.py"
testing...
no interpolation path defined
calculate duration
testing...
no interpolation path defined
executed snippet estimated_duration=0, duration=5.19752502441e-05
calculate duration
testing...
no interpolation path defined
executed snippet estimated_duration=0, duration=9.20295715332e-05
executed snippet estimated_duration=0.0, duration=0.00240802764893
script duration name:co2 seconds:0.0
loading script "jan_unknown60_30.py"
loading script "jan_pump_ms.py"
loading script "jan_co2.py"
loading script "jan_pump_extraction_line.py"
testing...
no interpolation path defined
calculate duration
testing...
no interpolation path defined
executed snippet estimated_duration=4.0, duration=0.000154972076416
executed snippet estimated_duration=4.0, duration=0.00631022453308
Script duration 122.0
Run total estimated duration= 123.000
unknown60_30 in script context. using previous estimated duration
script duration name:unknown60_30 seconds:122.0
pump_ms in script context. using previous estimated duration
co2 in script context. using previous estimated duration
script duration name:co2 seconds:0.0
pump_extraction_line in script context. using previous estimated duration
Script duration 122.0
Run total estimated duration= 123.000
script duration name:unknown60_30 seconds:122.0
script duration name:co2 seconds:0.0
Script duration 122.0
Run total estimated duration= 123.000
loading script "jan_unknown400_120.py"
loading script "jan_pump_ms.py"
loading script "jan_sniffair_x2.py"
loading script "jan_pump_extraction_line.py"
testing...
no interpolation path defined
executed snippet estimated_duration=556.052928, duration=0.000264883041382
script duration name:unknown400_120 seconds:556.0
loading script "jan_unknown400_120.py"
loading script "jan_pump_ms.py"
loading script "jan_sniffair_x2.py"
loading script "jan_pump_extraction_line.py"
testing...
no interpolation path defined
calculate duration
testing...
no interpolation path defined
executed snippet estimated_duration=0, duration=5.00679016113e-05
calculate duration
testing...
no interpolation path defined
executed snippet estimated_duration=0, duration=0.000125169754028
calculate duration
testing...
no interpolation path defined
executed snippet estimated_duration=32.0, duration=0.000127077102661
calculate duration
testing...
no interpolation path defined
executed snippet estimated_duration=34.0, duration=0.000154972076416
calculate duration
testing...
no interpolation path defined
executed snippet estimated_duration=4.0, duration=0.00019383430481
calculate duration
testing...
no interpolation path defined
executed snippet estimated_duration=36.0, duration=9.20295715332e-05
calculate duration
testing...
no interpolation path defined
executed snippet estimated_duration=34.0, duration=0.000107049942017
calculate duration
testing...
no interpolation path defined
executed snippet estimated_duration=4.0, duration=7.39097595215e-05
calculate duration
testing...
no interpolation path defined
executed snippet estimated_duration=36.0, duration=8.70227813721e-05
calculate duration
testing...
no interpolation path defined
executed snippet estimated_duration=70.0, duration=0.00012993812561
executed snippet estimated_duration=250.0, duration=0.0244779586792
script duration name:sniffair_x2 seconds:250.0
Script duration 806.0
Run total estimated duration= 807.000
unknown400_120 in script context. using previous estimated duration
script duration name:unknown400_120 seconds:556.0
sniffair_x2 in script context. using previous estimated duration
script duration name:sniffair_x2 seconds:250.0
Script duration 806.0
Run total estimated duration= 807.000
script duration name:unknown400_120 seconds:556.0
loading script "jan_unknown400_120.py"
loading script "jan_pump_ms.py"
loading script "jan_cocktail_x1.py"
loading script "jan_pump_extraction_line.py"
testing...
no interpolation path defined
calculate duration
testing...
no interpolation path defined
executed snippet estimated_duration=0, duration=4.81605529785e-05
calculate duration
testing...
no interpolation path defined
executed snippet estimated_duration=0, duration=0.000170946121216
calculate duration
testing...
no interpolation path defined
executed snippet estimated_duration=32.0, duration=9.41753387451e-05
calculate duration
testing...
no interpolation path defined
executed snippet estimated_duration=34.0, duration=9.82284545898e-05
calculate duration
testing...
no interpolation path defined
executed snippet estimated_duration=4.0, duration=6.5803527832e-05
calculate duration
testing...
no interpolation path defined
executed snippet estimated_duration=38.0, duration=9.20295715332e-05
executed snippet estimated_duration=108.0, duration=0.0116879940033
script duration name:cocktail_x1 seconds:108.0
Script duration 664.0
Run total estimated duration= 665.000
script duration name:unknown400_120 seconds:556.0
cocktail_x1 in script context. using previous estimated duration
script duration name:cocktail_x1 seconds:108.0
Script duration 664.0
Run total estimated duration= 665.000
script duration name:unknown400_120 seconds:556.0
script duration name:co2 seconds:0.0
Script duration 556.0
Run total estimated duration= 557.000
script duration name:unknown60_30 seconds:122.0
script duration name:co2 seconds:0.0
Script duration 122.0
Run total estimated duration= 123.000
script duration name:unknown60_30 seconds:122.0
script duration name:co2 seconds:0.0
Script duration 122.0
Run total estimated duration= 123.000
script duration name:unknown60_30 seconds:122.0
script duration name:co2 seconds:0.0
Script duration 122.0
Run total estimated duration= 123.000
script duration name:unknown60_30 seconds:122.0
script duration name:co2 seconds:0.0
Script duration 122.0
Run total estimated duration= 123.000
script duration name:unknown60_30 seconds:122.0
script duration name:co2 seconds:0.0
Script duration 122.0
Run total estimated duration= 123.000
script duration name:unknown60_30 seconds:122.0
script duration name:co2 seconds:0.0
Script duration 122.0
Run total estimated duration= 123.000
script duration name:unknown60_30 seconds:122.0
script duration name:co2 seconds:0.0
Script duration 122.0
Run total estimated duration= 123.000
script duration name:unknown60_30 seconds:122.0
script duration name:co2 seconds:0.0
Script duration 122.0
Run total estimated duration= 123.000
script duration name:unknown60_30 seconds:122.0
script duration name:co2 seconds:0.0
Script duration 122.0
Run total estimated duration= 123.000
script duration name:unknown60_30 seconds:122.0
script duration name:co2 seconds:0.0
Script duration 122.0
Run total estimated duration= 123.000
script duration name:unknown60_30 seconds:122.0
script duration name:co2 seconds:0.0
Script duration 122.0
Run total estimated duration= 123.000
script duration name:unknown60_30 seconds:122.0
script duration name:co2 seconds:0.0
Script duration 122.0
Run total estimated duration= 123.000
script duration name:unknown60_30 seconds:122.0
script duration name:co2 seconds:0.0
Script duration 122.0
Run total estimated duration= 123.000
script duration name:unknown60_30 seconds:122.0
script duration name:co2 seconds:0.0
Script duration 122.0
Run total estimated duration= 123.000
script duration name:unknown60_30 seconds:122.0
script duration name:co2 seconds:0.0
Script duration 122.0
Run total estimated duration= 123.000
script duration name:unknown60_30 seconds:122.0
script duration name:co2 seconds:0.0
Script duration 122.0
Run total estimated duration= 123.000
script duration name:unknown60_30 seconds:122.0
script duration name:co2 seconds:0.0
Script duration 122.0
Run total estimated duration= 123.000
script duration name:unknown60_30 seconds:122.0
script duration name:co2 seconds:0.0
Script duration 122.0
Run total estimated duration= 123.000
script duration name:unknown60_30 seconds:122.0
script duration name:co2 seconds:0.0
Script duration 122.0
Run total estimated duration= 123.000
script duration name:unknown60_30 seconds:122.0
script duration name:co2 seconds:0.0
Script duration 122.0
Run total estimated duration= 123.000
script duration name:unknown60_30 seconds:122.0
script duration name:co2 seconds:0.0
Script duration 122.0
Run total estimated duration= 123.000
script duration name:unknown60_30 seconds:122.0
script duration name:co2 seconds:0.0
Script duration 122.0
Run total estimated duration= 123.000
script duration name:unknown60_30 seconds:122.0
script duration name:co2 seconds:0.0
Script duration 122.0
Run total estimated duration= 123.000
script duration name:unknown60_30 seconds:122.0
script duration name:co2 seconds:0.0
Script duration 122.0
Run total estimated duration= 123.000
script duration name:unknown60_30 seconds:122.0
script duration name:co2 seconds:0.0
Script duration 122.0
Run total estimated duration= 123.000
script duration name:unknown60_30 seconds:122.0
script duration name:co2 seconds:0.0
Script duration 122.0
Run total estimated duration= 123.000
script duration name:unknown60_30 seconds:122.0
script duration name:co2 seconds:0.0
Script duration 122.0
Run total estimated duration= 123.000
script duration name:unknown60_30 seconds:122.0
script duration name:co2 seconds:0.0
Script duration 122.0
Run total estimated duration= 123.000
script duration name:unknown400_120 seconds:556.0
script duration name:sniffair_x2 seconds:250.0
Script duration 806.0
Run total estimated duration= 807.000
script duration name:unknown400_120 seconds:556.0
script duration name:sniffair_x2 seconds:250.0
Script duration 806.0
Run total estimated duration= 807.000
script duration name:unknown400_120 seconds:556.0
script duration name:cocktail_x1 seconds:108.0
Script duration 664.0
Run total estimated duration= 665.000
script duration name:unknown400_120 seconds:556.0
script duration name:cocktail_x1 seconds:108.0
Script duration 664.0
Run total estimated duration= 665.000
script duration name:unknown400_120 seconds:556.0
script duration name:co2 seconds:0.0
Script duration 556.0
Run total estimated duration= 557.000
script duration name:unknown60_30 seconds:122.0
script duration name:co2 seconds:0.0
Script duration 122.0
Run total estimated duration= 123.000
script duration name:unknown60_30 seconds:122.0
script duration name:co2 seconds:0.0
Script duration 122.0
Run total estimated duration= 123.000
script duration name:unknown60_30 seconds:122.0
script duration name:co2 seconds:0.0
Script duration 122.0
Run total estimated duration= 123.000
script duration name:unknown60_30 seconds:122.0
script duration name:co2 seconds:0.0
Script duration 122.0
Run total estimated duration= 123.000
script duration name:unknown60_30 seconds:122.0
script duration name:co2 seconds:0.0
Script duration 122.0
Run total estimated duration= 123.000
script duration name:unknown60_30 seconds:122.0
script duration name:co2 seconds:0.0
Script duration 122.0
Run total estimated duration= 123.000
script duration name:unknown60_30 seconds:122.0
script duration name:co2 seconds:0.0
Script duration 122.0
Run total estimated duration= 123.000
script duration name:unknown60_30 seconds:122.0
script duration name:co2 seconds:0.0
Script duration 122.0
Run total estimated duration= 123.000
script duration name:unknown60_30 seconds:122.0
script duration name:co2 seconds:0.0
Script duration 122.0
Run total estimated duration= 123.000
script duration name:unknown60_30 seconds:122.0
script duration name:co2 seconds:0.0
Script duration 122.0
Run total estimated duration= 123.000
script duration name:unknown60_30 seconds:122.0
script duration name:co2 seconds:0.0
Script duration 122.0
Run total estimated duration= 123.000
script duration name:unknown60_30 seconds:122.0
script duration name:co2 seconds:0.0
Script duration 122.0
Run total estimated duration= 123.000
script duration name:unknown60_30 seconds:122.0
script duration name:co2 seconds:0.0
Script duration 122.0
Run total estimated duration= 123.000
script duration name:unknown60_30 seconds:122.0
script duration name:co2 seconds:0.0
Script duration 122.0
Run total estimated duration= 123.000
script duration name:unknown60_30 seconds:122.0
script duration name:co2 seconds:0.0
Script duration 122.0
Run total estimated duration= 123.000
script duration name:unknown60_30 seconds:122.0
script duration name:co2 seconds:0.0
Script duration 122.0
Run total estimated duration= 123.000
script duration name:unknown60_30 seconds:122.0
script duration name:co2 seconds:0.0
Script duration 122.0
Run total estimated duration= 123.000
script duration name:unknown60_30 seconds:122.0
script duration name:co2 seconds:0.0
Script duration 122.0
Run total estimated duration= 123.000
script duration name:unknown60_30 seconds:122.0
script duration name:co2 seconds:0.0
Script duration 122.0
Run total estimated duration= 123.000
script duration name:unknown60_30 seconds:122.0
script duration name:co2 seconds:0.0
Script duration 122.0
Run total estimated duration= 123.000
script duration name:unknown60_30 seconds:122.0
script duration name:co2 seconds:0.0
Script duration 122.0
Run total estimated duration= 123.000
script duration name:unknown60_30 seconds:122.0
script duration name:co2 seconds:0.0
Script duration 122.0
Run total estimated duration= 123.000
script duration name:unknown60_30 seconds:122.0
script duration name:co2 seconds:0.0
Script duration 122.0
Run total estimated duration= 123.000
script duration name:unknown60_30 seconds:122.0
script duration name:co2 seconds:0.0
Script duration 122.0
Run total estimated duration= 123.000
script duration name:unknown60_30 seconds:122.0
script duration name:co2 seconds:0.0
Script duration 122.0
Run total estimated duration= 123.000
script duration name:unknown60_30 seconds:122.0
script duration name:co2 seconds:0.0
Script duration 122.0
Run total estimated duration= 123.000
script duration name:unknown60_30 seconds:122.0
script duration name:co2 seconds:0.0
Script duration 122.0
Run total estimated duration= 123.000
script duration name:unknown60_30 seconds:122.0
script duration name:co2 seconds:0.0
Script duration 122.0
Run total estimated duration= 123.000
script duration name:unknown400_120 seconds:556.0
script duration name:sniffair_x2 seconds:250.0
Script duration 806.0
Run total estimated duration= 807.000
script duration name:unknown400_120 seconds:556.0
script duration name:sniffair_x2 seconds:250.0
Script duration 806.0
Run total estimated duration= 807.000
script duration name:unknown400_120 seconds:556.0
script duration name:cocktail_x1 seconds:108.0
Script duration 664.0
Run total estimated duration= 665.000
script duration name:unknown400_120 seconds:556.0
script duration name:cocktail_x1 seconds:108.0
Script duration 664.0
Run total estimated duration= 665.000
script duration name:unknown400_120 seconds:556.0
script duration name:co2 seconds:0.0
Script duration 556.0
Run total estimated duration= 557.000
script duration name:unknown60_30 seconds:122.0
script duration name:co2 seconds:0.0
Script duration 122.0
Run total estimated duration= 123.000
script duration name:unknown60_30 seconds:122.0
script duration name:co2 seconds:0.0
Script duration 122.0
Run total estimated duration= 123.000
script duration name:unknown60_30 seconds:122.0
script duration name:co2 seconds:0.0
Script duration 122.0
Run total estimated duration= 123.000
script duration name:unknown60_30 seconds:122.0
script duration name:co2 seconds:0.0
Script duration 122.0
Run total estimated duration= 123.000
script duration name:unknown60_30 seconds:122.0
script duration name:co2 seconds:0.0
Script duration 122.0
Run total estimated duration= 123.000
script duration name:unknown60_30 seconds:122.0
script duration name:co2 seconds:0.0
Script duration 122.0
Run total estimated duration= 123.000
script duration name:unknown60_30 seconds:122.0
script duration name:co2 seconds:0.0
Script duration 122.0
Run total estimated duration= 123.000
script duration name:unknown60_30 seconds:122.0
script duration name:co2 seconds:0.0
Script duration 122.0
Run total estimated duration= 123.000
script duration name:unknown60_30 seconds:122.0
script duration name:co2 seconds:0.0
Script duration 122.0
Run total estimated duration= 123.000
script duration name:unknown60_30 seconds:122.0
script duration name:co2 seconds:0.0
Script duration 122.0
Run total estimated duration= 123.000
script duration name:unknown60_30 seconds:122.0
script duration name:co2 seconds:0.0
Script duration 122.0
Run total estimated duration= 123.000
script duration name:unknown60_30 seconds:122.0
script duration name:co2 seconds:0.0
Script duration 122.0
Run total estimated duration= 123.000
script duration name:unknown60_30 seconds:122.0
script duration name:co2 seconds:0.0
Script duration 122.0
Run total estimated duration= 123.000
script duration name:unknown60_30 seconds:122.0
script duration name:co2 seconds:0.0
Script duration 122.0
Run total estimated duration= 123.000
script duration name:unknown60_30 seconds:122.0
script duration name:co2 seconds:0.0
Script duration 122.0
Run total estimated duration= 123.000
script duration name:unknown60_30 seconds:122.0
script duration name:co2 seconds:0.0
Script duration 122.0
Run total estimated duration= 123.000
script duration name:unknown60_30 seconds:122.0
script duration name:co2 seconds:0.0
Script duration 122.0
Run total estimated duration= 123.000
script duration name:unknown60_30 seconds:122.0
script duration name:co2 seconds:0.0
Script duration 122.0
Run total estimated duration= 123.000
script duration name:unknown60_30 seconds:122.0
script duration name:co2 seconds:0.0
Script duration 122.0
Run total estimated duration= 123.000
script duration name:unknown60_30 seconds:122.0
script duration name:co2 seconds:0.0
Script duration 122.0
Run total estimated duration= 123.000
script duration name:unknown60_30 seconds:122.0
script duration name:co2 seconds:0.0
Script duration 122.0
Run total estimated duration= 123.000
script duration name:unknown60_30 seconds:122.0
script duration name:co2 seconds:0.0
Script duration 122.0
Run total estimated duration= 123.000
script duration name:unknown60_30 seconds:122.0
script duration name:co2 seconds:0.0
Script duration 122.0
Run total estimated duration= 123.000
script duration name:unknown60_30 seconds:122.0
script duration name:co2 seconds:0.0
Script duration 122.0
Run total estimated duration= 123.000
script duration name:unknown60_30 seconds:122.0
script duration name:co2 seconds:0.0
Script duration 122.0
Run total estimated duration= 123.000
script duration name:unknown60_30 seconds:122.0
script duration name:co2 seconds:0.0
Script duration 122.0
Run total estimated duration= 123.000
script duration name:unknown60_30 seconds:122.0
script duration name:co2 seconds:0.0
Script duration 122.0
Run total estimated duration= 123.000
script duration name:unknown60_30 seconds:122.0
script duration name:co2 seconds:0.0
Script duration 122.0
Run total estimated duration= 123.000
script duration name:unknown400_120 seconds:556.0
script duration name:sniffair_x2 seconds:250.0
Script duration 806.0
Run total estimated duration= 807.000
script duration name:unknown400_120 seconds:556.0
script duration name:sniffair_x2 seconds:250.0
Script duration 806.0
Run total estimated duration= 807.000
script duration name:unknown400_120 seconds:556.0
script duration name:cocktail_x1 seconds:108.0
Script duration 664.0
Run total estimated duration= 665.000
script duration name:unknown400_120 seconds:556.0
script duration name:cocktail_x1 seconds:108.0
Script duration 664.0
Run total estimated duration= 665.000
script duration name:unknown400_120 seconds:556.0
script duration name:co2 seconds:0.0
Script duration 556.0
Run total estimated duration= 557.000
script duration name:unknown60_30 seconds:122.0
script duration name:co2 seconds:0.0
Script duration 122.0
Run total estimated duration= 123.000
script duration name:unknown60_30 seconds:122.0
script duration name:co2 seconds:0.0
Script duration 122.0
Run total estimated duration= 123.000
script duration name:unknown60_30 seconds:122.0
script duration name:co2 seconds:0.0
Script duration 122.0
Run total estimated duration= 123.000
script duration name:unknown60_30 seconds:122.0
script duration name:co2 seconds:0.0
Script duration 122.0
Run total estimated duration= 123.000
script duration name:unknown60_30 seconds:122.0
script duration name:co2 seconds:0.0
Script duration 122.0
Run total estimated duration= 123.000
script duration name:unknown60_30 seconds:122.0
script duration name:co2 seconds:0.0
Script duration 122.0
Run total estimated duration= 123.000
script duration name:unknown60_30 seconds:122.0
script duration name:co2 seconds:0.0
Script duration 122.0
Run total estimated duration= 123.000
script duration name:unknown60_30 seconds:122.0
script duration name:co2 seconds:0.0
Script duration 122.0
Run total estimated duration= 123.000
script duration name:unknown60_30 seconds:122.0
script duration name:co2 seconds:0.0
Script duration 122.0
Run total estimated duration= 123.000
script duration name:unknown60_30 seconds:122.0
script duration name:co2 seconds:0.0
Script duration 122.0
Run total estimated duration= 123.000
script duration name:unknown60_30 seconds:122.0
script duration name:co2 seconds:0.0
Script duration 122.0
Run total estimated duration= 123.000
script duration name:unknown60_30 seconds:122.0
script duration name:co2 seconds:0.0
Script duration 122.0
Run total estimated duration= 123.000
script duration name:unknown60_30 seconds:122.0
script duration name:co2 seconds:0.0
Script duration 122.0
Run total estimated duration= 123.000
script duration name:unknown60_30 seconds:122.0
script duration name:co2 seconds:0.0
Script duration 122.0
Run total estimated duration= 123.000
script duration name:unknown60_30 seconds:122.0
script duration name:co2 seconds:0.0
Script duration 122.0
Run total estimated duration= 123.000
script duration name:unknown60_30 seconds:122.0
script duration name:co2 seconds:0.0
Script duration 122.0
Run total estimated duration= 123.000
script duration name:unknown60_30 seconds:122.0
script duration name:co2 seconds:0.0
Script duration 122.0
Run total estimated duration= 123.000
script duration name:unknown60_30 seconds:122.0
script duration name:co2 seconds:0.0
Script duration 122.0
Run total estimated duration= 123.000
script duration name:unknown60_30 seconds:122.0
script duration name:co2 seconds:0.0
Script duration 122.0
Run total estimated duration= 123.000
script duration name:unknown400_120 seconds:556.0
script duration name:sniffair_x2 seconds:250.0
Script duration 806.0
Run total estimated duration= 807.000
script duration name:unknown400_120 seconds:556.0
script duration name:sniffair_x2 seconds:250.0
Script duration 806.0
Run total estimated duration= 807.000
script duration name:unknown400_120 seconds:556.0
script duration name:cocktail_x1 seconds:108.0
Script duration 664.0
Run total estimated duration= 665.000
script duration name:unknown400_120 seconds:556.0
script duration name:cocktail_x1 seconds:108.0
Script duration 664.0
Run total estimated duration= 665.000
script duration name:unknown400_120 seconds:556.0
script duration name:co2 seconds:0.0
Script duration 556.0
Run total estimated duration= 557.000
script duration name:unknown60_30 seconds:122.0
script duration name:co2 seconds:0.0
Script duration 122.0
Run total estimated duration= 123.000
script duration name:unknown60_30 seconds:122.0
script duration name:co2 seconds:0.0
Script duration 122.0
Run total estimated duration= 123.000
script duration name:unknown60_30 seconds:122.0
script duration name:co2 seconds:0.0
Script duration 122.0
Run total estimated duration= 123.000
script duration name:unknown60_30 seconds:122.0
script duration name:co2 seconds:0.0
Script duration 122.0
Run total estimated duration= 123.000
script duration name:unknown60_30 seconds:122.0
script duration name:co2 seconds:0.0
Script duration 122.0
Run total estimated duration= 123.000
script duration name:unknown60_30 seconds:122.0
script duration name:co2 seconds:0.0
Script duration 122.0
Run total estimated duration= 123.000
script duration name:unknown60_30 seconds:122.0
script duration name:co2 seconds:0.0
Script duration 122.0
Run total estimated duration= 123.000
script duration name:unknown60_30 seconds:122.0
script duration name:co2 seconds:0.0
Script duration 122.0
Run total estimated duration= 123.000
script duration name:unknown60_30 seconds:122.0
script duration name:co2 seconds:0.0
Script duration 122.0
Run total estimated duration= 123.000
script duration name:unknown60_30 seconds:122.0
script duration name:co2 seconds:0.0
Script duration 122.0
Run total estimated duration= 123.000
script duration name:unknown60_30 seconds:122.0
script duration name:co2 seconds:0.0
Script duration 122.0
Run total estimated duration= 123.000
script duration name:unknown60_30 seconds:122.0
script duration name:co2 seconds:0.0
Script duration 122.0
Run total estimated duration= 123.000
script duration name:unknown60_30 seconds:122.0
script duration name:co2 seconds:0.0
Script duration 122.0
Run total estimated duration= 123.000
script duration name:unknown60_30 seconds:122.0
script duration name:co2 seconds:0.0
Script duration 122.0
Run total estimated duration= 123.000
script duration name:unknown60_30 seconds:122.0
script duration name:co2 seconds:0.0
Script duration 122.0
Run total estimated duration= 123.000
script duration name:unknown60_30 seconds:122.0
script duration name:co2 seconds:0.0
Script duration 122.0
Run total estimated duration= 123.000
script duration name:unknown60_30 seconds:122.0
script duration name:co2 seconds:0.0
Script duration 122.0
Run total estimated duration= 123.000
script duration name:unknown60_30 seconds:122.0
script duration name:co2 seconds:0.0
Script duration 122.0
Run total estimated duration= 123.000
script duration name:unknown60_30 seconds:122.0
script duration name:co2 seconds:0.0
Script duration 122.0
Run total estimated duration= 123.000
script duration name:unknown400_120 seconds:556.0
script duration name:sniffair_x2 seconds:250.0
Script duration 806.0
Run total estimated duration= 807.000
script duration name:unknown400_120 seconds:556.0
script duration name:sniffair_x2 seconds:250.0
Script duration 806.0
Run total estimated duration= 807.000
script duration name:unknown400_120 seconds:556.0
script duration name:cocktail_x1 seconds:108.0
Script duration 664.0
Run total estimated duration= 665.000
script duration name:unknown400_120 seconds:556.0
script duration name:cocktail_x1 seconds:108.0
Script duration 664.0
Run total estimated duration= 665.000
script duration name:unknown400_120 seconds:556.0
script duration name:co2 seconds:0.0
Script duration 556.0
Run total estimated duration= 557.000
script duration name:unknown60_30 seconds:122.0
script duration name:co2 seconds:0.0
Script duration 122.0
Run total estimated duration= 123.000
script duration name:unknown60_30 seconds:122.0
script duration name:co2 seconds:0.0
Script duration 122.0
Run total estimated duration= 123.000
script duration name:unknown60_30 seconds:122.0
script duration name:co2 seconds:0.0
Script duration 122.0
Run total estimated duration= 123.000
script duration name:unknown60_30 seconds:122.0
script duration name:co2 seconds:0.0
Script duration 122.0
Run total estimated duration= 123.000
script duration name:unknown60_30 seconds:122.0
script duration name:co2 seconds:0.0
Script duration 122.0
Run total estimated duration= 123.000
script duration name:unknown60_30 seconds:122.0
script duration name:co2 seconds:0.0
Script duration 122.0
Run total estimated duration= 123.000
script duration name:unknown60_30 seconds:122.0
script duration name:co2 seconds:0.0
Script duration 122.0
Run total estimated duration= 123.000
script duration name:unknown60_30 seconds:122.0
script duration name:co2 seconds:0.0
Script duration 122.0
Run total estimated duration= 123.000
script duration name:unknown60_30 seconds:122.0
script duration name:co2 seconds:0.0
Script duration 122.0
Run total estimated duration= 123.000
script duration name:unknown60_30 seconds:122.0
script duration name:co2 seconds:0.0
Script duration 122.0
Run total estimated duration= 123.000
script duration name:unknown60_30 seconds:122.0
script duration name:co2 seconds:0.0
Script duration 122.0
Run total estimated duration= 123.000
script duration name:unknown60_30 seconds:122.0
script duration name:co2 seconds:0.0
Script duration 122.0
Run total estimated duration= 123.000
script duration name:unknown60_30 seconds:122.0
script duration name:co2 seconds:0.0
Script duration 122.0
Run total estimated duration= 123.000
script duration name:unknown60_30 seconds:122.0
script duration name:co2 seconds:0.0
Script duration 122.0
Run total estimated duration= 123.000
script duration name:unknown60_30 seconds:122.0
script duration name:co2 seconds:0.0
Script duration 122.0
Run total estimated duration= 123.000
script duration name:unknown60_30 seconds:122.0
script duration name:co2 seconds:0.0
Script duration 122.0
Run total estimated duration= 123.000
script duration name:unknown60_30 seconds:122.0
script duration name:co2 seconds:0.0
Script duration 122.0
Run total estimated duration= 123.000
script duration name:unknown60_30 seconds:122.0
script duration name:co2 seconds:0.0
Script duration 122.0
Run total estimated duration= 123.000
script duration name:unknown60_30 seconds:122.0
script duration name:co2 seconds:0.0
Script duration 122.0
Run total estimated duration= 123.000
nruns=174 before=5.0, run_dur=38718.0, btw=5190.0
write rem/ex queues
/Users/jan/PychronDev/experiments/rem/Load1798.rem.txt
/Users/jan/PychronDev/experiments/rem/Load1798.ex.txt
doing event level: 3
