do run
loading script "jan_unknown120_60.py"
loading script "jan_pump_ms.py"
loading script "jan_co2.py"
loading script "jan_pump_extraction_line.py"
testing...
no interpolation path defined
executed snippet estimated_duration=213.652928, duration=0.000176906585693
script duration name:unknown120_60 seconds:214.0
loading script "jan_unknown120_60.py"
loading script "jan_pump_ms.py"
loading script "jan_co2.py"
loading script "jan_pump_extraction_line.py"
testing...
no interpolation path defined
executed snippet estimated_duration=0, duration=1.81198120117e-05
loading script "jan_unknown120_60.py"
loading script "jan_pump_ms.py"
loading script "jan_co2.py"
loading script "jan_pump_extraction_line.py"
testing...
no interpolation path defined
calculate duration
testing...
no interpolation path defined
executed snippet estimated_duration=0, duration=4.00543212891e-05
calculate duration
testing...
no interpolation path defined
executed snippet estimated_duration=0, duration=7.20024108887e-05
executed snippet estimated_duration=0.0, duration=0.00172996520996
script duration name:co2 seconds:0.0
loading script "jan_unknown120_60.py"
loading script "jan_pump_ms.py"
loading script "jan_co2.py"
loading script "jan_pump_extraction_line.py"
testing...
no interpolation path defined
calculate duration
testing...
no interpolation path defined
executed snippet estimated_duration=4.0, duration=0.000109910964966
executed snippet estimated_duration=4.0, duration=0.000964164733887
Script duration 214.0
Run total estimated duration= 215.000
run duration: 0:03:35
doing event level: 2
19:16:46 -- Setting default integration. t=1.048576
setting integration time = 1.048576
SetIntegrationTime 1.048576 ===>> OK
----------------- start -----------------
**************** Experiment Type: Ar/Ar, Ar/Ar
create new session 5007386576
close session 5007386576
$$$$$ Clearing conditionals
adding conditionals 
Add queue conditionals
add default conditionals
adding default conditionals from /Users/jan/PychronDev/setupfiles/spectrometer/default_conditionals.yaml
Start automated run 65266-06AB
loading script "jan_unknown120_60.py"
loading script "jan_pump_ms.py"
loading script "jan_co2.py"
loading script "jan_pump_extraction_line.py"
%%%%%%%%%%%%%%%%%% setting automated run 65266-06AB
No value "sensitivity_multiplier" in metadata
$$$$$$$$$$$$$$$ auto_save_detector_ic=False
============================= Pre Extraction Check =============================
loading queue conditionals pre_run_terminations
loading system conditionals pre_run_terminations
loading conditionals from /Users/jan/PychronDev/setupfiles/spectrometer/default_conditionals.yaml
19:16:46 -- ******* Pre Extraction Check *******
Get a measurement from the spectrometer
GetData ===>> H2,-0.0489214126213818,H1,-0.0311790461848148,AX,-0.050936891682568,L1,-0.0229055845636146,L2,-0....
Pre Extraction Termination data. keys=H2,H1,AX,L1,L2,CDD, signals=-0.04892,-0.03118,-0.05094,-0.02291,-0.01394,0.00313
19:16:46 -- testing system defined conditionals
Checking default pre extraction terminations n=2
testing CDD
evaluate ot="CDD.inactive" t="CDD", ctx="{'CDD': False}"
GetDeflection CDD ===>> 50
testing CDD==2000
evaluate ot="CDD.deflection==2000" t="CDD==2000", ctx="{'CDD': 50.0}"
19:16:46 -- ******* Pre Extraction Check Passed *******
=================================================================================
19:16:46 -- stopping status monitor
stop 5041663344
Status monitor stopped
Status monitor finished
19:16:48 -- starting status monitor
start 5041663344
StatusMonitor period=1. Frequencies(state=2, checksum=3, lock=5, owner=5)
start extraction
do extraction
Analysis started at 19:16:49.916433
Extraction Started jan_co2.py
19:16:49 -- ******* Extraction Started jan_co2.py *******
state changed from not run to extraction
DO EXTRACTION <pychron.extraction_line.pyscript_runner.RemotePyScriptRunner object at 0x12cf2ea10>
testing...
no interpolation path defined
calculate duration
testing...
no interpolation path defined
executed snippet estimated_duration=0, duration=0.00010085105896
calculate duration
testing...
no interpolation path defined
executed snippet estimated_duration=0, duration=8.9168548584e-05
executed snippet estimated_duration=100.0, duration=0.00289106369019
Jan CO2 laser analysis
doing GOSUB
testing...
no interpolation path defined
executed snippet estimated_duration=0, duration=5.10215759277e-05
Waiting for CO2 access
wait ('FelixCO2Flag', 0) {}
waiting for FelixCO2Flag = 0
Read FelixCO2Flag ===>> 0
finished waiting
CO2 free
wait ('CO2PumpTimeFlag', 0) {}
waiting for CO2PumpTimeFlag = 0
Read CO2PumpTimeFlag ===>> 0
finished waiting
acquire ('JanCO2Flag',) {'clear': True}
acquire JanCO2Flag
Set JanCO2Flag 1 ===>> OK
JanCO2Flag acquired
set extraction state False (0.75, 'red', 1.5)
CO2 acquired
executed snippet estimated_duration=0, duration=0.0192232131958
WaitForCO2Access.py completed successfully
gosub finished
doing GOSUB
testing...
no interpolation path defined
executed snippet estimated_duration=0, duration=7.9870223999e-05
Prepare for CO2 analysis
close () {'description': 'Jan Inlet'}
closing name=--- desc=Jan Inlet
checking ownership. requestor=129.138.12.150
check software interlocks R
interlocks []
actuate state mode=None-script, software_lock=False
doing actuation None-script close_channel False
Close R ===>> OK
GetIndicatorState R ===>> False
change switch state (True, True)
update switch state R False args=() kw={} ncanvase=3
19:16:50 -- CLOSE  VALVE-R (Jan Inlet)
---------------------------------------- close None (Jan Inlet) result=[(True, True)]
action=close, ok=True, locked=[False]
open () {'description': 'Jan Ion Pump'}
opening name=--- desc=Jan Ion Pump
checking ownership. requestor=129.138.12.150
check software interlocks O
interlocks []
actuate state mode=None-script, software_lock=False
doing actuation None-script open_channel False
Open O ===>> OK
GetIndicatorState O ===>> OK
change switch state (True, True)
update switch state O True args=() kw={} ncanvase=3
19:16:50 -- OPEN   VALVE-O (Jan Ion Pump)
---------------------------------------- open None (Jan Ion Pump) result=[(True, True)], time=0.13 sec
action=open, ok=True, locked=[False]
close () {'description': 'Microbone to Minibone'}
closing name=--- desc=Microbone to Minibone
checking ownership. requestor=129.138.12.150
check software interlocks L
interlocks []
actuate state mode=None-script, software_lock=False
doing actuation None-script close_channel False
Close L ===>> OK
GetIndicatorState L ===>> False
change switch state (True, True)
update switch state L False args=() kw={} ncanvase=3
19:16:51 -- CLOSE  VALVE-L (Microbone to Minibone)
---------------------------------------- close None (Microbone to Minibone) result=[(True, True)]
action=close, ok=True, locked=[False]
open () {'description': 'Microbone to Turbo'}
opening name=--- desc=Microbone to Turbo
checking ownership. requestor=129.138.12.150
check software interlocks U
interlocks []
actuate state mode=None-script, software_lock=False
doing actuation None-script open_channel False
Open U ===>> OK
GetIndicatorState U ===>> OK
change switch state (True, True)
update switch state U True args=() kw={} ncanvase=3
19:16:51 -- OPEN   VALVE-U (Microbone to Turbo)
---------------------------------------- open None (Microbone to Turbo) result=[(True, True)], time=0.13 sec
action=open, ok=True, locked=[False]
open () {'description': 'Microbone to Inlet Pipette'}
opening name=--- desc=Microbone to Inlet Pipette
checking ownership. requestor=129.138.12.150
check software interlocks S
interlocks []
actuate state mode=None-script, software_lock=False
doing actuation None-script open_channel False
Open S ===>> OK
GetIndicatorState S ===>> OK
change switch state (True, True)
update switch state S True args=() kw={} ncanvase=3
19:16:52 -- OPEN   VALVE-S (Microbone to Inlet Pipette)
---------------------------------------- open None (Microbone to Inlet Pipette) result=[(True, True)], time=0.42 sec
action=open, ok=True, locked=[False]
open () {'description': 'Microbone to Getter D-50'}
opening name=--- desc=Microbone to Getter D-50
checking ownership. requestor=129.138.12.150
check software interlocks K
interlocks []
actuate state mode=None-script, software_lock=False
doing actuation None-script open_channel False
Open K ===>> OK
GetIndicatorState K ===>> OK
change switch state (True, True)
update switch state K True args=() kw={} ncanvase=3
19:16:53 -- OPEN   VALVE-K (Microbone to Getter D-50)
---------------------------------------- open None (Microbone to Getter D-50) result=[(True, True)], time=0.41 sec
action=open, ok=True, locked=[False]
open () {'description': 'Microbone to Getter NP-10'}
opening name=--- desc=Microbone to Getter NP-10
checking ownership. requestor=129.138.12.150
check software interlocks M
interlocks []
actuate state mode=None-script, software_lock=False
doing actuation None-script open_channel False
Open M ===>> OK
GetIndicatorState M ===>> OK
change switch state (True, True)
update switch state M True args=() kw={} ncanvase=3
19:16:54 -- OPEN   VALVE-M (Microbone to Getter NP-10)
---------------------------------------- open None (Microbone to Getter NP-10) result=[(True, True)], time=0.65 sec
action=open, ok=True, locked=[False]
close () {'description': 'CO2 Laser to Felix'}
closing name=--- desc=CO2 Laser to Felix
checking ownership. requestor=129.138.12.150
check software interlocks F
interlocks []
actuate state mode=None-script, software_lock=True
VALVE-F(CO2 Laser to Felix) software locked
change switch state (True, False)
---------------------------------------- close None (CO2 Laser to Felix) result=[(True, False)]
action=close, ok=True, locked=[True]
open () {'description': 'CO2 Laser to Jan'}
opening name=--- desc=CO2 Laser to Jan
checking ownership. requestor=129.138.12.150
check software interlocks A
interlocks []
actuate state mode=None-script, software_lock=False
doing actuation None-script open_channel False
Open A ===>> OK
GetIndicatorState A ===>> OK
change switch state (True, True)
update switch state A True args=() kw={} ncanvase=3
19:16:54 -- OPEN   VALVE-A (CO2 Laser to Jan)
---------------------------------------- open None (CO2 Laser to Jan) result=[(True, True)], time=0.13 sec
action=open, ok=True, locked=[False]
open () {'description': 'Microbone to CO2 Laser'}
opening name=--- desc=Microbone to CO2 Laser
checking ownership. requestor=129.138.12.150
check software interlocks T
interlocks []
actuate state mode=None-script, software_lock=False
doing actuation None-script open_channel False
Open T ===>> OK
GetIndicatorState T ===>> OK
change switch state (True, True)
update switch state T True args=() kw={} ncanvase=3
19:16:55 -- OPEN   VALVE-T (Microbone to CO2 Laser)
---------------------------------------- open None (Microbone to CO2 Laser) result=[(True, True)], time=0.56 sec
action=open, ok=True, locked=[False]
executed snippet estimated_duration=0, duration=5.59927010536
PrepareForCO2Analysis.py completed successfully
gosub finished
set_motor ('beam', '1.5') {}
setting motor "beam" to 1.5
set motor beam to 1.5
SetMotor beam,1.5 ===>> OK
GetMotorMoving beam ===>> False
GetMotorMoving beam ===>> False
Block completed
move_to_position ('39',) {'autocenter': True}
FusionsCO2 move to position 39
sending GoToHole 39,True
GoToHole 39,True ===>> OK
GetDriveMoving ===>> False
GetDriveMoving ===>> False
Block completed
GetAutoCorrecting ===>> False
GetAutoCorrecting ===>> False
Block completed
update position
GetPosition ===>> -13.95730,7.97560,1.00000
got position (-13.9573, 7.9756, 1.0)
move to position succeeded
sleep (5,) {}
SLEEP 5.0
block started
WaitControl setup for 5.0  
Join finished
block finished. duration 5.01895308495
close () {'description': 'Microbone to Turbo'}
closing name=--- desc=Microbone to Turbo
checking ownership. requestor=129.138.12.150
check software interlocks U
interlocks []
actuate state mode=None-script, software_lock=False
doing actuation None-script close_channel True
Close U ===>> OK
GetIndicatorState U ===>> False
change switch state (True, True)
update switch state U False args=() kw={} ncanvase=3
19:17:03 -- CLOSE  VALVE-U (Microbone to Turbo)
---------------------------------------- close None (Microbone to Turbo) result=[(True, True)]
action=close, ok=True, locked=[False]
enable laser
enable () {}
set extraction state FusionsCO2 Enabled (False, 'red', 1.5)
enabling laser
Enable ===>> OK
begin interval
BEGIN INTERVAL Interval 1 waiting for 30.0
block started
set extract to 0.975
WaitControl setup for 30.0  
extract (0.975,) {}
GetPosition ===>> -13.95730,7.97560,1.00000
set extraction state FusionsCO2 ON! 0.975(watts) (0.75, 'red', 1.5)
extract sample to 0.975 (watts)
set laser output
SetLaserOutput 0.975,watts ===>> OK
COMPLETE INTERVAL waiting for Interval 1 to complete
Join finished
block finished. duration 30.0929338932
Interval 1 finished
end_extract () {}
ending extraction. set laser power to 0
set laser power 0
SetLaserPower 0 ===>> OK
disable () {}
%%%%%%%%%%%%%%%%%%%%%%%%%%%%%%%%%%% disable
set extraction state False (0.75, 'red', 1.5)
disabling laser
Disable ===>> OK
sleep (30.0,) {}
SLEEP 30.0
block started
WaitControl setup for 30.0  
Join finished
block finished. duration 30.0674459934
executed snippet estimated_duration=195.0, duration=75.1540877819
jan_co2.py completed successfully
GetAchievedOutput ===>> No Response
Requested Output= 0.000
Achieved Output=  0.000
GetResponseBlob ===>> No Response
GetOutputBlob ===>> No Response
persistence save...
persistence save - db
AutomatedRunPersister post_extraction_save deprecated
persistence save - dvc
no extraction position for 39
create new session 5002436336
close session 5002436336
Extraction Finished
19:18:05 -- ******* Extraction Finished *******
no overlap. not waiting for min ms pumptime
19:18:05 -- Sending spectrometer configuration
======== Sending configuration ========
SetDeflection CDD,50.0 ===>> OK
SetDeflection H2,0.0 ===>> OK
SetDeflection H1,0.0 ===>> OK
SetDeflection L2,825.0 ===>> OK
SetDeflection L1,400.0 ===>> OK
SetDeflection AX,190.0 ===>> OK
SetZFocus 74.64 ===>> OK
SetZSymmetry -50.72 ===>> OK
SetExtractionLens 26.13 ===>> OK
SetIonRepeller -3.81 ===>> OK
SetElectronEnergy 75.08 ===>> OK
SetYSymmetry -2.81 ===>> OK
SetIonCounterVoltage 1590.0 ===>> OK
send trap current 200.0
GetParameter Trap Current Readback ===>> 198.147042666178
SetParameter Trap Current Set,200.0 ===>> OK
updating mftable name mftable
Using mftable located at /Users/jan/PychronDev/setupfiles/spectrometer/mftables/mftable.csv
============ MFtable ===========
Isotope  H2     H1     AX     L1     L2     CDD    
Ar40     5.8263 5.8798 5.9930 6.1662 6.2314 6.3944
Ar39     5.7256 5.7721 5.8854 6.0523 6.1165 6.2809
Ar36     5.4031 5.4411 5.5488 5.7111 5.7715 5.9321
================================
get initial guess parabolic
get initial guess parabolic
get initial guess parabolic
get initial guess parabolic
get initial guess parabolic
get initial guess parabolic
======== Configuration Finished ========
GetYSymmetry ===>> -2.81
GetZSymmetry ===>> -50.72
GetParameter Trap Current Readback ===>> 197.475737044497
GetHighVoltage ===>> 4500
start measurement
do measurement
L#=65266 analysis type=unknown
Measurement Started jan_unknown120_60.py
19:18:05 -- ******* Measurement Started jan_unknown120_60.py *******
state changed from extraction to measurement
setting spec, defl, and gains
GetExtractionLens ===>> 26.13
GetYSymmetry ===>> -2.81
GetZSymmetry ===>> -50.72
GetZFocus ===>> 74.64
GetDeflection H2 ===>> 0
GetDeflection H1 ===>> 0
GetDeflection AX ===>> 190
GetDeflection L1 ===>> 400
GetDeflection L2 ===>> 825
GetDeflection CDD ===>> 50
GetGain H2 ===>> 0.0113
GetGain H1 ===>> 0.1
GetGain AX ===>> 0.097049
GetGain L1 ===>> 0.010355
GetGain L2 ===>> 0.095649
GetGain CDD ===>> 0
pre measurement save
New frame /Users/jan/PychronDev/data/isotopes/62/8e2c80-1100-4809-b7cf-9e89a4a8c76e.h5
flush and close file /Users/jan/PychronDev/data/isotopes/62/8e2c80-1100-4809-b7cf-9e89a4a8c76e.h5
testing...
no interpolation path defined
executed snippet estimated_duration=226.132928, duration=0.000123977661133
unknown measurement script
activate_detectors ('H2', 'H1', 'AX', 'L1', 'L2', 'CDD') {}
activate detectors
*************** Set Analysis View Ar/Ar
create graphs
clearing graphs
clear isotope group
setting isotope det=H2, iso=PM41
setting isotope det=H1, iso=Ar40
setting isotope det=AX, iso=Ar39
setting isotope det=L1, iso=Ar38
setting isotope det=L2, iso=Ar37
setting isotope det=CDD, iso=Ar36
setting previous blanks
 - setting Ar40 blank 0.366+/-0.007
 - setting Ar36 blank 0.00493+/-0.00017
 - setting Ar37 blank 0.051+/-0.005
 - setting Ar38 blank 0.0068+/-0.0024
 - setting PM41 blank 0.02+/-0.07
 - setting Ar39 blank 0.046+/-0.009
load analysis view
position_magnet ('Ar40',) {'detector': 'H1'}
detector Detector(H1)
POSITION Ar40 H1
setting detector H2 to PM41 (40.9624)
setting detector H1 to Ar40 (39.9624)
setting detector AX to Ar39 (38.9624)
setting detector L1 to Ar38 (37.9624)
setting detector L2 to Ar37 (36.9624)
setting detector CDD to Ar36 (35.9624)
Mapping mass to dac mass func: "parabolic"
H1 map mass coeffs = [-0.00063987  0.15840543  0.57140999]
H1 map mass to dac 39.9624 >> 5.8798
GetDeflection H1 ===>> 0
GetHighVoltage ===>> 4500
positioning Ar40 (5.8798) on H1
setting magnet DAC
current  : 5.879800
requested: 5.879800
Delta Dac: 0.000000
Checking detector protection. dv=0.00000
Checking detector "CDD". Protection Threshold: 0.1 (V)
SetMagnetDAC 5.8798 ===>> OK
Magnet settling time: 0.500
update labels <pychron.experiment.plot_panel.PlotPanel object at 0x1347cb350>
update labels "<pychron.graph.stacked_regression_graph.StackedRegressionGraph object at 0x1414284d0>"
setting label 0 H2 PM41
setting label 1 H1 Ar40
setting label 2 AX Ar39
setting label 3 L1 Ar38
setting label 4 L2 Ar37
setting label 5 CDD Ar36
update labels "<pychron.graph.stacked_graph.StackedGraph object at 0x140ad24d0>"
setting label 0 H2 PM41
setting label 1 H1 Ar40
setting label 2 AX Ar39
setting label 3 L1 Ar38
setting label 4 L2 Ar37
setting label 5 CDD Ar36
equilibrate () {'delay': 3, 'inlet': 'R', 'outlet': 'O', 'eqtime': 12.0}
Equilibration Started
19:18:06 -- ******* Equilibration Started *******
checking ownership. requestor=129.138.12.150
check software interlocks O
interlocks []
actuate state mode=None-script, software_lock=False
doing actuation None-script close_channel True
Close O ===>> OK
GetIndicatorState O ===>> False
change switch state (True, True)
update switch state O False args=() kw={} ncanvase=3
19:18:06 -- CLOSE  VALVE-O (Jan Ion Pump)
waiting 3s before opening inlet value ('R',)
checking ownership. requestor=129.138.12.150
check software interlocks R
interlocks []
actuate state mode=None-script, software_lock=False
doing actuation None-script open_channel True
Open R ===>> OK
GetIndicatorState R ===>> OK
change switch state (True, True)
update switch state R True args=() kw={} ncanvase=3
19:18:10 -- OPEN   VALVE-R (Jan Inlet)
equilibrating for 12.0sec
set_time_zero () {}
sniff (12.0,) {}
py_sniff
build tables- sniff [Detector(H2), Detector(H1), Detector(AX), Detector(L1), Detector(L2), Detector(CDD)]
add group /sniff/PM41 (Group) '' table H2
add group /sniff/Ar40 (Group) '' table H1
add group /sniff/Ar39 (Group) '' table AX
add group /sniff/Ar38 (Group) '' table L1
add group /sniff/Ar37 (Group) '' table L2
add group /sniff/Ar36 (Group) '' table CDD
flush and close file /Users/jan/PychronDev/data/isotopes/62/8e2c80-1100-4809-b7cf-9e89a4a8c76e.h5
measuring sniff. ncounts=12.0
"sniff" increment series count="1" fit count="0" regressing="False"
starting measurement
check iteration duration=1.90734863281e-05
GetData ===>> H2,0.309328947356667,H1,0.954169715608155,AX,0.68066092331701,L1,0.0265399618860305,L2,0.21811177...
check iteration duration=1.81198120117e-05
GetData ===>> H2,0.908867788234597,H1,4.02560851597904,AX,0.894030800556606,L1,0.199445818119404,L2,0.273492913...
check iteration duration=4.00543212891e-05
GetData ===>> H2,0.348148411024605,H1,5.28584541705392,AX,0.351938612825957,L1,0.163133429408478,L2,0.043925192...
check iteration duration=4.10079956055e-05
GetData ===>> H2,0.186757672745638,H1,5.75558474848836,AX,0.00624182476067541,L1,0.0725430926877425,L2,0.071181...
check iteration duration=4.29153442383e-05
GetData ===>> H2,0.0726204679213007,H1,6.09732351506478,AX,0.0680809594666904,L1,0.0350428120999685,L2,0.014054...
check iteration duration=4.60147857666e-05
GetData ===>> H2,-0.0647656173699646,H1,6.0561178671745,AX,0.116699771095969,L1,-0.0264348624465269,L2,0.046787...
check iteration duration=5.81741333008e-05
GetData ===>> H2,-0.140170058287356,H1,6.03084715288677,AX,0.0518221019528615,L1,0.00634995894483099,L2,0.09203...
check iteration duration=5.07831573486e-05
GetData ===>> H2,-0.141413474638964,H1,6.05885784514892,AX,-0.0317573505066105,L1,-0.0103904200679409,L2,0.1051...
check iteration duration=4.79221343994e-05
GetData ===>> H2,-0.137850452205061,H1,6.04298418539713,AX,-0.0346797495943428,L1,-0.0423486850847992,L2,0.1095...
check iteration duration=5.29289245605e-05
GetData ===>> H2,-0.22285274337829,H1,6.16608129324019,AX,0.0323951732771583,L1,-0.024065769072201,L2,0.0888695...
check iteration duration=5.88893890381e-05
GetData ===>> H2,-0.247335814290467,H1,6.14898593454896,AX,-0.0912549414202786,L1,0.00268511903747443,L2,0.0561...
check iteration duration=1.8835067749e-05
GetData ===>> H2,-0.165827765077703,H1,6.03587131796546,AX,0.00759921256182494,L1,-0.00249242084877154,L2,-0.03...
Equilibration Finished
19:18:22 -- ******* Equilibration Finished *******
checking ownership. requestor=129.138.12.150
check software interlocks R
interlocks []
actuate state mode=None-script, software_lock=False
doing actuation None-script close_channel True
Close R ===>> OK
set states for children of R. state=False
handle state [('R', False)]
update switch state R False args=() kw={'refresh': False} ncanvase=3
refresh_canvas_needed fired
GetIndicatorState R ===>> False
change switch state (True, True)
update switch state R False args=() kw={} ncanvase=3
19:18:23 -- CLOSE  VALVE-R (Jan Inlet)
Post Equilibration Started jan_pump_extraction_line.py
19:18:23 -- ******* Post Equilibration Started jan_pump_extraction_line.py *******
testing...
no interpolation path defined
calculate duration
testing...
no interpolation path defined
executed snippet estimated_duration=4.0, duration=0.000195026397705
executed snippet estimated_duration=4.0, duration=0.0215678215027
Pump after analysis
doing GOSUB
testing...
no interpolation path defined
executed snippet estimated_duration=4.0, duration=0.000113964080811
Pump Microbone
close () {'description': 'Jan Inlet'}
closing name=--- desc=Jan Inlet
checking ownership. requestor=129.138.12.150
check software interlocks R
interlocks []
actuate state mode=None-script, software_lock=False
doing actuation None-script close_channel False
check iteration duration=1.59740447998e-05
waiting for write to finish
measurement finished
estimated time: 12.583 actual time: :12.680
flush and close file /Users/jan/PychronDev/data/isotopes/62/8e2c80-1100-4809-b7cf-9e89a4a8c76e.h5
set_fits () {}
using default fits file=/Users/jan/PychronDev/scripts/measurement/fits/nominal_linear.yaml
set "Ar40" to "('Linear', 'SEM')"
No fit for "PM41". defaulting to linear. check the measurement script "jan_unknown120_60.py"
set "PM41" to "linear"
set "Ar36" to "('Linear', 'SEM')"
set "Ar37" to "('linear', 'SEM')"
set "Ar38" to "('linear', 'SEM')"
set "Ar39" to "('Linear', 'SEM')"
set_baseline_fits () {}
using default fits file=/Users/jan/PychronDev/scripts/measurement/fits/nominal_linear.yaml
set "H1" to "('average', 'SEM')"
set "H2" to "('average', 'SEM')"
set "CDD" to "('average', 'SEM')"
set "L2" to "('average', 'SEM')"
set "L1" to "('average', 'SEM')"
set "AX" to "('average', 'SEM')"
multicollect () {'integration_time': 1, 'ncounts': 120}
build tables- signal [Detector(H2), Detector(H1), Detector(AX), Detector(L1), Detector(L2), Detector(CDD)]
add group /signal/PM41 (Group) '' table H2
Close R ===>> OK
add group /signal/Ar40 (Group) '' table H1
add group /signal/Ar39 (Group) '' table AX
add group /signal/Ar38 (Group) '' table L1
add group /signal/Ar37 (Group) '' table L2
add group /signal/Ar36 (Group) '' table CDD
flush and close file /Users/jan/PychronDev/data/isotopes/62/8e2c80-1100-4809-b7cf-9e89a4a8c76e.h5
measuring signal. ncounts=120
GetIndicatorState R ===>> False
change switch state (True, True)
update switch state R False args=() kw={} ncanvase=3
19:18:23 -- CLOSE  VALVE-R (Jan Inlet)
---------------------------------------- close None (Jan Inlet) result=[(True, True)]
"signal" increment series count="2" fit count="1" regressing="True"
action=close, ok=True, locked=[False]
is_closed ('F',) {}
is F () closed?
is closed True
open () {'description': 'CO2 Laser to Jan'}
opening name=--- desc=CO2 Laser to Jan
checking ownership. requestor=129.138.12.150
check software interlocks A
interlocks []
actuate state mode=None-script, software_lock=False
doing actuation None-script open_channel False
Open A ===>> OK
GetIndicatorState A ===>> OK
change switch state (True, True)
update switch state A True args=() kw={} ncanvase=3
19:18:24 -- OPEN   VALVE-A (CO2 Laser to Jan)
---------------------------------------- open None (CO2 Laser to Jan) result=[(True, True)], time=0.13 sec
starting measurement
check iteration duration=5.19752502441e-05
GetData ===>> H2,0.00186135904914051,H1,6.20830607607303,AX,0.00168253250510909,L1,-0.00503341006438276,L2,0.07...
action=open, ok=True, locked=[False]
sleep (1,) {}
SLEEP 1.0
check iteration duration=0.000111818313599
GetData ===>> H2,0.151424931559434,H1,6.17493459225857,AX,0.206123815282091,L1,0.0507879188779274,L2,0.08547322...
close () {'description': 'CO2 Laser to Roughing'}
closing name=--- desc=CO2 Laser to Roughing
checking ownership. requestor=129.138.12.150
check software interlocks G
interlocks []
actuate state mode=None-script, software_lock=True
VALVE-G(CO2 Laser to Roughing) software locked
change switch state (True, False)
---------------------------------------- close None (CO2 Laser to Roughing) result=[(True, False)]
action=close, ok=True, locked=[True]
open () {'description': 'Microbone to Turbo'}
opening name=--- desc=Microbone to Turbo
checking ownership. requestor=129.138.12.150
check software interlocks U
interlocks []
actuate state mode=None-script, software_lock=False
doing actuation None-script open_channel True
Open U ===>> OK
GetIndicatorState U ===>> OK
change switch state (True, True)
update switch state U True args=() kw={} ncanvase=3
19:18:25 -- OPEN   VALVE-U (Microbone to Turbo)
---------------------------------------- open None (Microbone to Turbo) result=[(True, True)], time=0.15 sec
action=open, ok=True, locked=[False]
open () {'description': 'Microbone to Getter NP-10'}
opening name=--- desc=Microbone to Getter NP-10
checking ownership. requestor=129.138.12.150
check software interlocks M
interlocks []
actuate state mode=None-script, software_lock=False
doing actuation None-script open_channel False
Open M ===>> OK
GetIndicatorState M ===>> OK
change switch state (True, True)
update switch state M True args=() kw={} ncanvase=3
19:18:25 -- OPEN   VALVE-M (Microbone to Getter NP-10)
---------------------------------------- open None (Microbone to Getter NP-10) result=[(True, True)], time=0.12 sec
action=open, ok=True, locked=[False]
open () {'description': 'Microbone to Getter D-50'}
opening name=--- desc=Microbone to Getter D-50
checking ownership. requestor=129.138.12.150
check software interlocks K
interlocks []
actuate state mode=None-script, software_lock=False
doing actuation None-script open_channel False
check iteration duration=7.79628753662e-05
GetData ===>> H2,0.0165893766607674,H1,6.17548762283022,AX,0.0275097418044753,L1,0.0267225110224355,L2,0.157586...
Open K ===>> OK
GetIndicatorState K ===>> OK
change switch state (True, True)
update switch state K True args=() kw={} ncanvase=3
19:18:26 -- OPEN   VALVE-K (Microbone to Getter D-50)
---------------------------------------- open None (Microbone to Getter D-50) result=[(True, True)], time=0.46 sec
action=open, ok=True, locked=[False]
open () {'description': 'Microbone to CO2 Laser'}
opening name=--- desc=Microbone to CO2 Laser
checking ownership. requestor=129.138.12.150
check software interlocks T
interlocks []
actuate state mode=None-script, software_lock=False
doing actuation None-script open_channel False
Open T ===>> OK
GetIndicatorState T ===>> OK
change switch state (True, True)
update switch state T True args=() kw={} ncanvase=3
19:18:27 -- OPEN   VALVE-T (Microbone to CO2 Laser)
---------------------------------------- open None (Microbone to CO2 Laser) result=[(True, True)], time=0.42 sec
check iteration duration=7.60555267334e-05
GetData ===>> H2,-0.156480319220385,H1,6.16589679583333,AX,0.0291575321462936,L1,0.0214720354505424,L2,-0.03179...
action=open, ok=True, locked=[False]
open () {'description': 'Microbone to Inlet Pipette'}
opening name=--- desc=Microbone to Inlet Pipette
checking ownership. requestor=129.138.12.150
check software interlocks S
interlocks []
actuate state mode=None-script, software_lock=False
doing actuation None-script open_channel False
Open S ===>> OK
GetIndicatorState S ===>> OK
change switch state (True, True)
update switch state S True args=() kw={} ncanvase=3
19:18:28 -- OPEN   VALVE-S (Microbone to Inlet Pipette)
---------------------------------------- open None (Microbone to Inlet Pipette) result=[(True, True)], time=0.41 sec
action=open, ok=True, locked=[False]
sleep (1,) {}
SLEEP 1.0
testing H1>-5.0
evaluate ot="H1.bs>-5.0" t="H1>-5.0", ctx="{'H1': None}"
check iteration duration=0.000566005706787
GetData ===>> H2,-0.167852343978761,H1,6.07425468055018,AX,-0.0927268485188354,L1,0.00408977867198662,L2,-0.119...
set_resource () {'name': 'CO2PumpTimeFlag', 'value': 30}
Set CO2PumpTimeFlag 30 ===>> OK
release ('JanCO2Flag',) {}
release JanCO2Flag
Set JanCO2Flag 0 ===>> OK
executed snippet estimated_duration=6.0, duration=5.96580910683
PumpMicrobone.py completed successfully
gosub finished
get_resource_value () {'name': 'JanMiniboneFlag'}
Read JanMiniboneFlag ===>> 0
Get Resource Value JanMiniboneFlag=0.0
get resource value 0.0
get_resource_value () {'name': 'JanMiniboneFlag'}
Read JanMiniboneFlag ===>> 0
Get Resource Value JanMiniboneFlag=0.0
executed snippet estimated_duration=4.0, duration=5.97991704941
jan_pump_extraction_line.py completed successfully
Post Equilibration Finished
19:18:29 -- ******* Post Equilibration Finished *******
check iteration duration=8.98838043213e-05
GetData ===>> H2,-0.085714402914566,H1,6.22087080826736,AX,-0.0294263264176007,L1,-0.00540046880756383,L2,0.127...
check iteration duration=7.60555267334e-05
GetData ===>> H2,-0.173430211437687,H1,6.24750522939583,AX,0.0339386028251604,L1,0.0382802723080931,L2,-0.06091...
check iteration duration=4.00543212891e-05
GetData ===>> H2,-0.178984818030292,H1,6.19576745743353,AX,-0.0435507807399326,L1,0.00315931983068799,L2,0.0113...
check iteration duration=3.71932983398e-05
GetData ===>> H2,-0.102627433316419,H1,6.28107241941114,AX,-0.0888905715944883,L1,-0.0477358388529767,L2,0.0977...
testing H1>-5.0
evaluate ot="H1.bs>-5.0" t="H1>-5.0", ctx="{'H1': None}"
check iteration duration=0.000604152679443
GetData ===>> H2,-0.188433162454297,H1,6.27048078619879,AX,0.135383459472951,L1,-0.04433269079494,L2,-0.0319764...
check iteration duration=4.31537628174e-05
GetData ===>> H2,-0.0490571470575641,H1,6.24306568190816,AX,-0.00691341476143737,L1,-0.0521990022350952,L2,-0.0...
check iteration duration=7.89165496826e-05
GetData ===>> H2,-0.0504483317605804,H1,6.35083703868469,AX,-0.0673188387784406,L1,-0.0832287991559621,L2,0.002...
check iteration duration=4.10079956055e-05
GetData ===>> H2,-0.151632704891198,H1,6.34815338584371,AX,-0.00871139140382748,L1,-0.03508582355544,L2,0.08851...
check iteration duration=3.79085540771e-05
GetData ===>> H2,-0.143837744522222,H1,6.28390195947006,AX,-0.0108109220931001,L1,-0.0157641480245372,L2,-0.002...
testing H1>-5.0
evaluate ot="H1.bs>-5.0" t="H1>-5.0", ctx="{'H1': None}"
check iteration duration=0.000536918640137
GetData ===>> H2,-0.241381461337754,H1,6.30446151172992,AX,-0.0998658615092377,L1,0.000834148862786132,L2,0.051...
check iteration duration=7.41481781006e-05
GetData ===>> H2,-0.111215177431542,H1,6.43248088896769,AX,-0.0363496525316085,L1,-0.00155888414560133,L2,0.053...
check iteration duration=8.39233398438e-05
GetData ===>> H2,-0.266985172890584,H1,6.38584082992144,AX,-0.00654221544750692,L1,-0.00939526557592558,L2,0.12...
check iteration duration=8.70227813721e-05
GetData ===>> H2,-0.263979132428643,H1,6.37329221956298,AX,0.0165213179774577,L1,-0.00784598591252268,L2,0.0667...
check iteration duration=3.981590271e-05
GetData ===>> H2,-0.285254308478636,H1,6.34188769725881,AX,0.0260360374488827,L1,-0.0146121379403257,L2,-0.0065...
testing H1>-5.0
evaluate ot="H1.bs>-5.0" t="H1>-5.0", ctx="{'H1': None}"
check iteration duration=0.000572919845581
GetData ===>> H2,-0.250589533442342,H1,6.29338763556493,AX,-0.00381617711560698,L1,-0.00936289142796697,L2,0.11...
check iteration duration=4.00543212891e-05
GetData ===>> H2,-0.194069543882529,H1,6.3382441710427,AX,-0.010346941308618,L1,-0.0221911895193566,L2,0.108429...
check iteration duration=5.69820404053e-05
GetData ===>> H2,-0.191174188378679,H1,6.438463169321,AX,0.0360158887383057,L1,-0.0358635108546574,L2,-0.001812...
check iteration duration=7.89165496826e-05
GetData ===>> H2,-0.208200599650476,H1,6.43959565644618,AX,-0.0416142978354098,L1,-0.0284607914487199,L2,0.0511...
check iteration duration=7.41481781006e-05
GetData ===>> H2,-0.176377176256399,H1,6.46429188614472,AX,0.02796230116255,L1,-0.050125612904751,L2,-0.0036129...
testing H1>-5.0
evaluate ot="H1.bs>-5.0" t="H1>-5.0", ctx="{'H1': None}"
check iteration duration=0.00054407119751
19:18:49 -- collecting point 25
GetData ===>> H2,-0.246726394283108,H1,6.40704160253878,AX,-0.0560500247265518,L1,-0.0391617221064313,L2,0.2000...
check iteration duration=7.79628753662e-05
GetData ===>> H2,-0.170810278079989,H1,6.6045856296068,AX,-0.0883690116919835,L1,-0.0475575104352879,L2,0.02202...
check iteration duration=4.00543212891e-05
GetData ===>> H2,-0.115313684835765,H1,6.56442439422398,AX,-0.0593079126832711,L1,-0.0519860598669161,L2,0.0180...
check iteration duration=3.79085540771e-05
GetData ===>> H2,-0.178578594486826,H1,6.49069358587322,AX,-0.0506354287399998,L1,0.00343544703354581,L2,0.0650...
check iteration duration=4.00543212891e-05
GetData ===>> H2,-0.211844615593903,H1,6.55624673516104,AX,0.025560279388872,L1,-0.0345573453111514,L2,0.149283...
testing H1>-5.0
evaluate ot="H1.bs>-5.0" t="H1>-5.0", ctx="{'H1': None}"
check iteration duration=0.000638008117676
GetData ===>> H2,-0.220153242327508,H1,6.47850166427795,AX,-0.110422759868517,L1,-0.0575708407337163,L2,0.03307...
check iteration duration=7.60555267334e-05
GetData ===>> H2,-0.190803453895841,H1,6.44913612225471,AX,-0.061383165225238,L1,-0.0573326689968325,L2,0.05768...
check iteration duration=4.19616699219e-05
GetData ===>> H2,-0.199432638823416,H1,6.53763975560999,AX,-0.0288000716254798,L1,-0.0488859212644381,L2,-0.036...
check iteration duration=8.89301300049e-05
GetData ===>> H2,-0.196786763292991,H1,6.57991559544013,AX,-0.0033521629875199,L1,-0.0312647896409915,L2,0.0191...
check iteration duration=5.50746917725e-05
GetData ===>> H2,-0.190888386867949,H1,6.54373902560452,AX,0.033091454254373,L1,-0.0183738301016634,L2,0.071569...
testing H1>-5.0
evaluate ot="H1.bs>-5.0" t="H1>-5.0", ctx="{'H1': None}"
check iteration duration=0.000622034072876
GetData ===>> H2,-0.152641609756756,H1,6.61482240402573,AX,0.0222996586714669,L1,-0.024868710980702,L2,-0.01273...
check iteration duration=4.50611114502e-05
GetData ===>> H2,-0.138028900283045,H1,6.69473116228538,AX,-0.0781342816755332,L1,-0.0317174763936846,L2,0.0198...
check iteration duration=4.10079956055e-05
GetData ===>> H2,-0.158266139362247,H1,6.68290856395137,AX,-0.0447335237988348,L1,-0.00195486786723948,L2,0.016...
check iteration duration=3.91006469727e-05
GetData ===>> H2,-0.166710525961523,H1,6.62634152676207,AX,-0.0638177626285447,L1,-0.0233742289203628,L2,0.0623...
check iteration duration=7.79628753662e-05
GetData ===>> H2,-0.117369149193772,H1,6.65835540934598,AX,0.0359114431369825,L1,-0.0358371495584718,L2,-0.0009...
testing H1>-5.0
evaluate ot="H1.bs>-5.0" t="H1>-5.0", ctx="{'H1': None}"
check iteration duration=0.000566005706787
GetData ===>> H2,-0.209324240319335,H1,6.64675878218495,AX,0.00995438331578418,L1,-0.00341987224728813,L2,-0.00...
check iteration duration=3.91006469727e-05
GetData ===>> H2,-0.309491536585807,H1,6.71163526341603,AX,-0.129366680731177,L1,-0.0401654669714427,L2,0.03841...
check iteration duration=4.10079956055e-05
GetData ===>> H2,-0.250710571455837,H1,6.75389380249552,AX,-0.0215746554526347,L1,-0.0535291916948742,L2,0.0910...
check iteration duration=4.48226928711e-05
GetData ===>> H2,-0.306409215873392,H1,6.82181145633878,AX,-0.0421013211148596,L1,-0.0476831784415371,L2,0.0025...
check iteration duration=3.91006469727e-05
GetData ===>> H2,-0.215813303386509,H1,6.8307652649892,AX,0.0285889252852345,L1,-0.0222918791407526,L2,-0.04884...
testing H1>-5.0
evaluate ot="H1.bs>-5.0" t="H1>-5.0", ctx="{'H1': None}"
check iteration duration=0.000830888748169
GetData ===>> H2,-0.25976188070722,H1,6.77098922091612,AX,0.0202342685945264,L1,-0.00917943595602212,L2,0.00858...
check iteration duration=3.88622283936e-05
GetData ===>> H2,-0.149435638431395,H1,6.72854212703353,AX,-0.0277910970953181,L1,-0.00813019826106758,L2,0.099...
check iteration duration=7.29560852051e-05
GetData ===>> H2,-0.118697763566091,H1,6.82949491165681,AX,-0.112589621452088,L1,0.0114801565863421,L2,0.128381...
check iteration duration=4.41074371338e-05
GetData ===>> H2,-0.175829117207289,H1,6.74594514692684,AX,0.0620386561958372,L1,-0.00274198926391589,L2,0.0490...
check iteration duration=3.91006469727e-05
GetData ===>> H2,-0.236670174383785,H1,6.74770711563773,AX,0.086720521866661,L1,0.0228827449746326,L2,-0.049863...
testing H1>-5.0
evaluate ot="H1.bs>-5.0" t="H1>-5.0", ctx="{'H1': None}"
check iteration duration=0.000576972961426
19:19:15 -- collecting point 50
GetData ===>> H2,-0.26509103054843,H1,6.79975089981635,AX,-0.033717223078434,L1,-0.0483785129967292,L2,0.106890...
check iteration duration=3.91006469727e-05
GetData ===>> H2,-0.297605994212346,H1,6.79914673607935,AX,-0.0752827381853171,L1,-0.00885808105814156,L2,0.082...
check iteration duration=7.60555267334e-05
GetData ===>> H2,-0.258151915725499,H1,6.80528717665034,AX,-0.121523070486967,L1,-0.0111972622639286,L2,0.00710...
check iteration duration=4.19616699219e-05
GetData ===>> H2,-0.305805266635559,H1,6.86387394986674,AX,0.00617221564005168,L1,-0.00344626676776398,L2,0.077...
check iteration duration=4.10079956055e-05
GetData ===>> H2,-0.314292478715508,H1,6.89143970204864,AX,0.0548834767784019,L1,-0.00207126012104875,L2,0.1089...
testing H1>-5.0
evaluate ot="H1.bs>-5.0" t="H1>-5.0", ctx="{'H1': None}"
check iteration duration=0.000540018081665
GetData ===>> H2,-0.261471245238055,H1,6.85880334168314,AX,0.00261061539929724,L1,-0.0134268315295127,L2,-0.001...
check iteration duration=7.79628753662e-05
GetData ===>> H2,-0.261749628051688,H1,6.89524074851533,AX,-0.0174224079628007,L1,0.0175041218169307,L2,0.08406...
check iteration duration=3.88622283936e-05
GetData ===>> H2,-0.218605183654568,H1,6.95516710520787,AX,-0.0645597230600504,L1,0.00895493284646397,L2,-0.002...
check iteration duration=7.48634338379e-05
GetData ===>> H2,-0.0835013397748933,H1,6.90312713087915,AX,-0.0196609321082858,L1,-0.00361303054746417,L2,0.07...
check iteration duration=6.48498535156e-05
GetData ===>> H2,-0.0514512365734958,H1,6.87843328051698,AX,-0.0103005431085031,L1,0.0136302160526053,L2,0.0430...
testing H1>-5.0
evaluate ot="H1.bs>-5.0" t="H1>-5.0", ctx="{'H1': None}"
check iteration duration=0.00053596496582
GetData ===>> H2,-0.172042073000756,H1,6.80997289844403,AX,-0.0778097199643553,L1,-0.0226454835166536,L2,0.1167...
check iteration duration=4.10079956055e-05
GetData ===>> H2,-0.0941282101213226,H1,7.01284662460611,AX,0.0524366884190978,L1,-0.0237265967411467,L2,0.0687...
check iteration duration=4.00543212891e-05
GetData ===>> H2,-0.0981084848598556,H1,7.05508385387927,AX,-0.0561311834024516,L1,-0.0824484680871042,L2,-0.03...
check iteration duration=3.88622283936e-05
GetData ===>> H2,-0.146458724213854,H1,6.96976288698783,AX,-0.0750509017079845,L1,-0.0628307217539154,L2,-0.012...
check iteration duration=4.00543212891e-05
GetData ===>> H2,-0.205161899378256,H1,6.87856901272295,AX,-0.0322560200523668,L1,-0.0106433894405135,L2,0.0615...
testing H1>-5.0
evaluate ot="H1.bs>-5.0" t="H1>-5.0", ctx="{'H1': None}"
check iteration duration=0.000540018081665
GetData ===>> H2,-0.297710657155907,H1,7.02443823345698,AX,0.0699134403136809,L1,-0.0420277590043325,L2,0.04549...
check iteration duration=3.69548797607e-05
GetData ===>> H2,-0.198935067272431,H1,7.03441373376019,AX,0.0672227208011789,L1,-0.0617229777096273,L2,0.01822...
check iteration duration=3.69548797607e-05
GetData ===>> H2,-0.186082605207049,H1,7.01280959279027,AX,0.0122515998323075,L1,-0.0416996374156268,L2,-0.0280...
check iteration duration=4.50611114502e-05
GetData ===>> H2,-0.0773854120372058,H1,6.99043245284547,AX,-0.00274894131409128,L1,-0.0411595307397684,L2,0.07...
check iteration duration=7.60555267334e-05
GetData ===>> H2,-0.067194833456747,H1,7.04242692893227,AX,-0.131614216128063,L1,-0.0458578458632519,L2,0.00811...
testing H1>-5.0
evaluate ot="H1.bs>-5.0" t="H1>-5.0", ctx="{'H1': None}"
check iteration duration=0.000684022903442
GetData ===>> H2,-0.0761439405782777,H1,7.0768079752946,AX,0.0384181684952955,L1,-0.0163650585219133,L2,0.05919...
check iteration duration=8.20159912109e-05
GetData ===>> H2,-0.182812860303788,H1,7.04303195650138,AX,0.0665036617971974,L1,-0.0171794088892312,L2,0.04688...
check iteration duration=3.91006469727e-05
GetData ===>> H2,-0.194046631965752,H1,7.09289095752703,AX,-0.0489309860753003,L1,0.0154420963440537,L2,0.04366...
check iteration duration=3.91006469727e-05
GetData ===>> H2,-0.284484565201353,H1,7.0899755773983,AX,-0.0447103328966343,L1,-0.0103676405232954,L2,0.00804...
check iteration duration=8.39233398438e-05
GetData ===>> H2,-0.188391361052192,H1,7.07830252513768,AX,-0.0651277826916723,L1,-0.00342347150416005,L2,0.016...
testing H1>-5.0
evaluate ot="H1.bs>-5.0" t="H1>-5.0", ctx="{'H1': None}"
check iteration duration=0.000759124755859
19:19:42 -- collecting point 75
GetData ===>> H2,-0.180828161027205,H1,7.08827085921657,AX,-0.0130959951874269,L1,-0.0208929223436284,L2,0.0475...
check iteration duration=4.2200088501e-05
GetData ===>> H2,-0.116592473678632,H1,7.06453124931106,AX,-0.0623801981931571,L1,-0.0293795732667911,L2,0.0253...
check iteration duration=8.32080841064e-05
GetData ===>> H2,-0.144162022268022,H1,7.12707867241293,AX,0.0446968703779686,L1,-0.0173089312965912,L2,0.04948...
check iteration duration=8.20159912109e-05
GetData ===>> H2,-0.128085633638277,H1,7.07616569603295,AX,-0.0274315749075375,L1,-0.0202359329098619,L2,-0.018...
check iteration duration=8.29696655273e-05
GetData ===>> H2,-0.181969641730809,H1,7.0774255552615,AX,0.00149691698812156,L1,-0.0306300357956788,L2,0.04909...
testing H1>-5.0
evaluate ot="H1.bs>-5.0" t="H1>-5.0", ctx="{'H1': None}"
check iteration duration=0.000535011291504
GetData ===>> H2,-0.24189830250699,H1,7.24835896764884,AX,0.071919930413447,L1,-0.014613336359471,L2,0.07110210...
check iteration duration=7.70092010498e-05
GetData ===>> H2,-0.101111389709071,H1,7.17554325441301,AX,0.012135577496297,L1,-0.0594544724280454,L2,0.093405...
check iteration duration=4.41074371338e-05
GetData ===>> H2,-0.250132267011333,H1,7.19161441171574,AX,-0.0299366051206796,L1,-0.0612480219293464,L2,0.0124...
check iteration duration=3.69548797607e-05
GetData ===>> H2,-0.270316962243595,H1,7.22287444875003,AX,-0.0530123227486375,L1,0.00536981845498976,L2,0.0760...
check iteration duration=7.70092010498e-05
GetData ===>> H2,-0.173492262244759,H1,7.30478829695882,AX,0.0256066947070305,L1,-0.0171710138608498,L2,0.07361...
testing H1>-5.0
evaluate ot="H1.bs>-5.0" t="H1>-5.0", ctx="{'H1': None}"
check iteration duration=0.000563859939575
GetData ===>> H2,-0.169259887954901,H1,7.23319356497141,AX,0.0273820972377126,L1,-0.0316180786678311,L2,0.06030...
check iteration duration=8.01086425781e-05
GetData ===>> H2,-0.184391196666899,H1,7.2735159306063,AX,-0.0315717983954921,L1,-0.0686497530474791,L2,0.03199...
check iteration duration=7.91549682617e-05
GetData ===>> H2,-0.168699860245416,H1,7.31438582035888,AX,0.00230898748811197,L1,-0.0440956364888971,L2,0.0217...
check iteration duration=5.69820404053e-05
GetData ===>> H2,-0.27979353666029,H1,7.27943828469997,AX,-0.0327894776680122,L1,-0.0349468160977765,L2,0.02306...
check iteration duration=3.91006469727e-05
GetData ===>> H2,-0.266041502269162,H1,7.30828832184767,AX,-0.0110197127245635,L1,-0.00856309700899234,L2,0.028...
testing H1>-5.0
evaluate ot="H1.bs>-5.0" t="H1>-5.0", ctx="{'H1': None}"
check iteration duration=0.000594854354858
GetData ===>> H2,-0.151943257691371,H1,7.31453424263993,AX,-0.0429246168305142,L1,-0.00745862873597548,L2,0.090...
check iteration duration=7.9870223999e-05
GetData ===>> H2,-0.138984631224456,H1,7.30948800419215,AX,0.0369791145656707,L1,0.0068934561566586,L2,0.067269...
check iteration duration=8.60691070557e-05
GetData ===>> H2,-0.193275686312855,H1,7.36943447157208,AX,0.0776496730945712,L1,-0.0140416742232946,L2,0.11286...
check iteration duration=3.91006469727e-05
GetData ===>> H2,-0.191830695649362,H1,7.30590136627527,AX,-0.0511108121861847,L1,-0.0339255290970954,L2,0.0752...
check iteration duration=8.20159912109e-05
GetData ===>> H2,-0.158580857620904,H1,7.35566220816282,AX,0.019097162424284,L1,-0.0277779396314419,L2,-0.02900...
testing H1>-5.0
evaluate ot="H1.bs>-5.0" t="H1>-5.0", ctx="{'H1': None}"
check iteration duration=0.000550031661987
GetData ===>> H2,-0.124657026540923,H1,7.4685274675715,AX,0.0585595729760573,L1,-0.0112392210843139,L2,0.076029...
check iteration duration=4.19616699219e-05
GetData ===>> H2,-0.153792953711355,H1,7.39295291980311,AX,-0.0267473193326421,L1,-0.0305473950828159,L2,-0.043...
check iteration duration=3.91006469727e-05
GetData ===>> H2,-0.205622810214868,H1,7.32084408960414,AX,-0.00467459742136562,L1,-0.0272999157691551,L2,-0.05...
check iteration duration=4.10079956055e-05
GetData ===>> H2,-0.263850053721362,H1,7.29658905430466,AX,0.0664108803770277,L1,-0.0337064218964235,L2,0.01624...
check iteration duration=4.00543212891e-05
GetData ===>> H2,-0.191230808576136,H1,7.43817475033282,AX,0.00953671340980725,L1,-0.0131235911838947,L2,0.0948...
testing H1>-5.0
evaluate ot="H1.bs>-5.0" t="H1>-5.0", ctx="{'H1': None}"
check iteration duration=0.000566005706787
19:20:08 -- collecting point 100
GetData ===>> H2,-0.260654885015113,H1,7.41553663415109,AX,-0.0313630518475861,L1,-0.00611895355792941,L2,0.036...
check iteration duration=4.00543212891e-05
GetData ===>> H2,-0.157975726349434,H1,7.40324237088765,AX,-0.0197885148352466,L1,-0.0287938146362852,L2,0.0610...
check iteration duration=8.58306884766e-05
GetData ===>> H2,-0.123517082717978,H1,7.48331726898586,AX,-0.0247989042251284,L1,-0.0223326341771683,L2,0.0487...
check iteration duration=4.00543212891e-05
GetData ===>> H2,-0.219877059408486,H1,7.48790934298798,AX,0.0860013188737236,L1,-0.0560902544791171,L2,-0.0677...
check iteration duration=7.5101852417e-05
GetData ===>> H2,-0.160232647487122,H1,7.49214264769338,AX,-0.0194985538502819,L1,-0.0401295351144759,L2,0.1253...
testing H1>-5.0
evaluate ot="H1.bs>-5.0" t="H1>-5.0", ctx="{'H1': None}"
check iteration duration=0.00059700012207
GetData ===>> H2,-0.254655699991564,H1,7.49749022663153,AX,0.0584204122328347,L1,-0.043434728287237,L2,-0.02990...
check iteration duration=7.5101852417e-05
GetData ===>> H2,-0.279138290779713,H1,7.5496207288855,AX,0.0957110074591921,L1,-0.0194458103232619,L2,-0.02243...
check iteration duration=4.29153442383e-05
GetData ===>> H2,-0.150101420185609,H1,7.52112771609668,AX,0.0124256335956249,L1,-0.0104851344638952,L2,0.07671...
check iteration duration=7.79628753662e-05
GetData ===>> H2,-0.250611051406265,H1,7.42106581673585,AX,-0.0428782341584559,L1,-0.0192347807409692,L2,0.0980...
check iteration duration=8.9168548584e-05
GetData ===>> H2,-0.230894888118849,H1,7.55987913711984,AX,-0.00943057276149039,L1,-0.0358323565881008,L2,0.079...
testing H1>-5.0
evaluate ot="H1.bs>-5.0" t="H1>-5.0", ctx="{'H1': None}"
check iteration duration=0.00075101852417
GetData ===>> H2,-0.110878081109833,H1,7.57968110107983,AX,0.0236108560098725,L1,-0.0204565326868803,L2,0.01709...
check iteration duration=8.20159912109e-05
GetData ===>> H2,-0.0312264159802103,H1,7.57067073948015,AX,-0.0336476424793924,L1,-0.00816857230928574,L2,0.04...
check iteration duration=3.91006469727e-05
GetData ===>> H2,-0.128287045613408,H1,7.49539820115335,AX,0.0164052905525158,L1,0.00102979305518653,L2,0.01211...
check iteration duration=8.10623168945e-05
GetData ===>> H2,-0.255341317864572,H1,7.57143807499767,AX,-0.0233723612880815,L1,-0.0216577574499722,L2,-0.005...
check iteration duration=6.41345977783e-05
GetData ===>> H2,-0.174642464989451,H1,7.58585761080937,AX,0.0278230519052277,L1,-0.0452078277016962,L2,0.04413...
testing H1>-5.0
evaluate ot="H1.bs>-5.0" t="H1>-5.0", ctx="{'H1': None}"
check iteration duration=0.000662088394165
GetData ===>> H2,-0.178022543951188,H1,7.61537129510861,AX,0.0772437085685125,L1,-0.0479859720377865,L2,0.09139...
check iteration duration=6.98566436768e-05
GetData ===>> H2,-0.191271251400888,H1,7.67613347769445,AX,-0.0167032856531969,L1,-0.0266732986990566,L2,0.0159...
check iteration duration=3.91006469727e-05
GetData ===>> H2,-0.203854535457743,H1,7.75080657775471,AX,0.0146300881948728,L1,-0.0233406694364839,L2,0.00180...
check iteration duration=7.5101852417e-05
GetData ===>> H2,-0.234190607730689,H1,7.69449545084766,AX,0.0654134856933453,L1,-0.0793480539405298,L2,0.05667...
check iteration duration=8.17775726318e-05
GetData ===>> H2,-0.160148915772282,H1,7.62536377482361,AX,-0.0515282201266426,L1,-0.0380620392766543,L2,-0.004...
testing H1>-5.0
evaluate ot="H1.bs>-5.0" t="H1>-5.0", ctx="{'H1': None}"
check iteration duration=0.000598907470703
GetData ===>> H2,-0.183716720872115,H1,7.69439632217648,AX,0.0178440403962401,L1,-0.0380464655621139,L2,0.04061...
check iteration duration=1.78813934326e-05
waiting for write to finish
measurement finished
estimated time: 125.829 actual time: :126.189
flush and close file /Users/jan/PychronDev/data/isotopes/62/8e2c80-1100-4809-b7cf-9e89a4a8c76e.h5
baselines () {'settling_time': 15.0, 'detector': 'H1', 'mass': 34.2, 'ncounts': 60}
%%%%%%%%%%%%%%%%%%%%%%%%%%%%%%%% Baseline
build tables- baseline [Detector(H2), Detector(H1), Detector(AX), Detector(L1), Detector(L2), Detector(CDD)]
add group baseline table H2
add group baseline table H1
add group baseline table AX
add group baseline table L1
add group baseline table L2
add group baseline table CDD
flush and close file /Users/jan/PychronDev/data/isotopes/62/8e2c80-1100-4809-b7cf-9e89a4a8c76e.h5
detector Detector(H1)
POSITION 34.2 H1
Mapping mass to dac mass func: "parabolic"
H1 map mass coeffs = [-0.00063987  0.15840543  0.57140999]
H1 map mass to dac 34.2 >> 5.24045599104
GetDeflection H1 ===>> 0
GetHighVoltage ===>> 4500
positioning 34.2 (5.24045599104) on H1
setting magnet DAC
current  : 5.879800
requested: 5.240456
Delta Dac: 0.639344
Checking detector protection. dv=0.63934
Checking detector "CDD". Protection Threshold: 0.1 (V)
ProtectDetector CDD,On ===>> OK
GetDeflection CDD ===>> 2000
Protected = 2000
SetMagnetDAC 5.24045599104 ===>> OK
Magnet settling time: 0.500
GetMagnetMoving ===>> True
GetMagnetMoving ===>> True
GetMagnetMoving ===>> True
GetMagnetMoving ===>> True
GetMagnetMoving ===>> True
GetMagnetMoving ===>> True
GetMagnetMoving ===>> True
GetMagnetMoving ===>> True
GetMagnetMoving ===>> False
ProtectDetector CDD,Off ===>> OK
GetDeflection CDD ===>> 50
Delaying 15.0s for detectors to settle
Join finished
measuring baseline. ncounts=60
"baseline" increment series count="2" fit count="1" regressing="True"
starting measurement
check iteration duration=4.60147857666e-05
GetData ===>> H2,-0.26079341488142,H1,-0.112974053655335,AX,-0.100526425518866,L1,0.00976139939615992,L2,-0.054...
check iteration duration=4.19616699219e-05
GetData ===>> H2,-0.148605044519219,H1,-0.0444028512641246,AX,-0.0408837583463594,L1,0.034344484024925,L2,-0.07...
check iteration duration=8.51154327393e-05
GetData ===>> H2,-0.263301452737967,H1,-0.0685684473618718,AX,-0.151116190503496,L1,0.0152055368230295,L2,-0.00...
check iteration duration=6.60419464111e-05
GetData ===>> H2,-0.195162523195553,H1,-0.0668399724530698,AX,-0.108418080236743,L1,0.00287719768123469,L2,-0.0...
testing H1>-5.0
evaluate ot="H1.bs>-5.0" t="H1>-5.0", ctx="{'H1': None}"
check iteration duration=0.00054407119751
GetData ===>> H2,-0.183376769841181,H1,0.0819263486321777,AX,-0.1584663809387,L1,-0.00175447805132769,L2,-0.003...
check iteration duration=3.81469726562e-05
GetData ===>> H2,-0.197656653032724,H1,0.00462581129798703,AX,-0.094221912460511,L1,-0.023238791745968,L2,0.039...
check iteration duration=3.91006469727e-05
GetData ===>> H2,-0.175429530345339,H1,-0.0746834327209232,AX,-0.00520820622827189,L1,0.000261641373991183,L2,-...
check iteration duration=4.00543212891e-05
GetData ===>> H2,-0.191158011127378,H1,-0.0495416584288087,AX,-0.0997615615188361,L1,0.0159200355669693,L2,-0.0...
check iteration duration=9.79900360107e-05
GetData ===>> H2,-0.131373050297385,H1,-0.0480632351451014,AX,-0.032661911982466,L1,-0.0137540331948049,L2,-0.0...
testing H1>-5.0
evaluate ot="H1.bs>-5.0" t="H1>-5.0", ctx="{'H1': None}"
check iteration duration=0.000815153121948
GetData ===>> H2,-0.0932843048811047,H1,-0.0231413623357433,AX,-0.0760477946414859,L1,-0.0394647725878431,L2,-0...
check iteration duration=4.00543212891e-05
GetData ===>> H2,-0.17690091233696,H1,-0.0598304026498518,AX,-0.0522702742668569,L1,-0.0309797541919492,L2,-0.0...
check iteration duration=4.19616699219e-05
GetData ===>> H2,-0.32372742363235,H1,-0.0761972212928839,AX,-0.165769647752107,L1,-0.0496003182338097,L2,0.040...
check iteration duration=3.91006469727e-05
GetData ===>> H2,-0.198282392819156,H1,-0.142273619586475,AX,-0.0459974196113113,L1,-0.0401834328517529,L2,-0.0...
check iteration duration=3.88622283936e-05
GetData ===>> H2,-0.136641798150085,H1,-0.088116016294104,AX,-0.115382136591073,L1,-0.0145606057819974,L2,-0.04...
testing H1>-5.0
evaluate ot="H1.bs>-5.0" t="H1>-5.0", ctx="{'H1': None}"
check iteration duration=0.000576972961426
GetData ===>> H2,-0.171865339572735,H1,-0.0356984691600946,AX,-0.105497894953164,L1,-0.0135179217063867,L2,0.04...
check iteration duration=3.981590271e-05
GetData ===>> H2,-0.186329416423901,H1,0.0381164935302493,AX,-0.0822723485965281,L1,-0.0357856250072247,L2,0.01...
check iteration duration=4.10079956055e-05
GetData ===>> H2,-0.22808018268099,H1,-0.0320614825354724,AX,-0.10261238768401,L1,-0.0641536338481411,L2,0.0059...
check iteration duration=7.79628753662e-05
GetData ===>> H2,-0.22871964408478,H1,-0.0777825028856814,AX,-0.0986606103559158,L1,-0.0187011918808712,L2,0.02...
check iteration duration=3.981590271e-05
GetData ===>> H2,-0.305711316064827,H1,-0.0340171245572616,AX,-0.108870005841178,L1,-0.0341733659126404,L2,0.07...
testing H1>-5.0
evaluate ot="H1.bs>-5.0" t="H1>-5.0", ctx="{'H1': None}"
check iteration duration=0.000580072402954
GetData ===>> H2,-0.355240530002984,H1,-0.0392637802177685,AX,-0.192450890598896,L1,-0.0224237330732607,L2,0.01...
check iteration duration=4.19616699219e-05
GetData ===>> H2,-0.296113770583575,H1,-0.00985511059521367,AX,-0.0544152426980098,L1,-0.0120232194429742,L2,0....
check iteration duration=6.29425048828e-05
GetData ===>> H2,-0.202085984220703,H1,-0.0561108396857744,AX,-0.0138615406739695,L1,-0.0377074317958956,L2,0.0...
check iteration duration=3.88622283936e-05
GetData ===>> H2,-0.268236557315142,H1,-0.0518665540912842,AX,-0.156669461389507,L1,-0.0483737260042445,L2,-0.0...
check iteration duration=7.89165496826e-05
GetData ===>> H2,-0.0519641902783439,H1,-0.0601999670603036,AX,-0.0183966942293455,L1,-0.030279107507193,L2,-0....
testing H1>-5.0
evaluate ot="H1.bs>-5.0" t="H1>-5.0", ctx="{'H1': None}"
check iteration duration=0.000915050506592
19:21:13 -- collecting point 25
GetData ===>> H2,-0.00879621789216907,H1,-0.081751556410725,AX,0.0307937459271972,L1,-0.00763731857347558,L2,-0...
check iteration duration=8.89301300049e-05
GetData ===>> H2,-0.112674458945095,H1,-0.0176791850720502,AX,-0.150791563607303,L1,-0.0218939095184791,L2,-0.0...
check iteration duration=8.60691070557e-05
GetData ===>> H2,-0.259870726476383,H1,-0.0933717538059263,AX,-0.0826664410296429,L1,-0.0466143518011076,L2,-0....
check iteration duration=7.79628753662e-05
GetData ===>> H2,-0.320122219128436,H1,0.0168419904772012,AX,-0.0715964727616593,L1,-0.0651726118182881,L2,-0.0...
check iteration duration=5.10215759277e-05
GetData ===>> H2,-0.291348603979626,H1,-0.0306782004706239,AX,-0.0677013990678227,L1,-0.0412469557405745,L2,-0....
testing H1>-5.0
evaluate ot="H1.bs>-5.0" t="H1>-5.0", ctx="{'H1': None}"
check iteration duration=0.000543117523193
GetData ===>> H2,-0.268038979530684,H1,-0.124888389045474,AX,-0.0677709553225099,L1,-0.0642325724575005,L2,0.05...
check iteration duration=7.48634338379e-05
GetData ===>> H2,-0.199548600864339,H1,-0.0548471105472846,AX,-0.141388507246673,L1,-0.0294730040034271,L2,-0.0...
check iteration duration=3.91006469727e-05
GetData ===>> H2,-0.186523624745765,H1,-0.0822879029200195,AX,-0.0512963270474305,L1,-0.0319809354912348,L2,-0....
check iteration duration=8.29696655273e-05
GetData ===>> H2,-0.202754615367285,H1,-0.0568738382316745,AX,-0.207248753964757,L1,-0.050159115961012,L2,-0.02...
check iteration duration=7.9870223999e-05
GetData ===>> H2,-0.207138831779425,H1,-0.099652057653876,AX,-0.108336965162474,L1,-0.0608017583673025,L2,-0.04...
testing H1>-5.0
evaluate ot="H1.bs>-5.0" t="H1>-5.0", ctx="{'H1': None}"
check iteration duration=0.000593185424805
GetData ===>> H2,-0.142636484916493,H1,-0.0778540187564623,AX,-0.0123768409122037,L1,-0.00897199534873106,L2,-0...
check iteration duration=8.10623168945e-05
GetData ===>> H2,-0.137305627447467,H1,-0.0670783845604149,AX,-0.0148822586230972,L1,0.0181995650809433,L2,-0.0...
check iteration duration=4.10079956055e-05
GetData ===>> H2,-0.217042089483738,H1,-0.0177149644956519,AX,-0.0346913462412732,L1,-0.0239686926475002,L2,0.0...
check iteration duration=4.10079956055e-05
GetData ===>> H2,-0.230767023353809,H1,-0.0833367500076896,AX,-0.054635534075925,L1,-0.0611547030392575,L2,-0.1...
check iteration duration=4.00543212891e-05
GetData ===>> H2,-0.182362252111331,H1,0.000569987706122843,AX,-0.0606063999032219,L1,-0.0472582945694832,L2,-0...
testing H1>-5.0
evaluate ot="H1.bs>-5.0" t="H1>-5.0", ctx="{'H1': None}"
check iteration duration=0.000540971755981
GetData ===>> H2,-0.233474755283835,H1,-0.0665896391290886,AX,-0.040292365219539,L1,-0.043282665357714,L2,0.065...
check iteration duration=4.19616699219e-05
GetData ===>> H2,-0.35896451495741,H1,-0.0374274820233332,AX,-0.0672145038930635,L1,-0.0183462496850473,L2,-0.0...
check iteration duration=8.10623168945e-05
GetData ===>> H2,-0.307343260233949,H1,0.00692816074898697,AX,-0.0548906076799723,L1,-0.0374618348228508,L2,-0....
check iteration duration=8.20159912109e-05
GetData ===>> H2,-0.180824113018521,H1,0.00806146101475238,AX,-0.0162161352634661,L1,-0.0175799635317942,L2,-0....
check iteration duration=5.00679016113e-05
GetData ===>> H2,-0.208404048864202,H1,-0.0497204984742481,AX,-0.131359343590442,L1,-0.052025538287304,L2,-0.00...
testing H1>-5.0
evaluate ot="H1.bs>-5.0" t="H1>-5.0", ctx="{'H1': None}"
check iteration duration=0.000576972961426
GetData ===>> H2,-0.287035397630494,H1,-0.0267190461362031,AX,-0.0959371513200424,L1,-0.0635029646950222,L2,0.0...
check iteration duration=7.60555267334e-05
GetData ===>> H2,-0.177618985322953,H1,0.00995827648304655,AX,-0.0602006245082595,L1,-0.0224824674504048,L2,-0....
check iteration duration=7.60555267334e-05
GetData ===>> H2,-0.146085879525049,H1,-0.0400030595885113,AX,-0.118580105256888,L1,-0.0319869231177603,L2,-0.0...
check iteration duration=4.00543212891e-05
GetData ===>> H2,-0.191792950883304,H1,-0.0253953180351594,AX,-0.0899220929467009,L1,-0.0431892712367114,L2,-0....
check iteration duration=8.01086425781e-05
GetData ===>> H2,-0.225038543465209,H1,-0.0550140190840541,AX,-0.0452669130243657,L1,-0.0433557037449154,L2,0.0...
testing H1>-5.0
evaluate ot="H1.bs>-5.0" t="H1>-5.0", ctx="{'H1': None}"
check iteration duration=0.000541925430298
19:21:40 -- collecting point 50
GetData ===>> H2,-0.215421479334974,H1,-0.0657671109408174,AX,-0.0810436972358007,L1,-0.0411786924488596,L2,-0....
check iteration duration=4.00543212891e-05
GetData ===>> H2,-0.157362457679158,H1,-0.0487786039773617,AX,-0.0950331778521365,L1,-0.0312108970032812,L2,-0....
check iteration duration=4.00543212891e-05
GetData ===>> H2,-0.214263431971831,H1,-0.00495282546710814,AX,-0.104733070036887,L1,-0.00465194268007568,L2,-0...
check iteration duration=8.51154327393e-05
GetData ===>> H2,-0.190860075948069,H1,-0.0546325134481716,AX,-0.111106427290953,L1,-0.0312348493223681,L2,0.01...
check iteration duration=4.29153442383e-05
GetData ===>> H2,-0.190404395208542,H1,-0.0873175014025616,AX,-0.048304856782657,L1,-0.000356438139963775,L2,0....
testing H1>-5.0
evaluate ot="H1.bs>-5.0" t="H1>-5.0", ctx="{'H1': None}"
check iteration duration=0.000552892684937
GetData ===>> H2,-0.202301676005611,H1,-0.0600211457417952,AX,-0.18815132408954,L1,-0.0108999490398712,L2,-0.00...
check iteration duration=7.91549682617e-05
GetData ===>> H2,-0.257880429881761,H1,-0.0607483504445614,AX,-0.11575292095464,L1,-0.0228959957043311,L2,0.007...
check iteration duration=4.10079956055e-05
GetData ===>> H2,-0.205920640268354,H1,-0.0532137766036776,AX,0.0479930607984822,L1,-0.0610506155616176,L2,-0.0...
check iteration duration=6.98566436768e-05
GetData ===>> H2,-0.154528022961164,H1,-0.0478963150151166,AX,-0.0665421208368379,L1,-0.0532014455400763,L2,-0....
check iteration duration=8.51154327393e-05
GetData ===>> H2,-0.196448229983188,H1,0.0570322849499984,AX,-0.0492440492109363,L1,-0.0444751601367543,L2,-0.0...
testing H1>-5.0
evaluate ot="H1.bs>-5.0" t="H1>-5.0", ctx="{'H1': None}"
check iteration duration=0.00102186203003
GetData ===>> H2,-0.205047342601083,H1,-0.0297480517804648,AX,-0.0116924794904056,L1,-0.00645478860979834,L2,-0...
check iteration duration=1.78813934326e-05
waiting for write to finish
measurement finished
estimated time: 62.915 actual time: :63.144
flush and close file /Users/jan/PychronDev/data/isotopes/62/8e2c80-1100-4809-b7cf-9e89a4a8c76e.h5
activate_detectors ('H1', 'AX', 'CDD') {'peak_center': True}
peak_center () {'detector': 'H1', 'integration_time': 0.262144, 'isotope': 'Ar40'}
peak center: mean=7.62799315248 threshold=3
peak center started
setup peak center. detector=['H1', 'AX', 'CDD'], isotope=Ar40
VersionedUnpickler [<apptools.sweet_pickle.versioned_unpickler.VersionedUnpickler object at 0x12ec55dd0>] using Updater [<apptools.sweet_pickle.updater.Updater object at 0x10792a3b0>]
VersionedUnpickler [<apptools.sweet_pickle.versioned_unpickler.VersionedUnpickler object at 0x12ec55dd0>] using Updater [<apptools.sweet_pickle.updater.Updater object at 0x10792a3b0>]
VersionedUnpickler [<apptools.sweet_pickle.versioned_unpickler.VersionedUnpickler object at 0x1321723b0>] using Updater [<apptools.sweet_pickle.updater.Updater object at 0x10792a3b0>]
setting integration time = 0.524288
SetIntegrationTime 0.524288 ===>> OK
Mapping mass to dac mass func: "parabolic"
H1 map mass coeffs = [-0.00063987  0.15840543  0.57140999]
H1 map mass to dac 39.9624 >> 5.8798
GetDeflection H1 ===>> 0
GetHighVoltage ===>> 4500
do peak center. <pychron.spectrometer.jobs.peak_center.PeakCenter object at 0x1354fb530>
doing pc
starting peak center. center dac= 5.8798 step_width=0.001
width = 0.001
get scan parameters. half-width=0.015,window=0.015, i=0, scalar=1
Scan parameters center=5.87980 width=0.03000 (5.86480 - 5.89480)
GetData ===>> H2,-0.1064856638035,H1,-0.042781270335923,AX,-0.0743669808813991,L1,-0.0130792430157065,L2,-0.019...
Moving to starting dac 5.8648
setting magnet DAC
current  : 5.240456
requested: 5.864800
Delta Dac: 0.624344
Checking detector protection. dv=0.62434
Checking detector "CDD". Protection Threshold: 0.1 (V)
ProtectDetector CDD,On ===>> OK
GetDeflection CDD ===>> 2000
Protected = 2000
SetMagnetDAC 5.8648 ===>> OK
Magnet settling time: 0.500
GetMagnetMoving ===>> True
GetMagnetMoving ===>> True
GetMagnetMoving ===>> True
GetMagnetMoving ===>> True
GetMagnetMoving ===>> True
GetMagnetMoving ===>> True
GetMagnetMoving ===>> True
GetMagnetMoving ===>> True
GetMagnetMoving ===>> False
ProtectDetector CDD,Off ===>> OK
GetDeflection CDD ===>> 50
Wait until signal near baseline. tol= -0.0320859527519. timeout= 10
GetData ===>> H2,-0.21583350013452,H1,0.0443219113415829,AX,0.0169970318656025,L1,0.0122897171750899,L2,0.08331...
GetData ===>> H2,0.227150610755484,H1,-0.0351499484932958,AX,-0.0697301027392149,L1,0.0312200279634027,L2,-0.07...
Peak center baseline intensity achieved
_do_sweep sm= 5.8648, em= 5.8948, stm= 0.001
calculated step values: start=5.8648, end=5.8948, width=0.001, nsteps=31.0
setting magnet DAC
current  : 5.864800
requested: 5.864800
Delta Dac: 0.000000
Checking detector protection. dv=0.00000
Checking detector "CDD". Protection Threshold: 0.1 (V)
SetMagnetDAC 5.8648 ===>> OK
GetData ===>> H2,0.227150610755484,H1,-0.0351499484932958,AX,-0.0697301027392149,L1,0.0312200279634027,L2,-0.07...
setting magnet DAC
current  : 5.864800
requested: 5.865834
Delta Dac: 0.001034
Checking detector protection. dv=0.00103
Checking detector "CDD". Protection Threshold: 0.1 (V)
SetMagnetDAC 5.86583448276 ===>> OK
Magnet settling time: 1.049
GetData ===>> H2,-0.134658739913438,H1,-0.0265640158222389,AX,-0.129436192913383,L1,-0.0451826880331291,L2,-0.0...
setting magnet DAC
current  : 5.865834
requested: 5.866869
Delta Dac: 0.001034
Checking detector protection. dv=0.00103
Checking detector "CDD". Protection Threshold: 0.1 (V)
SetMagnetDAC 5.86686896552 ===>> OK
Magnet settling time: 1.049
GetData ===>> H2,-0.136774188962499,H1,-0.00364073762344468,AX,-0.189267754353619,L1,-0.0325903284402276,L2,-0....
setting magnet DAC
current  : 5.866869
requested: 5.867903
Delta Dac: 0.001034
Checking detector protection. dv=0.00103
Checking detector "CDD". Protection Threshold: 0.1 (V)
SetMagnetDAC 5.86790344828 ===>> OK
Magnet settling time: 1.049
GetData ===>> H2,-0.104363397806081,H1,0.15140054937135,AX,-0.13066423327557,L1,-0.056434181807097,L2,0.0113191...
setting magnet DAC
current  : 5.867903
requested: 5.868938
Delta Dac: 0.001034
Checking detector protection. dv=0.00103
Checking detector "CDD". Protection Threshold: 0.1 (V)
SetMagnetDAC 5.86893793103 ===>> OK
Magnet settling time: 1.049
GetData ===>> H2,-0.133110402697949,H1,0.695141289538604,AX,-0.187693101670755,L1,-0.0321213760935226,L2,0.0042...
setting magnet DAC
current  : 5.868938
requested: 5.869972
Delta Dac: 0.001034
Checking detector protection. dv=0.00103
Checking detector "CDD". Protection Threshold: 0.1 (V)
SetMagnetDAC 5.86997241379 ===>> OK
Magnet settling time: 1.049
GetData ===>> H2,-0.0870658660997262,H1,2.01852477349493,AX,-0.0618700895788731,L1,-0.00224044646190689,L2,0.05...
setting magnet DAC
current  : 5.869972
requested: 5.871007
Delta Dac: 0.001034
Checking detector protection. dv=0.00103
Checking detector "CDD". Protection Threshold: 0.1 (V)
SetMagnetDAC 5.87100689655 ===>> OK
Magnet settling time: 1.049
GetData ===>> H2,-0.0818161974972722,H1,4.10398651250643,AX,-0.0345521863864381,L1,-0.0336525681697625,L2,0.021...
setting magnet DAC
current  : 5.871007
requested: 5.872041
Delta Dac: 0.001034
Checking detector protection. dv=0.00103
Checking detector "CDD". Protection Threshold: 0.1 (V)
SetMagnetDAC 5.87204137931 ===>> OK
Magnet settling time: 1.049
GetData ===>> H2,-0.164472444791288,H1,6.27348665672234,AX,0.0114510485285104,L1,-0.0196358554133147,L2,-0.0065...
setting magnet DAC
current  : 5.872041
requested: 5.873076
Delta Dac: 0.001034
Checking detector protection. dv=0.00103
Checking detector "CDD". Protection Threshold: 0.1 (V)
SetMagnetDAC 5.87307586207 ===>> OK
Magnet settling time: 1.049
GetData ===>> H2,-0.15491040227138,H1,7.74964647845986,AX,-0.0159261636357792,L1,-0.0380931866333448,L2,-0.0097...
setting magnet DAC
current  : 5.873076
requested: 5.874110
Delta Dac: 0.001034
Checking detector protection. dv=0.00103
Checking detector "CDD". Protection Threshold: 0.1 (V)
SetMagnetDAC 5.87411034483 ===>> OK
Magnet settling time: 1.049
GetData ===>> H2,-0.208969914846597,H1,8.40478034348047,AX,0.0706250858203095,L1,-0.0484981870674441,L2,0.19507...
setting magnet DAC
current  : 5.874110
requested: 5.875145
Delta Dac: 0.001034
Checking detector protection. dv=0.00103
Checking detector "CDD". Protection Threshold: 0.1 (V)
SetMagnetDAC 5.87514482759 ===>> OK
Magnet settling time: 1.049
GetData ===>> H2,-0.297918638324071,H1,8.66171082229059,AX,0.0406928455088269,L1,-0.04458889471592,L2,0.0329362...
setting magnet DAC
current  : 5.875145
requested: 5.876179
Delta Dac: 0.001034
Checking detector protection. dv=0.00103
Checking detector "CDD". Protection Threshold: 0.1 (V)
SetMagnetDAC 5.87617931034 ===>> OK
Magnet settling time: 1.049
GetData ===>> H2,-0.253499465703399,H1,8.76375379741814,AX,-0.0520151937943878,L1,-0.0353997816018917,L2,-0.021...
setting magnet DAC
current  : 5.876179
requested: 5.877214
Delta Dac: 0.001034
Checking detector protection. dv=0.00103
Checking detector "CDD". Protection Threshold: 0.1 (V)
SetMagnetDAC 5.8772137931 ===>> OK
Magnet settling time: 1.049
GetData ===>> H2,-0.0591814088628128,H1,8.82791767141759,AX,0.0614716517762955,L1,-0.0726025636289192,L2,0.0231...
setting magnet DAC
current  : 5.877214
requested: 5.878248
Delta Dac: 0.001034
Checking detector protection. dv=0.00103
Checking detector "CDD". Protection Threshold: 0.1 (V)
SetMagnetDAC 5.87824827586 ===>> OK
Magnet settling time: 1.049
GetData ===>> H2,-0.189182895374513,H1,8.74677290669557,AX,-0.0579978142677445,L1,-0.0514393276062974,L2,0.0842...
setting magnet DAC
current  : 5.878248
requested: 5.879283
Delta Dac: 0.001034
Checking detector protection. dv=0.00103
Checking detector "CDD". Protection Threshold: 0.1 (V)
SetMagnetDAC 5.87928275862 ===>> OK
Magnet settling time: 1.049
GetData ===>> H2,-0.220986530941328,H1,8.8902609855402,AX,0.119627967402231,L1,-0.000133213798658504,L2,0.03915...
setting magnet DAC
current  : 5.879283
requested: 5.880317
Delta Dac: 0.001034
Checking detector protection. dv=0.00103
Checking detector "CDD". Protection Threshold: 0.1 (V)
SetMagnetDAC 5.88031724138 ===>> OK
Magnet settling time: 1.049
GetData ===>> H2,-0.116219001031909,H1,8.79381325396908,AX,-0.0550065500062343,L1,-0.0322410088724713,L2,0.1603...
setting magnet DAC
current  : 5.880317
requested: 5.881352
Delta Dac: 0.001034
Checking detector protection. dv=0.00103
Checking detector "CDD". Protection Threshold: 0.1 (V)
SetMagnetDAC 5.88135172414 ===>> OK
Magnet settling time: 1.049
GetData ===>> H2,-0.0324378457706276,H1,8.82418034057018,AX,0.138480012582625,L1,-0.0358934667891399,L2,-0.0490...
setting magnet DAC
current  : 5.881352
requested: 5.882386
Delta Dac: 0.001034
Checking detector protection. dv=0.00103
Checking detector "CDD". Protection Threshold: 0.1 (V)
SetMagnetDAC 5.8823862069 ===>> OK
Magnet settling time: 1.049
GetData ===>> H2,-0.19159656740616,H1,8.67191063483912,AX,0.188305928369499,L1,-0.0162119004245875,L2,-0.177625...
setting magnet DAC
current  : 5.882386
requested: 5.883421
Delta Dac: 0.001034
Checking detector protection. dv=0.00103
Checking detector "CDD". Protection Threshold: 0.1 (V)
SetMagnetDAC 5.88342068966 ===>> OK
Magnet settling time: 1.049
GetData ===>> H2,-0.185405112065239,H1,8.80141042580462,AX,0.174988686627223,L1,-0.0622249106573756,L2,-0.00651...
setting magnet DAC
current  : 5.883421
requested: 5.884455
Delta Dac: 0.001034
Checking detector protection. dv=0.00103
Checking detector "CDD". Protection Threshold: 0.1 (V)
SetMagnetDAC 5.88445517241 ===>> OK
Magnet settling time: 1.049
GetData ===>> H2,-0.20307274050475,H1,8.84244469989308,AX,-0.0412780184343292,L1,-0.0451946593117186,L2,-0.0915...
setting magnet DAC
current  : 5.884455
requested: 5.885490
Delta Dac: 0.001034
Checking detector protection. dv=0.00103
Checking detector "CDD". Protection Threshold: 0.1 (V)
SetMagnetDAC 5.88548965517 ===>> OK
Magnet settling time: 1.049
GetData ===>> H2,-0.238753819587078,H1,8.58859987574603,AX,0.172204824313792,L1,-0.0249815077871328,L2,-0.06406...
setting magnet DAC
current  : 5.885490
requested: 5.886524
Delta Dac: 0.001034
Checking detector protection. dv=0.00103
Checking detector "CDD". Protection Threshold: 0.1 (V)
SetMagnetDAC 5.88652413793 ===>> OK
Magnet settling time: 1.049
GetData ===>> H2,-0.181911831186526,H1,8.06126872021113,AX,0.121366933195398,L1,-0.00841800005694447,L2,-0.1139...
setting magnet DAC
current  : 5.886524
requested: 5.887559
Delta Dac: 0.001034
Checking detector protection. dv=0.00103
Checking detector "CDD". Protection Threshold: 0.1 (V)
SetMagnetDAC 5.88755862069 ===>> OK
Magnet settling time: 1.049
GetData ===>> H2,-0.213730151670389,H1,6.55397921540775,AX,-0.00219211798989812,L1,-0.0161759534991975,L2,0.048...
setting magnet DAC
current  : 5.887559
requested: 5.888593
Delta Dac: 0.001034
Checking detector protection. dv=0.00103
Checking detector "CDD". Protection Threshold: 0.1 (V)
SetMagnetDAC 5.88859310345 ===>> OK
Magnet settling time: 1.049
GetData ===>> H2,-0.059100117686937,H1,4.39110828755911,AX,-0.0329518337532615,L1,-0.00310673197458322,L2,0.065...
setting magnet DAC
current  : 5.888593
requested: 5.889628
Delta Dac: 0.001034
Checking detector protection. dv=0.00103
Checking detector "CDD". Protection Threshold: 0.1 (V)
SetMagnetDAC 5.88962758621 ===>> OK
Magnet settling time: 1.049
GetData ===>> H2,-0.0613895970591712,H1,2.21051000372727,AX,-0.0232331852478958,L1,-0.0446918533300128,L2,0.155...
setting magnet DAC
current  : 5.889628
requested: 5.890662
Delta Dac: 0.001034
Checking detector protection. dv=0.00103
Checking detector "CDD". Protection Threshold: 0.1 (V)
SetMagnetDAC 5.89066206897 ===>> OK
Magnet settling time: 1.049
GetData ===>> H2,-0.21238337227345,H1,0.755252422628528,AX,-0.146395680786137,L1,-0.0393677495151183,L2,0.01225...
setting magnet DAC
current  : 5.890662
requested: 5.891697
Delta Dac: 0.001034
Checking detector protection. dv=0.00103
Checking detector "CDD". Protection Threshold: 0.1 (V)
SetMagnetDAC 5.89169655172 ===>> OK
Magnet settling time: 1.049
GetData ===>> H2,-0.196209497216694,H1,0.193977989521677,AX,-0.0792818304733749,L1,-0.0663543231209686,L2,-0.00...
setting magnet DAC
current  : 5.891697
requested: 5.892731
Delta Dac: 0.001034
Checking detector protection. dv=0.00103
Checking detector "CDD". Protection Threshold: 0.1 (V)
SetMagnetDAC 5.89273103448 ===>> OK
Magnet settling time: 1.049
GetData ===>> H2,-0.252907858166205,H1,0.0602906968843577,AX,-0.0747379215873061,L1,-0.0273085654567901,L2,0.05...
setting magnet DAC
current  : 5.892731
requested: 5.893766
Delta Dac: 0.001034
Checking detector protection. dv=0.00103
Checking detector "CDD". Protection Threshold: 0.1 (V)
SetMagnetDAC 5.89376551724 ===>> OK
Magnet settling time: 1.049
GetData ===>> H2,-0.287152246581452,H1,0.0223421437520301,AX,-0.0691272923507591,L1,-0.0057939025349214,L2,-0.0...
setting magnet DAC
current  : 5.893766
requested: 5.894800
Delta Dac: 0.001034
Checking detector protection. dv=0.00103
Checking detector "CDD". Protection Threshold: 0.1 (V)
SetMagnetDAC 5.8948 ===>> OK
Magnet settling time: 1.049
GetData ===>> H2,-0.176475695550085,H1,-0.0939914597614109,AX,-0.048304856782657,L1,-0.0267053059098871,L2,0.04...
result of _do_sweep=True
result of _calculate_peak_center=([5.87228496993988, 5.8799202404809625, 5.887555511022045], [6.6210794003184343, 8.8896811394585491, 6.5499705080075454], 5.8792889779559125, 8.8896811394585491)
Failed to find a valid peak. No peak greater than 1.0. max = 0.187932298341
Failed to find a valid peak. No peak greater than 1.0. max = 0.0121890734768
new center pos Detector(H1) (Ar40) @ 5.87992024048
GetHighVoltage ===>> 4500
GetDeflection H1 ===>> 0
dac uncorrected for HV and deflection 5.87992024048
update mftable H1 Ar40 5.87992024048 message=automated run peakcenter
get initial guess parabolic
get initial guess parabolic
get initial guess parabolic
get initial guess parabolic
get initial guess parabolic
get initial guess parabolic
dump mftable to /Users/jan/PychronDev/setupfiles/spectrometer/mftables/mftable.csv
add to repo msg=modified - automated run peakcenter
sweep finished
locally archiving mftable
setting magnet DAC
current  : 5.894800
requested: 5.879920
Delta Dac: 0.014880
Checking detector protection. dv=0.01488
Checking detector "CDD". Protection Threshold: 0.1 (V)
SetMagnetDAC 5.87992024048 ===>> OK
Magnet settling time: 0.500
setting integration time = 1.048576
SetIntegrationTime 1.048576 ===>> OK
Failed to find a valid peak. No peak greater than 1.0. max = 0.187932298341
Failed to find a valid peak. No peak greater than 1.0. max = 0.0121890734768
flush and close file /Users/jan/PychronDev/data/isotopes/62/8e2c80-1100-4809-b7cf-9e89a4a8c76e.h5
finished measure script
executed snippet estimated_duration=226.132928, duration=263.180433989
jan_unknown120_60.py completed successfully
Measurement Finished
19:22:28 -- ******* Measurement Finished *******
Post Measurement Started jan_pump_ms.py
19:22:28 -- ******* Post Measurement Started jan_pump_ms.py *******
testing...
no interpolation path defined
executed snippet estimated_duration=0, duration=4.10079956055e-05
Pumping spectrometer
open () {'name': 'O'}
opening name=O desc=---
checking ownership. requestor=129.138.12.150
check software interlocks O
interlocks []
actuate state mode=None-script, software_lock=False
doing actuation None-script open_channel True
Open O ===>> OK
set states for children of O. state=True
handle state [('O', True)]
update switch state O True args=() kw={'refresh': False} ncanvase=3
refresh_canvas_needed fired
GetIndicatorState O ===>> OK
change switch state (True, True)
update switch state O True args=() kw={} ncanvase=3
19:22:29 -- OPEN   VALVE-O (Jan Ion Pump)
---------------------------------------- open O () result=[(True, True)], time=0.55 sec
action=open, ok=True, locked=[False]
executed snippet estimated_duration=0, duration=0.798284769058
jan_pump_ms.py completed successfully
setting _ms_pumptime
Post Measurement Finished
19:22:29 -- ******* Post Measurement Finished *******
$$$$$$$$$$$$$$$$$$$$ state at run end measurement
state changed from measurement to success
post measurement save measured=True aborted=False
Set filtering
setting fod for Ar40= {'filter_outliers': True, 'std_devs': 2, 'iterations': 1}
setting fod for H1= {'filter_outliers': True, 'std_devs': 2, 'iterations': 1}
setting fod for PM41= {'filter_outliers': False, 'std_devs': 2, 'iterations': 1}
setting fod for H2= {'filter_outliers': True, 'std_devs': 2, 'iterations': 1}
setting fod for Ar36= {'filter_outliers': True, 'std_devs': 2, 'iterations': 1}
setting fod for CDD= {'filter_outliers': True, 'std_devs': 10, 'iterations': 1}
setting fod for Ar37= {'filter_outliers': True, 'std_devs': 2, 'iterations': 1}
setting fod for L2= {'filter_outliers': True, 'std_devs': 2, 'iterations': 1}
setting fod for Ar38= {'filter_outliers': True, 'std_devs': 2, 'iterations': 1}
setting fod for L1= {'filter_outliers': True, 'std_devs': 2, 'iterations': 1}
setting fod for Ar39= {'filter_outliers': True, 'std_devs': 2, 'iterations': 1}
setting fod for AX= {'filter_outliers': True, 'std_devs': 2, 'iterations': 1}
persistence save...
persistence save - db
post measurement save
5458147376 connecting to database sqlite:////Users/jan/PychronDev/.appdata/local_lab.db
connected to db sqlite:////Users/jan/PychronDev/.appdata/local_lab.db
create new session 5458147376
close session 5458147376
No database instance. Not saving post measurement to isotopedb database
$$$$$$$$$$$$$$$ auto_save_detector_ic=False
massspec enabled True
create new session 5041968816
MassSpec Database Version: 16.0
close session 5041968816
saving post measurement to secondary database
saving to massspec database 129.138.12.160/massspecdata
setting labnumber to 65266
setting aliquot to 6
setting step to AB
setting uuid to 628e2c80-1100-4809-b7cf-9e89a4a8c76e
setting irradpos to 65266
setting extract_device to Fusions CO2
setting tray to 
setting position to 39
setting power_requested to 0.975
setting extract_value to 0.975
setting duration to 30.0
setting duration_at_request to 30.0
setting first_stage_delay to 30.0
setting cleanup to 30.0
setting comment to F:8 Am-1a
setting irradiation to NM-285
setting level to F
setting irradiation_level to F
setting sample to AM-1a
setting material to Kspar
setting project to REEFenite
setting mass_spectrometer to Jan
no attribute chron_dosages
no attribute production_ratios
no attribute interference_corrections
no attribute production_name
no attribute j
Reference Isotope=Ar40
Reference Detector=H1
%%%%%%%%%%%%%%%%%%%% Comment: F:8 Am-1a %%%%%%%%%%%%%%%%%%%
adding isotope PM41 H2
add baseline dbdet= PM41. original det= H2
get baseline data PM41 H2
Get data baseline <pychron.processing.isotope.Baseline object at 0x140885790> len t=60
baseline PM41. v=-0.208375459767, e=0.00700969211173
get signal data PM41 H2
Get data signal PM41 0.05+/-0.08 len t=120
adding isotope Ar40 H1
add baseline dbdet= Ar40. original det= H1
get baseline data Ar40 H1
Get data baseline <pychron.processing.isotope.Baseline object at 0x140885b50> len t=60
baseline Ar40. v=-0.0493605029631, e=0.0042092100486
get signal data Ar40 H1
Get data signal Ar40 6.040+/-0.009 len t=120
adding isotope Ar39 AX
add baseline dbdet= Ar39. original det= AX
get baseline data Ar39 AX
Get data baseline <pychron.processing.isotope.Baseline object at 0x140885050> len t=60
baseline Ar39. v=-0.0783647552803, e=0.00565335979049
get signal data Ar39 AX
Get data signal Ar39 0.044+/-0.010 len t=120
adding isotope Ar38 L1
add baseline dbdet= Ar38. original det= L1
get baseline data Ar38 L1
Get data baseline <pychron.processing.isotope.Baseline object at 0x140885590> len t=60
baseline Ar38. v=-0.0289803447856, e=0.00284343682417
get signal data Ar38 L1
Get data signal Ar38 0.013+/-0.005 len t=120
adding isotope Ar37 L2
add baseline dbdet= Ar37. original det= L2
get baseline data Ar37 L2
Get data baseline <pychron.processing.isotope.Baseline object at 0x140885710> len t=60
baseline Ar37. v=-0.0263250858676, e=0.00607582016762
get signal data Ar37 L2
Get data signal Ar37 0.065+/-0.010 len t=120
adding isotope Ar36 CDD
add baseline dbdet= Ar36. original det= CDD
get baseline data Ar36 CDD
Get data baseline <pychron.processing.isotope.Baseline object at 0x140885e90> len t=60
baseline Ar36. v=1.24054509808e-05, e=6.41970535022e-06
get signal data Ar36 CDD
Get data signal Ar36 0.00451+/-0.00021 len t=120
65266-06AB added analysis time 0.463114976883s
analysis added to mass spec database
mass spec save time= 0.473
persistence save - dvc
================= post measurement started
create new session 5002436336
close session 5002436336
---------------- Experiment Queue saving disabled
DVC saving peakcenter
Failed to find a valid peak. No peak greater than 1.0. max = 0.187932298341
Failed to find a valid peak. No peak greater than 1.0. max = 0.0121890734768
Smart pull ahead: 0 behind: 0
Up-to-date with origin
add to repo msg=modified - ad8224ebc6dbfeb9f5997218dfa5fe690569839d.json
add to repo msg=modified - 66-06AB.json
add to repo msg=modified - 66-06AB.dat.json
add to repo msg=modified - 66-06AB.blan.json
add to repo msg=modified - 66-06AB.inte.json
add to repo msg=modified - 66-06AB.icfa.json
add to repo msg=modified - 66-06AB.base.json
not at valid file /Users/jan/PychronDev/data/.dvc/repositories/REEFenite/652/tags/66-06AB.tags.json
add to repo msg=modified - 66-06AB.peak.json
add to repo msg=modified - 66-06AB.extr.json
not at valid file /Users/jan/PychronDev/data/.dvc/repositories/REEFenite/652/monitor/66-06AB.moni.json
commit message=<COLLECTION>
add to repo msg=modified - 66-06AB.inte.json
add to repo msg=modified - 66-06AB.base.json
commit message=<ISOEVO> default collection fits
add to repo msg=modified - 66-06AB.blan.json
commit message=<BLANKS> preceding 
add to repo msg=modified - 66-06AB.icfa.json
commit message=<ICFactor> default
push repository <pychron.git_archive.repo_manager.GitRepoManager object at 0x134d7c350>
pushing to remote=origin, url=https://github.com
no changes to meta repo
create new session 5002436336
add association REEFenite
get identifier "65266"
setting analysis irradiation position=<pychron.dvc.dvc_orm.IrradiationPositionTbl object at 0x12f06f250>
close session 5002436336
================= post measurement finished
19:22:50 -- ******* Post Run Check *******
loading queue conditionals post_run_actions
loading system conditionals post_run_actions
loading conditionals from /Users/jan/PychronDev/setupfiles/spectrometer/default_conditionals.yaml
loading queue conditionals post_run_terminations
loading system conditionals post_run_terminations
loading conditionals from /Users/jan/PychronDev/setupfiles/spectrometer/default_conditionals.yaml
Checking default post run terminations n=1
GetDeflection CDD ===>> 50
testing CDD==2000
evaluate ot="CDD.deflection==2000" t="CDD==2000", ctx="{'CDD': 50.0}"
19:22:50 -- ******* Post Run Check Passed *******
19:22:50 -- Automated run 65266-06AB success duration: 364.197 s
----------------- finish -----------------
----------------- stop -----------------
retroactive repository identifiers disabled
finish run. runs completed=9
update duration runid=65266-06AB, duration=364.196617126, md5=3be28e4d
loading script "jan_unknown120_60.py"
loading script "jan_pump_ms.py"
loading script "jan_co2.py"
loading script "jan_pump_extraction_line.py"
testing...
no interpolation path defined
executed snippet estimated_duration=213.652928, duration=0.000213861465454
script duration name:unknown120_60 seconds:214.0
loading script "jan_unknown120_60.py"
loading script "jan_pump_ms.py"
loading script "jan_co2.py"
loading script "jan_pump_extraction_line.py"
testing...
no interpolation path defined
executed snippet estimated_duration=0, duration=3.60012054443e-05
loading script "jan_unknown120_60.py"
loading script "jan_pump_ms.py"
loading script "jan_co2.py"
loading script "jan_pump_extraction_line.py"
testing...
no interpolation path defined
calculate duration
testing...
no interpolation path defined
executed snippet estimated_duration=0, duration=5.10215759277e-05
calculate duration
testing...
no interpolation path defined
executed snippet estimated_duration=0, duration=9.08374786377e-05
executed snippet estimated_duration=0.0, duration=0.00219392776489
script duration name:co2 seconds:0.0
loading script "jan_unknown120_60.py"
loading script "jan_pump_ms.py"
loading script "jan_co2.py"
loading script "jan_pump_extraction_line.py"
testing...
no interpolation path defined
calculate duration
testing...
no interpolation path defined
executed snippet estimated_duration=4.0, duration=0.000172138214111
executed snippet estimated_duration=4.0, duration=0.00131106376648
Script duration 214.0
Run total estimated duration= 215.000
unknown120_60 in script context. using previous estimated duration
script duration name:unknown120_60 seconds:214.0
pump_ms in script context. using previous estimated duration
co2 in script context. using previous estimated duration
script duration name:co2 seconds:0.0
pump_extraction_line in script context. using previous estimated duration
Script duration 214.0
Run total estimated duration= 215.000
script duration name:unknown120_60 seconds:214.0
script duration name:co2 seconds:0.0
Script duration 214.0
Run total estimated duration= 215.000
script duration name:unknown120_60 seconds:214.0
script duration name:co2 seconds:0.0
Script duration 214.0
Run total estimated duration= 215.000
script duration name:unknown120_60 seconds:214.0
script duration name:co2 seconds:0.0
Script duration 214.0
Run total estimated duration= 215.000
script duration name:unknown120_60 seconds:214.0
script duration name:co2 seconds:0.0
Script duration 214.0
Run total estimated duration= 215.000
loading script "jan_unknown400_120.py"
loading script "jan_pump_ms.py"
loading script "jan_sniffair_x2.py"
loading script "jan_pump_extraction_line.py"
testing...
no interpolation path defined
executed snippet estimated_duration=556.052928, duration=0.000328063964844
script duration name:unknown400_120 seconds:556.0
loading script "jan_unknown400_120.py"
loading script "jan_pump_ms.py"
loading script "jan_sniffair_x2.py"
loading script "jan_pump_extraction_line.py"
testing...
no interpolation path defined
calculate duration
testing...
no interpolation path defined
executed snippet estimated_duration=0, duration=4.31537628174e-05
calculate duration
testing...
no interpolation path defined
executed snippet estimated_duration=0, duration=8.82148742676e-05
calculate duration
testing...
no interpolation path defined
executed snippet estimated_duration=32.0, duration=9.41753387451e-05
calculate duration
testing...
no interpolation path defined
executed snippet estimated_duration=34.0, duration=0.000108003616333
calculate duration
testing...
no interpolation path defined
executed snippet estimated_duration=4.0, duration=6.50882720947e-05
calculate duration
testing...
no interpolation path defined
executed snippet estimated_duration=36.0, duration=8.60691070557e-05
calculate duration
testing...
no interpolation path defined
executed snippet estimated_duration=34.0, duration=9.70363616943e-05
calculate duration
testing...
no interpolation path defined
executed snippet estimated_duration=4.0, duration=6.50882720947e-05
calculate duration
testing...
no interpolation path defined
executed snippet estimated_duration=36.0, duration=8.70227813721e-05
calculate duration
testing...
no interpolation path defined
executed snippet estimated_duration=70.0, duration=9.70363616943e-05
executed snippet estimated_duration=250.0, duration=0.0116729736328
script duration name:sniffair_x2 seconds:250.0
Script duration 806.0
Run total estimated duration= 807.000
unknown400_120 in script context. using previous estimated duration
script duration name:unknown400_120 seconds:556.0
sniffair_x2 in script context. using previous estimated duration
script duration name:sniffair_x2 seconds:250.0
Script duration 806.0
Run total estimated duration= 807.000
script duration name:unknown400_120 seconds:556.0
loading script "jan_unknown400_120.py"
loading script "jan_pump_ms.py"
loading script "jan_cocktail_x1.py"
loading script "jan_pump_extraction_line.py"
testing...
no interpolation path defined
calculate duration
testing...
no interpolation path defined
executed snippet estimated_duration=0, duration=5.72204589844e-05
calculate duration
testing...
no interpolation path defined
executed snippet estimated_duration=0, duration=0.000150918960571
calculate duration
testing...
no interpolation path defined
executed snippet estimated_duration=32.0, duration=0.00012993812561
calculate duration
testing...
no interpolation path defined
executed snippet estimated_duration=34.0, duration=9.70363616943e-05
calculate duration
testing...
no interpolation path defined
executed snippet estimated_duration=4.0, duration=8.01086425781e-05
calculate duration
testing...
no interpolation path defined
executed snippet estimated_duration=38.0, duration=0.000188112258911
executed snippet estimated_duration=108.0, duration=0.0136458873749
script duration name:cocktail_x1 seconds:108.0
Script duration 664.0
Run total estimated duration= 665.000
script duration name:unknown400_120 seconds:556.0
cocktail_x1 in script context. using previous estimated duration
script duration name:cocktail_x1 seconds:108.0
Script duration 664.0
Run total estimated duration= 665.000
script duration name:unknown400_120 seconds:556.0
script duration name:co2 seconds:0.0
Script duration 556.0
Run total estimated duration= 557.000
nruns=11 before=5.0, run_dur=4791.0, btw=300.0
write rem/ex queues
/Users/jan/PychronDev/experiments/rem/Load1796.rem.txt
/Users/jan/PychronDev/experiments/rem/Load1796.ex.txt
doing event level: 3
