do run
loading script "jan_unknown120_60.py"
loading script "jan_pump_ms.py"
loading script "jan_co2.py"
loading script "jan_pump_extraction_line.py"
testing...
no interpolation path defined
executed snippet estimated_duration=213.652928, duration=0.000209808349609
script duration name:unknown120_60 seconds:214.0
loading script "jan_unknown120_60.py"
loading script "jan_pump_ms.py"
loading script "jan_co2.py"
loading script "jan_pump_extraction_line.py"
testing...
no interpolation path defined
executed snippet estimated_duration=0, duration=1.90734863281e-05
loading script "jan_unknown120_60.py"
loading script "jan_pump_ms.py"
loading script "jan_co2.py"
loading script "jan_pump_extraction_line.py"
testing...
no interpolation path defined
calculate duration
testing...
no interpolation path defined
executed snippet estimated_duration=0, duration=7.48634338379e-05
calculate duration
testing...
no interpolation path defined
executed snippet estimated_duration=0, duration=7.60555267334e-05
executed snippet estimated_duration=0.0, duration=0.00264716148376
script duration name:co2 seconds:0.0
loading script "jan_unknown120_60.py"
loading script "jan_pump_ms.py"
loading script "jan_co2.py"
loading script "jan_pump_extraction_line.py"
testing...
no interpolation path defined
calculate duration
testing...
no interpolation path defined
executed snippet estimated_duration=4.0, duration=0.000116109848022
executed snippet estimated_duration=4.0, duration=0.00103807449341
Script duration 214.0
Run total estimated duration= 215.000
run duration: 0:03:35
doing event level: 2
13:45:39 -- Setting default integration. t=1.048576
setting integration time = 1.048576
SetIntegrationTime 1.048576 ===>> OK
----------------- start -----------------
**************** Experiment Type: Ar/Ar, Ar/Ar
create new session 5025076144
close session 5025076144
$$$$$ Clearing conditionals
adding conditionals 
Add queue conditionals
add default conditionals
adding default conditionals from /Users/jan/PychronDev/setupfiles/spectrometer/default_conditionals.yaml
Start automated run 65266-06P
loading script "jan_unknown120_60.py"
loading script "jan_pump_ms.py"
loading script "jan_co2.py"
loading script "jan_pump_extraction_line.py"
%%%%%%%%%%%%%%%%%% setting automated run 65266-06P
No value "sensitivity_multiplier" in metadata
$$$$$$$$$$$$$$$ auto_save_detector_ic=False
============================= Pre Extraction Check =============================
loading queue conditionals pre_run_terminations
loading system conditionals pre_run_terminations
loading conditionals from /Users/jan/PychronDev/setupfiles/spectrometer/default_conditionals.yaml
13:45:39 -- ******* Pre Extraction Check *******
Get a measurement from the spectrometer
GetData ===>> H2,-0.214911145174107,H1,-0.00601441122622932,AX,-0.192589956961807,L1,-0.0112152446369436,L2,-0....
Pre Extraction Termination data. keys=H2,H1,AX,L1,L2,CDD, signals=-0.21491,-0.00601,-0.19259,-0.01122,-0.01724,0.00164
13:45:39 -- testing system defined conditionals
Checking default pre extraction terminations n=2
testing CDD
evaluate ot="CDD.inactive" t="CDD", ctx="{'CDD': False}"
GetDeflection CDD ===>> 50
testing CDD==2000
evaluate ot="CDD.deflection==2000" t="CDD==2000", ctx="{'CDD': 50.0}"
13:45:39 -- ******* Pre Extraction Check Passed *******
=================================================================================
13:45:39 -- stopping status monitor
stop 5036714320
Alive clients [5003966800]
13:45:39 -- starting status monitor
start 5036714320
Monitor already running
start extraction
do extraction
Analysis started at 13:45:39.417966
Extraction Started jan_co2.py
13:45:39 -- ******* Extraction Started jan_co2.py *******
state changed from not run to extraction
DO EXTRACTION <pychron.extraction_line.pyscript_runner.RemotePyScriptRunner object at 0x12cc715f0>
testing...
no interpolation path defined
calculate duration
testing...
no interpolation path defined
executed snippet estimated_duration=0, duration=4.6968460083e-05
calculate duration
testing...
no interpolation path defined
executed snippet estimated_duration=0, duration=8.98838043213e-05
executed snippet estimated_duration=100.0, duration=0.0026638507843
Jan CO2 laser analysis
doing GOSUB
testing...
no interpolation path defined
executed snippet estimated_duration=0, duration=4.60147857666e-05
Waiting for CO2 access
wait ('FelixCO2Flag', 0) {}
waiting for FelixCO2Flag = 0
Read FelixCO2Flag ===>> 0
finished waiting
CO2 free
wait ('CO2PumpTimeFlag', 0) {}
waiting for CO2PumpTimeFlag = 0
Read CO2PumpTimeFlag ===>> 0
finished waiting
acquire ('JanCO2Flag',) {'clear': True}
acquire JanCO2Flag
Set JanCO2Flag 1 ===>> OK
JanCO2Flag acquired
set extraction state False (0.75, 'red', 1.5)
CO2 acquired
executed snippet estimated_duration=0, duration=0.101632118225
WaitForCO2Access.py completed successfully
gosub finished
doing GOSUB
testing...
no interpolation path defined
executed snippet estimated_duration=0, duration=0.000141143798828
Prepare for CO2 analysis
close () {'description': 'Jan Inlet'}
closing name=--- desc=Jan Inlet
checking ownership. requestor=129.138.12.150
check software interlocks R
interlocks []
actuate state mode=None-script, software_lock=False
doing actuation None-script close_channel False
Close R ===>> OK
GetIndicatorState R ===>> False
change switch state (True, True)
update switch state R False args=() kw={} ncanvase=2
13:45:39 -- CLOSE  VALVE-R (Jan Inlet)
---------------------------------------- close None (Jan Inlet) result=[(True, True)]
action=close, ok=True, locked=[False]
open () {'description': 'Jan Ion Pump'}
opening name=--- desc=Jan Ion Pump
checking ownership. requestor=129.138.12.150
check software interlocks O
interlocks []
actuate state mode=None-script, software_lock=False
doing actuation None-script open_channel False
Open O ===>> OK
GetIndicatorState O ===>> OK
change switch state (True, True)
update switch state O True args=() kw={} ncanvase=2
13:45:40 -- OPEN   VALVE-O (Jan Ion Pump)
---------------------------------------- open None (Jan Ion Pump) result=[(True, True)], time=0.09 sec
action=open, ok=True, locked=[False]
close () {'description': 'Microbone to Minibone'}
closing name=--- desc=Microbone to Minibone
checking ownership. requestor=129.138.12.150
check software interlocks L
interlocks []
actuate state mode=None-script, software_lock=False
doing actuation None-script close_channel False
Close L ===>> OK
GetIndicatorState L ===>> False
change switch state (True, True)
update switch state L False args=() kw={} ncanvase=2
13:45:40 -- CLOSE  VALVE-L (Microbone to Minibone)
---------------------------------------- close None (Microbone to Minibone) result=[(True, True)]
action=close, ok=True, locked=[False]
open () {'description': 'Microbone to Turbo'}
opening name=--- desc=Microbone to Turbo
checking ownership. requestor=129.138.12.150
check software interlocks U
interlocks []
actuate state mode=None-script, software_lock=False
doing actuation None-script open_channel False
Open U ===>> OK
GetIndicatorState U ===>> OK
change switch state (True, True)
update switch state U True args=() kw={} ncanvase=2
13:45:41 -- OPEN   VALVE-U (Microbone to Turbo)
---------------------------------------- open None (Microbone to Turbo) result=[(True, True)], time=0.11 sec
action=open, ok=True, locked=[False]
open () {'description': 'Microbone to Inlet Pipette'}
opening name=--- desc=Microbone to Inlet Pipette
checking ownership. requestor=129.138.12.150
check software interlocks S
interlocks []
actuate state mode=None-script, software_lock=False
doing actuation None-script open_channel False
Open S ===>> OK
GetIndicatorState S ===>> OK
change switch state (True, True)
update switch state S True args=() kw={} ncanvase=2
13:45:41 -- OPEN   VALVE-S (Microbone to Inlet Pipette)
---------------------------------------- open None (Microbone to Inlet Pipette) result=[(True, True)], time=0.39 sec
action=open, ok=True, locked=[False]
open () {'description': 'Microbone to Getter D-50'}
opening name=--- desc=Microbone to Getter D-50
checking ownership. requestor=129.138.12.150
check software interlocks K
interlocks []
actuate state mode=None-script, software_lock=False
doing actuation None-script open_channel False
Open K ===>> OK
GetIndicatorState K ===>> OK
change switch state (True, True)
update switch state K True args=() kw={} ncanvase=2
13:45:42 -- OPEN   VALVE-K (Microbone to Getter D-50)
---------------------------------------- open None (Microbone to Getter D-50) result=[(True, True)], time=0.40 sec
action=open, ok=True, locked=[False]
open () {'description': 'Microbone to Getter NP-10'}
opening name=--- desc=Microbone to Getter NP-10
checking ownership. requestor=129.138.12.150
check software interlocks M
interlocks []
actuate state mode=None-script, software_lock=False
doing actuation None-script open_channel False
Open M ===>> OK
GetIndicatorState M ===>> OK
change switch state (True, True)
update switch state M True args=() kw={} ncanvase=2
13:45:42 -- OPEN   VALVE-M (Microbone to Getter NP-10)
---------------------------------------- open None (Microbone to Getter NP-10) result=[(True, True)], time=0.11 sec
action=open, ok=True, locked=[False]
close () {'description': 'CO2 Laser to Felix'}
closing name=--- desc=CO2 Laser to Felix
checking ownership. requestor=129.138.12.150
check software interlocks F
interlocks []
actuate state mode=None-script, software_lock=True
VALVE-F(CO2 Laser to Felix) software locked
change switch state (True, False)
---------------------------------------- close None (CO2 Laser to Felix) result=[(True, False)]
action=close, ok=True, locked=[True]
open () {'description': 'CO2 Laser to Jan'}
opening name=--- desc=CO2 Laser to Jan
checking ownership. requestor=129.138.12.150
check software interlocks A
interlocks []
actuate state mode=None-script, software_lock=False
doing actuation None-script open_channel False
Open A ===>> OK
GetIndicatorState A ===>> OK
change switch state (True, True)
update switch state A True args=() kw={} ncanvase=2
13:45:43 -- OPEN   VALVE-A (CO2 Laser to Jan)
---------------------------------------- open None (CO2 Laser to Jan) result=[(True, True)], time=0.11 sec
action=open, ok=True, locked=[False]
open () {'description': 'Microbone to CO2 Laser'}
opening name=--- desc=Microbone to CO2 Laser
checking ownership. requestor=129.138.12.150
check software interlocks T
interlocks []
actuate state mode=None-script, software_lock=False
doing actuation None-script open_channel False
Open T ===>> OK
GetIndicatorState T ===>> OK
change switch state (True, True)
update switch state T True args=() kw={} ncanvase=2
13:45:44 -- OPEN   VALVE-T (Microbone to CO2 Laser)
---------------------------------------- open None (Microbone to CO2 Laser) result=[(True, True)], time=0.41 sec
action=open, ok=True, locked=[False]
executed snippet estimated_duration=0, duration=4.72526502609
PrepareForCO2Analysis.py completed successfully
gosub finished
set_motor ('beam', '1.5') {}
setting motor "beam" to 1.5
set motor beam to 1.5
SetMotor beam,1.5 ===>> OK
GetMotorMoving beam ===>> False
GetMotorMoving beam ===>> False
Block completed
move_to_position ('39',) {'autocenter': True}
FusionsCO2 move to position 39
sending GoToHole 39,True
GoToHole 39,True ===>> OK
GetDriveMoving ===>> False
GetDriveMoving ===>> False
Block completed
GetAutoCorrecting ===>> False
GetAutoCorrecting ===>> False
Block completed
update position
GetPosition ===>> -13.95730,7.97560,1.00000
got position (-13.9573, 7.9756, 1.0)
move to position succeeded
sleep (5,) {}
SLEEP 5.0
block started
WaitControl setup for 5.0  
Join finished
block finished. duration 5.01685214043
close () {'description': 'Microbone to Turbo'}
closing name=--- desc=Microbone to Turbo
checking ownership. requestor=129.138.12.150
check software interlocks U
interlocks []
actuate state mode=None-script, software_lock=False
doing actuation None-script close_channel True
Close U ===>> OK
GetIndicatorState U ===>> False
change switch state (True, True)
update switch state U False args=() kw={} ncanvase=2
13:45:52 -- CLOSE  VALVE-U (Microbone to Turbo)
---------------------------------------- close None (Microbone to Turbo) result=[(True, True)]
action=close, ok=True, locked=[False]
enable laser
enable () {}
set extraction state FusionsCO2 Enabled (False, 'red', 1.5)
enabling laser
Enable ===>> OK
begin interval
BEGIN INTERVAL Interval 1 waiting for 30.0
block started
set extract to 0.675
WaitControl setup for 30.0  
extract (0.675,) {}
GetPosition ===>> -13.95730,7.97560,1.00000
set extraction state FusionsCO2 ON! 0.675(watts) (0.75, 'red', 1.5)
extract sample to 0.675 (watts)
set laser output
SetLaserOutput 0.675,watts ===>> OK
COMPLETE INTERVAL waiting for Interval 1 to complete
Join finished
block finished. duration 30.0410900116
Interval 1 finished
end_extract () {}
ending extraction. set laser power to 0
set laser power 0
SetLaserPower 0 ===>> OK
disable () {}
%%%%%%%%%%%%%%%%%%%%%%%%%%%%%%%%%%% disable
set extraction state False (0.75, 'red', 1.5)
disabling laser
Disable ===>> OK
sleep (30.0,) {}
SLEEP 30.0
block started
WaitControl setup for 30.0  
Join finished
block finished. duration 30.053511858
executed snippet estimated_duration=195.0, duration=73.8791649342
jan_co2.py completed successfully
GetAchievedOutput ===>> No Response
Requested Output= 0.000
Achieved Output=  0.000
GetResponseBlob ===>> No Response
GetOutputBlob ===>> No Response
persistence save...
persistence save - db
AutomatedRunPersister post_extraction_save deprecated
persistence save - dvc
no extraction position for 39
create new session 5002644176
close session 5002644176
Extraction Finished
13:46:53 -- ******* Extraction Finished *******
no overlap. not waiting for min ms pumptime
13:46:53 -- Sending spectrometer configuration
======== Sending configuration ========
SetDeflection CDD,50.0 ===>> OK
SetDeflection H2,0.0 ===>> OK
SetDeflection H1,0.0 ===>> OK
SetDeflection L2,825.0 ===>> OK
SetDeflection L1,400.0 ===>> OK
SetDeflection AX,190.0 ===>> OK
SetZFocus 74.64 ===>> OK
SetZSymmetry -50.72 ===>> OK
SetExtractionLens 26.13 ===>> OK
SetIonRepeller -3.81 ===>> OK
SetElectronEnergy 75.08 ===>> OK
SetYSymmetry -2.81 ===>> OK
SetIonCounterVoltage 1590.0 ===>> OK
send trap current 200.0
GetParameter Trap Current Readback ===>> 198.370811206739
SetParameter Trap Current Set,200.0 ===>> OK
updating mftable name mftable
Using mftable located at /Users/jan/PychronDev/setupfiles/spectrometer/mftables/mftable.csv
============ MFtable ===========
Isotope  H2     H1     AX     L1     L2     CDD    
Ar40     5.8263 5.8798 5.9930 6.1662 6.2313 6.3944
Ar39     5.7255 5.7720 5.8854 6.0522 6.1165 6.2809
Ar36     5.4030 5.4410 5.5487 5.7111 5.7714 5.9320
================================
get initial guess parabolic
get initial guess parabolic
get initial guess parabolic
get initial guess parabolic
get initial guess parabolic
get initial guess parabolic
======== Configuration Finished ========
GetYSymmetry ===>> -2.81
GetZSymmetry ===>> -50.72
GetParameter Trap Current Readback ===>> 198.035158395898
GetHighVoltage ===>> 4500
start measurement
do measurement
L#=65266 analysis type=unknown
Measurement Started jan_unknown120_60.py
13:46:53 -- ******* Measurement Started jan_unknown120_60.py *******
state changed from extraction to measurement
setting spec, defl, and gains
GetExtractionLens ===>> 26.13
GetYSymmetry ===>> -2.81
GetZSymmetry ===>> -50.72
GetZFocus ===>> 74.64
GetDeflection H2 ===>> 0
GetDeflection H1 ===>> 0
GetDeflection AX ===>> 190
GetDeflection L1 ===>> 400
GetDeflection L2 ===>> 825
GetDeflection CDD ===>> 50
GetGain H2 ===>> 0.0113
GetGain H1 ===>> 0.1
GetGain AX ===>> 0.097049
GetGain L1 ===>> 0.010355
GetGain L2 ===>> 0.095649
GetGain CDD ===>> 0
pre measurement save
New frame /Users/jan/PychronDev/data/isotopes/d5/a55286-ba79-43b7-a8d6-3f2c9e519af3.h5
flush and close file /Users/jan/PychronDev/data/isotopes/d5/a55286-ba79-43b7-a8d6-3f2c9e519af3.h5
testing...
no interpolation path defined
executed snippet estimated_duration=226.132928, duration=0.000130891799927
unknown measurement script
activate_detectors ('H2', 'H1', 'AX', 'L1', 'L2', 'CDD') {}
activate detectors
*************** Set Analysis View Ar/Ar
create graphs
clearing graphs
clear isotope group
setting isotope det=H2, iso=PM41
setting isotope det=H1, iso=Ar40
setting isotope det=AX, iso=Ar39
setting isotope det=L1, iso=Ar38
setting isotope det=L2, iso=Ar37
setting isotope det=CDD, iso=Ar36
setting previous blanks
 - setting Ar40 blank 0.366+/-0.007
 - setting Ar36 blank 0.00493+/-0.00017
 - setting Ar37 blank 0.051+/-0.005
 - setting Ar38 blank 0.0068+/-0.0024
 - setting PM41 blank 0.02+/-0.07
 - setting Ar39 blank 0.046+/-0.009
load analysis view
position_magnet ('Ar40',) {'detector': 'H1'}
detector Detector(H1)
POSITION Ar40 H1
setting detector H2 to PM41 (40.9624)
setting detector H1 to Ar40 (39.9624)
setting detector AX to Ar39 (38.9624)
setting detector L1 to Ar38 (37.9624)
setting detector L2 to Ar37 (36.9624)
setting detector CDD to Ar36 (35.9624)
Mapping mass to dac mass func: "parabolic"
H1 map mass coeffs = [-0.00063987  0.15840543  0.57137999]
H1 map mass to dac 39.9624 >> 5.87977
GetDeflection H1 ===>> 0
GetHighVoltage ===>> 4500
positioning Ar40 (5.87977) on H1
setting magnet DAC
current  : 5.879770
requested: 5.879770
Delta Dac: 0.000000
Checking detector protection. dv=0.00000
Checking detector "CDD". Protection Threshold: 0.1 (V)
SetMagnetDAC 5.87977 ===>> OK
Magnet settling time: 0.500
update labels <pychron.experiment.plot_panel.PlotPanel object at 0x146053d10>
update labels "<pychron.graph.stacked_regression_graph.StackedRegressionGraph object at 0x13be2c050>"
setting label 0 H2 PM41
setting label 1 H1 Ar40
setting label 2 AX Ar39
setting label 3 L1 Ar38
setting label 4 L2 Ar37
setting label 5 CDD Ar36
update labels "<pychron.graph.stacked_graph.StackedGraph object at 0x1323c3470>"
setting label 0 H2 PM41
setting label 1 H1 Ar40
equilibrate () {'delay': 3, 'inlet': 'R', 'outlet': 'O', 'eqtime': 12.0}
setting label 2 AX Ar39
Equilibration Started
setting label 3 L1 Ar38
setting label 4 L2 Ar37
13:46:54 -- ******* Equilibration Started *******
setting label 5 CDD Ar36
checking ownership. requestor=129.138.12.150
check software interlocks O
interlocks []
actuate state mode=None-script, software_lock=False
doing actuation None-script close_channel True
Close O ===>> OK
GetIndicatorState O ===>> False
change switch state (True, True)
update switch state O False args=() kw={} ncanvase=2
13:46:54 -- CLOSE  VALVE-O (Jan Ion Pump)
waiting 3s before opening inlet value ('R',)
checking ownership. requestor=129.138.12.150
check software interlocks R
interlocks []
actuate state mode=None-script, software_lock=False
doing actuation None-script open_channel True
Open R ===>> OK
GetIndicatorState R ===>> OK
change switch state (True, True)
update switch state R True args=() kw={} ncanvase=2
13:46:58 -- OPEN   VALVE-R (Jan Inlet)
equilibrating for 12.0sec
set_time_zero () {}
sniff (12.0,) {}
py_sniff
build tables- sniff [Detector(H2), Detector(H1), Detector(AX), Detector(L1), Detector(L2), Detector(CDD)]
add group /sniff/PM41 (Group) '' table H2
add group /sniff/Ar40 (Group) '' table H1
add group /sniff/Ar39 (Group) '' table AX
add group /sniff/Ar38 (Group) '' table L1
add group /sniff/Ar37 (Group) '' table L2
add group /sniff/Ar36 (Group) '' table CDD
flush and close file /Users/jan/PychronDev/data/isotopes/d5/a55286-ba79-43b7-a8d6-3f2c9e519af3.h5
measuring sniff. ncounts=12.0
"sniff" increment series count="1" fit count="0" regressing="False"
starting measurement
check iteration duration=1.59740447998e-05
GetData ===>> H2,-0.170510741434553,H1,0.690881490938211,AX,-0.110921026430787,L1,0.00378962126692487,L2,0.0520...
check iteration duration=3.19480895996e-05
GetData ===>> H2,0.890447455817779,H1,173.051174843596,AX,1.97372259313928,L1,0.112353423116063,L2,0.3712794427...
check iteration duration=3.00407409668e-05
GetData ===>> H2,0.74705093928612,H1,373.989459161108,AX,2.31534538009298,L1,0.226401352725226,L2,0.18459834302...
check iteration duration=1.69277191162e-05
GetData ===>> H2,0.244296942646655,H1,439.675038412767,AX,2.1383444679769,L1,0.186397980271126,L2,0.03023131967...
check iteration duration=3.38554382324e-05
GetData ===>> H2,0.0691710933669347,H1,462.393642133632,AX,2.16005840972324,L1,0.120167256464925,L2,0.114209284...
check iteration duration=4.31537628174e-05
GetData ===>> H2,-0.0946835549870221,H1,471.248504502683,AX,2.09790740225245,L1,0.0929079253085774,L2,0.0696193...
check iteration duration=4.60147857666e-05
GetData ===>> H2,-0.103056491074036,H1,475.352364069702,AX,2.09621995552836,L1,0.0713860195333577,L2,0.05839653...
check iteration duration=3.00407409668e-05
GetData ===>> H2,-0.147124680780804,H1,477.134397389059,AX,2.1195889798867,L1,0.0688267216754529,L2,-0.00095739...
check iteration duration=5.10215759277e-05
GetData ===>> H2,-0.111576631046052,H1,477.587350416918,AX,2.25729054253701,L1,0.0743987800036427,L2,0.11110843...
check iteration duration=4.60147857666e-05
GetData ===>> H2,-0.0927343104396299,H1,477.396033545819,AX,2.15547369583283,L1,-0.0237301922675328,L2,-0.00637...
check iteration duration=1.90734863281e-05
GetData ===>> H2,-0.140093016050806,H1,477.597045174868,AX,2.08120514577436,L1,0.00162635126437732,L2,0.0029178...
check iteration duration=4.50611114502e-05
GetData ===>> H2,-0.096188267747373,H1,477.693179981056,AX,2.03968678338225,L1,0.00312810592747971,L2,-0.015921...
Equilibration Finished
13:47:10 -- ******* Equilibration Finished *******
checking ownership. requestor=129.138.12.150
check software interlocks R
interlocks []
actuate state mode=None-script, software_lock=False
doing actuation None-script close_channel True
Close R ===>> OK
State checksums do not match. Local:-1449001502 Remote:-598318598
State checksum failed
GetIndicatorState R ===>> False
change switch state (True, True)
update switch state R False args=() kw={} ncanvase=2
13:47:11 -- CLOSE  VALVE-R (Jan Inlet)
Post Equilibration Started jan_pump_extraction_line.py
13:47:11 -- ******* Post Equilibration Started jan_pump_extraction_line.py *******
testing...
no interpolation path defined
calculate duration
testing...
no interpolation path defined
executed snippet estimated_duration=4.0, duration=0.000229835510254
executed snippet estimated_duration=4.0, duration=0.0322580337524
Pump after analysis
doing GOSUB
testing...
no interpolation path defined
executed snippet estimated_duration=4.0, duration=0.000120162963867
Pump Microbone
close () {'description': 'Jan Inlet'}
closing name=--- desc=Jan Inlet
checking ownership. requestor=129.138.12.150
check software interlocks R
interlocks []
actuate state mode=None-script, software_lock=False
doing actuation None-script close_channel False
check iteration duration=1.69277191162e-05
waiting for write to finish
measurement finished
estimated time: 12.583 actual time: :12.658
flush and close file /Users/jan/PychronDev/data/isotopes/d5/a55286-ba79-43b7-a8d6-3f2c9e519af3.h5
set_fits () {}
using default fits file=/Users/jan/PychronDev/scripts/measurement/fits/nominal_linear.yaml
set "Ar40" to "('Linear', 'SEM')"
No fit for "PM41". defaulting to linear. check the measurement script "jan_unknown120_60.py"
set "PM41" to "linear"
set "Ar36" to "('Linear', 'SEM')"
set "Ar37" to "('linear', 'SEM')"
set "Ar38" to "('linear', 'SEM')"
set "Ar39" to "('Linear', 'SEM')"
set_baseline_fits () {}
using default fits file=/Users/jan/PychronDev/scripts/measurement/fits/nominal_linear.yaml
set "H1" to "('average', 'SEM')"
set "H2" to "('average', 'SEM')"
set "CDD" to "('average', 'SEM')"
set "L2" to "('average', 'SEM')"
set "L1" to "('average', 'SEM')"
set "AX" to "('average', 'SEM')"
multicollect () {'integration_time': 1, 'ncounts': 120}
build tables- signal [Detector(H2), Detector(H1), Detector(AX), Detector(L1), Detector(L2), Detector(CDD)]
add group /signal/PM41 (Group) '' table H2
add group /signal/Ar40 (Group) '' table H1
add group /signal/Ar39 (Group) '' table AX
add group /signal/Ar38 (Group) '' table L1
add group /signal/Ar37 (Group) '' table L2
add group /signal/Ar36 (Group) '' table CDD
flush and close file /Users/jan/PychronDev/data/isotopes/d5/a55286-ba79-43b7-a8d6-3f2c9e519af3.h5
measuring signal. ncounts=120
Close R ===>> OK
GetIndicatorState R ===>> False
change switch state (True, True)
update switch state R False args=() kw={} ncanvase=2
13:47:11 -- CLOSE  VALVE-R (Jan Inlet)
---------------------------------------- close None (Jan Inlet) result=[(True, True)]
"signal" increment series count="2" fit count="1" regressing="True"
action=close, ok=True, locked=[False]
is_closed ('F',) {}
is F () closed?
is closed True
open () {'description': 'CO2 Laser to Jan'}
opening name=--- desc=CO2 Laser to Jan
checking ownership. requestor=129.138.12.150
check software interlocks A
interlocks []
actuate state mode=None-script, software_lock=False
doing actuation None-script open_channel False
Open A ===>> OK
GetIndicatorState A ===>> OK
change switch state (True, True)
update switch state A True args=() kw={} ncanvase=2
13:47:12 -- OPEN   VALVE-A (CO2 Laser to Jan)
---------------------------------------- open None (CO2 Laser to Jan) result=[(True, True)], time=0.12 sec
starting measurement
check iteration duration=5.50746917725e-05
GetData ===>> H2,-0.0740401774350842,H1,477.743799317193,AX,2.21682805660547,L1,0.0407646724947272,L2,0.0560928...
action=open, ok=True, locked=[False]
sleep (1,) {}
SLEEP 1.0
check iteration duration=3.69548797607e-05
GetData ===>> H2,0.0117836095931671,H1,477.83855414477,AX,2.15659933470504,L1,0.0828723155117461,L2,0.042693690...
close () {'description': 'CO2 Laser to Roughing'}
closing name=--- desc=CO2 Laser to Roughing
checking ownership. requestor=129.138.12.150
check software interlocks G
interlocks []
actuate state mode=None-script, software_lock=True
VALVE-G(CO2 Laser to Roughing) software locked
change switch state (True, False)
---------------------------------------- close None (CO2 Laser to Roughing) result=[(True, False)]
action=close, ok=True, locked=[True]
open () {'description': 'Microbone to Turbo'}
opening name=--- desc=Microbone to Turbo
checking ownership. requestor=129.138.12.150
check software interlocks U
interlocks []
actuate state mode=None-script, software_lock=False
doing actuation None-script open_channel True
Open U ===>> OK
GetIndicatorState U ===>> OK
change switch state (True, True)
update switch state U True args=() kw={} ncanvase=2
13:47:13 -- OPEN   VALVE-U (Microbone to Turbo)
---------------------------------------- open None (Microbone to Turbo) result=[(True, True)], time=0.12 sec
action=open, ok=True, locked=[False]
open () {'description': 'Microbone to Getter NP-10'}
opening name=--- desc=Microbone to Getter NP-10
checking ownership. requestor=129.138.12.150
check software interlocks M
interlocks []
actuate state mode=None-script, software_lock=False
doing actuation None-script open_channel False
Open M ===>> OK
GetIndicatorState M ===>> OK
change switch state (True, True)
update switch state M True args=() kw={} ncanvase=2
13:47:13 -- OPEN   VALVE-M (Microbone to Getter NP-10)
---------------------------------------- open None (Microbone to Getter NP-10) result=[(True, True)], time=0.11 sec
action=open, ok=True, locked=[False]
open () {'description': 'Microbone to Getter D-50'}
opening name=--- desc=Microbone to Getter D-50
checking ownership. requestor=129.138.12.150
check software interlocks K
interlocks []
actuate state mode=None-script, software_lock=False
doing actuation None-script open_channel False
check iteration duration=3.91006469727e-05
GetData ===>> H2,-0.0868573341657584,H1,477.431693442702,AX,2.13234232285255,L1,0.0545277535828161,L2,0.0344270...
Open K ===>> OK
GetIndicatorState K ===>> OK
change switch state (True, True)
update switch state K True args=() kw={} ncanvase=2
13:47:14 -- OPEN   VALVE-K (Microbone to Getter D-50)
---------------------------------------- open None (Microbone to Getter D-50) result=[(True, True)], time=0.46 sec
action=open, ok=True, locked=[False]
open () {'description': 'Microbone to CO2 Laser'}
opening name=--- desc=Microbone to CO2 Laser
checking ownership. requestor=129.138.12.150
check software interlocks T
interlocks []
actuate state mode=None-script, software_lock=False
doing actuation None-script open_channel False
Open T ===>> OK
GetIndicatorState T ===>> OK
change switch state (True, True)
update switch state T True args=() kw={} ncanvase=2
13:47:15 -- OPEN   VALVE-T (Microbone to CO2 Laser)
---------------------------------------- open None (Microbone to CO2 Laser) result=[(True, True)], time=0.41 sec
check iteration duration=3.69548797607e-05
GetData ===>> H2,-0.162100244135333,H1,477.264108510124,AX,2.15059607615192,L1,0.0122376070490848,L2,0.03475772...
action=open, ok=True, locked=[False]
open () {'description': 'Microbone to Inlet Pipette'}
opening name=--- desc=Microbone to Inlet Pipette
checking ownership. requestor=129.138.12.150
check software interlocks S
interlocks []
actuate state mode=None-script, software_lock=False
doing actuation None-script open_channel False
Open S ===>> OK
GetIndicatorState S ===>> OK
change switch state (True, True)
update switch state S True args=() kw={} ncanvase=2
13:47:15 -- OPEN   VALVE-S (Microbone to Inlet Pipette)
---------------------------------------- open None (Microbone to Inlet Pipette) result=[(True, True)], time=0.39 sec
action=open, ok=True, locked=[False]
sleep (1,) {}
SLEEP 1.0
testing H1>-5.0
evaluate ot="H1.bs>-5.0" t="H1>-5.0", ctx="{'H1': None}"
check iteration duration=0.000560998916626
GetData ===>> H2,-0.115917236986326,H1,476.883944879407,AX,1.94068096456022,L1,0.0198368688144015,L2,0.02189737...
set_resource () {'name': 'CO2PumpTimeFlag', 'value': 30}
Set CO2PumpTimeFlag 30 ===>> OK
release ('JanCO2Flag',) {}
release JanCO2Flag
Set JanCO2Flag 0 ===>> OK
executed snippet estimated_duration=6.0, duration=5.91881799698
PumpMicrobone.py completed successfully
gosub finished
get_resource_value () {'name': 'JanMiniboneFlag'}
Read JanMiniboneFlag ===>> 0
Get Resource Value JanMiniboneFlag=0.0
get resource value 0.0
get_resource_value () {'name': 'JanMiniboneFlag'}
Read JanMiniboneFlag ===>> 0
Get Resource Value JanMiniboneFlag=0.0
executed snippet estimated_duration=4.0, duration=5.93117403984
jan_pump_extraction_line.py completed successfully
Post Equilibration Finished
13:47:17 -- ******* Post Equilibration Finished *******
check iteration duration=4.79221343994e-05
GetData ===>> H2,-0.158297206360229,H1,476.675788631994,AX,1.97094624739125,L1,0.0275356154094358,L2,0.07856691...
check iteration duration=3.71932983398e-05
GetData ===>> H2,-0.167489296117856,H1,476.647388757604,AX,2.09039614296456,L1,0.0453941231983061,L2,0.02591034...
check iteration duration=6.48498535156e-05
GetData ===>> H2,-0.130090131833797,H1,476.582166818509,AX,2.05109350022647,L1,0.0496153708320367,L2,0.05472432...
check iteration duration=5.19752502441e-05
GetData ===>> H2,-0.122889591478944,H1,476.359820596282,AX,1.99322951075852,L1,0.0336269752395522,L2,-0.0199779...
testing H1>-5.0
evaluate ot="H1.bs>-5.0" t="H1>-5.0", ctx="{'H1': None}"
check iteration duration=0.000900983810425
GetData ===>> H2,-0.148448372830543,H1,476.445664523542,AX,1.97515179746393,L1,0.0118906852691286,L2,-0.0083882...
check iteration duration=6.69956207275e-05
GetData ===>> H2,-0.131186381400021,H1,476.172840994163,AX,2.11807697437496,L1,-0.00429325418769448,L2,0.039523...
check iteration duration=5.10215759277e-05
GetData ===>> H2,-0.135524963051569,H1,476.005362338558,AX,2.13758245660864,L1,0.027757819299859,L2,-0.08736858...
check iteration duration=3.88622283936e-05
GetData ===>> H2,-0.0721624571476852,H1,475.786549154811,AX,2.12414857903581,L1,0.0293614357803067,L2,0.0122304...
check iteration duration=3.88622283936e-05
GetData ===>> H2,-0.152634852698273,H1,475.363557713765,AX,2.08486419800094,L1,0.0153676455406768,L2,0.01796436...
testing H1>-5.0
evaluate ot="H1.bs>-5.0" t="H1>-5.0", ctx="{'H1': None}"
check iteration duration=0.000741004943848
GetData ===>> H2,-0.0988680862664473,H1,475.16542161465,AX,2.06234911140056,L1,-0.0218999031536573,L2,0.0501627...
check iteration duration=3.981590271e-05
GetData ===>> H2,-0.0349132710090381,H1,475.091081910927,AX,2.11711586667034,L1,-0.0529119674137619,L2,0.007670...
check iteration duration=5.10215759277e-05
GetData ===>> H2,-0.187810170725681,H1,475.030841325996,AX,2.06619507375437,L1,-0.0235779805260592,L2,0.0276318...
check iteration duration=9.29832458496e-05
GetData ===>> H2,-0.210777801629808,H1,474.586322035478,AX,2.00350588174731,L1,-0.00232443862481538,L2,0.034153...
check iteration duration=8.01086425781e-05
GetData ===>> H2,-0.175382280966721,H1,474.507462979915,AX,2.14170911179352,L1,-0.00403412679127915,L2,-0.02093...
testing H1>-5.0
evaluate ot="H1.bs>-5.0" t="H1>-5.0", ctx="{'H1': None}"
check iteration duration=0.000737905502319
GetData ===>> H2,-0.0517769241435034,H1,474.277127374836,AX,2.10080190951678,L1,0.0408813316822922,L2,0.0981702...
check iteration duration=6.38961791992e-05
GetData ===>> H2,-0.14520370179096,H1,474.011493804013,AX,2.01295124729213,L1,0.00903173640328556,L2,0.04124555...
check iteration duration=3.69548797607e-05
GetData ===>> H2,-0.0470793363816369,H1,474.093065529401,AX,2.02209278743312,L1,0.0104191014546335,L2,-0.022177...
check iteration duration=4.00543212891e-05
GetData ===>> H2,-0.0595092671257247,H1,473.855600646375,AX,1.93885410170274,L1,0.0212930072165991,L2,-0.052722...
check iteration duration=3.88622283936e-05
GetData ===>> H2,-0.105986373518644,H1,473.97175419407,AX,2.04055425699661,L1,-0.00259200898689703,L2,0.0577920...
testing H1>-5.0
evaluate ot="H1.bs>-5.0" t="H1>-5.0", ctx="{'H1': None}"
check iteration duration=0.000610828399658
13:47:37 -- collecting point 25
GetData ===>> H2,-0.189088480383688,H1,473.584826062485,AX,2.10871243455941,L1,-0.00597142247553251,L2,0.048018...
check iteration duration=3.79085540771e-05
GetData ===>> H2,-0.147447513803594,H1,473.519017050533,AX,2.02826966800632,L1,0.0203414474156643,L2,0.07988887...
check iteration duration=4.2200088501e-05
GetData ===>> H2,-0.124558317071844,H1,473.139235698707,AX,2.09541139756258,L1,-0.013883472675064,L2,0.08280637...
check iteration duration=8.29696655273e-05
GetData ===>> H2,-0.0799316309117882,H1,473.209542864986,AX,2.12128854870078,L1,-0.0289878734222811,L2,-0.07623...
check iteration duration=6.48498535156e-05
GetData ===>> H2,-0.165312114513909,H1,473.079861147949,AX,2.13011505744097,L1,0.00275714809960472,L2,0.1005981...
testing H1>-5.0
evaluate ot="H1.bs>-5.0" t="H1>-5.0", ctx="{'H1': None}"
check iteration duration=0.000604152679443
GetData ===>> H2,-0.246929537940824,H1,472.949023430365,AX,2.17798891966273,L1,0.0295920892385577,L2,0.08969019...
check iteration duration=4.00543212891e-05
GetData ===>> H2,-0.150178394459393,H1,472.569159359751,AX,2.11765502349502,L1,0.0560907388344515,L2,-0.0539753...
check iteration duration=3.79085540771e-05
GetData ===>> H2,-0.149455896059408,H1,472.546027290978,AX,2.06645304002486,L1,0.0371452998169261,L2,0.08628241...
check iteration duration=5.00679016113e-05
GetData ===>> H2,-0.0407364788642744,H1,472.483331448941,AX,2.03560741545618,L1,0.0130035181840464,L2,0.0738738...
check iteration duration=4.88758087158e-05
GetData ===>> H2,-0.209367351406342,H1,472.019349464492,AX,2.05291072526488,L1,-0.00422607365123674,L2,0.024565...
testing H1>-5.0
evaluate ot="H1.bs>-5.0" t="H1>-5.0", ctx="{'H1': None}"
check iteration duration=0.000988006591797
GetData ===>> H2,-0.210659260531726,H1,471.851757902127,AX,1.95533222717873,L1,0.0405373713538379,L2,-0.0314978...
check iteration duration=3.79085540771e-05
GetData ===>> H2,-0.184238768651788,H1,471.429196609817,AX,2.0043964730129,L1,0.0202777730091729,L2,0.024895686...
check iteration duration=6.50882720947e-05
GetData ===>> H2,-0.150910299164364,H1,471.498405127517,AX,2.04491518620218,L1,0.044788312841879,L2,-0.01074737...
check iteration duration=7.41481781006e-05
GetData ===>> H2,-0.0787188941849113,H1,471.268752078376,AX,2.1354371332162,L1,0.0494277757825011,L2,0.04263667...
check iteration duration=5.29289245605e-05
GetData ===>> H2,-0.160410912948424,H1,471.182396858999,AX,2.13590605236798,L1,0.0274239147625135,L2,-0.0080691...
testing H1>-5.0
evaluate ot="H1.bs>-5.0" t="H1>-5.0", ctx="{'H1': None}"
check iteration duration=0.000857830047607
GetData ===>> H2,-0.230518019395071,H1,471.088289475911,AX,2.10543095438759,L1,0.0219262287245601,L2,0.01117034...
check iteration duration=3.69548797607e-05
GetData ===>> H2,-0.152419976138102,H1,470.843954010654,AX,2.0132911098584,L1,0.0103626910181833,L2,0.074603845...
check iteration duration=9.3936920166e-05
GetData ===>> H2,-0.141056682152596,H1,470.611595365616,AX,1.99313577457453,L1,0.0188253849243889,L2,0.13710399...
check iteration duration=3.91006469727e-05
GetData ===>> H2,-0.104765793764629,H1,470.474560568538,AX,2.01924475495716,L1,0.0172927357919846,L2,0.12445878...
check iteration duration=5.29289245605e-05
GetData ===>> H2,-0.141841881090898,H1,470.463010310586,AX,2.01116991787958,L1,0.0394490426645339,L2,-0.0492934...
testing H1>-5.0
evaluate ot="H1.bs>-5.0" t="H1>-5.0", ctx="{'H1': None}"
check iteration duration=0.000717878341675
GetData ===>> H2,-0.164342843921112,H1,470.442308767666,AX,2.09924331810099,L1,0.0349694913904195,L2,0.12392290...
check iteration duration=3.81469726562e-05
GetData ===>> H2,-0.212679677505272,H1,470.160163632723,AX,2.1707529970294,L1,-0.014253804214231,L2,-0.06899921...
check iteration duration=3.79085540771e-05
GetData ===>> H2,-0.161901750649832,H1,470.200278077839,AX,2.01306844114784,L1,-0.0788782468320249,L2,0.0418156...
check iteration duration=4.00543212891e-05
GetData ===>> H2,-0.0986487413417378,H1,470.002082783141,AX,2.09770818828531,L1,-0.0487195803400133,L2,-0.04619...
check iteration duration=7.79628753662e-05
GetData ===>> H2,-0.100495439208163,H1,469.669426231237,AX,2.10011050125536,L1,0.00142229317212598,L2,0.0877412...
testing H1>-5.0
evaluate ot="H1.bs>-5.0" t="H1>-5.0", ctx="{'H1': None}"
check iteration duration=0.000726938247681
13:48:03 -- collecting point 50
GetData ===>> H2,-0.129444081400137,H1,469.284908612915,AX,2.19363534242401,L1,0.00170197384272759,L2,0.1522371...
check iteration duration=4.19616699219e-05
GetData ===>> H2,-0.153724038525379,H1,469.02234013502,AX,2.04239473310761,L1,-0.00451518670196879,L2,-0.089475...
check iteration duration=8.10623168945e-05
GetData ===>> H2,-0.187400218069248,H1,468.90326528686,AX,2.1465511181965,L1,0.00233698583227725,L2,0.092881539...
check iteration duration=3.91006469727e-05
GetData ===>> H2,-0.144282272908684,H1,469.105912130717,AX,2.15785396820303,L1,0.0235509182025619,L2,0.07996865...
check iteration duration=4.38690185547e-05
GetData ===>> H2,-0.158308012252605,H1,468.999327391742,AX,2.05926541483603,L1,0.0188662267254501,L2,0.06504564...
testing H1>-5.0
evaluate ot="H1.bs>-5.0" t="H1>-5.0", ctx="{'H1': None}"
check iteration duration=0.000911951065063
GetData ===>> H2,-0.160003059049665,H1,468.262982133992,AX,2.0707213074184,L1,0.0214323846279848,L2,-0.01410923...
check iteration duration=3.88622283936e-05
GetData ===>> H2,-0.210521859067588,H1,468.417038077535,AX,2.01520139372186,L1,0.0459146202641098,L2,-0.0203084...
check iteration duration=5.88893890381e-05
GetData ===>> H2,-0.231189644537673,H1,468.075730251617,AX,2.11636574035036,L1,0.0262769528227151,L2,0.05656041...
check iteration duration=3.69548797607e-05
GetData ===>> H2,-0.213678976985434,H1,467.90066091281,AX,2.11037665561429,L1,-0.0313965259837667,L2,0.06797688...
check iteration duration=3.81469726562e-05
GetData ===>> H2,-0.191071732063229,H1,467.887680071253,AX,2.08791204611014,L1,0.00733499424244149,L2,-0.062563...
testing H1>-5.0
evaluate ot="H1.bs>-5.0" t="H1>-5.0", ctx="{'H1': None}"
check iteration duration=0.000683069229126
GetData ===>> H2,-0.154621254441412,H1,467.63096887337,AX,2.14816908142835,L1,0.0185695268187586,L2,0.195619851...
check iteration duration=4.00543212891e-05
GetData ===>> H2,-0.281870000946505,H1,467.721164513493,AX,2.11640090239394,L1,-0.0280403039727657,L2,0.0656273...
check iteration duration=3.79085540771e-05
GetData ===>> H2,-0.246278389058868,H1,467.576648303961,AX,2.20233930175221,L1,-0.0526487982405593,L2,0.0650000...
check iteration duration=5.00679016113e-05
GetData ===>> H2,-0.168224827089988,H1,467.40645162213,AX,2.1042590237052,L1,-0.0266553263141981,L2,0.099891470...
check iteration duration=7.79628753662e-05
GetData ===>> H2,-0.143372930249774,H1,466.879737709224,AX,2.07338320529362,L1,0.0207835751414421,L2,0.02622956...
testing H1>-5.0
evaluate ot="H1.bs>-5.0" t="H1>-5.0", ctx="{'H1': None}"
check iteration duration=0.000609874725342
GetData ===>> H2,-0.0815587984775454,H1,466.979257934734,AX,2.02694518086549,L1,0.0146519852276933,L2,0.0219315...
check iteration duration=3.69548797607e-05
GetData ===>> H2,-0.137704447144223,H1,466.844199127139,AX,2.12853255738734,L1,-0.0173545035989447,L2,-0.033286...
check iteration duration=5.10215759277e-05
GetData ===>> H2,-0.155434632799525,H1,466.437150111882,AX,2.13399522082354,L1,0.0125629320960348,L2,0.01697259...
check iteration duration=8.01086425781e-05
GetData ===>> H2,-0.160942991664643,H1,466.509655072868,AX,2.03151649512197,L1,-0.0227509630929415,L2,-0.022040...
check iteration duration=4.00543212891e-05
GetData ===>> H2,-0.224918692308741,H1,465.951867440451,AX,2.0770185125722,L1,0.0182812437770818,L2,0.023288214...
testing H1>-5.0
evaluate ot="H1.bs>-5.0" t="H1>-5.0", ctx="{'H1': None}"
check iteration duration=0.000771999359131
GetData ===>> H2,-0.144711922084474,H1,465.700001299096,AX,2.07395780944104,L1,0.00379442371499343,L2,0.0283387...
check iteration duration=8.58306884766e-05
GetData ===>> H2,-0.135914380509653,H1,465.855329381152,AX,2.05019076220459,L1,0.0236254294723747,L2,0.03724334...
check iteration duration=6.48498535156e-05
GetData ===>> H2,-0.17769591901376,H1,465.616079155538,AX,2.07521256893957,L1,0.00903053634320514,L2,0.00712379...
check iteration duration=3.88622283936e-05
GetData ===>> H2,-0.20469423088186,H1,465.619809414801,AX,2.14203737588595,L1,0.000673315379425919,L2,-0.055524...
check iteration duration=4.2200088501e-05
GetData ===>> H2,-0.215675964543094,H1,465.36148973496,AX,2.06712141032708,L1,0.0202861828133928,L2,0.043947998...
testing H1>-5.0
evaluate ot="H1.bs>-5.0" t="H1>-5.0", ctx="{'H1': None}"
check iteration duration=0.000643014907837
13:48:29 -- collecting point 75
GetData ===>> H2,-0.123096505138739,H1,465.551837951121,AX,2.06288847510482,L1,0.00989101611298023,L2,0.0966770...
check iteration duration=5.10215759277e-05
GetData ===>> H2,-0.157378667850701,H1,465.020119642594,AX,2.05710805722075,L1,-0.0148573169421488,L2,0.0004673...
check iteration duration=3.79085540771e-05
GetData ===>> H2,-0.0837248326548579,H1,464.959069714113,AX,2.07263270697184,L1,0.0172266785683765,L2,-0.050990...
check iteration duration=4.00543212891e-05
GetData ===>> H2,-0.0636961054672514,H1,464.834317651749,AX,2.05312176002574,L1,0.0680287289047751,L2,-0.049623...
check iteration duration=4.00543212891e-05
GetData ===>> H2,-0.119150972212995,H1,464.283944667741,AX,2.04775223857484,L1,0.0353144639637328,L2,0.16888975...
testing H1>-5.0
evaluate ot="H1.bs>-5.0" t="H1>-5.0", ctx="{'H1': None}"
check iteration duration=0.000706911087036
GetData ===>> H2,-0.135825140189439,H1,464.020773311598,AX,2.14417111917704,L1,0.0264258703539847,L2,0.03142845...
check iteration duration=4.88758087158e-05
GetData ===>> H2,-0.139830798201568,H1,464.244303263804,AX,2.24999010603203,L1,0.0216450590467994,L2,-0.0353489...
check iteration duration=4.00543212891e-05
GetData ===>> H2,-0.162305485443731,H1,464.409309905855,AX,2.15125266472077,L1,-0.00536088468492922,L2,-0.02879...
check iteration duration=6.103515625e-05
GetData ===>> H2,-0.146050755842844,H1,464.243550875303,AX,2.16858349665692,L1,-0.0265031588352581,L2,0.0673951...
check iteration duration=3.50475311279e-05
GetData ===>> H2,-0.139774028590623,H1,463.737453315408,AX,2.1402202134064,L1,-0.0138463189205349,L2,-0.0940071...
testing H1>-5.0
evaluate ot="H1.bs>-5.0" t="H1>-5.0", ctx="{'H1': None}"
check iteration duration=0.00065016746521
GetData ===>> H2,-0.0880826775487844,H1,463.355277776155,AX,2.039018599463,L1,-0.00344986601519277,L2,0.0119682...
check iteration duration=3.69548797607e-05
GetData ===>> H2,-0.0920569408136703,H1,463.317113929419,AX,1.98823818325911,L1,-0.0428647797871684,L2,-0.02382...
check iteration duration=3.81469726562e-05
GetData ===>> H2,-0.168609443537621,H1,463.129476983756,AX,2.1191084174767,L1,-0.0727184393621294,L2,0.08826552...
check iteration duration=8.89301300049e-05
GetData ===>> H2,-0.0606293430357891,H1,463.165218326823,AX,1.97940438893305,L1,-0.0257602609199412,L2,-0.02002...
check iteration duration=3.88622283936e-05
GetData ===>> H2,-0.230446682114451,H1,462.83403502012,AX,2.10661461854561,L1,-0.0199421920022206,L2,0.03621715...
testing H1>-5.0
evaluate ot="H1.bs>-5.0" t="H1>-5.0", ctx="{'H1': None}"
check iteration duration=0.000843048095703
GetData ===>> H2,-0.262673487004288,H1,462.691813090635,AX,2.08425434651249,L1,0.0163619693883134,L2,0.02585334...
check iteration duration=7.48634338379e-05
GetData ===>> H2,-0.144629506365931,H1,462.433777387348,AX,2.05966406218323,L1,-0.000904876932434425,L2,0.01945...
check iteration duration=3.69548797607e-05
GetData ===>> H2,-0.14268783494935,H1,462.223078408183,AX,2.06019168615624,L1,-0.00985208967352894,L2,-0.001641...
check iteration duration=3.69548797607e-05
GetData ===>> H2,-0.220353975921531,H1,462.261605496868,AX,2.06413136794314,L1,0.0189226847817594,L2,0.03921592...
check iteration duration=4.00543212891e-05
GetData ===>> H2,-0.163574658331362,H1,462.308546704713,AX,2.22026578268221,L1,0.0174969154021783,L2,-0.0144397...
testing H1>-5.0
evaluate ot="H1.bs>-5.0" t="H1>-5.0", ctx="{'H1': None}"
check iteration duration=0.000622034072876
GetData ===>> H2,-0.112639265122604,H1,461.812891823725,AX,2.16511239552523,L1,0.0350115605848293,L2,-0.0096761...
check iteration duration=5.10215759277e-05
GetData ===>> H2,-0.167976506376593,H1,461.710318517524,AX,2.13247127134118,L1,0.043467422854438,L2,-0.00756773...
check iteration duration=3.981590271e-05
GetData ===>> H2,-0.29539442671404,H1,461.62808193055,AX,2.11434980420068,L1,0.0254267238827987,L2,0.0118200836...
check iteration duration=8.10623168945e-05
GetData ===>> H2,-0.158725381961816,H1,461.365391681659,AX,2.10880619274388,L1,0.0542486315621287,L2,0.01928675...
check iteration duration=8.10623168945e-05
GetData ===>> H2,-0.0823431699479169,H1,461.531372699874,AX,1.99756490689984,L1,0.0600973692396598,L2,0.1066511...
testing H1>-5.0
evaluate ot="H1.bs>-5.0" t="H1>-5.0", ctx="{'H1': None}"
check iteration duration=0.000612020492554
13:48:56 -- collecting point 100
GetData ===>> H2,-0.212193463473501,H1,461.051955030528,AX,2.09564576150648,L1,-0.00965905104891627,L2,-0.01484...
check iteration duration=5.10215759277e-05
GetData ===>> H2,-0.148067489524485,H1,461.001235485118,AX,2.05580663066993,L1,-0.00401613158554029,L2,-0.09749...
check iteration duration=3.79085540771e-05
GetData ===>> H2,-0.178652822468285,H1,460.947726327367,AX,1.97604213197085,L1,0.0190716394693567,L2,-0.0268490...
check iteration duration=5.41210174561e-05
GetData ===>> H2,-0.159553322337458,H1,460.771642378537,AX,2.05398935213242,L1,0.0150878595355879,L2,-0.0691814...
check iteration duration=5.19752502441e-05
GetData ===>> H2,-0.113823612686663,H1,460.940161666599,AX,2.05461074037126,L1,0.0265303541282932,L2,0.04756277...
testing H1>-5.0
evaluate ot="H1.bs>-5.0" t="H1>-5.0", ctx="{'H1': None}"
check iteration duration=0.000622034072876
GetData ===>> H2,-0.212549034791942,H1,460.548573070908,AX,2.12977511083875,L1,0.0618213472231135,L2,-0.0178584...
check iteration duration=3.79085540771e-05
GetData ===>> H2,-0.0903782449192777,H1,460.374374567505,AX,2.16451434654441,L1,0.0118474709359066,L2,0.0690946...
check iteration duration=0.000107049942017
GetData ===>> H2,-0.135956296175347,H1,460.293887499085,AX,2.07515393496167,L1,-0.0269776262060654,L2,0.0331500...
check iteration duration=3.91006469727e-05
GetData ===>> H2,-0.239838872818504,H1,459.873166373697,AX,2.11426776116227,L1,-0.0153695186156831,L2,-0.019168...
check iteration duration=8.39233398438e-05
GetData ===>> H2,-0.196170382328368,H1,459.739204769682,AX,2.17845804159842,L1,0.00262509521253071,L2,0.0955258...
testing H1>-5.0
evaluate ot="H1.bs>-5.0" t="H1>-5.0", ctx="{'H1': None}"
check iteration duration=0.000604867935181
GetData ===>> H2,-0.140468760958784,H1,459.538758042742,AX,2.10240740167712,L1,-0.00817097068244134,L2,-0.03790...
check iteration duration=7.91549682617e-05
GetData ===>> H2,-0.19637269925715,H1,459.362678624855,AX,2.16037500910282,L1,-0.00532969708475433,L2,0.0593203...
check iteration duration=3.69548797607e-05
GetData ===>> H2,-0.125996956468625,H1,459.111514618372,AX,2.0917553923205,L1,0.0228502988409779,L2,0.060437981...
check iteration duration=3.91006469727e-05
GetData ===>> H2,-0.0606537502426384,H1,458.987210204531,AX,2.11946004827804,L1,0.0712018151157951,L2,0.0113185...
check iteration duration=3.60012054443e-05
GetData ===>> H2,-0.125740069949601,H1,458.985089107435,AX,2.10326289360005,L1,0.0346798197005614,L2,0.05457607...
testing H1>-5.0
evaluate ot="H1.bs>-5.0" t="H1>-5.0", ctx="{'H1': None}"
check iteration duration=0.000703096389771
GetData ===>> H2,-0.13843850911781,H1,458.820679252767,AX,1.98077509810457,L1,0.00632236494585269,L2,0.04532775...
check iteration duration=5.00679016113e-05
GetData ===>> H2,-0.135634488062677,H1,458.909365596508,AX,2.10137613363045,L1,0.027757819299859,L2,0.056936758...
check iteration duration=4.00543212891e-05
GetData ===>> H2,-0.0822727277438063,H1,458.346445386256,AX,2.06494042926658,L1,-0.000192020691230239,L2,0.0365...
check iteration duration=7.89165496826e-05
GetData ===>> H2,-0.170540425599833,H1,458.019892841382,AX,2.11499443045436,L1,0.00734339325228804,L2,0.0807891...
check iteration duration=6.69956207275e-05
GetData ===>> H2,-0.246305296781359,H1,457.818060330839,AX,2.09742694572427,L1,0.00579569397683455,L2,0.0885048...
testing H1>-5.0
evaluate ot="H1.bs>-5.0" t="H1>-5.0", ctx="{'H1': None}"
check iteration duration=0.00062108039856
GetData ===>> H2,-0.217812883621703,H1,457.839864468767,AX,2.02162396983232,L1,-0.00339707692392844,L2,0.036547...
check iteration duration=1.69277191162e-05
waiting for write to finish
measurement finished
estimated time: 125.829 actual time: :126.003
flush and close file /Users/jan/PychronDev/data/isotopes/d5/a55286-ba79-43b7-a8d6-3f2c9e519af3.h5
baselines () {'settling_time': 15.0, 'detector': 'H1', 'mass': 34.2, 'ncounts': 60}
%%%%%%%%%%%%%%%%%%%%%%%%%%%%%%%% Baseline
build tables- baseline [Detector(H2), Detector(H1), Detector(AX), Detector(L1), Detector(L2), Detector(CDD)]
add group baseline table H2
add group baseline table H1
add group baseline table AX
add group baseline table L1
add group baseline table L2
add group baseline table CDD
flush and close file /Users/jan/PychronDev/data/isotopes/d5/a55286-ba79-43b7-a8d6-3f2c9e519af3.h5
detector Detector(H1)
POSITION 34.2 H1
Mapping mass to dac mass func: "parabolic"
H1 map mass coeffs = [-0.00063987  0.15840543  0.57137999]
H1 map mass to dac 34.2 >> 5.24042599104
GetDeflection H1 ===>> 0
GetHighVoltage ===>> 4500
positioning 34.2 (5.24042599104) on H1
setting magnet DAC
current  : 5.879770
requested: 5.240426
Delta Dac: 0.639344
Checking detector protection. dv=0.63934
Checking detector "CDD". Protection Threshold: 0.1 (V)
ProtectDetector CDD,On ===>> OK
GetDeflection CDD ===>> 2000
Protected = 2000
SetMagnetDAC 5.24042599104 ===>> OK
Magnet settling time: 0.500
GetMagnetMoving ===>> True
GetMagnetMoving ===>> True
GetMagnetMoving ===>> True
GetMagnetMoving ===>> True
GetMagnetMoving ===>> True
GetMagnetMoving ===>> True
GetMagnetMoving ===>> True
GetMagnetMoving ===>> True
GetMagnetMoving ===>> False
ProtectDetector CDD,Off ===>> OK
GetDeflection CDD ===>> 50
Delaying 15.0s for detectors to settle
Join finished
measuring baseline. ncounts=60
"baseline" increment series count="2" fit count="1" regressing="True"
starting measurement
check iteration duration=3.09944152832e-05
GetData ===>> H2,-0.239966756840307,H1,0.0559342359512051,AX,-0.0175615923122742,L1,-0.0332586141853671,L2,-0.0...
check iteration duration=4.10079956055e-05
GetData ===>> H2,-0.272653600333549,H1,-0.0490885955499952,AX,-0.0494295676308611,L1,-0.0112775832813076,L2,-0....
check iteration duration=4.31537628174e-05
GetData ===>> H2,-0.290184523214416,H1,-0.0688902980130689,AX,-0.116992720907267,L1,-0.0589674427036643,L2,0.00...
check iteration duration=4.19616699219e-05
GetData ===>> H2,-0.195103227396204,H1,-0.0308332244119079,AX,-0.00532420775567878,L1,-0.0234940833059155,L2,-0...
testing H1>-5.0
evaluate ot="H1.bs>-5.0" t="H1>-5.0", ctx="{'H1': None}"
check iteration duration=0.000698089599609
GetData ===>> H2,-0.0912183012942591,H1,-0.0571361176382233,AX,-0.0218182175426946,L1,-0.00598581584703986,L2,-...
check iteration duration=4.19616699219e-05
GetData ===>> H2,-0.168062879415997,H1,-0.0936577724161889,AX,-0.0124464367194688,L1,-0.0382704851329569,L2,-0....
check iteration duration=4.41074371338e-05
GetData ===>> H2,-0.17438864837431,H1,-0.0100698037262646,AX,-0.0781806475458903,L1,-0.0535411530310808,L2,-0.0...
check iteration duration=7.48634338379e-05
GetData ===>> H2,-0.0946862639198668,H1,-0.0905115227331386,AX,-0.019684128980177,L1,0.00213411375540187,L2,-0....
check iteration duration=7.9870223999e-05
GetData ===>> H2,-0.0982804489827954,H1,-0.0231532881608708,AX,-0.06836218147974,L1,-0.0399738289164464,L2,-0.0...
testing H1>-5.0
evaluate ot="H1.bs>-5.0" t="H1>-5.0", ctx="{'H1': None}"
check iteration duration=0.000634908676147
GetData ===>> H2,-0.185377207963764,H1,0.0424363783295025,AX,-0.107931388776463,L1,-0.0273981581172031,L2,-0.10...
check iteration duration=5.19752502441e-05
GetData ===>> H2,-0.213845967207372,H1,0.0205047487417566,AX,-0.0372425749841477,L1,-0.0628630191524061,L2,0.03...
check iteration duration=3.91006469727e-05
GetData ===>> H2,-0.21806890501148,H1,-0.0519857780539422,AX,-0.0907333941920261,L1,-0.0321940927996127,L2,0.01...
check iteration duration=6.48498535156e-05
GetData ===>> H2,-0.312170604793438,H1,-0.0878776543071112,AX,-0.0737062392462271,L1,-0.00236163493026088,L2,-0...
check iteration duration=3.09944152832e-05
GetData ===>> H2,-0.308028981983573,H1,-0.0638597731837941,AX,-0.181035181795812,L1,-0.043037204592678,L2,0.030...
testing H1>-5.0
evaluate ot="H1.bs>-5.0" t="H1>-5.0", ctx="{'H1': None}"
check iteration duration=0.000955104827881
GetData ===>> H2,-0.190675379161233,H1,-0.0937173595237038,AX,-0.0796643437317855,L1,-0.0286452732820668,L2,-0....
check iteration duration=8.6784362793e-05
GetData ===>> H2,-0.18851002269398,H1,-0.0740040083569092,AX,-0.0133627768738354,L1,-0.0489206251388128,L2,-0.0...
check iteration duration=3.981590271e-05
GetData ===>> H2,-0.22180346303568,H1,0.0237261778458954,AX,-0.0435739719184802,L1,-0.0704034109157641,L2,-0.05...
check iteration duration=6.69956207275e-05
GetData ===>> H2,-0.16324927755643,H1,-0.0378925217648927,AX,-0.0754566151808698,L1,-0.0461762556208424,L2,0.02...
check iteration duration=9.79900360107e-05
GetData ===>> H2,-0.179481443626649,H1,0.0647070288263275,AX,-0.0235115371291955,L1,-0.029475399651927,L2,0.047...
testing H1>-5.0
evaluate ot="H1.bs>-5.0" t="H1>-5.0", ctx="{'H1': None}"
check iteration duration=0.000682830810547
GetData ===>> H2,-0.0738056488064478,H1,-0.0467755583604788,AX,-0.0686056265003289,L1,-0.046819029534635,L2,0.0...
check iteration duration=0.00010085105896
GetData ===>> H2,-0.0879335987045483,H1,-0.0998546415372335,AX,-0.121882245186675,L1,-0.0342918944037818,L2,-0....
check iteration duration=4.00543212891e-05
GetData ===>> H2,-0.0714085703350019,H1,-0.0650876260335885,AX,-0.0449538370941898,L1,-0.00735189302455516,L2,-...
check iteration duration=9.01222229004e-05
GetData ===>> H2,-0.0766427139543964,H1,-0.0073383956655569,AX,-0.055215245845452,L1,0.000858154080598296,L2,-0...
check iteration duration=9.48905944824e-05
GetData ===>> H2,-0.096460476228324,H1,-0.0385125713924016,AX,-0.123249414170536,L1,-0.0361211289739281,L2,-0.0...
testing H1>-5.0
evaluate ot="H1.bs>-5.0" t="H1>-5.0", ctx="{'H1': None}"
check iteration duration=0.000746011734009
13:50:01 -- collecting point 25
GetData ===>> H2,-0.167232861249873,H1,-0.00763658794278295,AX,-0.162454264438485,L1,-0.0273274716465506,L2,0.0...
check iteration duration=3.60012054443e-05
GetData ===>> H2,-0.195985596372521,H1,0.0305750419500984,AX,-0.0722572287233905,L1,-0.0482109669026441,L2,-0.0...
check iteration duration=8.6784362793e-05
GetData ===>> H2,-0.180753947304678,H1,-0.0436039874728287,AX,-0.0229432345250514,L1,-0.0584875696738494,L2,-0....
check iteration duration=3.81469726562e-05
GetData ===>> H2,-0.256307833880276,H1,-0.0354480579242587,AX,-0.167415705173598,L1,-0.0645028726904755,L2,0.07...
check iteration duration=4.10079956055e-05
GetData ===>> H2,-0.265868084123543,H1,0.0404315467357865,AX,-0.0622178911968719,L1,-0.0291807306042078,L2,-0.0...
testing H1>-5.0
evaluate ot="H1.bs>-5.0" t="H1>-5.0", ctx="{'H1': None}"
check iteration duration=0.000749111175537
GetData ===>> H2,-0.298891402478583,H1,-0.0959578090155454,AX,-0.0190462129888818,L1,-0.0574547476782183,L2,-0....
check iteration duration=4.00543212891e-05
GetData ===>> H2,-0.279782795231599,H1,-0.0182278014947411,AX,-0.0195101523062683,L1,-0.0524454355201113,L2,-0....
check iteration duration=4.10079956055e-05
GetData ===>> H2,-0.309027296716671,H1,-0.0101532953750592,AX,-0.0491396949442889,L1,-0.0437460310440637,L2,-0....
check iteration duration=7.89165496826e-05
GetData ===>> H2,-0.248015151018655,H1,-0.018478255818377,AX,-0.104339066975962,L1,-0.0579765574682844,L2,-0.00...
check iteration duration=3.79085540771e-05
GetData ===>> H2,-0.241630463291599,H1,-0.0914291891106476,AX,-0.0975596467343647,L1,-0.034758673632507,L2,-0.0...
testing H1>-5.0
evaluate ot="H1.bs>-5.0" t="H1>-5.0", ctx="{'H1': None}"
check iteration duration=0.000629901885986
GetData ===>> H2,-0.133633123477075,H1,-0.0270648821249385,AX,-0.0247641107437594,L1,-0.0516762086945477,L2,-0....
check iteration duration=3.40938568115e-05
GetData ===>> H2,-0.0904866427786316,H1,-0.0155920298960719,AX,-0.182344869232062,L1,-0.0483438072495563,L2,-0....
check iteration duration=4.10079956055e-05
GetData ===>> H2,-0.167328687590295,H1,0.016806198712316,AX,-0.072094938201129,L1,-0.0341003325101523,L2,-0.094...
check iteration duration=3.19480895996e-05
GetData ===>> H2,-0.0880650592417813,H1,0.000474558541596792,AX,-0.110677687265721,L1,0.0018268123573427,L2,0.0...
check iteration duration=3.60012054443e-05
GetData ===>> H2,-0.196523760205028,H1,0.0629524087610413,AX,-0.102287907617993,L1,-0.0308875351107688,L2,0.017...
testing H1>-5.0
evaluate ot="H1.bs>-5.0" t="H1>-5.0", ctx="{'H1': None}"
check iteration duration=0.000566005706787
GetData ===>> H2,-0.256735279097194,H1,-0.00842381128653964,AX,-0.131000203881301,L1,-0.0595621662291947,L2,-0....
check iteration duration=3.88622283936e-05
GetData ===>> H2,-0.191902140754741,H1,-0.0844451787308963,AX,-0.153203051823217,L1,-0.0364242711424828,L2,-0.0...
check iteration duration=4.00543212891e-05
GetData ===>> H2,-0.0528570545727291,H1,-0.0317037390067608,AX,-0.0532094284255119,L1,-0.0343727908078773,L2,-0...
check iteration duration=7.58171081543e-05
GetData ===>> H2,-0.0733433556750714,H1,-0.0580660118133512,AX,-0.0841268873047566,L1,-0.0166505084209853,L2,0....
check iteration duration=5.10215759277e-05
GetData ===>> H2,-0.172954027625882,H1,-0.00305625659244839,AX,-0.13435011314487,L1,-0.00743584255551872,L2,-0....
testing H1>-5.0
evaluate ot="H1.bs>-5.0" t="H1>-5.0", ctx="{'H1': None}"
check iteration duration=0.000650882720947
GetData ===>> H2,-0.207648169416504,H1,-0.0107854441707243,AX,-0.170429540925657,L1,-0.0360013074141329,L2,-0.0...
check iteration duration=3.60012054443e-05
GetData ===>> H2,-0.289609823086583,H1,-0.0522480702718429,AX,-0.0959950980507689,L1,-0.0201040502979724,L2,-0....
check iteration duration=3.79085540771e-05
GetData ===>> H2,-0.254864078456916,H1,-0.0485878394554494,AX,-0.00914058091793229,L1,-0.0218939095184791,L2,-0...
check iteration duration=5.19752502441e-05
GetData ===>> H2,-0.181755116905097,H1,-0.0296526514260041,AX,-0.0642930816812173,L1,0.00329858303897058,L2,0.0...
check iteration duration=4.10079956055e-05
GetData ===>> H2,-0.202239665038685,H1,-0.0288536698877405,AX,-0.0786327136240876,L1,-0.0265930217980302,L2,0.0...
testing H1>-5.0
evaluate ot="H1.bs>-5.0" t="H1>-5.0", ctx="{'H1': None}"
check iteration duration=0.000740051269531
13:50:27 -- collecting point 50
GetData ===>> H2,-0.179454453664814,H1,-0.0516757954555523,AX,-0.269567420910764,L1,-0.0211878343041913,L2,-0.1...
check iteration duration=3.91006469727e-05
GetData ===>> H2,-0.183206790497672,H1,-0.0394307147465465,AX,-0.141979848303541,L1,-0.007313515862939,L2,-0.02...
check iteration duration=4.00543212891e-05
GetData ===>> H2,-0.150867088390874,H1,-0.0350903265005307,AX,-0.0514934362000195,L1,-0.0205572396724879,L2,-0....
check iteration duration=3.91006469727e-05
GetData ===>> H2,-0.205897730542672,H1,-0.0315367915890484,AX,-0.0097321633623789,L1,-0.0289914670681868,L2,-0....
check iteration duration=5.19752502441e-05
GetData ===>> H2,-0.228019600250214,H1,0.0653515908578985,AX,0.014606883149583,L1,-0.0470787607723853,L2,-0.005...
testing H1>-5.0
evaluate ot="H1.bs>-5.0" t="H1>-5.0", ctx="{'H1': None}"
check iteration duration=0.000768184661865
GetData ===>> H2,-0.151401810121866,H1,-0.0868288548184324,AX,-0.138918749853604,L1,-0.0415319799135369,L2,0.02...
check iteration duration=5.29289245605e-05
GetData ===>> H2,-0.137742300488582,H1,-0.0219964765096446,AX,-0.0957980790254964,L1,9.361600390852E-05,L2,-0.1...
check iteration duration=3.79085540771e-05
GetData ===>> H2,-0.171344567025772,H1,0.0315057599930004,AX,-0.251524599726281,L1,0.0365995004616355,L2,-0.071...
check iteration duration=4.00543212891e-05
GetData ===>> H2,-0.162934688919573,H1,-0.0558127917987815,AX,-0.0949172832103473,L1,0.00108740679332949,L2,0.0...
check iteration duration=3.79085540771e-05
GetData ===>> H2,-0.231578603566896,H1,-0.00466655322266514,AX,-0.0483512368684226,L1,-0.0230985584136778,L2,0....
testing H1>-5.0
evaluate ot="H1.bs>-5.0" t="H1>-5.0", ctx="{'H1': None}"
check iteration duration=0.000662088394165
GetData ===>> H2,-0.275944764767956,H1,-0.0559796987248394,AX,-0.103052751756852,L1,-0.0426492446196768,L2,0.05...
check iteration duration=1.8835067749e-05
waiting for write to finish
measurement finished
estimated time: 62.915 actual time: :63.030
flush and close file /Users/jan/PychronDev/data/isotopes/d5/a55286-ba79-43b7-a8d6-3f2c9e519af3.h5
activate_detectors ('H1', 'AX', 'CDD') {'peak_center': True}
peak_center () {'detector': 'H1', 'integration_time': 0.262144, 'isotope': 'Ar40'}
peak center: mean=458.620080043 threshold=3
peak center started
setup peak center. detector=['H1', 'AX', 'CDD'], isotope=Ar40
VersionedUnpickler [<apptools.sweet_pickle.versioned_unpickler.VersionedUnpickler object at 0x1338da410>] using Updater [<apptools.sweet_pickle.updater.Updater object at 0x13aba7dd0>]
VersionedUnpickler [<apptools.sweet_pickle.versioned_unpickler.VersionedUnpickler object at 0x1338da410>] using Updater [<apptools.sweet_pickle.updater.Updater object at 0x13aba7dd0>]
VersionedUnpickler [<apptools.sweet_pickle.versioned_unpickler.VersionedUnpickler object at 0x1338da410>] using Updater [<apptools.sweet_pickle.updater.Updater object at 0x13aba7dd0>]
setting integration time = 0.524288
SetIntegrationTime 0.524288 ===>> OK
Mapping mass to dac mass func: "parabolic"
H1 map mass coeffs = [-0.00063987  0.15840543  0.57137999]
H1 map mass to dac 39.9624 >> 5.87977
GetDeflection H1 ===>> 0
GetHighVoltage ===>> 4500
do peak center. <pychron.spectrometer.jobs.peak_center.PeakCenter object at 0x13aba7ef0>
doing pc
starting peak center. center dac= 5.87977 step_width=0.001
width = 0.001
get scan parameters. half-width=0.015,window=0.015, i=0, scalar=1
Scan parameters center=5.87977 width=0.03000 (5.86477 - 5.89477)
GetData ===>> H2,-0.347066728462322,H1,0.0377346342270492,AX,-0.0101033505113511,L1,-0.0598912234646342,L2,-0.0...
Moving to starting dac 5.86477
setting magnet DAC
current  : 5.240426
requested: 5.864770
Delta Dac: 0.624344
Checking detector protection. dv=0.62434
Checking detector "CDD". Protection Threshold: 0.1 (V)
ProtectDetector CDD,On ===>> OK
GetDeflection CDD ===>> 2000
Protected = 2000
SetMagnetDAC 5.86477 ===>> OK
Magnet settling time: 0.500
GetMagnetMoving ===>> True
GetMagnetMoving ===>> True
GetMagnetMoving ===>> True
GetMagnetMoving ===>> True
GetMagnetMoving ===>> True
GetMagnetMoving ===>> True
GetMagnetMoving ===>> True
GetMagnetMoving ===>> True
GetMagnetMoving ===>> False
ProtectDetector CDD,Off ===>> OK
GetDeflection CDD ===>> 50
Wait until signal near baseline. tol= 0.0283009756703. timeout= 10
GetData ===>> H2,1.1566001265506,H1,-0.00125507929833442,AX,-0.151005740776003,L1,-0.0204215953080158,L2,-0.132...
Peak center baseline intensity achieved
_do_sweep sm= 5.86477, em= 5.89477, stm= 0.001
calculated step values: start=5.86477, end=5.89477, width=0.001, nsteps=31.0
setting magnet DAC
current  : 5.864770
requested: 5.864770
Delta Dac: 0.000000
Checking detector protection. dv=0.00000
Checking detector "CDD". Protection Threshold: 0.1 (V)
SetMagnetDAC 5.86477 ===>> OK
GetData ===>> H2,30.6126890130354,H1,6.5027514562688,AX,-0.132564189703018,L1,-0.0488978881312122,L2,-0.0424632...
setting magnet DAC
current  : 5.864770
requested: 5.865804
Delta Dac: 0.001034
Checking detector protection. dv=0.00103
Checking detector "CDD". Protection Threshold: 0.1 (V)
SetMagnetDAC 5.86580448276 ===>> OK
Magnet settling time: 1.049
GetData ===>> H2,16.6099851745491,H1,5.78171864566068,AX,-0.0790963689583113,L1,-0.064920691859447,L2,0.0738604...
setting magnet DAC
current  : 5.865804
requested: 5.866839
Delta Dac: 0.001034
Checking detector protection. dv=0.00103
Checking detector "CDD". Protection Threshold: 0.1 (V)
SetMagnetDAC 5.86683896552 ===>> OK
Magnet settling time: 1.049
GetData ===>> H2,2.26006449011861,H1,4.2949377268646,AX,-0.0490469355022414,L1,-0.0595475320705939,L2,-0.048222...
setting magnet DAC
current  : 5.866839
requested: 5.867873
Delta Dac: 0.001034
Checking detector protection. dv=0.00103
Checking detector "CDD". Protection Threshold: 0.1 (V)
SetMagnetDAC 5.86787344828 ===>> OK
Magnet settling time: 1.049
GetData ===>> H2,0.212051321160603,H1,12.1693214976518,AX,-0.0108225215843965,L1,0.00469492319512187,L2,0.04414...
setting magnet DAC
current  : 5.867873
requested: 5.868908
Delta Dac: 0.001034
Checking detector protection. dv=0.00103
Checking detector "CDD". Protection Threshold: 0.1 (V)
SetMagnetDAC 5.86890793103 ===>> OK
Magnet settling time: 1.049
GetData ===>> H2,0.173870406086341,H1,40.6006622018211,AX,0.116126943782363,L1,-0.0518795869898725,L2,0.0499326...
setting magnet DAC
current  : 5.868908
requested: 5.869942
Delta Dac: 0.001034
Checking detector protection. dv=0.00103
Checking detector "CDD". Protection Threshold: 0.1 (V)
SetMagnetDAC 5.86994241379 ===>> OK
Magnet settling time: 1.049
GetData ===>> H2,0.0235321673197103,H1,111.532384607451,AX,0.200325489701198,L1,-0.0223473567171936,L2,-0.10019...
setting magnet DAC
current  : 5.869942
requested: 5.870977
Delta Dac: 0.001034
Checking detector protection. dv=0.00103
Checking detector "CDD". Protection Threshold: 0.1 (V)
SetMagnetDAC 5.87097689655 ===>> OK
Magnet settling time: 1.049
GetData ===>> H2,-0.119560873706609,H1,220.25706599208,AX,0.818301919109513,L1,-0.0352559852403931,L2,-0.115703...
setting magnet DAC
current  : 5.870977
requested: 5.872011
Delta Dac: 0.001034
Checking detector protection. dv=0.00103
Checking detector "CDD". Protection Threshold: 0.1 (V)
SetMagnetDAC 5.87201137931 ===>> OK
Magnet settling time: 1.049
GetData ===>> H2,0.117449557583436,H1,327.198291175195,AX,1.26819453863674,L1,-0.00407851482791987,L2,0.0795355...
setting magnet DAC
current  : 5.872011
requested: 5.873046
Delta Dac: 0.001034
Checking detector protection. dv=0.00103
Checking detector "CDD". Protection Threshold: 0.1 (V)
SetMagnetDAC 5.87304586207 ===>> OK
Magnet settling time: 1.049
GetData ===>> H2,0.0397987624505186,H1,395.868351459138,AX,1.61484376136474,L1,0.00436353002433769,L2,0.0271499...
setting magnet DAC
current  : 5.873046
requested: 5.874080
Delta Dac: 0.001034
Checking detector protection. dv=0.00103
Checking detector "CDD". Protection Threshold: 0.1 (V)
SetMagnetDAC 5.87408034483 ===>> OK
Magnet settling time: 1.049
GetData ===>> H2,-0.182176021273107,H1,426.738327230155,AX,1.96110728237598,L1,0.0181414727216606,L2,-0.1021304...
setting magnet DAC
current  : 5.874080
requested: 5.875115
Delta Dac: 0.001034
Checking detector protection. dv=0.00103
Checking detector "CDD". Protection Threshold: 0.1 (V)
SetMagnetDAC 5.87511482759 ===>> OK
Magnet settling time: 1.049
GetData ===>> H2,-0.121484372142394,H1,437.058377930019,AX,2.15600133745119,L1,-0.0205054358805245,L2,-0.025707...
setting magnet DAC
current  : 5.875115
requested: 5.876149
Delta Dac: 0.001034
Checking detector protection. dv=0.00103
Checking detector "CDD". Protection Threshold: 0.1 (V)
SetMagnetDAC 5.87614931034 ===>> OK
Magnet settling time: 1.049
GetData ===>> H2,-0.111148841998308,H1,439.925813888376,AX,2.07768338362827,L1,-0.0392144271943813,L2,0.1043142...
setting magnet DAC
current  : 5.876149
requested: 5.877184
Delta Dac: 0.001034
Checking detector protection. dv=0.00103
Checking detector "CDD". Protection Threshold: 0.1 (V)
SetMagnetDAC 5.8771837931 ===>> OK
Magnet settling time: 1.049
GetData ===>> H2,-0.108916128212416,H1,440.825411857516,AX,2.13400694360337,L1,-0.0232693880632123,L2,0.1239001...
setting magnet DAC
current  : 5.877184
requested: 5.878218
Delta Dac: 0.001034
Checking detector protection. dv=0.00103
Checking detector "CDD". Protection Threshold: 0.1 (V)
SetMagnetDAC 5.87821827586 ===>> OK
Magnet settling time: 1.049
GetData ===>> H2,-0.105298965229704,H1,440.370946985724,AX,2.0043446875708,L1,0.0281277696116748,L2,-0.02315791...
setting magnet DAC
current  : 5.878218
requested: 5.879253
Delta Dac: 0.001034
Checking detector protection. dv=0.00103
Checking detector "CDD". Protection Threshold: 0.1 (V)
SetMagnetDAC 5.87925275862 ===>> OK
Magnet settling time: 1.049
GetData ===>> H2,-0.111814886314166,H1,440.702524959598,AX,1.94493618186645,L1,-0.00712762441569095,L2,0.145040...
setting magnet DAC
current  : 5.879253
requested: 5.880287
Delta Dac: 0.001034
Checking detector protection. dv=0.00103
Checking detector "CDD". Protection Threshold: 0.1 (V)
SetMagnetDAC 5.88028724138 ===>> OK
Magnet settling time: 1.049
GetData ===>> H2,-0.171374249006069,H1,440.93115215411,AX,2.18109689414796,L1,-0.040222957675384,L2,0.047676964...
setting magnet DAC
current  : 5.880287
requested: 5.881322
Delta Dac: 0.001034
Checking detector protection. dv=0.00103
Checking detector "CDD". Protection Threshold: 0.1 (V)
SetMagnetDAC 5.88132172414 ===>> OK
Magnet settling time: 1.049
GetData ===>> H2,-0.133753542239957,H1,440.437357904763,AX,2.07700385380534,L1,0.0341786231875451,L2,-0.1166379...
setting magnet DAC
current  : 5.881322
requested: 5.882356
Delta Dac: 0.001034
Checking detector protection. dv=0.00103
Checking detector "CDD". Protection Threshold: 0.1 (V)
SetMagnetDAC 5.8823562069 ===>> OK
Magnet settling time: 1.049
GetData ===>> H2,-0.15361323283821,H1,440.052440211686,AX,2.0804015498576,L1,0.0383163434424564,L2,0.0887214158...
setting magnet DAC
current  : 5.882356
requested: 5.883391
Delta Dac: 0.001034
Checking detector protection. dv=0.00103
Checking detector "CDD". Protection Threshold: 0.1 (V)
SetMagnetDAC 5.88339068966 ===>> OK
Magnet settling time: 1.049
GetData ===>> H2,-0.268276896841596,H1,439.295953636543,AX,2.15262447997476,L1,-0.00541246396551264,L2,-0.06595...
setting magnet DAC
current  : 5.883391
requested: 5.884425
Delta Dac: 0.001034
Checking detector protection. dv=0.00103
Checking detector "CDD". Protection Threshold: 0.1 (V)
SetMagnetDAC 5.88442517241 ===>> OK
Magnet settling time: 1.049
GetData ===>> H2,-0.255201508973305,H1,436.483526945569,AX,2.04710918764752,L1,-0.0271864801358268,L2,0.0505251...
setting magnet DAC
current  : 5.884425
requested: 5.885460
Delta Dac: 0.001034
Checking detector protection. dv=0.00103
Checking detector "CDD". Protection Threshold: 0.1 (V)
SetMagnetDAC 5.88545965517 ===>> OK
Magnet settling time: 1.049
GetData ===>> H2,-0.0815100274804496,H1,425.715117175525,AX,1.99865508515172,L1,-0.00102608147573628,L2,-0.0090...
setting magnet DAC
current  : 5.885460
requested: 5.886494
Delta Dac: 0.001034
Checking detector protection. dv=0.00103
Checking detector "CDD". Protection Threshold: 0.1 (V)
SetMagnetDAC 5.88649413793 ===>> OK
Magnet settling time: 1.049
GetData ===>> H2,-0.169911644381025,H1,391.205389734507,AX,1.86234385967771,L1,0.0508865135447261,L2,0.08920010...
setting magnet DAC
current  : 5.886494
requested: 5.887529
Delta Dac: 0.001034
Checking detector protection. dv=0.00103
Checking detector "CDD". Protection Threshold: 0.1 (V)
SetMagnetDAC 5.88752862069 ===>> OK
Magnet settling time: 1.049
GetData ===>> H2,-0.120816189515516,H1,313.717200904978,AX,1.13913087324181,L1,0.00925121593942856,L2,-0.010976...
setting magnet DAC
current  : 5.887529
requested: 5.888563
Delta Dac: 0.001034
Checking detector protection. dv=0.00103
Checking detector "CDD". Protection Threshold: 0.1 (V)
SetMagnetDAC 5.88856310345 ===>> OK
Magnet settling time: 1.049
GetData ===>> H2,-0.164229441943701,H1,202.575374061895,AX,0.671118400301349,L1,-0.000486050002929094,L2,-0.131...
setting magnet DAC
current  : 5.888563
requested: 5.889598
Delta Dac: 0.001034
Checking detector protection. dv=0.00103
Checking detector "CDD". Protection Threshold: 0.1 (V)
SetMagnetDAC 5.88959758621 ===>> OK
Magnet settling time: 1.049
GetData ===>> H2,-0.224226837081621,H1,100.289069316856,AX,0.282529825848971,L1,0.00933993582105502,L2,-0.01086...
setting magnet DAC
current  : 5.889598
requested: 5.890632
Delta Dac: 0.001034
Checking detector protection. dv=0.00103
Checking detector "CDD". Protection Threshold: 0.1 (V)
SetMagnetDAC 5.89063206897 ===>> OK
Magnet settling time: 1.049
GetData ===>> H2,-0.312221208047999,H1,37.6354968764438,AX,0.0493046042180982,L1,-0.031915604383852,L2,-0.09048...
setting magnet DAC
current  : 5.890632
requested: 5.891667
Delta Dac: 0.001034
Checking detector protection. dv=0.00103
Checking detector "CDD". Protection Threshold: 0.1 (V)
SetMagnetDAC 5.89166655172 ===>> OK
Magnet settling time: 1.049
GetData ===>> H2,-0.208258535892024,H1,11.2152069672739,AX,-0.133351965630983,L1,-0.0587943906851809,L2,0.09015...
setting magnet DAC
current  : 5.891667
requested: 5.892701
Delta Dac: 0.001034
Checking detector protection. dv=0.00103
Checking detector "CDD". Protection Threshold: 0.1 (V)
SetMagnetDAC 5.89270103448 ===>> OK
Magnet settling time: 1.049
GetData ===>> H2,-0.25721781571936,H1,2.94462060395742,AX,-0.0317689475018191,L1,-0.0751261731307603,L2,0.07187...
setting magnet DAC
current  : 5.892701
requested: 5.893736
Delta Dac: 0.001034
Checking detector protection. dv=0.00103
Checking detector "CDD". Protection Threshold: 0.1 (V)
SetMagnetDAC 5.89373551724 ===>> OK
Magnet settling time: 1.049
GetData ===>> H2,-0.287122698685316,H1,0.571919456458603,AX,-0.196214447113824,L1,-0.0216264369747257,L2,-0.014...
setting magnet DAC
current  : 5.893736
requested: 5.894770
Delta Dac: 0.001034
Checking detector protection. dv=0.00103
Checking detector "CDD". Protection Threshold: 0.1 (V)
SetMagnetDAC 5.89477 ===>> OK
Magnet settling time: 1.049
GetData ===>> H2,-0.0297296062853053,H1,-0.144913402940561,AX,-0.209226582764797,L1,-0.0478375684115656,L2,-0.0...
result of _do_sweep=True
result of _calculate_peak_center=([5.8720144889779551, 5.8796798196392777, 5.8873451503006002], [326.90619201402421, 440.92977764191841, 327.46009611825207], 5.8802810220440875, 440.92977764191841)
Failed to find a valid peak. No peak greater than 1.0. max = 0.0141944341774
new center pos Detector(H1) (Ar40) @ 5.87967981964
GetHighVoltage ===>> 4500
GetDeflection H1 ===>> 0
dac uncorrected for HV and deflection 5.87967981964
update mftable H1 Ar40 5.87967981964 message=automated run peakcenter
get initial guess parabolic
get initial guess parabolic
get initial guess parabolic
get initial guess parabolic
get initial guess parabolic
get initial guess parabolic
dump mftable to /Users/jan/PychronDev/setupfiles/spectrometer/mftables/mftable.csv
add to repo msg=modified - automated run peakcenter
sweep finished
locally archiving mftable
setting magnet DAC
current  : 5.894770
requested: 5.879680
Delta Dac: 0.015090
Checking detector protection. dv=0.01509
Checking detector "CDD". Protection Threshold: 0.1 (V)
SetMagnetDAC 5.87967981964 ===>> OK
Magnet settling time: 0.500
setting integration time = 1.048576
SetIntegrationTime 1.048576 ===>> OK
Failed to find a valid peak. No peak greater than 1.0. max = 0.0141944341774
flush and close file /Users/jan/PychronDev/data/isotopes/d5/a55286-ba79-43b7-a8d6-3f2c9e519af3.h5
finished measure script
executed snippet estimated_duration=226.132928, duration=261.482639074
jan_unknown120_60.py completed successfully
Measurement Finished
13:51:15 -- ******* Measurement Finished *******
Post Measurement Started jan_pump_ms.py
13:51:15 -- ******* Post Measurement Started jan_pump_ms.py *******
testing...
no interpolation path defined
executed snippet estimated_duration=0, duration=2.78949737549e-05
Pumping spectrometer
open () {'name': 'O'}
opening name=O desc=---
checking ownership. requestor=129.138.12.150
check software interlocks O
interlocks []
actuate state mode=None-script, software_lock=False
doing actuation None-script open_channel True
Open O ===>> OK
GetIndicatorState O ===>> OK
change switch state (True, True)
update switch state O True args=() kw={} ncanvase=2
13:51:15 -- OPEN   VALVE-O (Jan Ion Pump)
---------------------------------------- open O () result=[(True, True)], time=0.11 sec
action=open, ok=True, locked=[False]
executed snippet estimated_duration=0, duration=0.36235499382
jan_pump_ms.py completed successfully
setting _ms_pumptime
Post Measurement Finished
13:51:15 -- ******* Post Measurement Finished *******
$$$$$$$$$$$$$$$$$$$$ state at run end measurement
state changed from measurement to success
post measurement save measured=True aborted=False
Set filtering
setting fod for Ar40= {'filter_outliers': True, 'std_devs': 2, 'iterations': 1}
setting fod for H1= {'filter_outliers': True, 'std_devs': 2, 'iterations': 1}
setting fod for PM41= {'filter_outliers': False, 'std_devs': 2, 'iterations': 1}
setting fod for H2= {'filter_outliers': True, 'std_devs': 2, 'iterations': 1}
setting fod for Ar36= {'filter_outliers': True, 'std_devs': 2, 'iterations': 1}
setting fod for CDD= {'filter_outliers': True, 'std_devs': 10, 'iterations': 1}
setting fod for Ar37= {'filter_outliers': True, 'std_devs': 2, 'iterations': 1}
setting fod for L2= {'filter_outliers': True, 'std_devs': 2, 'iterations': 1}
setting fod for Ar38= {'filter_outliers': True, 'std_devs': 2, 'iterations': 1}
setting fod for L1= {'filter_outliers': True, 'std_devs': 2, 'iterations': 1}
setting fod for Ar39= {'filter_outliers': True, 'std_devs': 2, 'iterations': 1}
setting fod for AX= {'filter_outliers': True, 'std_devs': 2, 'iterations': 1}
persistence save...
persistence save - db
post measurement save
5406697616 connecting to database sqlite:////Users/jan/PychronDev/.appdata/local_lab.db
connected to db sqlite:////Users/jan/PychronDev/.appdata/local_lab.db
create new session 5406697616
close session 5406697616
No database instance. Not saving post measurement to isotopedb database
$$$$$$$$$$$$$$$ auto_save_detector_ic=False
massspec enabled True
create new session 5036991120
MassSpec Database Version: 16.0
close session 5036991120
saving post measurement to secondary database
saving to massspec database 129.138.12.160/massspecdata
setting labnumber to 65266
setting aliquot to 6
setting step to P
setting uuid to d5a55286-ba79-43b7-a8d6-3f2c9e519af3
setting irradpos to 65266
setting extract_device to Fusions CO2
setting tray to 
setting position to 39
setting power_requested to 0.675
setting extract_value to 0.675
setting duration to 30.0
setting duration_at_request to 30.0
setting first_stage_delay to 30.0
setting cleanup to 30.0
setting comment to F:8 Am-1a
setting irradiation to NM-285
setting level to F
setting irradiation_level to F
setting sample to AM-1a
setting material to Kspar
setting project to REEFenite
setting mass_spectrometer to Jan
no attribute chron_dosages
no attribute production_ratios
no attribute interference_corrections
no attribute production_name
no attribute j
Reference Isotope=Ar40
Reference Detector=H1
%%%%%%%%%%%%%%%%%%%% Comment: F:8 Am-1a %%%%%%%%%%%%%%%%%%%
adding isotope PM41 H2
add baseline dbdet= PM41. original det= H2
get baseline data PM41 H2
Get data baseline <pychron.processing.isotope.Baseline object at 0x14214d6d0> len t=60
baseline PM41. v=-0.188230678744, e=0.00894749639432
get signal data PM41 H2
Get data signal PM41 0.06+/-0.05 len t=120
adding isotope Ar40 H1
add baseline dbdet= Ar40. original det= H1
get baseline data Ar40 H1
Get data baseline <pychron.processing.isotope.Baseline object at 0x14214d790> len t=60
baseline Ar40. v=-0.0338646392318, e=0.00510785596302
get signal data Ar40 H1
Get data signal Ar40 479.831+/-0.035 len t=120
adding isotope Ar39 AX
add baseline dbdet= Ar39. original det= AX
get baseline data Ar39 AX
Get data baseline <pychron.processing.isotope.Baseline object at 0x14214dc10> len t=60
baseline Ar39. v=-0.0766033460307, e=0.00655556722954
get signal data Ar39 AX
Get data signal Ar39 2.154+/-0.012 len t=120
adding isotope Ar38 L1
add baseline dbdet= Ar38. original det= L1
get baseline data Ar38 L1
Get data baseline <pychron.processing.isotope.Baseline object at 0x14214ddd0> len t=60
baseline Ar38. v=-0.0322385550805, e=0.00253096578721
get signal data Ar38 L1
Get data signal Ar38 0.052+/-0.005 len t=120
adding isotope Ar37 L2
add baseline dbdet= Ar37. original det= L2
get baseline data Ar37 L2
Get data baseline <pychron.processing.isotope.Baseline object at 0x14214df90> len t=60
baseline Ar37. v=-0.0278622933867, e=0.0062299857362
get signal data Ar37 L2
Get data signal Ar37 0.060+/-0.010 len t=120
adding isotope Ar36 CDD
add baseline dbdet= Ar36. original det= CDD
get baseline data Ar36 CDD
Get data baseline <pychron.processing.isotope.Baseline object at 0x142177190> len t=60
baseline Ar36. v=0.000106686878974, e=1.80741584769e-05
get signal data Ar36 CDD
Get data signal Ar36 0.00741+/-0.00025 len t=120
65266-06P added analysis time 0.571640014648s
analysis added to mass spec database
mass spec save time= 0.592
persistence save - dvc
================= post measurement started
create new session 5002644176
close session 5002644176
---------------- Experiment Queue saving disabled
DVC saving peakcenter
Failed to find a valid peak. No peak greater than 1.0. max = 0.0141944341774
Smart pull ahead: 0 behind: 0
Up-to-date with origin
add to repo msg=modified - ad8224ebc6dbfeb9f5997218dfa5fe690569839d.json
add to repo msg=modified - 66-06P.json
add to repo msg=modified - 66-06P.dat.json
add to repo msg=modified - 66-06P.blan.json
add to repo msg=modified - 66-06P.inte.json
add to repo msg=modified - 66-06P.icfa.json
add to repo msg=modified - 66-06P.base.json
not at valid file /Users/jan/PychronDev/data/.dvc/repositories/REEFenite/652/tags/66-06P.tags.json
add to repo msg=modified - 66-06P.peak.json
add to repo msg=modified - 66-06P.extr.json
not at valid file /Users/jan/PychronDev/data/.dvc/repositories/REEFenite/652/monitor/66-06P.moni.json
commit message=<COLLECTION>
add to repo msg=modified - 66-06P.inte.json
add to repo msg=modified - 66-06P.base.json
commit message=<ISOEVO> default collection fits
add to repo msg=modified - 66-06P.blan.json
commit message=<BLANKS> preceding 
add to repo msg=modified - 66-06P.icfa.json
commit message=<ICFactor> default
push repository <pychron.git_archive.repo_manager.GitRepoManager object at 0x13bd3ee30>
pushing to remote=origin, url=https://github.com
no changes to meta repo
create new session 5002644176
add association REEFenite
get identifier "65266"
setting analysis irradiation position=<pychron.dvc.dvc_orm.IrradiationPositionTbl object at 0x13a582850>
close session 5002644176
================= post measurement finished
13:51:35 -- ******* Post Run Check *******
loading queue conditionals post_run_actions
loading system conditionals post_run_actions
loading conditionals from /Users/jan/PychronDev/setupfiles/spectrometer/default_conditionals.yaml
loading queue conditionals post_run_terminations
loading system conditionals post_run_terminations
loading conditionals from /Users/jan/PychronDev/setupfiles/spectrometer/default_conditionals.yaml
Checking default post run terminations n=1
GetDeflection CDD ===>> 50
testing CDD==2000
evaluate ot="CDD.deflection==2000" t="CDD==2000", ctx="{'CDD': 50.0}"
13:51:35 -- ******* Post Run Check Passed *******
13:51:35 -- Automated run 65266-06P success duration: 356.185 s
----------------- finish -----------------
----------------- stop -----------------
retroactive repository identifiers disabled
finish run. runs completed=7
update duration runid=65266-06P, duration=356.185274124, md5=3be28e4d
loading script "jan_unknown120_60.py"
loading script "jan_pump_ms.py"
loading script "jan_co2.py"
loading script "jan_pump_extraction_line.py"
testing...
no interpolation path defined
executed snippet estimated_duration=213.652928, duration=0.000303983688354
script duration name:unknown120_60 seconds:214.0
loading script "jan_unknown120_60.py"
loading script "jan_pump_ms.py"
loading script "jan_co2.py"
loading script "jan_pump_extraction_line.py"
testing...
no interpolation path defined
executed snippet estimated_duration=0, duration=3.09944152832e-05
loading script "jan_unknown120_60.py"
loading script "jan_pump_ms.py"
loading script "jan_co2.py"
loading script "jan_pump_extraction_line.py"
testing...
no interpolation path defined
calculate duration
testing...
no interpolation path defined
executed snippet estimated_duration=0, duration=5.48362731934e-05
calculate duration
testing...
no interpolation path defined
executed snippet estimated_duration=0, duration=9.29832458496e-05
executed snippet estimated_duration=0.0, duration=0.0029730796814
script duration name:co2 seconds:0.0
loading script "jan_unknown120_60.py"
loading script "jan_pump_ms.py"
loading script "jan_co2.py"
loading script "jan_pump_extraction_line.py"
testing...
no interpolation path defined
calculate duration
testing...
no interpolation path defined
executed snippet estimated_duration=4.0, duration=0.000176906585693
executed snippet estimated_duration=4.0, duration=0.00471997261047
Script duration 214.0
Run total estimated duration= 215.000
unknown120_60 in script context. using previous estimated duration
script duration name:unknown120_60 seconds:214.0
pump_ms in script context. using previous estimated duration
co2 in script context. using previous estimated duration
script duration name:co2 seconds:0.0
pump_extraction_line in script context. using previous estimated duration
Script duration 214.0
Run total estimated duration= 215.000
script duration name:unknown120_60 seconds:214.0
script duration name:co2 seconds:0.0
Script duration 214.0
Run total estimated duration= 215.000
script duration name:unknown120_60 seconds:214.0
script duration name:co2 seconds:0.0
Script duration 214.0
Run total estimated duration= 215.000
script duration name:unknown120_60 seconds:214.0
script duration name:co2 seconds:0.0
Script duration 214.0
Run total estimated duration= 215.000
script duration name:unknown120_60 seconds:214.0
script duration name:co2 seconds:0.0
Script duration 214.0
Run total estimated duration= 215.000
script duration name:unknown120_60 seconds:214.0
script duration name:co2 seconds:0.0
Script duration 214.0
Run total estimated duration= 215.000
script duration name:unknown120_60 seconds:214.0
script duration name:co2 seconds:0.0
Script duration 214.0
Run total estimated duration= 215.000
script duration name:unknown120_60 seconds:214.0
script duration name:co2 seconds:0.0
Script duration 214.0
Run total estimated duration= 215.000
script duration name:unknown120_60 seconds:214.0
script duration name:co2 seconds:0.0
Script duration 214.0
Run total estimated duration= 215.000
script duration name:unknown120_60 seconds:214.0
script duration name:co2 seconds:0.0
Script duration 214.0
Run total estimated duration= 215.000
script duration name:unknown120_60 seconds:214.0
script duration name:co2 seconds:0.0
Script duration 214.0
Run total estimated duration= 215.000
script duration name:unknown120_60 seconds:214.0
script duration name:co2 seconds:0.0
Script duration 214.0
Run total estimated duration= 215.000
script duration name:unknown120_60 seconds:214.0
script duration name:co2 seconds:0.0
Script duration 214.0
Run total estimated duration= 215.000
script duration name:unknown120_60 seconds:214.0
script duration name:co2 seconds:0.0
Script duration 214.0
Run total estimated duration= 215.000
script duration name:unknown120_60 seconds:214.0
script duration name:co2 seconds:0.0
Script duration 214.0
Run total estimated duration= 215.000
script duration name:unknown120_60 seconds:214.0
script duration name:co2 seconds:0.0
Script duration 214.0
Run total estimated duration= 215.000
script duration name:unknown120_60 seconds:214.0
script duration name:co2 seconds:0.0
Script duration 214.0
Run total estimated duration= 215.000
loading script "jan_unknown400_120.py"
loading script "jan_pump_ms.py"
loading script "jan_sniffair_x2.py"
loading script "jan_pump_extraction_line.py"
testing...
no interpolation path defined
executed snippet estimated_duration=556.052928, duration=0.000269889831543
script duration name:unknown400_120 seconds:556.0
loading script "jan_unknown400_120.py"
loading script "jan_pump_ms.py"
loading script "jan_sniffair_x2.py"
loading script "jan_pump_extraction_line.py"
testing...
no interpolation path defined
calculate duration
testing...
no interpolation path defined
executed snippet estimated_duration=0, duration=4.50611114502e-05
calculate duration
testing...
no interpolation path defined
executed snippet estimated_duration=0, duration=0.000101089477539
calculate duration
testing...
no interpolation path defined
executed snippet estimated_duration=32.0, duration=9.20295715332e-05
calculate duration
testing...
no interpolation path defined
executed snippet estimated_duration=34.0, duration=0.000116109848022
calculate duration
testing...
no interpolation path defined
executed snippet estimated_duration=4.0, duration=0.000133991241455
calculate duration
testing...
no interpolation path defined
executed snippet estimated_duration=36.0, duration=8.9168548584e-05
calculate duration
testing...
no interpolation path defined
executed snippet estimated_duration=34.0, duration=0.000103950500488
calculate duration
testing...
no interpolation path defined
executed snippet estimated_duration=4.0, duration=0.000118970870972
calculate duration
testing...
no interpolation path defined
executed snippet estimated_duration=36.0, duration=0.000143051147461
calculate duration
testing...
no interpolation path defined
executed snippet estimated_duration=70.0, duration=0.000110864639282
executed snippet estimated_duration=250.0, duration=0.0183050632477
script duration name:sniffair_x2 seconds:250.0
Script duration 806.0
Run total estimated duration= 807.000
unknown400_120 in script context. using previous estimated duration
script duration name:unknown400_120 seconds:556.0
sniffair_x2 in script context. using previous estimated duration
script duration name:sniffair_x2 seconds:250.0
Script duration 806.0
Run total estimated duration= 807.000
script duration name:unknown400_120 seconds:556.0
loading script "jan_unknown400_120.py"
loading script "jan_pump_ms.py"
loading script "jan_cocktail_x1.py"
loading script "jan_pump_extraction_line.py"
testing...
no interpolation path defined
calculate duration
testing...
no interpolation path defined
executed snippet estimated_duration=0, duration=4.72068786621e-05
calculate duration
testing...
no interpolation path defined
executed snippet estimated_duration=0, duration=9.89437103271e-05
calculate duration
testing...
no interpolation path defined
executed snippet estimated_duration=32.0, duration=0.0001060962677
calculate duration
testing...
no interpolation path defined
executed snippet estimated_duration=34.0, duration=0.000102996826172
calculate duration
testing...
no interpolation path defined
executed snippet estimated_duration=4.0, duration=6.5803527832e-05
calculate duration
testing...
no interpolation path defined
executed snippet estimated_duration=38.0, duration=9.98973846436e-05
executed snippet estimated_duration=108.0, duration=0.0155870914459
script duration name:cocktail_x1 seconds:108.0
Script duration 664.0
Run total estimated duration= 665.000
script duration name:unknown400_120 seconds:556.0
cocktail_x1 in script context. using previous estimated duration
script duration name:cocktail_x1 seconds:108.0
Script duration 664.0
Run total estimated duration= 665.000
script duration name:unknown400_120 seconds:556.0
script duration name:co2 seconds:0.0
Script duration 556.0
Run total estimated duration= 557.000
nruns=23 before=5.0, run_dur=7371.0, btw=660.0
write rem/ex queues
/Users/jan/PychronDev/experiments/rem/Load1796.rem.txt
/Users/jan/PychronDev/experiments/rem/Load1796.ex.txt
doing event level: 3
