do run
loading script "jan_unknown120_60.py"
loading script "jan_pump_ms.py"
loading script "jan_co2.py"
loading script "jan_pump_extraction_line.py"
testing...
no interpolation path defined
executed snippet estimated_duration=213.652928, duration=0.000175952911377
script duration name:unknown120_60 seconds:214.0
loading script "jan_unknown120_60.py"
loading script "jan_pump_ms.py"
loading script "jan_co2.py"
loading script "jan_pump_extraction_line.py"
testing...
no interpolation path defined
executed snippet estimated_duration=0, duration=2.00271606445e-05
loading script "jan_unknown120_60.py"
loading script "jan_pump_ms.py"
loading script "jan_co2.py"
loading script "jan_pump_extraction_line.py"
testing...
no interpolation path defined
calculate duration
testing...
no interpolation path defined
executed snippet estimated_duration=0, duration=3.981590271e-05
calculate duration
testing...
no interpolation path defined
executed snippet estimated_duration=0, duration=6.60419464111e-05
executed snippet estimated_duration=0.0, duration=0.00199580192566
script duration name:co2 seconds:0.0
loading script "jan_unknown120_60.py"
loading script "jan_pump_ms.py"
loading script "jan_co2.py"
loading script "jan_pump_extraction_line.py"
testing...
no interpolation path defined
calculate duration
testing...
no interpolation path defined
executed snippet estimated_duration=4.0, duration=0.000107049942017
executed snippet estimated_duration=4.0, duration=0.000994920730591
Script duration 214.0
Run total estimated duration= 215.000
run duration: 0:03:35
doing event level: 2
18:47:02 -- Setting default integration. t=1.048576
setting integration time = 1.048576
SetIntegrationTime 1.048576 ===>> OK
----------------- start -----------------
**************** Experiment Type: Ar/Ar, Ar/Ar
create new session 5024020528
close session 5024020528
$$$$$ Clearing conditionals
adding conditionals 
Add queue conditionals
add default conditionals
adding default conditionals from /Users/jan/PychronDev/setupfiles/spectrometer/default_conditionals.yaml
Start automated run 65267-10H
loading script "jan_unknown120_60.py"
loading script "jan_pump_ms.py"
loading script "jan_co2.py"
loading script "jan_pump_extraction_line.py"
%%%%%%%%%%%%%%%%%% setting automated run 65267-10H
No value "sensitivity_multiplier" in metadata
$$$$$$$$$$$$$$$ auto_save_detector_ic=False
============================= Pre Extraction Check =============================
loading queue conditionals pre_run_terminations
loading system conditionals pre_run_terminations
loading conditionals from /Users/jan/PychronDev/setupfiles/spectrometer/default_conditionals.yaml
18:47:02 -- ******* Pre Extraction Check *******
Get a measurement from the spectrometer
GetData ===>> H2,-0.12203349684299,H1,-0.0621908228237043,AX,-0.0962964204941461,L1,0.00958617944828221,L2,-0.0...
Pre Extraction Termination data. keys=H2,H1,AX,L1,L2,CDD, signals=-0.12203,-0.06219,-0.09630,0.00959,-0.06672,0.00328
18:47:02 -- testing system defined conditionals
Checking default pre extraction terminations n=2
testing CDD
evaluate ot="CDD.inactive" t="CDD", ctx="{'CDD': False}"
GetDeflection CDD ===>> 50
testing CDD==2000
evaluate ot="CDD.deflection==2000" t="CDD==2000", ctx="{'CDD': 50.0}"
18:47:02 -- ******* Pre Extraction Check Passed *******
=================================================================================
18:47:02 -- stopping status monitor
stop 5036682704
Status monitor stopped
Status monitor finished
Status monitor finished
18:47:03 -- starting status monitor
start 5036682704
StatusMonitor period=1. Frequencies(state=2, checksum=3, lock=5, owner=5)
start extraction
do extraction
Analysis started at 18:47:05.478022
Extraction Started jan_co2.py
18:47:05 -- ******* Extraction Started jan_co2.py *******
state changed from not run to extraction
DO EXTRACTION <pychron.extraction_line.pyscript_runner.RemotePyScriptRunner object at 0x12cc73a70>
testing...
no interpolation path defined
calculate duration
testing...
no interpolation path defined
executed snippet estimated_duration=0, duration=5.91278076172e-05
calculate duration
testing...
no interpolation path defined
executed snippet estimated_duration=0, duration=0.000105857849121
executed snippet estimated_duration=100.0, duration=0.0034658908844
Jan CO2 laser analysis
doing GOSUB
testing...
no interpolation path defined
executed snippet estimated_duration=0, duration=4.10079956055e-05
Waiting for CO2 access
wait ('FelixCO2Flag', 0) {}
waiting for FelixCO2Flag = 0
Read FelixCO2Flag ===>> 0
finished waiting
CO2 free
wait ('CO2PumpTimeFlag', 0) {}
waiting for CO2PumpTimeFlag = 0
Read CO2PumpTimeFlag ===>> 0
finished waiting
acquire ('JanCO2Flag',) {'clear': True}
acquire JanCO2Flag
Set JanCO2Flag 1 ===>> OK
JanCO2Flag acquired
set extraction state False (0.75, 'red', 1.5)
CO2 acquired
executed snippet estimated_duration=0, duration=0.0181200504303
WaitForCO2Access.py completed successfully
gosub finished
doing GOSUB
testing...
no interpolation path defined
executed snippet estimated_duration=0, duration=0.000101089477539
Prepare for CO2 analysis
close () {'description': 'Jan Inlet'}
closing name=--- desc=Jan Inlet
checking ownership. requestor=129.138.12.150
check software interlocks R
interlocks []
actuate state mode=None-script, software_lock=False
doing actuation None-script close_channel False
Close R ===>> OK
GetIndicatorState R ===>> False
change switch state (True, True)
update switch state R False args=() kw={} ncanvase=4
18:47:05 -- CLOSE  VALVE-R (Jan Inlet)
---------------------------------------- close None (Jan Inlet) result=[(True, True)]
action=close, ok=True, locked=[False]
open () {'description': 'Jan Ion Pump'}
opening name=--- desc=Jan Ion Pump
checking ownership. requestor=129.138.12.150
check software interlocks O
interlocks []
actuate state mode=None-script, software_lock=False
doing actuation None-script open_channel False
Open O ===>> OK
GetIndicatorState O ===>> OK
change switch state (True, True)
update switch state O True args=() kw={} ncanvase=4
18:47:06 -- OPEN   VALVE-O (Jan Ion Pump)
---------------------------------------- open None (Jan Ion Pump) result=[(True, True)], time=0.10 sec
action=open, ok=True, locked=[False]
close () {'description': 'Microbone to Minibone'}
closing name=--- desc=Microbone to Minibone
checking ownership. requestor=129.138.12.150
check software interlocks L
interlocks []
actuate state mode=None-script, software_lock=False
doing actuation None-script close_channel False
Close L ===>> OK
GetIndicatorState L ===>> False
change switch state (True, True)
update switch state L False args=() kw={} ncanvase=4
18:47:06 -- CLOSE  VALVE-L (Microbone to Minibone)
---------------------------------------- close None (Microbone to Minibone) result=[(True, True)]
action=close, ok=True, locked=[False]
open () {'description': 'Microbone to Turbo'}
opening name=--- desc=Microbone to Turbo
checking ownership. requestor=129.138.12.150
check software interlocks U
interlocks []
actuate state mode=None-script, software_lock=False
doing actuation None-script open_channel False
Open U ===>> OK
GetIndicatorState U ===>> OK
change switch state (True, True)
update switch state U True args=() kw={} ncanvase=4
18:47:07 -- OPEN   VALVE-U (Microbone to Turbo)
---------------------------------------- open None (Microbone to Turbo) result=[(True, True)], time=0.13 sec
action=open, ok=True, locked=[False]
open () {'description': 'Microbone to Inlet Pipette'}
opening name=--- desc=Microbone to Inlet Pipette
checking ownership. requestor=129.138.12.150
check software interlocks S
interlocks []
actuate state mode=None-script, software_lock=False
doing actuation None-script open_channel False
Open S ===>> OK
GetIndicatorState S ===>> OK
change switch state (True, True)
update switch state S True args=() kw={} ncanvase=4
18:47:08 -- OPEN   VALVE-S (Microbone to Inlet Pipette)
---------------------------------------- open None (Microbone to Inlet Pipette) result=[(True, True)], time=0.43 sec
action=open, ok=True, locked=[False]
open () {'description': 'Microbone to Getter D-50'}
opening name=--- desc=Microbone to Getter D-50
checking ownership. requestor=129.138.12.150
check software interlocks K
interlocks []
actuate state mode=None-script, software_lock=False
doing actuation None-script open_channel False
Open K ===>> OK
GetIndicatorState K ===>> OK
change switch state (True, True)
update switch state K True args=() kw={} ncanvase=4
18:47:08 -- OPEN   VALVE-K (Microbone to Getter D-50)
---------------------------------------- open None (Microbone to Getter D-50) result=[(True, True)], time=0.43 sec
action=open, ok=True, locked=[False]
open () {'description': 'Microbone to Getter NP-10'}
opening name=--- desc=Microbone to Getter NP-10
checking ownership. requestor=129.138.12.150
check software interlocks M
interlocks []
actuate state mode=None-script, software_lock=False
doing actuation None-script open_channel False
Open M ===>> OK
GetIndicatorState M ===>> OK
change switch state (True, True)
update switch state M True args=() kw={} ncanvase=4
18:47:09 -- OPEN   VALVE-M (Microbone to Getter NP-10)
---------------------------------------- open None (Microbone to Getter NP-10) result=[(True, True)], time=0.14 sec
action=open, ok=True, locked=[False]
close () {'description': 'CO2 Laser to Felix'}
closing name=--- desc=CO2 Laser to Felix
checking ownership. requestor=129.138.12.150
check software interlocks F
interlocks []
actuate state mode=None-script, software_lock=True
VALVE-F(CO2 Laser to Felix) software locked
change switch state (True, False)
---------------------------------------- close None (CO2 Laser to Felix) result=[(True, False)]
action=close, ok=True, locked=[True]
open () {'description': 'CO2 Laser to Jan'}
opening name=--- desc=CO2 Laser to Jan
checking ownership. requestor=129.138.12.150
check software interlocks A
interlocks []
actuate state mode=None-script, software_lock=False
doing actuation None-script open_channel False
Open A ===>> OK
GetIndicatorState A ===>> OK
change switch state (True, True)
update switch state A True args=() kw={} ncanvase=4
18:47:09 -- OPEN   VALVE-A (CO2 Laser to Jan)
---------------------------------------- open None (CO2 Laser to Jan) result=[(True, True)], time=0.12 sec
action=open, ok=True, locked=[False]
open () {'description': 'Microbone to CO2 Laser'}
opening name=--- desc=Microbone to CO2 Laser
checking ownership. requestor=129.138.12.150
check software interlocks T
interlocks []
actuate state mode=None-script, software_lock=False
doing actuation None-script open_channel False
Open T ===>> OK
GetIndicatorState T ===>> OK
change switch state (True, True)
update switch state T True args=() kw={} ncanvase=4
18:47:10 -- OPEN   VALVE-T (Microbone to CO2 Laser)
---------------------------------------- open None (Microbone to CO2 Laser) result=[(True, True)], time=0.42 sec
action=open, ok=True, locked=[False]
executed snippet estimated_duration=0, duration=4.92775297165
PrepareForCO2Analysis.py completed successfully
gosub finished
set_motor ('beam', '1.5') {}
setting motor "beam" to 1.5
set motor beam to 1.5
SetMotor beam,1.5 ===>> OK
GetMotorMoving beam ===>> False
GetMotorMoving beam ===>> False
Block completed
move_to_position ('49',) {'autocenter': True}
FusionsCO2 move to position 49
sending GoToHole 49,True
GoToHole 49,True ===>> OK
GetDriveMoving ===>> False
GetDriveMoving ===>> False
Block completed
GetAutoCorrecting ===>> False
GetAutoCorrecting ===>> False
Block completed
update position
GetPosition ===>> 5.98170,7.97560,1.00000
got position (5.9817, 7.9756, 1.0)
move to position succeeded
sleep (5,) {}
SLEEP 5.0
block started
WaitControl setup for 5.0  
Join finished
block finished. duration 5.05620598793
close () {'description': 'Microbone to Turbo'}
closing name=--- desc=Microbone to Turbo
checking ownership. requestor=129.138.12.150
check software interlocks U
interlocks []
actuate state mode=None-script, software_lock=False
doing actuation None-script close_channel True
Close U ===>> OK
GetIndicatorState U ===>> False
change switch state (True, True)
update switch state U False args=() kw={} ncanvase=4
18:47:18 -- CLOSE  VALVE-U (Microbone to Turbo)
---------------------------------------- close None (Microbone to Turbo) result=[(True, True)]
action=close, ok=True, locked=[False]
enable laser
enable () {}
set extraction state FusionsCO2 Enabled (False, 'red', 1.5)
enabling laser
Enable ===>> OK
begin interval
BEGIN INTERVAL Interval 1 waiting for 30.0
block started
set extract to 0.45
WaitControl setup for 30.0  
extract (0.45,) {}
GetPosition ===>> 5.98170,7.97560,1.00000
set extraction state FusionsCO2 ON! 0.45(watts) (0.75, 'red', 1.5)
extract sample to 0.45 (watts)
set laser output
SetLaserOutput 0.45,watts ===>> OK
COMPLETE INTERVAL waiting for Interval 1 to complete
Join finished
block finished. duration 30.1262907982
Interval 1 finished
end_extract () {}
ending extraction. set laser power to 0
set laser power 0
SetLaserPower 0 ===>> OK
disable () {}
%%%%%%%%%%%%%%%%%%%%%%%%%%%%%%%%%%% disable
set extraction state False (0.75, 'red', 1.5)
disabling laser
Disable ===>> OK
sleep (30.0,) {}
SLEEP 30.0
block started
WaitControl setup for 30.0  
Join finished
block finished. duration 30.1269710064
executed snippet estimated_duration=195.0, duration=74.4260699749
jan_co2.py completed successfully
GetAchievedOutput ===>> No Response
Requested Output= 0.000
Achieved Output=  0.000
GetResponseBlob ===>> No Response
GetOutputBlob ===>> No Response
persistence save...
persistence save - db
AutomatedRunPersister post_extraction_save deprecated
persistence save - dvc
no extraction position for 49
create new session 4995223376
close session 4995223376
Extraction Finished
18:48:19 -- ******* Extraction Finished *******
no overlap. not waiting for min ms pumptime
18:48:19 -- Sending spectrometer configuration
======== Sending configuration ========
SetDeflection CDD,50.0 ===>> OK
SetDeflection H2,0.0 ===>> OK
SetDeflection H1,0.0 ===>> OK
SetDeflection L2,825.0 ===>> OK
SetDeflection L1,400.0 ===>> OK
SetDeflection AX,190.0 ===>> OK
SetZFocus 74.64 ===>> OK
SetZSymmetry -50.72 ===>> OK
SetExtractionLens 26.13 ===>> OK
SetIonRepeller -3.81 ===>> OK
SetElectronEnergy 75.08 ===>> OK
SetYSymmetry -2.81 ===>> OK
SetIonCounterVoltage 1590.0 ===>> OK
send trap current 200.0
GetParameter Trap Current Readback ===>> 197.811389855338
SetParameter Trap Current Set,200.0 ===>> OK
updating mftable name mftable
Using mftable located at /Users/jan/PychronDev/setupfiles/spectrometer/mftables/mftable.csv
============ MFtable ===========
Isotope  H2     H1     AX     L1     L2     CDD    
Ar40     5.8264 5.8799 5.9931 6.1663 6.2315 6.3946
Ar39     5.7257 5.7722 5.8855 6.0524 6.1166 6.2811
Ar36     5.4032 5.4412 5.5489 5.7113 5.7716 5.9322
================================
get initial guess parabolic
get initial guess parabolic
get initial guess parabolic
get initial guess parabolic
get initial guess parabolic
get initial guess parabolic
======== Configuration Finished ========
GetYSymmetry ===>> -2.81
GetZSymmetry ===>> -50.72
GetParameter Trap Current Readback ===>> 197.363852774217
GetHighVoltage ===>> 4500
start measurement
do measurement
L#=65267 analysis type=unknown
Measurement Started jan_unknown120_60.py
18:48:20 -- ******* Measurement Started jan_unknown120_60.py *******
state changed from extraction to measurement
setting spec, defl, and gains
GetExtractionLens ===>> 26.13
GetYSymmetry ===>> -2.81
GetZSymmetry ===>> -50.72
GetZFocus ===>> 74.64
GetDeflection H2 ===>> 0
GetDeflection H1 ===>> 0
GetDeflection AX ===>> 190
GetDeflection L1 ===>> 400
GetDeflection L2 ===>> 825
GetDeflection CDD ===>> 50
GetGain H2 ===>> 0.0113
GetGain H1 ===>> 0.1
GetGain AX ===>> 0.097049
GetGain L1 ===>> 0.010355
GetGain L2 ===>> 0.095649
GetGain CDD ===>> 0
pre measurement save
New frame /Users/jan/PychronDev/data/isotopes/c5/1167e7-89f6-474d-8b7e-1f8b05cb4568.h5
flush and close file /Users/jan/PychronDev/data/isotopes/c5/1167e7-89f6-474d-8b7e-1f8b05cb4568.h5
testing...
no interpolation path defined
executed snippet estimated_duration=226.132928, duration=0.000128984451294
unknown measurement script
activate_detectors ('H2', 'H1', 'AX', 'L1', 'L2', 'CDD') {}
activate detectors
*************** Set Analysis View Ar/Ar
create graphs
clearing graphs
clear isotope group
setting isotope det=H2, iso=PM41
setting isotope det=H1, iso=Ar40
setting isotope det=AX, iso=Ar39
setting isotope det=L1, iso=Ar38
setting isotope det=L2, iso=Ar37
setting isotope det=CDD, iso=Ar36
setting previous blanks
 - setting Ar40 blank 0.359+/-0.007
 - setting Ar36 blank 0.00467+/-0.00017
 - setting Ar37 blank 0.069+/-0.005
 - setting Ar38 blank 0.0105+/-0.0022
 - setting PM41 blank 0.03+/-0.07
 - setting Ar39 blank 0.039+/-0.009
load analysis view
position_magnet ('Ar40',) {'detector': 'H1'}
detector Detector(H1)
POSITION Ar40 H1
setting detector H2 to PM41 (40.9624)
setting detector H1 to Ar40 (39.9624)
setting detector AX to Ar39 (38.9624)
setting detector L1 to Ar38 (37.9624)
setting detector L2 to Ar37 (36.9624)
setting detector CDD to Ar36 (35.9624)
Mapping mass to dac mass func: "parabolic"
H1 map mass coeffs = [-0.00063987  0.15840543  0.57151999]
H1 map mass to dac 39.9624 >> 5.87991
GetDeflection H1 ===>> 0
GetHighVoltage ===>> 4500
positioning Ar40 (5.87991) on H1
setting magnet DAC
current  : 5.879910
requested: 5.879910
Delta Dac: 0.000000
Checking detector protection. dv=0.00000
Checking detector "CDD". Protection Threshold: 0.1 (V)
SetMagnetDAC 5.87991 ===>> OK
Magnet settling time: 0.500
update labels <pychron.experiment.plot_panel.PlotPanel object at 0x13f819950>
update labels "<pychron.graph.stacked_regression_graph.StackedRegressionGraph object at 0x1373fc770>"
setting label 0 H2 PM41
setting label 1 H1 Ar40
setting label 2 AX Ar39
setting label 3 L1 Ar38
setting label 4 L2 Ar37
setting label 5 CDD Ar36
update labels "<pychron.graph.stacked_graph.StackedGraph object at 0x1544cb950>"
equilibrate () {'delay': 3, 'inlet': 'R', 'outlet': 'O', 'eqtime': 12.0}
setting label 0 H2 PM41
Equilibration Started
setting label 1 H1 Ar40
setting label 2 AX Ar39
18:48:21 -- ******* Equilibration Started *******
setting label 3 L1 Ar38
setting label 4 L2 Ar37
setting label 5 CDD Ar36
checking ownership. requestor=129.138.12.150
check software interlocks O
interlocks []
actuate state mode=None-script, software_lock=False
doing actuation None-script close_channel True
Close O ===>> OK
GetIndicatorState O ===>> False
change switch state (True, True)
update switch state O False args=() kw={} ncanvase=4
18:48:21 -- CLOSE  VALVE-O (Jan Ion Pump)
waiting 3s before opening inlet value ('R',)
checking ownership. requestor=129.138.12.150
check software interlocks R
interlocks []
actuate state mode=None-script, software_lock=False
doing actuation None-script open_channel True
Open R ===>> OK
GetIndicatorState R ===>> OK
change switch state (True, True)
update switch state R True args=() kw={} ncanvase=4
18:48:24 -- OPEN   VALVE-R (Jan Inlet)
equilibrating for 12.0sec
set_time_zero () {}
sniff (12.0,) {}
py_sniff
build tables- sniff [Detector(H2), Detector(H1), Detector(AX), Detector(L1), Detector(L2), Detector(CDD)]
add group /sniff/PM41 (Group) '' table H2
add group /sniff/Ar40 (Group) '' table H1
add group /sniff/Ar39 (Group) '' table AX
add group /sniff/Ar38 (Group) '' table L1
add group /sniff/Ar37 (Group) '' table L2
add group /sniff/Ar36 (Group) '' table CDD
flush and close file /Users/jan/PychronDev/data/isotopes/c5/1167e7-89f6-474d-8b7e-1f8b05cb4568.h5
measuring sniff. ncounts=12.0
"sniff" increment series count="1" fit count="0" regressing="False"
starting measurement
check iteration duration=2.40802764893e-05
GetData ===>> H2,0.258667658018248,H1,63.7396242877138,AX,1.43591057149033,L1,0.00504193715034482,L2,0.19820997...
check iteration duration=3.60012054443e-05
GetData ===>> H2,1.05030770514322,H1,305.084332670148,AX,4.37429949949458,L1,0.221196736142346,L2,0.25369197299...
check iteration duration=4.29153442383e-05
GetData ===>> H2,0.552231149507558,H1,407.332516504657,AX,4.80810269311179,L1,0.242056522980718,L2,0.2215699024...
check iteration duration=4.10079956055e-05
GetData ===>> H2,0.218278067018476,H1,440.55418292936,AX,4.94112807038426,L1,0.158467707782431,L2,0.13498304268...
check iteration duration=3.21865081787e-05
GetData ===>> H2,0.00433329418046287,H1,452.55793744558,AX,4.94062861119687,L1,0.122228534983503,L2,0.081974422...
check iteration duration=4.2200088501e-05
GetData ===>> H2,0.0582198012378468,H1,457.744256745583,AX,4.96131069077129,L1,0.110839390667949,L2,0.068125154...
check iteration duration=4.38690185547e-05
GetData ===>> H2,-0.029441631238917,H1,460.128665102367,AX,4.89518828494064,L1,0.081277789371564,L2,-0.00649643...
check iteration duration=1.8835067749e-05
GetData ===>> H2,-0.118539474492455,H1,461.375287950751,AX,4.92772678172606,L1,0.0855206245810297,L2,0.04650227...
check iteration duration=4.10079956055e-05
GetData ===>> H2,-0.100837938882698,H1,461.92571651968,AX,4.98284173170451,L1,0.079989576621115,L2,0.0370381040...
check iteration duration=4.60147857666e-05
GetData ===>> H2,-0.0851063275017252,H1,462.004644861587,AX,4.8238543282943,L1,0.059201787323199,L2,0.024724677...
check iteration duration=4.10079956055e-05
GetData ===>> H2,-0.121649382849021,H1,461.728503235388,AX,4.78271510458226,L1,0.0670936049090501,L2,0.10532879...
check iteration duration=1.50203704834e-05
GetData ===>> H2,-0.0789099596139698,H1,461.518990280228,AX,4.92468290660013,L1,0.0837184927251969,L2,-0.028637...
Equilibration Finished
18:48:37 -- ******* Equilibration Finished *******
checking ownership. requestor=129.138.12.150
check software interlocks R
interlocks []
actuate state mode=None-script, software_lock=False
doing actuation None-script close_channel True
Close R ===>> OK
set states for children of R. state=False
handle state [('R', False)]
update switch state R False args=() kw={'refresh': False} ncanvase=4
refresh_canvas_needed fired
GetIndicatorState R ===>> False
change switch state (True, True)
update switch state R False args=() kw={} ncanvase=4
18:48:37 -- CLOSE  VALVE-R (Jan Inlet)
Post Equilibration Started jan_pump_extraction_line.py
18:48:37 -- ******* Post Equilibration Started jan_pump_extraction_line.py *******
testing...
no interpolation path defined
calculate duration
testing...
no interpolation path defined
executed snippet estimated_duration=4.0, duration=0.000155925750732
executed snippet estimated_duration=4.0, duration=0.0128321647644
Pump after analysis
doing GOSUB
testing...
no interpolation path defined
executed snippet estimated_duration=4.0, duration=0.000108957290649
Pump Microbone
close () {'description': 'Jan Inlet'}
closing name=--- desc=Jan Inlet
checking ownership. requestor=129.138.12.150
check software interlocks R
interlocks []
actuate state mode=None-script, software_lock=False
doing actuation None-script close_channel False
check iteration duration=1.71661376953e-05
waiting for write to finish
measurement finished
estimated time: 12.583 actual time: :12.713
flush and close file /Users/jan/PychronDev/data/isotopes/c5/1167e7-89f6-474d-8b7e-1f8b05cb4568.h5
set_fits () {}
using default fits file=/Users/jan/PychronDev/scripts/measurement/fits/nominal_linear.yaml
set "Ar40" to "('Linear', 'SEM')"
No fit for "PM41". defaulting to linear. check the measurement script "jan_unknown120_60.py"
set "PM41" to "linear"
set "Ar36" to "('Linear', 'SEM')"
set "Ar37" to "('linear', 'SEM')"
set "Ar38" to "('linear', 'SEM')"
set "Ar39" to "('Linear', 'SEM')"
set_baseline_fits () {}
using default fits file=/Users/jan/PychronDev/scripts/measurement/fits/nominal_linear.yaml
set "H1" to "('average', 'SEM')"
set "H2" to "('average', 'SEM')"
set "CDD" to "('average', 'SEM')"
set "L2" to "('average', 'SEM')"
set "L1" to "('average', 'SEM')"
set "AX" to "('average', 'SEM')"
multicollect () {'integration_time': 1, 'ncounts': 120}
build tables- signal [Detector(H2), Detector(H1), Detector(AX), Detector(L1), Detector(L2), Detector(CDD)]
add group /signal/PM41 (Group) '' table H2
add group /signal/Ar40 (Group) '' table H1
Close R ===>> OK
add group /signal/Ar39 (Group) '' table AX
add group /signal/Ar38 (Group) '' table L1
add group /signal/Ar37 (Group) '' table L2
add group /signal/Ar36 (Group) '' table CDD
flush and close file /Users/jan/PychronDev/data/isotopes/c5/1167e7-89f6-474d-8b7e-1f8b05cb4568.h5
measuring signal. ncounts=120
GetIndicatorState R ===>> False
change switch state (True, True)
update switch state R False args=() kw={} ncanvase=4
18:48:38 -- CLOSE  VALVE-R (Jan Inlet)
---------------------------------------- close None (Jan Inlet) result=[(True, True)]
"signal" increment series count="2" fit count="1" regressing="True"
action=close, ok=True, locked=[False]
is_closed ('F',) {}
is F () closed?
is closed True
open () {'description': 'CO2 Laser to Jan'}
opening name=--- desc=CO2 Laser to Jan
checking ownership. requestor=129.138.12.150
check software interlocks A
interlocks []
actuate state mode=None-script, software_lock=False
doing actuation None-script open_channel False
Open A ===>> OK
GetIndicatorState A ===>> OK
change switch state (True, True)
update switch state A True args=() kw={} ncanvase=4
18:48:38 -- OPEN   VALVE-A (CO2 Laser to Jan)
---------------------------------------- open None (CO2 Laser to Jan) result=[(True, True)], time=0.13 sec
starting measurement
check iteration duration=5.88893890381e-05
GetData ===>> H2,-0.0575970184631288,H1,461.238503581212,AX,4.98405522141575,L1,0.0943315434318493,L2,-0.018154...
action=open, ok=True, locked=[False]
sleep (1,) {}
SLEEP 1.0
check iteration duration=8.70227813721e-05
GetData ===>> H2,0.105597582237702,H1,461.121713801492,AX,5.0049604921777,L1,0.0714654812990863,L2,0.0080698699...
close () {'description': 'CO2 Laser to Roughing'}
closing name=--- desc=CO2 Laser to Roughing
checking ownership. requestor=129.138.12.150
check software interlocks G
interlocks []
actuate state mode=None-script, software_lock=True
VALVE-G(CO2 Laser to Roughing) software locked
change switch state (True, False)
---------------------------------------- close None (CO2 Laser to Roughing) result=[(True, False)]
action=close, ok=True, locked=[True]
open () {'description': 'Microbone to Turbo'}
opening name=--- desc=Microbone to Turbo
checking ownership. requestor=129.138.12.150
check software interlocks U
interlocks []
actuate state mode=None-script, software_lock=False
doing actuation None-script open_channel True
Open U ===>> OK
GetIndicatorState U ===>> OK
change switch state (True, True)
update switch state U True args=() kw={} ncanvase=4
18:48:40 -- OPEN   VALVE-U (Microbone to Turbo)
---------------------------------------- open None (Microbone to Turbo) result=[(True, True)], time=0.16 sec
action=open, ok=True, locked=[False]
open () {'description': 'Microbone to Getter NP-10'}
opening name=--- desc=Microbone to Getter NP-10
checking ownership. requestor=129.138.12.150
check software interlocks M
interlocks []
actuate state mode=None-script, software_lock=False
doing actuation None-script open_channel False
Open M ===>> OK
GetIndicatorState M ===>> OK
change switch state (True, True)
update switch state M True args=() kw={} ncanvase=4
18:48:40 -- OPEN   VALVE-M (Microbone to Getter NP-10)
---------------------------------------- open None (Microbone to Getter NP-10) result=[(True, True)], time=0.13 sec
action=open, ok=True, locked=[False]
open () {'description': 'Microbone to Getter D-50'}
opening name=--- desc=Microbone to Getter D-50
checking ownership. requestor=129.138.12.150
check software interlocks K
interlocks []
actuate state mode=None-script, software_lock=False
doing actuation None-script open_channel False
check iteration duration=8.10623168945e-05
GetData ===>> H2,-0.0119798784001018,H1,461.170466449853,AX,4.91082018087099,L1,0.095790326940475,L2,-0.0150323...
Open K ===>> OK
GetIndicatorState K ===>> OK
change switch state (True, True)
update switch state K True args=() kw={} ncanvase=4
18:48:41 -- OPEN   VALVE-K (Microbone to Getter D-50)
---------------------------------------- open None (Microbone to Getter D-50) result=[(True, True)], time=0.41 sec
action=open, ok=True, locked=[False]
open () {'description': 'Microbone to CO2 Laser'}
opening name=--- desc=Microbone to CO2 Laser
checking ownership. requestor=129.138.12.150
check software interlocks T
interlocks []
actuate state mode=None-script, software_lock=False
doing actuation None-script open_channel False
Open T ===>> OK
GetIndicatorState T ===>> OK
change switch state (True, True)
update switch state T True args=() kw={} ncanvase=4
18:48:41 -- OPEN   VALVE-T (Microbone to CO2 Laser)
---------------------------------------- open None (Microbone to CO2 Laser) result=[(True, True)], time=0.44 sec
check iteration duration=8.70227813721e-05
GetData ===>> H2,-0.0775656580911225,H1,461.178901347949,AX,4.91298387573069,L1,0.0692720844073656,L2,0.0224217...
action=open, ok=True, locked=[False]
open () {'description': 'Microbone to Inlet Pipette'}
opening name=--- desc=Microbone to Inlet Pipette
checking ownership. requestor=129.138.12.150
check software interlocks S
interlocks []
actuate state mode=None-script, software_lock=False
doing actuation None-script open_channel False
Open S ===>> OK
GetIndicatorState S ===>> OK
change switch state (True, True)
update switch state S True args=() kw={} ncanvase=4
18:48:42 -- OPEN   VALVE-S (Microbone to Inlet Pipette)
---------------------------------------- open None (Microbone to Inlet Pipette) result=[(True, True)], time=0.42 sec
action=open, ok=True, locked=[False]
sleep (1,) {}
SLEEP 1.0
testing H1>-5.0
evaluate ot="H1.bs>-5.0" t="H1>-5.0", ctx="{'H1': None}"
check iteration duration=0.00058388710022
GetData ===>> H2,-0.0941024739696636,H1,461.259950398848,AX,4.94656282357477,L1,0.0326271151173468,L2,0.0918557...
set_resource () {'name': 'CO2PumpTimeFlag', 'value': 30}
Set CO2PumpTimeFlag 30 ===>> OK
release ('JanCO2Flag',) {}
release JanCO2Flag
Set JanCO2Flag 0 ===>> OK
executed snippet estimated_duration=6.0, duration=5.9822280407
PumpMicrobone.py completed successfully
gosub finished
get_resource_value () {'name': 'JanMiniboneFlag'}
Read JanMiniboneFlag ===>> 0
Get Resource Value JanMiniboneFlag=0.0
get resource value 0.0
get_resource_value () {'name': 'JanMiniboneFlag'}
Read JanMiniboneFlag ===>> 0
Get Resource Value JanMiniboneFlag=0.0
executed snippet estimated_duration=4.0, duration=5.99379110336
jan_pump_extraction_line.py completed successfully
Post Equilibration Finished
18:48:43 -- ******* Post Equilibration Finished *******
check iteration duration=5.19752502441e-05
GetData ===>> H2,-0.0589586809370087,H1,460.710672123486,AX,4.78888312377655,L1,0.0583869249315195,L2,0.1611333...
check iteration duration=4.79221343994e-05
GetData ===>> H2,-0.160030069695485,H1,460.80941964646,AX,4.91230622998755,L1,0.0513159106190527,L2,0.007271971...
check iteration duration=8.48770141602e-05
GetData ===>> H2,-0.117505806113871,H1,460.520618088407,AX,4.72016513654384,L1,0.0249920300044242,L2,0.05868165...
check iteration duration=7.79628753662e-05
GetData ===>> H2,-0.15221185281974,H1,460.23834497307,AX,4.92413597012764,L1,0.083063964831786,L2,0.09069317776...
testing H1>-5.0
evaluate ot="H1.bs>-5.0" t="H1>-5.0", ctx="{'H1': None}"
check iteration duration=0.00060510635376
GetData ===>> H2,-0.135560119343199,H1,459.937157938637,AX,4.84230770904656,L1,0.0610712843282136,L2,0.00147030...
check iteration duration=8.89301300049e-05
GetData ===>> H2,-0.163532804896385,H1,459.923446517675,AX,4.82721896219888,L1,0.0159200355669693,L2,0.08015099...
check iteration duration=3.88622283936e-05
GetData ===>> H2,-0.171457897804811,H1,460.21012460402,AX,4.77967283097067,L1,0.0331522696750877,L2,0.020472353...
check iteration duration=8.29696655273e-05
GetData ===>> H2,-0.130821150762668,H1,460.056761353095,AX,4.77440849079894,L1,0.0563422348065108,L2,0.03056195...
check iteration duration=8.20159912109e-05
GetData ===>> H2,-0.063670349188438,H1,459.82352323074,AX,4.83421015453298,L1,0.03740739017724,L2,-0.0065648156...
testing H1>-5.0
evaluate ot="H1.bs>-5.0" t="H1>-5.0", ctx="{'H1': None}"
check iteration duration=0.000622987747192
GetData ===>> H2,-0.207357122147044,H1,459.481391195392,AX,4.77409953138595,L1,0.0395223959365278,L2,0.04385677...
check iteration duration=3.79085540771e-05
GetData ===>> H2,-0.127653058924899,H1,459.467434355677,AX,4.83720652981343,L1,0.0209265499411619,L2,0.03387978...
check iteration duration=6.91413879395e-05
GetData ===>> H2,-0.204310108287159,H1,459.029124311744,AX,4.80886346964162,L1,0.0311046819578807,L2,0.11791448...
check iteration duration=9.17911529541e-05
GetData ===>> H2,-0.163418044684826,H1,458.854336405547,AX,4.77535914115035,L1,0.0395248009708694,L2,0.04853206...
check iteration duration=3.91006469727e-05
GetData ===>> H2,-0.0368098731744426,H1,458.883362078439,AX,4.86635594184347,L1,0.0831362862738977,L2,0.0200163...
testing H1>-5.0
evaluate ot="H1.bs>-5.0" t="H1>-5.0", ctx="{'H1': None}"
check iteration duration=0.00181007385254
GetData ===>> H2,-0.0757535809407942,H1,458.534139554754,AX,4.77439660772689,L1,0.0972830851316543,L2,-0.005288...
check iteration duration=9.60826873779e-05
GetData ===>> H2,-0.174437251996261,H1,458.059139837937,AX,4.70282679334395,L1,0.0779822682169541,L2,0.05854479...
check iteration duration=7.70092010498e-05
GetData ===>> H2,-0.233482829060608,H1,458.033487092363,AX,4.75321134198222,L1,0.0735907133425787,L2,0.06924292...
check iteration duration=8.70227813721e-05
GetData ===>> H2,-0.214511210219664,H1,457.876332850089,AX,4.87011104307692,L1,0.0560438096574996,L2,0.00255310...
check iteration duration=6.60419464111e-05
GetData ===>> H2,-0.227736877944914,H1,457.615920971494,AX,4.8494069869675,L1,0.00758696758406634,L2,-0.0093228...
testing H1>-5.0
evaluate ot="H1.bs>-5.0" t="H1>-5.0", ctx="{'H1': None}"
check iteration duration=0.000673055648804
18:49:04 -- collecting point 25
GetData ===>> H2,-0.21966823369677,H1,457.676428519968,AX,4.94064050305324,L1,0.0456585756279555,L2,0.089371067...
check iteration duration=3.69548797607e-05
GetData ===>> H2,-0.157638027442429,H1,457.728337420455,AX,4.7987479935926,L1,0.0426903230192261,L2,0.022626992...
check iteration duration=3.81469726562e-05
GetData ===>> H2,-0.128616866900173,H1,457.394662288106,AX,4.77395693505656,L1,0.041969814871545,L2,0.066893340...
check iteration duration=4.60147857666e-05
GetData ===>> H2,-0.158757798383368,H1,456.927417835832,AX,4.80372834066968,L1,0.0465613722595059,L2,0.07028086...
check iteration duration=6.19888305664e-05
GetData ===>> H2,-0.0578723478172142,H1,456.812524003247,AX,4.75144115617236,L1,0.0452150207155945,L2,0.0605178...
testing H1>-5.0
evaluate ot="H1.bs>-5.0" t="H1>-5.0", ctx="{'H1': None}"
check iteration duration=0.000606060028076
GetData ===>> H2,-0.147402939079585,H1,456.67669579006,AX,4.84284281289335,L1,0.0256584882232516,L2,-0.02855822...
check iteration duration=8.32080841064e-05
GetData ===>> H2,-0.19072526107229,H1,456.528538677103,AX,4.76894242713373,L1,0.0316634014525135,L2,0.090111902...
check iteration duration=8.98838043213e-05
GetData ===>> H2,-0.180954997899603,H1,456.703451043234,AX,4.81378488299603,L1,0.0395837244912783,L2,0.02272959...
check iteration duration=3.81469726562e-05
GetData ===>> H2,-0.143670197387276,H1,456.497668316775,AX,4.6942062464636,L1,0.021884172932121,L2,0.0872283746...
check iteration duration=8.01086425781e-05
GetData ===>> H2,0.00313397166632917,H1,456.494223831427,AX,4.79713151434761,L1,0.0480774347994362,L2,0.0651482...
testing H1>-5.0
evaluate ot="H1.bs>-5.0" t="H1>-5.0", ctx="{'H1': None}"
check iteration duration=0.00061297416687
GetData ===>> H2,-0.137131223919613,H1,456.134100180691,AX,4.87000409203595,L1,0.0577755204018065,L2,-0.0506946...
check iteration duration=8.60691070557e-05
GetData ===>> H2,-0.271464514939086,H1,456.093628935664,AX,4.72259987137019,L1,0.0628712880290872,L2,0.06247947...
check iteration duration=4.10079956055e-05
GetData ===>> H2,-0.144709219939267,H1,455.931882317665,AX,4.81994293541916,L1,0.0170777511434919,L2,-0.0114881...
check iteration duration=8.39233398438e-05
GetData ===>> H2,-0.144045823808422,H1,455.497176805738,AX,4.86383303915237,L1,-0.0201795832781373,L2,0.0557621...
check iteration duration=0.000105857849121
GetData ===>> H2,-0.161585774255514,H1,455.376638217587,AX,4.7726616944024,L1,0.0211308031727353,L2,-0.00540232...
testing H1>-5.0
evaluate ot="H1.bs>-5.0" t="H1>-5.0", ctx="{'H1': None}"
check iteration duration=0.000612020492554
GetData ===>> H2,-0.144502503922124,H1,455.175447410953,AX,4.71339569853384,L1,0.0341774213073726,L2,0.03375436...
check iteration duration=8.60691070557e-05
GetData ===>> H2,-0.198529172917312,H1,454.930676875389,AX,4.79886685339461,L1,0.02396314067974,L2,-0.021653065...
check iteration duration=4.00543212891e-05
GetData ===>> H2,-0.205881558943675,H1,455.084296431754,AX,4.83646931802381,L1,0.0225246415795841,L2,0.01009884...
check iteration duration=8.51154327393e-05
GetData ===>> H2,-0.138338474001697,H1,454.558832443701,AX,4.7552191746611,L1,0.0309004266427118,L2,0.057027993...
check iteration duration=7.20024108887e-05
GetData ===>> H2,-0.104240714682856,H1,454.429179230421,AX,4.74149781053576,L1,0.0437561439213813,L2,0.01950335...
testing H1>-5.0
evaluate ot="H1.bs>-5.0" t="H1>-5.0", ctx="{'H1': None}"
check iteration duration=0.000740051269531
GetData ===>> H2,-0.182534942400438,H1,454.645777109419,AX,4.75261731639515,L1,0.056562449341516,L2,-0.02508291...
check iteration duration=7.20024108887e-05
GetData ===>> H2,-0.159597891637155,H1,454.339238919338,AX,4.75916367374328,L1,0.0493243594894026,L2,0.01055479...
check iteration duration=3.79085540771e-05
GetData ===>> H2,-0.038463202897473,H1,454.061021496246,AX,4.83632663250031,L1,0.0435480233212107,L2,0.01470408...
check iteration duration=4.00543212891e-05
GetData ===>> H2,-0.00645480410772043,H1,454.107420553663,AX,4.787433189015,L1,0.033916616696836,L2,-0.01539697...
check iteration duration=8.51154327393e-05
GetData ===>> H2,-0.143185107450708,H1,454.009662753012,AX,4.71433389145241,L1,0.0565347718410279,L2,0.08028774...
testing H1>-5.0
evaluate ot="H1.bs>-5.0" t="H1>-5.0", ctx="{'H1': None}"
check iteration duration=0.000577926635742
18:49:30 -- collecting point 50
GetData ===>> H2,-0.108163334890385,H1,453.787591114714,AX,4.78452149844958,L1,0.0353637467229522,L2,0.06891215...
check iteration duration=3.91006469727e-05
GetData ===>> H2,-0.183111007362421,H1,453.482482029333,AX,4.86920790455614,L1,0.052447758162456,L2,-0.03158904...
check iteration duration=3.60012054443e-05
GetData ===>> H2,-0.247664053378169,H1,453.119284712161,AX,4.79454044785852,L1,0.0423992267227771,L2,0.02132736...
check iteration duration=7.70092010498e-05
GetData ===>> H2,-0.14771901061141,H1,452.775445958725,AX,4.74193734011315,L1,0.020849655679198,L2,0.0344270692...
check iteration duration=4.00543212891e-05
GetData ===>> H2,-0.12513433556083,H1,453.024662020308,AX,4.70809923070972,L1,0.0421442236439195,L2,0.061053844...
testing H1>-5.0
evaluate ot="H1.bs>-5.0" t="H1>-5.0", ctx="{'H1': None}"
check iteration duration=0.00060510635376
GetData ===>> H2,-0.201038472505232,H1,452.811677244354,AX,4.77932820426503,L1,0.0640164740383884,L2,0.16793157...
check iteration duration=8.89301300049e-05
GetData ===>> H2,-0.218001531523723,H1,453.125319323834,AX,4.72442893078875,L1,0.0796630305234637,L2,-0.0018008...
check iteration duration=9.01222229004e-05
GetData ===>> H2,-0.104380106599018,H1,452.645901761282,AX,4.77639298369362,L1,0.0445080604649639,L2,0.03365175...
check iteration duration=6.19888305664e-05
GetData ===>> H2,-0.120062746141431,H1,452.366850946006,AX,4.88856775620069,L1,0.0625064453081358,L2,0.07490041...
check iteration duration=8.41617584229e-05
GetData ===>> H2,-0.308300038555255,H1,452.315250124688,AX,4.67959101710081,L1,0.0650118507256628,L2,0.04735751...
testing H1>-5.0
evaluate ot="H1.bs>-5.0" t="H1>-5.0", ctx="{'H1': None}"
check iteration duration=0.000636100769043
GetData ===>> H2,-0.142722969048401,H1,452.325359665395,AX,4.68419737316534,L1,0.063021804542189,L2,0.045304950...
check iteration duration=8.51154327393e-05
GetData ===>> H2,-0.102619312193152,H1,452.006444078572,AX,4.76162312413032,L1,0.0600841275307877,L2,-0.1053908...
check iteration duration=8.60691070557e-05
GetData ===>> H2,-0.137064976915686,H1,451.684203775798,AX,4.72925115737369,L1,0.0355897292873735,L2,0.04569265...
check iteration duration=3.71932983398e-05
GetData ===>> H2,-0.140463354645492,H1,451.425673279188,AX,4.7524153485016,L1,0.0265615793744145,L2,0.023413619...
check iteration duration=4.00543212891e-05
GetData ===>> H2,-0.168299052333543,H1,451.517448682109,AX,4.85153567963297,L1,0.0513387628212439,L2,-0.0055504...
testing H1>-5.0
evaluate ot="H1.bs>-5.0" t="H1>-5.0", ctx="{'H1': None}"
check iteration duration=0.000638961791992
GetData ===>> H2,-0.157324633855402,H1,451.556831347254,AX,4.73296894447496,L1,0.0431618687218166,L2,0.05656041...
check iteration duration=7.29560852051e-05
GetData ===>> H2,-0.165579391819438,H1,451.129432032153,AX,4.75034817122977,L1,0.0492594242189169,L2,0.00091181...
check iteration duration=7.29560852051e-05
GetData ===>> H2,-0.104708956478633,H1,450.693240957381,AX,4.78748072752544,L1,0.0517573280957931,L2,-0.0382314...
check iteration duration=4.48226928711e-05
GetData ===>> H2,-0.188918586785889,H1,450.650301927653,AX,4.76824136673233,L1,0.0394779029046389,L2,0.11050423...
check iteration duration=5.98430633545e-05
GetData ===>> H2,-0.078168716227462,H1,450.783894512579,AX,4.77565622124357,L1,-0.00300834872895216,L2,0.008958...
testing H1>-5.0
evaluate ot="H1.bs>-5.0" t="H1>-5.0", ctx="{'H1': None}"
check iteration duration=0.000548124313354
GetData ===>> H2,-0.0937773807210524,H1,450.319962432043,AX,4.78645865454512,L1,0.0363193990420962,L2,0.0766114...
check iteration duration=8.70227813721e-05
GetData ===>> H2,-0.131772078584119,H1,450.254332387456,AX,4.66692834970212,L1,0.0408344273107407,L2,-0.0570395...
check iteration duration=8.70227813721e-05
GetData ===>> H2,-0.222930863050338,H1,449.94783699555,AX,4.7425431813551,L1,0.0412253037357063,L2,0.0071009936...
check iteration duration=8.32080841064e-05
GetData ===>> H2,-0.192046377611891,H1,450.089060400245,AX,4.76272811434245,L1,0.0461550436758021,L2,0.11560014...
check iteration duration=7.79628753662e-05
GetData ===>> H2,-0.12939272016402,H1,449.926061450525,AX,4.77036832790187,L1,0.0638888233225735,L2,0.058248276...
testing H1>-5.0
evaluate ot="H1.bs>-5.0" t="H1>-5.0", ctx="{'H1': None}"
check iteration duration=0.000653982162476
18:49:56 -- collecting point 75
GetData ===>> H2,-0.113301161443743,H1,449.481493743038,AX,4.83123764893866,L1,0.0893648178168456,L2,-0.0120579...
check iteration duration=8.20159912109e-05
GetData ===>> H2,-0.144661932293876,H1,449.499341832589,AX,4.8489907674533,L1,0.0635492321018693,L2,0.046091763...
check iteration duration=8.10623168945e-05
GetData ===>> H2,-0.181154695627603,H1,449.172243699105,AX,4.80755588856505,L1,0.0568885682120518,L2,0.12139179...
check iteration duration=9.60826873779e-05
GetData ===>> H2,-0.129937407749659,H1,448.876778141329,AX,4.72575917689637,L1,0.0608593986401091,L2,0.17654408...
check iteration duration=4.19616699219e-05
GetData ===>> H2,-0.151894649988543,H1,449.17758445842,AX,4.84752806693467,L1,0.0120443377326953,L2,0.129623848...
testing H1>-5.0
evaluate ot="H1.bs>-5.0" t="H1>-5.0", ctx="{'H1': None}"
check iteration duration=0.000545024871826
GetData ===>> H2,-0.158133765981637,H1,448.944237813915,AX,4.75588450091628,L1,0.034736311036955,L2,-0.07052538...
check iteration duration=4.29153442383e-05
GetData ===>> H2,-0.215187186300874,H1,448.678844597022,AX,4.78849092622855,L1,0.0494157505777086,L2,0.02610415...
check iteration duration=3.91006469727e-05
GetData ===>> H2,-0.208781295998555,H1,448.568868343376,AX,4.74462207634877,L1,0.0221497281651609,L2,0.04977504...
check iteration duration=4.91142272949e-05
GetData ===>> H2,-0.264641982106576,H1,448.415196542944,AX,4.75971021303165,L1,0.0437910316096512,L2,0.07923929...
check iteration duration=4.31537628174e-05
GetData ===>> H2,-0.173593431309924,H1,448.324947193234,AX,4.84073808765385,L1,0.0387119320114677,L2,0.06956229...
testing H1>-5.0
evaluate ot="H1.bs>-5.0" t="H1>-5.0", ctx="{'H1': None}"
check iteration duration=0.000694036483765
GetData ===>> H2,-0.19234562952668,H1,447.84398422133,AX,4.78604269760999,L1,0.0589562384115009,L2,0.0342446414...
check iteration duration=8.29696655273e-05
GetData ===>> H2,-0.216498626208388,H1,447.783739383915,AX,4.82874081268765,L1,0.0354118276956854,L2,-0.0321359...
check iteration duration=8.51154327393e-05
GetData ===>> H2,-0.217302171003225,H1,447.899797927757,AX,4.71168559744625,L1,0.0727622411299321,L2,0.01770217...
check iteration duration=6.69956207275e-05
GetData ===>> H2,-0.158312064459592,H1,447.755397290405,AX,4.75022936924049,L1,0.0643621024687381,L2,0.12184784...
check iteration duration=9.70363616943e-05
GetData ===>> H2,-0.194888951349211,H1,447.454258756447,AX,4.84168937039825,L1,0.0389716581690321,L2,0.05240930...
testing H1>-5.0
evaluate ot="H1.bs>-5.0" t="H1>-5.0", ctx="{'H1': None}"
check iteration duration=0.000679016113281
GetData ===>> H2,-0.198140795250528,H1,447.269683233324,AX,4.81533030443545,L1,0.049716384994967,L2,0.117720668...
check iteration duration=9.01222229004e-05
GetData ===>> H2,-0.141875666400309,H1,446.989678573623,AX,4.71472579743775,L1,-0.0108016419288645,L2,-0.015852...
check iteration duration=8.79764556885e-05
GetData ===>> H2,-0.159299409044044,H1,446.814452825975,AX,4.81264366407148,L1,0.0365634354649807,L2,0.01745137...
check iteration duration=6.29425048828e-05
GetData ===>> H2,-0.183809800921863,H1,446.693612628824,AX,4.77171106976406,L1,0.0546456608923324,L2,0.09532070...
check iteration duration=9.3936920166e-05
GetData ===>> H2,-0.0313826053025626,H1,446.737527651328,AX,4.7394308595834,L1,0.0799124577722217,L2,-0.0386415...
testing H1>-5.0
evaluate ot="H1.bs>-5.0" t="H1>-5.0", ctx="{'H1': None}"
check iteration duration=0.000559091567993
GetData ===>> H2,0.00672143622354799,H1,446.408641597472,AX,4.75472018288298,L1,0.0573242120635805,L2,0.0150460...
check iteration duration=8.79764556885e-05
GetData ===>> H2,0.0895778201890622,H1,446.229475277201,AX,4.81750582288462,L1,0.0538528208908456,L2,0.00377269...
check iteration duration=6.79492950439e-05
GetData ===>> H2,-0.0575251333483447,H1,445.881095286712,AX,4.76265682428181,L1,0.0611904719810681,L2,0.0710108...
check iteration duration=5.41210174561e-05
GetData ===>> H2,-0.161965214931466,H1,445.598569280093,AX,4.67086113459209,L1,0.0553663691701603,L2,-0.0151690...
check iteration duration=8.70227813721e-05
GetData ===>> H2,-0.193434731848941,H1,445.624397656932,AX,4.66067898658089,L1,0.026732118963266,L2,0.091821545...
testing H1>-5.0
evaluate ot="H1.bs>-5.0" t="H1>-5.0", ctx="{'H1': None}"
check iteration duration=0.000601053237915
18:50:23 -- collecting point 100
GetData ===>> H2,-0.194808091409046,H1,445.44818216298,AX,4.741141436625,L1,0.0411122486903131,L2,-0.0251512855...
check iteration duration=8.41617584229e-05
GetData ===>> H2,-0.166688930185723,H1,445.531948534534,AX,4.68528963314378,L1,0.0582701775067221,L2,0.01944635...
check iteration duration=7.60555267334e-05
GetData ===>> H2,-0.0951074951204515,H1,445.021314737367,AX,4.7641420444068,L1,0.0838076950186279,L2,0.00566479...
check iteration duration=8.48770141602e-05
GetData ===>> H2,-0.237901010448318,H1,445.244199755109,AX,4.71581839195538,L1,0.0463221413202071,L2,0.01902455...
check iteration duration=0.000103950500488
GetData ===>> H2,-0.216955843513667,H1,444.737451960729,AX,4.86471610019683,L1,0.0330729539615303,L2,0.06989306...
testing H1>-5.0
evaluate ot="H1.bs>-5.0" t="H1>-5.0", ctx="{'H1': None}"
check iteration duration=0.000627040863037
GetData ===>> H2,-0.237221713140839,H1,444.694562861429,AX,4.75555183723386,L1,0.0320010512474557,L2,0.11272724...
check iteration duration=8.29696655273e-05
GetData ===>> H2,-0.27060990834031,H1,444.913770904997,AX,4.71105619262533,L1,0.036806275597717,L2,0.0035105377...
check iteration duration=6.29425048828e-05
GetData ===>> H2,-0.25145022000483,H1,444.290951806706,AX,4.68954006304941,L1,0.035022378406034,L2,-0.032546123...
check iteration duration=6.69956207275e-05
GetData ===>> H2,-0.220413252274215,H1,444.234871478965,AX,4.79593105774309,L1,0.0379508285818369,L2,0.06562732...
check iteration duration=8.39233398438e-05
GetData ===>> H2,-0.173356019809106,H1,444.216781893633,AX,4.88861529882682,L1,0.0680768714786372,L2,0.05295669...
testing H1>-5.0
evaluate ot="H1.bs>-5.0" t="H1>-5.0", ctx="{'H1': None}"
check iteration duration=0.000607013702393
GetData ===>> H2,-0.169080412209522,H1,444.079557343896,AX,4.75982902631681,L1,0.0387323731796294,L2,0.00380688...
check iteration duration=4.00543212891e-05
GetData ===>> H2,-0.275133481200429,H1,443.87435678241,AX,4.7006181524542,L1,0.0605463938246891,L2,0.0486689066...
check iteration duration=3.79085540771e-05
GetData ===>> H2,-0.177739109628641,H1,443.442118056956,AX,4.71919125926116,L1,0.0150710486066971,L2,0.02782568...
check iteration duration=9.70363616943e-05
GetData ===>> H2,-0.22506143623815,H1,442.993542702954,AX,4.62073271680329,L1,-0.00836403784700303,L2,-0.033901...
check iteration duration=3.981590271e-05
GetData ===>> H2,-0.22246752468525,H1,443.40491215955,AX,4.79454044785852,L1,0.0165096852855819,L2,0.0424884413...
testing H1>-5.0
evaluate ot="H1.bs>-5.0" t="H1>-5.0", ctx="{'H1': None}"
check iteration duration=0.000606060028076
GetData ===>> H2,-0.136921665746824,H1,443.011979036495,AX,4.90560135169478,L1,0.0102702746027223,L2,0.04252264...
check iteration duration=7.29560852051e-05
GetData ===>> H2,-0.139580739451403,H1,443.116292627616,AX,4.83291413120357,L1,0.0139880035770278,L2,0.05667445...
check iteration duration=7.20024108887e-05
GetData ===>> H2,-0.13229417576088,H1,442.561164637455,AX,4.74920767797553,L1,0.0245748954788902,L2,0.038212522...
check iteration duration=3.81469726562e-05
GetData ===>> H2,-0.140521472378378,H1,442.477619997429,AX,4.76511636082391,L1,0.047464249647302,L2,0.007055399...
check iteration duration=9.10758972168e-05
GetData ===>> H2,-0.101953360331023,H1,442.201081298882,AX,4.76395193499627,L1,0.0356967121605242,L2,0.12744604...
testing H1>-5.0
evaluate ot="H1.bs>-5.0" t="H1>-5.0", ctx="{'H1': None}"
check iteration duration=0.000942945480347
GetData ===>> H2,-0.113376958969574,H1,442.361166032041,AX,4.77370739197086,L1,0.0490742407416888,L2,0.11227123...
check iteration duration=3.2901763916e-05
waiting for write to finish
measurement finished
estimated time: 125.829 actual time: :126.533
flush and close file /Users/jan/PychronDev/data/isotopes/c5/1167e7-89f6-474d-8b7e-1f8b05cb4568.h5
baselines () {'settling_time': 15.0, 'detector': 'H1', 'mass': 34.2, 'ncounts': 60}
%%%%%%%%%%%%%%%%%%%%%%%%%%%%%%%% Baseline
build tables- baseline [Detector(H2), Detector(H1), Detector(AX), Detector(L1), Detector(L2), Detector(CDD)]
add group baseline table H2
add group baseline table H1
add group baseline table AX
add group baseline table L1
add group baseline table L2
add group baseline table CDD
flush and close file /Users/jan/PychronDev/data/isotopes/c5/1167e7-89f6-474d-8b7e-1f8b05cb4568.h5
detector Detector(H1)
POSITION 34.2 H1
Mapping mass to dac mass func: "parabolic"
H1 map mass coeffs = [-0.00063987  0.15840543  0.57151999]
H1 map mass to dac 34.2 >> 5.24056599104
GetDeflection H1 ===>> 0
GetHighVoltage ===>> 4500
positioning 34.2 (5.24056599104) on H1
setting magnet DAC
current  : 5.879910
requested: 5.240566
Delta Dac: 0.639344
Checking detector protection. dv=0.63934
Checking detector "CDD". Protection Threshold: 0.1 (V)
ProtectDetector CDD,On ===>> OK
GetDeflection CDD ===>> 2000
Protected = 2000
SetMagnetDAC 5.24056599104 ===>> OK
Magnet settling time: 0.500
GetMagnetMoving ===>> True
GetMagnetMoving ===>> True
GetMagnetMoving ===>> True
GetMagnetMoving ===>> True
GetMagnetMoving ===>> True
GetMagnetMoving ===>> True
GetMagnetMoving ===>> True
GetMagnetMoving ===>> True
GetMagnetMoving ===>> False
ProtectDetector CDD,Off ===>> OK
GetDeflection CDD ===>> 50
Delaying 15.0s for detectors to settle
Join finished
measuring baseline. ncounts=60
"baseline" increment series count="2" fit count="1" regressing="True"
starting measurement
check iteration duration=3.40938568115e-05
GetData ===>> H2,-0.306024034212396,H1,-0.0873413377602493,AX,-0.0645597230600504,L1,-0.0270363339962022,L2,0.0...
check iteration duration=4.00543212891e-05
GetData ===>> H2,-0.198767856743782,H1,-0.0856131871092679,AX,-0.0684433298876153,L1,0.00631636626042723,L2,-0....
check iteration duration=6.69956207275e-05
GetData ===>> H2,-0.10390102430751,H1,0.00203722256377787,AX,-0.0950679462177326,L1,-0.0308408264222851,L2,-0.0...
check iteration duration=8.41617584229e-05
GetData ===>> H2,-0.0835121758946363,H1,0.00833584090302888,AX,-0.0626120648611442,L1,-0.0387292903803161,L2,-0...
testing H1>-5.0
evaluate ot="H1.bs>-5.0" t="H1>-5.0", ctx="{'H1': None}"
check iteration duration=0.000610113143921
GetData ===>> H2,-0.113431099749721,H1,-0.0442836182672711,AX,-0.0730454931241654,L1,-0.0231105442449822,L2,-0....
check iteration duration=8.60691070557e-05
GetData ===>> H2,-0.18563887096061,H1,-0.0126580124566676,AX,-0.0663218564115932,L1,-0.00777762984681508,L2,0.0...
check iteration duration=6.38961791992e-05
GetData ===>> H2,-0.299420014249685,H1,-0.0504000877322273,AX,-0.040501092615846,L1,-0.0534143621424654,L2,-0.0...
check iteration duration=7.79628753662e-05
GetData ===>> H2,-0.260790724997299,H1,-0.0412550525190401,AX,-0.148577115518938,L1,-0.0443410714003752,L2,0.01...
check iteration duration=4.00543212891e-05
GetData ===>> H2,-0.0465037113041511,H1,-0.0185259613327603,AX,-0.106795765900536,L1,-0.0320623669065246,L2,-0....
testing H1>-5.0
evaluate ot="H1.bs>-5.0" t="H1>-5.0", ctx="{'H1': None}"
check iteration duration=0.000699996948242
GetData ===>> H2,-0.110029203884514,H1,-0.0318706861459848,AX,-0.0762796287436219,L1,-0.00698490542678978,L2,-0...
check iteration duration=9.70363616943e-05
GetData ===>> H2,-0.239764834038702,H1,0.00130956681625456,AX,-0.00979016144766682,L1,-0.0241089138491078,L2,-0...
check iteration duration=4.00543212891e-05
GetData ===>> H2,-0.236409192999363,H1,-0.0804762320542938,AX,-0.120839476265634,L1,0.00823492797484487,L2,-0.0...
check iteration duration=8.48770141602e-05
GetData ===>> H2,-0.132686409131754,H1,0.00323011228184913,AX,-0.0756420836335712,L1,-0.0368448208302341,L2,-0....
check iteration duration=8.29696655273e-05
GetData ===>> H2,-0.134183533932314,H1,-0.0235229880342523,AX,-0.171032296868791,L1,-0.0375672625512637,L2,0.01...
testing H1>-5.0
evaluate ot="H1.bs>-5.0" t="H1>-5.0", ctx="{'H1': None}"
check iteration duration=0.000619888305664
GetData ===>> H2,-0.150066308939799,H1,-0.0119900940299676,AX,-0.092564592135474,L1,-0.0407116153811296,L2,-0.0...
check iteration duration=8.20159912109e-05
GetData ===>> H2,-0.227578011830919,H1,0.00473317356679566,AX,-0.123782373145508,L1,-0.0186244486833441,L2,-0.0...
check iteration duration=8.60691070557e-05
GetData ===>> H2,-0.295572924906833,H1,-0.0973759399463202,AX,-0.1391622498479,L1,-0.0168735854780245,L2,0.0231...
check iteration duration=4.60147857666e-05
GetData ===>> H2,-0.191462678810392,H1,0.0378420320088726,AX,-0.139034702307821,L1,6.48119362480516E-05,L2,0.03...
check iteration duration=9.70363616943e-05
GetData ===>> H2,-0.291096195293885,H1,-0.0544775263681128,AX,-0.116424964011531,L1,0.0323387123460347,L2,0.046...
testing H1>-5.0
evaluate ot="H1.bs>-5.0" t="H1>-5.0", ctx="{'H1': None}"
check iteration duration=0.000602006912231
GetData ===>> H2,-0.235184921478543,H1,-0.0203149017093949,AX,-0.139255011590153,L1,0.00872212564214389,L2,-0.0...
check iteration duration=8.10623168945e-05
GetData ===>> H2,-0.230901617803243,H1,-0.0435086003253147,AX,-0.0631105763264444,L1,-0.0542275416774286,L2,0.0...
check iteration duration=7.9870223999e-05
GetData ===>> H2,-0.176393374642489,H1,-0.0516400281709071,AX,0.0344840311481782,L1,-0.0340751897406285,L2,0.00...
check iteration duration=6.00814819336e-05
GetData ===>> H2,-0.231131770596431,H1,-0.0404919348823583,AX,-0.0406982236345877,L1,-0.0181831639371362,L2,-0....
check iteration duration=4.10079956055e-05
GetData ===>> H2,-0.244190154197709,H1,0.064695092531575,AX,-0.0604440899482735,L1,-0.0141135831957926,L2,0.000...
testing H1>-5.0
evaluate ot="H1.bs>-5.0" t="H1>-5.0", ctx="{'H1': None}"
check iteration duration=0.000620126724243
18:51:28 -- collecting point 25
GetData ===>> H2,-0.179650129430578,H1,0.075652948828542,AX,-0.00157728853575358,L1,-0.0403199724925525,L2,0.00...
check iteration duration=7.9870223999e-05
GetData ===>> H2,-0.301471168663122,H1,-0.128239275526609,AX,-0.101998192358807,L1,-0.011775079779371,L2,-0.013...
check iteration duration=0.000102043151855
GetData ===>> H2,-0.300992286376397,H1,-0.0618927930446265,AX,-0.10036418214252,L1,-0.00469992679355734,L2,0.00...
check iteration duration=7.70092010498e-05
GetData ===>> H2,-0.300018362106398,H1,-0.130683801615006,AX,-0.0925993613832514,L1,-0.0298766627213477,L2,-0.0...
check iteration duration=8.41617584229e-05
GetData ===>> H2,-0.197346467464425,H1,-0.0349949312382634,AX,-0.0291363941444116,L1,-0.0444775545622118,L2,-0....
testing H1>-5.0
evaluate ot="H1.bs>-5.0" t="H1>-5.0", ctx="{'H1': None}"
check iteration duration=0.000702142715454
GetData ===>> H2,-0.23967867921115,H1,-0.0794869505641892,AX,-0.0853902715570342,L1,0.00078733885262625,L2,-0.1...
check iteration duration=6.69956207275e-05
GetData ===>> H2,-0.300939970270989,H1,-0.033766709114613,AX,-0.0797918478171137,L1,-0.0313031131187295,L2,-0.0...
check iteration duration=8.79764556885e-05
GetData ===>> H2,-0.293177055498081,H1,-0.0356626961647731,AX,-0.107688042133304,L1,-0.029596379158939,L2,0.024...
check iteration duration=8.29696655273e-05
GetData ===>> H2,-0.297924005529189,H1,-0.0203149017093949,AX,-0.145562602538188,L1,-0.0278354447303311,L2,-0.0...
check iteration duration=4.19616699219e-05
GetData ===>> H2,-0.246734466286265,H1,-0.0940152945291704,AX,-0.109994016830317,L1,-0.0418325638757341,L2,-0.0...
testing H1>-5.0
evaluate ot="H1.bs>-5.0" t="H1>-5.0", ctx="{'H1': None}"
check iteration duration=0.000623941421509
GetData ===>> H2,-0.141679710204849,H1,-0.00330674888073796,AX,-0.142014632959648,L1,-0.0432120211666637,L2,0.0...
check iteration duration=8.79764556885e-05
GetData ===>> H2,-0.16830040187893,H1,-0.0248944433773655,AX,-0.0758043682397565,L1,-0.0360660112338107,L2,0.02...
check iteration duration=8.60691070557e-05
GetData ===>> H2,-0.123702348283089,H1,0.0147780196112947,AX,-0.106610356825295,L1,-0.0541892303332449,L2,-0.03...
check iteration duration=6.60419464111e-05
GetData ===>> H2,-0.150877891099684,H1,0.010041784908288,AX,-0.0660552198612909,L1,-0.0273250754862947,L2,-0.08...
check iteration duration=8.10623168945e-05
GetData ===>> H2,-0.230145176179844,H1,-0.0292710490989777,AX,-0.107317227030354,L1,-0.0153383314371764,L2,-0.0...
testing H1>-5.0
evaluate ot="H1.bs>-5.0" t="H1>-5.0", ctx="{'H1': None}"
check iteration duration=0.000572919845581
GetData ===>> H2,-0.289349318514567,H1,-0.0996163075142274,AX,-0.0540558188529224,L1,-0.0332909432175553,L2,0.0...
check iteration duration=8.79764556885e-05
GetData ===>> H2,-0.302631401253657,H1,-0.028388588144934,AX,-0.00916378029720297,L1,-0.0444368492518066,L2,-0....
check iteration duration=4.00543212891e-05
GetData ===>> H2,-0.238664964456353,H1,-0.0952070256792446,AX,-0.0524557869178004,L1,-0.0446439657337613,L2,-0....
check iteration duration=7.10487365723e-05
GetData ===>> H2,-0.216007190678021,H1,0.0187270415114906,AX,-0.139707223816839,L1,-0.0601508719254329,L2,-0.01...
check iteration duration=8.58306884766e-05
GetData ===>> H2,-0.17333038986083,H1,-0.0516996403048918,AX,-0.123457963682364,L1,-0.00901756070400007,L2,-0.0...
testing H1>-5.0
evaluate ot="H1.bs>-5.0" t="H1>-5.0", ctx="{'H1': None}"
check iteration duration=0.00059700012207
GetData ===>> H2,-0.113914294780781,H1,-0.0434847535242476,AX,-0.0603977156257141,L1,0.0118054571785169,L2,0.03...
check iteration duration=8.17775726318e-05
GetData ===>> H2,-0.162778066427587,H1,-0.0301058022996735,AX,-0.0792934218063139,L1,-0.0196148706018392,L2,-0....
check iteration duration=9.3936920166e-05
GetData ===>> H2,-0.244167278352514,H1,-0.113605553254925,AX,-0.0410461009289617,L1,-0.0202623092247696,L2,0.01...
check iteration duration=3.50475311279e-05
GetData ===>> H2,-0.274096457608584,H1,-0.0365212445235795,AX,-0.0802439064095476,L1,-0.0447361491533567,L2,-0....
check iteration duration=5.10215759277e-05
GetData ===>> H2,-0.228655026470914,H1,0.0129407634262392,AX,-0.0589716944183247,L1,-0.0600707046840335,L2,-0.0...
testing H1>-5.0
evaluate ot="H1.bs>-5.0" t="H1>-5.0", ctx="{'H1': None}"
check iteration duration=0.000657081604004
18:51:55 -- collecting point 50
GetData ===>> H2,-0.143820179212935,H1,-0.00550151164719888,AX,-0.117131762907248,L1,-0.0449935399383761,L2,-0....
check iteration duration=8.20159912109e-05
GetData ===>> H2,-0.0733596243739802,H1,-0.104931021393617,AX,-0.0400256573395517,L1,-0.043935202623713,L2,-0.0...
check iteration duration=7.91549682617e-05
GetData ===>> H2,-0.12197263457668,H1,-0.130516860270391,AX,-0.171843693200681,L1,-0.0303485755126801,L2,-0.030...
check iteration duration=8.39233398438e-05
GetData ===>> H2,-0.270292773693683,H1,0.00449459090356998,AX,-0.0460322055024893,L1,0.0146171641264867,L2,0.03...
check iteration duration=7.41481781006e-05
GetData ===>> H2,-0.204004148676705,H1,-0.030916698742378,AX,-0.043353655499266,L1,-0.0139194277907754,L2,-0.03...
testing H1>-5.0
evaluate ot="H1.bs>-5.0" t="H1>-5.0", ctx="{'H1': None}"
check iteration duration=0.000607013702393
GetData ===>> H2,-0.167443408199456,H1,-0.0526176626848283,AX,-0.00276054176618053,L1,-0.00395734702265325,L2,-...
check iteration duration=9.20295715332e-05
GetData ===>> H2,-0.182692789813628,H1,0.0758556951481416,AX,-0.0405358804717083,L1,-0.0856207987307598,L2,-0.0...
check iteration duration=8.10623168945e-05
GetData ===>> H2,-0.271111124151463,H1,0.0746750017581956,AX,-0.0771142269377253,L1,-0.0659236232597543,L2,-0.0...
check iteration duration=7.10487365723e-05
GetData ===>> H2,-0.2283009692352,H1,0.0646712199461998,AX,-0.0930165913875121,L1,-0.0450402287231231,L2,-0.034...
check iteration duration=9.51290130615e-05
GetData ===>> H2,-0.22824846550659,H1,-0.0289729212685551,AX,-0.150919095731425,L1,-0.0426863648947195,L2,-0.03...
testing H1>-5.0
evaluate ot="H1.bs>-5.0" t="H1>-5.0", ctx="{'H1': None}"
check iteration duration=0.000555038452148
GetData ===>> H2,-0.184508551351,H1,-0.0621908228237043,AX,-0.148623491912031,L1,-0.0148393234350959,L2,0.00547...
check iteration duration=4.31537628174e-05
waiting for write to finish
measurement finished
estimated time: 62.915 actual time: :63.219
flush and close file /Users/jan/PychronDev/data/isotopes/c5/1167e7-89f6-474d-8b7e-1f8b05cb4568.h5
activate_detectors ('H1', 'AX', 'CDD') {'peak_center': True}
peak_center () {'detector': 'H1', 'integration_time': 0.262144, 'isotope': 'Ar40'}
peak center: mean=442.944423333 threshold=3
peak center started
setup peak center. detector=['H1', 'AX', 'CDD'], isotope=Ar40
VersionedUnpickler [<apptools.sweet_pickle.versioned_unpickler.VersionedUnpickler object at 0x15de26230>] using Updater [<apptools.sweet_pickle.updater.Updater object at 0x136bc5b30>]
VersionedUnpickler [<apptools.sweet_pickle.versioned_unpickler.VersionedUnpickler object at 0x15de26230>] using Updater [<apptools.sweet_pickle.updater.Updater object at 0x136bc5b30>]
VersionedUnpickler [<apptools.sweet_pickle.versioned_unpickler.VersionedUnpickler object at 0x15c11b050>] using Updater [<apptools.sweet_pickle.updater.Updater object at 0x136bc5b30>]
setting integration time = 0.524288
SetIntegrationTime 0.524288 ===>> OK
Mapping mass to dac mass func: "parabolic"
H1 map mass coeffs = [-0.00063987  0.15840543  0.57151999]
H1 map mass to dac 39.9624 >> 5.87991
GetDeflection H1 ===>> 0
GetHighVoltage ===>> 4500
do peak center. <pychron.spectrometer.jobs.peak_center.PeakCenter object at 0x136bc5b90>
doing pc
starting peak center. center dac= 5.87991 step_width=0.001
width = 0.001
get scan parameters. half-width=0.015,window=0.015, i=0, scalar=1
Scan parameters center=5.87991 width=0.03000 (5.86491 - 5.89491)
GetData ===>> H2,-0.223637956206817,H1,-0.114129814045172,AX,-0.136263400825327,L1,-0.00954274648788123,L2,0.00...
Moving to starting dac 5.86491
setting magnet DAC
current  : 5.240566
requested: 5.864910
Delta Dac: 0.624344
Checking detector protection. dv=0.62434
Checking detector "CDD". Protection Threshold: 0.1 (V)
ProtectDetector CDD,On ===>> OK
GetDeflection CDD ===>> 2000
Protected = 2000
SetMagnetDAC 5.86491 ===>> OK
Magnet settling time: 0.500
GetMagnetMoving ===>> True
GetMagnetMoving ===>> True
GetMagnetMoving ===>> True
GetMagnetMoving ===>> True
GetMagnetMoving ===>> True
GetMagnetMoving ===>> True
GetMagnetMoving ===>> True
GetMagnetMoving ===>> True
GetMagnetMoving ===>> False
ProtectDetector CDD,Off ===>> OK
GetDeflection CDD ===>> 50
Wait until signal near baseline. tol= -0.0855973605339. timeout= 10
GetData ===>> H2,0.204994387849921,H1,0.00626011607673966,AX,-0.0845905164587197,L1,0.00683210190809666,L2,0.04...
GetData ===>> H2,22.4161506036457,H1,3.92811991003701,AX,-0.109692736808191,L1,0.0149380613773398,L2,0.12000085...
GetData ===>> H2,28.1322620769707,H1,11.8934182024321,AX,-0.0749697588103708,L1,-0.0268920329699092,L2,-0.15694...
GetData ===>> H2,15.4178004643317,H1,5.73942163200554,AX,-0.0904784145296342,L1,-0.0656542587697607,L2,-0.08670...
GetData ===>> H2,6.46255241739427,H1,2.97315103021989,AX,-0.173357958374448,L1,-0.0841655942322271,L2,-0.063244...
GetData ===>> H2,2.23694580408546,H1,1.67548995871789,AX,-0.0828982593623711,L1,-0.0716378752623958,L2,-0.04958...
GetData ===>> H2,0.678934600971041,H1,1.00815397949383,AX,-0.0999585725180203,L1,-0.0300084266462596,L2,-0.0441...
GetData ===>> H2,0.17736935869488,H1,0.697678109360367,AX,-0.0658581402023254,L1,-0.00837243198754827,L2,-0.055...
GetData ===>> H2,0.0419365279752029,H1,0.6889670335535,AX,-0.0909883731862631,L1,0.00745540576567486,L2,-0.0527...
GetData ===>> H2,-0.0104739945527879,H1,0.580118386929862,AX,-0.0518296803035856,L1,0.0123688695468897,L2,0.089...
GetData ===>> H2,-0.0517706880425483,H1,0.481823158187367,AX,0.0461244321074277,L1,0.0210410177671422,L2,0.1144...
GetData ===>> H2,-0.0893567573303037,H1,0.50940969367892,AX,-0.0234187532572003,L1,-0.0012564860898867,L2,-0.05...
GetData ===>> H2,-0.0896112723066595,H1,0.422774475185883,AX,-0.0921937193858959,L1,0.0202272367460595,L2,-0.05...
GetData ===>> H2,-0.0602435602128642,H1,0.469071427194501,AX,-0.0492324542979413,L1,0.0286538911568394,L2,-0.02...
GetData ===>> H2,-0.151026296625937,H1,0.450397200049602,AX,-0.0336940295509366,L1,0.0331474626443887,L2,-0.026...
GetData ===>> H2,-0.154207787254076,H1,0.445087306599557,AX,-0.0802091327462084,L1,0.0345536167939935,L2,-0.037...
GetData ===>> H2,-0.0974848827984724,H1,0.315010988298892,AX,0.0145604730757258,L1,0.0336834606800722,L2,0.0262...
GetData ===>> H2,-0.0718356886018588,H1,0.383948112250265,AX,-0.00685541496195323,L1,0.0081746504492577,L2,-0.1...
GetData ===>> H2,-0.0801904216720679,H1,0.301706920870593,AX,-0.0768476199594425,L1,-0.0199017681623311,L2,-0.0...
GetData ===>> H2,0.094551123995994,H1,0.37911977559737,AX,-0.170462882999762,L1,-0.0371227813362168,L2,-0.06167...
GetData ===>> H2,0.0633763591114569,H1,0.451066936299527,AX,-0.200451686027093,L1,-0.0547982100453247,L2,-0.073...
Peak center failed to move to a baseline position
_do_sweep sm= 5.86491, em= 5.89491, stm= 0.001
calculated step values: start=5.86491, end=5.89491, width=0.001, nsteps=31.0
setting magnet DAC
current  : 5.864910
requested: 5.864910
Delta Dac: 0.000000
Checking detector protection. dv=0.00000
Checking detector "CDD". Protection Threshold: 0.1 (V)
SetMagnetDAC 5.86491 ===>> OK
GetData ===>> H2,0.0633763591114569,H1,0.451066936299527,AX,-0.200451686027093,L1,-0.0547982100453247,L2,-0.073...
setting magnet DAC
current  : 5.864910
requested: 5.865944
Delta Dac: 0.001034
Checking detector protection. dv=0.00103
Checking detector "CDD". Protection Threshold: 0.1 (V)
SetMagnetDAC 5.86594448276 ===>> OK
Magnet settling time: 1.049
GetData ===>> H2,-0.125754942485581,H1,0.827356599929385,AX,-0.118174571572569,L1,-0.0649923782858171,L2,0.1016...
setting magnet DAC
current  : 5.865944
requested: 5.866979
Delta Dac: 0.001034
Checking detector protection. dv=0.00103
Checking detector "CDD". Protection Threshold: 0.1 (V)
SetMagnetDAC 5.86697896552 ===>> OK
Magnet settling time: 1.049
GetData ===>> H2,-0.104128141851745,H1,3.08304016842367,AX,-0.131243492216271,L1,-0.00872977605026892,L2,0.0178...
setting magnet DAC
current  : 5.866979
requested: 5.868013
Delta Dac: 0.001034
Checking detector protection. dv=0.00103
Checking detector "CDD". Protection Threshold: 0.1 (V)
SetMagnetDAC 5.86801344828 ===>> OK
Magnet settling time: 1.049
GetData ===>> H2,-0.18230541825004,H1,11.3998665586427,AX,0.0114046399591325,L1,-0.0270931197726995,L2,0.026967...
setting magnet DAC
current  : 5.868013
requested: 5.869048
Delta Dac: 0.001034
Checking detector protection. dv=0.00103
Checking detector "CDD". Protection Threshold: 0.1 (V)
SetMagnetDAC 5.86904793103 ===>> OK
Magnet settling time: 1.049
GetData ===>> H2,-0.113509603422452,H1,38.3666754080774,AX,0.260399105276008,L1,-0.0144791125278685,L2,-0.06752...
setting magnet DAC
current  : 5.869048
requested: 5.870082
Delta Dac: 0.001034
Checking detector protection. dv=0.00103
Checking detector "CDD". Protection Threshold: 0.1 (V)
SetMagnetDAC 5.87008241379 ===>> OK
Magnet settling time: 1.049
GetData ===>> H2,-0.120388748424243,H1,103.726882132522,AX,0.751397748661709,L1,0.0146765543961289,L2,0.0354650...
setting magnet DAC
current  : 5.870082
requested: 5.871117
Delta Dac: 0.001034
Checking detector protection. dv=0.00103
Checking detector "CDD". Protection Threshold: 0.1 (V)
SetMagnetDAC 5.87111689655 ===>> OK
Magnet settling time: 1.049
GetData ===>> H2,-0.149901142151264,H1,207.259335956107,AX,1.71398882402188,L1,0.00344385102364521,L2,-0.051522...
setting magnet DAC
current  : 5.871117
requested: 5.872151
Delta Dac: 0.001034
Checking detector protection. dv=0.00103
Checking detector "CDD". Protection Threshold: 0.1 (V)
SetMagnetDAC 5.87215137931 ===>> OK
Magnet settling time: 1.049
GetData ===>> H2,-0.0829297198188945,H1,309.33276303294,AX,2.9204945094198,L1,-0.00164768184977281,L2,0.0461048...
setting magnet DAC
current  : 5.872151
requested: 5.873186
Delta Dac: 0.001034
Checking detector protection. dv=0.00103
Checking detector "CDD". Protection Threshold: 0.1 (V)
SetMagnetDAC 5.87318586207 ===>> OK
Magnet settling time: 1.049
GetData ===>> H2,-0.210680813551083,H1,378.377702875845,AX,3.62394800634402,L1,-0.0129449987208395,L2,-0.003962...
setting magnet DAC
current  : 5.873186
requested: 5.874220
Delta Dac: 0.001034
Checking detector protection. dv=0.00103
Checking detector "CDD". Protection Threshold: 0.1 (V)
SetMagnetDAC 5.87422034483 ===>> OK
Magnet settling time: 1.049
GetData ===>> H2,-0.3096506058753,H1,409.81298183877,AX,4.39970138640306,L1,-0.0103028983780892,L2,0.0069234162...
setting magnet DAC
current  : 5.874220
requested: 5.875255
Delta Dac: 0.001034
Checking detector protection. dv=0.00103
Checking detector "CDD". Protection Threshold: 0.1 (V)
SetMagnetDAC 5.87525482759 ===>> OK
Magnet settling time: 1.049
GetData ===>> H2,-0.133664369606397,H1,420.393096473953,AX,4.62093795437472,L1,0.00526202659440127,L2,0.0659294...
setting magnet DAC
current  : 5.875255
requested: 5.876289
Delta Dac: 0.001034
Checking detector protection. dv=0.00103
Checking detector "CDD". Protection Threshold: 0.1 (V)
SetMagnetDAC 5.87628931034 ===>> OK
Magnet settling time: 1.049
GetData ===>> H2,-0.24651382945623,H1,423.413125292244,AX,4.6657732259881,L1,0.0177166922158598,L2,0.0311365392...
setting magnet DAC
current  : 5.876289
requested: 5.877324
Delta Dac: 0.001034
Checking detector protection. dv=0.00103
Checking detector "CDD". Protection Threshold: 0.1 (V)
SetMagnetDAC 5.8773237931 ===>> OK
Magnet settling time: 1.049
GetData ===>> H2,-0.250444286112911,H1,423.757280284252,AX,4.65919738990703,L1,-0.0250389724848491,L2,0.1017608...
setting magnet DAC
current  : 5.877324
requested: 5.878358
Delta Dac: 0.001034
Checking detector protection. dv=0.00103
Checking detector "CDD". Protection Threshold: 0.1 (V)
SetMagnetDAC 5.87835827586 ===>> OK
Magnet settling time: 1.049
GetData ===>> H2,-0.110780605609809,H1,423.837011192663,AX,4.56314944425369,L1,0.0312680891883726,L2,0.13860922...
setting magnet DAC
current  : 5.878358
requested: 5.879393
Delta Dac: 0.001034
Checking detector protection. dv=0.00103
Checking detector "CDD". Protection Threshold: 0.1 (V)
SetMagnetDAC 5.87939275862 ===>> OK
Magnet settling time: 1.049
GetData ===>> H2,-0.174220659344632,H1,424.149090090818,AX,4.53365132361083,L1,0.0392013289987015,L2,0.10677652...
setting magnet DAC
current  : 5.879393
requested: 5.880427
Delta Dac: 0.001034
Checking detector protection. dv=0.00103
Checking detector "CDD". Protection Threshold: 0.1 (V)
SetMagnetDAC 5.88042724138 ===>> OK
Magnet settling time: 1.049
GetData ===>> H2,-0.13026988409603,H1,423.754008182245,AX,4.59379500530171,L1,0.0491636802168419,L2,0.020543967...
setting magnet DAC
current  : 5.880427
requested: 5.881462
Delta Dac: 0.001034
Checking detector protection. dv=0.00103
Checking detector "CDD". Protection Threshold: 0.1 (V)
SetMagnetDAC 5.88146172414 ===>> OK
Magnet settling time: 1.049
GetData ===>> H2,-0.11466273277061,H1,423.452448217298,AX,4.52269845792456,L1,0.0806053435298303,L2,0.067433533...
setting magnet DAC
current  : 5.881462
requested: 5.882496
Delta Dac: 0.001034
Checking detector protection. dv=0.00103
Checking detector "CDD". Protection Threshold: 0.1 (V)
SetMagnetDAC 5.8824962069 ===>> OK
Magnet settling time: 1.049
GetData ===>> H2,-0.124635391662247,H1,423.190512811378,AX,4.56146563478286,L1,0.034209872122315,L2,0.035601716...
setting magnet DAC
current  : 5.882496
requested: 5.883531
Delta Dac: 0.001034
Checking detector protection. dv=0.00103
Checking detector "CDD". Protection Threshold: 0.1 (V)
SetMagnetDAC 5.88353068966 ===>> OK
Magnet settling time: 1.049
GetData ===>> H2,-0.120353578503963,H1,422.293365804131,AX,4.60468451369153,L1,0.0317847618213429,L2,-0.0078110...
setting magnet DAC
current  : 5.883531
requested: 5.884565
Delta Dac: 0.001034
Checking detector protection. dv=0.00103
Checking detector "CDD". Protection Threshold: 0.1 (V)
SetMagnetDAC 5.88456517241 ===>> OK
Magnet settling time: 1.049
GetData ===>> H2,-0.175404879078156,H1,419.680546634508,AX,4.6184938370078,L1,0.0396847370411038,L2,0.076709362...
setting magnet DAC
current  : 5.884565
requested: 5.885600
Delta Dac: 0.001034
Checking detector protection. dv=0.00103
Checking detector "CDD". Protection Threshold: 0.1 (V)
SetMagnetDAC 5.88559965517 ===>> OK
Magnet settling time: 1.049
GetData ===>> H2,-0.21370591105902,H1,409.699059369444,AX,4.50162587725673,L1,0.0479167918115909,L2,0.053555655...
setting magnet DAC
current  : 5.885600
requested: 5.886634
Delta Dac: 0.001034
Checking detector protection. dv=0.00103
Checking detector "CDD". Protection Threshold: 0.1 (V)
SetMagnetDAC 5.88663413793 ===>> OK
Magnet settling time: 1.049
GetData ===>> H2,-0.143196468750545,H1,382.36829742342,AX,3.74012926191873,L1,0.0435287753900425,L2,-0.02538916...
setting magnet DAC
current  : 5.886634
requested: 5.887669
Delta Dac: 0.001034
Checking detector protection. dv=0.00103
Checking detector "CDD". Protection Threshold: 0.1 (V)
SetMagnetDAC 5.88766862069 ===>> OK
Magnet settling time: 1.049
GetData ===>> H2,-0.240326170494428,H1,275.556276883101,AX,2.32440311767455,L1,0.0385375825543182,L2,-0.0338355...
setting magnet DAC
current  : 5.887669
requested: 5.888703
Delta Dac: 0.001034
Checking detector protection. dv=0.00103
Checking detector "CDD". Protection Threshold: 0.1 (V)
SetMagnetDAC 5.88870310345 ===>> OK
Magnet settling time: 1.049
GetData ===>> H2,-0.362122704731027,H1,164.287533530303,AX,1.09861971212908,L1,-0.00533809375584598,L2,-0.16124...
setting magnet DAC
current  : 5.888703
requested: 5.889738
Delta Dac: 0.001034
Checking detector protection. dv=0.00103
Checking detector "CDD". Protection Threshold: 0.1 (V)
SetMagnetDAC 5.88973758621 ===>> OK
Magnet settling time: 1.049
GetData ===>> H2,-0.218060306893495,H1,75.3169336451476,AX,0.436479779761542,L1,0.00391448566088202,L2,-0.03228...
setting magnet DAC
current  : 5.889738
requested: 5.890772
Delta Dac: 0.001034
Checking detector protection. dv=0.00103
Checking detector "CDD". Protection Threshold: 0.1 (V)
SetMagnetDAC 5.89077206897 ===>> OK
Magnet settling time: 1.049
GetData ===>> H2,-0.261421328708591,H1,27.2255120139455,AX,0.0851333033598654,L1,-0.0161352134951776,L2,0.00544...
setting magnet DAC
current  : 5.890772
requested: 5.891807
Delta Dac: 0.001034
Checking detector protection. dv=0.00103
Checking detector "CDD". Protection Threshold: 0.1 (V)
SetMagnetDAC 5.89180655172 ===>> OK
Magnet settling time: 1.049
GetData ===>> H2,-0.0912302873532629,H1,7.90581189554833,AX,0.0466583223596465,L1,-0.0309632572068255,L2,0.0482...
setting magnet DAC
current  : 5.891807
requested: 5.892841
Delta Dac: 0.001034
Checking detector protection. dv=0.00103
Checking detector "CDD". Protection Threshold: 0.1 (V)
SetMagnetDAC 5.89284103448 ===>> OK
Magnet settling time: 1.049
GetData ===>> H2,-0.125860401727116,H1,1.94938672810612,AX,-0.0432261036601627,L1,-0.0640914816515847,L2,-0.021...
setting magnet DAC
current  : 5.892841
requested: 5.893876
Delta Dac: 0.001034
Checking detector protection. dv=0.00103
Checking detector "CDD". Protection Threshold: 0.1 (V)
SetMagnetDAC 5.89387551724 ===>> OK
Magnet settling time: 1.049
GetData ===>> H2,-0.115312331543774,H1,0.328770731949058,AX,-0.0631917291139803,L1,-0.0183181660186041,L2,-0.09...
setting magnet DAC
current  : 5.893876
requested: 5.894910
Delta Dac: 0.001034
Checking detector protection. dv=0.00103
Checking detector "CDD". Protection Threshold: 0.1 (V)
SetMagnetDAC 5.89491 ===>> OK
Magnet settling time: 1.049
GetData ===>> H2,-0.37709117438354,H1,-0.0328365891276714,AX,-0.120144290775062,L1,0.0143574770875248,L2,-0.022...
result of _do_sweep=True
result of _calculate_peak_center=([5.8722146092184371, 5.8797596993987975, 5.8873047895791579], [313.55294472674592, 424.14671484888243, 313.12242839580216], 5.8793989779559128, 424.14671484888243)
Failed to find a valid peak. No peak greater than 1.0. max = 0.0231216068654
new center pos Detector(H1) (Ar40) @ 5.8797596994
GetHighVoltage ===>> 4500
GetDeflection H1 ===>> 0
dac uncorrected for HV and deflection 5.8797596994
update mftable H1 Ar40 5.8797596994 message=automated run peakcenter
get initial guess parabolic
get initial guess parabolic
get initial guess parabolic
get initial guess parabolic
get initial guess parabolic
get initial guess parabolic
dump mftable to /Users/jan/PychronDev/setupfiles/spectrometer/mftables/mftable.csv
add to repo msg=modified - automated run peakcenter
sweep finished
locally archiving mftable
setting magnet DAC
current  : 5.894910
requested: 5.879760
Delta Dac: 0.015150
Checking detector protection. dv=0.01515
Checking detector "CDD". Protection Threshold: 0.1 (V)
SetMagnetDAC 5.8797596994 ===>> OK
Magnet settling time: 0.500
setting integration time = 1.048576
SetIntegrationTime 1.048576 ===>> OK
Failed to find a valid peak. No peak greater than 1.0. max = 0.0231216068654
flush and close file /Users/jan/PychronDev/data/isotopes/c5/1167e7-89f6-474d-8b7e-1f8b05cb4568.h5
finished measure script
executed snippet estimated_duration=226.132928, duration=273.135637045
jan_unknown120_60.py completed successfully
Measurement Finished
18:52:53 -- ******* Measurement Finished *******
Post Measurement Started jan_pump_ms.py
18:52:53 -- ******* Post Measurement Started jan_pump_ms.py *******
testing...
no interpolation path defined
executed snippet estimated_duration=0, duration=2.59876251221e-05
Pumping spectrometer
open () {'name': 'O'}
opening name=O desc=---
checking ownership. requestor=129.138.12.150
check software interlocks O
interlocks []
actuate state mode=None-script, software_lock=False
doing actuation None-script open_channel True
Open O ===>> OK
GetIndicatorState O ===>> OK
change switch state (True, True)
update switch state O True args=() kw={} ncanvase=4
18:52:53 -- OPEN   VALVE-O (Jan Ion Pump)
---------------------------------------- open O () result=[(True, True)], time=0.09 sec
action=open, ok=True, locked=[False]
executed snippet estimated_duration=0, duration=0.34577703476
jan_pump_ms.py completed successfully
setting _ms_pumptime
Post Measurement Finished
18:52:53 -- ******* Post Measurement Finished *******
$$$$$$$$$$$$$$$$$$$$ state at run end measurement
state changed from measurement to success
post measurement save measured=True aborted=False
Set filtering
setting fod for Ar40= {'filter_outliers': True, 'std_devs': 2, 'iterations': 1}
setting fod for H1= {'filter_outliers': True, 'std_devs': 2, 'iterations': 1}
setting fod for PM41= {'filter_outliers': False, 'std_devs': 2, 'iterations': 1}
setting fod for H2= {'filter_outliers': True, 'std_devs': 2, 'iterations': 1}
setting fod for Ar36= {'filter_outliers': True, 'std_devs': 2, 'iterations': 1}
setting fod for CDD= {'filter_outliers': True, 'std_devs': 10, 'iterations': 1}
setting fod for Ar37= {'filter_outliers': True, 'std_devs': 2, 'iterations': 1}
setting fod for L2= {'filter_outliers': True, 'std_devs': 2, 'iterations': 1}
setting fod for Ar38= {'filter_outliers': True, 'std_devs': 2, 'iterations': 1}
setting fod for L1= {'filter_outliers': True, 'std_devs': 2, 'iterations': 1}
setting fod for Ar39= {'filter_outliers': True, 'std_devs': 2, 'iterations': 1}
setting fod for AX= {'filter_outliers': True, 'std_devs': 2, 'iterations': 1}
persistence save...
persistence save - db
post measurement save
5818612912 connecting to database sqlite:////Users/jan/PychronDev/.appdata/local_lab.db
connected to db sqlite:////Users/jan/PychronDev/.appdata/local_lab.db
create new session 5818612912
close session 5818612912
No database instance. Not saving post measurement to isotopedb database
$$$$$$$$$$$$$$$ auto_save_detector_ic=False
massspec enabled True
create new session 5036988176
MassSpec Database Version: 16.0
close session 5036988176
saving post measurement to secondary database
saving to massspec database 129.138.12.160/massspecdata
setting labnumber to 65267
setting aliquot to 10
setting step to H
setting uuid to c51167e7-89f6-474d-8b7e-1f8b05cb4568
setting irradpos to 65267
setting extract_device to Fusions CO2
setting tray to 
setting position to 49
setting power_requested to 0.45
setting extract_value to 0.45
setting duration to 30.0
setting duration_at_request to 30.0
setting first_stage_delay to 30.0
setting cleanup to 30.0
setting comment to F:9 AM-1b
setting irradiation to NM-285
setting level to F
setting irradiation_level to F
setting sample to AM-1b
setting material to Kspar
setting project to REEFenite
setting mass_spectrometer to Jan
no attribute chron_dosages
no attribute production_ratios
no attribute interference_corrections
no attribute production_name
no attribute j
Reference Isotope=Ar40
Reference Detector=H1
%%%%%%%%%%%%%%%%%%%% Comment: F:9 AM-1b %%%%%%%%%%%%%%%%%%%
adding isotope PM41 H2
add baseline dbdet= PM41. original det= H2
get baseline data PM41 H2
Get data baseline <pychron.processing.isotope.Baseline object at 0x1320c5910> len t=60
baseline PM41. v=-0.211358035751, e=0.00849987674485
get signal data PM41 H2
Get data signal PM41 0.10+/-0.07 len t=120
adding isotope Ar40 H1
add baseline dbdet= Ar40. original det= H1
get baseline data Ar40 H1
Get data baseline <pychron.processing.isotope.Baseline object at 0x1320c5350> len t=60
baseline Ar40. v=-0.0375213287159, e=0.00596284112871
get signal data Ar40 H1
Get data signal Ar40 463.78+/-0.04 len t=120
adding isotope Ar39 AX
add baseline dbdet= Ar39. original det= AX
get baseline data Ar39 AX
Get data baseline <pychron.processing.isotope.Baseline object at 0x1320c5090> len t=60
baseline Ar39. v=-0.0860345599538, e=0.00551002568412
get signal data Ar39 AX
Get data signal Ar39 4.922+/-0.013 len t=120
adding isotope Ar38 L1
add baseline dbdet= Ar38. original det= L1
get baseline data Ar38 L1
Get data baseline <pychron.processing.isotope.Baseline object at 0x1320c5690> len t=60
baseline Ar38. v=-0.027393008426, e=0.00256588223003
get signal data Ar38 L1
Get data signal Ar38 0.075+/-0.004 len t=120
adding isotope Ar37 L2
add baseline dbdet= Ar37. original det= L2
get baseline data Ar37 L2
Get data baseline <pychron.processing.isotope.Baseline object at 0x1320c50d0> len t=60
baseline Ar37. v=-0.0208789748834, e=0.00482664211578
get signal data Ar37 L2
Get data signal Ar37 0.050+/-0.010 len t=120
adding isotope Ar36 CDD
add baseline dbdet= Ar36. original det= CDD
get baseline data Ar36 CDD
Get data baseline <pychron.processing.isotope.Baseline object at 0x14099da50> len t=60
baseline Ar36. v=8.43570669155e-05, e=1.55716492935e-05
get signal data Ar36 CDD
Get data signal Ar36 0.01519+/-0.00031 len t=120
65267-10H added analysis time 0.525199890137s
analysis added to mass spec database
mass spec save time= 0.534
persistence save - dvc
================= post measurement started
create new session 4995223376
close session 4995223376
---------------- Experiment Queue saving disabled
DVC saving peakcenter
Failed to find a valid peak. No peak greater than 1.0. max = 0.0231216068654
Smart pull ahead: 0 behind: 0
Up-to-date with origin
add to repo msg=modified - ad8224ebc6dbfeb9f5997218dfa5fe690569839d.json
add to repo msg=modified - 67-10H.json
add to repo msg=modified - 67-10H.dat.json
add to repo msg=modified - 67-10H.blan.json
add to repo msg=modified - 67-10H.inte.json
add to repo msg=modified - 67-10H.icfa.json
add to repo msg=modified - 67-10H.base.json
not at valid file /Users/jan/PychronDev/data/.dvc/repositories/REEFenite/652/tags/67-10H.tags.json
add to repo msg=modified - 67-10H.peak.json
add to repo msg=modified - 67-10H.extr.json
not at valid file /Users/jan/PychronDev/data/.dvc/repositories/REEFenite/652/monitor/67-10H.moni.json
commit message=<COLLECTION>
add to repo msg=modified - 67-10H.inte.json
add to repo msg=modified - 67-10H.base.json
commit message=<ISOEVO> default collection fits
add to repo msg=modified - 67-10H.blan.json
commit message=<BLANKS> preceding bu-FC-J-7856
add to repo msg=modified - 67-10H.icfa.json
commit message=<ICFactor> default
push repository <pychron.git_archive.repo_manager.GitRepoManager object at 0x158631f50>
pushing to remote=origin, url=https://github.com
no changes to meta repo
create new session 4995223376
add association REEFenite
get identifier "65267"
setting analysis irradiation position=<pychron.dvc.dvc_orm.IrradiationPositionTbl object at 0x1436b74d0>
close session 4995223376
================= post measurement finished
18:53:14 -- ******* Post Run Check *******
loading queue conditionals post_run_actions
loading system conditionals post_run_actions
loading conditionals from /Users/jan/PychronDev/setupfiles/spectrometer/default_conditionals.yaml
loading queue conditionals post_run_terminations
loading system conditionals post_run_terminations
loading conditionals from /Users/jan/PychronDev/setupfiles/spectrometer/default_conditionals.yaml
Checking default post run terminations n=1
GetDeflection CDD ===>> 50
testing CDD==2000
evaluate ot="CDD.deflection==2000" t="CDD==2000", ctx="{'CDD': 50.0}"
18:53:14 -- ******* Post Run Check Passed *******
18:53:14 -- Automated run 65267-10H success duration: 371.916 s
----------------- finish -----------------
----------------- stop -----------------
retroactive repository identifiers disabled
finish run. runs completed=68
update duration runid=65267-10H, duration=371.916276932, md5=3be28e4d
loading script "jan_unknown120_60.py"
loading script "jan_pump_ms.py"
loading script "jan_co2.py"
loading script "jan_pump_extraction_line.py"
testing...
no interpolation path defined
executed snippet estimated_duration=213.652928, duration=0.000188112258911
script duration name:unknown120_60 seconds:214.0
loading script "jan_unknown120_60.py"
loading script "jan_pump_ms.py"
loading script "jan_co2.py"
loading script "jan_pump_extraction_line.py"
testing...
no interpolation path defined
executed snippet estimated_duration=0, duration=2.8133392334e-05
loading script "jan_unknown120_60.py"
loading script "jan_pump_ms.py"
loading script "jan_co2.py"
loading script "jan_pump_extraction_line.py"
testing...
no interpolation path defined
calculate duration
testing...
no interpolation path defined
executed snippet estimated_duration=0, duration=5.41210174561e-05
calculate duration
testing...
no interpolation path defined
executed snippet estimated_duration=0, duration=0.000125885009766
executed snippet estimated_duration=0.0, duration=0.00312900543213
script duration name:co2 seconds:0.0
loading script "jan_unknown120_60.py"
loading script "jan_pump_ms.py"
loading script "jan_co2.py"
loading script "jan_pump_extraction_line.py"
testing...
no interpolation path defined
calculate duration
testing...
no interpolation path defined
executed snippet estimated_duration=4.0, duration=0.000152111053467
executed snippet estimated_duration=4.0, duration=0.00375199317932
Script duration 214.0
Run total estimated duration= 215.000
unknown120_60 in script context. using previous estimated duration
script duration name:unknown120_60 seconds:214.0
pump_ms in script context. using previous estimated duration
co2 in script context. using previous estimated duration
script duration name:co2 seconds:0.0
pump_extraction_line in script context. using previous estimated duration
Script duration 214.0
Run total estimated duration= 215.000
script duration name:unknown120_60 seconds:214.0
script duration name:co2 seconds:0.0
Script duration 214.0
Run total estimated duration= 215.000
script duration name:unknown120_60 seconds:214.0
script duration name:co2 seconds:0.0
Script duration 214.0
Run total estimated duration= 215.000
script duration name:unknown120_60 seconds:214.0
script duration name:co2 seconds:0.0
Script duration 214.0
Run total estimated duration= 215.000
script duration name:unknown120_60 seconds:214.0
script duration name:co2 seconds:0.0
Script duration 214.0
Run total estimated duration= 215.000
script duration name:unknown120_60 seconds:214.0
script duration name:co2 seconds:0.0
Script duration 214.0
Run total estimated duration= 215.000
script duration name:unknown120_60 seconds:214.0
script duration name:co2 seconds:0.0
Script duration 214.0
Run total estimated duration= 215.000
script duration name:unknown120_60 seconds:214.0
script duration name:co2 seconds:0.0
Script duration 214.0
Run total estimated duration= 215.000
script duration name:unknown120_60 seconds:214.0
script duration name:co2 seconds:0.0
Script duration 214.0
Run total estimated duration= 215.000
script duration name:unknown120_60 seconds:214.0
script duration name:co2 seconds:0.0
Script duration 214.0
Run total estimated duration= 215.000
script duration name:unknown120_60 seconds:214.0
script duration name:co2 seconds:0.0
Script duration 214.0
Run total estimated duration= 215.000
script duration name:unknown120_60 seconds:214.0
script duration name:co2 seconds:0.0
Script duration 214.0
Run total estimated duration= 215.000
script duration name:unknown120_60 seconds:214.0
script duration name:co2 seconds:0.0
Script duration 214.0
Run total estimated duration= 215.000
script duration name:unknown120_60 seconds:214.0
script duration name:co2 seconds:0.0
Script duration 214.0
Run total estimated duration= 215.000
script duration name:unknown120_60 seconds:214.0
script duration name:co2 seconds:0.0
Script duration 214.0
Run total estimated duration= 215.000
script duration name:unknown120_60 seconds:214.0
script duration name:co2 seconds:0.0
Script duration 214.0
Run total estimated duration= 215.000
script duration name:unknown120_60 seconds:214.0
script duration name:co2 seconds:0.0
Script duration 214.0
Run total estimated duration= 215.000
script duration name:unknown120_60 seconds:214.0
script duration name:co2 seconds:0.0
Script duration 214.0
Run total estimated duration= 215.000
script duration name:unknown120_60 seconds:214.0
script duration name:co2 seconds:0.0
Script duration 214.0
Run total estimated duration= 215.000
script duration name:unknown120_60 seconds:214.0
script duration name:co2 seconds:0.0
Script duration 214.0
Run total estimated duration= 215.000
script duration name:unknown120_60 seconds:214.0
script duration name:co2 seconds:0.0
Script duration 214.0
Run total estimated duration= 215.000
script duration name:unknown120_60 seconds:214.0
script duration name:co2 seconds:0.0
Script duration 214.0
Run total estimated duration= 215.000
script duration name:unknown120_60 seconds:214.0
script duration name:co2 seconds:0.0
Script duration 214.0
Run total estimated duration= 215.000
script duration name:unknown120_60 seconds:214.0
script duration name:co2 seconds:0.0
Script duration 214.0
Run total estimated duration= 215.000
script duration name:unknown120_60 seconds:214.0
script duration name:co2 seconds:0.0
Script duration 214.0
Run total estimated duration= 215.000
script duration name:unknown120_60 seconds:214.0
script duration name:co2 seconds:0.0
Script duration 214.0
Run total estimated duration= 215.000
script duration name:unknown120_60 seconds:214.0
script duration name:co2 seconds:0.0
Script duration 214.0
Run total estimated duration= 215.000
script duration name:unknown120_60 seconds:214.0
script duration name:co2 seconds:0.0
Script duration 214.0
Run total estimated duration= 215.000
script duration name:unknown120_60 seconds:214.0
script duration name:co2 seconds:0.0
Script duration 214.0
Run total estimated duration= 215.000
script duration name:unknown120_60 seconds:214.0
script duration name:co2 seconds:0.0
Script duration 214.0
Run total estimated duration= 215.000
script duration name:unknown120_60 seconds:214.0
script duration name:co2 seconds:0.0
Script duration 214.0
Run total estimated duration= 215.000
loading script "jan_unknown400_120.py"
loading script "jan_pump_ms.py"
loading script "jan_sniffair_x2.py"
loading script "jan_pump_extraction_line.py"
testing...
no interpolation path defined
executed snippet estimated_duration=556.052928, duration=0.000118017196655
script duration name:unknown400_120 seconds:556.0
loading script "jan_unknown400_120.py"
loading script "jan_pump_ms.py"
loading script "jan_sniffair_x2.py"
loading script "jan_pump_extraction_line.py"
testing...
no interpolation path defined
calculate duration
testing...
no interpolation path defined
executed snippet estimated_duration=0, duration=4.50611114502e-05
calculate duration
testing...
no interpolation path defined
executed snippet estimated_duration=0, duration=0.000130891799927
calculate duration
testing...
no interpolation path defined
executed snippet estimated_duration=32.0, duration=9.67979431152e-05
calculate duration
testing...
no interpolation path defined
executed snippet estimated_duration=34.0, duration=9.79900360107e-05
calculate duration
testing...
no interpolation path defined
executed snippet estimated_duration=4.0, duration=7.70092010498e-05
calculate duration
testing...
no interpolation path defined
executed snippet estimated_duration=36.0, duration=7.91549682617e-05
calculate duration
testing...
no interpolation path defined
executed snippet estimated_duration=34.0, duration=7.79628753662e-05
calculate duration
testing...
no interpolation path defined
executed snippet estimated_duration=4.0, duration=7.48634338379e-05
calculate duration
testing...
no interpolation path defined
executed snippet estimated_duration=36.0, duration=0.000170946121216
calculate duration
testing...
no interpolation path defined
executed snippet estimated_duration=70.0, duration=7.39097595215e-05
executed snippet estimated_duration=250.0, duration=0.0124962329865
script duration name:sniffair_x2 seconds:250.0
Script duration 806.0
Run total estimated duration= 807.000
unknown400_120 in script context. using previous estimated duration
script duration name:unknown400_120 seconds:556.0
sniffair_x2 in script context. using previous estimated duration
script duration name:sniffair_x2 seconds:250.0
Script duration 806.0
Run total estimated duration= 807.000
script duration name:unknown400_120 seconds:556.0
loading script "jan_unknown400_120.py"
loading script "jan_pump_ms.py"
loading script "jan_cocktail_x1.py"
loading script "jan_pump_extraction_line.py"
testing...
no interpolation path defined
calculate duration
testing...
no interpolation path defined
executed snippet estimated_duration=0, duration=3.50475311279e-05
calculate duration
testing...
no interpolation path defined
executed snippet estimated_duration=0, duration=7.41481781006e-05
calculate duration
testing...
no interpolation path defined
executed snippet estimated_duration=32.0, duration=6.60419464111e-05
calculate duration
testing...
no interpolation path defined
executed snippet estimated_duration=34.0, duration=7.48634338379e-05
calculate duration
testing...
no interpolation path defined
executed snippet estimated_duration=4.0, duration=4.60147857666e-05
calculate duration
testing...
no interpolation path defined
executed snippet estimated_duration=38.0, duration=7.48634338379e-05
executed snippet estimated_duration=108.0, duration=0.00597095489502
script duration name:cocktail_x1 seconds:108.0
Script duration 664.0
Run total estimated duration= 665.000
script duration name:unknown400_120 seconds:556.0
cocktail_x1 in script context. using previous estimated duration
script duration name:cocktail_x1 seconds:108.0
Script duration 664.0
Run total estimated duration= 665.000
script duration name:unknown400_120 seconds:556.0
script duration name:co2 seconds:0.0
Script duration 556.0
Run total estimated duration= 557.000
nruns=37 before=5.0, run_dur=10381.0, btw=1080.0
write rem/ex queues
/Users/jan/PychronDev/experiments/rem/Load1796.rem.txt
/Users/jan/PychronDev/experiments/rem/Load1796.ex.txt
doing event level: 3
