do run
loading script "jan_unknown120_60.py"
loading script "jan_pump_ms.py"
loading script "jan_co2.py"
loading script "jan_pump_extraction_line.py"
testing...
no interpolation path defined
executed snippet estimated_duration=213.652928, duration=0.000180959701538
script duration name:unknown120_60 seconds:214.0
loading script "jan_unknown120_60.py"
loading script "jan_pump_ms.py"
loading script "jan_co2.py"
loading script "jan_pump_extraction_line.py"
testing...
no interpolation path defined
executed snippet estimated_duration=0, duration=4.79221343994e-05
loading script "jan_unknown120_60.py"
loading script "jan_pump_ms.py"
loading script "jan_co2.py"
loading script "jan_pump_extraction_line.py"
testing...
no interpolation path defined
calculate duration
testing...
no interpolation path defined
executed snippet estimated_duration=0, duration=4.19616699219e-05
calculate duration
testing...
no interpolation path defined
executed snippet estimated_duration=0, duration=6.89029693604e-05
executed snippet estimated_duration=0.0, duration=0.00183391571045
script duration name:co2 seconds:0.0
loading script "jan_unknown120_60.py"
loading script "jan_pump_ms.py"
loading script "jan_co2.py"
loading script "jan_pump_extraction_line.py"
testing...
no interpolation path defined
calculate duration
testing...
no interpolation path defined
executed snippet estimated_duration=4.0, duration=0.000146150588989
executed snippet estimated_duration=4.0, duration=0.00112390518188
Script duration 214.0
Run total estimated duration= 215.000
run duration: 0:03:35
doing event level: 2
19:28:29 -- Setting default integration. t=1.048576
setting integration time = 1.048576
SetIntegrationTime 1.048576 ===>> OK
----------------- start -----------------
**************** Experiment Type: Ar/Ar, Ar/Ar
create new session 5024020528
close session 5024020528
$$$$$ Clearing conditionals
adding conditionals 
Add queue conditionals
add default conditionals
adding default conditionals from /Users/jan/PychronDev/setupfiles/spectrometer/default_conditionals.yaml
Start automated run 65267-10N
loading script "jan_unknown120_60.py"
loading script "jan_pump_ms.py"
loading script "jan_co2.py"
loading script "jan_pump_extraction_line.py"
%%%%%%%%%%%%%%%%%% setting automated run 65267-10N
No value "sensitivity_multiplier" in metadata
$$$$$$$$$$$$$$$ auto_save_detector_ic=False
============================= Pre Extraction Check =============================
loading queue conditionals pre_run_terminations
loading system conditionals pre_run_terminations
loading conditionals from /Users/jan/PychronDev/setupfiles/spectrometer/default_conditionals.yaml
19:28:30 -- ******* Pre Extraction Check *******
Get a measurement from the spectrometer
GetData ===>> H2,-0.161854489783677,H1,-0.00620525691028535,AX,-0.0427970644291059,L1,-0.0379086970364421,L2,-0...
Pre Extraction Termination data. keys=H2,H1,AX,L1,L2,CDD, signals=-0.16185,-0.00621,-0.04280,-0.03791,-0.03629,0.00342
19:28:30 -- testing system defined conditionals
Checking default pre extraction terminations n=2
testing CDD
evaluate ot="CDD.inactive" t="CDD", ctx="{'CDD': False}"
GetDeflection CDD ===>> 50
testing CDD==2000
evaluate ot="CDD.deflection==2000" t="CDD==2000", ctx="{'CDD': 50.0}"
19:28:30 -- ******* Pre Extraction Check Passed *******
=================================================================================
19:28:30 -- stopping status monitor
stop 5036682704
Status monitor stopped
Status monitor finished
19:28:31 -- starting status monitor
start 5036682704
StatusMonitor period=1. Frequencies(state=2, checksum=3, lock=5, owner=5)
start extraction
do extraction
Analysis started at 19:28:33.073371
Extraction Started jan_co2.py
19:28:33 -- ******* Extraction Started jan_co2.py *******
state changed from not run to extraction
DO EXTRACTION <pychron.extraction_line.pyscript_runner.RemotePyScriptRunner object at 0x12cc73a70>
testing...
no interpolation path defined
calculate duration
testing...
no interpolation path defined
executed snippet estimated_duration=0, duration=6.41345977783e-05
calculate duration
testing...
no interpolation path defined
executed snippet estimated_duration=0, duration=0.000150203704834
executed snippet estimated_duration=100.0, duration=0.00376009941101
Jan CO2 laser analysis
doing GOSUB
testing...
no interpolation path defined
executed snippet estimated_duration=0, duration=5.3882598877e-05
Waiting for CO2 access
wait ('FelixCO2Flag', 0) {}
waiting for FelixCO2Flag = 0
Read FelixCO2Flag ===>> 0
finished waiting
CO2 free
wait ('CO2PumpTimeFlag', 0) {}
waiting for CO2PumpTimeFlag = 0
Read CO2PumpTimeFlag ===>> 0
finished waiting
acquire ('JanCO2Flag',) {'clear': True}
acquire JanCO2Flag
Set JanCO2Flag 1 ===>> OK
JanCO2Flag acquired
set extraction state False (0.75, 'red', 1.5)
CO2 acquired
executed snippet estimated_duration=0, duration=0.0292239189148
WaitForCO2Access.py completed successfully
gosub finished
doing GOSUB
testing...
no interpolation path defined
executed snippet estimated_duration=0, duration=0.000466108322144
Prepare for CO2 analysis
close () {'description': 'Jan Inlet'}
closing name=--- desc=Jan Inlet
checking ownership. requestor=129.138.12.150
check software interlocks R
interlocks []
actuate state mode=None-script, software_lock=False
doing actuation None-script close_channel False
Close R ===>> OK
GetIndicatorState R ===>> False
change switch state (True, True)
update switch state R False args=() kw={} ncanvase=4
19:28:33 -- CLOSE  VALVE-R (Jan Inlet)
---------------------------------------- close None (Jan Inlet) result=[(True, True)]
action=close, ok=True, locked=[False]
open () {'description': 'Jan Ion Pump'}
opening name=--- desc=Jan Ion Pump
checking ownership. requestor=129.138.12.150
check software interlocks O
interlocks []
actuate state mode=None-script, software_lock=False
doing actuation None-script open_channel False
Open O ===>> OK
GetIndicatorState O ===>> OK
change switch state (True, True)
update switch state O True args=() kw={} ncanvase=4
19:28:33 -- OPEN   VALVE-O (Jan Ion Pump)
---------------------------------------- open None (Jan Ion Pump) result=[(True, True)], time=0.09 sec
action=open, ok=True, locked=[False]
close () {'description': 'Microbone to Minibone'}
closing name=--- desc=Microbone to Minibone
checking ownership. requestor=129.138.12.150
check software interlocks L
interlocks []
actuate state mode=None-script, software_lock=False
doing actuation None-script close_channel False
Close L ===>> OK
GetIndicatorState L ===>> False
change switch state (True, True)
update switch state L False args=() kw={} ncanvase=4
19:28:34 -- CLOSE  VALVE-L (Microbone to Minibone)
---------------------------------------- close None (Microbone to Minibone) result=[(True, True)]
action=close, ok=True, locked=[False]
open () {'description': 'Microbone to Turbo'}
opening name=--- desc=Microbone to Turbo
checking ownership. requestor=129.138.12.150
check software interlocks U
interlocks []
actuate state mode=None-script, software_lock=False
doing actuation None-script open_channel False
Open U ===>> OK
GetIndicatorState U ===>> OK
change switch state (True, True)
update switch state U True args=() kw={} ncanvase=4
19:28:35 -- OPEN   VALVE-U (Microbone to Turbo)
---------------------------------------- open None (Microbone to Turbo) result=[(True, True)], time=0.13 sec
action=open, ok=True, locked=[False]
open () {'description': 'Microbone to Inlet Pipette'}
opening name=--- desc=Microbone to Inlet Pipette
checking ownership. requestor=129.138.12.150
check software interlocks S
interlocks []
actuate state mode=None-script, software_lock=False
doing actuation None-script open_channel False
Open S ===>> OK
GetIndicatorState S ===>> OK
change switch state (True, True)
update switch state S True args=() kw={} ncanvase=4
19:28:35 -- OPEN   VALVE-S (Microbone to Inlet Pipette)
---------------------------------------- open None (Microbone to Inlet Pipette) result=[(True, True)], time=0.41 sec
action=open, ok=True, locked=[False]
open () {'description': 'Microbone to Getter D-50'}
opening name=--- desc=Microbone to Getter D-50
checking ownership. requestor=129.138.12.150
check software interlocks K
interlocks []
actuate state mode=None-script, software_lock=False
doing actuation None-script open_channel False
Open K ===>> OK
GetIndicatorState K ===>> OK
change switch state (True, True)
update switch state K True args=() kw={} ncanvase=4
19:28:36 -- OPEN   VALVE-K (Microbone to Getter D-50)
---------------------------------------- open None (Microbone to Getter D-50) result=[(True, True)], time=0.40 sec
action=open, ok=True, locked=[False]
open () {'description': 'Microbone to Getter NP-10'}
opening name=--- desc=Microbone to Getter NP-10
checking ownership. requestor=129.138.12.150
check software interlocks M
interlocks []
actuate state mode=None-script, software_lock=False
doing actuation None-script open_channel False
Open M ===>> OK
GetIndicatorState M ===>> OK
change switch state (True, True)
update switch state M True args=() kw={} ncanvase=4
19:28:36 -- OPEN   VALVE-M (Microbone to Getter NP-10)
---------------------------------------- open None (Microbone to Getter NP-10) result=[(True, True)], time=0.14 sec
action=open, ok=True, locked=[False]
close () {'description': 'CO2 Laser to Felix'}
closing name=--- desc=CO2 Laser to Felix
checking ownership. requestor=129.138.12.150
check software interlocks F
interlocks []
actuate state mode=None-script, software_lock=True
VALVE-F(CO2 Laser to Felix) software locked
change switch state (True, False)
---------------------------------------- close None (CO2 Laser to Felix) result=[(True, False)]
action=close, ok=True, locked=[True]
open () {'description': 'CO2 Laser to Jan'}
opening name=--- desc=CO2 Laser to Jan
checking ownership. requestor=129.138.12.150
check software interlocks A
interlocks []
actuate state mode=None-script, software_lock=False
doing actuation None-script open_channel False
Open A ===>> OK
GetIndicatorState A ===>> OK
change switch state (True, True)
update switch state A True args=() kw={} ncanvase=4
19:28:37 -- OPEN   VALVE-A (CO2 Laser to Jan)
---------------------------------------- open None (CO2 Laser to Jan) result=[(True, True)], time=0.12 sec
action=open, ok=True, locked=[False]
open () {'description': 'Microbone to CO2 Laser'}
opening name=--- desc=Microbone to CO2 Laser
checking ownership. requestor=129.138.12.150
check software interlocks T
interlocks []
actuate state mode=None-script, software_lock=False
doing actuation None-script open_channel False
Open T ===>> OK
GetIndicatorState T ===>> OK
change switch state (True, True)
update switch state T True args=() kw={} ncanvase=4
19:28:37 -- OPEN   VALVE-T (Microbone to CO2 Laser)
---------------------------------------- open None (Microbone to CO2 Laser) result=[(True, True)], time=0.41 sec
action=open, ok=True, locked=[False]
executed snippet estimated_duration=0, duration=4.95736503601
PrepareForCO2Analysis.py completed successfully
gosub finished
set_motor ('beam', '1.5') {}
setting motor "beam" to 1.5
set motor beam to 1.5
SetMotor beam,1.5 ===>> OK
GetMotorMoving beam ===>> False
GetMotorMoving beam ===>> False
Block completed
move_to_position ('49',) {'autocenter': True}
FusionsCO2 move to position 49
sending GoToHole 49,True
GoToHole 49,True ===>> OK
GetDriveMoving ===>> False
GetDriveMoving ===>> False
Block completed
GetAutoCorrecting ===>> False
GetAutoCorrecting ===>> False
Block completed
update position
GetPosition ===>> 5.98170,7.97560,1.00000
got position (5.9817, 7.9756, 1.0)
move to position succeeded
sleep (5,) {}
SLEEP 5.0
block started
WaitControl setup for 5.0  
Join finished
block finished. duration 5.0168299675
close () {'description': 'Microbone to Turbo'}
closing name=--- desc=Microbone to Turbo
checking ownership. requestor=129.138.12.150
check software interlocks U
interlocks []
actuate state mode=None-script, software_lock=False
doing actuation None-script close_channel True
Close U ===>> OK
GetIndicatorState U ===>> False
change switch state (True, True)
update switch state U False args=() kw={} ncanvase=4
19:28:46 -- CLOSE  VALVE-U (Microbone to Turbo)
---------------------------------------- close None (Microbone to Turbo) result=[(True, True)]
action=close, ok=True, locked=[False]
enable laser
enable () {}
set extraction state FusionsCO2 Enabled (False, 'red', 1.5)
enabling laser
Enable ===>> OK
begin interval
BEGIN INTERVAL Interval 1 waiting for 30.0
block started
set extract to 0.725
WaitControl setup for 30.0  
extract (0.725,) {}
GetPosition ===>> 5.98170,7.97560,1.00000
set extraction state FusionsCO2 ON! 0.725(watts) (0.75, 'red', 1.5)
extract sample to 0.725 (watts)
set laser output
SetLaserOutput 0.725,watts ===>> OK
COMPLETE INTERVAL waiting for Interval 1 to complete
Join finished
block finished. duration 30.0672991276
Interval 1 finished
end_extract () {}
ending extraction. set laser power to 0
set laser power 0
SetLaserPower 0 ===>> OK
disable () {}
%%%%%%%%%%%%%%%%%%%%%%%%%%%%%%%%%%% disable
set extraction state False (0.75, 'red', 1.5)
disabling laser
Disable ===>> OK
sleep (30.0,) {}
SLEEP 30.0
block started
WaitControl setup for 30.0  
Join finished
block finished. duration 30.0524721146
executed snippet estimated_duration=195.0, duration=74.1901628971
jan_co2.py completed successfully
GetAchievedOutput ===>> No Response
Requested Output= 0.000
Achieved Output=  0.000
GetResponseBlob ===>> No Response
GetOutputBlob ===>> No Response
persistence save...
persistence save - db
AutomatedRunPersister post_extraction_save deprecated
persistence save - dvc
no extraction position for 49
create new session 4995223376
close session 4995223376
Extraction Finished
19:29:47 -- ******* Extraction Finished *******
no overlap. not waiting for min ms pumptime
19:29:47 -- Sending spectrometer configuration
======== Sending configuration ========
SetDeflection CDD,50.0 ===>> OK
SetDeflection H2,0.0 ===>> OK
SetDeflection H1,0.0 ===>> OK
SetDeflection L2,825.0 ===>> OK
SetDeflection L1,400.0 ===>> OK
SetDeflection AX,190.0 ===>> OK
SetZFocus 74.64 ===>> OK
SetZSymmetry -50.72 ===>> OK
SetExtractionLens 26.13 ===>> OK
SetIonRepeller -3.81 ===>> OK
SetElectronEnergy 75.08 ===>> OK
SetYSymmetry -2.81 ===>> OK
SetIonCounterVoltage 1590.0 ===>> OK
send trap current 200.0
GetParameter Trap Current Readback ===>> 198.370811206739
SetParameter Trap Current Set,200.0 ===>> OK
updating mftable name mftable
Using mftable located at /Users/jan/PychronDev/setupfiles/spectrometer/mftables/mftable.csv
============ MFtable ===========
Isotope  H2     H1     AX     L1     L2     CDD    
Ar40     5.8261 5.8796 5.9928 6.1660 6.2312 6.3943
Ar39     5.7254 5.7719 5.8852 6.0521 6.1163 6.2808
Ar36     5.4029 5.4409 5.5486 5.7110 5.7713 5.9319
================================
get initial guess parabolic
get initial guess parabolic
get initial guess parabolic
get initial guess parabolic
get initial guess parabolic
get initial guess parabolic
======== Configuration Finished ========
GetYSymmetry ===>> -2.81
GetZSymmetry ===>> -50.72
GetParameter Trap Current Readback ===>> 198.147042666178
GetHighVoltage ===>> 4500
start measurement
do measurement
L#=65267 analysis type=unknown
Measurement Started jan_unknown120_60.py
19:29:47 -- ******* Measurement Started jan_unknown120_60.py *******
state changed from extraction to measurement
setting spec, defl, and gains
GetExtractionLens ===>> 26.13
GetYSymmetry ===>> -2.81
GetZSymmetry ===>> -50.72
GetZFocus ===>> 74.64
GetDeflection H2 ===>> 0
GetDeflection H1 ===>> 0
GetDeflection AX ===>> 190
GetDeflection L1 ===>> 400
GetDeflection L2 ===>> 825
GetDeflection CDD ===>> 50
GetGain H2 ===>> 0.0113
GetGain H1 ===>> 0.1
GetGain AX ===>> 0.097049
GetGain L1 ===>> 0.010355
GetGain L2 ===>> 0.095649
GetGain CDD ===>> 0
pre measurement save
New frame /Users/jan/PychronDev/data/isotopes/5a/64a385-d461-4880-bf6a-70d0b858272b.h5
flush and close file /Users/jan/PychronDev/data/isotopes/5a/64a385-d461-4880-bf6a-70d0b858272b.h5
testing...
no interpolation path defined
executed snippet estimated_duration=226.132928, duration=0.000155925750732
unknown measurement script
activate_detectors ('H2', 'H1', 'AX', 'L1', 'L2', 'CDD') {}
activate detectors
*************** Set Analysis View Ar/Ar
create graphs
clearing graphs
clear isotope group
setting isotope det=H2, iso=PM41
setting isotope det=H1, iso=Ar40
setting isotope det=AX, iso=Ar39
setting isotope det=L1, iso=Ar38
setting isotope det=L2, iso=Ar37
setting isotope det=CDD, iso=Ar36
setting previous blanks
 - setting Ar40 blank 0.359+/-0.007
 - setting Ar36 blank 0.00467+/-0.00017
 - setting Ar37 blank 0.069+/-0.005
 - setting Ar38 blank 0.0105+/-0.0022
 - setting PM41 blank 0.03+/-0.07
 - setting Ar39 blank 0.039+/-0.009
load analysis view
position_magnet ('Ar40',) {'detector': 'H1'}
detector Detector(H1)
POSITION Ar40 H1
setting detector H2 to PM41 (40.9624)
setting detector H1 to Ar40 (39.9624)
setting detector AX to Ar39 (38.9624)
setting detector L1 to Ar38 (37.9624)
setting detector L2 to Ar37 (36.9624)
setting detector CDD to Ar36 (35.9624)
Mapping mass to dac mass func: "parabolic"
H1 map mass coeffs = [-0.00063987  0.15840543  0.57121999]
H1 map mass to dac 39.9624 >> 5.87961
GetDeflection H1 ===>> 0
GetHighVoltage ===>> 4500
positioning Ar40 (5.87961) on H1
setting magnet DAC
current  : 5.879610
requested: 5.879610
Delta Dac: 0.000000
Checking detector protection. dv=0.00000
Checking detector "CDD". Protection Threshold: 0.1 (V)
SetMagnetDAC 5.87961 ===>> OK
Magnet settling time: 0.500
update labels <pychron.experiment.plot_panel.PlotPanel object at 0x15e0bdd70>
update labels "<pychron.graph.stacked_regression_graph.StackedRegressionGraph object at 0x14f39cb90>"
setting label 0 H2 PM41
setting label 1 H1 Ar40
setting label 2 AX Ar39
setting label 3 L1 Ar38
setting label 4 L2 Ar37
setting label 5 CDD Ar36
update labels "<pychron.graph.stacked_graph.StackedGraph object at 0x14f39c890>"
setting label 0 H2 PM41
setting label 1 H1 Ar40
setting label 2 AX Ar39
equilibrate () {'delay': 3, 'inlet': 'R', 'outlet': 'O', 'eqtime': 12.0}
setting label 3 L1 Ar38
Equilibration Started
setting label 4 L2 Ar37
setting label 5 CDD Ar36
19:29:48 -- ******* Equilibration Started *******
checking ownership. requestor=129.138.12.150
check software interlocks O
interlocks []
actuate state mode=None-script, software_lock=False
doing actuation None-script close_channel True
Close O ===>> OK
set states for children of O. state=False
handle state [('O', False)]
update switch state O False args=() kw={'refresh': False} ncanvase=4
refresh_canvas_needed fired
GetIndicatorState O ===>> False
change switch state (True, True)
update switch state O False args=() kw={} ncanvase=4
19:29:49 -- CLOSE  VALVE-O (Jan Ion Pump)
waiting 3s before opening inlet value ('R',)
checking ownership. requestor=129.138.12.150
check software interlocks R
interlocks []
actuate state mode=None-script, software_lock=False
doing actuation None-script open_channel True
Open R ===>> OK
GetIndicatorState R ===>> OK
change switch state (True, True)
update switch state R True args=() kw={} ncanvase=4
19:29:52 -- OPEN   VALVE-R (Jan Inlet)
set_time_zero () {}
equilibrating for 12.0sec
sniff (12.0,) {}
py_sniff
build tables- sniff [Detector(H2), Detector(H1), Detector(AX), Detector(L1), Detector(L2), Detector(CDD)]
add group /sniff/PM41 (Group) '' table H2
add group /sniff/Ar40 (Group) '' table H1
add group /sniff/Ar39 (Group) '' table AX
add group /sniff/Ar38 (Group) '' table L1
add group /sniff/Ar37 (Group) '' table L2
add group /sniff/Ar36 (Group) '' table CDD
flush and close file /Users/jan/PychronDev/data/isotopes/5a/64a385-d461-4880-bf6a-70d0b858272b.h5
measuring sniff. ncounts=12.0
"sniff" increment series count="1" fit count="0" regressing="False"
starting measurement
check iteration duration=5.00679016113e-05
GetData ===>> H2,-0.112916751916767,H1,0.00728604365740644,AX,-0.0122376491483807,L1,0.0122292039582445,L2,0.05...
check iteration duration=3.09944152832e-05
GetData ===>> H2,0.372438121277916,H1,63.6852733034059,AX,1.67876155506226,L1,0.0541343381336836,L2,0.239661498...
check iteration duration=4.29153442383e-05
GetData ===>> H2,1.11230418500354,H1,255.67641573603,AX,4.02748597387245,L1,0.241079799331128,L2,0.222437307901...
check iteration duration=3.2901763916e-05
GetData ===>> H2,0.526360991503534,H1,332.063878971947,AX,4.37846154947145,L1,0.228678451662148,L2,0.1106638304...
check iteration duration=1.8835067749e-05
GetData ===>> H2,0.143627033522264,H1,357.18514761893,AX,4.35389492966488,L1,0.147717347251188,L2,0.05017417269...
check iteration duration=1.90734863281e-05
GetData ===>> H2,0.0639410477161235,H1,366.885537388151,AX,4.39158915493315,L1,0.12213192205322,L2,0.0707371094...
check iteration duration=1.69277191162e-05
GetData ===>> H2,-0.0837790120854594,H1,370.881162586342,AX,4.29259973752691,L1,0.102607200047383,L2,0.12065071...
check iteration duration=1.78813934326e-05
GetData ===>> H2,-0.15161110090166,H1,372.304503383453,AX,4.29076165074874,L1,0.0758272048830714,L2,0.037870457...
check iteration duration=3.09944152832e-05
GetData ===>> H2,-0.128369501833728,H1,372.909142127849,AX,4.34148350454766,L1,0.0511667712014154,L2,0.01205946...
check iteration duration=3.00407409668e-05
GetData ===>> H2,-0.105552013714405,H1,373.478152109818,AX,4.32721287172072,L1,0.0512004476515312,L2,0.05032241...
check iteration duration=3.09944152832e-05
GetData ===>> H2,-0.0872473128524547,H1,373.890449285379,AX,4.34653323858718,L1,0.054239006802483,L2,-0.0719604...
check iteration duration=2.98023223877e-05
GetData ===>> H2,-0.0964997495505617,H1,373.557221348502,AX,4.3454189559911,L1,0.0520460039132175,L2,0.00362451...
Equilibration Finished
19:30:04 -- ******* Equilibration Finished *******
checking ownership. requestor=129.138.12.150
check software interlocks R
interlocks []
actuate state mode=None-script, software_lock=False
doing actuation None-script close_channel True
Close R ===>> OK
GetIndicatorState R ===>> False
change switch state (True, True)
update switch state R False args=() kw={} ncanvase=4
19:30:05 -- CLOSE  VALVE-R (Jan Inlet)
Post Equilibration Started jan_pump_extraction_line.py
19:30:05 -- ******* Post Equilibration Started jan_pump_extraction_line.py *******
testing...
no interpolation path defined
calculate duration
testing...
no interpolation path defined
executed snippet estimated_duration=4.0, duration=0.000123023986816
executed snippet estimated_duration=4.0, duration=0.00114488601685
Pump after analysis
doing GOSUB
testing...
no interpolation path defined
executed snippet estimated_duration=4.0, duration=0.000162124633789
Pump Microbone
close () {'description': 'Jan Inlet'}
closing name=--- desc=Jan Inlet
checking ownership. requestor=129.138.12.150
check software interlocks R
interlocks []
actuate state mode=None-script, software_lock=False
doing actuation None-script close_channel False
Close R ===>> OK
GetIndicatorState R ===>> False
change switch state (True, True)
update switch state R False args=() kw={} ncanvase=4
19:30:05 -- CLOSE  VALVE-R (Jan Inlet)
---------------------------------------- close None (Jan Inlet) result=[(True, True)]
check iteration duration=1.81198120117e-05
waiting for write to finish
measurement finished
estimated time: 12.583 actual time: :12.678
flush and close file /Users/jan/PychronDev/data/isotopes/5a/64a385-d461-4880-bf6a-70d0b858272b.h5
set_fits () {}
using default fits file=/Users/jan/PychronDev/scripts/measurement/fits/nominal_linear.yaml
set "Ar40" to "('Linear', 'SEM')"
No fit for "PM41". defaulting to linear. check the measurement script "jan_unknown120_60.py"
set "PM41" to "linear"
set "Ar36" to "('Linear', 'SEM')"
set "Ar37" to "('linear', 'SEM')"
set "Ar38" to "('linear', 'SEM')"
set "Ar39" to "('Linear', 'SEM')"
set_baseline_fits () {}
using default fits file=/Users/jan/PychronDev/scripts/measurement/fits/nominal_linear.yaml
set "H1" to "('average', 'SEM')"
set "H2" to "('average', 'SEM')"
set "CDD" to "('average', 'SEM')"
set "L2" to "('average', 'SEM')"
set "L1" to "('average', 'SEM')"
set "AX" to "('average', 'SEM')"
multicollect () {'integration_time': 1, 'ncounts': 120}
build tables- signal [Detector(H2), Detector(H1), Detector(AX), Detector(L1), Detector(L2), Detector(CDD)]
add group /signal/PM41 (Group) '' table H2
add group /signal/Ar40 (Group) '' table H1
add group /signal/Ar39 (Group) '' table AX
add group /signal/Ar38 (Group) '' table L1
add group /signal/Ar37 (Group) '' table L2
add group /signal/Ar36 (Group) '' table CDD
flush and close file /Users/jan/PychronDev/data/isotopes/5a/64a385-d461-4880-bf6a-70d0b858272b.h5
measuring signal. ncounts=120
action=close, ok=True, locked=[False]
is_closed ('F',) {}
is F () closed?
is closed True
open () {'description': 'CO2 Laser to Jan'}
opening name=--- desc=CO2 Laser to Jan
checking ownership. requestor=129.138.12.150
check software interlocks A
interlocks []
actuate state mode=None-script, software_lock=False
doing actuation None-script open_channel False
"signal" increment series count="2" fit count="1" regressing="True"
Open A ===>> OK
GetIndicatorState A ===>> OK
change switch state (True, True)
update switch state A True args=() kw={} ncanvase=4
19:30:05 -- OPEN   VALVE-A (CO2 Laser to Jan)
---------------------------------------- open None (CO2 Laser to Jan) result=[(True, True)], time=0.13 sec
action=open, ok=True, locked=[False]
sleep (1,) {}
SLEEP 1.0
starting measurement
check iteration duration=5.41210174561e-05
GetData ===>> H2,-0.0440268360473374,H1,373.670784906331,AX,4.34949681684986,L1,0.0553001918079017,L2,0.1563315...
close () {'description': 'CO2 Laser to Roughing'}
closing name=--- desc=CO2 Laser to Roughing
checking ownership. requestor=129.138.12.150
check software interlocks G
interlocks []
actuate state mode=None-script, software_lock=True
VALVE-G(CO2 Laser to Roughing) software locked
change switch state (True, False)
---------------------------------------- close None (CO2 Laser to Roughing) result=[(True, False)]
action=close, ok=True, locked=[True]
open () {'description': 'Microbone to Turbo'}
opening name=--- desc=Microbone to Turbo
checking ownership. requestor=129.138.12.150
check software interlocks U
interlocks []
actuate state mode=None-script, software_lock=False
doing actuation None-script open_channel True
Open U ===>> OK
GetIndicatorState U ===>> OK
change switch state (True, True)
update switch state U True args=() kw={} ncanvase=4
19:30:07 -- OPEN   VALVE-U (Microbone to Turbo)
---------------------------------------- open None (Microbone to Turbo) result=[(True, True)], time=0.15 sec
check iteration duration=3.69548797607e-05
GetData ===>> H2,0.131041487463178,H1,373.811247450039,AX,4.5537757918575,L1,0.0514734715905963,L2,0.1132174564...
action=open, ok=True, locked=[False]
open () {'description': 'Microbone to Getter NP-10'}
opening name=--- desc=Microbone to Getter NP-10
checking ownership. requestor=129.138.12.150
check software interlocks M
interlocks []
actuate state mode=None-script, software_lock=False
doing actuation None-script open_channel False
Open M ===>> OK
GetIndicatorState M ===>> OK
change switch state (True, True)
update switch state M True args=() kw={} ncanvase=4
19:30:07 -- OPEN   VALVE-M (Microbone to Getter NP-10)
---------------------------------------- open None (Microbone to Getter NP-10) result=[(True, True)], time=0.14 sec
action=open, ok=True, locked=[False]
open () {'description': 'Microbone to Getter D-50'}
opening name=--- desc=Microbone to Getter D-50
checking ownership. requestor=129.138.12.150
check software interlocks K
interlocks []
actuate state mode=None-script, software_lock=False
doing actuation None-script open_channel False
Open K ===>> OK
check iteration duration=5.00679016113e-05
GetData ===>> H2,-0.109270982387262,H1,373.76219774845,AX,4.31034913938701,L1,0.0344153963745851,L2,0.023789834...
GetIndicatorState K ===>> OK
change switch state (True, True)
update switch state K True args=() kw={} ncanvase=4
19:30:08 -- OPEN   VALVE-K (Microbone to Getter D-50)
---------------------------------------- open None (Microbone to Getter D-50) result=[(True, True)], time=0.50 sec
action=open, ok=True, locked=[False]
open () {'description': 'Microbone to CO2 Laser'}
opening name=--- desc=Microbone to CO2 Laser
checking ownership. requestor=129.138.12.150
check software interlocks T
interlocks []
actuate state mode=None-script, software_lock=False
doing actuation None-script open_channel False
Open T ===>> OK
GetIndicatorState T ===>> OK
change switch state (True, True)
update switch state T True args=() kw={} ncanvase=4
19:30:09 -- OPEN   VALVE-T (Microbone to CO2 Laser)
---------------------------------------- open None (Microbone to CO2 Laser) result=[(True, True)], time=0.43 sec
action=open, ok=True, locked=[False]
open () {'description': 'Microbone to Inlet Pipette'}
opening name=--- desc=Microbone to Inlet Pipette
checking ownership. requestor=129.138.12.150
check software interlocks S
interlocks []
actuate state mode=None-script, software_lock=False
doing actuation None-script open_channel False
check iteration duration=4.79221343994e-05
GetData ===>> H2,-0.0877953602113129,H1,373.864787550137,AX,4.27724386228634,L1,0.0652091778057805,L2,0.0267882...
Open S ===>> OK
GetIndicatorState S ===>> OK
change switch state (True, True)
update switch state S True args=() kw={} ncanvase=4
19:30:09 -- OPEN   VALVE-S (Microbone to Inlet Pipette)
---------------------------------------- open None (Microbone to Inlet Pipette) result=[(True, True)], time=0.42 sec
action=open, ok=True, locked=[False]
sleep (1,) {}
SLEEP 1.0
testing H1>-5.0
evaluate ot="H1.bs>-5.0" t="H1>-5.0", ctx="{'H1': None}"
check iteration duration=0.000751972198486
GetData ===>> H2,-0.165351261584069,H1,373.648451634846,AX,4.36869108635713,L1,0.0706239406931482,L2,0.02363022...
set_resource () {'name': 'CO2PumpTimeFlag', 'value': 30}
Set CO2PumpTimeFlag 30 ===>> OK
release ('JanCO2Flag',) {}
release JanCO2Flag
Set JanCO2Flag 0 ===>> OK
executed snippet estimated_duration=6.0, duration=6.01999187469
PumpMicrobone.py completed successfully
gosub finished
get_resource_value () {'name': 'JanMiniboneFlag'}
Read JanMiniboneFlag ===>> 0
Get Resource Value JanMiniboneFlag=0.0
get resource value 0.0
get_resource_value () {'name': 'JanMiniboneFlag'}
Read JanMiniboneFlag ===>> 0
Get Resource Value JanMiniboneFlag=0.0
executed snippet estimated_duration=4.0, duration=6.03004908562
jan_pump_extraction_line.py completed successfully
Post Equilibration Finished
19:30:11 -- ******* Post Equilibration Finished *******
check iteration duration=5.19752502441e-05
GetData ===>> H2,-0.236532958119027,H1,373.383493504609,AX,4.35385936463071,L1,0.0726418293097753,L2,0.12476662...
check iteration duration=8.20159912109e-05
GetData ===>> H2,-0.221589284729952,H1,373.02254796922,AX,4.2633603970611,L1,0.0545073004141521,L2,0.0550322382...
check iteration duration=8.01086425781e-05
GetData ===>> H2,-0.134401256496574,H1,372.734267641504,AX,4.26581446384819,L1,0.036409559594487,L2,0.080584053...
check iteration duration=7.60555267334e-05
GetData ===>> H2,-0.152374027162702,H1,372.861838533272,AX,4.35550722455948,L1,0.0224897932706243,L2,0.15864690...
testing H1>-5.0
evaluate ot="H1.bs>-5.0" t="H1>-5.0", ctx="{'H1': None}"
check iteration duration=0.00112080574036
GetData ===>> H2,-0.0974761219664655,H1,372.887897237044,AX,4.32159526042043,L1,0.040923425534703,L2,-0.0845331...
check iteration duration=8.01086425781e-05
GetData ===>> H2,-0.112671751731855,H1,372.96065819808,AX,4.28531874133963,L1,0.0437850164823785,L2,0.035282203...
check iteration duration=5.60283660889e-05
GetData ===>> H2,-0.207183298677514,H1,372.837489619059,AX,4.33652885026004,L1,0.0387924945024681,L2,0.03429024...
check iteration duration=9.20295715332e-05
GetData ===>> H2,-0.126597237034972,H1,372.501183967442,AX,4.37039847676822,L1,0.0485583903958163,L2,0.12179084...
check iteration duration=5.31673431396e-05
GetData ===>> H2,-0.154446951485483,H1,372.468488197741,AX,4.24752304544355,L1,0.0393444249861445,L2,-0.0154653...
testing H1>-5.0
evaluate ot="H1.bs>-5.0" t="H1>-5.0", ctx="{'H1': None}"
check iteration duration=0.000705003738403
GetData ===>> H2,-0.193723164660731,H1,372.276800041572,AX,4.35158322888478,L1,0.0128774629762801,L2,0.06592386...
check iteration duration=7.70092010498e-05
GetData ===>> H2,-0.0922886057676416,H1,371.852449105507,AX,4.25983945046332,L1,0.0292280916561833,L2,-0.018120...
check iteration duration=5.10215759277e-05
GetData ===>> H2,0.0146809823752522,H1,371.783103230052,AX,4.34928343626642,L1,0.0230293547323361,L2,0.02146416...
check iteration duration=5.10215759277e-05
GetData ===>> H2,-0.158248579717022,H1,371.915552800395,AX,4.34322598945086,L1,0.0511222703503398,L2,-0.0172658...
check iteration duration=5.31673431396e-05
GetData ===>> H2,-0.213047354565057,H1,371.754638647596,AX,4.34666363417452,L1,0.0293109810395058,L2,0.09085274...
testing H1>-5.0
evaluate ot="H1.bs>-5.0" t="H1>-5.0", ctx="{'H1': None}"
check iteration duration=0.000647068023682
GetData ===>> H2,-0.253917605961946,H1,371.364964826978,AX,4.21521602992351,L1,-0.0129054442566991,L2,0.1023194...
check iteration duration=5.60283660889e-05
GetData ===>> H2,-0.244175352185528,H1,371.222032172052,AX,4.27660359155335,L1,0.0258242089973483,L2,0.10189765...
check iteration duration=3.60012054443e-05
GetData ===>> H2,-0.150020394069682,H1,371.599808080868,AX,4.30122141065888,L1,0.0343637144433647,L2,0.05522610...
check iteration duration=0.000104904174805
GetData ===>> H2,-0.171474087823542,H1,371.352804270341,AX,4.29424811519822,L1,0.041111045983872,L2,-0.02388647...
check iteration duration=3.88622283936e-05
GetData ===>> H2,-0.176528360292194,H1,371.116947778299,AX,4.27890384263767,L1,0.0363133883672532,L2,0.11532652...
testing H1>-5.0
evaluate ot="H1.bs>-5.0" t="H1>-5.0", ctx="{'H1': None}"
check iteration duration=0.00054407119751
19:30:31 -- collecting point 25
GetData ===>> H2,-0.212690452094658,H1,371.132677330526,AX,4.26085897100245,L1,0.0376286093580197,L2,0.02982087...
check iteration duration=8.08238983154e-05
GetData ===>> H2,-0.172469729504592,H1,370.895591236185,AX,4.12286448218477,L1,0.0420119132647488,L2,0.01183148...
check iteration duration=8.51154327393e-05
GetData ===>> H2,-0.101919520271532,H1,370.64664897592,AX,4.24542502260046,L1,0.0137850956699985,L2,0.053834804...
check iteration duration=3.69548797607e-05
GetData ===>> H2,-0.137342130172121,H1,370.270668699123,AX,4.14620472857097,L1,0.00911934117508496,L2,0.0381555...
check iteration duration=5.3882598877e-05
GetData ===>> H2,-0.143890440286863,H1,370.564595479771,AX,4.21816660208735,L1,0.0385496065580905,L2,0.01310818...
testing H1>-5.0
evaluate ot="H1.bs>-5.0" t="H1>-5.0", ctx="{'H1': None}"
check iteration duration=0.000900030136108
GetData ===>> H2,-0.110999924308445,H1,370.467622229764,AX,4.28393138068579,L1,0.0587034737086909,L2,-0.0381744...
check iteration duration=5.57899475098e-05
GetData ===>> H2,-0.163804174419993,H1,369.961406091443,AX,4.24278181388255,L1,0.0597157742243041,L2,-0.0079894...
check iteration duration=3.69548797607e-05
GetData ===>> H2,-0.132073707603562,H1,369.981520695807,AX,4.2715171426963,L1,0.0534871008098935,L2,0.012618020...
check iteration duration=4.19616699219e-05
GetData ===>> H2,-0.166045087212394,H1,369.944690304114,AX,4.18396193025777,L1,0.024227548808511,L2,0.044677785...
check iteration duration=6.38961791992e-05
GetData ===>> H2,-0.172804288635491,H1,369.685234425917,AX,4.15921915824742,L1,0.0311251077169085,L2,0.02733544...
testing H1>-5.0
evaluate ot="H1.bs>-5.0" t="H1>-5.0", ctx="{'H1': None}"
check iteration duration=0.00072193145752
GetData ===>> H2,-0.0538923095566983,H1,369.435740399525,AX,4.23660669865809,L1,0.0272966015554918,L2,0.0438909...
check iteration duration=5.3882598877e-05
GetData ===>> H2,-0.102073830124761,H1,369.260442905202,AX,4.29396350127545,L1,0.00853972375626074,L2,-0.123223...
check iteration duration=4.10079956055e-05
GetData ===>> H2,-0.255690832515286,H1,369.235669180475,AX,4.26434438758391,L1,0.0337892215043594,L2,0.07158116...
check iteration duration=9.70363616943e-05
GetData ===>> H2,-0.126954145564596,H1,369.068138225599,AX,4.3283862103223,L1,0.0616588088030052,L2,0.048805748...
check iteration duration=8.10623168945e-05
GetData ===>> H2,-0.0519397644354103,H1,368.845685808571,AX,4.32942918958356,L1,0.0550246579980324,L2,0.0289201...
testing H1>-5.0
evaluate ot="H1.bs>-5.0" t="H1>-5.0", ctx="{'H1': None}"
check iteration duration=0.000933885574341
GetData ===>> H2,-0.120979857317973,H1,368.931223166635,AX,4.29020430211307,L1,0.0381997139069663,L2,0.00769371...
check iteration duration=6.69956207275e-05
GetData ===>> H2,-0.121722419609126,H1,368.691770748345,AX,4.28874572365325,L1,-0.00459676066685002,L2,0.046411...
check iteration duration=5.48362731934e-05
GetData ===>> H2,-0.247331778504587,H1,368.3689017272,AX,4.25865397460387,L1,0.0207355168406034,L2,-0.075035417...
check iteration duration=5.10215759277e-05
GetData ===>> H2,-0.177012945518641,H1,368.672411994354,AX,4.26241198167317,L1,0.0329780162759601,L2,-0.0157388...
check iteration duration=7.20024108887e-05
GetData ===>> H2,-0.0988680862664473,H1,368.35107685691,AX,4.31453221612508,L1,0.014599153259285,L2,-0.02142516...
testing H1>-5.0
evaluate ot="H1.bs>-5.0" t="H1>-5.0", ctx="{'H1': None}"
check iteration duration=0.000653028488159
GetData ===>> H2,-0.233038762768677,H1,368.506380717049,AX,4.22998161748696,L1,0.00644113965292811,L2,0.0285781...
check iteration duration=6.41345977783e-05
GetData ===>> H2,-0.170139682805142,H1,368.044014562921,AX,4.27277391006368,L1,0.00176679364755234,L2,0.0994925...
check iteration duration=5.31673431396e-05
GetData ===>> H2,-0.105171766109501,H1,368.116148265912,AX,4.25733811294489,L1,0.0267453298968577,L2,0.02461067...
check iteration duration=8.79764556885e-05
GetData ===>> H2,-0.182777783663049,H1,367.874654906625,AX,4.25994614398365,L1,0.0378919145967798,L2,0.09628955...
check iteration duration=5.10215759277e-05
GetData ===>> H2,-0.117770997028357,H1,367.800805367159,AX,4.36610634272099,L1,0.0272737814335399,L2,-0.0359300...
testing H1>-5.0
evaluate ot="H1.bs>-5.0" t="H1>-5.0", ctx="{'H1': None}"
check iteration duration=0.000798940658569
19:30:57 -- collecting point 50
GetData ===>> H2,-0.127774722229533,H1,367.635471674189,AX,4.28952837285101,L1,0.0372270520426965,L2,-0.0008890...
check iteration duration=6.41345977783e-05
GetData ===>> H2,-0.0495009873698428,H1,367.556435921847,AX,4.1422616571559,L1,0.0245724916545887,L2,0.02551132...
check iteration duration=6.41345977783e-05
GetData ===>> H2,-0.0806470171867109,H1,367.269367993743,AX,4.30227693504455,L1,0.00544539505036717,L2,-0.00669...
check iteration duration=4.00543212891e-05
GetData ===>> H2,-0.217250963715996,H1,367.152859687857,AX,4.34514631427712,L1,0.0593642862090931,L2,0.01685859...
check iteration duration=7.79628753662e-05
GetData ===>> H2,-0.206993302526886,H1,367.131694229432,AX,4.30844426767529,L1,0.030529173162258,L2,0.101145334...
testing H1>-5.0
evaluate ot="H1.bs>-5.0" t="H1>-5.0", ctx="{'H1': None}"
check iteration duration=0.000653982162476
GetData ===>> H2,-0.0901316359385996,H1,367.110766998198,AX,4.25490796374951,L1,0.0245772993037689,L2,0.0404245...
check iteration duration=3.79085540771e-05
GetData ===>> H2,-0.0912318500819241,H1,366.950491900311,AX,4.32626472942292,L1,0.0476698428709825,L2,-0.084692...
check iteration duration=6.50882720947e-05
GetData ===>> H2,-0.263302797380833,H1,366.893782609919,AX,4.32391811608691,L1,0.0654329802562369,L2,0.08192883...
check iteration duration=4.91142272949e-05
GetData ===>> H2,-0.176494614030604,H1,366.685094043184,AX,4.34794389083351,L1,0.0518607693147854,L2,0.07118194...
check iteration duration=3.79085540771e-05
GetData ===>> H2,-0.137127167991715,H1,366.716949312729,AX,4.26240012653799,L1,0.0356305990151037,L2,0.03651361...
testing H1>-5.0
evaluate ot="H1.bs>-5.0" t="H1>-5.0", ctx="{'H1': None}"
check iteration duration=0.000629186630249
GetData ===>> H2,-0.136872993617255,H1,366.67898013266,AX,4.30086561844565,L1,0.021523701907886,L2,0.0202215517...
check iteration duration=9.29832458496e-05
GetData ===>> H2,-0.14955988464677,H1,366.322034871924,AX,4.21678017775798,L1,0.0501553273224883,L2,0.082760787...
check iteration duration=3.50475311279e-05
GetData ===>> H2,-0.155503537586786,H1,366.070916360782,AX,4.21512123387575,L1,0.0255612186026261,L2,0.13159645...
check iteration duration=5.81741333008e-05
GetData ===>> H2,-0.140883687816078,H1,366.077734171441,AX,4.22509901366896,L1,0.0340404079062805,L2,0.00518606...
check iteration duration=6.60419464111e-05
GetData ===>> H2,-0.133000186066426,H1,366.034231257527,AX,4.19807126461332,L1,0.0180266006151969,L2,-0.0411366...
testing H1>-5.0
evaluate ot="H1.bs>-5.0" t="H1>-5.0", ctx="{'H1': None}"
check iteration duration=0.000753879547119
GetData ===>> H2,-0.230571858553877,H1,365.934830759007,AX,4.25180220096157,L1,0.0113289133930979,L2,0.07320085...
check iteration duration=5.69820404053e-05
GetData ===>> H2,-0.214307870861554,H1,365.505274060877,AX,4.21286985429865,L1,0.000271242908388128,L2,0.020780...
check iteration duration=4.00543212891e-05
GetData ===>> H2,-0.158965801548806,H1,365.574166817331,AX,4.2771015795451,L1,0.0250196481187386,L2,0.090522214...
check iteration duration=6.60419464111e-05
GetData ===>> H2,-0.218597099240788,H1,365.581921293957,AX,4.32088419299589,L1,0.0701315696021884,L2,0.03602332...
check iteration duration=3.69548797607e-05
GetData ===>> H2,-0.168486637599695,H1,365.479346255098,AX,4.33983587682055,L1,0.0356738730249412,L2,-0.0598075...
testing H1>-5.0
evaluate ot="H1.bs>-5.0" t="H1>-5.0", ctx="{'H1': None}"
check iteration duration=0.000802040100098
GetData ===>> H2,-0.188361695447371,H1,364.908024401633,AX,4.29243371539051,L1,0.0245448477162596,L2,-0.0446797...
check iteration duration=8.29696655273e-05
GetData ===>> H2,-0.264176781336925,H1,364.859764057036,AX,4.22319107100322,L1,0.0435239634129865,L2,0.07577872...
check iteration duration=0.0001060962677
GetData ===>> H2,-0.239212893292558,H1,365.043226875656,AX,4.1832038027231,L1,0.0616756645176149,L2,-0.01113484...
check iteration duration=6.38961791992e-05
GetData ===>> H2,-0.208806894455302,H1,364.577946107633,AX,4.29769912380112,L1,0.0275860612684598,L2,0.07309819...
check iteration duration=4.19616699219e-05
GetData ===>> H2,-0.225192058820025,H1,364.607494759007,AX,4.30999364522274,L1,0.0433242683885119,L2,0.02308300...
testing H1>-5.0
evaluate ot="H1.bs>-5.0" t="H1>-5.0", ctx="{'H1': None}"
check iteration duration=0.000645875930786
19:31:24 -- collecting point 75
GetData ===>> H2,-0.0838941425183751,H1,364.88677266891,AX,4.29975081108349,L1,0.0252958334226563,L2,-0.0062001...
check iteration duration=7.58171081543e-05
GetData ===>> H2,-0.184018890996815,H1,364.486598401521,AX,4.18865297291685,L1,0.0233478176988235,L2,0.13285073...
check iteration duration=4.00543212891e-05
GetData ===>> H2,-0.269803616329603,H1,364.381653527336,AX,4.19378257337267,L1,0.0419144858218483,L2,0.00788749...
check iteration duration=6.5803527832e-05
GetData ===>> H2,-0.247181108132695,H1,363.940126743196,AX,4.2029051493946,L1,0.0304919284217283,L2,-0.00038751...
check iteration duration=5.19752502441e-05
GetData ===>> H2,-0.170070866959592,H1,363.91033906693,AX,4.28011327433613,L1,0.083912568991621,L2,-0.032819573...
testing H1>-5.0
evaluate ot="H1.bs>-5.0" t="H1>-5.0", ctx="{'H1': None}"
check iteration duration=0.000780820846558
GetData ===>> H2,-0.289917318156013,H1,363.987706136739,AX,4.24707261872967,L1,0.0761199003289902,L2,0.06864982...
check iteration duration=3.81469726562e-05
GetData ===>> H2,-0.255651848725217,H1,363.65172029775,AX,4.33552135504936,L1,0.0699413691007668,L2,0.118074093...
check iteration duration=6.50882720947e-05
GetData ===>> H2,-0.227533582772239,H1,363.505711912365,AX,4.28643338699269,L1,0.0150470330426397,L2,0.04638824...
check iteration duration=6.103515625e-05
GetData ===>> H2,-0.127573301161885,H1,363.172458341113,AX,4.11160806320102,L1,-0.000439245911520536,L2,-0.0744...
check iteration duration=0.000101089477539
GetData ===>> H2,-0.138050530162356,H1,363.247924713919,AX,4.24823424967112,L1,0.0281289707711519,L2,0.02652598...
testing H1>-5.0
evaluate ot="H1.bs>-5.0" t="H1>-5.0", ctx="{'H1': None}"
check iteration duration=0.000626087188721
GetData ===>> H2,-0.0970956039962878,H1,363.083227098995,AX,4.35062299973085,L1,0.030442669460021,L2,-0.0736801...
check iteration duration=3.88622283936e-05
GetData ===>> H2,-0.0697175669745167,H1,363.142006429136,AX,4.31258878182975,L1,0.024425859455672,L2,0.09993706...
check iteration duration=4.00543212891e-05
GetData ===>> H2,-0.0918618508745002,H1,363.145262981366,AX,4.23370298621803,L1,0.018006181394988,L2,0.00881078...
check iteration duration=5.00679016113e-05
GetData ===>> H2,-0.0470589727832958,H1,362.710176008945,AX,4.3265373194082,L1,0.0453508498240496,L2,0.06673366...
check iteration duration=5.10215759277e-05
GetData ===>> H2,-0.114086182733199,H1,362.622686417433,AX,4.29512567991909,L1,0.054573472580224,L2,-0.04911121...
testing H1>-5.0
evaluate ot="H1.bs>-5.0" t="H1>-5.0", ctx="{'H1': None}"
check iteration duration=0.000823020935059
GetData ===>> H2,-0.148614498775999,H1,362.648013810852,AX,4.20706390007407,L1,0.0321248189499079,L2,-0.0055049...
check iteration duration=6.60419464111e-05
GetData ===>> H2,-0.193370035629387,H1,362.382674026964,AX,4.17520827834533,L1,0.0488602017341658,L2,0.08644197...
check iteration duration=6.79492950439e-05
GetData ===>> H2,-0.143552642677923,H1,362.237687711671,AX,4.19392473696908,L1,0.0393985374429866,L2,0.10855486...
check iteration duration=5.29289245605e-05
GetData ===>> H2,-0.163077807579701,H1,362.112345058423,AX,4.18829758314914,L1,8.40420906888504E-06,L2,0.123843...
check iteration duration=5.91278076172e-05
GetData ===>> H2,-0.211800167021542,H1,361.852928359291,AX,4.25162439304982,L1,0.00900653517166312,L2,0.0465706...
testing H1>-5.0
evaluate ot="H1.bs>-5.0" t="H1>-5.0", ctx="{'H1': None}"
check iteration duration=0.000731945037842
GetData ===>> H2,-0.236415919399412,H1,361.962432739812,AX,4.26537580978542,L1,0.0198032311390043,L2,0.00698700...
check iteration duration=4.10079956055e-05
GetData ===>> H2,-0.0649309828622864,H1,361.993522557556,AX,4.19475402866534,L1,0.0287319708940962,L2,-0.038949...
check iteration duration=6.48498535156e-05
GetData ===>> H2,-0.182033053951265,H1,361.700184874173,AX,4.23993718342647,L1,0.0616034259387557,L2,0.06652836...
check iteration duration=8.32080841064e-05
GetData ===>> H2,-0.199731980270429,H1,361.734603358927,AX,4.2704382324341,L1,0.0772606502920829,L2,0.028087909...
check iteration duration=3.69548797607e-05
GetData ===>> H2,-0.210004567992672,H1,361.319488137984,AX,4.25035603916661,L1,0.0550739888263036,L2,-0.0588507...
testing H1>-5.0
evaluate ot="H1.bs>-5.0" t="H1>-5.0", ctx="{'H1': None}"
check iteration duration=0.00068187713623
19:31:50 -- collecting point 100
GetData ===>> H2,-0.152040472471815,H1,361.139148519633,AX,4.22724401155236,L1,0.0380373966942163,L2,-0.0410682...
check iteration duration=5.00679016113e-05
GetData ===>> H2,-0.206492020767196,H1,360.977533711261,AX,4.31492327761364,L1,0.030793494627379,L2,0.088048974...
check iteration duration=5.41210174561e-05
GetData ===>> H2,-0.185324604878566,H1,360.738761820903,AX,4.31145117936821,L1,0.00933055581199211,L2,0.0154564...
check iteration duration=7.9870223999e-05
GetData ===>> H2,-0.112831476208992,H1,360.798351101996,AX,4.25736182200997,L1,0.0457114669453789,L2,0.03457529...
check iteration duration=3.60012054443e-05
GetData ===>> H2,-0.21911314272514,H1,360.698042393598,AX,4.22957867508748,L1,0.0811175070020544,L2,0.028828977...
testing H1>-5.0
evaluate ot="H1.bs>-5.0" t="H1>-5.0", ctx="{'H1': None}"
check iteration duration=0.000974893569946
GetData ===>> H2,-0.21205338685364,H1,360.323824676339,AX,4.17043496067127,L1,0.0589718859581745,L2,0.075459339...
check iteration duration=7.9870223999e-05
GetData ===>> H2,-0.279730430620149,H1,360.140485994766,AX,4.21020381282062,L1,0.0152403599572775,L2,0.06236541...
check iteration duration=7.70092010498e-05
GetData ===>> H2,-0.265627445225893,H1,360.216875598454,AX,4.18595204253868,L1,0.0366463851500307,L2,0.05352689...
check iteration duration=3.79085540771e-05
GetData ===>> H2,-0.154505052768594,H1,360.48216329868,AX,4.14948482004963,L1,0.0647206800006862,L2,-0.02560707...
check iteration duration=7.79628753662e-05
GetData ===>> H2,-0.113219949247512,H1,360.183583420873,AX,4.21148350381018,L1,0.0499929765663299,L2,0.09936713...
testing H1>-5.0
evaluate ot="H1.bs>-5.0" t="H1>-5.0", ctx="{'H1': None}"
check iteration duration=0.000875949859619
GetData ===>> H2,-0.105052682391964,H1,359.747061544411,AX,4.22064325433306,L1,0.0744553832192194,L2,0.04933030...
check iteration duration=4.19616699219e-05
GetData ===>> H2,-0.171003218661934,H1,359.685863185878,AX,4.20914926502988,L1,0.0327196460870878,L2,0.06673366...
check iteration duration=5.07831573486e-05
GetData ===>> H2,-0.161723508638806,H1,359.829136006804,AX,4.25184961645837,L1,0.0491728445080167,L2,-0.0334576...
check iteration duration=3.91006469727e-05
GetData ===>> H2,-0.227244116446401,H1,359.932604766801,AX,4.13901732528756,L1,0.0579067044752826,L2,0.04364012...
check iteration duration=9.89437103271e-05
GetData ===>> H2,-0.176960303559262,H1,359.53963048364,AX,4.28649267700491,L1,0.0616202815609486,L2,0.030664567...
testing H1>-5.0
evaluate ot="H1.bs>-5.0" t="H1>-5.0", ctx="{'H1': None}"
check iteration duration=0.000683069229126
GetData ===>> H2,-0.228054603472062,H1,359.48119148212,AX,4.22466053913371,L1,0.0649540971874137,L2,0.004126034...
check iteration duration=3.79085540771e-05
GetData ===>> H2,-0.28780093768932,H1,359.324208951255,AX,4.22374804427175,L1,-0.0023520358968487,L2,0.00799007...
check iteration duration=5.29289245605e-05
GetData ===>> H2,-0.133330183480762,H1,358.954698075891,AX,4.25149400078321,L1,-0.00759534473560521,L2,0.116694...
check iteration duration=8.01086425781e-05
GetData ===>> H2,-0.175629325538643,H1,358.962762468107,AX,4.28310134510065,L1,0.0428382801405231,L2,0.11233963...
check iteration duration=4.19616699219e-05
GetData ===>> H2,-0.194386262684972,H1,358.870202566417,AX,4.27548905603362,L1,0.0934672230170702,L2,0.07007555...
testing H1>-5.0
evaluate ot="H1.bs>-5.0" t="H1>-5.0", ctx="{'H1': None}"
check iteration duration=0.000590801239014
GetData ===>> H2,-0.113249727120231,H1,358.759526686575,AX,4.25597485120711,L1,0.0800317512404195,L2,-0.0142687...
check iteration duration=1.78813934326e-05
waiting for write to finish
measurement finished
estimated time: 125.829 actual time: :126.126
flush and close file /Users/jan/PychronDev/data/isotopes/5a/64a385-d461-4880-bf6a-70d0b858272b.h5
baselines () {'settling_time': 15.0, 'detector': 'H1', 'mass': 34.2, 'ncounts': 60}
%%%%%%%%%%%%%%%%%%%%%%%%%%%%%%%% Baseline
build tables- baseline [Detector(H2), Detector(H1), Detector(AX), Detector(L1), Detector(L2), Detector(CDD)]
add group baseline table H2
add group baseline table H1
add group baseline table AX
add group baseline table L1
add group baseline table L2
add group baseline table CDD
flush and close file /Users/jan/PychronDev/data/isotopes/5a/64a385-d461-4880-bf6a-70d0b858272b.h5
detector Detector(H1)
POSITION 34.2 H1
Mapping mass to dac mass func: "parabolic"
H1 map mass coeffs = [-0.00063987  0.15840543  0.57121999]
H1 map mass to dac 34.2 >> 5.24026599104
GetDeflection H1 ===>> 0
GetHighVoltage ===>> 4500
positioning 34.2 (5.24026599104) on H1
setting magnet DAC
current  : 5.879610
requested: 5.240266
Delta Dac: 0.639344
Checking detector protection. dv=0.63934
Checking detector "CDD". Protection Threshold: 0.1 (V)
ProtectDetector CDD,On ===>> OK
GetDeflection CDD ===>> 2000
Protected = 2000
SetMagnetDAC 5.24026599104 ===>> OK
Magnet settling time: 0.500
GetMagnetMoving ===>> True
GetMagnetMoving ===>> True
GetMagnetMoving ===>> True
GetMagnetMoving ===>> True
GetMagnetMoving ===>> True
GetMagnetMoving ===>> True
GetMagnetMoving ===>> True
GetMagnetMoving ===>> True
GetMagnetMoving ===>> False
ProtectDetector CDD,Off ===>> OK
GetDeflection CDD ===>> 50
Delaying 15.0s for detectors to settle
Join finished
measuring baseline. ncounts=60
"baseline" increment series count="2" fit count="1" regressing="True"
starting measurement
check iteration duration=3.00407409668e-05
GetData ===>> H2,-0.174323843220588,H1,-0.0784619015941733,AX,-0.128798996050367,L1,-0.0319222565625314,L2,0.00...
check iteration duration=3.60012054443e-05
GetData ===>> H2,-0.193674643767482,H1,-0.0913457652423009,AX,-0.0490701253710282,L1,-0.0467938938972157,L2,0.0...
check iteration duration=8.48770141602e-05
GetData ===>> H2,-0.234750340445467,H1,-0.0726451457888853,AX,-0.0202988440706552,L1,0.0143337968799236,L2,0.04...
check iteration duration=3.79085540771e-05
GetData ===>> H2,-0.234626555791464,H1,-0.00152943289910539,AX,0.0291227193858837,L1,0.0201035714996567,L2,0.06...
testing H1>-5.0
evaluate ot="H1.bs>-5.0" t="H1>-5.0", ctx="{'H1': None}"
check iteration duration=0.000617027282715
GetData ===>> H2,-0.18930556293649,H1,-0.0390729975582314,AX,-0.0810552883588935,L1,-0.0359473872462491,L2,-0.0...
check iteration duration=4.41074371338e-05
GetData ===>> H2,-0.166607945659851,H1,-0.0235826169182161,AX,-0.153191458272908,L1,-0.0573207004187724,L2,-0.1...
check iteration duration=4.6968460083e-05
GetData ===>> H2,-0.163810924822806,H1,0.0186912490726555,AX,-0.197515095733532,L1,-0.0645949644703252,L2,-0.02...
check iteration duration=5.31673431396e-05
GetData ===>> H2,-0.146705929694599,H1,-0.0956360454184456,AX,-0.0753175136092696,L1,-0.106324119250142,L2,-0.0...
check iteration duration=5.00679016113e-05
GetData ===>> H2,-0.194374133191947,H1,-0.0291517980733456,AX,0.0313971792270253,L1,-0.0276677206060979,L2,-0.0...
testing H1>-5.0
evaluate ot="H1.bs>-5.0" t="H1>-5.0", ctx="{'H1': None}"
check iteration duration=0.000577926635742
GetData ===>> H2,-0.214375202179838,H1,0.0292744376402922,AX,0.00366632044881442,L1,-0.0465700642574048,L2,-0.0...
check iteration duration=3.81469726562e-05
GetData ===>> H2,-0.142637836236122,H1,-0.0442955415733469,AX,-0.0460669913812119,L1,-0.0372869181978194,L2,0.0...
check iteration duration=4.6968460083e-05
GetData ===>> H2,-0.219087543212091,H1,0.0173311458795623,AX,-0.137167850992547,L1,-0.00952116405037735,L2,-0.0...
check iteration duration=3.81469726562e-05
GetData ===>> H2,-0.284703537661986,H1,-0.0396930398721239,AX,-0.156518750499008,L1,-0.0529909168211023,L2,-0.1...
check iteration duration=4.19616699219e-05
GetData ===>> H2,-0.12092169465018,H1,-0.0476220884827903,AX,-0.0529195669978399,L1,-0.0531547946704377,L2,-0.0...
testing H1>-5.0
evaluate ot="H1.bs>-5.0" t="H1>-5.0", ctx="{'H1': None}"
check iteration duration=0.00059986114502
GetData ===>> H2,-0.0921043580014078,H1,-0.0377494328438253,AX,-0.146003191034124,L1,-0.0212453770933247,L2,0.0...
check iteration duration=5.10215759277e-05
GetData ===>> H2,-0.171225838326789,H1,-0.0762091407970676,AX,-0.0348073126350686,L1,-0.0180920266324796,L2,-0....
check iteration duration=9.51290130615e-05
GetData ===>> H2,-0.227731492689488,H1,-0.0776156323217812,AX,-0.00908258244549141,L1,-0.0246302319415369,L2,-0...
check iteration duration=4.29153442383e-05
GetData ===>> H2,-0.251717826357529,H1,-0.0482540006670583,AX,-0.0881140258331604,L1,-0.0636249683738464,L2,-0....
check iteration duration=3.69548797607e-05
GetData ===>> H2,-0.222841968208739,H1,-0.0310836471944185,AX,-0.0366511597303863,L1,-0.0834713705627892,L2,0.0...
testing H1>-5.0
evaluate ot="H1.bs>-5.0" t="H1>-5.0", ctx="{'H1': None}"
check iteration duration=0.00106287002563
GetData ===>> H2,-0.13649172137759,H1,-0.00285347666173479,AX,-0.0259934728756392,L1,-0.0672808023556487,L2,-0....
check iteration duration=4.50611114502e-05
GetData ===>> H2,-0.231569182572192,H1,0.0236665208092958,AX,-0.0673768025553655,L1,-0.0664497761447305,L2,0.05...
check iteration duration=7.9870223999e-05
GetData ===>> H2,-0.230827591054487,H1,-0.0286390170442406,AX,-0.020635195967405,L1,-0.0369981793012964,L2,-0.0...
check iteration duration=3.79085540771e-05
GetData ===>> H2,-0.199308585091628,H1,-0.0454759418431426,AX,-0.143777039253445,L1,0.00429749283298876,L2,0.01...
check iteration duration=0.000103950500488
GetData ===>> H2,-0.279265851877155,H1,0.00583066114165938,AX,-0.151591535075299,L1,-0.0286297002710806,L2,-0.0...
testing H1>-5.0
evaluate ot="H1.bs>-5.0" t="H1>-5.0", ctx="{'H1': None}"
check iteration duration=0.000619888305664
19:32:55 -- collecting point 25
GetData ===>> H2,-0.258684116545186,H1,-0.0564327304067412,AX,-0.0560152424161192,L1,-0.042463641187638,L2,-0.0...
check iteration duration=5.10215759277e-05
GetData ===>> H2,-0.251969289861552,H1,-0.0657432694431968,AX,-0.0917764858527802,L1,-0.0444919211029867,L2,-0....
check iteration duration=4.00543212891e-05
GetData ===>> H2,-0.233987428658144,H1,-0.0342198413614934,AX,-0.171507544113085,L1,-0.0275347373479488,L2,-0.1...
check iteration duration=3.88622283936e-05
GetData ===>> H2,-0.207506689040513,H1,0.00678500794395478,AX,-0.0579050632688488,L1,-0.0390850596669387,L2,-0....
check iteration duration=3.91006469727e-05
GetData ===>> H2,-0.163381591197917,H1,-0.0700584879754327,AX,-0.0305860468733494,L1,-0.0545555765789812,L2,-0....
testing H1>-5.0
evaluate ot="H1.bs>-5.0" t="H1>-5.0", ctx="{'H1': None}"
check iteration duration=0.000981092453003
GetData ===>> H2,-0.203939451311358,H1,-0.0485639938646141,AX,0.118266278122741,L1,-0.0451120571991172,L2,-0.04...
check iteration duration=4.19616699219e-05
GetData ===>> H2,-0.316954314867159,H1,0.0226046315064068,AX,0.0103604529980502,L1,0.0117634435963041,L2,-0.071...
check iteration duration=8.01086425781e-05
GetData ===>> H2,-0.22179942197314,H1,-0.0208038731814629,AX,-0.0887978500384033,L1,0.00432270698222644,L2,-0.0...
check iteration duration=3.88622283936e-05
GetData ===>> H2,-0.0671134456435974,H1,0.00807339055948226,AX,-0.152843651120857,L1,-0.0231129414095299,L2,-0....
check iteration duration=8.20159912109e-05
GetData ===>> H2,-0.123101914595598,H1,-0.0591151128168875,AX,-0.125010484884444,L1,-0.0421199664275147,L2,-0.0...
testing H1>-5.0
evaluate ot="H1.bs>-5.0" t="H1>-5.0", ctx="{'H1': None}"
check iteration duration=0.00094199180603
GetData ===>> H2,-0.05679947516803,H1,-0.0973401889933666,AX,0.0435594784536068,L1,0.00250264771887792,L2,-0.02...
check iteration duration=7.60555267334e-05
GetData ===>> H2,-0.112587827801234,H1,0.0136207828888903,AX,-0.18649402801848,L1,0.0183617219632805,L2,-0.0156...
check iteration duration=8.41617584229e-05
GetData ===>> H2,-0.171414724308403,H1,-0.0371532268037765,AX,-0.0309571545005764,L1,-0.00355304389443055,L2,0....
check iteration duration=8.39233398438e-05
GetData ===>> H2,-0.191172840275294,H1,-0.0343152373625476,AX,-0.0717008029486627,L1,-0.0170534827280074,L2,-0....
check iteration duration=5.41210174561e-05
GetData ===>> H2,-0.107980697234668,H1,-0.0405992486516514,AX,-0.132228224498984,L1,-0.0291531798046739,L2,-0.0...
testing H1>-5.0
evaluate ot="H1.bs>-5.0" t="H1>-5.0", ctx="{'H1': None}"
check iteration duration=0.000587940216064
GetData ===>> H2,-0.105986373518644,H1,-0.0307616749303684,AX,-0.146722041664171,L1,0.020897714524187,L2,0.0405...
check iteration duration=6.41345977783e-05
GetData ===>> H2,-0.129710345134785,H1,-0.0405157823966327,AX,-0.0518528695092601,L1,-0.0035842369986116,L2,-0....
check iteration duration=4.91142272949e-05
GetData ===>> H2,-0.166755067119105,H1,-0.0453924796552261,AX,-0.030620838273496,L1,-0.0227713397017931,L2,-0.1...
check iteration duration=4.88758087158e-05
GetData ===>> H2,-0.194010242355528,H1,0.0344769562595328,AX,-0.132622114620948,L1,-0.0363439932763004,L2,-0.12...
check iteration duration=5.29289245605e-05
GetData ===>> H2,-0.176491914325331,H1,-0.0445817004930181,AX,-0.0584963493719644,L1,-0.0180860307282327,L2,0.0...
testing H1>-5.0
evaluate ot="H1.bs>-5.0" t="H1>-5.0", ctx="{'H1': None}"
check iteration duration=0.000785112380981
GetData ===>> H2,-0.228894648266575,H1,-0.110209706605846,AX,-0.0983013499119993,L1,-0.036859198286292,L2,0.042...
check iteration duration=3.79085540771e-05
GetData ===>> H2,-0.233684671604491,H1,-0.0616782110540502,AX,-0.133654362839587,L1,-0.0341254752167957,L2,-0.0...
check iteration duration=8.20159912109e-05
GetData ===>> H2,-0.140694472239356,H1,-0.0242862350659621,AX,-0.0623222314398989,L1,-0.00444680801631185,L2,-0...
check iteration duration=3.81469726562e-05
GetData ===>> H2,-0.204882917904847,H1,0.00538927882265408,AX,-0.0928311560509422,L1,-0.000300032456405124,L2,0...
check iteration duration=4.19616699219e-05
GetData ===>> H2,-0.195374567308796,H1,0.0155534950038174,AX,-0.0273967823672657,L1,-0.0100259411668934,L2,-0.0...
testing H1>-5.0
evaluate ot="H1.bs>-5.0" t="H1>-5.0", ctx="{'H1': None}"
check iteration duration=0.000700950622559
19:33:22 -- collecting point 50
GetData ===>> H2,-0.191801039058061,H1,-0.0169874470356877,AX,-0.0885080946060219,L1,-0.0174408505531334,L2,-0....
check iteration duration=3.88622283936e-05
GetData ===>> H2,-0.204911220686805,H1,-0.0975904453957675,AX,-0.139742009285652,L1,-0.0155518417249408,L2,0.07...
check iteration duration=3.79085540771e-05
GetData ===>> H2,-0.211889063991534,H1,-0.0511869747917835,AX,-0.0641771504190077,L1,-0.0244948116785995,L2,0.0...
check iteration duration=3.79085540771e-05
GetData ===>> H2,-0.20837306014741,H1,0.00226387051631707,AX,-0.181023591562787,L1,-0.0653424314237024,L2,-0.02...
check iteration duration=6.60419464111e-05
GetData ===>> H2,-0.295731289356708,H1,-0.0164746036812822,AX,-0.0346913462412732,L1,-0.0515039320934821,L2,-0....
testing H1>-5.0
evaluate ot="H1.bs>-5.0" t="H1>-5.0", ctx="{'H1': None}"
check iteration duration=0.000771045684814
GetData ===>> H2,-0.205179419724237,H1,-0.0298673020955985,AX,-0.147533640829048,L1,-0.0496996357329676,L2,-0.0...
check iteration duration=5.19752502441e-05
GetData ===>> H2,-0.226647657797699,H1,-0.00162486006221025,AX,-0.130884352079378,L1,-0.0502153529828152,L2,-0....
check iteration duration=3.88622283936e-05
GetData ===>> H2,-0.159568178790161,H1,0.0196218566413055,AX,-0.0341115121998656,L1,-0.00866742162414192,L2,0.1...
check iteration duration=5.19752502441e-05
GetData ===>> H2,-0.191128352773266,H1,-0.00777971992034203,AX,-0.0892150963450268,L1,-0.0373084834256847,L2,0....
check iteration duration=5.00679016113e-05
GetData ===>> H2,-0.193119334285002,H1,-0.0626915108544289,AX,-0.1370518963129,L1,-0.0945696751134358,L2,0.0058...
testing H1>-5.0
evaluate ot="H1.bs>-5.0" t="H1>-5.0", ctx="{'H1': None}"
check iteration duration=0.000683069229126
GetData ===>> H2,-0.245315050347858,H1,-0.0633233278892973,AX,-0.172075519480757,L1,-0.0512849929826884,L2,-0.0...
check iteration duration=1.71661376953e-05
waiting for write to finish
measurement finished
estimated time: 62.915 actual time: :63.148
flush and close file /Users/jan/PychronDev/data/isotopes/5a/64a385-d461-4880-bf6a-70d0b858272b.h5
activate_detectors ('H1', 'AX', 'CDD') {'peak_center': True}
peak_center () {'detector': 'H1', 'integration_time': 0.262144, 'isotope': 'Ar40'}
peak center: mean=359.333982467 threshold=3
peak center started
setup peak center. detector=['H1', 'AX', 'CDD'], isotope=Ar40
VersionedUnpickler [<apptools.sweet_pickle.versioned_unpickler.VersionedUnpickler object at 0x14fd4d6b0>] using Updater [<apptools.sweet_pickle.updater.Updater object at 0x136bc5b30>]
VersionedUnpickler [<apptools.sweet_pickle.versioned_unpickler.VersionedUnpickler object at 0x14fd4d6b0>] using Updater [<apptools.sweet_pickle.updater.Updater object at 0x136bc5b30>]
VersionedUnpickler [<apptools.sweet_pickle.versioned_unpickler.VersionedUnpickler object at 0x158475f50>] using Updater [<apptools.sweet_pickle.updater.Updater object at 0x136bc5b30>]
setting integration time = 0.524288
SetIntegrationTime 0.524288 ===>> OK
Mapping mass to dac mass func: "parabolic"
H1 map mass coeffs = [-0.00063987  0.15840543  0.57121999]
H1 map mass to dac 39.9624 >> 5.87961
GetDeflection H1 ===>> 0
GetHighVoltage ===>> 4500
do peak center. <pychron.spectrometer.jobs.peak_center.PeakCenter object at 0x136bc5b90>
doing pc
starting peak center. center dac= 5.87961 step_width=0.001
width = 0.001
get scan parameters. half-width=0.015,window=0.015, i=0, scalar=1
Scan parameters center=5.87961 width=0.03000 (5.86461 - 5.89461)
GetData ===>> H2,-0.164278042930135,H1,-0.069963126040684,AX,0.0159991956542298,L1,-0.0310971227083782,L2,-0.09...
Moving to starting dac 5.86461
setting magnet DAC
current  : 5.240266
requested: 5.864610
Delta Dac: 0.624344
Checking detector protection. dv=0.62434
Checking detector "CDD". Protection Threshold: 0.1 (V)
ProtectDetector CDD,On ===>> OK
GetDeflection CDD ===>> 2000
Protected = 2000
SetMagnetDAC 5.86461 ===>> OK
Magnet settling time: 0.500
GetMagnetMoving ===>> True
GetMagnetMoving ===>> True
GetMagnetMoving ===>> True
GetMagnetMoving ===>> True
GetMagnetMoving ===>> True
GetMagnetMoving ===>> True
GetMagnetMoving ===>> True
GetMagnetMoving ===>> True
GetMagnetMoving ===>> False
ProtectDetector CDD,Off ===>> OK
GetDeflection CDD ===>> 50
Wait until signal near baseline. tol= -0.0524723445305. timeout= 10
GetData ===>> H2,0.204352813586115,H1,-0.015377348609502,AX,0.00776163630171418,L1,0.0171887413989896,L2,-0.040...
GetData ===>> H2,14.2761975958105,H1,2.5182150127699,AX,-0.0624497582515809,L1,-0.00134048646074523,L2,-0.05882...
GetData ===>> H2,19.8833061782955,H1,9.64593009935906,AX,-0.0148358625849279,L1,-0.0248809437760935,L2,-0.19135...
GetData ===>> H2,11.1372622328607,H1,4.66231469902583,AX,-0.0510644334156105,L1,-0.0554320611397198,L2,-0.07878...
GetData ===>> H2,4.63118651577128,H1,2.47166107545749,AX,0.0189927349725219,L1,-0.0326668900115983,L2,0.0172867...
GetData ===>> H2,1.60373955990599,H1,1.23582523300241,AX,-0.048096146123231,L1,-0.0089528098742784,L2,-0.045650...
GetData ===>> H2,0.496522162305606,H1,0.669776614560536,AX,-0.0956705959142268,L1,-0.0189147413245689,L2,-0.074...
GetData ===>> H2,0.0827132116608023,H1,0.561570159287883,AX,-0.142503600744278,L1,0.00307888419974219,L2,-0.007...
GetData ===>> H2,-0.0564984935112432,H1,0.437936137488504,AX,-0.0736019112094466,L1,-0.0296614106205307,L2,0.02...
GetData ===>> H2,-0.138070820962792,H1,0.376920808223003,AX,0.0895835412764446,L1,-0.0660556668270265,L2,-0.069...
GetData ===>> H2,-0.194141679476798,H1,0.354742615654691,AX,-0.0710052662557112,L1,-0.0605683668732115,L2,-0.03...
GetData ===>> H2,-0.206393648351623,H1,0.275295100182294,AX,-0.0614990998161537,L1,-0.0463438356507503,L2,-0.13...
GetData ===>> H2,-0.19133529070364,H1,0.273002901451292,AX,0.0210813052920029,L1,-0.0212863173650753,L2,-0.1074...
GetData ===>> H2,-0.10629663865846,H1,0.32795847241347,AX,-0.0530355116725345,L1,-0.0389964179923367,L2,-0.1095...
GetData ===>> H2,-0.0433647704441597,H1,0.281073583771918,AX,-0.0670174265820135,L1,-0.0340927427339751,L2,0.02...
GetData ===>> H2,-0.0784017997935218,H1,0.281933221364228,AX,-0.136642019661467,L1,-0.00310913155393221,L2,-0.1...
GetData ===>> H2,-0.133431977025825,H1,0.235260792090819,AX,-0.124292157258992,L1,-0.047409100479721,L2,-0.0794...
GetData ===>> H2,-0.209899490351461,H1,0.223613978785031,AX,-0.108163146918334,L1,-0.097677248191715,L2,-0.0259...
GetData ===>> H2,-0.190898918225016,H1,0.306101606038145,AX,-0.222329571788578,L1,-0.0957511955115428,L2,0.0029...
GetData ===>> H2,-0.167199119387761,H1,0.311953523921393,AX,-0.188688840889976,L1,-0.0630901250004763,L2,-0.029...
GetData ===>> H2,-0.165325613518898,H1,0.319740687185166,AX,-0.0615686605044177,L1,-0.0273851672544099,L2,-0.02...
Peak center failed to move to a baseline position
_do_sweep sm= 5.86461, em= 5.89461, stm= 0.001
calculated step values: start=5.86461, end=5.89461, width=0.001, nsteps=31.0
setting magnet DAC
current  : 5.864610
requested: 5.864610
Delta Dac: 0.000000
Checking detector protection. dv=0.00000
Checking detector "CDD". Protection Threshold: 0.1 (V)
SetMagnetDAC 5.86461 ===>> OK
GetData ===>> H2,-0.165325613518898,H1,0.319740687185166,AX,-0.0615686605044177,L1,-0.0273851672544099,L2,-0.02...
setting magnet DAC
current  : 5.864610
requested: 5.865644
Delta Dac: 0.001034
Checking detector protection. dv=0.00103
Checking detector "CDD". Protection Threshold: 0.1 (V)
SetMagnetDAC 5.86564448276 ===>> OK
Magnet settling time: 1.049
GetData ===>> H2,-0.138400357976119,H1,0.582102485309544,AX,0.0447549009344203,L1,-0.0846841395928405,L2,0.0427...
setting magnet DAC
current  : 5.865644
requested: 5.866679
Delta Dac: 0.001034
Checking detector protection. dv=0.00103
Checking detector "CDD". Protection Threshold: 0.1 (V)
SetMagnetDAC 5.86667896552 ===>> OK
Magnet settling time: 1.049
GetData ===>> H2,-0.257693611571726,H1,1.80677532630169,AX,-0.10190548329372,L1,-0.079738945374257,L2,-0.033084...
setting magnet DAC
current  : 5.866679
requested: 5.867713
Delta Dac: 0.001034
Checking detector protection. dv=0.00103
Checking detector "CDD". Protection Threshold: 0.1 (V)
SetMagnetDAC 5.86771344828 ===>> OK
Magnet settling time: 1.049
GetData ===>> H2,-0.244864298002953,H1,6.43549660428684,AX,0.0155814998119722,L1,-0.0436550358511252,L2,-0.1042...
setting magnet DAC
current  : 5.867713
requested: 5.868748
Delta Dac: 0.001034
Checking detector protection. dv=0.00103
Checking detector "CDD". Protection Threshold: 0.1 (V)
SetMagnetDAC 5.86874793103 ===>> OK
Magnet settling time: 1.049
GetData ===>> H2,-0.054712242717042,H1,21.5086638160247,AX,-0.010428138105539,L1,-0.0152245115273819,L2,-0.0154...
setting magnet DAC
current  : 5.868748
requested: 5.869782
Delta Dac: 0.001034
Checking detector protection. dv=0.00103
Checking detector "CDD". Protection Threshold: 0.1 (V)
SetMagnetDAC 5.86978241379 ===>> OK
Magnet settling time: 1.049
GetData ===>> H2,-0.112724542273686,H1,59.5027433247386,AX,0.40395497596627,L1,-0.0339563863695974,L2,-0.073848...
setting magnet DAC
current  : 5.869782
requested: 5.870817
Delta Dac: 0.001034
Checking detector protection. dv=0.00103
Checking detector "CDD". Protection Threshold: 0.1 (V)
SetMagnetDAC 5.87081689655 ===>> OK
Magnet settling time: 1.049
GetData ===>> H2,-0.14643863553595,H1,169.572261266975,AX,1.50738237749063,L1,-0.0057267320113628,L2,-0.0310581...
setting magnet DAC
current  : 5.870817
requested: 5.871851
Delta Dac: 0.001034
Checking detector protection. dv=0.00103
Checking detector "CDD". Protection Threshold: 0.1 (V)
SetMagnetDAC 5.87185137931 ===>> OK
Magnet settling time: 1.049
GetData ===>> H2,-0.0770005161648232,H1,255.083591821482,AX,2.57198458050907,L1,0.0260259597029573,L2,0.0146673...
setting magnet DAC
current  : 5.871851
requested: 5.872886
Delta Dac: 0.001034
Checking detector protection. dv=0.00103
Checking detector "CDD". Protection Threshold: 0.1 (V)
SetMagnetDAC 5.87288586207 ===>> OK
Magnet settling time: 1.049
GetData ===>> H2,-0.0644857578707159,H1,309.299486353203,AX,3.345935661381,L1,-0.00447919797793355,L2,0.0602322...
setting magnet DAC
current  : 5.872886
requested: 5.873920
Delta Dac: 0.001034
Checking detector protection. dv=0.00103
Checking detector "CDD". Protection Threshold: 0.1 (V)
SetMagnetDAC 5.87392034483 ===>> OK
Magnet settling time: 1.049
GetData ===>> H2,-0.102067415971049,H1,333.302269362874,AX,3.92899392481173,L1,0.000277243872033341,L2,0.000774...
setting magnet DAC
current  : 5.873920
requested: 5.874955
Delta Dac: 0.001034
Checking detector protection. dv=0.00103
Checking detector "CDD". Protection Threshold: 0.1 (V)
SetMagnetDAC 5.87495482759 ===>> OK
Magnet settling time: 1.049
GetData ===>> H2,-0.159222423570583,H1,341.514210014803,AX,4.2209586716861,L1,0.00400333242222873,L2,-0.0675225...
setting magnet DAC
current  : 5.874955
requested: 5.875989
Delta Dac: 0.001034
Checking detector protection. dv=0.00103
Checking detector "CDD". Protection Threshold: 0.1 (V)
SetMagnetDAC 5.87598931034 ===>> OK
Magnet settling time: 1.049
GetData ===>> H2,-0.233909921062161,H1,343.593476694829,AX,4.1108379337569,L1,0.0187222750402103,L2,0.092482615...
setting magnet DAC
current  : 5.875989
requested: 5.877024
Delta Dac: 0.001034
Checking detector protection. dv=0.00103
Checking detector "CDD". Protection Threshold: 0.1 (V)
SetMagnetDAC 5.8770237931 ===>> OK
Magnet settling time: 1.049
GetData ===>> H2,-0.207428537216806,H1,344.278168505841,AX,4.08804480425292,L1,0.0556889312686986,L2,0.01532784...
setting magnet DAC
current  : 5.877024
requested: 5.878058
Delta Dac: 0.001034
Checking detector protection. dv=0.00103
Checking detector "CDD". Protection Threshold: 0.1 (V)
SetMagnetDAC 5.87805827586 ===>> OK
Magnet settling time: 1.049
GetData ===>> H2,-0.142575465102974,H1,344.047977990757,AX,4.16795693887257,L1,0.0380975138759354,L2,0.02740053...
setting magnet DAC
current  : 5.878058
requested: 5.879093
Delta Dac: 0.001034
Checking detector protection. dv=0.00103
Checking detector "CDD". Protection Threshold: 0.1 (V)
SetMagnetDAC 5.87909275862 ===>> OK
Magnet settling time: 1.049
GetData ===>> H2,-0.128237030892785,H1,343.814753588622,AX,4.07963493846049,L1,0.0224766972606954,L2,0.02330020...
setting magnet DAC
current  : 5.879093
requested: 5.880127
Delta Dac: 0.001034
Checking detector protection. dv=0.00103
Checking detector "CDD". Protection Threshold: 0.1 (V)
SetMagnetDAC 5.88012724138 ===>> OK
Magnet settling time: 1.049
GetData ===>> H2,-0.185496742270866,H1,343.797255234592,AX,4.07778723231946,L1,0.027034773785579,L2,0.068162804...
setting magnet DAC
current  : 5.880127
requested: 5.881162
Delta Dac: 0.001034
Checking detector protection. dv=0.00103
Checking detector "CDD". Protection Threshold: 0.1 (V)
SetMagnetDAC 5.88116172414 ===>> OK
Magnet settling time: 1.049
GetData ===>> H2,-0.111687636963296,H1,343.680586554808,AX,4.14486185170236,L1,0.0451977158766316,L2,0.12770829...
setting magnet DAC
current  : 5.881162
requested: 5.882196
Delta Dac: 0.001034
Checking detector protection. dv=0.00103
Checking detector "CDD". Protection Threshold: 0.1 (V)
SetMagnetDAC 5.8821962069 ===>> OK
Magnet settling time: 1.049
GetData ===>> H2,-0.113839854308992,H1,343.226964845996,AX,4.19288009471286,L1,-0.00160928293865868,L2,-0.00491...
setting magnet DAC
current  : 5.882196
requested: 5.883231
Delta Dac: 0.001034
Checking detector protection. dv=0.00103
Checking detector "CDD". Protection Threshold: 0.1 (V)
SetMagnetDAC 5.88323068966 ===>> OK
Magnet settling time: 1.049
GetData ===>> H2,-0.149660986808768,H1,342.952415233156,AX,4.12647953649718,L1,0.0056742974872785,L2,0.20394957...
setting magnet DAC
current  : 5.883231
requested: 5.884265
Delta Dac: 0.001034
Checking detector protection. dv=0.00103
Checking detector "CDD". Protection Threshold: 0.1 (V)
SetMagnetDAC 5.88426517241 ===>> OK
Magnet settling time: 1.049
GetData ===>> H2,-0.178436348914812,H1,341.568489523669,AX,4.01458321102542,L1,0.0449671565553862,L2,0.05218848...
setting magnet DAC
current  : 5.884265
requested: 5.885300
Delta Dac: 0.001034
Checking detector protection. dv=0.00103
Checking detector "CDD". Protection Threshold: 0.1 (V)
SetMagnetDAC 5.88529965517 ===>> OK
Magnet settling time: 1.049
GetData ===>> H2,-0.19705380632726,H1,335.155852326721,AX,3.84291116484835,L1,0.0467685414233599,L2,-0.03422255...
setting magnet DAC
current  : 5.885300
requested: 5.886334
Delta Dac: 0.001034
Checking detector protection. dv=0.00103
Checking detector "CDD". Protection Threshold: 0.1 (V)
SetMagnetDAC 5.88633413793 ===>> OK
Magnet settling time: 1.049
GetData ===>> H2,-0.131069949849524,H1,316.409052525177,AX,3.45713581476011,L1,0.0129349470565962,L2,0.19566549...
setting magnet DAC
current  : 5.886334
requested: 5.887369
Delta Dac: 0.001034
Checking detector protection. dv=0.00103
Checking detector "CDD". Protection Threshold: 0.1 (V)
SetMagnetDAC 5.88736862069 ===>> OK
Magnet settling time: 1.049
GetData ===>> H2,-0.143393562799624,H1,270.808879089446,AX,2.72940151469005,L1,0.0241238991489962,L2,0.10198885...
setting magnet DAC
current  : 5.887369
requested: 5.888403
Delta Dac: 0.001034
Checking detector protection. dv=0.00103
Checking detector "CDD". Protection Threshold: 0.1 (V)
SetMagnetDAC 5.88840310345 ===>> OK
Magnet settling time: 1.049
GetData ===>> H2,-0.244382578590302,H1,196.430499955844,AX,1.68812337370961,L1,0.0287427819822901,L2,-0.1299003...
setting magnet DAC
current  : 5.888403
requested: 5.889438
Delta Dac: 0.001034
Checking detector protection. dv=0.00103
Checking detector "CDD". Protection Threshold: 0.1 (V)
SetMagnetDAC 5.88943758621 ===>> OK
Magnet settling time: 1.049
GetData ===>> H2,-0.247547018404789,H1,72.157663975156,AX,0.433902678463043,L1,0.0109993813498886,L2,0.01965561...
setting magnet DAC
current  : 5.889438
requested: 5.890472
Delta Dac: 0.001034
Checking detector protection. dv=0.00103
Checking detector "CDD". Protection Threshold: 0.1 (V)
SetMagnetDAC 5.89047206897 ===>> OK
Magnet settling time: 1.049
GetData ===>> H2,-0.164877437956463,H1,26.3546670404437,AX,0.139778688765329,L1,-0.00918063502225143,L2,-0.0163...
setting magnet DAC
current  : 5.890472
requested: 5.891507
Delta Dac: 0.001034
Checking detector protection. dv=0.00103
Checking detector "CDD". Protection Threshold: 0.1 (V)
SetMagnetDAC 5.89150655172 ===>> OK
Magnet settling time: 1.049
GetData ===>> H2,-0.191461889446799,H1,7.85335082353262,AX,-0.178082536299897,L1,-0.0134627882767714,L2,0.05963...
setting magnet DAC
current  : 5.891507
requested: 5.892541
Delta Dac: 0.001034
Checking detector protection. dv=0.00103
Checking detector "CDD". Protection Threshold: 0.1 (V)
SetMagnetDAC 5.89254103448 ===>> OK
Magnet settling time: 1.049
GetData ===>> H2,-0.243346408531613,H1,2.05046491897127,AX,-0.176276107136183,L1,-0.0465377461969028,L2,-0.0451...
setting magnet DAC
current  : 5.892541
requested: 5.893576
Delta Dac: 0.001034
Checking detector protection. dv=0.00103
Checking detector "CDD". Protection Threshold: 0.1 (V)
SetMagnetDAC 5.89357551724 ===>> OK
Magnet settling time: 1.049
GetData ===>> H2,-0.294466995844844,H1,0.478097765837782,AX,-0.105219777497454,L1,-0.014304139487863,L2,0.01320...
setting magnet DAC
current  : 5.893576
requested: 5.894610
Delta Dac: 0.001034
Checking detector protection. dv=0.00103
Checking detector "CDD". Protection Threshold: 0.1 (V)
SetMagnetDAC 5.89461 ===>> OK
Magnet settling time: 1.049
GetData ===>> H2,-0.289437944457254,H1,-0.000634798820464533,AX,-0.121859072665431,L1,-0.0114418197841337,L2,0....
result of _do_sweep=True
result of _calculate_peak_center=([5.8718544889779558, 5.8797302404809617, 5.8876059919839676], [254.83890947207334, 344.2712489512794, 253.74209670309608], 5.8770548897795596, 344.2712489512794)
Failed to find a valid peak. No peak greater than 1.0. max = 0.0160697242856
new center pos Detector(H1) (Ar40) @ 5.87973024048
GetHighVoltage ===>> 4500
GetDeflection H1 ===>> 0
dac uncorrected for HV and deflection 5.87973024048
update mftable H1 Ar40 5.87973024048 message=automated run peakcenter
get initial guess parabolic
get initial guess parabolic
get initial guess parabolic
get initial guess parabolic
get initial guess parabolic
get initial guess parabolic
dump mftable to /Users/jan/PychronDev/setupfiles/spectrometer/mftables/mftable.csv
add to repo msg=modified - automated run peakcenter
sweep finished
locally archiving mftable
setting magnet DAC
current  : 5.894610
requested: 5.879730
Delta Dac: 0.014880
Checking detector protection. dv=0.01488
Checking detector "CDD". Protection Threshold: 0.1 (V)
SetMagnetDAC 5.87973024048 ===>> OK
Magnet settling time: 0.500
setting integration time = 1.048576
SetIntegrationTime 1.048576 ===>> OK
Failed to find a valid peak. No peak greater than 1.0. max = 0.0160697242856
flush and close file /Users/jan/PychronDev/data/isotopes/5a/64a385-d461-4880-bf6a-70d0b858272b.h5
finished measure script
executed snippet estimated_duration=226.132928, duration=272.947580099
jan_unknown120_60.py completed successfully
Measurement Finished
19:34:20 -- ******* Measurement Finished *******
Post Measurement Started jan_pump_ms.py
19:34:20 -- ******* Post Measurement Started jan_pump_ms.py *******
testing...
no interpolation path defined
executed snippet estimated_duration=0, duration=3.00407409668e-05
Pumping spectrometer
open () {'name': 'O'}
opening name=O desc=---
checking ownership. requestor=129.138.12.150
check software interlocks O
interlocks []
actuate state mode=None-script, software_lock=False
doing actuation None-script open_channel True
Open O ===>> OK
GetIndicatorState O ===>> OK
change switch state (True, True)
update switch state O True args=() kw={} ncanvase=4
19:34:20 -- OPEN   VALVE-O (Jan Ion Pump)
---------------------------------------- open O () result=[(True, True)], time=0.08 sec
action=open, ok=True, locked=[False]
executed snippet estimated_duration=0, duration=0.334357023239
jan_pump_ms.py completed successfully
setting _ms_pumptime
Post Measurement Finished
19:34:21 -- ******* Post Measurement Finished *******
$$$$$$$$$$$$$$$$$$$$ state at run end measurement
state changed from measurement to success
post measurement save measured=True aborted=False
Set filtering
setting fod for Ar40= {'filter_outliers': True, 'std_devs': 2, 'iterations': 1}
setting fod for H1= {'filter_outliers': True, 'std_devs': 2, 'iterations': 1}
setting fod for PM41= {'filter_outliers': False, 'std_devs': 2, 'iterations': 1}
setting fod for H2= {'filter_outliers': True, 'std_devs': 2, 'iterations': 1}
setting fod for Ar36= {'filter_outliers': True, 'std_devs': 2, 'iterations': 1}
setting fod for CDD= {'filter_outliers': True, 'std_devs': 10, 'iterations': 1}
setting fod for Ar37= {'filter_outliers': True, 'std_devs': 2, 'iterations': 1}
setting fod for L2= {'filter_outliers': True, 'std_devs': 2, 'iterations': 1}
setting fod for Ar38= {'filter_outliers': True, 'std_devs': 2, 'iterations': 1}
setting fod for L1= {'filter_outliers': True, 'std_devs': 2, 'iterations': 1}
setting fod for Ar39= {'filter_outliers': True, 'std_devs': 2, 'iterations': 1}
setting fod for AX= {'filter_outliers': True, 'std_devs': 2, 'iterations': 1}
persistence save...
persistence save - db
post measurement save
5891048560 connecting to database sqlite:////Users/jan/PychronDev/.appdata/local_lab.db
connected to db sqlite:////Users/jan/PychronDev/.appdata/local_lab.db
create new session 5891048560
close session 5891048560
No database instance. Not saving post measurement to isotopedb database
$$$$$$$$$$$$$$$ auto_save_detector_ic=False
massspec enabled True
create new session 5036988176
MassSpec Database Version: 16.0
close session 5036988176
saving post measurement to secondary database
saving to massspec database 129.138.12.160/massspecdata
setting labnumber to 65267
setting aliquot to 10
setting step to N
setting uuid to 5a64a385-d461-4880-bf6a-70d0b858272b
setting irradpos to 65267
setting extract_device to Fusions CO2
setting tray to 
setting position to 49
setting power_requested to 0.725
setting extract_value to 0.725
setting duration to 30.0
setting duration_at_request to 30.0
setting first_stage_delay to 30.0
setting cleanup to 30.0
setting comment to F:9 AM-1b
setting irradiation to NM-285
setting level to F
setting irradiation_level to F
setting sample to AM-1b
setting material to Kspar
setting project to REEFenite
setting mass_spectrometer to Jan
no attribute chron_dosages
no attribute production_ratios
no attribute interference_corrections
no attribute production_name
no attribute j
Reference Isotope=Ar40
Reference Detector=H1
%%%%%%%%%%%%%%%%%%%% Comment: F:9 AM-1b %%%%%%%%%%%%%%%%%%%
adding isotope PM41 H2
add baseline dbdet= PM41. original det= H2
get baseline data PM41 H2
Get data baseline <pychron.processing.isotope.Baseline object at 0x15439f350> len t=60
baseline PM41. v=-0.194397631378, e=0.00612740364181
get signal data PM41 H2
Get data signal PM41 0.07+/-0.07 len t=120
adding isotope Ar40 H1
add baseline dbdet= Ar40. original det= H1
get baseline data Ar40 H1
Get data baseline <pychron.processing.isotope.Baseline object at 0x14f476b10> len t=60
baseline Ar40. v=-0.0313020485473, e=0.00453068596356
get signal data Ar40 H1
Get data signal Ar40 375.731+/-0.033 len t=120
adding isotope Ar39 AX
add baseline dbdet= Ar39. original det= AX
get baseline data Ar39 AX
Get data baseline <pychron.processing.isotope.Baseline object at 0x14f4768d0> len t=60
baseline Ar39. v=-0.083957686986, e=0.00784599336496
get signal data Ar39 AX
Get data signal Ar39 4.405+/-0.010 len t=120
adding isotope Ar38 L1
add baseline dbdet= Ar38. original det= L1
get baseline data Ar38 L1
Get data baseline <pychron.processing.isotope.Baseline object at 0x14f476110> len t=60
baseline Ar38. v=-0.0290327333672, e=0.00324154911511
get signal data Ar38 L1
Get data signal Ar38 0.062+/-0.004 len t=120
adding isotope Ar37 L2
add baseline dbdet= Ar37. original det= L2
get baseline data Ar37 L2
Get data baseline <pychron.processing.isotope.Baseline object at 0x14f476090> len t=60
baseline Ar37. v=-0.0292018528252, e=0.00729223598003
get signal data Ar37 L2
Get data signal Ar37 0.070+/-0.011 len t=120
adding isotope Ar36 CDD
add baseline dbdet= Ar36. original det= CDD
get baseline data Ar36 CDD
Get data baseline <pychron.processing.isotope.Baseline object at 0x14f476250> len t=60
baseline Ar36. v=5.45839842492e-05, e=1.11707449734e-05
get signal data Ar36 CDD
Get data signal Ar36 0.00967+/-0.00028 len t=120
65267-10N added analysis time 0.528445005417s
analysis added to mass spec database
mass spec save time= 0.538
persistence save - dvc
================= post measurement started
create new session 4995223376
close session 4995223376
---------------- Experiment Queue saving disabled
DVC saving peakcenter
Failed to find a valid peak. No peak greater than 1.0. max = 0.0160697242856
Smart pull ahead: 0 behind: 5
merging 5 commits
add to repo msg=modified - ad8224ebc6dbfeb9f5997218dfa5fe690569839d.json
add to repo msg=modified - 67-10N.json
add to repo msg=modified - 67-10N.dat.json
add to repo msg=modified - 67-10N.blan.json
add to repo msg=modified - 67-10N.inte.json
add to repo msg=modified - 67-10N.icfa.json
add to repo msg=modified - 67-10N.base.json
not at valid file /Users/jan/PychronDev/data/.dvc/repositories/REEFenite/652/tags/67-10N.tags.json
add to repo msg=modified - 67-10N.peak.json
add to repo msg=modified - 67-10N.extr.json
not at valid file /Users/jan/PychronDev/data/.dvc/repositories/REEFenite/652/monitor/67-10N.moni.json
commit message=<COLLECTION>
add to repo msg=modified - 67-10N.inte.json
add to repo msg=modified - 67-10N.base.json
commit message=<ISOEVO> default collection fits
add to repo msg=modified - 67-10N.blan.json
commit message=<BLANKS> preceding bu-FC-J-7856
add to repo msg=modified - 67-10N.icfa.json
commit message=<ICFactor> default
push repository <pychron.git_archive.repo_manager.GitRepoManager object at 0x15df7d8f0>
pushing to remote=origin, url=https://github.com
no changes to meta repo
create new session 4995223376
add association REEFenite
get identifier "65267"
setting analysis irradiation position=<pychron.dvc.dvc_orm.IrradiationPositionTbl object at 0x1541ec4d0>
close session 4995223376
================= post measurement finished
19:34:44 -- ******* Post Run Check *******
loading queue conditionals post_run_actions
loading system conditionals post_run_actions
loading conditionals from /Users/jan/PychronDev/setupfiles/spectrometer/default_conditionals.yaml
loading queue conditionals post_run_terminations
loading system conditionals post_run_terminations
loading conditionals from /Users/jan/PychronDev/setupfiles/spectrometer/default_conditionals.yaml
Checking default post run terminations n=1
GetDeflection CDD ===>> 50
testing CDD==2000
evaluate ot="CDD.deflection==2000" t="CDD==2000", ctx="{'CDD': 50.0}"
19:34:44 -- ******* Post Run Check Passed *******
19:34:44 -- Automated run 65267-10N success duration: 374.259 s
----------------- finish -----------------
----------------- stop -----------------
retroactive repository identifiers disabled
finish run. runs completed=74
update duration runid=65267-10N, duration=374.258657932, md5=3be28e4d
loading script "jan_unknown120_60.py"
loading script "jan_pump_ms.py"
loading script "jan_co2.py"
loading script "jan_pump_extraction_line.py"
testing...
no interpolation path defined
executed snippet estimated_duration=213.652928, duration=0.000463008880615
script duration name:unknown120_60 seconds:214.0
loading script "jan_unknown120_60.py"
loading script "jan_pump_ms.py"
loading script "jan_co2.py"
loading script "jan_pump_extraction_line.py"
testing...
no interpolation path defined
executed snippet estimated_duration=0, duration=2.59876251221e-05
loading script "jan_unknown120_60.py"
loading script "jan_pump_ms.py"
loading script "jan_co2.py"
loading script "jan_pump_extraction_line.py"
testing...
no interpolation path defined
calculate duration
testing...
no interpolation path defined
executed snippet estimated_duration=0, duration=4.88758087158e-05
calculate duration
testing...
no interpolation path defined
executed snippet estimated_duration=0, duration=0.000123977661133
executed snippet estimated_duration=0.0, duration=0.00312805175781
script duration name:co2 seconds:0.0
loading script "jan_unknown120_60.py"
loading script "jan_pump_ms.py"
loading script "jan_co2.py"
loading script "jan_pump_extraction_line.py"
testing...
no interpolation path defined
calculate duration
testing...
no interpolation path defined
executed snippet estimated_duration=4.0, duration=0.000176906585693
executed snippet estimated_duration=4.0, duration=0.00431990623474
Script duration 214.0
Run total estimated duration= 215.000
unknown120_60 in script context. using previous estimated duration
script duration name:unknown120_60 seconds:214.0
pump_ms in script context. using previous estimated duration
co2 in script context. using previous estimated duration
script duration name:co2 seconds:0.0
pump_extraction_line in script context. using previous estimated duration
Script duration 214.0
Run total estimated duration= 215.000
script duration name:unknown120_60 seconds:214.0
script duration name:co2 seconds:0.0
Script duration 214.0
Run total estimated duration= 215.000
script duration name:unknown120_60 seconds:214.0
script duration name:co2 seconds:0.0
Script duration 214.0
Run total estimated duration= 215.000
script duration name:unknown120_60 seconds:214.0
script duration name:co2 seconds:0.0
Script duration 214.0
Run total estimated duration= 215.000
script duration name:unknown120_60 seconds:214.0
script duration name:co2 seconds:0.0
Script duration 214.0
Run total estimated duration= 215.000
script duration name:unknown120_60 seconds:214.0
script duration name:co2 seconds:0.0
Script duration 214.0
Run total estimated duration= 215.000
script duration name:unknown120_60 seconds:214.0
script duration name:co2 seconds:0.0
Script duration 214.0
Run total estimated duration= 215.000
script duration name:unknown120_60 seconds:214.0
script duration name:co2 seconds:0.0
Script duration 214.0
Run total estimated duration= 215.000
script duration name:unknown120_60 seconds:214.0
script duration name:co2 seconds:0.0
Script duration 214.0
Run total estimated duration= 215.000
script duration name:unknown120_60 seconds:214.0
script duration name:co2 seconds:0.0
Script duration 214.0
Run total estimated duration= 215.000
script duration name:unknown120_60 seconds:214.0
script duration name:co2 seconds:0.0
Script duration 214.0
Run total estimated duration= 215.000
script duration name:unknown120_60 seconds:214.0
script duration name:co2 seconds:0.0
Script duration 214.0
Run total estimated duration= 215.000
script duration name:unknown120_60 seconds:214.0
script duration name:co2 seconds:0.0
Script duration 214.0
Run total estimated duration= 215.000
script duration name:unknown120_60 seconds:214.0
script duration name:co2 seconds:0.0
Script duration 214.0
Run total estimated duration= 215.000
script duration name:unknown120_60 seconds:214.0
script duration name:co2 seconds:0.0
Script duration 214.0
Run total estimated duration= 215.000
script duration name:unknown120_60 seconds:214.0
script duration name:co2 seconds:0.0
Script duration 214.0
Run total estimated duration= 215.000
script duration name:unknown120_60 seconds:214.0
script duration name:co2 seconds:0.0
Script duration 214.0
Run total estimated duration= 215.000
script duration name:unknown120_60 seconds:214.0
script duration name:co2 seconds:0.0
Script duration 214.0
Run total estimated duration= 215.000
script duration name:unknown120_60 seconds:214.0
script duration name:co2 seconds:0.0
Script duration 214.0
Run total estimated duration= 215.000
script duration name:unknown120_60 seconds:214.0
script duration name:co2 seconds:0.0
Script duration 214.0
Run total estimated duration= 215.000
script duration name:unknown120_60 seconds:214.0
script duration name:co2 seconds:0.0
Script duration 214.0
Run total estimated duration= 215.000
script duration name:unknown120_60 seconds:214.0
script duration name:co2 seconds:0.0
Script duration 214.0
Run total estimated duration= 215.000
script duration name:unknown120_60 seconds:214.0
script duration name:co2 seconds:0.0
Script duration 214.0
Run total estimated duration= 215.000
script duration name:unknown120_60 seconds:214.0
script duration name:co2 seconds:0.0
Script duration 214.0
Run total estimated duration= 215.000
script duration name:unknown120_60 seconds:214.0
script duration name:co2 seconds:0.0
Script duration 214.0
Run total estimated duration= 215.000
loading script "jan_unknown400_120.py"
loading script "jan_pump_ms.py"
loading script "jan_sniffair_x2.py"
loading script "jan_pump_extraction_line.py"
testing...
no interpolation path defined
executed snippet estimated_duration=556.052928, duration=0.000159978866577
script duration name:unknown400_120 seconds:556.0
loading script "jan_unknown400_120.py"
loading script "jan_pump_ms.py"
loading script "jan_sniffair_x2.py"
loading script "jan_pump_extraction_line.py"
testing...
no interpolation path defined
calculate duration
testing...
no interpolation path defined
executed snippet estimated_duration=0, duration=3.69548797607e-05
calculate duration
testing...
no interpolation path defined
executed snippet estimated_duration=0, duration=7.48634338379e-05
calculate duration
testing...
no interpolation path defined
executed snippet estimated_duration=32.0, duration=8.41617584229e-05
calculate duration
testing...
no interpolation path defined
executed snippet estimated_duration=34.0, duration=8.82148742676e-05
calculate duration
testing...
no interpolation path defined
executed snippet estimated_duration=4.0, duration=5.81741333008e-05
calculate duration
testing...
no interpolation path defined
executed snippet estimated_duration=36.0, duration=8.20159912109e-05
calculate duration
testing...
no interpolation path defined
executed snippet estimated_duration=34.0, duration=7.89165496826e-05
calculate duration
testing...
no interpolation path defined
executed snippet estimated_duration=4.0, duration=5.00679016113e-05
calculate duration
testing...
no interpolation path defined
executed snippet estimated_duration=36.0, duration=8.70227813721e-05
calculate duration
testing...
no interpolation path defined
executed snippet estimated_duration=70.0, duration=8.20159912109e-05
executed snippet estimated_duration=250.0, duration=0.0124700069427
script duration name:sniffair_x2 seconds:250.0
Script duration 806.0
Run total estimated duration= 807.000
unknown400_120 in script context. using previous estimated duration
script duration name:unknown400_120 seconds:556.0
sniffair_x2 in script context. using previous estimated duration
script duration name:sniffair_x2 seconds:250.0
Script duration 806.0
Run total estimated duration= 807.000
script duration name:unknown400_120 seconds:556.0
loading script "jan_unknown400_120.py"
loading script "jan_pump_ms.py"
loading script "jan_cocktail_x1.py"
loading script "jan_pump_extraction_line.py"
testing...
no interpolation path defined
calculate duration
testing...
no interpolation path defined
executed snippet estimated_duration=0, duration=4.10079956055e-05
calculate duration
testing...
no interpolation path defined
executed snippet estimated_duration=0, duration=8.70227813721e-05
calculate duration
testing...
no interpolation path defined
executed snippet estimated_duration=32.0, duration=7.10487365723e-05
calculate duration
testing...
no interpolation path defined
executed snippet estimated_duration=34.0, duration=7.29560852051e-05
calculate duration
testing...
no interpolation path defined
executed snippet estimated_duration=4.0, duration=5.00679016113e-05
calculate duration
testing...
no interpolation path defined
executed snippet estimated_duration=38.0, duration=8.08238983154e-05
executed snippet estimated_duration=108.0, duration=0.00552797317505
script duration name:cocktail_x1 seconds:108.0
Script duration 664.0
Run total estimated duration= 665.000
script duration name:unknown400_120 seconds:556.0
cocktail_x1 in script context. using previous estimated duration
script duration name:cocktail_x1 seconds:108.0
Script duration 664.0
Run total estimated duration= 665.000
script duration name:unknown400_120 seconds:556.0
script duration name:co2 seconds:0.0
Script duration 556.0
Run total estimated duration= 557.000
nruns=31 before=5.0, run_dur=9091.0, btw=900.0
write rem/ex queues
/Users/jan/PychronDev/experiments/rem/Load1796.rem.txt
/Users/jan/PychronDev/experiments/rem/Load1796.ex.txt
doing event level: 3
