do run
loading script "jan_unknown120_60.py"
loading script "jan_pump_ms.py"
loading script "jan_co2.py"
loading script "jan_pump_extraction_line.py"
testing...
no interpolation path defined
executed snippet estimated_duration=213.652928, duration=0.000174045562744
script duration name:unknown120_60 seconds:214.0
loading script "jan_unknown120_60.py"
loading script "jan_pump_ms.py"
loading script "jan_co2.py"
loading script "jan_pump_extraction_line.py"
testing...
no interpolation path defined
executed snippet estimated_duration=0, duration=2.09808349609e-05
loading script "jan_unknown120_60.py"
loading script "jan_pump_ms.py"
loading script "jan_co2.py"
loading script "jan_pump_extraction_line.py"
testing...
no interpolation path defined
calculate duration
testing...
no interpolation path defined
executed snippet estimated_duration=0, duration=5.41210174561e-05
calculate duration
testing...
no interpolation path defined
executed snippet estimated_duration=0, duration=8.01086425781e-05
executed snippet estimated_duration=0.0, duration=0.0021448135376
script duration name:co2 seconds:0.0
loading script "jan_unknown120_60.py"
loading script "jan_pump_ms.py"
loading script "jan_co2.py"
loading script "jan_pump_extraction_line.py"
testing...
no interpolation path defined
calculate duration
testing...
no interpolation path defined
executed snippet estimated_duration=4.0, duration=0.000107049942017
executed snippet estimated_duration=4.0, duration=0.00118279457092
Script duration 214.0
Run total estimated duration= 215.000
run duration: 0:03:35
doing event level: 2
21:59:01 -- Setting default integration. t=1.048576
setting integration time = 1.048576
SetIntegrationTime 1.048576 ===>> OK
----------------- start -----------------
**************** Experiment Type: Ar/Ar, Ar/Ar
create new session 5024020528
close session 5024020528
$$$$$ Clearing conditionals
adding conditionals 
Add queue conditionals
add default conditionals
adding default conditionals from /Users/jan/PychronDev/setupfiles/spectrometer/default_conditionals.yaml
Start automated run 65267-10AJ
loading script "jan_unknown120_60.py"
loading script "jan_pump_ms.py"
loading script "jan_co2.py"
loading script "jan_pump_extraction_line.py"
%%%%%%%%%%%%%%%%%% setting automated run 65267-10AJ
No value "sensitivity_multiplier" in metadata
$$$$$$$$$$$$$$$ auto_save_detector_ic=False
============================= Pre Extraction Check =============================
loading queue conditionals pre_run_terminations
loading system conditionals pre_run_terminations
loading conditionals from /Users/jan/PychronDev/setupfiles/spectrometer/default_conditionals.yaml
21:59:01 -- ******* Pre Extraction Check *******
Get a measurement from the spectrometer
GetData ===>> H2,-0.159123827375909,H1,0.000259843253958136,AX,-0.0390167991817874,L1,-0.0739505216324376,L2,-0...
Pre Extraction Termination data. keys=H2,H1,AX,L1,L2,CDD, signals=-0.15912,0.00026,-0.03902,-0.07395,-0.01061,0.00223
21:59:01 -- testing system defined conditionals
Checking default pre extraction terminations n=2
testing CDD
evaluate ot="CDD.inactive" t="CDD", ctx="{'CDD': False}"
GetDeflection CDD ===>> 50
testing CDD==2000
evaluate ot="CDD.deflection==2000" t="CDD==2000", ctx="{'CDD': 50.0}"
21:59:01 -- ******* Pre Extraction Check Passed *******
=================================================================================
21:59:01 -- stopping status monitor
stop 5036682704
Status monitor stopped
Status monitor finished
21:59:02 -- starting status monitor
start 5036682704
StatusMonitor period=1. Frequencies(state=2, checksum=3, lock=5, owner=5)
start extraction
do extraction
Analysis started at 21:59:04.328553
Extraction Started jan_co2.py
21:59:04 -- ******* Extraction Started jan_co2.py *******
state changed from not run to extraction
DO EXTRACTION <pychron.extraction_line.pyscript_runner.RemotePyScriptRunner object at 0x12cc73a70>
testing...
no interpolation path defined
calculate duration
testing...
no interpolation path defined
executed snippet estimated_duration=0, duration=4.79221343994e-05
calculate duration
testing...
no interpolation path defined
executed snippet estimated_duration=0, duration=9.3936920166e-05
executed snippet estimated_duration=100.0, duration=0.00313401222229
Jan CO2 laser analysis
doing GOSUB
testing...
no interpolation path defined
executed snippet estimated_duration=0, duration=4.19616699219e-05
Waiting for CO2 access
wait ('FelixCO2Flag', 0) {}
waiting for FelixCO2Flag = 0
Read FelixCO2Flag ===>> 0
finished waiting
CO2 free
wait ('CO2PumpTimeFlag', 0) {}
waiting for CO2PumpTimeFlag = 0
Read CO2PumpTimeFlag ===>> 0
finished waiting
acquire ('JanCO2Flag',) {'clear': True}
acquire JanCO2Flag
Set JanCO2Flag 1 ===>> OK
JanCO2Flag acquired
set extraction state False (0.75, 'red', 1.5)
CO2 acquired
executed snippet estimated_duration=0, duration=0.0169131755829
WaitForCO2Access.py completed successfully
gosub finished
doing GOSUB
testing...
no interpolation path defined
executed snippet estimated_duration=0, duration=0.000103950500488
Prepare for CO2 analysis
close () {'description': 'Jan Inlet'}
closing name=--- desc=Jan Inlet
checking ownership. requestor=129.138.12.150
check software interlocks R
interlocks []
actuate state mode=None-script, software_lock=False
doing actuation None-script close_channel False
Close R ===>> OK
GetIndicatorState R ===>> False
change switch state (True, True)
update switch state R False args=() kw={} ncanvase=4
21:59:04 -- CLOSE  VALVE-R (Jan Inlet)
---------------------------------------- close None (Jan Inlet) result=[(True, True)]
action=close, ok=True, locked=[False]
open () {'description': 'Jan Ion Pump'}
opening name=--- desc=Jan Ion Pump
checking ownership. requestor=129.138.12.150
check software interlocks O
interlocks []
actuate state mode=None-script, software_lock=False
doing actuation None-script open_channel False
Open O ===>> OK
GetIndicatorState O ===>> OK
change switch state (True, True)
update switch state O True args=() kw={} ncanvase=4
21:59:05 -- OPEN   VALVE-O (Jan Ion Pump)
---------------------------------------- open None (Jan Ion Pump) result=[(True, True)], time=0.09 sec
action=open, ok=True, locked=[False]
close () {'description': 'Microbone to Minibone'}
closing name=--- desc=Microbone to Minibone
checking ownership. requestor=129.138.12.150
check software interlocks L
interlocks []
actuate state mode=None-script, software_lock=False
doing actuation None-script close_channel False
Close L ===>> OK
GetIndicatorState L ===>> False
change switch state (True, True)
update switch state L False args=() kw={} ncanvase=4
21:59:05 -- CLOSE  VALVE-L (Microbone to Minibone)
---------------------------------------- close None (Microbone to Minibone) result=[(True, True)]
action=close, ok=True, locked=[False]
open () {'description': 'Microbone to Turbo'}
opening name=--- desc=Microbone to Turbo
checking ownership. requestor=129.138.12.150
check software interlocks U
interlocks []
actuate state mode=None-script, software_lock=False
doing actuation None-script open_channel False
Open U ===>> OK
GetIndicatorState U ===>> OK
change switch state (True, True)
update switch state U True args=() kw={} ncanvase=4
21:59:06 -- OPEN   VALVE-U (Microbone to Turbo)
---------------------------------------- open None (Microbone to Turbo) result=[(True, True)], time=0.13 sec
action=open, ok=True, locked=[False]
open () {'description': 'Microbone to Inlet Pipette'}
opening name=--- desc=Microbone to Inlet Pipette
checking ownership. requestor=129.138.12.150
check software interlocks S
interlocks []
actuate state mode=None-script, software_lock=False
doing actuation None-script open_channel False
Open S ===>> OK
GetIndicatorState S ===>> OK
change switch state (True, True)
update switch state S True args=() kw={} ncanvase=4
21:59:06 -- OPEN   VALVE-S (Microbone to Inlet Pipette)
---------------------------------------- open None (Microbone to Inlet Pipette) result=[(True, True)], time=0.41 sec
action=open, ok=True, locked=[False]
open () {'description': 'Microbone to Getter D-50'}
opening name=--- desc=Microbone to Getter D-50
checking ownership. requestor=129.138.12.150
check software interlocks K
interlocks []
actuate state mode=None-script, software_lock=False
doing actuation None-script open_channel False
Open K ===>> OK
GetIndicatorState K ===>> OK
change switch state (True, True)
update switch state K True args=() kw={} ncanvase=4
21:59:07 -- OPEN   VALVE-K (Microbone to Getter D-50)
---------------------------------------- open None (Microbone to Getter D-50) result=[(True, True)], time=0.42 sec
action=open, ok=True, locked=[False]
open () {'description': 'Microbone to Getter NP-10'}
opening name=--- desc=Microbone to Getter NP-10
checking ownership. requestor=129.138.12.150
check software interlocks M
interlocks []
actuate state mode=None-script, software_lock=False
doing actuation None-script open_channel False
Open M ===>> OK
GetIndicatorState M ===>> OK
change switch state (True, True)
update switch state M True args=() kw={} ncanvase=4
21:59:07 -- OPEN   VALVE-M (Microbone to Getter NP-10)
---------------------------------------- open None (Microbone to Getter NP-10) result=[(True, True)], time=0.14 sec
action=open, ok=True, locked=[False]
close () {'description': 'CO2 Laser to Felix'}
closing name=--- desc=CO2 Laser to Felix
checking ownership. requestor=129.138.12.150
check software interlocks F
interlocks []
actuate state mode=None-script, software_lock=True
VALVE-F(CO2 Laser to Felix) software locked
change switch state (True, False)
---------------------------------------- close None (CO2 Laser to Felix) result=[(True, False)]
action=close, ok=True, locked=[True]
open () {'description': 'CO2 Laser to Jan'}
opening name=--- desc=CO2 Laser to Jan
checking ownership. requestor=129.138.12.150
check software interlocks A
interlocks []
actuate state mode=None-script, software_lock=False
doing actuation None-script open_channel False
Open A ===>> OK
GetIndicatorState A ===>> OK
change switch state (True, True)
update switch state A True args=() kw={} ncanvase=4
21:59:08 -- OPEN   VALVE-A (CO2 Laser to Jan)
---------------------------------------- open None (CO2 Laser to Jan) result=[(True, True)], time=0.15 sec
action=open, ok=True, locked=[False]
open () {'description': 'Microbone to CO2 Laser'}
opening name=--- desc=Microbone to CO2 Laser
checking ownership. requestor=129.138.12.150
check software interlocks T
interlocks []
actuate state mode=None-script, software_lock=False
doing actuation None-script open_channel False
Open T ===>> OK
GetIndicatorState T ===>> OK
change switch state (True, True)
update switch state T True args=() kw={} ncanvase=4
21:59:09 -- OPEN   VALVE-T (Microbone to CO2 Laser)
---------------------------------------- open None (Microbone to CO2 Laser) result=[(True, True)], time=0.42 sec
action=open, ok=True, locked=[False]
executed snippet estimated_duration=0, duration=4.93844795227
PrepareForCO2Analysis.py completed successfully
gosub finished
set_motor ('beam', '1.5') {}
setting motor "beam" to 1.5
set motor beam to 1.5
SetMotor beam,1.5 ===>> OK
GetMotorMoving beam ===>> False
GetMotorMoving beam ===>> False
Block completed
move_to_position ('49',) {'autocenter': True}
FusionsCO2 move to position 49
sending GoToHole 49,True
GoToHole 49,True ===>> OK
GetDriveMoving ===>> False
GetDriveMoving ===>> False
Block completed
GetAutoCorrecting ===>> False
GetAutoCorrecting ===>> False
Block completed
update position
GetPosition ===>> 5.98170,7.97560,1.00000
got position (5.9817, 7.9756, 1.0)
move to position succeeded
sleep (5,) {}
SLEEP 5.0
block started
WaitControl setup for 5.0  
Join finished
block finished. duration 5.06350517273
close () {'description': 'Microbone to Turbo'}
closing name=--- desc=Microbone to Turbo
checking ownership. requestor=129.138.12.150
check software interlocks U
interlocks []
actuate state mode=None-script, software_lock=False
doing actuation None-script close_channel True
Close U ===>> OK
set states for children of U. state=False
handle state [('U', False)]
update switch state U False args=() kw={'refresh': False} ncanvase=4
GetIndicatorState U ===>> False
refresh_canvas_needed fired
change switch state (True, True)
update switch state U False args=() kw={} ncanvase=4
21:59:17 -- CLOSE  VALVE-U (Microbone to Turbo)
---------------------------------------- close None (Microbone to Turbo) result=[(True, True)]
action=close, ok=True, locked=[False]
enable laser
enable () {}
set extraction state FusionsCO2 Enabled (False, 'red', 1.5)
enabling laser
Enable ===>> OK
begin interval
BEGIN INTERVAL Interval 1 waiting for 30.0
block started
WaitControl setup for 30.0  
set extract to 1.05
extract (1.05,) {}
GetPosition ===>> 5.98170,7.97560,1.00000
set extraction state FusionsCO2 ON! 1.05(watts) (0.75, 'red', 1.5)
extract sample to 1.05 (watts)
set laser output
SetLaserOutput 1.05,watts ===>> OK
COMPLETE INTERVAL waiting for Interval 1 to complete
Join finished
block finished. duration 30.1336271763
Interval 1 finished
end_extract () {}
ending extraction. set laser power to 0
set laser power 0
SetLaserPower 0 ===>> OK
disable () {}
%%%%%%%%%%%%%%%%%%%%%%%%%%%%%%%%%%% disable
set extraction state False (0.75, 'red', 1.5)
disabling laser
Disable ===>> OK
sleep (30.0,) {}
SLEEP 30.0
block started
WaitControl setup for 30.0  
Join finished
block finished. duration 30.1445980072
executed snippet estimated_duration=195.0, duration=74.4733657837
jan_co2.py completed successfully
GetAchievedOutput ===>> No Response
Requested Output= 0.000
Achieved Output=  0.000
GetResponseBlob ===>> No Response
GetOutputBlob ===>> No Response
persistence save...
persistence save - db
AutomatedRunPersister post_extraction_save deprecated
persistence save - dvc
no extraction position for 49
create new session 4995223376
close session 4995223376
Extraction Finished
22:00:18 -- ******* Extraction Finished *******
no overlap. not waiting for min ms pumptime
22:00:18 -- Sending spectrometer configuration
======== Sending configuration ========
SetDeflection CDD,50.0 ===>> OK
SetDeflection H2,0.0 ===>> OK
SetDeflection H1,0.0 ===>> OK
SetDeflection L2,825.0 ===>> OK
SetDeflection L1,400.0 ===>> OK
SetDeflection AX,190.0 ===>> OK
SetZFocus 74.64 ===>> OK
SetZSymmetry -50.72 ===>> OK
SetExtractionLens 26.13 ===>> OK
SetIonRepeller -3.81 ===>> OK
SetElectronEnergy 75.08 ===>> OK
SetYSymmetry -2.81 ===>> OK
SetIonCounterVoltage 1590.0 ===>> OK
send trap current 200.0
GetParameter Trap Current Readback ===>> 197.923274125618
SetParameter Trap Current Set,200.0 ===>> OK
updating mftable name mftable
Using mftable located at /Users/jan/PychronDev/setupfiles/spectrometer/mftables/mftable.csv
============ MFtable ===========
Isotope  H2     H1     AX     L1     L2     CDD    
Ar40     5.8262 5.8797 5.9929 6.1661 6.2313 6.3944
Ar39     5.7255 5.7720 5.8853 6.0522 6.1164 6.2809
Ar36     5.4030 5.4410 5.5487 5.7111 5.7714 5.9319
================================
get initial guess parabolic
get initial guess parabolic
get initial guess parabolic
get initial guess parabolic
get initial guess parabolic
get initial guess parabolic
======== Configuration Finished ========
GetYSymmetry ===>> -2.81
GetZSymmetry ===>> -50.72
GetParameter Trap Current Readback ===>> 198.258926936459
GetHighVoltage ===>> 4500
start measurement
do measurement
L#=65267 analysis type=unknown
Measurement Started jan_unknown120_60.py
22:00:19 -- ******* Measurement Started jan_unknown120_60.py *******
state changed from extraction to measurement
setting spec, defl, and gains
GetExtractionLens ===>> 26.13
GetYSymmetry ===>> -2.81
GetZSymmetry ===>> -50.72
GetZFocus ===>> 74.64
GetDeflection H2 ===>> 0
GetDeflection H1 ===>> 0
GetDeflection AX ===>> 190
GetDeflection L1 ===>> 400
GetDeflection L2 ===>> 825
GetDeflection CDD ===>> 50
GetGain H2 ===>> 0.0113
GetGain H1 ===>> 0.1
GetGain AX ===>> 0.097049
GetGain L1 ===>> 0.010355
GetGain L2 ===>> 0.095649
GetGain CDD ===>> 0
pre measurement save
New frame /Users/jan/PychronDev/data/isotopes/f6/09fd15-b81f-4929-aa5a-023732101835.h5
flush and close file /Users/jan/PychronDev/data/isotopes/f6/09fd15-b81f-4929-aa5a-023732101835.h5
testing...
no interpolation path defined
executed snippet estimated_duration=226.132928, duration=0.000128984451294
unknown measurement script
activate_detectors ('H2', 'H1', 'AX', 'L1', 'L2', 'CDD') {}
activate detectors
*************** Set Analysis View Ar/Ar
create graphs
clearing graphs
clear isotope group
setting isotope det=H2, iso=PM41
setting isotope det=H1, iso=Ar40
setting isotope det=AX, iso=Ar39
setting isotope det=L1, iso=Ar38
setting isotope det=L2, iso=Ar37
setting isotope det=CDD, iso=Ar36
setting previous blanks
 - setting Ar40 blank 0.359+/-0.007
 - setting Ar36 blank 0.00467+/-0.00017
 - setting Ar37 blank 0.069+/-0.005
 - setting Ar38 blank 0.0105+/-0.0022
 - setting PM41 blank 0.03+/-0.07
 - setting Ar39 blank 0.039+/-0.009
load analysis view
position_magnet ('Ar40',) {'detector': 'H1'}
detector Detector(H1)
POSITION Ar40 H1
setting detector H2 to PM41 (40.9624)
setting detector H1 to Ar40 (39.9624)
setting detector AX to Ar39 (38.9624)
setting detector L1 to Ar38 (37.9624)
setting detector L2 to Ar37 (36.9624)
setting detector CDD to Ar36 (35.9624)
Mapping mass to dac mass func: "parabolic"
H1 map mass coeffs = [-0.00063987  0.15840543  0.57130999]
H1 map mass to dac 39.9624 >> 5.8797
GetDeflection H1 ===>> 0
GetHighVoltage ===>> 4500
positioning Ar40 (5.8797) on H1
setting magnet DAC
current  : 5.879700
requested: 5.879700
Delta Dac: 0.000000
Checking detector protection. dv=0.00000
Checking detector "CDD". Protection Threshold: 0.1 (V)
SetMagnetDAC 5.8797 ===>> OK
Magnet settling time: 0.500
update labels <pychron.experiment.plot_panel.PlotPanel object at 0x16ba4de90>
update labels "<pychron.graph.stacked_regression_graph.StackedRegressionGraph object at 0x15518d470>"
setting label 0 H2 PM41
setting label 1 H1 Ar40
setting label 2 AX Ar39
setting label 3 L1 Ar38
setting label 4 L2 Ar37
setting label 5 CDD Ar36
update labels "<pychron.graph.stacked_graph.StackedGraph object at 0x1671a3710>"
setting label 0 H2 PM41
setting label 1 H1 Ar40
setting label 2 AX Ar39
setting label 3 L1 Ar38
setting label 4 L2 Ar37
equilibrate () {'delay': 3, 'inlet': 'R', 'outlet': 'O', 'eqtime': 12.0}
setting label 5 CDD Ar36
Equilibration Started
22:00:20 -- ******* Equilibration Started *******
checking ownership. requestor=129.138.12.150
check software interlocks O
interlocks []
actuate state mode=None-script, software_lock=False
doing actuation None-script close_channel True
Close O ===>> OK
GetIndicatorState O ===>> False
change switch state (True, True)
update switch state O False args=() kw={} ncanvase=4
22:00:20 -- CLOSE  VALVE-O (Jan Ion Pump)
waiting 3s before opening inlet value ('R',)
checking ownership. requestor=129.138.12.150
check software interlocks R
interlocks []
actuate state mode=None-script, software_lock=False
doing actuation None-script open_channel True
Open R ===>> OK
GetIndicatorState R ===>> OK
change switch state (True, True)
update switch state R True args=() kw={} ncanvase=4
22:00:23 -- OPEN   VALVE-R (Jan Inlet)
set_time_zero () {}
equilibrating for 12.0sec
sniff (12.0,) {}
py_sniff
build tables- sniff [Detector(H2), Detector(H1), Detector(AX), Detector(L1), Detector(L2), Detector(CDD)]
add group /sniff/PM41 (Group) '' table H2
add group /sniff/Ar40 (Group) '' table H1
add group /sniff/Ar39 (Group) '' table AX
add group /sniff/Ar38 (Group) '' table L1
add group /sniff/Ar37 (Group) '' table L2
add group /sniff/Ar36 (Group) '' table CDD
flush and close file /Users/jan/PychronDev/data/isotopes/f6/09fd15-b81f-4929-aa5a-023732101835.h5
measuring sniff. ncounts=12.0
"sniff" increment series count="1" fit count="0" regressing="False"
starting measurement
check iteration duration=2.19345092773e-05
GetData ===>> H2,0.10262522134233,H1,10.8674690773705,AX,0.615243533508496,L1,0.0531430473003559,L2,0.118644137...
check iteration duration=4.29153442383e-05
GetData ===>> H2,1.04749359397576,H1,67.1889856526357,AX,1.86620904642582,L1,0.182586935939784,L2,0.18893377465...
check iteration duration=3.91006469727e-05
GetData ===>> H2,0.517944206235307,H1,93.7374857443834,AX,1.4446036226775,L1,0.172693968585343,L2,0.11390147494...
check iteration duration=4.10079956055e-05
GetData ===>> H2,0.133815961992547,H1,102.235946590784,AX,1.20562746471935,L1,0.0924209757598944,L2,0.140091660...
check iteration duration=3.60012054443e-05
GetData ===>> H2,0.0319395136029354,H1,105.370022780145,AX,1.23418144897961,L1,0.0731909188544182,L2,0.06116789...
check iteration duration=5.57899475098e-05
GetData ===>> H2,-0.0239442598508169,H1,106.674177057722,AX,1.2072842318209,L1,0.0685185903009996,L2,0.06015286...
check iteration duration=4.41074371338e-05
GetData ===>> H2,-0.0478843481326136,H1,107.178068767858,AX,1.24211783080005,L1,0.0468210464302479,L2,0.0259559...
check iteration duration=3.981590271e-05
GetData ===>> H2,-0.0683464086227488,H1,107.568857531467,AX,1.16034991498788,L1,0.0231399143203661,L2,0.0355558...
check iteration duration=1.90734863281e-05
GetData ===>> H2,-0.0964469336719436,H1,107.555745095679,AX,1.21373655671363,L1,0.0161410000552895,L2,0.0737597...
check iteration duration=4.29153442383e-05
GetData ===>> H2,-0.144513312696116,H1,107.598534273964,AX,1.10194444956392,L1,0.0247203279155926,L2,0.01159210...
check iteration duration=1.69277191162e-05
GetData ===>> H2,-0.194508904606259,H1,107.641206913004,AX,1.18081431372568,L1,0.0331270327894839,L2,0.05973088...
check iteration duration=2.90870666504e-05
GetData ===>> H2,-0.209876588684679,H1,107.651713881616,AX,1.16085185118355,L1,0.0673114317243162,L2,-0.0110208...
Equilibration Finished
22:00:36 -- ******* Equilibration Finished *******
checking ownership. requestor=129.138.12.150
check software interlocks R
interlocks []
actuate state mode=None-script, software_lock=False
doing actuation None-script close_channel True
Close R ===>> OK
set states for children of R. state=False
handle state [('R', False)]
update switch state R False args=() kw={'refresh': False} ncanvase=4
refresh_canvas_needed fired
GetIndicatorState R ===>> False
change switch state (True, True)
update switch state R False args=() kw={} ncanvase=4
22:00:36 -- CLOSE  VALVE-R (Jan Inlet)
Post Equilibration Started jan_pump_extraction_line.py
22:00:36 -- ******* Post Equilibration Started jan_pump_extraction_line.py *******
testing...
no interpolation path defined
calculate duration
testing...
no interpolation path defined
executed snippet estimated_duration=4.0, duration=0.000185012817383
executed snippet estimated_duration=4.0, duration=0.00205492973328
Pump after analysis
doing GOSUB
testing...
no interpolation path defined
executed snippet estimated_duration=4.0, duration=0.000137090682983
Pump Microbone
close () {'description': 'Jan Inlet'}
closing name=--- desc=Jan Inlet
checking ownership. requestor=129.138.12.150
check software interlocks R
interlocks []
actuate state mode=None-script, software_lock=False
doing actuation None-script close_channel False
check iteration duration=1.50203704834e-05
waiting for write to finish
measurement finished
estimated time: 12.583 actual time: :12.693
flush and close file /Users/jan/PychronDev/data/isotopes/f6/09fd15-b81f-4929-aa5a-023732101835.h5
set_fits () {}
using default fits file=/Users/jan/PychronDev/scripts/measurement/fits/nominal_linear.yaml
set "Ar40" to "('Linear', 'SEM')"
No fit for "PM41". defaulting to linear. check the measurement script "jan_unknown120_60.py"
set "PM41" to "linear"
set "Ar36" to "('Linear', 'SEM')"
set "Ar37" to "('linear', 'SEM')"
set "Ar38" to "('linear', 'SEM')"
set "Ar39" to "('Linear', 'SEM')"
set_baseline_fits () {}
using default fits file=/Users/jan/PychronDev/scripts/measurement/fits/nominal_linear.yaml
Close R ===>> OK
set "H1" to "('average', 'SEM')"
set "H2" to "('average', 'SEM')"
set "CDD" to "('average', 'SEM')"
set "L2" to "('average', 'SEM')"
set "L1" to "('average', 'SEM')"
set "AX" to "('average', 'SEM')"
multicollect () {'integration_time': 1, 'ncounts': 120}
build tables- signal [Detector(H2), Detector(H1), Detector(AX), Detector(L1), Detector(L2), Detector(CDD)]
add group /signal/PM41 (Group) '' table H2
add group /signal/Ar40 (Group) '' table H1
add group /signal/Ar39 (Group) '' table AX
add group /signal/Ar38 (Group) '' table L1
add group /signal/Ar37 (Group) '' table L2
add group /signal/Ar36 (Group) '' table CDD
flush and close file /Users/jan/PychronDev/data/isotopes/f6/09fd15-b81f-4929-aa5a-023732101835.h5
measuring signal. ncounts=120
GetIndicatorState R ===>> False
change switch state (True, True)
update switch state R False args=() kw={} ncanvase=4
22:00:37 -- CLOSE  VALVE-R (Jan Inlet)
---------------------------------------- close None (Jan Inlet) result=[(True, True)]
"signal" increment series count="2" fit count="1" regressing="True"
action=close, ok=True, locked=[False]
is_closed ('F',) {}
is F () closed?
is closed True
open () {'description': 'CO2 Laser to Jan'}
opening name=--- desc=CO2 Laser to Jan
checking ownership. requestor=129.138.12.150
check software interlocks A
interlocks []
actuate state mode=None-script, software_lock=False
doing actuation None-script open_channel False
Open A ===>> OK
GetIndicatorState A ===>> OK
change switch state (True, True)
update switch state A True args=() kw={} ncanvase=4
22:00:37 -- OPEN   VALVE-A (CO2 Laser to Jan)
---------------------------------------- open None (CO2 Laser to Jan) result=[(True, True)], time=0.12 sec
starting measurement
check iteration duration=6.79492950439e-05
GetData ===>> H2,-0.150345845460537,H1,107.480338191019,AX,1.15396504419484,L1,0.0357279657982777,L2,0.08305710...
action=open, ok=True, locked=[False]
sleep (1,) {}
SLEEP 1.0
check iteration duration=5.91278076172e-05
GetData ===>> H2,0.0361565895307913,H1,107.635885946947,AX,1.31282668661076,L1,0.0483996725156901,L2,0.10669672...
close () {'description': 'CO2 Laser to Roughing'}
closing name=--- desc=CO2 Laser to Roughing
checking ownership. requestor=129.138.12.150
check software interlocks G
interlocks []
actuate state mode=None-script, software_lock=True
VALVE-G(CO2 Laser to Roughing) software locked
change switch state (True, False)
---------------------------------------- close None (CO2 Laser to Roughing) result=[(True, False)]
action=close, ok=True, locked=[True]
open () {'description': 'Microbone to Turbo'}
opening name=--- desc=Microbone to Turbo
checking ownership. requestor=129.138.12.150
check software interlocks U
interlocks []
actuate state mode=None-script, software_lock=False
doing actuation None-script open_channel True
Open U ===>> OK
GetIndicatorState U ===>> OK
change switch state (True, True)
update switch state U True args=() kw={} ncanvase=4
22:00:39 -- OPEN   VALVE-U (Microbone to Turbo)
---------------------------------------- open None (Microbone to Turbo) result=[(True, True)], time=0.15 sec
action=open, ok=True, locked=[False]
open () {'description': 'Microbone to Getter NP-10'}
opening name=--- desc=Microbone to Getter NP-10
checking ownership. requestor=129.138.12.150
check software interlocks M
interlocks []
actuate state mode=None-script, software_lock=False
doing actuation None-script open_channel False
Open M ===>> OK
GetIndicatorState M ===>> OK
change switch state (True, True)
update switch state M True args=() kw={} ncanvase=4
22:00:39 -- OPEN   VALVE-M (Microbone to Getter NP-10)
---------------------------------------- open None (Microbone to Getter NP-10) result=[(True, True)], time=0.13 sec
action=open, ok=True, locked=[False]
open () {'description': 'Microbone to Getter D-50'}
opening name=--- desc=Microbone to Getter D-50
checking ownership. requestor=129.138.12.150
check software interlocks K
interlocks []
actuate state mode=None-script, software_lock=False
doing actuation None-script open_channel False
check iteration duration=3.69548797607e-05
GetData ===>> H2,-0.0490503603741802,H1,107.798949656833,AX,1.17291788769753,L1,0.0518403215479181,L2,0.0819516...
Open K ===>> OK
GetIndicatorState K ===>> OK
change switch state (True, True)
update switch state K True args=() kw={} ncanvase=4
22:00:40 -- OPEN   VALVE-K (Microbone to Getter D-50)
---------------------------------------- open None (Microbone to Getter D-50) result=[(True, True)], time=0.41 sec
action=open, ok=True, locked=[False]
open () {'description': 'Microbone to CO2 Laser'}
opening name=--- desc=Microbone to CO2 Laser
checking ownership. requestor=129.138.12.150
check software interlocks T
interlocks []
actuate state mode=None-script, software_lock=False
doing actuation None-script open_channel False
Open T ===>> OK
GetIndicatorState T ===>> OK
change switch state (True, True)
update switch state T True args=() kw={} ncanvase=4
22:00:40 -- OPEN   VALVE-T (Microbone to CO2 Laser)
---------------------------------------- open None (Microbone to CO2 Laser) result=[(True, True)], time=0.43 sec
check iteration duration=7.82012939453e-05
GetData ===>> H2,-0.121629094776703,H1,107.53841638769,AX,1.12987670281546,L1,0.0139495828313612,L2,0.137594333...
action=open, ok=True, locked=[False]
open () {'description': 'Microbone to Inlet Pipette'}
opening name=--- desc=Microbone to Inlet Pipette
checking ownership. requestor=129.138.12.150
check software interlocks S
interlocks []
actuate state mode=None-script, software_lock=False
doing actuation None-script open_channel False
Open S ===>> OK
GetIndicatorState S ===>> OK
change switch state (True, True)
update switch state S True args=() kw={} ncanvase=4
22:00:41 -- OPEN   VALVE-S (Microbone to Inlet Pipette)
---------------------------------------- open None (Microbone to Inlet Pipette) result=[(True, True)], time=0.42 sec
action=open, ok=True, locked=[False]
sleep (1,) {}
SLEEP 1.0
testing H1>-5.0
evaluate ot="H1.bs>-5.0" t="H1>-5.0", ctx="{'H1': None}"
check iteration duration=0.000600099563599
GetData ===>> H2,-0.138925153854988,H1,107.504626436289,AX,1.04268773112118,L1,-0.0286680337932085,L2,0.0064740...
set_resource () {'name': 'CO2PumpTimeFlag', 'value': 30}
Set CO2PumpTimeFlag 30 ===>> OK
release ('JanCO2Flag',) {}
release JanCO2Flag
Set JanCO2Flag 0 ===>> OK
executed snippet estimated_duration=6.0, duration=5.9654109478
PumpMicrobone.py completed successfully
gosub finished
get_resource_value () {'name': 'JanMiniboneFlag'}
Read JanMiniboneFlag ===>> 0
Get Resource Value JanMiniboneFlag=0.0
get resource value 0.0
get_resource_value () {'name': 'JanMiniboneFlag'}
Read JanMiniboneFlag ===>> 0
Get Resource Value JanMiniboneFlag=0.0
executed snippet estimated_duration=4.0, duration=5.97962284088
jan_pump_extraction_line.py completed successfully
Post Equilibration Finished
22:00:42 -- ******* Post Equilibration Finished *******
check iteration duration=6.38961791992e-05
GetData ===>> H2,-0.130949659179193,H1,107.576982300559,AX,1.20315403359327,L1,-0.0265570767092779,L2,-0.033525...
check iteration duration=3.71932983398e-05
GetData ===>> H2,-0.0592041426014985,H1,107.449723242801,AX,1.1625147061296,L1,0.00994862407793196,L2,-0.028011...
check iteration duration=7.20024108887e-05
GetData ===>> H2,-0.0930513055588552,H1,107.404125838073,AX,1.01376631720073,L1,-0.011608451161143,L2,0.0602783...
check iteration duration=8.29696655273e-05
GetData ===>> H2,-0.112321162163717,H1,107.574487969157,AX,1.08011990241779,L1,0.0220103408357763,L2,-0.0371718...
testing H1>-5.0
evaluate ot="H1.bs>-5.0" t="H1>-5.0", ctx="{'H1': None}"
check iteration duration=0.000684022903442
GetData ===>> H2,-0.174418350612511,H1,107.437676293715,AX,1.17528558228429,L1,0.00965938741204342,L2,0.0661861...
check iteration duration=3.50475311279e-05
GetData ===>> H2,-0.151249227956977,H1,107.403960853916,AX,1.152039159416,L1,0.0191701429718968,L2,0.0368214652...
check iteration duration=8.51154327393e-05
GetData ===>> H2,-0.203257410738686,H1,107.279411669218,AX,1.04531101490689,L1,0.01485010757605,L2,-0.033628524...
check iteration duration=8.41617584229e-05
GetData ===>> H2,-0.166479718976653,H1,107.341334655272,AX,1.13802219384451,L1,-0.00133448645748977,L2,0.062080...
check iteration duration=9.29832458496e-05
GetData ===>> H2,-0.147868938898285,H1,107.305130496954,AX,1.20076233176596,L1,0.0112436900540878,L2,0.00871959...
testing H1>-5.0
evaluate ot="H1.bs>-5.0" t="H1>-5.0", ctx="{'H1': None}"
check iteration duration=0.000606060028076
GetData ===>> H2,-0.137436766318672,H1,107.410835343756,AX,1.28265008775868,L1,0.0174680897946904,L2,0.04757418...
check iteration duration=8.41617584229e-05
GetData ===>> H2,-0.0301208060137707,H1,107.342159241965,AX,1.12762455912819,L1,0.0127285998092411,L2,0.0229120...
check iteration duration=5.19752502441e-05
GetData ===>> H2,-0.0980638008429178,H1,107.043721296474,AX,1.15329973426138,L1,-0.00184687385114447,L2,0.10702...
check iteration duration=3.91006469727e-05
GetData ===>> H2,-0.0875099992889951,H1,107.315921229311,AX,1.12305041639213,L1,-0.0502404800610087,L2,-0.05193...
check iteration duration=4.79221343994e-05
GetData ===>> H2,-0.105266490902517,H1,107.13902400675,AX,1.12985336427327,L1,-0.00775004744325112,L2,0.0181581...
testing H1>-5.0
evaluate ot="H1.bs>-5.0" t="H1>-5.0", ctx="{'H1': None}"
check iteration duration=0.000594854354858
GetData ===>> H2,-0.197133378537826,H1,106.918760510814,AX,1.13505799689957,L1,0.0137910988038667,L2,0.05571649...
check iteration duration=8.17775726318e-05
GetData ===>> H2,-0.157203056424151,H1,106.860636429657,AX,1.23807953264351,L1,0.0149569751871264,L2,0.04764260...
check iteration duration=8.70227813721e-05
GetData ===>> H2,-0.155638643796967,H1,106.846691777508,AX,1.04754960601059,L1,0.0182788414530391,L2,-0.0188612...
check iteration duration=7.91549682617e-05
GetData ===>> H2,-0.225579877795628,H1,106.955083287932,AX,1.04745633035893,L1,0.03023482331967,L2,-0.029435575...
check iteration duration=8.60691070557e-05
GetData ===>> H2,-0.257442275584447,H1,107.022719606408,AX,1.02141258290847,L1,0.0172302816784993,L2,0.01959455...
testing H1>-5.0
evaluate ot="H1.bs>-5.0" t="H1>-5.0", ctx="{'H1': None}"
check iteration duration=0.000561952590942
22:01:03 -- collecting point 25
GetData ===>> H2,-0.251684207817461,H1,107.10579249734,AX,1.04952007492882,L1,-0.0186268469171269,L2,0.13584966...
check iteration duration=3.91006469727e-05
GetData ===>> H2,-0.222846008898522,H1,107.016989042284,AX,1.00396458527818,L1,-0.0198402798873968,L2,-0.008228...
check iteration duration=4.10079956055e-05
GetData ===>> H2,-0.170083010962715,H1,107.002068608343,AX,1.01488524559265,L1,0.0135701858332784,L2,0.13216657...
check iteration duration=4.10079956055e-05
GetData ===>> H2,-0.210256480925259,H1,107.001482804923,AX,1.16961720702999,L1,0.0180662380431048,L2,-0.0268148...
check iteration duration=9.29832458496e-05
GetData ===>> H2,-0.156395208815751,H1,106.808048652195,AX,1.16590844771095,L1,0.0221244941092159,L2,0.05865884...
testing H1>-5.0
evaluate ot="H1.bs>-5.0" t="H1>-5.0", ctx="{'H1': None}"
check iteration duration=0.000647068023682
GetData ===>> H2,-0.141056682152596,H1,106.751528647806,AX,1.09156231043782,L1,-0.00957512005737282,L2,-0.04139...
check iteration duration=8.51154327393e-05
GetData ===>> H2,-0.213622415222044,H1,106.734649847855,AX,1.05112912631189,L1,-0.0149400866601902,L2,0.0529452...
check iteration duration=7.60555267334e-05
GetData ===>> H2,-0.273436850235498,H1,106.755131405633,AX,1.13614330269016,L1,0.00806453435188428,L2,-0.008342...
check iteration duration=4.19616699219e-05
GetData ===>> H2,-0.162911735758715,H1,106.715414302449,AX,1.08868117039347,L1,0.013283246324868,L2,-0.04175184...
check iteration duration=8.60691070557e-05
GetData ===>> H2,-0.0578262340054072,H1,106.747706525105,AX,1.12253700554747,L1,0.0383379861849736,L2,0.0342674...
testing H1>-5.0
evaluate ot="H1.bs>-5.0" t="H1>-5.0", ctx="{'H1': None}"
check iteration duration=0.000603914260864
GetData ===>> H2,-0.116216294663549,H1,106.599864333062,AX,1.14800076039117,L1,0.0102918783641841,L2,0.05896676...
check iteration duration=3.81469726562e-05
GetData ===>> H2,-0.267446225410359,H1,106.666458854755,AX,1.06542519369014,L1,-0.0140548575733859,L2,0.0399228...
check iteration duration=8.70227813721e-05
GetData ===>> H2,-0.303305914525794,H1,106.60408734454,AX,1.05559496549216,L1,-0.0254343270963587,L2,0.06388230...
check iteration duration=8.70227813721e-05
GetData ===>> H2,-0.148804932841186,H1,106.643672302782,AX,1.15234262965482,L1,-0.00436403319653097,L2,0.034472...
check iteration duration=3.91006469727e-05
GetData ===>> H2,-0.136063112816774,H1,106.484349174579,AX,1.05170046251532,L1,-0.00760134100887602,L2,0.080709...
testing H1>-5.0
evaluate ot="H1.bs>-5.0" t="H1>-5.0", ctx="{'H1': None}"
check iteration duration=0.000916004180908
GetData ===>> H2,-0.12967385250506,H1,106.505726851411,AX,1.1028310652846,L1,-0.00386856968527348,L2,0.01382633...
check iteration duration=3.91006469727e-05
GetData ===>> H2,-0.0838182920112273,H1,106.320567425232,AX,1.07160603250526,L1,0.0167126480575358,L2,-0.021151...
check iteration duration=3.60012054443e-05
GetData ===>> H2,-0.0409508898444393,H1,106.342790558106,AX,1.00866136877527,L1,0.0165216948032908,L2,-0.074636...
check iteration duration=3.79085540771e-05
GetData ===>> H2,-0.0221094781403343,H1,106.471993217171,AX,1.05370599559167,L1,0.023941507594266,L2,0.02928502...
check iteration duration=5.29289245605e-05
GetData ===>> H2,-0.10386042318472,H1,106.34525593574,AX,0.984969969288994,L1,0.0105943358886415,L2,0.021703569...
testing H1>-5.0
evaluate ot="H1.bs>-5.0" t="H1>-5.0", ctx="{'H1': None}"
check iteration duration=0.000585079193115
GetData ===>> H2,-0.154269943415315,H1,106.256382348675,AX,1.16960554404465,L1,-0.0102381558164366,L2,0.0373687...
check iteration duration=9.3936920166e-05
GetData ===>> H2,-0.136854065510473,H1,106.335102486952,AX,1.21680535224279,L1,-0.00179647624725442,L2,0.022205...
check iteration duration=6.103515625e-05
GetData ===>> H2,-0.130487475130306,H1,106.252236709801,AX,1.11064763027919,L1,-0.0160831987851435,L2,0.1096834...
check iteration duration=7.70092010498e-05
GetData ===>> H2,-0.100733700944195,H1,106.132390420822,AX,1.11142932110682,L1,-0.012309711251727,L2,0.04494005...
check iteration duration=5.29289245605e-05
GetData ===>> H2,-0.180806571630822,H1,106.057687430277,AX,1.15859899491223,L1,0.029898434018652,L2,0.034381462...
testing H1>-5.0
evaluate ot="H1.bs>-5.0" t="H1>-5.0", ctx="{'H1': None}"
check iteration duration=0.000810146331787
22:01:29 -- collecting point 50
GetData ===>> H2,-0.203901711010677,H1,106.258080814612,AX,1.22566222526567,L1,0.0359491481558182,L2,0.10822426...
check iteration duration=8.51154327393e-05
GetData ===>> H2,-0.227720722170937,H1,106.153486790472,AX,1.09962295433606,L1,-0.0173509057931042,L2,0.0340394...
check iteration duration=7.89165496826e-05
GetData ===>> H2,-0.248169845747244,H1,106.243397924773,AX,1.07140777312557,L1,-0.0149364879909524,L2,0.0740563...
check iteration duration=4.29153442383e-05
GetData ===>> H2,-0.156657292777637,H1,106.109947974633,AX,1.07364696123035,L1,-0.0102561399031104,L2,0.0340052...
check iteration duration=5.3882598877e-05
GetData ===>> H2,-0.109720505526481,H1,106.149562937756,AX,1.09291542571626,L1,0.00900413505765064,L2,0.0318617...
testing H1>-5.0
evaluate ot="H1.bs>-5.0" t="H1>-5.0", ctx="{'H1': None}"
check iteration duration=0.000612020492554
GetData ===>> H2,-0.048169414536917,H1,106.071321277198,AX,1.1899129056947,L1,0.0186091663818001,L2,0.061327563...
check iteration duration=8.08238983154e-05
GetData ===>> H2,-0.0369225461176552,H1,105.968814282747,AX,1.20500910108184,L1,0.0100962459916231,L2,0.0538234...
check iteration duration=3.91006469727e-05
GetData ===>> H2,-0.173902600682763,H1,105.919292471057,AX,1.22202135838731,L1,-0.0223374288764768,L2,-0.065502...
check iteration duration=8.60691070557e-05
GetData ===>> H2,-0.157050407358309,H1,105.834820756311,AX,1.07118618958821,L1,0.00123744411655299,L2,-0.044622...
check iteration duration=8.51154327393e-05
GetData ===>> H2,-0.224093166106006,H1,106.040751758119,AX,1.03578591590209,L1,-0.0195884925893975,L2,0.1825447...
testing H1>-5.0
evaluate ot="H1.bs>-5.0" t="H1>-5.0", ctx="{'H1': None}"
check iteration duration=0.000601768493652
GetData ===>> H2,-0.222592789547038,H1,105.951760771756,AX,1.0646322086599,L1,-0.0407499404708756,L2,0.05666305...
check iteration duration=8.79764556885e-05
GetData ===>> H2,-0.215740594794886,H1,105.821017137356,AX,1.11956160935031,L1,-0.0277108499337945,L2,-0.094883...
check iteration duration=8.60691070557e-05
GetData ===>> H2,-0.148286296391766,H1,105.881291758404,AX,1.12844139282,L1,0.0127550108558186,L2,-0.0501364751...
check iteration duration=3.69548797607e-05
GetData ===>> H2,-0.12719478210209,H1,105.97155031697,AX,1.08017821914892,L1,0.000242438332657588,L2,0.00254170...
check iteration duration=3.79085540771e-05
GetData ===>> H2,-0.0779722176499722,H1,105.913599972822,AX,1.10887426527532,L1,0.0202621548199521,L2,0.1325770...
testing H1>-5.0
evaluate ot="H1.bs>-5.0" t="H1>-5.0", ctx="{'H1': None}"
check iteration duration=0.000611066818237
GetData ===>> H2,-0.215394549348147,H1,105.804115326373,AX,1.07617777195457,L1,0.0438054679297247,L2,-0.0333664...
check iteration duration=8.41617584229e-05
GetData ===>> H2,-0.190287101634959,H1,105.811462917708,AX,1.07611945760687,L1,0.0475700514850376,L2,0.08023076...
check iteration duration=8.39233398438e-05
GetData ===>> H2,-0.0834552861507664,H1,105.746294987985,AX,1.21297812396707,L1,0.0292112736035734,L2,0.0572332...
check iteration duration=9.48905944824e-05
GetData ===>> H2,-0.165669832712292,H1,105.834109575108,AX,1.11888486519115,L1,-0.0224021570934827,L2,0.0374485...
check iteration duration=8.01086425781e-05
GetData ===>> H2,-0.238724201287845,H1,105.646441108889,AX,1.01380128351928,L1,-0.0587041735568809,L2,0.0251921...
testing H1>-5.0
evaluate ot="H1.bs>-5.0" t="H1>-5.0", ctx="{'H1': None}"
check iteration duration=0.000650882720947
GetData ===>> H2,-0.209151794327737,H1,105.660747908425,AX,1.13697187757481,L1,-0.0477884989883794,L2,-0.014371...
check iteration duration=9.58442687988e-05
GetData ===>> H2,-0.21230256040802,H1,105.685482692155,AX,1.12181356756347,L1,-0.0297892246706791,L2,0.05262598...
check iteration duration=8.39233398438e-05
GetData ===>> H2,-0.129184569616661,H1,105.802346852111,AX,1.14588825384478,L1,-0.00174487843908989,L2,0.118849...
check iteration duration=3.81469726562e-05
GetData ===>> H2,-0.182057339388455,H1,105.602836409483,AX,1.1557158814103,L1,-0.00977415527069573,L2,0.0301971...
check iteration duration=8.01086425781e-05
GetData ===>> H2,-0.143036468498441,H1,105.519231072269,AX,1.05973450233356,L1,-0.0180944249931754,L2,0.0453961...
testing H1>-5.0
evaluate ot="H1.bs>-5.0" t="H1>-5.0", ctx="{'H1': None}"
check iteration duration=0.000609874725342
22:01:55 -- collecting point 75
GetData ===>> H2,-0.124854442903871,H1,105.502396190448,AX,1.16610671116473,L1,0.00883012831538389,L2,0.0938047...
check iteration duration=6.79492950439e-05
GetData ===>> H2,-0.0642966169191335,H1,105.575746898129,AX,1.20212734467875,L1,0.00571051743201731,L2,-0.04610...
check iteration duration=8.39233398438e-05
GetData ===>> H2,-0.0994665243418631,H1,105.416355908644,AX,1.12505741189178,L1,-0.0150912296060035,L2,0.043754...
check iteration duration=4.10079956055e-05
GetData ===>> H2,-0.120630876841344,H1,105.381090478179,AX,1.15744340481296,L1,-0.0262563310992105,L2,0.0417358...
check iteration duration=4.10079956055e-05
GetData ===>> H2,-0.0685932564461741,H1,105.161146835189,AX,1.10978427751453,L1,-0.00665628426341297,L2,0.02472...
testing H1>-5.0
evaluate ot="H1.bs>-5.0" t="H1>-5.0", ctx="{'H1': None}"
check iteration duration=0.000709056854248
GetData ===>> H2,-0.0972851874957464,H1,105.298708585018,AX,1.15487547563987,L1,0.0118630760904125,L2,-0.006006...
check iteration duration=8.20159912109e-05
GetData ===>> H2,-0.0663198839585918,H1,105.263684923838,AX,1.20160233746093,L1,-0.0140464681707802,L2,-0.02373...
check iteration duration=4.60147857666e-05
GetData ===>> H2,-0.112065319702258,H1,105.308722022522,AX,1.1500899691496,L1,0.000271242908388128,L2,-0.054795...
check iteration duration=5.60283660889e-05
GetData ===>> H2,-0.124172936269285,H1,105.197536874501,AX,1.09327703727687,L1,-0.0174660349418535,L2,-0.055399...
check iteration duration=8.39233398438e-05
GetData ===>> H2,-0.164619593982248,H1,105.308576367817,AX,1.20479909167792,L1,-0.0271261921949266,L2,0.0830115...
testing H1>-5.0
evaluate ot="H1.bs>-5.0" t="H1>-5.0", ctx="{'H1': None}"
check iteration duration=0.000601053237915
GetData ===>> H2,-0.239995025744423,H1,105.332957257928,AX,1.06929691874774,L1,0.000831748344147788,L2,0.076189...
check iteration duration=3.60012054443e-05
GetData ===>> H2,-0.229064265117528,H1,105.317115609479,AX,1.11336607452539,L1,0.0175629743969453,L2,0.02767747...
check iteration duration=7.79628753662e-05
GetData ===>> H2,-0.233407473586323,H1,105.026667082914,AX,1.06350104995658,L1,0.020115585300217,L2,-0.03308162...
check iteration duration=7.60555267334e-05
GetData ===>> H2,-0.246777516872295,H1,105.172359012196,AX,1.09141066937391,L1,0.0107599712376715,L2,0.04744874...
check iteration duration=7.91549682617e-05
GetData ===>> H2,-0.115630350726663,H1,105.052345891567,AX,1.07427674211484,L1,-0.0031403260334113,L2,0.0118200...
testing H1>-5.0
evaluate ot="H1.bs>-5.0" t="H1>-5.0", ctx="{'H1': None}"
check iteration duration=0.000710964202881
GetData ===>> H2,-0.220395738838732,H1,105.128098081645,AX,1.08458706462736,L1,0.00904013682783497,L2,0.0112273...
check iteration duration=8.60691070557e-05
GetData ===>> H2,-0.23183296745424,H1,105.05347353035,AX,1.21203300830205,L1,-0.00109688345472652,L2,0.04326382...
check iteration duration=8.29696655273e-05
GetData ===>> H2,-0.0863955712720419,H1,105.282251561035,AX,1.1507669290358,L1,-0.0303725298860472,L2,0.0535497...
check iteration duration=8.41617584229e-05
GetData ===>> H2,-0.0833834963058746,H1,105.005138040807,AX,1.08533355547779,L1,-0.0235576055512175,L2,0.044153...
check iteration duration=6.29425048828e-05
GetData ===>> H2,-0.184451897517463,H1,104.854212065824,AX,1.28382941653397,L1,-0.032756902175691,L2,0.11305785...
testing H1>-5.0
evaluate ot="H1.bs>-5.0" t="H1>-5.0", ctx="{'H1': None}"
check iteration duration=0.000630855560303
GetData ===>> H2,-0.107891406645317,H1,104.956937683377,AX,1.11840647990093,L1,-0.00254521468322452,L2,0.046285...
check iteration duration=8.79764556885e-05
GetData ===>> H2,-0.0908077653702018,H1,104.971979609505,AX,1.10864093016637,L1,0.0244667239525034,L2,-0.029731...
check iteration duration=6.69956207275e-05
GetData ===>> H2,-0.216701926167136,H1,105.029358426739,AX,1.23716918784526,L1,0.0256476804412864,L2,-0.0045931...
check iteration duration=3.81469726562e-05
GetData ===>> H2,-0.16137646880152,H1,105.067697044453,AX,1.07805551252122,L1,0.0278707247742292,L2,0.061213513...
check iteration duration=4.19616699219e-05
GetData ===>> H2,-0.261332723694171,H1,105.030304045297,AX,1.16620001175249,L1,-0.0184074061589791,L2,0.1662319...
testing H1>-5.0
evaluate ot="H1.bs>-5.0" t="H1>-5.0", ctx="{'H1': None}"
check iteration duration=0.000592947006226
22:02:21 -- collecting point 100
GetData ===>> H2,-0.143283748589126,H1,104.755218344134,AX,1.10724093119173,L1,-0.0360863808686234,L2,0.0252491...
check iteration duration=3.69548797607e-05
GetData ===>> H2,-0.108907383876875,H1,104.767559648014,AX,1.02457150427931,L1,-0.00896240261607337,L2,0.089473...
check iteration duration=8.39233398438e-05
GetData ===>> H2,-0.157524558351313,H1,104.931058855431,AX,1.17360602948415,L1,-0.0257866227527908,L2,0.0433778...
check iteration duration=3.88622283936e-05
GetData ===>> H2,-0.243316802275543,H1,104.842362162259,AX,1.08725812846038,L1,0.0178824658277119,L2,0.01675599...
check iteration duration=3.88622283936e-05
GetData ===>> H2,-0.219462098726598,H1,104.578870222587,AX,1.20973443172143,L1,0.0237744536640503,L2,0.01666480...
testing H1>-5.0
evaluate ot="H1.bs>-5.0" t="H1>-5.0", ctx="{'H1': None}"
check iteration duration=0.000626087188721
GetData ===>> H2,-0.262502706551441,H1,104.66909331772,AX,1.10308771870242,L1,-0.0105966325473142,L2,0.11415228...
check iteration duration=4.10079956055e-05
GetData ===>> H2,-0.217856003419722,H1,104.66900249422,AX,1.29050865526182,L1,-0.00864583730971709,L2,-0.028649...
check iteration duration=8.29696655273e-05
GetData ===>> H2,-0.0839266497236972,H1,104.567862438696,AX,1.07515144451033,L1,0.0196146219669162,L2,-0.059522...
check iteration duration=7.10487365723e-05
GetData ===>> H2,-0.0445458252629037,H1,104.570478077696,AX,1.17308117514153,L1,0.00916374388456827,L2,-0.05496...
check iteration duration=8.58306884766e-05
GetData ===>> H2,-0.121695369012027,H1,104.413510290654,AX,1.10624927736506,L1,-0.0191460510720137,L2,-0.075536...
testing H1>-5.0
evaluate ot="H1.bs>-5.0" t="H1>-5.0", ctx="{'H1': None}"
check iteration duration=0.000692129135132
GetData ===>> H2,-0.117369149193772,H1,104.393700231735,AX,1.06816570613167,L1,0.00360472875744241,L2,0.0609397...
check iteration duration=6.38961791992e-05
GetData ===>> H2,-0.148925134257061,H1,104.401089337514,AX,1.05806700587049,L1,-0.0301353790755762,L2,0.1379136...
check iteration duration=9.60826873779e-05
GetData ===>> H2,-0.162470215910009,H1,104.369719879176,AX,1.03092462540739,L1,0.00912414145856607,L2,0.0161290...
check iteration duration=4.31537628174e-05
GetData ===>> H2,-0.0898985719848762,H1,104.401071182023,AX,1.11021595294509,L1,-0.0194853778771479,L2,0.005995...
check iteration duration=9.01222229004e-05
GetData ===>> H2,-0.103612753193575,H1,104.440604095836,AX,1.18109425779715,L1,-0.0194554024718288,L2,0.0558077...
testing H1>-5.0
evaluate ot="H1.bs>-5.0" t="H1>-5.0", ctx="{'H1': None}"
check iteration duration=0.000655889511108
GetData ===>> H2,-0.0914554027469328,H1,104.301357576497,AX,1.12993504919532,L1,-0.0202886854705246,L2,0.059103...
check iteration duration=9.20295715332e-05
GetData ===>> H2,-0.193413166483522,H1,104.213205185604,AX,1.05747231120778,L1,-0.0385819478971463,L2,-0.033958...
check iteration duration=8.70227813721e-05
GetData ===>> H2,-0.119528406801247,H1,104.457247489449,AX,1.14482618213567,L1,-0.0492042350671291,L2,0.0170067...
check iteration duration=8.60691070557e-05
GetData ===>> H2,-0.11956493206325,H1,104.423508849874,AX,1.2084626536461,L1,-0.0338309424213785,L2,0.027004822...
check iteration duration=5.19752502441e-05
GetData ===>> H2,-0.221032940984646,H1,104.352894134496,AX,1.09269379348454,L1,-0.0509129051865258,L2,0.1014417...
testing H1>-5.0
evaluate ot="H1.bs>-5.0" t="H1>-5.0", ctx="{'H1': None}"
check iteration duration=0.000603914260864
GetData ===>> H2,-0.283085996557114,H1,104.382717088346,AX,1.18851306729329,L1,-0.0264132950695183,L2,0.1096834...
check iteration duration=3.2901763916e-05
waiting for write to finish
measurement finished
estimated time: 125.829 actual time: :126.418
flush and close file /Users/jan/PychronDev/data/isotopes/f6/09fd15-b81f-4929-aa5a-023732101835.h5
baselines () {'settling_time': 15.0, 'detector': 'H1', 'mass': 34.2, 'ncounts': 60}
%%%%%%%%%%%%%%%%%%%%%%%%%%%%%%%% Baseline
build tables- baseline [Detector(H2), Detector(H1), Detector(AX), Detector(L1), Detector(L2), Detector(CDD)]
add group baseline table H2
add group baseline table H1
add group baseline table AX
add group baseline table L1
add group baseline table L2
add group baseline table CDD
flush and close file /Users/jan/PychronDev/data/isotopes/f6/09fd15-b81f-4929-aa5a-023732101835.h5
detector Detector(H1)
POSITION 34.2 H1
Mapping mass to dac mass func: "parabolic"
H1 map mass coeffs = [-0.00063987  0.15840543  0.57130999]
H1 map mass to dac 34.2 >> 5.24035599104
GetDeflection H1 ===>> 0
GetHighVoltage ===>> 4500
positioning 34.2 (5.24035599104) on H1
setting magnet DAC
current  : 5.879700
requested: 5.240356
Delta Dac: 0.639344
Checking detector protection. dv=0.63934
Checking detector "CDD". Protection Threshold: 0.1 (V)
ProtectDetector CDD,On ===>> OK
GetDeflection CDD ===>> 2000
Protected = 2000
SetMagnetDAC 5.24035599104 ===>> OK
Magnet settling time: 0.500
GetMagnetMoving ===>> True
GetMagnetMoving ===>> True
GetMagnetMoving ===>> True
GetMagnetMoving ===>> True
GetMagnetMoving ===>> True
GetMagnetMoving ===>> True
GetMagnetMoving ===>> True
GetMagnetMoving ===>> True
GetMagnetMoving ===>> False
ProtectDetector CDD,Off ===>> OK
GetDeflection CDD ===>> 50
Delaying 15.0s for detectors to settle
Join finished
measuring baseline. ncounts=60
"baseline" increment series count="2" fit count="1" regressing="True"
starting measurement
check iteration duration=3.38554382324e-05
GetData ===>> H2,-0.143435086750064,H1,-0.0416962272482778,AX,-0.086479782417433,L1,-0.0473145478324532,L2,-0.0...
check iteration duration=8.48770141602e-05
GetData ===>> H2,-0.140997215647022,H1,-0.00663465836911998,AX,-0.196622794976559,L1,-0.0346244551995995,L2,-0....
check iteration duration=9.20295715332e-05
GetData ===>> H2,-0.164859888552688,H1,-0.015770930616532,AX,-0.190666187955298,L1,-0.00183367450307802,L2,-0.0...
check iteration duration=8.29696655273e-05
GetData ===>> H2,-0.237467879063542,H1,-0.057720282936846,AX,-0.119483859957418,L1,-0.00953675137099695,L2,0.02...
testing H1>-5.0
evaluate ot="H1.bs>-5.0" t="H1>-5.0", ctx="{'H1': None}"
check iteration duration=0.000586032867432
GetData ===>> H2,-0.147357013423091,H1,0.00229965708207232,AX,-0.0559572718711918,L1,-0.0387879871906778,L2,0.0...
check iteration duration=8.41617584229e-05
GetData ===>> H2,-0.234769177121725,H1,0.0598252029732073,AX,-0.00914058091793229,L1,-0.0179229407622337,L2,-0....
check iteration duration=9.60826873779e-05
GetData ===>> H2,-0.105768519119599,H1,-0.0249182946083558,AX,0.00664787895634531,L1,0.00914214254199574,L2,-0....
check iteration duration=4.19616699219e-05
GetData ===>> H2,-0.173422117829094,H1,-0.0533687656409263,AX,-0.143290061759724,L1,-0.0124763282600093,L2,-0.1...
check iteration duration=8.79764556885e-05
GetData ===>> H2,-0.238206344640975,H1,-0.0929665593751626,AX,-0.155185528604828,L1,-0.0343768988248161,L2,0.03...
testing H1>-5.0
evaluate ot="H1.bs>-5.0" t="H1>-5.0", ctx="{'H1': None}"
check iteration duration=0.000603914260864
GetData ===>> H2,-0.236234305192046,H1,0.0365055344834222,AX,-0.155997057151661,L1,-0.0427222876109745,L2,-0.00...
check iteration duration=8.51154327393e-05
GetData ===>> H2,-0.190156324608211,H1,-0.032383450618023,AX,-0.107931388776463,L1,-0.0468501497605059,L2,-0.09...
check iteration duration=8.39233398438e-05
GetData ===>> H2,-0.202848975451546,H1,-0.0701061689086789,AX,-0.073300518474884,L1,-0.0454376731835039,L2,-0.0...
check iteration duration=4.00543212891e-05
GetData ===>> H2,-0.159199462889529,H1,0.0176294125418199,AX,-0.136506907466864,L1,-0.0319773429135983,L2,-0.02...
check iteration duration=7.89165496826e-05
GetData ===>> H2,-0.127367820953009,H1,-0.0557293382313027,AX,-0.00569541171458386,L1,-0.0309318482813167,L2,0....
testing H1>-5.0
evaluate ot="H1.bs>-5.0" t="H1>-5.0", ctx="{'H1': None}"
check iteration duration=0.000603914260864
GetData ===>> H2,-0.161144202740316,H1,0.0196337875637333,AX,-0.0533021839000054,L1,-0.00803426250051303,L2,-0....
check iteration duration=9.01222229004e-05
GetData ===>> H2,-0.288457649034284,H1,-0.0927520440121342,AX,-0.0673188387784406,L1,0.021953865483691,L2,-0.00...
check iteration duration=3.81469726562e-05
GetData ===>> H2,-0.22381842623037,H1,-0.111913601964297,AX,-0.119982080112394,L1,-0.0250975976048054,L2,0.0461...
check iteration duration=9.29832458496e-05
GetData ===>> H2,-0.142179729656304,H1,-0.104430544683942,AX,-0.0737641992182947,L1,-0.0488643808683113,L2,-0.0...
check iteration duration=6.103515625e-05
GetData ===>> H2,-0.170914169570941,H1,-0.0394068669738122,AX,-0.0831416680172512,L1,-0.0339386993231267,L2,-0....
testing H1>-5.0
evaluate ot="H1.bs>-5.0" t="H1>-5.0", ctx="{'H1': None}"
check iteration duration=0.000608921051025
GetData ===>> H2,-0.191530082057051,H1,-0.0479678522477432,AX,-0.0081662019949698,L1,-0.0453586643921833,L2,0.0...
check iteration duration=7.67707824707e-05
GetData ===>> H2,-0.185934246148378,H1,-0.0873770922861226,AX,-0.0929702325865447,L1,-0.0199062231384014,L2,-0....
check iteration duration=8.01086425781e-05
GetData ===>> H2,-0.193797293401475,H1,-0.0877584731006962,AX,-0.21493070338707,L1,-0.0227833259230125,L2,-0.02...
check iteration duration=7.20024108887e-05
GetData ===>> H2,-0.0602442446228481,H1,-0.0302489021493322,AX,-0.0328706557444906,L1,-0.00216725272006648,L2,-...
check iteration duration=9.29832458496e-05
GetData ===>> H2,-0.0657266012696154,H1,-0.0107377349668923,AX,-0.0348652957801188,L1,-0.00383257864982157,L2,-...
testing H1>-5.0
evaluate ot="H1.bs>-5.0" t="H1>-5.0", ctx="{'H1': None}"
check iteration duration=0.000602006912231
22:03:27 -- collecting point 25
GetData ===>> H2,-0.109549905465941,H1,0.0208268869874352,AX,-0.0766157872105967,L1,-0.0379530227681353,L2,-0.0...
check iteration duration=8.39233398438e-05
GetData ===>> H2,-0.108133571917142,H1,-0.0996401409421253,AX,-0.095346092695354,L1,-0.0252629679453684,L2,0.04...
check iteration duration=8.39233398438e-05
GetData ===>> H2,-0.187645652035347,H1,0.0401212787667806,AX,-0.0740192226853539,L1,-0.0576223042361587,L2,-0.0...
check iteration duration=4.00543212891e-05
GetData ===>> H2,-0.248658129115176,H1,-0.0612848095429939,AX,-0.0332765451111825,L1,-0.0462361059523937,L2,-0....
check iteration duration=4.00543212891e-05
GetData ===>> H2,-0.284991016519326,H1,0.015481912408233,AX,-0.0758855104413307,L1,-0.0024528252912738,L2,0.020...
testing H1>-5.0
evaluate ot="H1.bs>-5.0" t="H1>-5.0", ctx="{'H1': None}"
check iteration duration=0.000631093978882
GetData ===>> H2,-0.0900503351020862,H1,-0.05468020173216,AX,-0.014418297245917,L1,-0.0239734865670106,L2,-0.02...
check iteration duration=4.00543212891e-05
GetData ===>> H2,-0.134057766820647,H1,-0.0505550811272347,AX,-0.124570220194863,L1,-0.0207682415161991,L2,-0.0...
check iteration duration=5.29289245605e-05
GetData ===>> H2,-0.123775371835607,H1,-0.060283416899609,AX,-0.0947202620024849,L1,-0.0278438308631123,L2,-0.0...
check iteration duration=3.69548797607e-05
GetData ===>> H2,-0.167398869747968,H1,-0.064050508595481,AX,-0.00237772611852467,L1,0.00323495392041204,L2,-0....
check iteration duration=7.79628753662e-05
GetData ===>> H2,-0.176504062993987,H1,0.0273533924592285,AX,-0.113215337206702,L1,-0.0272735579027404,L2,-0.04...
testing H1>-5.0
evaluate ot="H1.bs>-5.0" t="H1>-5.0", ctx="{'H1': None}"
check iteration duration=0.000614881515503
GetData ===>> H2,-0.19052573210894,H1,-0.0244889715804273,AX,-0.135428516283639,L1,-0.0214371840132309,L2,-0.05...
check iteration duration=4.10079956055e-05
GetData ===>> H2,-0.219999658512787,H1,0.010304240412551,AX,-0.00651901544339553,L1,-0.034321825619935,L2,-0.00...
check iteration duration=8.70227813721e-05
GetData ===>> H2,-0.227285853909051,H1,-0.0562181367078416,AX,0.028530904363735,L1,-0.0754251469617442,L2,0.051...
check iteration duration=3.60012054443e-05
GetData ===>> H2,-0.17272334781646,H1,-0.0869599553557031,AX,-0.109530508717516,L1,-0.0584660287007524,L2,-0.08...
check iteration duration=8.70227813721e-05
GetData ===>> H2,-0.117324498556449,H1,0.00374305923116505,AX,-0.0922053091807388,L1,-0.0254570948757104,L2,-0....
testing H1>-5.0
evaluate ot="H1.bs>-5.0" t="H1>-5.0", ctx="{'H1': None}"
check iteration duration=0.000597953796387
GetData ===>> H2,-0.20626158540726,H1,-0.0612848095429939,AX,-0.101534646149724,L1,-0.0226622644323207,L2,0.033...
check iteration duration=3.69548797607e-05
GetData ===>> H2,-0.298907502695773,H1,0.00806146101475238,AX,-0.0241958154534163,L1,-0.0290573503488327,L2,-0....
check iteration duration=3.79085540771e-05
GetData ===>> H2,-0.244482153561814,H1,-0.0472644005723442,AX,-0.093097719236151,L1,-0.0335591504386912,L2,0.01...
check iteration duration=7.89165496826e-05
GetData ===>> H2,-0.196162289575977,H1,-0.109113478866507,AX,-0.0570818942800288,L1,-0.00739746571394509,L2,0.0...
check iteration duration=8.89301300049e-05
GetData ===>> H2,-0.254845257334241,H1,0.0486301295161475,AX,-0.0820753017813983,L1,-0.0293640013929535,L2,-0.0...
testing H1>-5.0
evaluate ot="H1.bs>-5.0" t="H1>-5.0", ctx="{'H1': None}"
check iteration duration=0.000636100769043
GetData ===>> H2,-0.180617662656486,H1,-0.0263732089524236,AX,-0.0856800362746241,L1,-0.0212525699188215,L2,-0....
check iteration duration=4.2200088501e-05
GetData ===>> H2,-0.146304724632741,H1,-0.0653975670899197,AX,-0.0963543670108458,L1,-0.0182515163738662,L2,0.0...
check iteration duration=6.103515625e-05
GetData ===>> H2,-0.202795055499783,H1,-0.0789744273917979,AX,-0.1499220219403,L1,-0.0378104609344099,L2,-0.080...
check iteration duration=4.38690185547e-05
GetData ===>> H2,-0.238075872449743,H1,-0.0940033771460012,AX,-0.0562935005513009,L1,-0.0451264228326983,L2,-0....
check iteration duration=8.17775726318e-05
GetData ===>> H2,-0.300580458153248,H1,-0.00319939511965723,AX,-0.0795716133829776,L1,-0.0163518652635627,L2,0....
testing H1>-5.0
evaluate ot="H1.bs>-5.0" t="H1>-5.0", ctx="{'H1': None}"
check iteration duration=0.000611782073975
22:03:54 -- collecting point 50
GetData ===>> H2,-0.177307196066806,H1,-0.115845557423122,AX,-0.152403093609449,L1,-0.0525578836509281,L2,-0.01...
check iteration duration=4.00543212891e-05
GetData ===>> H2,-0.0800237665172083,H1,-0.0487309128809564,AX,-0.097490111771587,L1,-0.0272483980567129,L2,0.0...
check iteration duration=8.08238983154e-05
GetData ===>> H2,-0.178851211230613,H1,-0.0251687321908943,AX,0.00222778013324337,L1,-0.00810501521242528,L2,-0...
check iteration duration=8.9168548584e-05
GetData ===>> H2,-0.230974298139201,H1,0.018822488077608,AX,-0.147220596239177,L1,0.00390368002714733,L2,0.0749...
check iteration duration=0.000101804733276
GetData ===>> H2,-0.191557043243312,H1,-0.0485878394554494,AX,-0.162570188838695,L1,-0.0327724687957819,L2,-0.0...
testing H1>-5.0
evaluate ot="H1.bs>-5.0" t="H1>-5.0", ctx="{'H1': None}"
check iteration duration=0.000622034072876
GetData ===>> H2,-0.155981806331137,H1,-0.0209469863311938,AX,-0.0948709253149637,L1,-0.0575253611399252,L2,-0....
check iteration duration=8.60691070557e-05
GetData ===>> H2,-0.23391880443717,H1,-0.120022845166123,AX,-0.0295538963442033,L1,0.000451273373373914,L2,-0.0...
check iteration duration=4.29153442383e-05
GetData ===>> H2,-0.219552367444166,H1,-0.0530945541039383,AX,-0.0109269169436577,L1,-0.00153848456241359,L2,-0...
check iteration duration=8.70227813721e-05
GetData ===>> H2,-0.237801472407558,H1,-0.00133857829991406,AX,-0.0962152953127388,L1,0.010842789933292,L2,-0.0...
check iteration duration=8.48770141602e-05
GetData ===>> H2,-0.191024547921812,H1,-0.0275776712190588,AX,-0.110492285588495,L1,-0.00757975440839088,L2,0.0...
testing H1>-5.0
evaluate ot="H1.bs>-5.0" t="H1>-5.0", ctx="{'H1': None}"
check iteration duration=0.000783920288086
GetData ===>> H2,-0.070658701702874,H1,0.0457062493228523,AX,-0.044385659685421,L1,-0.039002407319298,L2,0.0412...
check iteration duration=3.981590271e-05
waiting for write to finish
measurement finished
estimated time: 62.915 actual time: :63.288
flush and close file /Users/jan/PychronDev/data/isotopes/f6/09fd15-b81f-4929-aa5a-023732101835.h5
activate_detectors ('H1', 'AX', 'CDD') {'peak_center': True}
peak_center () {'detector': 'H1', 'integration_time': 0.262144, 'isotope': 'Ar40'}
peak center: mean=104.374341482 threshold=3
peak center started
setup peak center. detector=['H1', 'AX', 'CDD'], isotope=Ar40
VersionedUnpickler [<apptools.sweet_pickle.versioned_unpickler.VersionedUnpickler object at 0x1671b8830>] using Updater [<apptools.sweet_pickle.updater.Updater object at 0x136bc5b30>]
VersionedUnpickler [<apptools.sweet_pickle.versioned_unpickler.VersionedUnpickler object at 0x1671b8830>] using Updater [<apptools.sweet_pickle.updater.Updater object at 0x136bc5b30>]
VersionedUnpickler [<apptools.sweet_pickle.versioned_unpickler.VersionedUnpickler object at 0x154829bf0>] using Updater [<apptools.sweet_pickle.updater.Updater object at 0x136bc5b30>]
setting integration time = 0.524288
SetIntegrationTime 0.524288 ===>> OK
Mapping mass to dac mass func: "parabolic"
H1 map mass coeffs = [-0.00063987  0.15840543  0.57130999]
H1 map mass to dac 39.9624 >> 5.8797
GetDeflection H1 ===>> 0
GetHighVoltage ===>> 4500
do peak center. <pychron.spectrometer.jobs.peak_center.PeakCenter object at 0x136bc5b90>
doing pc
starting peak center. center dac= 5.8797 step_width=0.001
width = 0.001
get scan parameters. half-width=0.015,window=0.015, i=0, scalar=1
Scan parameters center=5.87970 width=0.03000 (5.86470 - 5.89470)
GetData ===>> H2,-0.0884079336964036,H1,0.0244659280529415,AX,-0.0965513849096121,L1,-0.0462768039742013,L2,-0....
Moving to starting dac 5.8647
setting magnet DAC
current  : 5.240356
requested: 5.864700
Delta Dac: 0.624344
Checking detector protection. dv=0.62434
Checking detector "CDD". Protection Threshold: 0.1 (V)
ProtectDetector CDD,On ===>> OK
GetDeflection CDD ===>> 2000
Protected = 2000
SetMagnetDAC 5.8647 ===>> OK
Magnet settling time: 0.500
GetMagnetMoving ===>> True
GetMagnetMoving ===>> True
GetMagnetMoving ===>> True
GetMagnetMoving ===>> True
GetMagnetMoving ===>> True
GetMagnetMoving ===>> True
GetMagnetMoving ===>> True
GetMagnetMoving ===>> True
GetMagnetMoving ===>> False
ProtectDetector CDD,Off ===>> OK
GetDeflection CDD ===>> 50
Wait until signal near baseline. tol= 0.0183494460397. timeout= 10
GetData ===>> H2,-0.0816644682537346,H1,0.0216501338803578,AX,-0.0269444782119655,L1,0.00460126749812248,L2,0.0...
GetData ===>> H2,6.03422757067076,H1,0.865040185042721,AX,-0.156704306913159,L1,0.0260475760894153,L2,-0.051795...
GetData ===>> H2,7.67976869799905,H1,2.6249908887211,AX,-0.17856887688026,L1,-0.0159674587994623,L2,-0.09748949...
GetData ===>> H2,4.19781976873219,H1,1.23436307449196,AX,-0.122577418257492,L1,-0.0280937062226747,L2,-0.063244...
GetData ===>> H2,1.72670751994569,H1,0.648676172122431,AX,0.016718564917227,L1,-0.028976916317527,L2,-0.0241141...
GetData ===>> H2,0.560179951650405,H1,0.353882353557977,AX,-0.0527340552310604,L1,-0.0290582922065045,L2,-0.005...
GetData ===>> H2,0.0131675611554432,H1,0.30586275950244,AX,-0.128625214363293,L1,-0.0350187167468941,L2,-0.0573...
GetData ===>> H2,-0.09518751055881,H1,0.136139094600174,AX,-0.0733700707272369,L1,-0.0545566185324356,L2,-0.093...
GetData ===>> H2,-0.119182087366876,H1,0.152950670941965,AX,-0.159553464782655,L1,-0.064461886607149,L2,-0.0529...
GetData ===>> H2,-0.139118823521148,H1,0.122834910871705,AX,-0.0802091327462084,L1,-0.045058185890262,L2,-0.124...
GetData ===>> H2,-0.112932994836127,H1,0.136663668519987,AX,-0.172408383149382,L1,-0.0489337886460108,L2,-0.032...
GetData ===>> H2,-0.10641018942987,H1,0.116183481626675,AX,0.00110248518969297,L1,-0.0291899282797298,L2,0.0163...
GetData ===>> H2,-0.153956456692168,H1,0.0948971090872998,AX,-0.00680901509750676,L1,-0.0248953101249481,L2,0.0...
GetData ===>> H2,-0.166497265871644,H1,0.0877708799287504,AX,-0.000939253864054856,L1,-0.0243828976625896,L2,-0...
GetData ===>> H2,-0.244110761359802,H1,0.116564913658723,AX,0.0839512430968058,L1,-0.0229077702582044,L2,0.0565...
GetData ===>> H2,-0.289854208498623,H1,0.0252534100863457,AX,-0.0232563812684209,L1,-0.0363200296099042,L2,-0.1...
GetData ===>> H2,-0.361555921059678,H1,-0.0453567101248219,AX,-0.0145342877975371,L1,-0.00475270905424358,L2,0....
Peak center baseline intensity achieved
_do_sweep sm= 5.8647, em= 5.8947, stm= 0.001
calculated step values: start=5.8647, end=5.8947, width=0.001, nsteps=31.0
setting magnet DAC
current  : 5.864700
requested: 5.864700
Delta Dac: 0.000000
Checking detector protection. dv=0.00000
Checking detector "CDD". Protection Threshold: 0.1 (V)
SetMagnetDAC 5.8647 ===>> OK
GetData ===>> H2,-0.361555921059678,H1,-0.0453567101248219,AX,-0.0145342877975371,L1,-0.00475270905424358,L2,0....
setting magnet DAC
current  : 5.864700
requested: 5.865734
Delta Dac: 0.001034
Checking detector protection. dv=0.00103
Checking detector "CDD". Protection Threshold: 0.1 (V)
SetMagnetDAC 5.86573448276 ===>> OK
Magnet settling time: 1.049
GetData ===>> H2,-0.269807547912374,H1,0.173056728359877,AX,-0.132239809525376,L1,-0.0464874734517075,L2,-0.006...
setting magnet DAC
current  : 5.865734
requested: 5.866769
Delta Dac: 0.001034
Checking detector protection. dv=0.00103
Checking detector "CDD". Protection Threshold: 0.1 (V)
SetMagnetDAC 5.86676896552 ===>> OK
Magnet settling time: 1.049
GetData ===>> H2,-0.227482355145516,H1,0.705432559617925,AX,-0.0234651452042527,L1,0.00111981466587685,L2,-0.02...
setting magnet DAC
current  : 5.866769
requested: 5.867803
Delta Dac: 0.001034
Checking detector protection. dv=0.00103
Checking detector "CDD". Protection Threshold: 0.1 (V)
SetMagnetDAC 5.86780344828 ===>> OK
Magnet settling time: 1.049
GetData ===>> H2,-0.0951631543017368,H1,2.28245974243071,AX,-0.0711211893831383,L1,-0.00755696850210386,L2,-0.0...
setting magnet DAC
current  : 5.867803
requested: 5.868838
Delta Dac: 0.001034
Checking detector protection. dv=0.00103
Checking detector "CDD". Protection Threshold: 0.1 (V)
SetMagnetDAC 5.86883793103 ===>> OK
Magnet settling time: 1.049
GetData ===>> H2,-0.191768952855506,H1,7.5478512868455,AX,-0.16349118786168,L1,-0.033678883495143,L2,0.00109313...
setting magnet DAC
current  : 5.868838
requested: 5.869872
Delta Dac: 0.001034
Checking detector protection. dv=0.00103
Checking detector "CDD". Protection Threshold: 0.1 (V)
SetMagnetDAC 5.86987241379 ===>> OK
Magnet settling time: 1.049
GetData ===>> H2,-0.118670705761159,H1,20.6865094397445,AX,0.114990877068886,L1,-0.0127795881092263,L2,-0.00530...
setting magnet DAC
current  : 5.869872
requested: 5.870907
Delta Dac: 0.001034
Checking detector protection. dv=0.00103
Checking detector "CDD". Protection Threshold: 0.1 (V)
SetMagnetDAC 5.87090689655 ===>> OK
Magnet settling time: 1.049
GetData ===>> H2,-0.0255994568041125,H1,43.1726083986199,AX,0.344373850740031,L1,-0.0281056743575801,L2,-0.0957...
setting magnet DAC
current  : 5.870907
requested: 5.871941
Delta Dac: 0.001034
Checking detector protection. dv=0.00103
Checking detector "CDD". Protection Threshold: 0.1 (V)
SetMagnetDAC 5.87194137931 ===>> OK
Magnet settling time: 1.049
GetData ===>> H2,-0.129661688269068,H1,68.5554300569354,AX,0.586696059452746,L1,-0.037745768342902,L2,0.0586599...
setting magnet DAC
current  : 5.871941
requested: 5.872976
Delta Dac: 0.001034
Checking detector protection. dv=0.00103
Checking detector "CDD". Protection Threshold: 0.1 (V)
SetMagnetDAC 5.87297586207 ===>> OK
Magnet settling time: 1.049
GetData ===>> H2,-0.319487555694504,H1,93.0834071408455,AX,0.901786710495241,L1,-0.0155935954158563,L2,-0.07610...
setting magnet DAC
current  : 5.872976
requested: 5.874010
Delta Dac: 0.001034
Checking detector protection. dv=0.00103
Checking detector "CDD". Protection Threshold: 0.1 (V)
SetMagnetDAC 5.87401034483 ===>> OK
Magnet settling time: 1.049
GetData ===>> H2,-0.208053736685122,H1,98.5551906749512,AX,1.00671503163222,L1,-0.000550855308828176,L2,-0.0742...
setting magnet DAC
current  : 5.874010
requested: 5.875045
Delta Dac: 0.001034
Checking detector protection. dv=0.00103
Checking detector "CDD". Protection Threshold: 0.1 (V)
SetMagnetDAC 5.87504482759 ===>> OK
Magnet settling time: 1.049
GetData ===>> H2,-0.174142426346055,H1,100.30912318574,AX,1.02056167318433,L1,-0.0378128569483216,L2,0.03359691...
setting magnet DAC
current  : 5.875045
requested: 5.876079
Delta Dac: 0.001034
Checking detector protection. dv=0.00103
Checking detector "CDD". Protection Threshold: 0.1 (V)
SetMagnetDAC 5.87607931034 ===>> OK
Magnet settling time: 1.049
GetData ===>> H2,-0.176607854795511,H1,100.711924743415,AX,1.09589001212569,L1,-0.0495249320066273,L2,0.0251681...
setting magnet DAC
current  : 5.876079
requested: 5.877114
Delta Dac: 0.001034
Checking detector protection. dv=0.00103
Checking detector "CDD". Protection Threshold: 0.1 (V)
SetMagnetDAC 5.8771137931 ===>> OK
Magnet settling time: 1.049
GetData ===>> H2,0.0368228959247084,H1,100.932594470524,AX,1.14821084640678,L1,-0.0397486495324127,L2,0.0228446...
setting magnet DAC
current  : 5.877114
requested: 5.878148
Delta Dac: 0.001034
Checking detector protection. dv=0.00103
Checking detector "CDD". Protection Threshold: 0.1 (V)
SetMagnetDAC 5.87814827586 ===>> OK
Magnet settling time: 1.049
GetData ===>> H2,-0.133450892878936,H1,100.948163109374,AX,1.0786270059309,L1,0.0216868081590575,L2,0.086328002...
setting magnet DAC
current  : 5.878148
requested: 5.879183
Delta Dac: 0.001034
Checking detector protection. dv=0.00103
Checking detector "CDD". Protection Threshold: 0.1 (V)
SetMagnetDAC 5.87918275862 ===>> OK
Magnet settling time: 1.049
GetData ===>> H2,-0.145650450457313,H1,100.64304686517,AX,1.08840122608349,L1,0.0215979795174954,L2,-0.00582985...
setting magnet DAC
current  : 5.879183
requested: 5.880217
Delta Dac: 0.001034
Checking detector protection. dv=0.00103
Checking detector "CDD". Protection Threshold: 0.1 (V)
SetMagnetDAC 5.88021724138 ===>> OK
Magnet settling time: 1.049
GetData ===>> H2,-0.204315499571731,H1,100.639462206566,AX,1.14618003380407,L1,0.0433338921544836,L2,0.00428152...
setting magnet DAC
current  : 5.880217
requested: 5.881252
Delta Dac: 0.001034
Checking detector protection. dv=0.00103
Checking detector "CDD". Protection Threshold: 0.1 (V)
SetMagnetDAC 5.88125172414 ===>> OK
Magnet settling time: 1.049
GetData ===>> H2,-0.215776949149147,H1,100.571871540105,AX,1.0327548671044,L1,0.0336786533962257,L2,0.036945866...
setting magnet DAC
current  : 5.881252
requested: 5.882286
Delta Dac: 0.001034
Checking detector protection. dv=0.00103
Checking detector "CDD". Protection Threshold: 0.1 (V)
SetMagnetDAC 5.8822862069 ===>> OK
Magnet settling time: 1.049
GetData ===>> H2,-0.0838182920112273,H1,100.537836841147,AX,1.16852049638469,L1,-0.0190273439397572,L2,0.067798...
setting magnet DAC
current  : 5.882286
requested: 5.883321
Delta Dac: 0.001034
Checking detector protection. dv=0.00103
Checking detector "CDD". Protection Threshold: 0.1 (V)
SetMagnetDAC 5.88332068966 ===>> OK
Magnet settling time: 1.049
GetData ===>> H2,-0.145950075212095,H1,100.477703821744,AX,0.988628768059794,L1,0.0131724212430521,L2,0.0805840...
setting magnet DAC
current  : 5.883321
requested: 5.884355
Delta Dac: 0.001034
Checking detector protection. dv=0.00103
Checking detector "CDD". Protection Threshold: 0.1 (V)
SetMagnetDAC 5.88435517241 ===>> OK
Magnet settling time: 1.049
GetData ===>> H2,-0.202115642084998,H1,99.9043405974536,AX,1.13572318289243,L1,-0.00931492953588584,L2,0.029974...
setting magnet DAC
current  : 5.884355
requested: 5.885390
Delta Dac: 0.001034
Checking detector protection. dv=0.00103
Checking detector "CDD". Protection Threshold: 0.1 (V)
SetMagnetDAC 5.88538965517 ===>> OK
Magnet settling time: 1.049
GetData ===>> H2,-0.187895033869981,H1,98.5556531719329,AX,1.26714480984221,L1,0.0010165899532851,L2,0.06574711...
setting magnet DAC
current  : 5.885390
requested: 5.886424
Delta Dac: 0.001034
Checking detector protection. dv=0.00103
Checking detector "CDD". Protection Threshold: 0.1 (V)
SetMagnetDAC 5.88642413793 ===>> OK
Magnet settling time: 1.049
GetData ===>> H2,-0.0857089859052338,H1,88.6749098754584,AX,0.820721439487881,L1,0.0553355223812205,L2,0.075433...
setting magnet DAC
current  : 5.886424
requested: 5.887459
Delta Dac: 0.001034
Checking detector protection. dv=0.00103
Checking detector "CDD". Protection Threshold: 0.1 (V)
SetMagnetDAC 5.88745862069 ===>> OK
Magnet settling time: 1.049
GetData ===>> H2,-0.24768692213931,H1,69.2974380232725,AX,0.732928587965111,L1,0.000337253705188003,L2,-0.05748...
setting magnet DAC
current  : 5.887459
requested: 5.888493
Delta Dac: 0.001034
Checking detector protection. dv=0.00103
Checking detector "CDD". Protection Threshold: 0.1 (V)
SetMagnetDAC 5.88849310345 ===>> OK
Magnet settling time: 1.049
GetData ===>> H2,-0.13033745939806,H1,43.3296072239495,AX,0.29428228229193,L1,-0.0462576519844749,L2,0.02106787...
setting magnet DAC
current  : 5.888493
requested: 5.889528
Delta Dac: 0.001034
Checking detector protection. dv=0.00103
Checking detector "CDD". Protection Threshold: 0.1 (V)
SetMagnetDAC 5.88952758621 ===>> OK
Magnet settling time: 1.049
GetData ===>> H2,-0.254682587751678,H1,20.7562213819431,AX,0.0877987860202425,L1,-0.0664307777035628,L2,0.04286...
setting magnet DAC
current  : 5.889528
requested: 5.890562
Delta Dac: 0.001034
Checking detector protection. dv=0.00103
Checking detector "CDD". Protection Threshold: 0.1 (V)
SetMagnetDAC 5.89056206897 ===>> OK
Magnet settling time: 1.049
GetData ===>> H2,-0.15761236191409,H1,7.66625999253876,AX,0.0481207323905361,L1,-0.030161588530976,L2,0.0037804...
setting magnet DAC
current  : 5.890562
requested: 5.891597
Delta Dac: 0.001034
Checking detector protection. dv=0.00103
Checking detector "CDD". Protection Threshold: 0.1 (V)
SetMagnetDAC 5.89159655172 ===>> OK
Magnet settling time: 1.049
GetData ===>> H2,-0.108189003342377,H1,2.15899715111114,AX,-0.20179459753313,L1,-0.0249240427610922,L2,0.092277...
setting magnet DAC
current  : 5.891597
requested: 5.892631
Delta Dac: 0.001034
Checking detector protection. dv=0.00103
Checking detector "CDD". Protection Threshold: 0.1 (V)
SetMagnetDAC 5.89263103448 ===>> OK
Magnet settling time: 1.049
GetData ===>> H2,-0.135858353311099,H1,0.618181666624218,AX,-0.146951679507605,L1,0.00432991103645893,L2,0.0678...
setting magnet DAC
current  : 5.892631
requested: 5.893666
Delta Dac: 0.001034
Checking detector protection. dv=0.00103
Checking detector "CDD". Protection Threshold: 0.1 (V)
SetMagnetDAC 5.89366551724 ===>> OK
Magnet settling time: 1.049
GetData ===>> H2,-0.156945037777268,H1,0.0998071138561542,AX,0.0423408589934149,L1,-0.017117720552312,L2,-0.000...
setting magnet DAC
current  : 5.893666
requested: 5.894700
Delta Dac: 0.001034
Checking detector protection. dv=0.00103
Checking detector "CDD". Protection Threshold: 0.1 (V)
SetMagnetDAC 5.8947 ===>> OK
Magnet settling time: 1.049
GetData ===>> H2,-0.250605671919133,H1,-0.0336236142946198,AX,-0.105335659867271,L1,-0.0382273587587326,L2,-0.0...
result of _do_sweep=True
result of _calculate_peak_center=([5.8721849699398785, 5.8796699398797578, 5.8871549098196372], [74.331055923396931, 100.94753911583291, 74.986415230387351], 5.8781068136272525, 100.94753911583291)
Failed to find a valid peak. No peak greater than 1.0. max = 0.0181604078115
new center pos Detector(H1) (Ar40) @ 5.87966993988
GetHighVoltage ===>> 4500
GetDeflection H1 ===>> 0
dac uncorrected for HV and deflection 5.87966993988
update mftable H1 Ar40 5.87966993988 message=automated run peakcenter
get initial guess parabolic
get initial guess parabolic
get initial guess parabolic
get initial guess parabolic
get initial guess parabolic
get initial guess parabolic
dump mftable to /Users/jan/PychronDev/setupfiles/spectrometer/mftables/mftable.csv
add to repo msg=modified - automated run peakcenter
sweep finished
locally archiving mftable
setting magnet DAC
current  : 5.894700
requested: 5.879670
Delta Dac: 0.015030
Checking detector protection. dv=0.01503
Checking detector "CDD". Protection Threshold: 0.1 (V)
SetMagnetDAC 5.87966993988 ===>> OK
Magnet settling time: 0.500
setting integration time = 1.048576
SetIntegrationTime 1.048576 ===>> OK
Failed to find a valid peak. No peak greater than 1.0. max = 0.0181604078115
flush and close file /Users/jan/PychronDev/data/isotopes/f6/09fd15-b81f-4929-aa5a-023732101835.h5
finished measure script
executed snippet estimated_duration=226.132928, duration=270.516112089
jan_unknown120_60.py completed successfully
Measurement Finished
22:04:49 -- ******* Measurement Finished *******
Post Measurement Started jan_pump_ms.py
22:04:49 -- ******* Post Measurement Started jan_pump_ms.py *******
testing...
no interpolation path defined
executed snippet estimated_duration=0, duration=3.00407409668e-05
Pumping spectrometer
open () {'name': 'O'}
opening name=O desc=---
checking ownership. requestor=129.138.12.150
check software interlocks O
interlocks []
actuate state mode=None-script, software_lock=False
doing actuation None-script open_channel True
Open O ===>> OK
GetIndicatorState O ===>> OK
change switch state (True, True)
update switch state O True args=() kw={} ncanvase=4
22:04:49 -- OPEN   VALVE-O (Jan Ion Pump)
---------------------------------------- open O () result=[(True, True)], time=0.10 sec
action=open, ok=True, locked=[False]
executed snippet estimated_duration=0, duration=0.360701084137
jan_pump_ms.py completed successfully
setting _ms_pumptime
Post Measurement Finished
22:04:50 -- ******* Post Measurement Finished *******
$$$$$$$$$$$$$$$$$$$$ state at run end measurement
state changed from measurement to success
post measurement save measured=True aborted=False
Set filtering
setting fod for Ar40= {'filter_outliers': True, 'std_devs': 2, 'iterations': 1}
setting fod for H1= {'filter_outliers': True, 'std_devs': 2, 'iterations': 1}
setting fod for PM41= {'filter_outliers': False, 'std_devs': 2, 'iterations': 1}
setting fod for H2= {'filter_outliers': True, 'std_devs': 2, 'iterations': 1}
setting fod for Ar36= {'filter_outliers': True, 'std_devs': 2, 'iterations': 1}
setting fod for CDD= {'filter_outliers': True, 'std_devs': 10, 'iterations': 1}
setting fod for Ar37= {'filter_outliers': True, 'std_devs': 2, 'iterations': 1}
setting fod for L2= {'filter_outliers': True, 'std_devs': 2, 'iterations': 1}
setting fod for Ar38= {'filter_outliers': True, 'std_devs': 2, 'iterations': 1}
setting fod for L1= {'filter_outliers': True, 'std_devs': 2, 'iterations': 1}
setting fod for Ar39= {'filter_outliers': True, 'std_devs': 2, 'iterations': 1}
setting fod for AX= {'filter_outliers': True, 'std_devs': 2, 'iterations': 1}
persistence save...
persistence save - db
post measurement save
5984412880 connecting to database sqlite:////Users/jan/PychronDev/.appdata/local_lab.db
connected to db sqlite:////Users/jan/PychronDev/.appdata/local_lab.db
create new session 5984412880
close session 5984412880
No database instance. Not saving post measurement to isotopedb database
$$$$$$$$$$$$$$$ auto_save_detector_ic=False
massspec enabled True
create new session 5036988176
MassSpec Database Version: 16.0
close session 5036988176
saving post measurement to secondary database
saving to massspec database 129.138.12.160/massspecdata
setting labnumber to 65267
setting aliquot to 10
setting step to AJ
setting uuid to f609fd15-b81f-4929-aa5a-023732101835
setting irradpos to 65267
setting extract_device to Fusions CO2
setting tray to 
setting position to 49
setting power_requested to 1.05
setting extract_value to 1.05
setting duration to 30.0
setting duration_at_request to 30.0
setting first_stage_delay to 30.0
setting cleanup to 30.0
setting comment to F:9 AM-1b
setting irradiation to NM-285
setting level to F
setting irradiation_level to F
setting sample to AM-1b
setting material to Kspar
setting project to REEFenite
setting mass_spectrometer to Jan
no attribute chron_dosages
no attribute production_ratios
no attribute interference_corrections
no attribute production_name
no attribute j
Reference Isotope=Ar40
Reference Detector=H1
%%%%%%%%%%%%%%%%%%%% Comment: F:9 AM-1b %%%%%%%%%%%%%%%%%%%
adding isotope PM41 H2
add baseline dbdet= PM41. original det= H2
get baseline data PM41 H2
Get data baseline <pychron.processing.isotope.Baseline object at 0x16ec4af50> len t=60
baseline PM41. v=-0.183137241412, e=0.0066954250775
get signal data PM41 H2
Get data signal PM41 0.05+/-0.07 len t=120
adding isotope Ar40 H1
add baseline dbdet= Ar40. original det= H1
get baseline data Ar40 H1
Get data baseline <pychron.processing.isotope.Baseline object at 0x16ec4a6d0> len t=60
baseline Ar40. v=-0.0382009129374, e=0.00582755955663
get signal data Ar40 H1
Get data signal Ar40 108.043+/-0.021 len t=120
adding isotope Ar39 AX
add baseline dbdet= Ar39. original det= AX
get baseline data Ar39 AX
Get data baseline <pychron.processing.isotope.Baseline object at 0x16ec4a290> len t=60
baseline Ar39. v=-0.0810035875501, e=0.00646129239766
get signal data Ar39 AX
Get data signal Ar39 1.191+/-0.013 len t=120
adding isotope Ar38 L1
add baseline dbdet= Ar38. original det= L1
get baseline data Ar38 L1
Get data baseline <pychron.processing.isotope.Baseline object at 0x16ec4a150> len t=60
baseline Ar38. v=-0.0254040060011, e=0.0023338282045
get signal data Ar38 L1
Get data signal Ar38 0.042+/-0.004 len t=120
adding isotope Ar37 L2
add baseline dbdet= Ar37. original det= L2
get baseline data Ar37 L2
Get data baseline <pychron.processing.isotope.Baseline object at 0x16ec4a050> len t=60
baseline Ar37. v=-0.0180271838159, e=0.00588055334716
get signal data Ar37 L2
Get data signal Ar37 0.051+/-0.011 len t=120
adding isotope Ar36 CDD
add baseline dbdet= Ar36. original det= CDD
get baseline data Ar36 CDD
Get data baseline <pychron.processing.isotope.Baseline object at 0x160c30410> len t=60
baseline Ar36. v=2.7291992101e-05, e=8.29199924438e-06
get signal data Ar36 CDD
Get data signal Ar36 0.01064+/-0.00030 len t=120
65267-10AJ added analysis time 0.508574962616s
analysis added to mass spec database
mass spec save time= 0.518
persistence save - dvc
================= post measurement started
create new session 4995223376
close session 4995223376
---------------- Experiment Queue saving disabled
DVC saving peakcenter
Failed to find a valid peak. No peak greater than 1.0. max = 0.0181604078115
Smart pull ahead: 0 behind: 0
Up-to-date with origin
add to repo msg=modified - ad8224ebc6dbfeb9f5997218dfa5fe690569839d.json
add to repo msg=modified - 67-10AJ.json
add to repo msg=modified - 67-10AJ.dat.json
add to repo msg=modified - 67-10AJ.blan.json
add to repo msg=modified - 67-10AJ.inte.json
add to repo msg=modified - 67-10AJ.icfa.json
add to repo msg=modified - 67-10AJ.base.json
not at valid file /Users/jan/PychronDev/data/.dvc/repositories/REEFenite/652/tags/67-10AJ.tags.json
add to repo msg=modified - 67-10AJ.peak.json
add to repo msg=modified - 67-10AJ.extr.json
not at valid file /Users/jan/PychronDev/data/.dvc/repositories/REEFenite/652/monitor/67-10AJ.moni.json
commit message=<COLLECTION>
add to repo msg=modified - 67-10AJ.inte.json
add to repo msg=modified - 67-10AJ.base.json
commit message=<ISOEVO> default collection fits
add to repo msg=modified - 67-10AJ.blan.json
commit message=<BLANKS> preceding bu-FC-J-7856
add to repo msg=modified - 67-10AJ.icfa.json
commit message=<ICFactor> default
push repository <pychron.git_archive.repo_manager.GitRepoManager object at 0x150542830>
pushing to remote=origin, url=https://github.com
no changes to meta repo
create new session 4995223376
add association REEFenite
get identifier "65267"
setting analysis irradiation position=<pychron.dvc.dvc_orm.IrradiationPositionTbl object at 0x145b5c1d0>
close session 4995223376
================= post measurement finished
22:05:11 -- ******* Post Run Check *******
loading queue conditionals post_run_actions
loading system conditionals post_run_actions
loading conditionals from /Users/jan/PychronDev/setupfiles/spectrometer/default_conditionals.yaml
loading queue conditionals post_run_terminations
loading system conditionals post_run_terminations
loading conditionals from /Users/jan/PychronDev/setupfiles/spectrometer/default_conditionals.yaml
Checking default post run terminations n=1
GetDeflection CDD ===>> 50
testing CDD==2000
evaluate ot="CDD.deflection==2000" t="CDD==2000", ctx="{'CDD': 50.0}"
22:05:11 -- ******* Post Run Check Passed *******
22:05:11 -- Automated run 65267-10AJ success duration: 370.323 s
----------------- finish -----------------
----------------- stop -----------------
retroactive repository identifiers disabled
finish run. runs completed=96
update duration runid=65267-10AJ, duration=370.322807074, md5=3be28e4d
loading script "jan_unknown120_60.py"
loading script "jan_pump_ms.py"
loading script "jan_co2.py"
loading script "jan_pump_extraction_line.py"
testing...
no interpolation path defined
executed snippet estimated_duration=213.652928, duration=0.000308036804199
script duration name:unknown120_60 seconds:214.0
loading script "jan_unknown120_60.py"
loading script "jan_pump_ms.py"
loading script "jan_co2.py"
loading script "jan_pump_extraction_line.py"
testing...
no interpolation path defined
executed snippet estimated_duration=0, duration=3.40938568115e-05
loading script "jan_unknown120_60.py"
loading script "jan_pump_ms.py"
loading script "jan_co2.py"
loading script "jan_pump_extraction_line.py"
testing...
no interpolation path defined
calculate duration
testing...
no interpolation path defined
executed snippet estimated_duration=0, duration=5.41210174561e-05
calculate duration
testing...
no interpolation path defined
executed snippet estimated_duration=0, duration=9.3936920166e-05
executed snippet estimated_duration=0.0, duration=0.00290107727051
script duration name:co2 seconds:0.0
loading script "jan_unknown120_60.py"
loading script "jan_pump_ms.py"
loading script "jan_co2.py"
loading script "jan_pump_extraction_line.py"
testing...
no interpolation path defined
calculate duration
testing...
no interpolation path defined
executed snippet estimated_duration=4.0, duration=0.000207901000977
executed snippet estimated_duration=4.0, duration=0.0073299407959
Script duration 214.0
Run total estimated duration= 215.000
unknown120_60 in script context. using previous estimated duration
script duration name:unknown120_60 seconds:214.0
pump_ms in script context. using previous estimated duration
co2 in script context. using previous estimated duration
script duration name:co2 seconds:0.0
pump_extraction_line in script context. using previous estimated duration
Script duration 214.0
Run total estimated duration= 215.000
script duration name:unknown120_60 seconds:214.0
script duration name:co2 seconds:0.0
Script duration 214.0
Run total estimated duration= 215.000
script duration name:unknown120_60 seconds:214.0
script duration name:co2 seconds:0.0
Script duration 214.0
Run total estimated duration= 215.000
loading script "jan_unknown400_120.py"
loading script "jan_pump_ms.py"
loading script "jan_sniffair_x2.py"
loading script "jan_pump_extraction_line.py"
testing...
no interpolation path defined
executed snippet estimated_duration=556.052928, duration=0.000280141830444
script duration name:unknown400_120 seconds:556.0
loading script "jan_unknown400_120.py"
loading script "jan_pump_ms.py"
loading script "jan_sniffair_x2.py"
loading script "jan_pump_extraction_line.py"
testing...
no interpolation path defined
calculate duration
testing...
no interpolation path defined
executed snippet estimated_duration=0, duration=4.88758087158e-05
calculate duration
testing...
no interpolation path defined
executed snippet estimated_duration=0, duration=0.000172138214111
calculate duration
testing...
no interpolation path defined
executed snippet estimated_duration=32.0, duration=9.58442687988e-05
calculate duration
testing...
no interpolation path defined
executed snippet estimated_duration=34.0, duration=0.0001060962677
calculate duration
testing...
no interpolation path defined
executed snippet estimated_duration=4.0, duration=8.58306884766e-05
calculate duration
testing...
no interpolation path defined
executed snippet estimated_duration=36.0, duration=9.41753387451e-05
calculate duration
testing...
no interpolation path defined
executed snippet estimated_duration=34.0, duration=0.000104904174805
calculate duration
testing...
no interpolation path defined
executed snippet estimated_duration=4.0, duration=6.29425048828e-05
calculate duration
testing...
no interpolation path defined
executed snippet estimated_duration=36.0, duration=9.79900360107e-05
calculate duration
testing...
no interpolation path defined
executed snippet estimated_duration=70.0, duration=0.000101089477539
executed snippet estimated_duration=250.0, duration=0.016016960144
script duration name:sniffair_x2 seconds:250.0
Script duration 806.0
Run total estimated duration= 807.000
unknown400_120 in script context. using previous estimated duration
script duration name:unknown400_120 seconds:556.0
sniffair_x2 in script context. using previous estimated duration
script duration name:sniffair_x2 seconds:250.0
Script duration 806.0
Run total estimated duration= 807.000
script duration name:unknown400_120 seconds:556.0
loading script "jan_unknown400_120.py"
loading script "jan_pump_ms.py"
loading script "jan_cocktail_x1.py"
loading script "jan_pump_extraction_line.py"
testing...
no interpolation path defined
calculate duration
testing...
no interpolation path defined
executed snippet estimated_duration=0, duration=5.10215759277e-05
calculate duration
testing...
no interpolation path defined
executed snippet estimated_duration=0, duration=8.08238983154e-05
calculate duration
testing...
no interpolation path defined
executed snippet estimated_duration=32.0, duration=7.20024108887e-05
calculate duration
testing...
no interpolation path defined
executed snippet estimated_duration=34.0, duration=7.5101852417e-05
calculate duration
testing...
no interpolation path defined
executed snippet estimated_duration=4.0, duration=4.81605529785e-05
calculate duration
testing...
no interpolation path defined
executed snippet estimated_duration=38.0, duration=7.29560852051e-05
executed snippet estimated_duration=108.0, duration=0.00538015365601
script duration name:cocktail_x1 seconds:108.0
Script duration 664.0
Run total estimated duration= 665.000
script duration name:unknown400_120 seconds:556.0
cocktail_x1 in script context. using previous estimated duration
script duration name:cocktail_x1 seconds:108.0
Script duration 664.0
Run total estimated duration= 665.000
script duration name:unknown400_120 seconds:556.0
script duration name:co2 seconds:0.0
Script duration 556.0
Run total estimated duration= 557.000
nruns=9 before=5.0, run_dur=4361.0, btw=240.0
write rem/ex queues
/Users/jan/PychronDev/experiments/rem/Load1796.rem.txt
/Users/jan/PychronDev/experiments/rem/Load1796.ex.txt
doing event level: 3
