do run
loading script "jan_unknown120_60.py"
loading script "jan_pump_ms.py"
loading script "jan_co2.py"
loading script "jan_pump_extraction_line.py"
testing...
no interpolation path defined
executed snippet estimated_duration=213.652928, duration=0.000170946121216
script duration name:unknown120_60 seconds:214.0
loading script "jan_unknown120_60.py"
loading script "jan_pump_ms.py"
loading script "jan_co2.py"
loading script "jan_pump_extraction_line.py"
testing...
no interpolation path defined
executed snippet estimated_duration=0, duration=1.97887420654e-05
loading script "jan_unknown120_60.py"
loading script "jan_pump_ms.py"
loading script "jan_co2.py"
loading script "jan_pump_extraction_line.py"
testing...
no interpolation path defined
calculate duration
testing...
no interpolation path defined
executed snippet estimated_duration=0, duration=5.00679016113e-05
calculate duration
testing...
no interpolation path defined
executed snippet estimated_duration=0, duration=7.00950622559e-05
executed snippet estimated_duration=0.0, duration=0.00243210792542
script duration name:co2 seconds:0.0
loading script "jan_unknown120_60.py"
loading script "jan_pump_ms.py"
loading script "jan_co2.py"
loading script "jan_pump_extraction_line.py"
testing...
no interpolation path defined
calculate duration
testing...
no interpolation path defined
executed snippet estimated_duration=4.0, duration=0.000118970870972
executed snippet estimated_duration=4.0, duration=0.00119400024414
Script duration 214.0
Run total estimated duration= 215.000
run duration: 0:03:35
doing event level: 2
19:00:40 -- Setting default integration. t=1.048576
setting integration time = 1.048576
SetIntegrationTime 1.048576 ===>> OK
----------------- start -----------------
**************** Experiment Type: Ar/Ar, Ar/Ar
create new session 5024020528
close session 5024020528
$$$$$ Clearing conditionals
adding conditionals 
Add queue conditionals
add default conditionals
adding default conditionals from /Users/jan/PychronDev/setupfiles/spectrometer/default_conditionals.yaml
Start automated run 65267-10J
loading script "jan_unknown120_60.py"
loading script "jan_pump_ms.py"
loading script "jan_co2.py"
loading script "jan_pump_extraction_line.py"
%%%%%%%%%%%%%%%%%% setting automated run 65267-10J
No value "sensitivity_multiplier" in metadata
$$$$$$$$$$$$$$$ auto_save_detector_ic=False
============================= Pre Extraction Check =============================
loading queue conditionals pre_run_terminations
loading system conditionals pre_run_terminations
loading conditionals from /Users/jan/PychronDev/setupfiles/spectrometer/default_conditionals.yaml
19:00:40 -- ******* Pre Extraction Check *******
Get a measurement from the spectrometer
GetData ===>> H2,-0.215321838063282,H1,-0.0674598427506055,AX,-0.112079776009777,L1,-0.0185656917770719,L2,0.07...
Pre Extraction Termination data. keys=H2,H1,AX,L1,L2,CDD, signals=-0.21532,-0.06746,-0.11208,-0.01857,0.07651,0.00223
19:00:40 -- testing system defined conditionals
Checking default pre extraction terminations n=2
testing CDD
evaluate ot="CDD.inactive" t="CDD", ctx="{'CDD': False}"
GetDeflection CDD ===>> 50
testing CDD==2000
evaluate ot="CDD.deflection==2000" t="CDD==2000", ctx="{'CDD': 50.0}"
19:00:40 -- ******* Pre Extraction Check Passed *******
=================================================================================
19:00:40 -- stopping status monitor
stop 5036682704
Status monitor stopped
Status monitor finished
19:00:42 -- starting status monitor
start 5036682704
StatusMonitor period=1. Frequencies(state=2, checksum=3, lock=5, owner=5)
start extraction
do extraction
Analysis started at 19:00:43.832614
Extraction Started jan_co2.py
19:00:43 -- ******* Extraction Started jan_co2.py *******
state changed from not run to extraction
DO EXTRACTION <pychron.extraction_line.pyscript_runner.RemotePyScriptRunner object at 0x12cc73a70>
testing...
no interpolation path defined
calculate duration
testing...
no interpolation path defined
executed snippet estimated_duration=0, duration=4.6968460083e-05
calculate duration
testing...
no interpolation path defined
executed snippet estimated_duration=0, duration=8.89301300049e-05
executed snippet estimated_duration=100.0, duration=0.00336003303528
Jan CO2 laser analysis
doing GOSUB
testing...
no interpolation path defined
executed snippet estimated_duration=0, duration=5.19752502441e-05
Waiting for CO2 access
wait ('FelixCO2Flag', 0) {}
waiting for FelixCO2Flag = 0
Read FelixCO2Flag ===>> 0
finished waiting
CO2 free
wait ('CO2PumpTimeFlag', 0) {}
waiting for CO2PumpTimeFlag = 0
Read CO2PumpTimeFlag ===>> 0
finished waiting
acquire ('JanCO2Flag',) {'clear': True}
acquire JanCO2Flag
Set JanCO2Flag 1 ===>> OK
JanCO2Flag acquired
set extraction state False (0.75, 'red', 1.5)
CO2 acquired
executed snippet estimated_duration=0, duration=0.0199959278107
WaitForCO2Access.py completed successfully
gosub finished
doing GOSUB
testing...
no interpolation path defined
executed snippet estimated_duration=0, duration=0.000117063522339
Prepare for CO2 analysis
close () {'description': 'Jan Inlet'}
closing name=--- desc=Jan Inlet
checking ownership. requestor=129.138.12.150
check software interlocks R
interlocks []
actuate state mode=None-script, software_lock=False
doing actuation None-script close_channel False
Close R ===>> OK
GetIndicatorState R ===>> False
change switch state (True, True)
update switch state R False args=() kw={} ncanvase=4
19:00:44 -- CLOSE  VALVE-R (Jan Inlet)
---------------------------------------- close None (Jan Inlet) result=[(True, True)]
action=close, ok=True, locked=[False]
open () {'description': 'Jan Ion Pump'}
opening name=--- desc=Jan Ion Pump
checking ownership. requestor=129.138.12.150
check software interlocks O
interlocks []
actuate state mode=None-script, software_lock=False
doing actuation None-script open_channel False
Open O ===>> OK
GetIndicatorState O ===>> OK
change switch state (True, True)
update switch state O True args=() kw={} ncanvase=4
19:00:44 -- OPEN   VALVE-O (Jan Ion Pump)
---------------------------------------- open None (Jan Ion Pump) result=[(True, True)], time=0.09 sec
action=open, ok=True, locked=[False]
close () {'description': 'Microbone to Minibone'}
closing name=--- desc=Microbone to Minibone
checking ownership. requestor=129.138.12.150
check software interlocks L
interlocks []
actuate state mode=None-script, software_lock=False
doing actuation None-script close_channel False
Close L ===>> OK
GetIndicatorState L ===>> False
change switch state (True, True)
update switch state L False args=() kw={} ncanvase=4
19:00:45 -- CLOSE  VALVE-L (Microbone to Minibone)
---------------------------------------- close None (Microbone to Minibone) result=[(True, True)]
action=close, ok=True, locked=[False]
open () {'description': 'Microbone to Turbo'}
opening name=--- desc=Microbone to Turbo
checking ownership. requestor=129.138.12.150
check software interlocks U
interlocks []
actuate state mode=None-script, software_lock=False
doing actuation None-script open_channel False
Open U ===>> OK
GetIndicatorState U ===>> OK
change switch state (True, True)
update switch state U True args=() kw={} ncanvase=4
19:00:45 -- OPEN   VALVE-U (Microbone to Turbo)
---------------------------------------- open None (Microbone to Turbo) result=[(True, True)], time=0.12 sec
action=open, ok=True, locked=[False]
open () {'description': 'Microbone to Inlet Pipette'}
opening name=--- desc=Microbone to Inlet Pipette
checking ownership. requestor=129.138.12.150
check software interlocks S
interlocks []
actuate state mode=None-script, software_lock=False
doing actuation None-script open_channel False
Open S ===>> OK
GetIndicatorState S ===>> OK
change switch state (True, True)
update switch state S True args=() kw={} ncanvase=4
19:00:46 -- OPEN   VALVE-S (Microbone to Inlet Pipette)
---------------------------------------- open None (Microbone to Inlet Pipette) result=[(True, True)], time=0.42 sec
action=open, ok=True, locked=[False]
open () {'description': 'Microbone to Getter D-50'}
opening name=--- desc=Microbone to Getter D-50
checking ownership. requestor=129.138.12.150
check software interlocks K
interlocks []
actuate state mode=None-script, software_lock=False
doing actuation None-script open_channel False
Open K ===>> OK
GetIndicatorState K ===>> OK
change switch state (True, True)
update switch state K True args=() kw={} ncanvase=4
19:00:47 -- OPEN   VALVE-K (Microbone to Getter D-50)
---------------------------------------- open None (Microbone to Getter D-50) result=[(True, True)], time=0.41 sec
action=open, ok=True, locked=[False]
open () {'description': 'Microbone to Getter NP-10'}
opening name=--- desc=Microbone to Getter NP-10
checking ownership. requestor=129.138.12.150
check software interlocks M
interlocks []
actuate state mode=None-script, software_lock=False
doing actuation None-script open_channel False
Open M ===>> OK
GetIndicatorState M ===>> OK
change switch state (True, True)
update switch state M True args=() kw={} ncanvase=4
19:00:47 -- OPEN   VALVE-M (Microbone to Getter NP-10)
---------------------------------------- open None (Microbone to Getter NP-10) result=[(True, True)], time=0.14 sec
action=open, ok=True, locked=[False]
close () {'description': 'CO2 Laser to Felix'}
closing name=--- desc=CO2 Laser to Felix
checking ownership. requestor=129.138.12.150
check software interlocks F
interlocks []
actuate state mode=None-script, software_lock=True
VALVE-F(CO2 Laser to Felix) software locked
change switch state (True, False)
---------------------------------------- close None (CO2 Laser to Felix) result=[(True, False)]
action=close, ok=True, locked=[True]
open () {'description': 'CO2 Laser to Jan'}
opening name=--- desc=CO2 Laser to Jan
checking ownership. requestor=129.138.12.150
check software interlocks A
interlocks []
actuate state mode=None-script, software_lock=False
doing actuation None-script open_channel False
Open A ===>> OK
GetIndicatorState A ===>> OK
change switch state (True, True)
update switch state A True args=() kw={} ncanvase=4
19:00:47 -- OPEN   VALVE-A (CO2 Laser to Jan)
---------------------------------------- open None (CO2 Laser to Jan) result=[(True, True)], time=0.13 sec
action=open, ok=True, locked=[False]
open () {'description': 'Microbone to CO2 Laser'}
opening name=--- desc=Microbone to CO2 Laser
checking ownership. requestor=129.138.12.150
check software interlocks T
interlocks []
actuate state mode=None-script, software_lock=False
doing actuation None-script open_channel False
Open T ===>> OK
GetIndicatorState T ===>> OK
change switch state (True, True)
update switch state T True args=() kw={} ncanvase=4
19:00:48 -- OPEN   VALVE-T (Microbone to CO2 Laser)
---------------------------------------- open None (Microbone to CO2 Laser) result=[(True, True)], time=0.44 sec
action=open, ok=True, locked=[False]
executed snippet estimated_duration=0, duration=4.90981984138
PrepareForCO2Analysis.py completed successfully
gosub finished
set_motor ('beam', '1.5') {}
setting motor "beam" to 1.5
set motor beam to 1.5
SetMotor beam,1.5 ===>> OK
GetMotorMoving beam ===>> False
GetMotorMoving beam ===>> False
Block completed
move_to_position ('49',) {'autocenter': True}
FusionsCO2 move to position 49
sending GoToHole 49,True
GoToHole 49,True ===>> OK
GetDriveMoving ===>> False
GetDriveMoving ===>> False
Block completed
GetAutoCorrecting ===>> False
GetAutoCorrecting ===>> False
Block completed
update position
GetPosition ===>> 5.98170,7.97560,1.00000
got position (5.9817, 7.9756, 1.0)
move to position succeeded
sleep (5,) {}
SLEEP 5.0
block started
WaitControl setup for 5.0  
Join finished
block finished. duration 5.04401016235
close () {'description': 'Microbone to Turbo'}
closing name=--- desc=Microbone to Turbo
checking ownership. requestor=129.138.12.150
check software interlocks U
interlocks []
actuate state mode=None-script, software_lock=False
doing actuation None-script close_channel True
Close U ===>> OK
GetIndicatorState U ===>> False
change switch state (True, True)
update switch state U False args=() kw={} ncanvase=4
19:00:57 -- CLOSE  VALVE-U (Microbone to Turbo)
---------------------------------------- close None (Microbone to Turbo) result=[(True, True)]
action=close, ok=True, locked=[False]
enable laser
enable () {}
set extraction state FusionsCO2 Enabled (False, 'red', 1.5)
enabling laser
Enable ===>> OK
begin interval
BEGIN INTERVAL Interval 1 waiting for 30.0
block started
set extract to 0.55
WaitControl setup for 30.0  
extract (0.55,) {}
GetPosition ===>> 5.98170,7.97560,1.00000
set extraction state FusionsCO2 ON! 0.55(watts) (0.75, 'red', 1.5)
extract sample to 0.55 (watts)
set laser output
SetLaserOutput 0.55,watts ===>> OK
COMPLETE INTERVAL waiting for Interval 1 to complete
Join finished
block finished. duration 30.1701490879
Interval 1 finished
end_extract () {}
ending extraction. set laser power to 0
set laser power 0
SetLaserPower 0 ===>> OK
disable () {}
%%%%%%%%%%%%%%%%%%%%%%%%%%%%%%%%%%% disable
set extraction state False (0.75, 'red', 1.5)
disabling laser
Disable ===>> OK
sleep (30.0,) {}
SLEEP 30.0
block started
WaitControl setup for 30.0  
Join finished
block finished. duration 30.1312558651
executed snippet estimated_duration=195.0, duration=74.3938388824
jan_co2.py completed successfully
GetAchievedOutput ===>> No Response
Requested Output= 0.000
Achieved Output=  0.000
GetResponseBlob ===>> No Response
GetOutputBlob ===>> No Response
persistence save...
persistence save - db
AutomatedRunPersister post_extraction_save deprecated
persistence save - dvc
no extraction position for 49
create new session 4995223376
close session 4995223376
Extraction Finished
19:01:58 -- ******* Extraction Finished *******
no overlap. not waiting for min ms pumptime
19:01:58 -- Sending spectrometer configuration
======== Sending configuration ========
SetDeflection CDD,50.0 ===>> OK
SetDeflection H2,0.0 ===>> OK
SetDeflection H1,0.0 ===>> OK
SetDeflection L2,825.0 ===>> OK
SetDeflection L1,400.0 ===>> OK
SetDeflection AX,190.0 ===>> OK
SetZFocus 74.64 ===>> OK
SetZSymmetry -50.72 ===>> OK
SetExtractionLens 26.13 ===>> OK
SetIonRepeller -3.81 ===>> OK
SetElectronEnergy 75.08 ===>> OK
SetYSymmetry -2.81 ===>> OK
SetIonCounterVoltage 1590.0 ===>> OK
send trap current 200.0
GetParameter Trap Current Readback ===>> 198.258926936459
SetParameter Trap Current Set,200.0 ===>> OK
updating mftable name mftable
Using mftable located at /Users/jan/PychronDev/setupfiles/spectrometer/mftables/mftable.csv
============ MFtable ===========
Isotope  H2     H1     AX     L1     L2     CDD    
Ar40     5.8263 5.8798 5.9929 6.1662 6.2313 6.3944
Ar39     5.7255 5.7720 5.8854 6.0522 6.1164 6.2809
Ar36     5.4030 5.4410 5.5487 5.7111 5.7714 5.9320
================================
get initial guess parabolic
get initial guess parabolic
get initial guess parabolic
get initial guess parabolic
get initial guess parabolic
get initial guess parabolic
======== Configuration Finished ========
GetYSymmetry ===>> -2.81
GetZSymmetry ===>> -50.72
GetParameter Trap Current Readback ===>> 198.147042666178
GetHighVoltage ===>> 4500
start measurement
do measurement
L#=65267 analysis type=unknown
Measurement Started jan_unknown120_60.py
19:01:58 -- ******* Measurement Started jan_unknown120_60.py *******
state changed from extraction to measurement
setting spec, defl, and gains
GetExtractionLens ===>> 26.13
GetYSymmetry ===>> -2.81
GetZSymmetry ===>> -50.72
GetZFocus ===>> 74.64
GetDeflection H2 ===>> 0
GetDeflection H1 ===>> 0
GetDeflection AX ===>> 190
GetDeflection L1 ===>> 400
GetDeflection L2 ===>> 825
GetDeflection CDD ===>> 50
GetGain H2 ===>> 0.0113
GetGain H1 ===>> 0.1
GetGain AX ===>> 0.097049
GetGain L1 ===>> 0.010355
GetGain L2 ===>> 0.095649
GetGain CDD ===>> 0
pre measurement save
New frame /Users/jan/PychronDev/data/isotopes/5e/2519ef-9186-4543-afce-dfb338900e4e.h5
flush and close file /Users/jan/PychronDev/data/isotopes/5e/2519ef-9186-4543-afce-dfb338900e4e.h5
testing...
no interpolation path defined
executed snippet estimated_duration=226.132928, duration=0.000323057174683
unknown measurement script
activate_detectors ('H2', 'H1', 'AX', 'L1', 'L2', 'CDD') {}
activate detectors
*************** Set Analysis View Ar/Ar
create graphs
clearing graphs
clear isotope group
setting isotope det=H2, iso=PM41
setting isotope det=H1, iso=Ar40
setting isotope det=AX, iso=Ar39
setting isotope det=L1, iso=Ar38
setting isotope det=L2, iso=Ar37
setting isotope det=CDD, iso=Ar36
setting previous blanks
 - setting Ar40 blank 0.359+/-0.007
 - setting Ar36 blank 0.00467+/-0.00017
 - setting Ar37 blank 0.069+/-0.005
 - setting Ar38 blank 0.0105+/-0.0022
 - setting PM41 blank 0.03+/-0.07
 - setting Ar39 blank 0.039+/-0.009
load analysis view
position_magnet ('Ar40',) {'detector': 'H1'}
detector Detector(H1)
POSITION Ar40 H1
setting detector H2 to PM41 (40.9624)
setting detector H1 to Ar40 (39.9624)
setting detector AX to Ar39 (38.9624)
setting detector L1 to Ar38 (37.9624)
setting detector L2 to Ar37 (36.9624)
setting detector CDD to Ar36 (35.9624)
Mapping mass to dac mass func: "parabolic"
H1 map mass coeffs = [-0.00063987  0.15840543  0.57136999]
H1 map mass to dac 39.9624 >> 5.87976
GetDeflection H1 ===>> 0
GetHighVoltage ===>> 4500
positioning Ar40 (5.87976) on H1
setting magnet DAC
current  : 5.879760
requested: 5.879760
Delta Dac: 0.000000
Checking detector protection. dv=0.00000
Checking detector "CDD". Protection Threshold: 0.1 (V)
SetMagnetDAC 5.87976 ===>> OK
equilibrate () {'delay': 3, 'inlet': 'R', 'outlet': 'O', 'eqtime': 12.0}
Equilibration Started
19:01:59 -- ******* Equilibration Started *******
checking ownership. requestor=129.138.12.150
check software interlocks O
interlocks []
actuate state mode=None-script, software_lock=False
doing actuation None-script close_channel True
Close O ===>> OK
update labels <pychron.experiment.plot_panel.PlotPanel object at 0x141b04290>
update labels "<pychron.graph.stacked_regression_graph.StackedRegressionGraph object at 0x1462734d0>"
setting label 0 H2 PM41
setting label 1 H1 Ar40
setting label 2 AX Ar39
setting label 3 L1 Ar38
setting label 4 L2 Ar37
setting label 5 CDD Ar36
update labels "<pychron.graph.stacked_graph.StackedGraph object at 0x1552ad230>"
setting label 0 H2 PM41
setting label 1 H1 Ar40
setting label 2 AX Ar39
setting label 3 L1 Ar38
setting label 4 L2 Ar37
setting label 5 CDD Ar36
GetIndicatorState O ===>> False
change switch state (True, True)
update switch state O False args=() kw={} ncanvase=4
19:01:59 -- CLOSE  VALVE-O (Jan Ion Pump)
waiting 3s before opening inlet value ('R',)
checking ownership. requestor=129.138.12.150
check software interlocks R
interlocks []
actuate state mode=None-script, software_lock=False
doing actuation None-script open_channel True
Open R ===>> OK
GetIndicatorState R ===>> OK
change switch state (True, True)
update switch state R True args=() kw={} ncanvase=4
19:02:03 -- OPEN   VALVE-R (Jan Inlet)
set_time_zero () {}
equilibrating for 12.0sec
sniff (12.0,) {}
py_sniff
build tables- sniff [Detector(H2), Detector(H1), Detector(AX), Detector(L1), Detector(L2), Detector(CDD)]
add group /sniff/PM41 (Group) '' table H2
add group /sniff/Ar40 (Group) '' table H1
add group /sniff/Ar39 (Group) '' table AX
add group /sniff/Ar38 (Group) '' table L1
add group /sniff/Ar37 (Group) '' table L2
add group /sniff/Ar36 (Group) '' table CDD
flush and close file /Users/jan/PychronDev/data/isotopes/5e/2519ef-9186-4543-afce-dfb338900e4e.h5
measuring sniff. ncounts=12.0
"sniff" increment series count="1" fit count="0" regressing="False"
starting measurement
check iteration duration=1.90734863281e-05
GetData ===>> H2,0.205634428072168,H1,42.1497197265295,AX,1.03551778087705,L1,0.01485010757605,L2,0.30345632649...
check iteration duration=1.90734863281e-05
GetData ===>> H2,1.05255463311348,H1,291.880842159169,AX,4.36570322361789,L1,0.22123921150218,L2,0.272009819485...
check iteration duration=1.78813934326e-05
GetData ===>> H2,0.616240039660218,H1,414.675251271136,AX,4.82260599475589,L1,0.237222413019663,L2,0.1759736996...
check iteration duration=4.10079956055e-05
GetData ===>> H2,0.0439194244882016,H1,454.056031065243,AX,4.92424297920162,L1,0.214228322973829,L2,0.049182062...
check iteration duration=4.41074371338e-05
GetData ===>> H2,-0.0209918054655614,H1,468.661557387015,AX,4.90215398325058,L1,0.148798880057218,L2,0.14257764...
check iteration duration=2.09808349609e-05
GetData ===>> H2,0.028302581993589,H1,474.681233703491,AX,4.96101333321574,L1,0.121526904527825,L2,0.1135480647...
check iteration duration=1.71661376953e-05
GetData ===>> H2,0.034573641556761,H1,477.263866239509,AX,4.880319453447,L1,0.0732643738847268,L2,0.05968526467...
check iteration duration=4.10079956055e-05
GetData ===>> H2,-0.0444378943028277,H1,478.424895298495,AX,4.84057161410614,L1,0.0690999554027081,L2,0.1349032...
check iteration duration=3.69548797607e-05
GetData ===>> H2,-0.160851162603915,H1,478.838719723121,AX,4.90783626107279,L1,0.0934141848383687,L2,0.01429370...
check iteration duration=4.50611114502e-05
GetData ===>> H2,-0.123909247128467,H1,478.715634899053,AX,4.90810968427336,L1,0.0628773086465543,L2,0.03316148...
check iteration duration=4.31537628174e-05
GetData ===>> H2,-0.110485466355772,H1,479.132068009017,AX,4.9050782950257,L1,0.0384149385343674,L2,0.097680152...
check iteration duration=4.38690185547e-05
Equilibration Finished
GetData ===>> H2,-0.124391996435658,H1,479.071261314434,AX,4.92983139029587,L1,0.114836685111462,L2,0.097064639...
19:02:15 -- ******* Equilibration Finished *******
checking ownership. requestor=129.138.12.150
check software interlocks R
interlocks []
actuate state mode=None-script, software_lock=False
doing actuation None-script close_channel True
Close R ===>> OK
set states for children of R. state=False
handle state [('R', False)]
update switch state R False args=() kw={'refresh': False} ncanvase=4
GetIndicatorState R ===>> False
refresh_canvas_needed fired
change switch state (True, True)
update switch state R False args=() kw={} ncanvase=4
19:02:16 -- CLOSE  VALVE-R (Jan Inlet)
Post Equilibration Started jan_pump_extraction_line.py
19:02:16 -- ******* Post Equilibration Started jan_pump_extraction_line.py *******
testing...
no interpolation path defined
calculate duration
testing...
no interpolation path defined
executed snippet estimated_duration=4.0, duration=0.000118017196655
executed snippet estimated_duration=4.0, duration=0.00107002258301
Pump after analysis
doing GOSUB
testing...
no interpolation path defined
executed snippet estimated_duration=4.0, duration=0.00020694732666
Pump Microbone
close () {'description': 'Jan Inlet'}
closing name=--- desc=Jan Inlet
checking ownership. requestor=129.138.12.150
check software interlocks R
interlocks []
actuate state mode=None-script, software_lock=False
doing actuation None-script close_channel False
check iteration duration=1.50203704834e-05
waiting for write to finish
measurement finished
estimated time: 12.583 actual time: :12.704
flush and close file /Users/jan/PychronDev/data/isotopes/5e/2519ef-9186-4543-afce-dfb338900e4e.h5
set_fits () {}
using default fits file=/Users/jan/PychronDev/scripts/measurement/fits/nominal_linear.yaml
set "Ar40" to "('Linear', 'SEM')"
No fit for "PM41". defaulting to linear. check the measurement script "jan_unknown120_60.py"
set "PM41" to "linear"
set "Ar36" to "('Linear', 'SEM')"
set "Ar37" to "('linear', 'SEM')"
set "Ar38" to "('linear', 'SEM')"
set "Ar39" to "('Linear', 'SEM')"
set_baseline_fits () {}
using default fits file=/Users/jan/PychronDev/scripts/measurement/fits/nominal_linear.yaml
Close R ===>> OK
set "H1" to "('average', 'SEM')"
set "H2" to "('average', 'SEM')"
set "CDD" to "('average', 'SEM')"
set "L2" to "('average', 'SEM')"
set "L1" to "('average', 'SEM')"
set "AX" to "('average', 'SEM')"
multicollect () {'integration_time': 1, 'ncounts': 120}
build tables- signal [Detector(H2), Detector(H1), Detector(AX), Detector(L1), Detector(L2), Detector(CDD)]
add group /signal/PM41 (Group) '' table H2
add group /signal/Ar40 (Group) '' table H1
add group /signal/Ar39 (Group) '' table AX
add group /signal/Ar38 (Group) '' table L1
add group /signal/Ar37 (Group) '' table L2
add group /signal/Ar36 (Group) '' table CDD
flush and close file /Users/jan/PychronDev/data/isotopes/5e/2519ef-9186-4543-afce-dfb338900e4e.h5
measuring signal. ncounts=120
GetIndicatorState R ===>> False
change switch state (True, True)
update switch state R False args=() kw={} ncanvase=4
19:02:16 -- CLOSE  VALVE-R (Jan Inlet)
---------------------------------------- close None (Jan Inlet) result=[(True, True)]
"signal" increment series count="2" fit count="1" regressing="True"
action=close, ok=True, locked=[False]
is_closed ('F',) {}
is F () closed?
is closed True
open () {'description': 'CO2 Laser to Jan'}
opening name=--- desc=CO2 Laser to Jan
checking ownership. requestor=129.138.12.150
check software interlocks A
interlocks []
actuate state mode=None-script, software_lock=False
doing actuation None-script open_channel False
Open A ===>> OK
GetIndicatorState A ===>> OK
change switch state (True, True)
update switch state A True args=() kw={} ncanvase=4
19:02:17 -- OPEN   VALVE-A (CO2 Laser to Jan)
---------------------------------------- open None (CO2 Laser to Jan) result=[(True, True)], time=0.13 sec
starting measurement
check iteration duration=4.6968460083e-05
GetData ===>> H2,-0.0231804508365221,H1,478.830950754167,AX,4.96824532016585,L1,0.0897793213932744,L2,0.1662776...
action=open, ok=True, locked=[False]
sleep (1,) {}
SLEEP 1.0
check iteration duration=6.79492950439e-05
GetData ===>> H2,0.10294086999514,H1,478.976891392491,AX,5.04695083263819,L1,0.0820370561732219,L2,0.1338769715...
close () {'description': 'CO2 Laser to Roughing'}
closing name=--- desc=CO2 Laser to Roughing
checking ownership. requestor=129.138.12.150
check software interlocks G
interlocks []
actuate state mode=None-script, software_lock=True
VALVE-G(CO2 Laser to Roughing) software locked
change switch state (True, False)
---------------------------------------- close None (CO2 Laser to Roughing) result=[(True, False)]
action=close, ok=True, locked=[True]
open () {'description': 'Microbone to Turbo'}
opening name=--- desc=Microbone to Turbo
checking ownership. requestor=129.138.12.150
check software interlocks U
interlocks []
actuate state mode=None-script, software_lock=False
doing actuation None-script open_channel True
Open U ===>> OK
GetIndicatorState U ===>> OK
change switch state (True, True)
update switch state U True args=() kw={} ncanvase=4
19:02:18 -- OPEN   VALVE-U (Microbone to Turbo)
---------------------------------------- open None (Microbone to Turbo) result=[(True, True)], time=0.14 sec
action=open, ok=True, locked=[False]
open () {'description': 'Microbone to Getter NP-10'}
opening name=--- desc=Microbone to Getter NP-10
checking ownership. requestor=129.138.12.150
check software interlocks M
interlocks []
actuate state mode=None-script, software_lock=False
doing actuation None-script open_channel False
Open M ===>> OK
GetIndicatorState M ===>> OK
change switch state (True, True)
update switch state M True args=() kw={} ncanvase=4
19:02:18 -- OPEN   VALVE-M (Microbone to Getter NP-10)
---------------------------------------- open None (Microbone to Getter NP-10) result=[(True, True)], time=0.14 sec
action=open, ok=True, locked=[False]
open () {'description': 'Microbone to Getter D-50'}
opening name=--- desc=Microbone to Getter D-50
checking ownership. requestor=129.138.12.150
check software interlocks K
interlocks []
actuate state mode=None-script, software_lock=False
doing actuation None-script open_channel False
check iteration duration=8.29696655273e-05
GetData ===>> H2,0.0248396541917208,H1,478.932932619157,AX,4.95463820030194,L1,0.0710055748876853,L2,0.01857995...
Open K ===>> OK
GetIndicatorState K ===>> OK
change switch state (True, True)
update switch state K True args=() kw={} ncanvase=4
19:02:19 -- OPEN   VALVE-K (Microbone to Getter D-50)
---------------------------------------- open None (Microbone to Getter D-50) result=[(True, True)], time=0.43 sec
action=open, ok=True, locked=[False]
open () {'description': 'Microbone to CO2 Laser'}
opening name=--- desc=Microbone to CO2 Laser
checking ownership. requestor=129.138.12.150
check software interlocks T
interlocks []
actuate state mode=None-script, software_lock=False
doing actuation None-script open_channel False
Open T ===>> OK
GetIndicatorState T ===>> OK
change switch state (True, True)
update switch state T True args=() kw={} ncanvase=4
19:02:20 -- OPEN   VALVE-T (Microbone to CO2 Laser)
---------------------------------------- open None (Microbone to CO2 Laser) result=[(True, True)], time=0.41 sec
check iteration duration=8.60691070557e-05
GetData ===>> H2,-0.0621723179597836,H1,478.529579946678,AX,4.89007724563923,L1,0.0386001075303926,L2,0.0116832...
action=open, ok=True, locked=[False]
open () {'description': 'Microbone to Inlet Pipette'}
opening name=--- desc=Microbone to Inlet Pipette
checking ownership. requestor=129.138.12.150
check software interlocks S
interlocks []
actuate state mode=None-script, software_lock=False
doing actuation None-script open_channel False
Open S ===>> OK
GetIndicatorState S ===>> OK
change switch state (True, True)
update switch state S True args=() kw={} ncanvase=4
19:02:21 -- OPEN   VALVE-S (Microbone to Inlet Pipette)
---------------------------------------- open None (Microbone to Inlet Pipette) result=[(True, True)], time=0.45 sec
action=open, ok=True, locked=[False]
sleep (1,) {}
SLEEP 1.0
testing H1>-5.0
evaluate ot="H1.bs>-5.0" t="H1>-5.0", ctx="{'H1': None}"
check iteration duration=0.000658988952637
GetData ===>> H2,-0.158213460344967,H1,478.481003302289,AX,4.87608860018219,L1,0.0456128969859582,L2,-0.0436771...
set_resource () {'name': 'CO2PumpTimeFlag', 'value': 30}
Set CO2PumpTimeFlag 30 ===>> OK
release ('JanCO2Flag',) {}
release JanCO2Flag
Set JanCO2Flag 0 ===>> OK
executed snippet estimated_duration=6.0, duration=6.04267382622
PumpMicrobone.py completed successfully
gosub finished
get_resource_value () {'name': 'JanMiniboneFlag'}
Read JanMiniboneFlag ===>> 0
Get Resource Value JanMiniboneFlag=0.0
get resource value 0.0
get_resource_value () {'name': 'JanMiniboneFlag'}
Read JanMiniboneFlag ===>> 0
Get Resource Value JanMiniboneFlag=0.0
executed snippet estimated_duration=4.0, duration=6.05373096466
jan_pump_extraction_line.py completed successfully
Post Equilibration Finished
19:02:22 -- ******* Post Equilibration Finished *******
check iteration duration=4.10079956055e-05
GetData ===>> H2,-0.274318109265892,H1,478.288246950271,AX,4.87624309447702,L1,0.0718110268492332,L2,-0.0633954...
check iteration duration=3.69548797607e-05
GetData ===>> H2,-0.23715848933299,H1,478.163890520374,AX,4.79385109288164,L1,0.0262241116467185,L2,0.066277439...
check iteration duration=6.69956207275e-05
GetData ===>> H2,-0.190249351720526,H1,477.947716081664,AX,4.81964572338545,L1,0.0358662042034484,L2,0.07068007...
check iteration duration=3.81469726562e-05
GetData ===>> H2,-0.135565527993782,H1,477.622778023232,AX,4.90154773421678,L1,0.0426662651557604,L2,0.04374274...
testing H1>-5.0
evaluate ot="H1.bs>-5.0" t="H1>-5.0", ctx="{'H1': None}"
check iteration duration=0.000602006912231
GetData ===>> H2,-0.0600232139447092,H1,477.720286442774,AX,4.82805122130821,L1,0.0530335781876874,L2,0.1388600...
check iteration duration=4.00543212891e-05
GetData ===>> H2,-0.089292854364211,H1,477.529389629384,AX,4.81439116086047,L1,0.0216775013017112,L2,0.07239100...
check iteration duration=8.58306884766e-05
GetData ===>> H2,-0.275313472990923,H1,477.120956780208,AX,4.89301308970462,L1,0.0280232692845652,L2,0.03911330...
check iteration duration=6.69956207275e-05
GetData ===>> H2,-0.285850722618158,H1,476.967151505364,AX,4.95990717088536,L1,0.0553134272456593,L2,0.02490708...
check iteration duration=5.72204589844e-05
GetData ===>> H2,-0.131835651286467,H1,476.803000684691,AX,4.85802906744996,L1,0.047541196328402,L2,0.046639115...
testing H1>-5.0
evaluate ot="H1.bs>-5.0" t="H1>-5.0", ctx="{'H1': None}"
check iteration duration=0.000609874725342
GetData ===>> H2,-0.0879579935582806,H1,476.691159444321,AX,4.82001426643899,L1,0.0621464319097749,L2,0.0131081...
check iteration duration=0.000107049942017
GetData ===>> H2,-0.127677391690164,H1,476.655456661386,AX,4.77963717987698,L1,0.0334082473686837,L2,0.02236478...
check iteration duration=6.60419464111e-05
GetData ===>> H2,-0.10444235874698,H1,476.507692149974,AX,4.87983218311559,L1,0.0386987053953175,L2,0.059765097...
check iteration duration=7.5101852417e-05
GetData ===>> H2,-0.182010117657207,H1,476.765279070593,AX,4.90876352539932,L1,0.0509370526990428,L2,0.08607726...
check iteration duration=8.51154327393e-05
GetData ===>> H2,-0.142797290822381,H1,476.413687231724,AX,4.85826692850754,L1,0.0341173274812803,L2,0.07077132...
testing H1>-5.0
evaluate ot="H1.bs>-5.0" t="H1>-5.0", ctx="{'H1': None}"
check iteration duration=0.00065016746521
GetData ===>> H2,-0.0548487852196985,H1,476.101362490485,AX,4.81253667546674,L1,0.0189815456452596,L2,0.0581114...
check iteration duration=5.79357147217e-05
GetData ===>> H2,-0.198588507220172,H1,475.871272596896,AX,4.83868096973663,L1,0.00631276705088124,L2,0.0790113...
check iteration duration=9.29832458496e-05
GetData ===>> H2,-0.252142756072269,H1,475.806046154217,AX,4.82589925127474,L1,0.0490153194386035,L2,-0.0008548...
check iteration duration=8.39233398438e-05
GetData ===>> H2,-0.277624903203351,H1,475.317738598522,AX,4.8586356142675,L1,0.0770462228397897,L2,-0.03229546...
check iteration duration=6.89029693604e-05
GetData ===>> H2,-0.189796342925962,H1,474.820803905205,AX,4.78912082001084,L1,0.0643633067696576,L2,-0.0661859...
testing H1>-5.0
evaluate ot="H1.bs>-5.0" t="H1>-5.0", ctx="{'H1': None}"
check iteration duration=0.000624895095825
19:02:42 -- collecting point 25
GetData ===>> H2,-0.172510200892598,H1,474.677131457541,AX,4.79293592208408,L1,0.063102482316426,L2,0.091684772...
check iteration duration=5.48362731934e-05
GetData ===>> H2,-0.131922217797821,H1,474.490414796707,AX,4.85926595114212,L1,0.0460312249035577,L2,0.04408483...
check iteration duration=6.29425048828e-05
GetData ===>> H2,-0.23485125084452,H1,474.527286596995,AX,4.82317665957789,L1,0.0455756329837588,L2,0.017873170...
check iteration duration=6.00814819336e-05
GetData ===>> H2,-0.187841186276462,H1,474.508990925195,AX,4.7607201304677,L1,0.0219803007154955,L2,0.013415963...
check iteration duration=8.17775726318e-05
GetData ===>> H2,-0.274969605578908,H1,474.25453971773,AX,4.85075079325233,L1,0.0263225886066432,L2,0.057541194...
testing H1>-5.0
evaluate ot="H1.bs>-5.0" t="H1>-5.0", ctx="{'H1': None}"
check iteration duration=0.00061297416687
GetData ===>> H2,-0.302026485649241,H1,473.984009084796,AX,4.90174981681883,L1,0.0816055928061196,L2,-0.0045817...
check iteration duration=9.79900360107e-05
GetData ===>> H2,-0.194015633416273,H1,473.96757557909,AX,4.83455497091517,L1,0.100849474073842,L2,-0.006051955...
check iteration duration=6.29425048828e-05
GetData ===>> H2,-0.10455738899243,H1,473.901367516407,AX,4.73577222386303,L1,0.0314615379349573,L2,-0.09016980...
check iteration duration=7.60555267334e-05
GetData ===>> H2,-0.151543588169032,H1,473.569366414478,AX,4.88156735173138,L1,0.00866812473970121,L2,0.0061549...
check iteration duration=7.89165496826e-05
GetData ===>> H2,-0.182062736145198,H1,473.577156382202,AX,4.83445984903551,L1,0.0158059525372745,L2,0.04620579...
testing H1>-5.0
evaluate ot="H1.bs>-5.0" t="H1>-5.0", ctx="{'H1': None}"
check iteration duration=0.000821828842163
GetData ===>> H2,-0.125364193933981,H1,473.280627418443,AX,4.88733165587106,L1,0.0168087265347055,L2,0.04917065...
check iteration duration=9.01222229004e-05
GetData ===>> H2,-0.0903348854861211,H1,473.028097737272,AX,4.9430070106662,L1,0.0536904106671631,L2,0.03242038...
check iteration duration=3.88622283936e-05
GetData ===>> H2,-0.0983264861804254,H1,472.873805432272,AX,4.89606788554877,L1,0.086562544522304,L2,-0.0440303...
check iteration duration=9.70363616943e-05
GetData ===>> H2,-0.120198017934498,H1,472.85603426311,AX,4.8691247211562,L1,0.0137790925397081,L2,-0.028569617...
check iteration duration=8.70227813721e-05
GetData ===>> H2,-0.144510610503583,H1,472.453664119085,AX,4.93386237467849,L1,0.0273266281104157,L2,-0.0040688...
testing H1>-5.0
evaluate ot="H1.bs>-5.0" t="H1>-5.0", ctx="{'H1': None}"
check iteration duration=0.000629901885986
GetData ===>> H2,-0.194964420105378,H1,472.182882578215,AX,4.89394021630241,L1,0.0670562980249749,L2,0.06208029...
check iteration duration=8.58306884766e-05
GetData ===>> H2,-0.241385499251073,H1,472.194903285726,AX,4.84011975873423,L1,0.022086042335896,L2,0.045430384...
check iteration duration=5.29289245605e-05
GetData ===>> H2,-0.196075966523585,H1,472.28106426899,AX,4.79511095213233,L1,0.00771295661832332,L2,0.02889738...
check iteration duration=3.88622283936e-05
GetData ===>> H2,-0.168861798813929,H1,471.906072222795,AX,4.88817553039909,L1,0.0311094880151071,L2,0.02872636...
check iteration duration=7.9870223999e-05
GetData ===>> H2,-0.23457946344733,H1,471.555776149594,AX,4.76386876224319,L1,0.0371597266321616,L2,0.103835495...
testing H1>-5.0
evaluate ot="H1.bs>-5.0" t="H1>-5.0", ctx="{'H1': None}"
check iteration duration=0.000626087188721
GetData ===>> H2,-0.268387090446924,H1,471.249144723536,AX,4.82652938133977,L1,0.0384678436150346,L2,-0.0647850...
check iteration duration=8.20159912109e-05
GetData ===>> H2,-0.143513457504023,H1,471.430677498745,AX,4.87102607333637,L1,0.063060337130101,L2,-0.00933421...
check iteration duration=8.82148742676e-05
GetData ===>> H2,-0.00771531130842853,H1,471.010126787446,AX,4.84365141970743,L1,0.0629989258876612,L2,0.022364...
check iteration duration=7.89165496826e-05
GetData ===>> H2,-0.0399290088974446,H1,471.219055663209,AX,4.71587777243531,L1,0.0450683754116996,L2,0.0546559...
check iteration duration=8.79764556885e-05
GetData ===>> H2,-0.0633273784464515,H1,470.71523228956,AX,4.70593797266036,L1,0.0159584638256242,L2,0.06746362...
testing H1>-5.0
evaluate ot="H1.bs>-5.0" t="H1>-5.0", ctx="{'H1': None}"
check iteration duration=0.000600099563599
19:03:08 -- collecting point 50
GetData ===>> H2,-0.0274514161223446,H1,470.730986473448,AX,4.81641211368969,L1,0.0487483741700292,L2,0.0405728...
check iteration duration=3.91006469727e-05
GetData ===>> H2,-0.083808810662261,H1,470.65933889582,AX,4.81878975767632,L1,0.0238994433942655,L2,-0.02973182...
check iteration duration=4.10079956055e-05
GetData ===>> H2,-0.165634736332125,H1,470.276673565186,AX,4.82906183099034,L1,0.0351077194022926,L2,-0.1166721...
check iteration duration=5.41210174561e-05
GetData ===>> H2,-0.158316116665129,H1,470.283226209487,AX,4.80580851152225,L1,0.0326595609451592,L2,0.04116573...
check iteration duration=3.50475311279e-05
GetData ===>> H2,-0.068777710664544,H1,469.934982305917,AX,4.807306261399,L1,0.032437249032147,L2,-0.0069181176...
testing H1>-5.0
evaluate ot="H1.bs>-5.0" t="H1>-5.0", ctx="{'H1': None}"
check iteration duration=0.00105595588684
GetData ===>> H2,-0.0769164878690638,H1,469.793030441843,AX,4.73815982481331,L1,0.0197647882188559,L2,0.0266969...
check iteration duration=8.48770141602e-05
GetData ===>> H2,-0.162838825409931,H1,469.556647059391,AX,4.90574400398945,L1,0.0553771982343699,L2,-0.0078640...
check iteration duration=8.79764556885e-05
GetData ===>> H2,-0.162485068539279,H1,469.313832559091,AX,4.74279264646586,L1,0.025031656018121,L2,-0.02994831...
check iteration duration=8.98838043213e-05
GetData ===>> H2,-0.153897001335641,H1,469.33322297604,AX,4.78934663195805,L1,0.0177815727028451,L2,0.029114004...
check iteration duration=9.3936920166e-05
GetData ===>> H2,-0.190617408015408,H1,469.557924322551,AX,4.8049883246914,L1,0.027628099677086,L2,0.0181239655...
testing H1>-5.0
evaluate ot="H1.bs>-5.0" t="H1>-5.0", ctx="{'H1': None}"
check iteration duration=0.000590085983276
GetData ===>> H2,-0.176971101929856,H1,469.201566204184,AX,4.75160748101826,L1,0.0161193837502557,L2,0.03267121...
check iteration duration=8.10623168945e-05
GetData ===>> H2,-0.0894202339038832,H1,469.006586006438,AX,4.83895445695706,L1,0.0438331376009276,L2,0.0843791...
check iteration duration=8.51154327393e-05
GetData ===>> H2,-0.162101594419244,H1,468.867272921467,AX,4.91527839460755,L1,0.058662550494675,L2,-0.00355599...
check iteration duration=7.70092010498e-05
GetData ===>> H2,-0.174028165001315,H1,468.864960023345,AX,4.73559404698011,L1,0.0485163058662931,L2,0.12038849...
check iteration duration=8.01086425781e-05
GetData ===>> H2,-0.162783467239208,H1,468.65226907882,AX,4.71166184624877,L1,0.0306469155047533,L2,0.021692169...
testing H1>-5.0
evaluate ot="H1.bs>-5.0" t="H1>-5.0", ctx="{'H1': None}"
check iteration duration=0.000607967376709
GetData ===>> H2,-0.177481313203303,H1,468.415364517902,AX,4.81670931608866,L1,0.0220944536487785,L2,-0.0137673...
check iteration duration=8.60691070557e-05
GetData ===>> H2,-0.0923671811124783,H1,468.224658481246,AX,4.90738452003489,L1,0.0177503440831656,L2,-0.017049...
check iteration duration=9.3936920166e-05
GetData ===>> H2,-0.0369591985216654,H1,468.075292135023,AX,4.86866127205443,L1,0.0417533116234569,L2,0.0453961...
check iteration duration=6.91413879395e-05
GetData ===>> H2,-0.197171141424994,H1,467.708704442233,AX,4.72482087645833,L1,0.0364780821531986,L2,0.13285073...
check iteration duration=8.6784362793e-05
GetData ===>> H2,-0.258212394355525,H1,467.585124118625,AX,4.77584635296765,L1,0.0602538634776039,L2,0.04525933...
testing H1>-5.0
evaluate ot="H1.bs>-5.0" t="H1>-5.0", ctx="{'H1': None}"
check iteration duration=0.000591039657593
GetData ===>> H2,-0.110473281542819,H1,467.24149473046,AX,4.85741063135406,L1,0.0811247377309127,L2,-0.02051355...
check iteration duration=4.29153442383e-05
GetData ===>> H2,-0.187663182829292,H1,467.313017546831,AX,4.76428462670253,L1,0.0456104928526323,L2,0.02604715...
check iteration duration=7.79628753662e-05
GetData ===>> H2,-0.311180617802609,H1,466.79055380827,AX,4.80005545920533,L1,0.0233994937702851,L2,0.114380290...
check iteration duration=4.41074371338e-05
GetData ===>> H2,-0.215188532826439,H1,466.67202491998,AX,4.80045958840768,L1,0.0449806296503921,L2,0.023903838...
check iteration duration=4.10079956055e-05
GetData ===>> H2,-0.0653403198928272,H1,466.575697971207,AX,4.82574469167796,L1,0.0133216645300738,L2,0.0292736...
testing H1>-5.0
evaluate ot="H1.bs>-5.0" t="H1>-5.0", ctx="{'H1': None}"
check iteration duration=0.000581979751587
19:03:35 -- collecting point 75
GetData ===>> H2,-0.140429565129006,H1,466.635703574416,AX,4.65121064115021,L1,-0.0125482484184535,L2,-0.102261...
check iteration duration=8.70227813721e-05
GetData ===>> H2,-0.247779741929524,H1,466.603080602576,AX,4.74465771492655,L1,0.0226339939518179,L2,0.00803567...
check iteration duration=6.00814819336e-05
GetData ===>> H2,-0.269935314630111,H1,466.386005627598,AX,4.75474394433957,L1,0.0568741273012128,L2,0.05237509...
check iteration duration=8.70227813721e-05
GetData ===>> H2,-0.270255146957365,H1,466.004951478184,AX,4.88052149306278,L1,0.0197731975951101,L2,0.01554764...
check iteration duration=3.91006469727e-05
GetData ===>> H2,-0.261744248738731,H1,466.072533283086,AX,4.81156189568703,L1,0.01262895875673,L2,0.0540742902...
testing H1>-5.0
evaluate ot="H1.bs>-5.0" t="H1>-5.0", ctx="{'H1': None}"
check iteration duration=0.000604867935181
GetData ===>> H2,-0.256668071802479,H1,465.650287992528,AX,4.76392817134546,L1,0.014914948463301,L2,0.105442789...
check iteration duration=3.81469726562e-05
GetData ===>> H2,-0.196541293934429,H1,465.565804100891,AX,4.70556985095921,L1,0.0218517300121173,L2,-0.0455113...
check iteration duration=7.29560852051e-05
GetData ===>> H2,-0.125260082188733,H1,465.388422957127,AX,4.84493569105974,L1,0.0209577884026219,L2,0.15313811...
check iteration duration=0.000101089477539
GetData ===>> H2,-0.176397424235391,H1,464.894305612669,AX,4.85260598919435,L1,0.0350356002032621,L2,0.03606893...
check iteration duration=4.19616699219e-05
GetData ===>> H2,-0.270515843909305,H1,464.999860924026,AX,4.83851449962179,L1,0.0402475397598773,L2,0.03166788...
testing H1>-5.0
evaluate ot="H1.bs>-5.0" t="H1>-5.0", ctx="{'H1': None}"
check iteration duration=0.000593900680542
GetData ===>> H2,-0.216621145164323,H1,464.908454342679,AX,4.77611966795613,L1,0.06070409888469,L2,-0.044018954...
check iteration duration=6.50882720947e-05
GetData ===>> H2,-0.141247243172406,H1,464.767300490442,AX,4.82995355391834,L1,0.0525909020121173,L2,0.05812282...
check iteration duration=9.10758972168e-05
GetData ===>> H2,-0.111179979086651,H1,464.296657847877,AX,4.84738536559327,L1,0.0478982846975118,L2,0.15431284...
check iteration duration=8.29696655273e-05
GetData ===>> H2,-0.205556774434896,H1,464.140925213677,AX,4.88502589425545,L1,0.0272257392403537,L2,0.10945544...
check iteration duration=8.79764556885e-05
GetData ===>> H2,-0.139464494047364,H1,463.999715205064,AX,4.70380051078302,L1,0.0154541045896535,L2,0.08066382...
testing H1>-5.0
evaluate ot="H1.bs>-5.0" t="H1>-5.0", ctx="{'H1': None}"
check iteration duration=0.00060510635376
GetData ===>> H2,-0.0905733603218944,H1,463.795207869163,AX,4.78480672152482,L1,0.0183509114232974,L2,0.0242116...
check iteration duration=3.981590271e-05
GetData ===>> H2,-0.184000005600303,H1,463.798571220765,AX,4.63251419190923,L1,0.0368014668254873,L2,0.04588650...
check iteration duration=0.00010085105896
GetData ===>> H2,-0.214193406700213,H1,463.776848526944,AX,4.68683306438748,L1,0.0503898385797142,L2,-0.1054022...
check iteration duration=7.82012939453e-05
GetData ===>> H2,-0.296404984423673,H1,463.546048949721,AX,4.85003726553743,L1,0.0398446756465017,L2,-0.0365110...
check iteration duration=8.48770141602e-05
GetData ===>> H2,-0.192089513511142,H1,463.277768238338,AX,4.82006182048059,L1,0.0320731487535297,L2,0.03476912...
testing H1>-5.0
evaluate ot="H1.bs>-5.0" t="H1>-5.0", ctx="{'H1': None}"
check iteration duration=0.000678062438965
GetData ===>> H2,-0.166690279922916,H1,462.944051631114,AX,4.73288579756102,L1,0.0436911809611529,L2,0.06998431...
check iteration duration=9.29832458496e-05
GetData ===>> H2,-0.143698572479389,H1,462.569992349536,AX,4.76465296524331,L1,0.0159776780099054,L2,0.05367514...
check iteration duration=8.70227813721e-05
GetData ===>> H2,-0.176155795991107,H1,462.620158189677,AX,4.80888724400174,L1,0.00581128976023253,L2,0.0651026...
check iteration duration=8.60691070557e-05
GetData ===>> H2,-0.13919279956176,H1,463.052907005502,AX,4.82767075913951,L1,0.0470109975080512,L2,0.026286570...
check iteration duration=9.67979431152e-05
GetData ===>> H2,-0.120645756072858,H1,462.623791913183,AX,4.84945455502255,L1,0.0586553287682387,L2,0.03139425...
testing H1>-5.0
evaluate ot="H1.bs>-5.0" t="H1>-5.0", ctx="{'H1': None}"
check iteration duration=0.000693082809448
19:04:01 -- collecting point 100
GetData ===>> H2,-0.198109778403654,H1,462.791658066248,AX,4.86012226421951,L1,0.0666495415824559,L2,0.00796728...
check iteration duration=8.39233398438e-05
GetData ===>> H2,-0.136109084226308,H1,462.231722928493,AX,4.8246390030859,L1,0.0150638439314726,L2,0.081700905...
check iteration duration=7.79628753662e-05
GetData ===>> H2,-0.151227623236688,H1,461.642953679219,AX,4.76382123498678,L1,0.0256680951502757,L2,0.06190921...
check iteration duration=7.9870223999e-05
GetData ===>> H2,-0.173427513568802,H1,461.492846757085,AX,4.79189002288374,L1,0.0542341944260987,L2,0.07352023...
check iteration duration=8.98838043213e-05
GetData ===>> H2,-0.268893780957948,H1,461.499195145187,AX,4.80797193523004,L1,0.0493568272812811,L2,-0.0071004...
testing H1>-5.0
evaluate ot="H1.bs>-5.0" t="H1>-5.0", ctx="{'H1': None}"
check iteration duration=0.000597953796387
GetData ===>> H2,-0.175154131193164,H1,461.456558951973,AX,4.81970516572134,L1,0.0164292218860904,L2,0.14317064...
check iteration duration=8.51154327393e-05
GetData ===>> H2,-0.175154131193164,H1,461.456558951973,AX,4.81970516572134,L1,0.0164292218860904,L2,0.14317064...
check iteration duration=3.88622283936e-05
GetData ===>> H2,-0.106825276904232,H1,461.067404953986,AX,4.7601498228938,L1,0.0222302372420705,L2,0.008958965...
check iteration duration=8.79764556885e-05
GetData ===>> H2,-0.17531343151927,H1,460.715516247884,AX,4.77057033215941,L1,0.026600010579308,L2,0.0491364488...
check iteration duration=8.58306884766e-05
GetData ===>> H2,-0.161450738921244,H1,460.667703559829,AX,4.88315993030514,L1,0.0485307348280804,L2,0.10164688...
testing H1>-5.0
evaluate ot="H1.bs>-5.0" t="H1>-5.0", ctx="{'H1': None}"
check iteration duration=0.000563144683838
GetData ===>> H2,-0.161450738921244,H1,460.667703559829,AX,4.88315993030514,L1,0.0485307348280804,L2,0.10164688...
check iteration duration=6.41345977783e-05
GetData ===>> H2,-0.0939968196837795,H1,460.351740190451,AX,4.74194921931781,L1,0.0579175362639271,L2,0.0079102...
check iteration duration=4.10079956055e-05
GetData ===>> H2,-0.0236901155568001,H1,460.361266121844,AX,4.75394793862482,L1,0.0909373705254635,L2,0.1183933...
check iteration duration=4.19616699219e-05
GetData ===>> H2,-0.0697636762531154,H1,459.967094069401,AX,4.69440809647618,L1,0.0179257060475325,L2,-0.044827...
check iteration duration=9.58442687988e-05
GetData ===>> H2,-0.0697636762531154,H1,459.967094069401,AX,4.69440809647618,L1,0.0179257060475325,L2,-0.044827...
testing H1>-5.0
evaluate ot="H1.bs>-5.0" t="H1>-5.0", ctx="{'H1': None}"
check iteration duration=0.000693082809448
GetData ===>> H2,-0.0988369449609425,H1,459.5833953519,AX,4.79035684956102,L1,0.0267165060640675,L2,0.006918618...
check iteration duration=8.60691070557e-05
GetData ===>> H2,-0.132908217863805,H1,459.592320355868,AX,4.77888850985232,L1,0.0256921125078847,L2,0.07345179...
check iteration duration=8.20159912109e-05
GetData ===>> H2,-0.189170729542671,H1,459.54304424614,AX,4.648264589167,L1,0.0508937555562838,L2,0.09677968174...
check iteration duration=6.98566436768e-05
GetData ===>> H2,-0.200144573066287,H1,459.181546159628,AX,4.74547740573094,L1,0.0507963376639978,L2,0.03782484...
check iteration duration=8.48770141602e-05
GetData ===>> H2,-0.192685311300265,H1,458.952971266481,AX,4.7468316922579,L1,0.0394466376482554,L2,0.071147728...
testing H1>-5.0
evaluate ot="H1.bs>-5.0" t="H1>-5.0", ctx="{'H1': None}"
check iteration duration=0.000603914260864
GetData ===>> H2,-0.156828859924292,H1,458.679618593564,AX,4.70901362322009,L1,0.0879985222381941,L2,0.01531965...
check iteration duration=3.88622283936e-05
waiting for write to finish
measurement finished
estimated time: 125.829 actual time: :126.402
flush and close file /Users/jan/PychronDev/data/isotopes/5e/2519ef-9186-4543-afce-dfb338900e4e.h5
baselines () {'settling_time': 15.0, 'detector': 'H1', 'mass': 34.2, 'ncounts': 60}
%%%%%%%%%%%%%%%%%%%%%%%%%%%%%%%% Baseline
build tables- baseline [Detector(H2), Detector(H1), Detector(AX), Detector(L1), Detector(L2), Detector(CDD)]
add group baseline table H2
add group baseline table H1
add group baseline table AX
add group baseline table L1
add group baseline table L2
add group baseline table CDD
flush and close file /Users/jan/PychronDev/data/isotopes/5e/2519ef-9186-4543-afce-dfb338900e4e.h5
detector Detector(H1)
POSITION 34.2 H1
Mapping mass to dac mass func: "parabolic"
H1 map mass coeffs = [-0.00063987  0.15840543  0.57136999]
H1 map mass to dac 34.2 >> 5.24041599104
GetDeflection H1 ===>> 0
GetHighVoltage ===>> 4500
positioning 34.2 (5.24041599104) on H1
setting magnet DAC
current  : 5.879760
requested: 5.240416
Delta Dac: 0.639344
Checking detector protection. dv=0.63934
Checking detector "CDD". Protection Threshold: 0.1 (V)
ProtectDetector CDD,On ===>> OK
GetDeflection CDD ===>> 2000
Protected = 2000
SetMagnetDAC 5.24041599104 ===>> OK
Magnet settling time: 0.500
GetMagnetMoving ===>> True
GetMagnetMoving ===>> True
GetMagnetMoving ===>> True
GetMagnetMoving ===>> True
GetMagnetMoving ===>> True
GetMagnetMoving ===>> True
GetMagnetMoving ===>> True
GetMagnetMoving ===>> True
GetMagnetMoving ===>> False
ProtectDetector CDD,Off ===>> OK
GetDeflection CDD ===>> 50
Delaying 15.0s for detectors to settle
Join finished
measuring baseline. ncounts=60
"baseline" increment series count="2" fit count="1" regressing="True"
starting measurement
check iteration duration=3.2901763916e-05
GetData ===>> H2,-0.24268159480956,H1,-0.0686995718262249,AX,-0.0314906192356488,L1,-0.0216433723732607,L2,-0.0...
check iteration duration=9.29832458496e-05
GetData ===>> H2,-0.20444084621361,H1,-0.0517592524033937,AX,-0.0957053640520476,L1,-0.0330430846473391,L2,-0.0...
check iteration duration=9.51290130615e-05
GetData ===>> H2,-0.2201667144924,H1,-0.0457501742563203,AX,-0.0774387909688044,L1,-0.0327365457899749,L2,-0.01...
check iteration duration=3.60012054443e-05
GetData ===>> H2,-0.223061510260685,H1,-0.0378925217648927,AX,-0.0421592999143832,L1,-0.0654082058510759,L2,0.0...
testing H1>-5.0
evaluate ot="H1.bs>-5.0" t="H1>-5.0", ctx="{'H1': None}"
check iteration duration=0.000676870346069
GetData ===>> H2,-0.203020169594887,H1,-0.014959911456258,AX,-0.0640148464199153,L1,-0.0290034458785909,L2,0.02...
check iteration duration=4.00543212891e-05
GetData ===>> H2,-0.278491063813413,H1,-0.0236422457666084,AX,-0.142675539061944,L1,-0.0101386432893196,L2,0.02...
check iteration duration=8.01086425781e-05
GetData ===>> H2,-0.245851893093508,H1,-0.0310717223142241,AX,0.0297145380056724,L1,-0.0423786216965503,L2,-0.0...
check iteration duration=7.82012939453e-05
GetData ===>> H2,-0.32514305388476,H1,-0.00381965970579474,AX,-0.013200388108309,L1,-0.0297425108799455,L2,-0.0...
check iteration duration=6.19888305664e-05
GetData ===>> H2,-0.268321232448979,H1,0.000999420072545121,AX,-0.164262669347135,L1,-0.0293544186893725,L2,0.0...
testing H1>-5.0
evaluate ot="H1.bs>-5.0" t="H1>-5.0", ctx="{'H1': None}"
check iteration duration=0.000591993331909
GetData ===>> H2,-0.219141436856315,H1,0.0512199232799439,AX,-0.0503455596453356,L1,-0.0509081194016232,L2,-0.0...
check iteration duration=8.01086425781e-05
GetData ===>> H2,-0.131708505525593,H1,0.001834432725434,AX,-0.0510296493231878,L1,-0.027286736844585,L2,0.0112...
check iteration duration=3.79085540771e-05
GetData ===>> H2,-0.153945646650542,H1,-0.0428528112250025,AX,-0.0682230697658764,L1,-0.00287037060643093,L2,0....
check iteration duration=8.89301300049e-05
GetData ===>> H2,-0.187432583292467,H1,-0.05370258736741,AX,-0.0736714632463506,L1,-0.00159008342819272,L2,-0.0...
check iteration duration=8.20159912109e-05
GetData ===>> H2,-0.237237855332933,H1,0.000796632336608338,AX,-0.0639105079918919,L1,-0.0161227795651196,L2,-0...
testing H1>-5.0
evaluate ot="H1.bs>-5.0" t="H1>-5.0", ctx="{'H1': None}"
check iteration duration=0.000618934631348
GetData ===>> H2,-0.194542597209034,H1,-0.0134690502685995,AX,-0.150687219017715,L1,-0.0257950105942024,L2,0.00...
check iteration duration=8.58306884766e-05
GetData ===>> H2,-0.158625430745013,H1,-0.0492435909761777,AX,-0.0349232788906043,L1,-0.0184493760730524,L2,0.0...
check iteration duration=8.60691070557e-05
GetData ===>> H2,-0.200789050656445,H1,-0.0356746204979384,AX,-0.105196601006932,L1,0.0155309577003275,L2,0.044...
check iteration duration=8.39233398438e-05
GetData ===>> H2,-0.0984943849677975,H1,-0.0633829330640932,AX,-0.110805150713813,L1,-0.00419608219558798,L2,-0...
check iteration duration=8.70227813721e-05
GetData ===>> H2,-0.15617499956496,H1,-0.0120616569317054,AX,-0.0657422108047686,L1,0.00452202105005701,L2,-0.0...
testing H1>-5.0
evaluate ot="H1.bs>-5.0" t="H1>-5.0", ctx="{'H1': None}"
check iteration duration=0.000550985336304
GetData ===>> H2,-0.0763255616765567,H1,-0.0711313034786219,AX,-0.126586152709845,L1,-0.0314252682291796,L2,-0....
check iteration duration=3.79085540771e-05
GetData ===>> H2,-0.167865839957484,H1,-0.0577798914490611,AX,-0.0654871656439072,L1,-0.0190105569595306,L2,0.0...
check iteration duration=6.60419464111e-05
GetData ===>> H2,-0.188656999593758,H1,0.0275443021319212,AX,-0.0678752896112755,L1,0.00508876693871033,L2,-0.0...
check iteration duration=8.79764556885e-05
GetData ===>> H2,-0.233493594087327,H1,0.027126687695689,AX,-0.155846345219215,L1,-0.0258585183093407,L2,-0.091...
check iteration duration=3.91006469727e-05
GetData ===>> H2,-0.0954948515126968,H1,0.0215188911684596,AX,-0.112578034085366,L1,-0.0351037985173775,L2,-0.0...
testing H1>-5.0
evaluate ot="H1.bs>-5.0" t="H1>-5.0", ctx="{'H1': None}"
check iteration duration=0.000619173049927
19:05:07 -- collecting point 25
GetData ===>> H2,-0.185543108400589,H1,-0.070571056817381,AX,-0.0756073083256397,L1,-0.0468716944757919,L2,-0.0...
check iteration duration=9.48905944824e-05
GetData ===>> H2,-0.326459961368606,H1,0.0301812792289137,AX,-0.0744944919085457,L1,-0.0315031113979047,L2,-0.0...
check iteration duration=0.000102996826172
GetData ===>> H2,-0.249089899291333,H1,0.0236187952056046,AX,-0.0599107839044481,L1,-0.021560657782978,L2,-0.07...
check iteration duration=3.40938568115e-05
GetData ===>> H2,-0.190496072097861,H1,-0.0390133779024858,AX,-0.141110227858327,L1,-0.0238752107604064,L2,-0.0...
check iteration duration=5.19752502441e-05
GetData ===>> H2,-0.218906997631647,H1,0.0162573932534606,AX,-0.136727222474433,L1,-0.0214659547357814,L2,-0.04...
testing H1>-5.0
evaluate ot="H1.bs>-5.0" t="H1>-5.0", ctx="{'H1': None}"
check iteration duration=0.00062894821167
GetData ===>> H2,-0.217267134463337,H1,0.0366009980006911,AX,-0.0703908713747243,L1,-0.0493203093953267,L2,0.01...
check iteration duration=4.50611114502e-05
GetData ===>> H2,-0.190734698165865,H1,-0.0915722012945207,AX,-0.105034365418641,L1,-0.0722081511550085,L2,0.04...
check iteration duration=8.98838043213e-05
GetData ===>> H2,-0.20010412345749,H1,0.00244280347294641,AX,-0.0552616226378091,L1,-0.0331185205112328,L2,-0.0...
check iteration duration=9.70363616943e-05
GetData ===>> H2,-0.263575756564444,H1,0.038056827918065,AX,-0.0212035120482508,L1,-0.036454225405919,L2,0.0835...
check iteration duration=0.000110149383545
GetData ===>> H2,-0.142240541329331,H1,-0.0921919183959783,AX,-0.0742858374134641,L1,-0.00766130354510899,L2,-0...
testing H1>-5.0
evaluate ot="H1.bs>-5.0" t="H1>-5.0", ctx="{'H1': None}"
check iteration duration=0.00061297416687
GetData ===>> H2,-0.102938738665436,H1,-0.0469186343769355,AX,-0.0208787604083974,L1,-0.00277918402690172,L2,-0...
check iteration duration=9.3936920166e-05
GetData ===>> H2,-0.0848774443680134,H1,-0.013421342343922,AX,-0.0809741504684105,L1,-0.0310516126299391,L2,-0....
check iteration duration=7.60555267334e-05
GetData ===>> H2,-0.178473324878787,H1,0.0540484842467272,AX,-0.129007533665007,L1,-0.0301425655459547,L2,-0.02...
check iteration duration=7.91549682617e-05
GetData ===>> H2,-0.226199283276098,H1,0.0115091586039952,AX,0.0430139992857527,L1,-0.0416577233023322,L2,0.040...
check iteration duration=8.60691070557e-05
GetData ===>> H2,-0.12888315004393,H1,-0.0026864811163428,AX,0.0140731686359731,L1,-0.0124919110046249,L2,-0.01...
testing H1>-5.0
evaluate ot="H1.bs>-5.0" t="H1>-5.0", ctx="{'H1': None}"
check iteration duration=0.000611066818237
GetData ===>> H2,-0.185714401422414,H1,-0.0190507204905764,AX,-0.182356459307648,L1,-0.0646392160640084,L2,-0.0...
check iteration duration=9.79900360107e-05
GetData ===>> H2,-0.180489472628894,H1,-0.0335401422218549,AX,-0.141168202796535,L1,-0.0670572092635152,L2,0.00...
check iteration duration=3.81469726562e-05
GetData ===>> H2,-0.215153523109682,H1,-0.102678856484295,AX,-0.100989976531742,L1,-0.0443039572375214,L2,-0.09...
check iteration duration=4.10079956055e-05
GetData ===>> H2,-0.214787261111447,H1,-0.0470855561376602,AX,-0.100341004495279,L1,-0.0276102145481043,L2,-0.0...
check iteration duration=3.981590271e-05
GetData ===>> H2,-0.229359069299457,H1,-0.0160929511075601,AX,-0.0649307011543486,L1,-0.0103304737871462,L2,-0....
testing H1>-5.0
evaluate ot="H1.bs>-5.0" t="H1>-5.0", ctx="{'H1': None}"
check iteration duration=0.000622987747192
GetData ===>> H2,-0.177729661695712,H1,-0.00189921264948085,AX,-0.158825760864737,L1,0.00380642984518033,L2,-0....
check iteration duration=9.58442687988e-05
GetData ===>> H2,-0.204219803888566,H1,-0.0887000007623094,AX,-0.141863899360035,L1,-0.0400444958745236,L2,-0.0...
check iteration duration=8.89301300049e-05
GetData ===>> H2,-0.238444169892566,H1,-0.0668399724530698,AX,-0.126308095536403,L1,-0.0177346644992569,L2,0.06...
check iteration duration=8.60691070557e-05
GetData ===>> H2,-0.215262591485408,H1,-0.0308809240378459,AX,-0.101847540083143,L1,-0.0153371319283832,L2,0.00...
check iteration duration=3.88622283936e-05
GetData ===>> H2,-0.154002399254097,H1,-0.028090457685903,AX,-0.0645365368821688,L1,-0.0316049054015023,L2,0.01...
testing H1>-5.0
evaluate ot="H1.bs>-5.0" t="H1>-5.0", ctx="{'H1': None}"
check iteration duration=0.000684022903442
19:05:33 -- collecting point 50
GetData ===>> H2,-0.116348905954473,H1,-0.0263970598310291,AX,-0.0804177745397133,L1,-0.017265757346063,L2,0.05...
check iteration duration=8.39233398438e-05
GetData ===>> H2,-0.207544417313839,H1,0.0265897574087905,AX,-0.100700257407533,L1,-0.00087487558260724,L2,0.02...
check iteration duration=0.000111818313599
GetData ===>> H2,-0.18323646961456,H1,0.000856275745708857,AX,-0.109472570048176,L1,0.0290034528395344,L2,-0.02...
check iteration duration=8.29696655273e-05
GetData ===>> H2,-0.228858301467229,H1,-0.056790385549088,AX,-0.0969801871925291,L1,-0.0442428981551823,L2,-0.0...
check iteration duration=8.39233398438e-05
GetData ===>> H2,-0.178712204503126,H1,-0.0265163141388801,AX,-0.0453828668170038,L1,-0.0257159249543315,L2,-0....
testing H1>-5.0
evaluate ot="H1.bs>-5.0" t="H1>-5.0", ctx="{'H1': None}"
check iteration duration=0.00059986114502
GetData ===>> H2,-0.127470561522477,H1,-0.101630212138182,AX,-0.0943146288476741,L1,-0.00650996043972577,L2,-0....
check iteration duration=7.79628753662e-05
GetData ===>> H2,-0.233533962846162,H1,-0.0428885816503353,AX,-0.165839200037861,L1,-0.0248495369956373,L2,-0.0...
check iteration duration=8.20159912109e-05
GetData ===>> H2,-0.235069214229888,H1,0.00943336797669687,AX,-0.076198486870716,L1,-0.00859787200084429,L2,0.0...
check iteration duration=8.48770141602e-05
GetData ===>> H2,-0.13577781549237,H1,-0.0161168044360725,AX,-0.0390747798189411,L1,-0.00789515402364266,L2,0.0...
check iteration duration=6.41345977783e-05
GetData ===>> H2,-0.11290592329096,H1,0.0552061883626777,AX,-0.0221661623283226,L1,-0.0285218864566578,L2,-0.06...
testing H1>-5.0
evaluate ot="H1.bs>-5.0" t="H1>-5.0", ctx="{'H1': None}"
check iteration duration=0.000578880310059
GetData ===>> H2,-0.184507202453499,H1,-0.0210662471329613,AX,-0.0804293657373665,L1,-0.0242191718826131,L2,-0....
check iteration duration=3.21865081787e-05
waiting for write to finish
measurement finished
estimated time: 62.915 actual time: :63.240
flush and close file /Users/jan/PychronDev/data/isotopes/5e/2519ef-9186-4543-afce-dfb338900e4e.h5
activate_detectors ('H1', 'AX', 'CDD') {'peak_center': True}
peak_center () {'detector': 'H1', 'integration_time': 0.262144, 'isotope': 'Ar40'}
peak center: mean=459.618009042 threshold=3
peak center started
setup peak center. detector=['H1', 'AX', 'CDD'], isotope=Ar40
VersionedUnpickler [<apptools.sweet_pickle.versioned_unpickler.VersionedUnpickler object at 0x15f249b90>] using Updater [<apptools.sweet_pickle.updater.Updater object at 0x136bc5b30>]
VersionedUnpickler [<apptools.sweet_pickle.versioned_unpickler.VersionedUnpickler object at 0x15f249b90>] using Updater [<apptools.sweet_pickle.updater.Updater object at 0x136bc5b30>]
VersionedUnpickler [<apptools.sweet_pickle.versioned_unpickler.VersionedUnpickler object at 0x15ad2c650>] using Updater [<apptools.sweet_pickle.updater.Updater object at 0x136bc5b30>]
setting integration time = 0.524288
SetIntegrationTime 0.524288 ===>> OK
Mapping mass to dac mass func: "parabolic"
H1 map mass coeffs = [-0.00063987  0.15840543  0.57136999]
H1 map mass to dac 39.9624 >> 5.87976
GetDeflection H1 ===>> 0
GetHighVoltage ===>> 4500
do peak center. <pychron.spectrometer.jobs.peak_center.PeakCenter object at 0x136bc5b90>
doing pc
starting peak center. center dac= 5.87976 step_width=0.001
width = 0.001
get scan parameters. half-width=0.015,window=0.015, i=0, scalar=1
Scan parameters center=5.87976 width=0.03000 (5.86476 - 5.89476)
GetData ===>> H2,-0.22331875963122,H1,0.0293102338630781,AX,0.00118369160579184,L1,-0.0138810756627808,L2,0.026...
Moving to starting dac 5.86476
setting magnet DAC
current  : 5.240416
requested: 5.864760
Delta Dac: 0.624344
Checking detector protection. dv=0.62434
Checking detector "CDD". Protection Threshold: 0.1 (V)
ProtectDetector CDD,On ===>> OK
GetDeflection CDD ===>> 2000
Protected = 2000
SetMagnetDAC 5.86476 ===>> OK
Magnet settling time: 0.500
GetMagnetMoving ===>> True
GetMagnetMoving ===>> True
GetMagnetMoving ===>> True
GetMagnetMoving ===>> True
GetMagnetMoving ===>> True
GetMagnetMoving ===>> True
GetMagnetMoving ===>> True
GetMagnetMoving ===>> True
GetMagnetMoving ===>> False
ProtectDetector CDD,Off ===>> OK
GetDeflection CDD ===>> 50
Wait until signal near baseline. tol= 0.0219826753973. timeout= 10
GetData ===>> H2,0.317883966876625,H1,0.087913876196999,AX,0.0127272928556913,L1,-0.00936049333878992,L2,0.1351...
GetData ===>> H2,21.7100669525641,H1,5.81977109099443,AX,-0.0299134106921668,L1,-0.0134028602932973,L2,-0.16826...
GetData ===>> H2,25.0791378690213,H1,11.1889360030709,AX,-0.030887571928274,L1,-0.0229915901121788,L2,-0.159016...
GetData ===>> H2,13.392267914969,H1,5.51786128663665,AX,0.0659208084456894,L1,-0.0214180551980683,L2,-0.1779440...
GetData ===>> H2,5.49544587772655,H1,2.81047296464922,AX,0.00228578537976371,L1,-0.0469231622197379,L2,-0.00457...
GetData ===>> H2,1.99564199835326,H1,1.60575696137648,AX,-0.0198001132566679,L1,-0.0291253071500196,L2,-0.18967...
GetData ===>> H2,0.616678649806467,H1,0.965009242089176,AX,0.0477261116468515,L1,0.00326136595856434,L2,0.03947...
GetData ===>> H2,0.170380733928565,H1,0.71187112285005,AX,-0.118313611883352,L1,0.00994181294291935,L2,0.051892...
GetData ===>> H2,0.037274807466921,H1,0.51394846493229,AX,-0.102484913501396,L1,-0.0217677508957289,L2,-0.10067...
GetData ===>> H2,0.0540435461722444,H1,0.336320282428315,AX,-0.0903625144621858,L1,-0.038481322521035,L2,0.0077...
GetData ===>> H2,0.00254931363550133,H1,0.417729067377848,AX,-0.105984598587453,L1,-0.0450007228424574,L2,-0.00...
GetData ===>> H2,-0.0829541022994419,H1,0.351110448114755,AX,-0.0300061883728596,L1,-0.0218467900197569,L2,0.12...
GetData ===>> H2,-0.154859058802745,H1,0.321914512523392,AX,-0.0726281774721512,L1,-0.0447541068639424,L2,-0.03...
GetData ===>> H2,-0.0281538047519426,H1,0.347048311321641,AX,-0.0495339215866829,L1,-0.0569770550601539,L2,-0.0...
GetData ===>> H2,0.0243261839982901,H1,0.398410610359279,AX,-0.0386573184604991,L1,-0.0566015907857358,L2,-0.02...
GetData ===>> H2,-0.00529308535485772,H1,0.494170479368017,AX,-0.092564592135474,L1,-0.0612424912661967,L2,-0.0...
GetData ===>> H2,-0.0331575805172996,H1,0.435161908117654,AX,-0.177318281902535,L1,-0.067250238686228,L2,-0.068...
GetData ===>> H2,-0.113707213713525,H1,0.512825697145014,AX,-0.124894625948742,L1,-0.0668536565943608,L2,0.0346...
GetData ===>> H2,-0.0964431402143381,H1,0.328221261543171,AX,0.00307466016466749,L1,-0.0549967412947101,L2,-0.0...
GetData ===>> H2,-0.089297189172539,H1,0.436644676340525,AX,-0.054450025580272,L1,-0.0407499404708756,L2,-0.108...
GetData ===>> H2,-0.201821756179192,H1,0.331852600033922,AX,-0.102670330438994,L1,-0.0393318148060495,L2,-0.168...
Peak center failed to move to a baseline position
_do_sweep sm= 5.86476, em= 5.89476, stm= 0.001
calculated step values: start=5.86476, end=5.89476, width=0.001, nsteps=31.0
setting magnet DAC
current  : 5.864760
requested: 5.864760
Delta Dac: 0.000000
Checking detector protection. dv=0.00000
Checking detector "CDD". Protection Threshold: 0.1 (V)
SetMagnetDAC 5.86476 ===>> OK
GetData ===>> H2,-0.201821756179192,H1,0.331852600033922,AX,-0.102670330438994,L1,-0.0393318148060495,L2,-0.168...
setting magnet DAC
current  : 5.864760
requested: 5.865794
Delta Dac: 0.001034
Checking detector protection. dv=0.00103
Checking detector "CDD". Protection Threshold: 0.1 (V)
SetMagnetDAC 5.86579448276 ===>> OK
Magnet settling time: 1.049
GetData ===>> H2,-0.0622700434433784,H1,0.862001495113041,AX,-0.123504307957658,L1,-0.0303338928626769,L2,0.002...
setting magnet DAC
current  : 5.865794
requested: 5.866829
Delta Dac: 0.001034
Checking detector protection. dv=0.00103
Checking detector "CDD". Protection Threshold: 0.1 (V)
SetMagnetDAC 5.86682896552 ===>> OK
Magnet settling time: 1.049
GetData ===>> H2,-0.0347761386443557,H1,2.62155956006882,AX,-0.161661324612707,L1,-0.0602241156818285,L2,-0.050...
setting magnet DAC
current  : 5.866829
requested: 5.867863
Delta Dac: 0.001034
Checking detector protection. dv=0.00103
Checking detector "CDD". Protection Threshold: 0.1 (V)
SetMagnetDAC 5.86786344828 ===>> OK
Magnet settling time: 1.049
GetData ===>> H2,-0.145288730746534,H1,9.31258563529338,AX,-0.0411620597507106,L1,-0.0261235570738945,L2,0.1777...
setting magnet DAC
current  : 5.867863
requested: 5.868898
Delta Dac: 0.001034
Checking detector protection. dv=0.00103
Checking detector "CDD". Protection Threshold: 0.1 (V)
SetMagnetDAC 5.86889793103 ===>> OK
Magnet settling time: 1.049
GetData ===>> H2,-0.116381381952899,H1,31.5432233628996,AX,0.180811855842726,L1,-0.0403379380966627,L2,-0.03376...
setting magnet DAC
current  : 5.868898
requested: 5.869932
Delta Dac: 0.001034
Checking detector protection. dv=0.00103
Checking detector "CDD". Protection Threshold: 0.1 (V)
SetMagnetDAC 5.86993241379 ===>> OK
Magnet settling time: 1.049
GetData ===>> H2,-0.0768758287934322,H1,86.8535011211241,AX,0.578023001671163,L1,-0.0840413305318236,L2,-0.1846...
setting magnet DAC
current  : 5.869932
requested: 5.870967
Delta Dac: 0.001034
Checking detector protection. dv=0.00103
Checking detector "CDD". Protection Threshold: 0.1 (V)
SetMagnetDAC 5.87096689655 ===>> OK
Magnet settling time: 1.049
GetData ===>> H2,-0.0693459736145287,H1,183.469037782319,AX,1.48341627879554,L1,0.00135507494117276,L2,-0.12962...
setting magnet DAC
current  : 5.870967
requested: 5.872001
Delta Dac: 0.001034
Checking detector protection. dv=0.00103
Checking detector "CDD". Protection Threshold: 0.1 (V)
SetMagnetDAC 5.87200137931 ===>> OK
Magnet settling time: 1.049
GetData ===>> H2,-0.187547447809699,H1,293.684072870307,AX,2.53050549431658,L1,0.012052263790188,L2,-0.12023858...
setting magnet DAC
current  : 5.872001
requested: 5.873036
Delta Dac: 0.001034
Checking detector protection. dv=0.00103
Checking detector "CDD". Protection Threshold: 0.1 (V)
SetMagnetDAC 5.87303586207 ===>> OK
Magnet settling time: 1.049
GetData ===>> H2,-0.108691778663874,H1,403.951827473461,AX,4.08517826301036,L1,-0.00813499502509692,L2,-0.01074...
setting magnet DAC
current  : 5.873036
requested: 5.874070
Delta Dac: 0.001034
Checking detector protection. dv=0.00103
Checking detector "CDD". Protection Threshold: 0.1 (V)
SetMagnetDAC 5.87407034483 ===>> OK
Magnet settling time: 1.049
GetData ===>> H2,-0.132707746361466,H1,429.41257470929,AX,4.50809651036173,L1,0.0124024495288303,L2,0.020042842...
setting magnet DAC
current  : 5.874070
requested: 5.875105
Delta Dac: 0.001034
Checking detector protection. dv=0.00103
Checking detector "CDD". Protection Threshold: 0.1 (V)
SetMagnetDAC 5.87510482759 ===>> OK
Magnet settling time: 1.049
GetData ===>> H2,-0.110241767612969,H1,437.242984392154,AX,4.5060343948311,L1,0.0348420829004695,L2,0.072196684...
setting magnet DAC
current  : 5.875105
requested: 5.876139
Delta Dac: 0.001034
Checking detector protection. dv=0.00103
Checking detector "CDD". Protection Threshold: 0.1 (V)
SetMagnetDAC 5.87613931034 ===>> OK
Magnet settling time: 1.049
GetData ===>> H2,-0.152318617856434,H1,439.5214522335,AX,4.61920570966518,L1,0.0397376487803152,L2,0.0589789545...
setting magnet DAC
current  : 5.876139
requested: 5.877174
Delta Dac: 0.001034
Checking detector protection. dv=0.00103
Checking detector "CDD". Protection Threshold: 0.1 (V)
SetMagnetDAC 5.8771737931 ===>> OK
Magnet settling time: 1.049
GetData ===>> H2,-0.196330887388432,H1,439.69116511411,AX,4.57137917605808,L1,0.0315228175042837,L2,0.042026470...
setting magnet DAC
current  : 5.877174
requested: 5.878208
Delta Dac: 0.001034
Checking detector protection. dv=0.00103
Checking detector "CDD". Protection Threshold: 0.1 (V)
SetMagnetDAC 5.87820827586 ===>> OK
Magnet settling time: 1.049
GetData ===>> H2,-0.159111671621277,H1,439.849052627037,AX,4.72476149065174,L1,0.0463890229463697,L2,0.08755889...
setting magnet DAC
current  : 5.878208
requested: 5.879243
Delta Dac: 0.001034
Checking detector protection. dv=0.00103
Checking detector "CDD". Protection Threshold: 0.1 (V)
SetMagnetDAC 5.87924275862 ===>> OK
Magnet settling time: 1.049
GetData ===>> H2,-0.0803990759027773,H1,439.852333242027,AX,4.73148418859087,L1,0.0400286683057406,L2,0.0974749...
setting magnet DAC
current  : 5.879243
requested: 5.880277
Delta Dac: 0.001034
Checking detector protection. dv=0.00103
Checking detector "CDD". Protection Threshold: 0.1 (V)
SetMagnetDAC 5.88027724138 ===>> OK
Magnet settling time: 1.049
GetData ===>> H2,-0.164350944018931,H1,439.831658300142,AX,4.5907822142593,L1,0.0017487881043606,L2,0.054467112...
setting magnet DAC
current  : 5.880277
requested: 5.881312
Delta Dac: 0.001034
Checking detector protection. dv=0.00103
Checking detector "CDD". Protection Threshold: 0.1 (V)
SetMagnetDAC 5.88131172414 ===>> OK
Magnet settling time: 1.049
GetData ===>> H2,-0.0665871237317032,H1,439.360964470901,AX,4.76812254342394,L1,0.0127190662888792,L2,0.0350777...
setting magnet DAC
current  : 5.881312
requested: 5.882346
Delta Dac: 0.001034
Checking detector protection. dv=0.00103
Checking detector "CDD". Protection Threshold: 0.1 (V)
SetMagnetDAC 5.8823462069 ===>> OK
Magnet settling time: 1.049
GetData ===>> H2,-0.11291945907161,H1,439.21221355491,AX,4.63781111828871,L1,0.0435071215113583,L2,0.0968822665...
setting magnet DAC
current  : 5.882346
requested: 5.883381
Delta Dac: 0.001034
Checking detector protection. dv=0.00103
Checking detector "CDD". Protection Threshold: 0.1 (V)
SetMagnetDAC 5.88338068966 ===>> OK
Magnet settling time: 1.049
GetData ===>> H2,-0.137722365675169,H1,438.282288695831,AX,4.5299054028578,L1,0.0652500875608358,L2,0.102809577...
setting magnet DAC
current  : 5.883381
requested: 5.884415
Delta Dac: 0.001034
Checking detector protection. dv=0.00103
Checking detector "CDD". Protection Threshold: 0.1 (V)
SetMagnetDAC 5.88441517241 ===>> OK
Magnet settling time: 1.049
GetData ===>> H2,-0.229849415653116,H1,436.268496013075,AX,4.49484756965232,L1,0.0673126352004294,L2,-0.0107257...
setting magnet DAC
current  : 5.884415
requested: 5.885450
Delta Dac: 0.001034
Checking detector protection. dv=0.00103
Checking detector "CDD". Protection Threshold: 0.1 (V)
SetMagnetDAC 5.88544965517 ===>> OK
Magnet settling time: 1.049
GetData ===>> H2,-0.182612730143334,H1,428.079686441544,AX,4.40971212714581,L1,0.0421069359978705,L2,0.00961092...
setting magnet DAC
current  : 5.885450
requested: 5.886484
Delta Dac: 0.001034
Checking detector protection. dv=0.00103
Checking detector "CDD". Protection Threshold: 0.1 (V)
SetMagnetDAC 5.88648413793 ===>> OK
Magnet settling time: 1.049
GetData ===>> H2,-0.279032704564168,H1,386.045170247581,AX,3.60292464580088,L1,0.0378786890555782,L2,0.04646937...
setting magnet DAC
current  : 5.886484
requested: 5.887519
Delta Dac: 0.001034
Checking detector protection. dv=0.00103
Checking detector "CDD". Protection Threshold: 0.1 (V)
SetMagnetDAC 5.88751862069 ===>> OK
Magnet settling time: 1.049
GetData ===>> H2,-0.201600662667036,H1,298.579922058487,AX,2.45957322663596,L1,0.0230265350224616,L2,-0.0216096...
setting magnet DAC
current  : 5.887519
requested: 5.888553
Delta Dac: 0.001034
Checking detector protection. dv=0.00103
Checking detector "CDD". Protection Threshold: 0.1 (V)
SetMagnetDAC 5.88855310345 ===>> OK
Magnet settling time: 1.049
GetData ===>> H2,-0.137228027020805,H1,183.737853157831,AX,1.37901582449549,L1,-0.0139493902890721,L2,-0.017511...
setting magnet DAC
current  : 5.888553
requested: 5.889588
Delta Dac: 0.001034
Checking detector protection. dv=0.00103
Checking detector "CDD". Protection Threshold: 0.1 (V)
SetMagnetDAC 5.88958758621 ===>> OK
Magnet settling time: 1.049
GetData ===>> H2,-0.123613096636488,H1,86.298973966025,AX,0.449621733345524,L1,-0.0238848268860172,L2,-0.086955...
setting magnet DAC
current  : 5.889588
requested: 5.890622
Delta Dac: 0.001034
Checking detector protection. dv=0.00103
Checking detector "CDD". Protection Threshold: 0.1 (V)
SetMagnetDAC 5.89062206897 ===>> OK
Magnet settling time: 1.049
GetData ===>> H2,-0.113149564874336,H1,31.2068845216028,AX,-0.0381702779456919,L1,0.00511038076062015,L2,-0.060...
setting magnet DAC
current  : 5.890622
requested: 5.891657
Delta Dac: 0.001034
Checking detector protection. dv=0.00103
Checking detector "CDD". Protection Threshold: 0.1 (V)
SetMagnetDAC 5.89165655172 ===>> OK
Magnet settling time: 1.049
GetData ===>> H2,-0.179269591221616,H1,9.10127827705784,AX,0.0628619913975257,L1,-0.0297403877341756,L2,0.02384...
setting magnet DAC
current  : 5.891657
requested: 5.892691
Delta Dac: 0.001034
Checking detector protection. dv=0.00103
Checking detector "CDD". Protection Threshold: 0.1 (V)
SetMagnetDAC 5.89269103448 ===>> OK
Magnet settling time: 1.049
GetData ===>> H2,-0.0822551171245976,H1,2.19503169747759,AX,0.00715834949115318,L1,-0.0193891012600442,L2,0.138...
setting magnet DAC
current  : 5.892691
requested: 5.893726
Delta Dac: 0.001034
Checking detector protection. dv=0.00103
Checking detector "CDD". Protection Threshold: 0.1 (V)
SetMagnetDAC 5.89372551724 ===>> OK
Magnet settling time: 1.049
GetData ===>> H2,-0.149585431267079,H1,0.46209925587013,AX,-0.183918462748179,L1,0.0218812735932073,L2,-0.03101...
setting magnet DAC
current  : 5.893726
requested: 5.894760
Delta Dac: 0.001034
Checking detector protection. dv=0.00103
Checking detector "CDD". Protection Threshold: 0.1 (V)
SetMagnetDAC 5.89476 ===>> OK
Magnet settling time: 1.049
GetData ===>> H2,-0.174236845414806,H1,0.0458255897001215,AX,-0.041486743716616,L1,-0.0176472760280179,L2,0.009...
result of _do_sweep=True
result of _calculate_peak_center=([5.8723050901803617, 5.879760000000001, 5.8872149098196402], [326.05727136608039, 439.85220894377915, 324.25859712807653], 5.8792489779559132, 439.85220894377915)
Failed to find a valid peak. No peak greater than 1.0. max = 0.0160327316067
new center pos Detector(H1) (Ar40) @ 5.87976
GetHighVoltage ===>> 4500
GetDeflection H1 ===>> 0
dac uncorrected for HV and deflection 5.87976
update mftable H1 Ar40 5.87976 message=automated run peakcenter
get initial guess parabolic
get initial guess parabolic
get initial guess parabolic
get initial guess parabolic
get initial guess parabolic
get initial guess parabolic
dump mftable to /Users/jan/PychronDev/setupfiles/spectrometer/mftables/mftable.csv
add to repo msg=modified - automated run peakcenter
sweep finished
locally archiving mftable
setting magnet DAC
current  : 5.894760
requested: 5.879760
Delta Dac: 0.015000
Checking detector protection. dv=0.01500
Checking detector "CDD". Protection Threshold: 0.1 (V)
SetMagnetDAC 5.87976 ===>> OK
Magnet settling time: 0.500
setting integration time = 1.048576
SetIntegrationTime 1.048576 ===>> OK
Failed to find a valid peak. No peak greater than 1.0. max = 0.0160327316067
flush and close file /Users/jan/PychronDev/data/isotopes/5e/2519ef-9186-4543-afce-dfb338900e4e.h5
finished measure script
executed snippet estimated_duration=226.132928, duration=272.743025064
jan_unknown120_60.py completed successfully
Measurement Finished
19:06:31 -- ******* Measurement Finished *******
Post Measurement Started jan_pump_ms.py
19:06:31 -- ******* Post Measurement Started jan_pump_ms.py *******
testing...
no interpolation path defined
executed snippet estimated_duration=0, duration=2.59876251221e-05
Pumping spectrometer
open () {'name': 'O'}
opening name=O desc=---
checking ownership. requestor=129.138.12.150
check software interlocks O
interlocks []
actuate state mode=None-script, software_lock=False
doing actuation None-script open_channel True
Open O ===>> OK
GetIndicatorState O ===>> OK
change switch state (True, True)
update switch state O True args=() kw={} ncanvase=4
19:06:31 -- OPEN   VALVE-O (Jan Ion Pump)
---------------------------------------- open O () result=[(True, True)], time=0.10 sec
action=open, ok=True, locked=[False]
executed snippet estimated_duration=0, duration=0.35262799263
jan_pump_ms.py completed successfully
setting _ms_pumptime
Post Measurement Finished
19:06:31 -- ******* Post Measurement Finished *******
$$$$$$$$$$$$$$$$$$$$ state at run end measurement
state changed from measurement to success
post measurement save measured=True aborted=False
Set filtering
setting fod for Ar40= {'filter_outliers': True, 'std_devs': 2, 'iterations': 1}
setting fod for H1= {'filter_outliers': True, 'std_devs': 2, 'iterations': 1}
setting fod for PM41= {'filter_outliers': False, 'std_devs': 2, 'iterations': 1}
setting fod for H2= {'filter_outliers': True, 'std_devs': 2, 'iterations': 1}
setting fod for Ar36= {'filter_outliers': True, 'std_devs': 2, 'iterations': 1}
setting fod for CDD= {'filter_outliers': True, 'std_devs': 10, 'iterations': 1}
setting fod for Ar37= {'filter_outliers': True, 'std_devs': 2, 'iterations': 1}
setting fod for L2= {'filter_outliers': True, 'std_devs': 2, 'iterations': 1}
setting fod for Ar38= {'filter_outliers': True, 'std_devs': 2, 'iterations': 1}
setting fod for L1= {'filter_outliers': True, 'std_devs': 2, 'iterations': 1}
setting fod for Ar39= {'filter_outliers': True, 'std_devs': 2, 'iterations': 1}
setting fod for AX= {'filter_outliers': True, 'std_devs': 2, 'iterations': 1}
persistence save...
persistence save - db
post measurement save
5812278192 connecting to database sqlite:////Users/jan/PychronDev/.appdata/local_lab.db
connected to db sqlite:////Users/jan/PychronDev/.appdata/local_lab.db
create new session 5812278192
close session 5812278192
No database instance. Not saving post measurement to isotopedb database
$$$$$$$$$$$$$$$ auto_save_detector_ic=False
massspec enabled True
create new session 5036988176
MassSpec Database Version: 16.0
close session 5036988176
saving post measurement to secondary database
saving to massspec database 129.138.12.160/massspecdata
setting labnumber to 65267
setting aliquot to 10
setting step to J
setting uuid to 5e2519ef-9186-4543-afce-dfb338900e4e
setting irradpos to 65267
setting extract_device to Fusions CO2
setting tray to 
setting position to 49
setting power_requested to 0.55
setting extract_value to 0.55
setting duration to 30.0
setting duration_at_request to 30.0
setting first_stage_delay to 30.0
setting cleanup to 30.0
setting comment to F:9 AM-1b
setting irradiation to NM-285
setting level to F
setting irradiation_level to F
setting sample to AM-1b
setting material to Kspar
setting project to REEFenite
setting mass_spectrometer to Jan
no attribute chron_dosages
no attribute production_ratios
no attribute interference_corrections
no attribute production_name
no attribute j
Reference Isotope=Ar40
Reference Detector=H1
%%%%%%%%%%%%%%%%%%%% Comment: F:9 AM-1b %%%%%%%%%%%%%%%%%%%
adding isotope PM41 H2
add baseline dbdet= PM41. original det= H2
get baseline data PM41 H2
Get data baseline <pychron.processing.isotope.Baseline object at 0x137779090> len t=60
baseline PM41. v=-0.192200338597, e=0.00595051018109
get signal data PM41 H2
Get data signal PM41 0.05+/-0.08 len t=120
adding isotope Ar40 H1
add baseline dbdet= Ar40. original det= H1
get baseline data Ar40 H1
Get data baseline <pychron.processing.isotope.Baseline object at 0x137779c50> len t=60
baseline Ar40. v=-0.019299693594, e=0.00489600399609
get signal data Ar40 H1
Get data signal Ar40 481.329+/-0.035 len t=120
adding isotope Ar39 AX
add baseline dbdet= Ar39. original det= AX
get baseline data Ar39 AX
Get data baseline <pychron.processing.isotope.Baseline object at 0x137779990> len t=60
baseline Ar39. v=-0.0873308910722, e=0.00535521110689
get signal data Ar39 AX
Get data signal Ar39 4.970+/-0.012 len t=120
adding isotope Ar38 L1
add baseline dbdet= Ar38. original det= L1
get baseline data Ar38 L1
Get data baseline <pychron.processing.isotope.Baseline object at 0x137779450> len t=60
baseline Ar38. v=-0.0229417220698, e=0.00197021753092
get signal data Ar38 L1
Get data signal Ar38 0.067+/-0.004 len t=120
adding isotope Ar37 L2
add baseline dbdet= Ar37. original det= L2
get baseline data Ar37 L2
Get data baseline <pychron.processing.isotope.Baseline object at 0x137779b50> len t=60
baseline Ar37. v=-0.0185253280487, e=0.00589402167468
get signal data Ar37 L2
Get data signal Ar37 0.042+/-0.010 len t=120
adding isotope Ar36 CDD
add baseline dbdet= Ar36. original det= CDD
get baseline data Ar36 CDD
Get data baseline <pychron.processing.isotope.Baseline object at 0x147fe5f90> len t=60
baseline Ar36. v=7.19516155561e-05, e=1.14611820787e-05
get signal data Ar36 CDD
Get data signal Ar36 0.00880+/-0.00026 len t=120
65267-10J added analysis time 0.474782943726s
analysis added to mass spec database
mass spec save time= 0.485
persistence save - dvc
================= post measurement started
create new session 4995223376
close session 4995223376
---------------- Experiment Queue saving disabled
DVC saving peakcenter
Failed to find a valid peak. No peak greater than 1.0. max = 0.0160327316067
Smart pull ahead: 0 behind: 0
Up-to-date with origin
add to repo msg=modified - ad8224ebc6dbfeb9f5997218dfa5fe690569839d.json
add to repo msg=modified - 67-10J.json
add to repo msg=modified - 67-10J.dat.json
add to repo msg=modified - 67-10J.blan.json
add to repo msg=modified - 67-10J.inte.json
add to repo msg=modified - 67-10J.icfa.json
add to repo msg=modified - 67-10J.base.json
not at valid file /Users/jan/PychronDev/data/.dvc/repositories/REEFenite/652/tags/67-10J.tags.json
add to repo msg=modified - 67-10J.peak.json
add to repo msg=modified - 67-10J.extr.json
not at valid file /Users/jan/PychronDev/data/.dvc/repositories/REEFenite/652/monitor/67-10J.moni.json
commit message=<COLLECTION>
add to repo msg=modified - 67-10J.inte.json
add to repo msg=modified - 67-10J.base.json
commit message=<ISOEVO> default collection fits
add to repo msg=modified - 67-10J.blan.json
commit message=<BLANKS> preceding bu-FC-J-7856
add to repo msg=modified - 67-10J.icfa.json
commit message=<ICFactor> default
push repository <pychron.git_archive.repo_manager.GitRepoManager object at 0x159122530>
pushing to remote=origin, url=https://github.com
no changes to meta repo
create new session 4995223376
add association REEFenite
get identifier "65267"
setting analysis irradiation position=<pychron.dvc.dvc_orm.IrradiationPositionTbl object at 0x156ce00d0>
close session 4995223376
================= post measurement finished
19:06:52 -- ******* Post Run Check *******
loading queue conditionals post_run_actions
loading system conditionals post_run_actions
loading conditionals from /Users/jan/PychronDev/setupfiles/spectrometer/default_conditionals.yaml
loading queue conditionals post_run_terminations
loading system conditionals post_run_terminations
loading conditionals from /Users/jan/PychronDev/setupfiles/spectrometer/default_conditionals.yaml
Checking default post run terminations n=1
GetDeflection CDD ===>> 50
testing CDD==2000
evaluate ot="CDD.deflection==2000" t="CDD==2000", ctx="{'CDD': 50.0}"
19:06:52 -- ******* Post Run Check Passed *******
19:06:52 -- Automated run 65267-10J success duration: 371.888 s
----------------- finish -----------------
----------------- stop -----------------
retroactive repository identifiers disabled
finish run. runs completed=70
update duration runid=65267-10J, duration=371.888223886, md5=3be28e4d
loading script "jan_unknown120_60.py"
loading script "jan_pump_ms.py"
loading script "jan_co2.py"
loading script "jan_pump_extraction_line.py"
testing...
no interpolation path defined
executed snippet estimated_duration=213.652928, duration=0.000197887420654
script duration name:unknown120_60 seconds:214.0
loading script "jan_unknown120_60.py"
loading script "jan_pump_ms.py"
loading script "jan_co2.py"
loading script "jan_pump_extraction_line.py"
testing...
no interpolation path defined
executed snippet estimated_duration=0, duration=2.8133392334e-05
loading script "jan_unknown120_60.py"
loading script "jan_pump_ms.py"
loading script "jan_co2.py"
loading script "jan_pump_extraction_line.py"
testing...
no interpolation path defined
calculate duration
testing...
no interpolation path defined
executed snippet estimated_duration=0, duration=5.3882598877e-05
calculate duration
testing...
no interpolation path defined
executed snippet estimated_duration=0, duration=9.3936920166e-05
executed snippet estimated_duration=0.0, duration=0.00769114494324
script duration name:co2 seconds:0.0
loading script "jan_unknown120_60.py"
loading script "jan_pump_ms.py"
loading script "jan_co2.py"
loading script "jan_pump_extraction_line.py"
testing...
no interpolation path defined
calculate duration
testing...
no interpolation path defined
executed snippet estimated_duration=4.0, duration=0.000228881835938
executed snippet estimated_duration=4.0, duration=0.00260305404663
Script duration 214.0
Run total estimated duration= 215.000
unknown120_60 in script context. using previous estimated duration
script duration name:unknown120_60 seconds:214.0
pump_ms in script context. using previous estimated duration
co2 in script context. using previous estimated duration
script duration name:co2 seconds:0.0
pump_extraction_line in script context. using previous estimated duration
Script duration 214.0
Run total estimated duration= 215.000
script duration name:unknown120_60 seconds:214.0
script duration name:co2 seconds:0.0
Script duration 214.0
Run total estimated duration= 215.000
script duration name:unknown120_60 seconds:214.0
script duration name:co2 seconds:0.0
Script duration 214.0
Run total estimated duration= 215.000
script duration name:unknown120_60 seconds:214.0
script duration name:co2 seconds:0.0
Script duration 214.0
Run total estimated duration= 215.000
script duration name:unknown120_60 seconds:214.0
script duration name:co2 seconds:0.0
Script duration 214.0
Run total estimated duration= 215.000
script duration name:unknown120_60 seconds:214.0
script duration name:co2 seconds:0.0
Script duration 214.0
Run total estimated duration= 215.000
script duration name:unknown120_60 seconds:214.0
script duration name:co2 seconds:0.0
Script duration 214.0
Run total estimated duration= 215.000
script duration name:unknown120_60 seconds:214.0
script duration name:co2 seconds:0.0
Script duration 214.0
Run total estimated duration= 215.000
script duration name:unknown120_60 seconds:214.0
script duration name:co2 seconds:0.0
Script duration 214.0
Run total estimated duration= 215.000
script duration name:unknown120_60 seconds:214.0
script duration name:co2 seconds:0.0
Script duration 214.0
Run total estimated duration= 215.000
script duration name:unknown120_60 seconds:214.0
script duration name:co2 seconds:0.0
Script duration 214.0
Run total estimated duration= 215.000
script duration name:unknown120_60 seconds:214.0
script duration name:co2 seconds:0.0
Script duration 214.0
Run total estimated duration= 215.000
script duration name:unknown120_60 seconds:214.0
script duration name:co2 seconds:0.0
Script duration 214.0
Run total estimated duration= 215.000
script duration name:unknown120_60 seconds:214.0
script duration name:co2 seconds:0.0
Script duration 214.0
Run total estimated duration= 215.000
script duration name:unknown120_60 seconds:214.0
script duration name:co2 seconds:0.0
Script duration 214.0
Run total estimated duration= 215.000
script duration name:unknown120_60 seconds:214.0
script duration name:co2 seconds:0.0
Script duration 214.0
Run total estimated duration= 215.000
script duration name:unknown120_60 seconds:214.0
script duration name:co2 seconds:0.0
Script duration 214.0
Run total estimated duration= 215.000
script duration name:unknown120_60 seconds:214.0
script duration name:co2 seconds:0.0
Script duration 214.0
Run total estimated duration= 215.000
script duration name:unknown120_60 seconds:214.0
script duration name:co2 seconds:0.0
Script duration 214.0
Run total estimated duration= 215.000
script duration name:unknown120_60 seconds:214.0
script duration name:co2 seconds:0.0
Script duration 214.0
Run total estimated duration= 215.000
script duration name:unknown120_60 seconds:214.0
script duration name:co2 seconds:0.0
Script duration 214.0
Run total estimated duration= 215.000
script duration name:unknown120_60 seconds:214.0
script duration name:co2 seconds:0.0
Script duration 214.0
Run total estimated duration= 215.000
script duration name:unknown120_60 seconds:214.0
script duration name:co2 seconds:0.0
Script duration 214.0
Run total estimated duration= 215.000
script duration name:unknown120_60 seconds:214.0
script duration name:co2 seconds:0.0
Script duration 214.0
Run total estimated duration= 215.000
script duration name:unknown120_60 seconds:214.0
script duration name:co2 seconds:0.0
Script duration 214.0
Run total estimated duration= 215.000
script duration name:unknown120_60 seconds:214.0
script duration name:co2 seconds:0.0
Script duration 214.0
Run total estimated duration= 215.000
script duration name:unknown120_60 seconds:214.0
script duration name:co2 seconds:0.0
Script duration 214.0
Run total estimated duration= 215.000
script duration name:unknown120_60 seconds:214.0
script duration name:co2 seconds:0.0
Script duration 214.0
Run total estimated duration= 215.000
script duration name:unknown120_60 seconds:214.0
script duration name:co2 seconds:0.0
Script duration 214.0
Run total estimated duration= 215.000
loading script "jan_unknown400_120.py"
loading script "jan_pump_ms.py"
loading script "jan_sniffair_x2.py"
loading script "jan_pump_extraction_line.py"
testing...
no interpolation path defined
executed snippet estimated_duration=556.052928, duration=0.000157833099365
script duration name:unknown400_120 seconds:556.0
loading script "jan_unknown400_120.py"
loading script "jan_pump_ms.py"
loading script "jan_sniffair_x2.py"
loading script "jan_pump_extraction_line.py"
testing...
no interpolation path defined
calculate duration
testing...
no interpolation path defined
executed snippet estimated_duration=0, duration=5.57899475098e-05
calculate duration
testing...
no interpolation path defined
executed snippet estimated_duration=0, duration=0.0001060962677
calculate duration
testing...
no interpolation path defined
executed snippet estimated_duration=32.0, duration=0.000105142593384
calculate duration
testing...
no interpolation path defined
executed snippet estimated_duration=34.0, duration=0.000120878219604
calculate duration
testing...
no interpolation path defined
executed snippet estimated_duration=4.0, duration=7.48634338379e-05
calculate duration
testing...
no interpolation path defined
executed snippet estimated_duration=36.0, duration=0.000105142593384
calculate duration
testing...
no interpolation path defined
executed snippet estimated_duration=34.0, duration=0.000124931335449
calculate duration
testing...
no interpolation path defined
executed snippet estimated_duration=4.0, duration=0.000144958496094
calculate duration
testing...
no interpolation path defined
executed snippet estimated_duration=36.0, duration=0.000195026397705
calculate duration
testing...
no interpolation path defined
executed snippet estimated_duration=70.0, duration=0.00011682510376
executed snippet estimated_duration=250.0, duration=0.0141019821167
script duration name:sniffair_x2 seconds:250.0
Script duration 806.0
Run total estimated duration= 807.000
unknown400_120 in script context. using previous estimated duration
script duration name:unknown400_120 seconds:556.0
sniffair_x2 in script context. using previous estimated duration
script duration name:sniffair_x2 seconds:250.0
Script duration 806.0
Run total estimated duration= 807.000
script duration name:unknown400_120 seconds:556.0
loading script "jan_unknown400_120.py"
loading script "jan_pump_ms.py"
loading script "jan_cocktail_x1.py"
loading script "jan_pump_extraction_line.py"
testing...
no interpolation path defined
calculate duration
testing...
no interpolation path defined
executed snippet estimated_duration=0, duration=6.98566436768e-05
calculate duration
testing...
no interpolation path defined
executed snippet estimated_duration=0, duration=7.89165496826e-05
calculate duration
testing...
no interpolation path defined
executed snippet estimated_duration=32.0, duration=6.91413879395e-05
calculate duration
testing...
no interpolation path defined
executed snippet estimated_duration=34.0, duration=7.29560852051e-05
calculate duration
testing...
no interpolation path defined
executed snippet estimated_duration=4.0, duration=6.91413879395e-05
calculate duration
testing...
no interpolation path defined
executed snippet estimated_duration=38.0, duration=7.31945037842e-05
executed snippet estimated_duration=108.0, duration=0.00596404075623
script duration name:cocktail_x1 seconds:108.0
Script duration 664.0
Run total estimated duration= 665.000
script duration name:unknown400_120 seconds:556.0
cocktail_x1 in script context. using previous estimated duration
script duration name:cocktail_x1 seconds:108.0
Script duration 664.0
Run total estimated duration= 665.000
script duration name:unknown400_120 seconds:556.0
script duration name:co2 seconds:0.0
Script duration 556.0
Run total estimated duration= 557.000
nruns=35 before=5.0, run_dur=9951.0, btw=1020.0
write rem/ex queues
/Users/jan/PychronDev/experiments/rem/Load1796.rem.txt
/Users/jan/PychronDev/experiments/rem/Load1796.ex.txt
doing event level: 3
