do run
loading script "jan_unknown120_60.py"
loading script "jan_pump_ms.py"
loading script "jan_co2.py"
loading script "jan_pump_extraction_line.py"
testing...
no interpolation path defined
executed snippet estimated_duration=213.652928, duration=0.000234127044678
script duration name:unknown120_60 seconds:214.0
loading script "jan_unknown120_60.py"
loading script "jan_pump_ms.py"
loading script "jan_co2.py"
loading script "jan_pump_extraction_line.py"
testing...
no interpolation path defined
executed snippet estimated_duration=0, duration=1.90734863281e-05
loading script "jan_unknown120_60.py"
loading script "jan_pump_ms.py"
loading script "jan_co2.py"
loading script "jan_pump_extraction_line.py"
testing...
no interpolation path defined
calculate duration
testing...
no interpolation path defined
executed snippet estimated_duration=0, duration=4.60147857666e-05
calculate duration
testing...
no interpolation path defined
executed snippet estimated_duration=0, duration=7.48634338379e-05
executed snippet estimated_duration=0.0, duration=0.00170397758484
script duration name:co2 seconds:0.0
loading script "jan_unknown120_60.py"
loading script "jan_pump_ms.py"
loading script "jan_co2.py"
loading script "jan_pump_extraction_line.py"
testing...
no interpolation path defined
calculate duration
testing...
no interpolation path defined
executed snippet estimated_duration=4.0, duration=0.000118017196655
executed snippet estimated_duration=4.0, duration=0.000954151153564
Script duration 214.0
Run total estimated duration= 215.000
run duration: 0:03:35
doing event level: 2
20:36:47 -- Setting default integration. t=1.048576
setting integration time = 1.048576
SetIntegrationTime 1.048576 ===>> OK
----------------- start -----------------
**************** Experiment Type: Ar/Ar, Ar/Ar
create new session 5024020528
close session 5024020528
$$$$$ Clearing conditionals
adding conditionals 
Add queue conditionals
add default conditionals
adding default conditionals from /Users/jan/PychronDev/setupfiles/spectrometer/default_conditionals.yaml
Start automated run 65267-10X
loading script "jan_unknown120_60.py"
loading script "jan_pump_ms.py"
loading script "jan_co2.py"
loading script "jan_pump_extraction_line.py"
%%%%%%%%%%%%%%%%%% setting automated run 65267-10X
No value "sensitivity_multiplier" in metadata
$$$$$$$$$$$$$$$ auto_save_detector_ic=False
============================= Pre Extraction Check =============================
loading queue conditionals pre_run_terminations
loading system conditionals pre_run_terminations
loading conditionals from /Users/jan/PychronDev/setupfiles/spectrometer/default_conditionals.yaml
20:36:47 -- ******* Pre Extraction Check *******
Get a measurement from the spectrometer
GetData ===>> H2,-0.233185441141277,H1,-0.08548208480732,AX,-0.0338099971330846,L1,-0.0126645182541739,L2,0.036...
Pre Extraction Termination data. keys=H2,H1,AX,L1,L2,CDD, signals=-0.23319,-0.08548,-0.03381,-0.01266,0.03637,0.00313
20:36:47 -- testing system defined conditionals
Checking default pre extraction terminations n=2
testing CDD
evaluate ot="CDD.inactive" t="CDD", ctx="{'CDD': False}"
GetDeflection CDD ===>> 50
testing CDD==2000
evaluate ot="CDD.deflection==2000" t="CDD==2000", ctx="{'CDD': 50.0}"
20:36:47 -- ******* Pre Extraction Check Passed *******
=================================================================================
20:36:47 -- stopping status monitor
stop 5036682704
Status monitor stopped
Status monitor finished
20:36:49 -- starting status monitor
start 5036682704
StatusMonitor period=1. Frequencies(state=2, checksum=3, lock=5, owner=5)
start extraction
do extraction
Analysis started at 20:36:50.645313
Extraction Started jan_co2.py
20:36:50 -- ******* Extraction Started jan_co2.py *******
state changed from not run to extraction
DO EXTRACTION <pychron.extraction_line.pyscript_runner.RemotePyScriptRunner object at 0x12cc73a70>
testing...
no interpolation path defined
calculate duration
testing...
no interpolation path defined
executed snippet estimated_duration=0, duration=4.98294830322e-05
calculate duration
testing...
no interpolation path defined
executed snippet estimated_duration=0, duration=0.000130891799927
executed snippet estimated_duration=100.0, duration=0.00313806533813
Jan CO2 laser analysis
doing GOSUB
testing...
no interpolation path defined
executed snippet estimated_duration=0, duration=6.5803527832e-05
Waiting for CO2 access
wait ('FelixCO2Flag', 0) {}
waiting for FelixCO2Flag = 0
Read FelixCO2Flag ===>> 0
finished waiting
CO2 free
wait ('CO2PumpTimeFlag', 0) {}
waiting for CO2PumpTimeFlag = 0
Read CO2PumpTimeFlag ===>> 0
finished waiting
acquire ('JanCO2Flag',) {'clear': True}
acquire JanCO2Flag
Set JanCO2Flag 1 ===>> OK
JanCO2Flag acquired
set extraction state False (0.75, 'red', 1.5)
CO2 acquired
executed snippet estimated_duration=0, duration=0.0134999752045
WaitForCO2Access.py completed successfully
gosub finished
doing GOSUB
testing...
no interpolation path defined
executed snippet estimated_duration=0, duration=0.000128984451294
Prepare for CO2 analysis
close () {'description': 'Jan Inlet'}
closing name=--- desc=Jan Inlet
checking ownership. requestor=129.138.12.150
check software interlocks R
interlocks []
actuate state mode=None-script, software_lock=False
doing actuation None-script close_channel False
Close R ===>> OK
GetIndicatorState R ===>> False
change switch state (True, True)
update switch state R False args=() kw={} ncanvase=4
20:36:51 -- CLOSE  VALVE-R (Jan Inlet)
---------------------------------------- close None (Jan Inlet) result=[(True, True)]
action=close, ok=True, locked=[False]
open () {'description': 'Jan Ion Pump'}
opening name=--- desc=Jan Ion Pump
checking ownership. requestor=129.138.12.150
check software interlocks O
interlocks []
actuate state mode=None-script, software_lock=False
doing actuation None-script open_channel False
Open O ===>> OK
GetIndicatorState O ===>> OK
change switch state (True, True)
update switch state O True args=() kw={} ncanvase=4
20:36:51 -- OPEN   VALVE-O (Jan Ion Pump)
---------------------------------------- open None (Jan Ion Pump) result=[(True, True)], time=0.11 sec
action=open, ok=True, locked=[False]
close () {'description': 'Microbone to Minibone'}
closing name=--- desc=Microbone to Minibone
checking ownership. requestor=129.138.12.150
check software interlocks L
interlocks []
actuate state mode=None-script, software_lock=False
doing actuation None-script close_channel False
Close L ===>> OK
GetIndicatorState L ===>> False
change switch state (True, True)
update switch state L False args=() kw={} ncanvase=4
20:36:52 -- CLOSE  VALVE-L (Microbone to Minibone)
---------------------------------------- close None (Microbone to Minibone) result=[(True, True)]
action=close, ok=True, locked=[False]
open () {'description': 'Microbone to Turbo'}
opening name=--- desc=Microbone to Turbo
checking ownership. requestor=129.138.12.150
check software interlocks U
interlocks []
actuate state mode=None-script, software_lock=False
doing actuation None-script open_channel False
Open U ===>> OK
GetIndicatorState U ===>> OK
change switch state (True, True)
update switch state U True args=() kw={} ncanvase=4
20:36:53 -- OPEN   VALVE-U (Microbone to Turbo)
---------------------------------------- open None (Microbone to Turbo) result=[(True, True)], time=1.15 sec
action=open, ok=True, locked=[False]
open () {'description': 'Microbone to Inlet Pipette'}
opening name=--- desc=Microbone to Inlet Pipette
checking ownership. requestor=129.138.12.150
check software interlocks S
interlocks []
actuate state mode=None-script, software_lock=False
doing actuation None-script open_channel False
Open S ===>> OK
GetIndicatorState S ===>> OK
change switch state (True, True)
update switch state S True args=() kw={} ncanvase=4
20:36:55 -- OPEN   VALVE-S (Microbone to Inlet Pipette)
---------------------------------------- open None (Microbone to Inlet Pipette) result=[(True, True)], time=1.49 sec
action=open, ok=True, locked=[False]
open () {'description': 'Microbone to Getter D-50'}
opening name=--- desc=Microbone to Getter D-50
checking ownership. requestor=129.138.12.150
check software interlocks K
interlocks []
actuate state mode=None-script, software_lock=False
doing actuation None-script open_channel False
Open K ===>> OK
GetIndicatorState K ===>> OK
change switch state (True, True)
update switch state K True args=() kw={} ncanvase=4
20:36:55 -- OPEN   VALVE-K (Microbone to Getter D-50)
---------------------------------------- open None (Microbone to Getter D-50) result=[(True, True)], time=0.41 sec
action=open, ok=True, locked=[False]
open () {'description': 'Microbone to Getter NP-10'}
opening name=--- desc=Microbone to Getter NP-10
checking ownership. requestor=129.138.12.150
check software interlocks M
interlocks []
actuate state mode=None-script, software_lock=False
doing actuation None-script open_channel False
Open M ===>> OK
GetIndicatorState M ===>> OK
change switch state (True, True)
update switch state M True args=() kw={} ncanvase=4
20:36:56 -- OPEN   VALVE-M (Microbone to Getter NP-10)
---------------------------------------- open None (Microbone to Getter NP-10) result=[(True, True)], time=0.14 sec
action=open, ok=True, locked=[False]
close () {'description': 'CO2 Laser to Felix'}
closing name=--- desc=CO2 Laser to Felix
checking ownership. requestor=129.138.12.150
check software interlocks F
interlocks []
actuate state mode=None-script, software_lock=True
VALVE-F(CO2 Laser to Felix) software locked
change switch state (True, False)
---------------------------------------- close None (CO2 Laser to Felix) result=[(True, False)]
action=close, ok=True, locked=[True]
open () {'description': 'CO2 Laser to Jan'}
opening name=--- desc=CO2 Laser to Jan
checking ownership. requestor=129.138.12.150
check software interlocks A
interlocks []
actuate state mode=None-script, software_lock=False
doing actuation None-script open_channel False
Open A ===>> OK
GetIndicatorState A ===>> OK
change switch state (True, True)
update switch state A True args=() kw={} ncanvase=4
20:36:56 -- OPEN   VALVE-A (CO2 Laser to Jan)
---------------------------------------- open None (CO2 Laser to Jan) result=[(True, True)], time=0.13 sec
action=open, ok=True, locked=[False]
open () {'description': 'Microbone to CO2 Laser'}
opening name=--- desc=Microbone to CO2 Laser
checking ownership. requestor=129.138.12.150
check software interlocks T
interlocks []
actuate state mode=None-script, software_lock=False
doing actuation None-script open_channel False
Open T ===>> OK
GetIndicatorState T ===>> OK
change switch state (True, True)
update switch state T True args=() kw={} ncanvase=4
20:36:57 -- OPEN   VALVE-T (Microbone to CO2 Laser)
---------------------------------------- open None (Microbone to CO2 Laser) result=[(True, True)], time=0.42 sec
action=open, ok=True, locked=[False]
executed snippet estimated_duration=0, duration=7.02556610107
PrepareForCO2Analysis.py completed successfully
gosub finished
set_motor ('beam', '1.5') {}
setting motor "beam" to 1.5
set motor beam to 1.5
SetMotor beam,1.5 ===>> OK
GetMotorMoving beam ===>> False
GetMotorMoving beam ===>> False
Block completed
move_to_position ('49',) {'autocenter': True}
FusionsCO2 move to position 49
sending GoToHole 49,True
GoToHole 49,True ===>> OK
GetDriveMoving ===>> False
GetDriveMoving ===>> False
Block completed
GetAutoCorrecting ===>> False
GetAutoCorrecting ===>> False
Block completed
update position
GetPosition ===>> 5.98170,7.97560,1.00000
got position (5.9817, 7.9756, 1.0)
move to position succeeded
sleep (5,) {}
SLEEP 5.0
block started
WaitControl setup for 5.0  
Join finished
block finished. duration 5.03350496292
close () {'description': 'Microbone to Turbo'}
closing name=--- desc=Microbone to Turbo
checking ownership. requestor=129.138.12.150
check software interlocks U
interlocks []
actuate state mode=None-script, software_lock=False
doing actuation None-script close_channel True
Close U ===>> OK
GetIndicatorState U ===>> False
change switch state (True, True)
update switch state U False args=() kw={} ncanvase=4
20:37:05 -- CLOSE  VALVE-U (Microbone to Turbo)
---------------------------------------- close None (Microbone to Turbo) result=[(True, True)]
action=close, ok=True, locked=[False]
enable laser
enable () {}
set extraction state FusionsCO2 Enabled (False, 'red', 1.5)
enabling laser
Enable ===>> OK
begin interval
BEGIN INTERVAL Interval 1 waiting for 30.0
block started
set extract to 0.87
WaitControl setup for 30.0  
extract (0.87,) {}
GetPosition ===>> 5.98170,7.97560,1.00000
set extraction state FusionsCO2 ON! 0.87(watts) (0.75, 'red', 1.5)
extract sample to 0.87 (watts)
set laser output
SetLaserOutput 0.87,watts ===>> OK
COMPLETE INTERVAL waiting for Interval 1 to complete
Join finished
block finished. duration 30.0949418545
Interval 1 finished
end_extract () {}
ending extraction. set laser power to 0
set laser power 0
SetLaserPower 0 ===>> OK
disable () {}
%%%%%%%%%%%%%%%%%%%%%%%%%%%%%%%%%%% disable
set extraction state False (0.75, 'red', 1.5)
disabling laser
Disable ===>> OK
sleep (30.0,) {}
SLEEP 30.0
block started
WaitControl setup for 30.0  
Join finished
block finished. duration 30.0533230305
executed snippet estimated_duration=195.0, duration=76.286867857
jan_co2.py completed successfully
GetAchievedOutput ===>> No Response
Requested Output= 0.000
Achieved Output=  0.000
GetResponseBlob ===>> No Response
GetOutputBlob ===>> No Response
persistence save...
persistence save - db
AutomatedRunPersister post_extraction_save deprecated
persistence save - dvc
no extraction position for 49
create new session 4995223376
close session 4995223376
Extraction Finished
20:38:07 -- ******* Extraction Finished *******
no overlap. not waiting for min ms pumptime
20:38:07 -- Sending spectrometer configuration
======== Sending configuration ========
SetDeflection CDD,50.0 ===>> OK
SetDeflection H2,0.0 ===>> OK
SetDeflection H1,0.0 ===>> OK
SetDeflection L2,825.0 ===>> OK
SetDeflection L1,400.0 ===>> OK
SetDeflection AX,190.0 ===>> OK
SetZFocus 74.64 ===>> OK
SetZSymmetry -50.72 ===>> OK
SetExtractionLens 26.13 ===>> OK
SetIonRepeller -3.81 ===>> OK
SetElectronEnergy 75.08 ===>> OK
SetYSymmetry -2.81 ===>> OK
SetIonCounterVoltage 1590.0 ===>> OK
send trap current 200.0
GetParameter Trap Current Readback ===>> 198.370811206739
SetParameter Trap Current Set,200.0 ===>> OK
updating mftable name mftable
Using mftable located at /Users/jan/PychronDev/setupfiles/spectrometer/mftables/mftable.csv
============ MFtable ===========
Isotope  H2     H1     AX     L1     L2     CDD    
Ar40     5.8262 5.8797 5.9929 6.1662 6.2313 6.3944
Ar39     5.7255 5.7720 5.8853 6.0522 6.1164 6.2809
Ar36     5.4030 5.4410 5.5487 5.7111 5.7714 5.9320
================================
get initial guess parabolic
get initial guess parabolic
get initial guess parabolic
get initial guess parabolic
get initial guess parabolic
get initial guess parabolic
======== Configuration Finished ========
GetYSymmetry ===>> -2.81
GetZSymmetry ===>> -50.72
GetParameter Trap Current Readback ===>> 197.587621314778
GetHighVoltage ===>> 4500
start measurement
do measurement
L#=65267 analysis type=unknown
Measurement Started jan_unknown120_60.py
20:38:07 -- ******* Measurement Started jan_unknown120_60.py *******
state changed from extraction to measurement
setting spec, defl, and gains
GetExtractionLens ===>> 26.13
GetYSymmetry ===>> -2.81
GetZSymmetry ===>> -50.72
GetZFocus ===>> 74.64
GetDeflection H2 ===>> 0
GetDeflection H1 ===>> 0
GetDeflection AX ===>> 190
GetDeflection L1 ===>> 400
GetDeflection L2 ===>> 825
GetDeflection CDD ===>> 50
GetGain H2 ===>> 0.0113
GetGain H1 ===>> 0.1
GetGain AX ===>> 0.097049
GetGain L1 ===>> 0.010355
GetGain L2 ===>> 0.095649
GetGain CDD ===>> 0
pre measurement save
New frame /Users/jan/PychronDev/data/isotopes/ea/7183e6-a766-4233-84f7-bbb2937b8b91.h5
flush and close file /Users/jan/PychronDev/data/isotopes/ea/7183e6-a766-4233-84f7-bbb2937b8b91.h5
testing...
no interpolation path defined
executed snippet estimated_duration=226.132928, duration=0.000125885009766
unknown measurement script
activate_detectors ('H2', 'H1', 'AX', 'L1', 'L2', 'CDD') {}
activate detectors
*************** Set Analysis View Ar/Ar
create graphs
clearing graphs
clear isotope group
setting isotope det=H2, iso=PM41
setting isotope det=H1, iso=Ar40
setting isotope det=AX, iso=Ar39
setting isotope det=L1, iso=Ar38
setting isotope det=L2, iso=Ar37
setting isotope det=CDD, iso=Ar36
setting previous blanks
 - setting Ar40 blank 0.359+/-0.007
 - setting Ar36 blank 0.00467+/-0.00017
 - setting Ar37 blank 0.069+/-0.005
 - setting Ar38 blank 0.0105+/-0.0022
 - setting PM41 blank 0.03+/-0.07
 - setting Ar39 blank 0.039+/-0.009
load analysis view
position_magnet ('Ar40',) {'detector': 'H1'}
detector Detector(H1)
POSITION Ar40 H1
setting detector H2 to PM41 (40.9624)
setting detector H1 to Ar40 (39.9624)
setting detector AX to Ar39 (38.9624)
setting detector L1 to Ar38 (37.9624)
setting detector L2 to Ar37 (36.9624)
setting detector CDD to Ar36 (35.9624)
Mapping mass to dac mass func: "parabolic"
H1 map mass coeffs = [-0.00063987  0.15840543  0.57133999]
H1 map mass to dac 39.9624 >> 5.87973
GetDeflection H1 ===>> 0
GetHighVoltage ===>> 4500
positioning Ar40 (5.87973) on H1
setting magnet DAC
current  : 5.879730
requested: 5.879730
Delta Dac: 0.000000
Checking detector protection. dv=0.00000
Checking detector "CDD". Protection Threshold: 0.1 (V)
SetMagnetDAC 5.87973 ===>> OK
equilibrate () {'delay': 3, 'inlet': 'R', 'outlet': 'O', 'eqtime': 12.0}
Equilibration Started
20:38:08 -- ******* Equilibration Started *******
checking ownership. requestor=129.138.12.150
check software interlocks O
interlocks []
actuate state mode=None-script, software_lock=False
doing actuation None-script close_channel True
Close O ===>> OK
update labels <pychron.experiment.plot_panel.PlotPanel object at 0x15098bad0>
update labels "<pychron.graph.stacked_regression_graph.StackedRegressionGraph object at 0x154829ad0>"
setting label 0 H2 PM41
setting label 1 H1 Ar40
setting label 2 AX Ar39
setting label 3 L1 Ar38
setting label 4 L2 Ar37
setting label 5 CDD Ar36
update labels "<pychron.graph.stacked_graph.StackedGraph object at 0x15aae6bf0>"
setting label 0 H2 PM41
setting label 1 H1 Ar40
setting label 2 AX Ar39
setting label 3 L1 Ar38
setting label 4 L2 Ar37
setting label 5 CDD Ar36
GetIndicatorState O ===>> False
change switch state (True, True)
update switch state O False args=() kw={} ncanvase=4
20:38:08 -- CLOSE  VALVE-O (Jan Ion Pump)
waiting 3s before opening inlet value ('R',)
checking ownership. requestor=129.138.12.150
check software interlocks R
interlocks []
actuate state mode=None-script, software_lock=False
doing actuation None-script open_channel True
Open R ===>> OK
GetIndicatorState R ===>> OK
change switch state (True, True)
update switch state R True args=() kw={} ncanvase=4
20:38:11 -- OPEN   VALVE-R (Jan Inlet)
equilibrating for 12.0sec
set_time_zero () {}
sniff (12.0,) {}
py_sniff
build tables- sniff [Detector(H2), Detector(H1), Detector(AX), Detector(L1), Detector(L2), Detector(CDD)]
add group /sniff/PM41 (Group) '' table H2
add group /sniff/Ar40 (Group) '' table H1
add group /sniff/Ar39 (Group) '' table AX
add group /sniff/Ar38 (Group) '' table L1
add group /sniff/Ar37 (Group) '' table L2
add group /sniff/Ar36 (Group) '' table CDD
flush and close file /Users/jan/PychronDev/data/isotopes/ea/7183e6-a766-4233-84f7-bbb2937b8b91.h5
measuring sniff. ncounts=12.0
"sniff" increment series count="1" fit count="0" regressing="False"
starting measurement
check iteration duration=2.00271606445e-05
GetData ===>> H2,-0.215603255068176,H1,1.27058516948007,AX,-0.0302033406506265,L1,-0.0570537974219025,L2,0.0480...
check iteration duration=4.19616699219e-05
GetData ===>> H2,0.815865155225075,H1,118.78164205119,AX,2.74993083685071,L1,0.0732776199306121,L2,0.1990315278...
check iteration duration=3.21865081787e-05
GetData ===>> H2,0.852488917838653,H1,239.246157653455,AX,3.41869047317097,L1,0.189866966510708,L2,0.0816325265...
check iteration duration=4.60147857666e-05
GetData ===>> H2,0.31379937956768,H1,278.592093924098,AX,3.54017350056736,L1,0.199980396280964,L2,0.04979785396...
check iteration duration=4.2200088501e-05
GetData ===>> H2,0.113701437912985,H1,292.51885850922,AX,3.46554237159107,L1,0.127053475225866,L2,0.05445062584...
check iteration duration=1.8835067749e-05
GetData ===>> H2,0.0377928961013328,H1,298.149265737046,AX,3.49819838254755,L1,0.0836883569930771,L2,0.03882824...
check iteration duration=4.38690185547e-05
GetData ===>> H2,-0.112460587110582,H1,300.255916245632,AX,3.49957994784491,L1,0.0281145568668317,L2,0.00833203...
check iteration duration=4.29153442383e-05
GetData ===>> H2,-0.165248668975016,H1,301.182096508783,AX,3.53172744343874,L1,0.0453893150364481,L2,0.11143903...
check iteration duration=1.69277191162e-05
GetData ===>> H2,-0.13979160016723,H1,301.83489898079,AX,3.40246859565904,L1,0.0714113027546794,L2,0.0236074266...
check iteration duration=2.19345092773e-05
GetData ===>> H2,-0.127458394924646,H1,302.164369130053,AX,3.4988360256758,L1,0.0222146160276196,L2,-0.01062201...
check iteration duration=1.81198120117e-05
GetData ===>> H2,-0.135508737034066,H1,302.244021914234,AX,3.38774732956985,L1,0.0749660308120616,L2,-0.0052085...
check iteration duration=1.59740447998e-05
GetData ===>> H2,-0.21885714498569,H1,302.339846635948,AX,3.4728967090443,L1,0.0684547986513928,L2,0.0572674874...
Equilibration Finished
20:38:23 -- ******* Equilibration Finished *******
checking ownership. requestor=129.138.12.150
check software interlocks R
interlocks []
actuate state mode=None-script, software_lock=False
doing actuation None-script close_channel True
Close R ===>> OK
GetIndicatorState R ===>> False
change switch state (True, True)
update switch state R False args=() kw={} ncanvase=4
20:38:24 -- CLOSE  VALVE-R (Jan Inlet)
Post Equilibration Started jan_pump_extraction_line.py
20:38:24 -- ******* Post Equilibration Started jan_pump_extraction_line.py *******
testing...
no interpolation path defined
calculate duration
testing...
no interpolation path defined
executed snippet estimated_duration=4.0, duration=0.000118970870972
executed snippet estimated_duration=4.0, duration=0.00141716003418
Pump after analysis
doing GOSUB
testing...
no interpolation path defined
executed snippet estimated_duration=4.0, duration=0.000107049942017
Pump Microbone
close () {'description': 'Jan Inlet'}
closing name=--- desc=Jan Inlet
checking ownership. requestor=129.138.12.150
check software interlocks R
interlocks []
actuate state mode=None-script, software_lock=False
doing actuation None-script close_channel False
check iteration duration=1.59740447998e-05
waiting for write to finish
measurement finished
estimated time: 12.583 actual time: :12.677
flush and close file /Users/jan/PychronDev/data/isotopes/ea/7183e6-a766-4233-84f7-bbb2937b8b91.h5
set_fits () {}
using default fits file=/Users/jan/PychronDev/scripts/measurement/fits/nominal_linear.yaml
set "Ar40" to "('Linear', 'SEM')"
No fit for "PM41". defaulting to linear. check the measurement script "jan_unknown120_60.py"
set "PM41" to "linear"
set "Ar36" to "('Linear', 'SEM')"
set "Ar37" to "('linear', 'SEM')"
set "Ar38" to "('linear', 'SEM')"
set "Ar39" to "('Linear', 'SEM')"
set_baseline_fits () {}
using default fits file=/Users/jan/PychronDev/scripts/measurement/fits/nominal_linear.yaml
set "H1" to "('average', 'SEM')"
set "H2" to "('average', 'SEM')"
set "CDD" to "('average', 'SEM')"
set "L2" to "('average', 'SEM')"
set "L1" to "('average', 'SEM')"
set "AX" to "('average', 'SEM')"
multicollect () {'integration_time': 1, 'ncounts': 120}
build tables- signal [Detector(H2), Detector(H1), Detector(AX), Detector(L1), Detector(L2), Detector(CDD)]
add group /signal/PM41 (Group) '' table H2
add group /signal/Ar40 (Group) '' table H1
add group /signal/Ar39 (Group) '' table AX
add group /signal/Ar38 (Group) '' table L1
add group /signal/Ar37 (Group) '' table L2
add group /signal/Ar36 (Group) '' table CDD
flush and close file /Users/jan/PychronDev/data/isotopes/ea/7183e6-a766-4233-84f7-bbb2937b8b91.h5
measuring signal. ncounts=120
Close R ===>> OK
"signal" increment series count="2" fit count="1" regressing="True"
GetIndicatorState R ===>> False
change switch state (True, True)
update switch state R False args=() kw={} ncanvase=4
20:38:25 -- CLOSE  VALVE-R (Jan Inlet)
---------------------------------------- close None (Jan Inlet) result=[(True, True)]
action=close, ok=True, locked=[False]
is_closed ('F',) {}
is F () closed?
is closed True
open () {'description': 'CO2 Laser to Jan'}
opening name=--- desc=CO2 Laser to Jan
checking ownership. requestor=129.138.12.150
check software interlocks A
interlocks []
actuate state mode=None-script, software_lock=False
doing actuation None-script open_channel False
Open A ===>> OK
starting measurement
check iteration duration=5.60283660889e-05
GetData ===>> H2,-0.0131065888965211,H1,302.444676597681,AX,3.52736885077501,L1,0.0493989153150625,L2,0.2295594...
GetIndicatorState A ===>> OK
change switch state (True, True)
update switch state A True args=() kw={} ncanvase=4
20:38:25 -- OPEN   VALVE-A (CO2 Laser to Jan)
---------------------------------------- open None (CO2 Laser to Jan) result=[(True, True)], time=0.13 sec
action=open, ok=True, locked=[False]
sleep (1,) {}
SLEEP 1.0
check iteration duration=6.69956207275e-05
GetData ===>> H2,0.0251036926985645,H1,302.259590944739,AX,3.44816799961308,L1,0.0517597336935001,L2,0.00984806...
close () {'description': 'CO2 Laser to Roughing'}
closing name=--- desc=CO2 Laser to Roughing
checking ownership. requestor=129.138.12.150
check software interlocks G
interlocks []
actuate state mode=None-script, software_lock=True
VALVE-G(CO2 Laser to Roughing) software locked
change switch state (True, False)
---------------------------------------- close None (CO2 Laser to Roughing) result=[(True, False)]
action=close, ok=True, locked=[True]
open () {'description': 'Microbone to Turbo'}
opening name=--- desc=Microbone to Turbo
checking ownership. requestor=129.138.12.150
check software interlocks U
interlocks []
actuate state mode=None-script, software_lock=False
doing actuation None-script open_channel True
Open U ===>> OK
GetIndicatorState U ===>> OK
change switch state (True, True)
update switch state U True args=() kw={} ncanvase=4
20:38:27 -- OPEN   VALVE-U (Microbone to Turbo)
---------------------------------------- open None (Microbone to Turbo) result=[(True, True)], time=0.16 sec
action=open, ok=True, locked=[False]
open () {'description': 'Microbone to Getter NP-10'}
opening name=--- desc=Microbone to Getter NP-10
checking ownership. requestor=129.138.12.150
check software interlocks M
interlocks []
actuate state mode=None-script, software_lock=False
doing actuation None-script open_channel False
Open M ===>> OK
GetIndicatorState M ===>> OK
change switch state (True, True)
update switch state M True args=() kw={} ncanvase=4
20:38:27 -- OPEN   VALVE-M (Microbone to Getter NP-10)
---------------------------------------- open None (Microbone to Getter NP-10) result=[(True, True)], time=0.15 sec
check iteration duration=4.98294830322e-05
GetData ===>> H2,0.0454817424124532,H1,302.260489187476,AX,3.47551748770657,L1,0.05360379294934,L2,0.0560586216...
action=open, ok=True, locked=[False]
open () {'description': 'Microbone to Getter D-50'}
opening name=--- desc=Microbone to Getter D-50
checking ownership. requestor=129.138.12.150
check software interlocks K
interlocks []
actuate state mode=None-script, software_lock=False
doing actuation None-script open_channel False
Open K ===>> OK
GetIndicatorState K ===>> OK
change switch state (True, True)
update switch state K True args=() kw={} ncanvase=4
20:38:28 -- OPEN   VALVE-K (Microbone to Getter D-50)
---------------------------------------- open None (Microbone to Getter D-50) result=[(True, True)], time=0.42 sec
action=open, ok=True, locked=[False]
open () {'description': 'Microbone to CO2 Laser'}
opening name=--- desc=Microbone to CO2 Laser
checking ownership. requestor=129.138.12.150
check software interlocks T
interlocks []
actuate state mode=None-script, software_lock=False
doing actuation None-script open_channel False
Open T ===>> OK
check iteration duration=6.29425048828e-05
GetData ===>> H2,-0.200536926766329,H1,302.176555570012,AX,3.50959391997238,L1,0.0417978146896235,L2,-0.0048894...
GetIndicatorState T ===>> OK
change switch state (True, True)
update switch state T True args=() kw={} ncanvase=4
20:38:28 -- OPEN   VALVE-T (Microbone to CO2 Laser)
---------------------------------------- open None (Microbone to CO2 Laser) result=[(True, True)], time=0.41 sec
action=open, ok=True, locked=[False]
open () {'description': 'Microbone to Inlet Pipette'}
opening name=--- desc=Microbone to Inlet Pipette
checking ownership. requestor=129.138.12.150
check software interlocks S
interlocks []
actuate state mode=None-script, software_lock=False
doing actuation None-script open_channel False
Open S ===>> OK
GetIndicatorState S ===>> OK
change switch state (True, True)
update switch state S True args=() kw={} ncanvase=4
20:38:29 -- OPEN   VALVE-S (Microbone to Inlet Pipette)
---------------------------------------- open None (Microbone to Inlet Pipette) result=[(True, True)], time=0.42 sec
action=open, ok=True, locked=[False]
sleep (1,) {}
SLEEP 1.0
testing H1>-5.0
evaluate ot="H1.bs>-5.0" t="H1>-5.0", ctx="{'H1': None}"
check iteration duration=0.000761985778809
GetData ===>> H2,-0.203951582095548,H1,301.959818846751,AX,3.47316822793888,L1,0.051854755261406,L2,0.107164105...
set_resource () {'name': 'CO2PumpTimeFlag', 'value': 30}
Set CO2PumpTimeFlag 30 ===>> OK
release ('JanCO2Flag',) {}
release JanCO2Flag
Set JanCO2Flag 0 ===>> OK
executed snippet estimated_duration=6.0, duration=5.97209000587
PumpMicrobone.py completed successfully
gosub finished
get_resource_value () {'name': 'JanMiniboneFlag'}
Read JanMiniboneFlag ===>> 0
Get Resource Value JanMiniboneFlag=0.0
get resource value 0.0
get_resource_value () {'name': 'JanMiniboneFlag'}
Read JanMiniboneFlag ===>> 0
Get Resource Value JanMiniboneFlag=0.0
executed snippet estimated_duration=4.0, duration=5.98259997368
jan_pump_extraction_line.py completed successfully
Post Equilibration Finished
20:38:30 -- ******* Post Equilibration Finished *******
check iteration duration=5.00679016113e-05
GetData ===>> H2,-0.16073097344426,H1,301.888749025168,AX,3.36631817087294,L1,0.0298683998052465,L2,0.071592568...
check iteration duration=3.88622283936e-05
GetData ===>> H2,-0.102118498375352,H1,301.792108334074,AX,3.4639251988561,L1,0.0388874869227412,L2,0.009836669...
check iteration duration=6.38961791992e-05
GetData ===>> H2,-0.154117254844298,H1,301.730840170987,AX,3.30552531630927,L1,0.0323483256388873,L2,-0.0452265...
check iteration duration=5.10215759277e-05
GetData ===>> H2,-0.202285499264407,H1,301.382284704923,AX,3.43072587350446,L1,0.00590246559255344,L2,0.0151600...
testing H1>-5.0
evaluate ot="H1.bs>-5.0" t="H1>-5.0", ctx="{'H1': None}"
check iteration duration=0.000681161880493
GetData ===>> H2,-0.156126363816229,H1,301.311446808085,AX,3.43126868092376,L1,0.0191725455083715,L2,0.04888557...
check iteration duration=3.91006469727e-05
GetData ===>> H2,-0.219612995282627,H1,301.217029988586,AX,3.45966401609798,L1,0.0453616681502225,L2,0.02076875...
check iteration duration=6.79492950439e-05
GetData ===>> H2,-0.242670828273354,H1,301.150095856508,AX,3.28825713715406,L1,0.0239090580530742,L2,0.03199852...
check iteration duration=7.60555267334e-05
GetData ===>> H2,-0.199614671728199,H1,301.030845484935,AX,3.34979467963265,L1,0.0577550606540474,L2,0.09896818...
check iteration duration=4.19616699219e-05
GetData ===>> H2,-0.11822830150424,H1,301.118995495649,AX,3.40433250175336,L1,0.0384606292695162,L2,0.084629854...
testing H1>-5.0
evaluate ot="H1.bs>-5.0" t="H1>-5.0", ctx="{'H1': None}"
check iteration duration=0.000614881515503
GetData ===>> H2,-0.111602352025887,H1,300.941924959217,AX,3.39914196435901,L1,0.0072786010719457,L2,0.07248225...
check iteration duration=5.19752502441e-05
GetData ===>> H2,-0.140087609558418,H1,300.750485373252,AX,3.33710887012683,L1,0.00376320784348878,L2,-0.006883...
check iteration duration=7.9870223999e-05
GetData ===>> H2,-0.0329919097537615,H1,300.604796741145,AX,3.44580758636062,L1,-0.0111948646117673,L2,0.015958...
check iteration duration=0.0001220703125
GetData ===>> H2,-0.124500172736262,H1,300.422201879479,AX,3.37955075439316,L1,0.0239691498783907,L2,-0.0314523...
check iteration duration=7.5101852417e-05
GetData ===>> H2,-0.236172421165443,H1,300.683565187019,AX,3.42374044347703,L1,-0.0196052786053141,L2,0.1124080...
testing H1>-5.0
evaluate ot="H1.bs>-5.0" t="H1>-5.0", ctx="{'H1': None}"
check iteration duration=0.000663042068481
GetData ===>> H2,-0.193830988123103,H1,300.28297131247,AX,3.4795904569945,L1,0.051412130767384,L2,0.03992286736...
check iteration duration=4.19616699219e-05
GetData ===>> H2,-0.139782138552442,H1,300.064090519574,AX,3.43388835854793,L1,0.0176806805879221,L2,-0.0093228...
check iteration duration=4.60147857666e-05
GetData ===>> H2,-0.150576761735972,H1,300.354662237632,AX,3.3074245280728,L1,0.040341343265011,L2,-0.015317202...
check iteration duration=5.29289245605e-05
GetData ===>> H2,-0.184968516027945,H1,300.006760788762,AX,3.35654537291788,L1,0.0193971851989392,L2,0.06014145...
check iteration duration=9.41753387451e-05
GetData ===>> H2,-0.30428719785053,H1,299.956358449839,AX,3.31214322433838,L1,0.063295148264528,L2,-0.035098292...
testing H1>-5.0
evaluate ot="H1.bs>-5.0" t="H1>-5.0", ctx="{'H1': None}"
check iteration duration=0.000735998153687
20:38:50 -- collecting point 25
GetData ===>> H2,-0.116641186596504,H1,299.772410466003,AX,3.45007997557646,L1,0.0345536167939935,L2,0.05000311...
check iteration duration=5.19752502441e-05
GetData ===>> H2,-0.0776334190267758,H1,299.898107537782,AX,3.35458620823311,L1,0.0223299732587847,L2,-0.040418...
check iteration duration=4.00543212891e-05
GetData ===>> H2,-0.048892908184248,H1,299.694325562855,AX,3.38245484072515,L1,0.03694332656979,L2,-0.026370504...
check iteration duration=8.10623168945e-05
GetData ===>> H2,-0.095634350756245,H1,299.343237302343,AX,3.45331389545608,L1,0.0482349452337609,L2,0.13395679...
check iteration duration=7.82012939453e-05
GetData ===>> H2,-0.16585071233224,H1,299.504820119079,AX,3.35442097924902,L1,0.068329623754722,L2,0.1481314442...
testing H1>-5.0
evaluate ot="H1.bs>-5.0" t="H1>-5.0", ctx="{'H1': None}"
check iteration duration=0.000707149505615
GetData ===>> H2,-0.16749334504291,H1,299.289532282837,AX,3.35601427022771,L1,0.0327701178829081,L2,0.045578624...
check iteration duration=8.51154327393e-05
GetData ===>> H2,-0.138698055575684,H1,299.218394004691,AX,3.42258411913775,L1,0.0110552410045606,L2,-0.0085706...
check iteration duration=5.07831573486e-05
GetData ===>> H2,-0.183070535371593,H1,299.231786692665,AX,3.30452264156527,L1,0.041556057152499,L2,0.041427995...
check iteration duration=0.000102996826172
GetData ===>> H2,-0.247833550154119,H1,298.869875682471,AX,3.38465708526036,L1,0.0395729017780577,L2,0.05409709...
check iteration duration=9.29832458496e-05
GetData ===>> H2,-0.145467146432873,H1,298.803887086785,AX,3.34562883458014,L1,-0.00734109946263937,L2,0.076965...
testing H1>-5.0
evaluate ot="H1.bs>-5.0" t="H1>-5.0", ctx="{'H1': None}"
check iteration duration=0.000726222991943
GetData ===>> H2,-0.196836665752988,H1,298.700876884802,AX,3.28396415034217,L1,0.0188097689853644,L2,0.04107451...
check iteration duration=3.79085540771e-05
GetData ===>> H2,-0.0488263975534872,H1,298.698141450663,AX,3.50709033206615,L1,0.0542811151936751,L2,0.0768851...
check iteration duration=8.10623168945e-05
GetData ===>> H2,-0.09253110379022,H1,298.526691395993,AX,3.42332746894911,L1,0.0631783440949075,L2,0.033457925...
check iteration duration=5.07831573486e-05
GetData ===>> H2,-0.206959614932996,H1,298.46508168084,AX,3.46278020930447,L1,0.0179689464528652,L2,0.006907219...
check iteration duration=8.01086425781e-05
GetData ===>> H2,-0.299065820272355,H1,298.453403407803,AX,3.32135712714308,L1,-0.0106421905485277,L2,0.1293159...
testing H1>-5.0
evaluate ot="H1.bs>-5.0" t="H1>-5.0", ctx="{'H1': None}"
check iteration duration=0.000902891159058
GetData ===>> H2,-0.0975560155802256,H1,298.271387386007,AX,3.3705911222916,L1,-2.40000870575891E-05,L2,-0.0183...
check iteration duration=4.60147857666e-05
GetData ===>> H2,-0.129840095756749,H1,298.322752073493,AX,3.34548722253129,L1,0.0237311883492222,L2,0.03750558...
check iteration duration=7.89165496826e-05
GetData ===>> H2,-0.147034177823697,H1,298.290339693682,AX,3.35007791625455,L1,0.0427649027604474,L2,0.07268756...
check iteration duration=3.79085540771e-05
GetData ===>> H2,-0.144110678909427,H1,298.07529030453,AX,3.35182455999323,L1,0.0514277666281049,L2,0.058499177...
check iteration duration=7.70092010498e-05
GetData ===>> H2,-0.13068858266062,H1,297.877001116895,AX,3.34578224786173,L1,0.0279512007243975,L2,0.065068459...
testing H1>-5.0
evaluate ot="H1.bs>-5.0" t="H1>-5.0", ctx="{'H1': None}"
check iteration duration=0.000623941421509
GetData ===>> H2,-0.235897974874447,H1,297.908434649668,AX,3.38292705793451,L1,0.0551365551014995,L2,0.03508837...
check iteration duration=4.88758087158e-05
GetData ===>> H2,-0.312108900831382,H1,297.686787843034,AX,3.3741087731545,L1,0.0426349900190009,L2,0.040264939...
check iteration duration=5.41210174561e-05
GetData ===>> H2,-0.208343418686668,H1,297.652374067369,AX,3.42743369223484,L1,0.0453772946418267,L2,-0.0255842...
check iteration duration=6.91413879395e-05
GetData ===>> H2,-0.21579849241503,H1,297.368062195054,AX,3.35901208719656,L1,0.0200903563355773,L2,-0.06693770...
check iteration duration=5.31673431396e-05
GetData ===>> H2,-0.229558293340719,H1,297.32726185757,AX,3.2286201678438,L1,0.00703743384082108,L2,0.017838970...
testing H1>-5.0
evaluate ot="H1.bs>-5.0" t="H1>-5.0", ctx="{'H1': None}"
check iteration duration=0.000754117965698
20:39:17 -- collecting point 50
GetData ===>> H2,-0.211964491175566,H1,297.309680635707,AX,3.35890586378451,L1,0.017848834673873,L2,0.041895502...
check iteration duration=3.91006469727e-05
GetData ===>> H2,-0.272254565314828,H1,297.452476977019,AX,3.3832812223192,L1,0.0401825993825386,L2,0.095924812...
check iteration duration=4.38690185547e-05
GetData ===>> H2,-0.241298010805894,H1,297.255343837525,AX,3.33189340879139,L1,0.0208760880155916,L2,-0.0278745...
check iteration duration=4.2200088501e-05
GetData ===>> H2,-0.122597471655919,H1,296.890740451528,AX,3.42379943997874,L1,-0.0106397927641352,L2,-0.034380...
check iteration duration=6.60419464111e-05
GetData ===>> H2,-0.0699806585849806,H1,296.948179644123,AX,3.3796688050225,L1,-0.00679900791128278,L2,0.071353...
testing H1>-5.0
evaluate ot="H1.bs>-5.0" t="H1>-5.0", ctx="{'H1': None}"
check iteration duration=0.000696182250977
GetData ===>> H2,-0.129260261166528,H1,296.696038363577,AX,3.4311624792381,L1,-0.0137276656891505,L2,0.02497549...
check iteration duration=6.50882720947e-05
GetData ===>> H2,-0.154098337533021,H1,296.53537715867,AX,3.32645404611098,L1,-0.0233514564256598,L2,0.01838616...
check iteration duration=3.71932983398e-05
GetData ===>> H2,-0.105937661096411,H1,296.434539308706,AX,3.2737513641617,L1,0.015128686193932,L2,0.1328279262...
check iteration duration=6.38961791992e-05
GetData ===>> H2,-0.151046682088014,H1,296.299898558578,AX,3.25604069309325,L1,0.0289698175115972,L2,-0.0923674...
check iteration duration=8.89301300049e-05
GetData ===>> H2,-0.20150494401349,H1,296.2902545734,AX,3.36242309956409,L1,-0.0249825557641967,L2,-0.017539360...
testing H1>-5.0
evaluate ot="H1.bs>-5.0" t="H1>-5.0", ctx="{'H1': None}"
check iteration duration=0.000761032104492
GetData ===>> H2,-0.315449817829151,H1,296.307146585441,AX,3.32545115937433,L1,0.00781974855735923,L2,0.0484294...
check iteration duration=3.57627868652e-05
GetData ===>> H2,-0.235970623071038,H1,296.093291603768,AX,3.29487389079591,L1,0.0428912084180247,L2,-0.0254361...
check iteration duration=0.000118970870972
GetData ===>> H2,-0.189679043050639,H1,295.916522555892,AX,3.34005891334371,L1,0.0353565345968084,L2,0.10661692...
check iteration duration=4.00543212891e-05
GetData ===>> H2,-0.138792680411254,H1,295.839940655429,AX,3.37674119094482,L1,0.00931975495608229,L2,-0.067609...
check iteration duration=3.60012054443e-05
GetData ===>> H2,-0.188457434165318,H1,295.900906275839,AX,3.37256240788702,L1,0.014262956313265,L2,0.021977175...
testing H1>-5.0
evaluate ot="H1.bs>-5.0" t="H1>-5.0", ctx="{'H1': None}"
check iteration duration=0.000705003738403
GetData ===>> H2,-0.210754901741795,H1,295.932810863726,AX,3.41453741950531,L1,0.0636479773080889,L2,0.00014816...
check iteration duration=6.69956207275e-05
GetData ===>> H2,-0.144332264372844,H1,295.704230402827,AX,3.43220090060644,L1,0.0131079651222168,L2,-0.0061203...
check iteration duration=7.70092010498e-05
GetData ===>> H2,-0.15004470196526,H1,295.476479075894,AX,3.3774966959695,L1,0.0192614397606157,L2,-0.071618745...
check iteration duration=5.10215759277e-05
GetData ===>> H2,-0.141405365843452,H1,295.57344202451,AX,3.3530755534991,L1,0.0464952525886782,L2,0.0215781673...
check iteration duration=4.10079956055e-05
GetData ===>> H2,-0.155300875252073,H1,295.578818767636,AX,3.33426511167264,L1,0.0593691010307806,L2,0.06652836...
testing H1>-5.0
evaluate ot="H1.bs>-5.0" t="H1>-5.0", ctx="{'H1': None}"
check iteration duration=0.000677108764648
GetData ===>> H2,-0.121638562548295,H1,295.43045686344,AX,3.33682567060211,L1,0.0355272229652252,L2,0.007613926...
check iteration duration=8.10623168945e-05
GetData ===>> H2,-0.132144041468745,H1,295.381165270014,AX,3.35659258218377,L1,0.0148669181363882,L2,0.04650227...
check iteration duration=4.10079956055e-05
GetData ===>> H2,-0.190892431279296,H1,295.225525689413,AX,3.39278392675391,L1,0.0247792226396123,L2,0.06414462...
check iteration duration=5.50746917725e-05
GetData ===>> H2,-0.173387045458359,H1,294.969086443304,AX,3.39868190712313,L1,0.0272725803759249,L2,-0.0024846...
check iteration duration=7.70092010498e-05
GetData ===>> H2,-0.183558887734381,H1,294.917249429142,AX,3.32299707938253,L1,0.0334647315843725,L2,0.08840229...
testing H1>-5.0
evaluate ot="H1.bs>-5.0" t="H1>-5.0", ctx="{'H1': None}"
check iteration duration=0.00074315071106
20:39:43 -- collecting point 75
GetData ===>> H2,-0.199202059605952,H1,294.779684990286,AX,3.40419093803424,L1,0.0236819141890243,L2,0.09406692...
check iteration duration=5.19752502441e-05
GetData ===>> H2,-0.129904970511411,H1,294.774523755643,AX,3.33132704038759,L1,0.0541596028854325,L2,-0.0488378...
check iteration duration=6.38961791992e-05
GetData ===>> H2,-0.0757495146240765,H1,294.41585071954,AX,3.42884967076868,L1,0.0539009429402917,L2,0.03824672...
check iteration duration=6.5803527832e-05
GetData ===>> H2,-0.0373107841111383,H1,294.227766418871,AX,3.33605867595718,L1,0.0195028997268052,L2,0.0499232...
check iteration duration=4.19616699219e-05
GetData ===>> H2,-0.101281954713659,H1,294.364210290161,AX,3.40437968970467,L1,0.00464209166923833,L2,0.0534584...
testing H1>-5.0
evaluate ot="H1.bs>-5.0" t="H1>-5.0", ctx="{'H1': None}"
check iteration duration=0.00122785568237
GetData ===>> H2,-0.046367946432838,H1,294.235986282881,AX,3.42364604914742,L1,0.0380349920143971,L2,0.09389595...
check iteration duration=3.81469726562e-05
GetData ===>> H2,-0.0310607171418806,H1,294.213242381063,AX,3.32948636545099,L1,0.0309821282723904,L2,0.0101900...
check iteration duration=7.58171081543e-05
GetData ===>> H2,-0.194255533019585,H1,294.145016990428,AX,3.29339953127775,L1,0.063433629184458,L2,-0.01810913...
check iteration duration=4.19616699219e-05
GetData ===>> H2,-0.143959349763484,H1,293.927910306535,AX,3.2644357692464,L1,0.0227036916871101,L2,0.061327563...
check iteration duration=5.10215759277e-05
GetData ===>> H2,-0.297384588627217,H1,293.821653964382,AX,3.38306482144664,L1,0.0672163575644287,L2,0.04288753...
testing H1>-5.0
evaluate ot="H1.bs>-5.0" t="H1>-5.0", ctx="{'H1': None}"
check iteration duration=0.000587940216064
GetData ===>> H2,-0.228405975960494,H1,294.031728683084,AX,3.33636547310215,L1,0.0358169189895331,L2,-0.0510819...
check iteration duration=6.50882720947e-05
GetData ===>> H2,-0.240604809163538,H1,293.885096074916,AX,3.34608907513796,L1,0.0174200472987431,L2,-0.0644775...
check iteration duration=7.70092010498e-05
GetData ===>> H2,-0.162767264796613,H1,293.559645233027,AX,3.3115179841564,L1,0.0489732330041013,L2,-0.05629916...
check iteration duration=3.69548797607e-05
GetData ===>> H2,-0.046779309015986,H1,293.240034815359,AX,3.38024725514044,L1,0.0424617756319037,L2,0.11287544...
check iteration duration=3.79085540771e-05
GetData ===>> H2,-0.0996709608964371,H1,293.112035773227,AX,3.37302277364841,L1,0.0115917899232847,L2,0.1185757...
testing H1>-5.0
evaluate ot="H1.bs>-5.0" t="H1>-5.0", ctx="{'H1': None}"
check iteration duration=0.000648021697998
GetData ===>> H2,-0.110934941431849,H1,293.229032562239,AX,3.37183054877454,L1,-0.0107896531910966,L2,0.0074999...
check iteration duration=5.10215759277e-05
GetData ===>> H2,-0.210808783757421,H1,293.141845720901,AX,3.35704107133222,L1,0.0270599954308155,L2,-0.0057784...
check iteration duration=4.41074371338e-05
GetData ===>> H2,-0.276543787686018,H1,292.908065164012,AX,3.39760844855004,L1,0.00674828074201972,L2,-0.022484...
check iteration duration=6.60419464111e-05
GetData ===>> H2,-0.209581557182816,H1,292.819412520166,AX,3.35268609156235,L1,0.0260595852130242,L2,0.05349268...
check iteration duration=4.60147857666e-05
GetData ===>> H2,-0.225733385796611,H1,292.798550445993,AX,3.36592865684741,L1,0.0365490095024211,L2,0.05762102...
testing H1>-5.0
evaluate ot="H1.bs>-5.0" t="H1>-5.0", ctx="{'H1': None}"
check iteration duration=0.000686883926392
GetData ===>> H2,-0.179698710476023,H1,292.651513282667,AX,3.40876826745004,L1,0.0430223273920183,L2,0.01154650...
check iteration duration=6.29425048828e-05
GetData ===>> H2,-0.213501210490512,H1,292.614385068811,AX,3.36119559369037,L1,0.0530949288628843,L2,0.03389118...
check iteration duration=5.00679016113e-05
GetData ===>> H2,-0.216880377750078,H1,292.720671175373,AX,3.34181718090675,L1,0.0643862049794675,L2,-0.0193854...
check iteration duration=5.19752502441e-05
GetData ===>> H2,-0.131163385743703,H1,292.36750813616,AX,3.3496648631184,L1,0.0643199520270569,L2,0.0680909375...
check iteration duration=9.3936920166e-05
GetData ===>> H2,-0.188396754790171,H1,292.188109146587,AX,3.43028926969516,L1,0.0394815104404554,L2,0.04584089...
testing H1>-5.0
evaluate ot="H1.bs>-5.0" t="H1>-5.0", ctx="{'H1': None}"
check iteration duration=0.000787973403931
20:40:09 -- collecting point 100
GetData ===>> H2,-0.133642590221635,H1,292.235473782299,AX,3.40317640396882,L1,0.0672560719781166,L2,0.10986583...
check iteration duration=8.01086425781e-05
GetData ===>> H2,-0.106416657510054,H1,292.442282375647,AX,3.26250200880773,L1,0.0653643951074634,L2,-0.0419455...
check iteration duration=0.000149011611938
GetData ===>> H2,-0.0874233405168675,H1,292.079698695642,AX,3.30046486161347,L1,0.0265567754841024,L2,-0.004718...
check iteration duration=6.48498535156e-05
GetData ===>> H2,-0.167111390075976,H1,291.86383169319,AX,3.47953142725834,L1,0.00997142732172007,L2,0.03448407...
check iteration duration=5.50746917725e-05
GetData ===>> H2,-0.212101875110742,H1,291.750888571396,AX,3.4883626667082,L1,0.0111956772227923,L2,0.036992495...
testing H1>-5.0
evaluate ot="H1.bs>-5.0" t="H1>-5.0", ctx="{'H1': None}"
check iteration duration=0.000791072845459
GetData ===>> H2,-0.146709982198563,H1,291.740394413926,AX,3.28212435584733,L1,0.00200927143156912,L2,0.1259638...
check iteration duration=5.60283660889e-05
GetData ===>> H2,-0.193444166683389,H1,291.438902620682,AX,3.34666732912765,L1,0.0360946022405677,L2,-0.0423328...
check iteration duration=3.91006469727e-05
GetData ===>> H2,-0.192790448830543,H1,291.602086845546,AX,3.30914682614422,L1,0.0472129747271932,L2,0.09772574...
check iteration duration=5.3882598877e-05
GetData ===>> H2,-0.142400001501257,H1,291.360626932858,AX,3.31918629689457,L1,0.0258494276147908,L2,-0.0850683...
check iteration duration=3.79085540771e-05
GetData ===>> H2,-0.0898687611344962,H1,291.032402650386,AX,3.40535884476789,L1,0.0161506073168554,L2,-0.048359...
testing H1>-5.0
evaluate ot="H1.bs>-5.0" t="H1>-5.0", ctx="{'H1': None}"
check iteration duration=0.000684022903442
GetData ===>> H2,-0.125360137650097,H1,291.113445724145,AX,3.2995448067342,L1,0.0254447364644455,L2,-0.02747576...
check iteration duration=6.41345977783e-05
GetData ===>> H2,-0.147286773823963,H1,291.12281659006,AX,3.20220886733783,L1,0.0475796698889164,L2,0.157312448...
check iteration duration=3.50475311279e-05
GetData ===>> H2,-0.208037568168721,H1,290.928163112723,AX,3.16942434361899,L1,0.0388862844814498,L2,0.06811374...
check iteration duration=6.60419464111e-05
GetData ===>> H2,-0.166109878098085,H1,290.934983741584,AX,3.40473360005618,L1,-0.0136797245927833,L2,0.0029064...
check iteration duration=6.48498535156e-05
GetData ===>> H2,-0.137680112784724,H1,290.677367608137,AX,3.40513469998339,L1,0.0200098643466886,L2,0.05510066...
testing H1>-5.0
evaluate ot="H1.bs>-5.0" t="H1>-5.0", ctx="{'H1': None}"
check iteration duration=0.000974178314209
GetData ===>> H2,-0.108253976192122,H1,290.507220099734,AX,3.37822859695873,L1,0.0539358315695546,L2,-0.0293558...
check iteration duration=3.91006469727e-05
GetData ===>> H2,-0.0806646302963309,H1,290.550506867265,AX,3.40625542897846,L1,0.0271020316464007,L2,0.0443242...
check iteration duration=4.19616699219e-05
GetData ===>> H2,-0.0120192947592247,H1,290.362466010978,AX,3.42933346807377,L1,0.0105223213687966,L2,0.0214755...
check iteration duration=7.89165496826e-05
GetData ===>> H2,-0.0777946884299835,H1,290.349191706009,AX,3.30343740505172,L1,0.0316165399187104,L2,0.0142025...
check iteration duration=5.10215759277e-05
GetData ===>> H2,-0.177258604760205,H1,290.42946933825,AX,3.31673237219256,L1,0.0342110740063572,L2,-0.00349901...
testing H1>-5.0
evaluate ot="H1.bs>-5.0" t="H1>-5.0", ctx="{'H1': None}"
check iteration duration=0.000720977783203
GetData ===>> H2,-0.140790431962027,H1,290.470841723136,AX,3.34985368719541,L1,0.0407694831562111,L2,0.10002825...
check iteration duration=3.91006469727e-05
waiting for write to finish
measurement finished
estimated time: 125.829 actual time: :126.129
flush and close file /Users/jan/PychronDev/data/isotopes/ea/7183e6-a766-4233-84f7-bbb2937b8b91.h5
baselines () {'settling_time': 15.0, 'detector': 'H1', 'mass': 34.2, 'ncounts': 60}
%%%%%%%%%%%%%%%%%%%%%%%%%%%%%%%% Baseline
build tables- baseline [Detector(H2), Detector(H1), Detector(AX), Detector(L1), Detector(L2), Detector(CDD)]
add group baseline table H2
add group baseline table H1
add group baseline table AX
add group baseline table L1
add group baseline table L2
add group baseline table CDD
flush and close file /Users/jan/PychronDev/data/isotopes/ea/7183e6-a766-4233-84f7-bbb2937b8b91.h5
detector Detector(H1)
POSITION 34.2 H1
Mapping mass to dac mass func: "parabolic"
H1 map mass coeffs = [-0.00063987  0.15840543  0.57133999]
H1 map mass to dac 34.2 >> 5.24038599104
GetDeflection H1 ===>> 0
GetHighVoltage ===>> 4500
positioning 34.2 (5.24038599104) on H1
setting magnet DAC
current  : 5.879730
requested: 5.240386
Delta Dac: 0.639344
Checking detector protection. dv=0.63934
Checking detector "CDD". Protection Threshold: 0.1 (V)
ProtectDetector CDD,On ===>> OK
GetDeflection CDD ===>> 2000
Protected = 2000
SetMagnetDAC 5.24038599104 ===>> OK
Magnet settling time: 0.500
GetMagnetMoving ===>> True
GetMagnetMoving ===>> True
GetMagnetMoving ===>> True
GetMagnetMoving ===>> True
GetMagnetMoving ===>> True
GetMagnetMoving ===>> True
GetMagnetMoving ===>> True
GetMagnetMoving ===>> True
GetMagnetMoving ===>> False
ProtectDetector CDD,Off ===>> OK
GetDeflection CDD ===>> 50
Delaying 15.0s for detectors to settle
Join finished
measuring baseline. ncounts=60
"baseline" increment series count="2" fit count="1" regressing="True"
starting measurement
check iteration duration=3.09944152832e-05
GetData ===>> H2,-0.216691155400114,H1,-2.64430798367687E-05,AX,-0.0122028511763726,L1,-0.0294765974759633,L2,-...
check iteration duration=3.88622283936e-05
GetData ===>> H2,-0.243182227405933,H1,-0.0532972322689449,AX,-0.0406286480265148,L1,-0.0181280019829355,L2,-0....
check iteration duration=3.79085540771e-05
GetData ===>> H2,-0.232931107705337,H1,-0.0631087489663116,AX,-0.00814300237788217,L1,-0.00569434606308567,L2,0...
check iteration duration=7.10487365723e-05
GetData ===>> H2,-0.17925202690044,H1,-0.0144947651490089,AX,-0.0681071431857921,L1,-0.0537839650763463,L2,-0.0...
testing H1>-5.0
evaluate ot="H1.bs>-5.0" t="H1>-5.0", ctx="{'H1': None}"
check iteration duration=0.000735998153687
GetData ===>> H2,-0.19748537770512,H1,-0.018001199423767,AX,-0.0725354404175316,L1,-0.0475216050019146,L2,0.136...
check iteration duration=4.10079956055e-05
GetData ===>> H2,-0.126790563881726,H1,-0.10994756628262,AX,-0.136089467136785,L1,-0.0394767506800212,L2,-0.058...
check iteration duration=4.98294830322e-05
GetData ===>> H2,-0.154965798910928,H1,-0.0724544267587611,AX,-0.151278503545282,L1,-0.0239399290824728,L2,0.04...
check iteration duration=7.79628753662e-05
GetData ===>> H2,-0.0532111956376668,H1,-0.0323357517082233,AX,-0.047238108709469,L1,0.0166069627905072,L2,-0.0...
check iteration duration=8.41617584229e-05
GetData ===>> H2,-0.117329910764264,H1,0.030324465493803,AX,0.0010676824606974,L1,-0.00735189302455516,L2,-0.08...
testing H1>-5.0
evaluate ot="H1.bs>-5.0" t="H1>-5.0", ctx="{'H1': None}"
check iteration duration=0.00065803527832
GetData ===>> H2,-0.157563732332591,H1,-0.0744927175757358,AX,0.0640797762087948,L1,-0.00164768184977281,L2,-0....
check iteration duration=4.29153442383e-05
GetData ===>> H2,-0.173755299934572,H1,-0.0795823034229535,AX,-0.0297394523025446,L1,-0.0224884607349142,L2,-0....
check iteration duration=4.00543212891e-05
GetData ===>> H2,-0.252074176726217,H1,-0.024131200983679,AX,-0.090455234527152,L1,-0.050070571926883,L2,0.0824...
check iteration duration=7.79628753662e-05
GetData ===>> H2,-0.190342378068211,H1,-0.110888885157023,AX,0.0549182656818142,L1,-0.0396001241986585,L2,-0.05...
check iteration duration=6.60419464111e-05
GetData ===>> H2,-0.130729164897159,H1,-0.0689975813334296,AX,-0.0830721227494271,L1,-0.019620865595018,L2,-0.0...
testing H1>-5.0
evaluate ot="H1.bs>-5.0" t="H1>-5.0", ctx="{'H1': None}"
check iteration duration=0.000748872756958
GetData ===>> H2,-0.13083332530664,H1,-0.0366285625505779,AX,-0.114652150745366,L1,-0.0121155210417185,L2,-0.00...
check iteration duration=6.31809234619e-05
GetData ===>> H2,-0.178994264916052,H1,-0.071548506401453,AX,-0.168296682207319,L1,-0.044029787078032,L2,0.0605...
check iteration duration=3.50475311279e-05
GetData ===>> H2,-0.212270235500121,H1,-0.0238569093268247,AX,-0.0871288469182234,L1,-0.0277300184645058,L2,0.0...
check iteration duration=8.89301300049e-05
GetData ===>> H2,-0.242172864756678,H1,0.040192878982004,AX,-0.0542877053565233,L1,0.0046516973806075,L2,-0.081...
check iteration duration=6.41345977783e-05
GetData ===>> H2,-0.170626779092911,H1,-0.0236183942315503,AX,-0.153411735492606,L1,-0.0389473053765971,L2,-0.0...
testing H1>-5.0
evaluate ot="H1.bs>-5.0" t="H1>-5.0", ctx="{'H1': None}"
check iteration duration=0.000729084014893
GetData ===>> H2,-0.184671766762652,H1,-0.0395022580307767,AX,-0.0267473193326421,L1,-0.0594269504935431,L2,0.0...
check iteration duration=8.89301300049e-05
GetData ===>> H2,-0.191798343000453,H1,0.0407776159893071,AX,-0.089412128701199,L1,-0.0559861144883928,L2,0.017...
check iteration duration=0.000103950500488
GetData ===>> H2,-0.230819515379818,H1,0.0283079444633795,AX,-0.138837583053351,L1,-0.0377110258533872,L2,0.003...
check iteration duration=8.29696655273e-05
GetData ===>> H2,-0.100575311596815,H1,-0.0278161768793027,AX,-0.195139471703438,L1,-0.0431353896182063,L2,-0.0...
check iteration duration=6.41345977783e-05
GetData ===>> H2,-0.115392175495134,H1,-0.032276128038977,AX,-0.114408820912873,L1,-0.0474701403236384,L2,0.019...
testing H1>-5.0
evaluate ot="H1.bs>-5.0" t="H1>-5.0", ctx="{'H1': None}"
check iteration duration=0.000822067260742
20:41:15 -- collecting point 25
GetData ===>> H2,-0.123515730403474,H1,-0.0619047142528249,AX,-0.0710748201487345,L1,-0.0567150717451856,L2,-0....
check iteration duration=6.60419464111e-05
GetData ===>> H2,-0.273333405253381,H1,-0.0454878650071987,AX,-0.0988808015851852,L1,-0.0189446078374685,L2,-0....
check iteration duration=4.10079956055e-05
GetData ===>> H2,-0.211381264317291,H1,-0.0471690169135951,AX,-0.0747379215873061,L1,-0.025816579297146,L2,0.04...
check iteration duration=3.981590271e-05
GetData ===>> H2,-0.196821829909489,H1,-0.0183351391387586,AX,-0.114304536512676,L1,-0.0301749045990757,L2,-0.0...
check iteration duration=3.79085540771e-05
GetData ===>> H2,-0.162522875144113,H1,0.00229965708207232,AX,-0.246150480709249,L1,-0.0515446087796492,L2,-0.0...
testing H1>-5.0
evaluate ot="H1.bs>-5.0" t="H1>-5.0", ctx="{'H1': None}"
check iteration duration=0.000723838806152
GetData ===>> H2,-0.173438305040494,H1,-0.0486474534075797,AX,-0.162349932360108,L1,-0.054455012273582,L2,-0.03...
check iteration duration=0.000102996826172
GetData ===>> H2,-0.229910965124303,H1,-0.0104037699037328,AX,-0.0330562053793036,L1,-0.0281996360539277,L2,-0....
check iteration duration=3.79085540771e-05
GetData ===>> H2,-0.221633737164907,H1,0.0311477904910042,AX,-0.0507397814027398,L1,-0.0293364510955437,L2,-0.0...
check iteration duration=7.20024108887e-05
GetData ===>> H2,-0.137596294035764,H1,0.00152428435551424,AX,0.0076804243978942,L1,-0.0081649747484786,L2,-0.1...
check iteration duration=7.89165496826e-05
GetData ===>> H2,-0.266386986287084,H1,-0.0181920222544594,AX,-0.13270320944797,L1,-0.0354800670089065,L2,-0.08...
testing H1>-5.0
evaluate ot="H1.bs>-5.0" t="H1>-5.0", ctx="{'H1': None}"
check iteration duration=0.000917911529541
GetData ===>> H2,-0.271472576957128,H1,0.0545378214666716,AX,-0.0860741149056443,L1,-0.0395617947239665,L2,0.07...
check iteration duration=3.38554382324e-05
GetData ===>> H2,-0.266455544114089,H1,0.0492507191540483,AX,-0.154107344490129,L1,-0.0430048751670061,L2,-0.03...
check iteration duration=5.10215759277e-05
GetData ===>> H2,-0.195753598053016,H1,0.025086367925309,AX,-0.18027022345232,L1,-0.0148801086715648,L2,-0.0735...
check iteration duration=4.10079956055e-05
GetData ===>> H2,-0.197996498762242,H1,0.00954073540182527,AX,-0.0156129933075787,L1,-0.0420469190580099,L2,-0....
check iteration duration=6.69956207275e-05
GetData ===>> H2,-0.18818774556359,H1,-0.0536072098449079,AX,-0.0898061922165281,L1,-0.0271633333492159,L2,0.00...
testing H1>-5.0
evaluate ot="H1.bs>-5.0" t="H1>-5.0", ctx="{'H1': None}"
check iteration duration=0.000643968582153
GetData ===>> H2,-0.110982324816079,H1,-0.0174645082619883,AX,-0.142977003512052,L1,-0.00593903731440187,L2,-0....
check iteration duration=8.29696655273e-05
GetData ===>> H2,-0.192834929799305,H1,-0.0388106708074652,AX,-0.101569412192014,L1,-0.00272159207749372,L2,-0....
check iteration duration=8.10623168945e-05
GetData ===>> H2,-0.217284652746855,H1,0.0129765538091633,AX,-0.0523514360951903,L1,-0.0548596577573712,L2,0.03...
check iteration duration=3.79085540771e-05
GetData ===>> H2,-0.121930707047842,H1,-0.0164507504380794,AX,-0.151545160097342,L1,-0.0686533395725998,L2,-0.0...
check iteration duration=3.79085540771e-05
GetData ===>> H2,-0.202857063422137,H1,0.000892061808222167,AX,-0.0109385164211194,L1,-0.0304575674506258,L2,-0...
testing H1>-5.0
evaluate ot="H1.bs>-5.0" t="H1>-5.0", ctx="{'H1': None}"
check iteration duration=0.000607013702393
GetData ===>> H2,-0.280694437563121,H1,-0.0073383956655569,AX,-0.110387996989866,L1,0.0304943313040687,L2,-0.08...
check iteration duration=3.81469726562e-05
GetData ===>> H2,-0.339770574705388,H1,-0.0257888606506771,AX,-0.102079312718321,L1,0.0237347937850309,L2,-0.04...
check iteration duration=6.50882720947e-05
GetData ===>> H2,-0.244895245754223,H1,-0.0966013331054725,AX,-0.0109501158971589,L1,-0.0191940131524099,L2,0.0...
check iteration duration=0.000102043151855
GetData ===>> H2,-0.232528737823019,H1,-0.0606887437004876,AX,-0.0522702742668569,L1,-0.0124631428418769,L2,0.0...
check iteration duration=5.50746917725e-05
GetData ===>> H2,-0.166285351552923,H1,-0.00603826695659822,AX,-0.124697665441461,L1,0.0106003371218648,L2,-0.0...
testing H1>-5.0
evaluate ot="H1.bs>-5.0" t="H1>-5.0", ctx="{'H1': None}"
check iteration duration=0.000726938247681
20:41:41 -- collecting point 50
GetData ===>> H2,-0.233404782310086,H1,-0.030868999133493,AX,-0.0386805108052035,L1,-0.0189721866138346,L2,-0.0...
check iteration duration=5.19752502441e-05
GetData ===>> H2,-0.285810425359712,H1,-0.0572434135609921,AX,-0.104003004280644,L1,-0.0302886893295849,L2,-0.0...
check iteration duration=3.81469726562e-05
GetData ===>> H2,-0.237505543321622,H1,-0.0510915948716882,AX,-0.118232505059584,L1,-0.0396851671986631,L2,-0.0...
check iteration duration=3.69548797607e-05
GetData ===>> H2,-0.176633647982031,H1,-0.00471426532022685,AX,-0.136611267269503,L1,-0.0115161449118362,L2,-0....
check iteration duration=3.91006469727e-05
GetData ===>> H2,-0.205253543964607,H1,-0.10395389787099,AX,-0.0764535039577448,L1,-0.042543870188584,L2,0.0248...
testing H1>-5.0
evaluate ot="H1.bs>-5.0" t="H1>-5.0", ctx="{'H1': None}"
check iteration duration=0.000702857971191
GetData ===>> H2,-0.160032770756523,H1,-0.11553577260115,AX,-0.030214937831029,L1,-0.0406996387606119,L2,0.0251...
check iteration duration=3.81469726562e-05
GetData ===>> H2,-0.216264355496883,H1,0.00222808396339604,AX,-0.0717008029486627,L1,-0.00934130860481082,L2,-0...
check iteration duration=7.89165496826e-05
GetData ===>> H2,-0.312074024529304,H1,-0.022354254737089,AX,-0.182796881155724,L1,-0.00787116960919648,L2,-0.0...
check iteration duration=9.58442687988e-05
GetData ===>> H2,-0.235219902506423,H1,-0.0532495433258838,AX,-0.0710980047686948,L1,-0.0460900705170553,L2,-0....
check iteration duration=5.29289245605e-05
GetData ===>> H2,-0.1655051487559,H1,0.0153626081960347,AX,-0.0863870585638577,L1,-0.0208173947192218,L2,-0.085...
testing H1>-5.0
evaluate ot="H1.bs>-5.0" t="H1>-5.0", ctx="{'H1': None}"
check iteration duration=0.000852108001709
GetData ===>> H2,-0.161811279676419,H1,0.0216620650445477,AX,-0.18804701957527,L1,-0.0163566628140556,L2,0.0993...
check iteration duration=1.59740447998e-05
waiting for write to finish
measurement finished
estimated time: 62.915 actual time: :63.105
flush and close file /Users/jan/PychronDev/data/isotopes/ea/7183e6-a766-4233-84f7-bbb2937b8b91.h5
activate_detectors ('H1', 'AX', 'CDD') {'peak_center': True}
peak_center () {'detector': 'H1', 'integration_time': 0.262144, 'isotope': 'Ar40'}
peak center: mean=290.63330268 threshold=3
peak center started
setup peak center. detector=['H1', 'AX', 'CDD'], isotope=Ar40
VersionedUnpickler [<apptools.sweet_pickle.versioned_unpickler.VersionedUnpickler object at 0x165f17cb0>] using Updater [<apptools.sweet_pickle.updater.Updater object at 0x136bc5b30>]
VersionedUnpickler [<apptools.sweet_pickle.versioned_unpickler.VersionedUnpickler object at 0x165f17cb0>] using Updater [<apptools.sweet_pickle.updater.Updater object at 0x136bc5b30>]
VersionedUnpickler [<apptools.sweet_pickle.versioned_unpickler.VersionedUnpickler object at 0x14f39c830>] using Updater [<apptools.sweet_pickle.updater.Updater object at 0x136bc5b30>]
setting integration time = 0.524288
SetIntegrationTime 0.524288 ===>> OK
Mapping mass to dac mass func: "parabolic"
H1 map mass coeffs = [-0.00063987  0.15840543  0.57133999]
H1 map mass to dac 39.9624 >> 5.87973
GetDeflection H1 ===>> 0
GetHighVoltage ===>> 4500
do peak center. <pychron.spectrometer.jobs.peak_center.PeakCenter object at 0x136bc5b90>
doing pc
starting peak center. center dac= 5.87973 step_width=0.001
width = 0.001
get scan parameters. half-width=0.015,window=0.015, i=0, scalar=1
Scan parameters center=5.87973 width=0.03000 (5.86473 - 5.89473)
GetData ===>> H2,-0.177243757374937,H1,0.0110796811495951,AX,-0.136750413498817,L1,-0.0307953151837736,L2,0.001...
Moving to starting dac 5.86473
setting magnet DAC
current  : 5.240386
requested: 5.864730
Delta Dac: 0.624344
Checking detector protection. dv=0.62434
Checking detector "CDD". Protection Threshold: 0.1 (V)
ProtectDetector CDD,On ===>> OK
GetDeflection CDD ===>> 2000
Protected = 2000
SetMagnetDAC 5.86473 ===>> OK
Magnet settling time: 0.500
GetMagnetMoving ===>> True
GetMagnetMoving ===>> True
GetMagnetMoving ===>> True
GetMagnetMoving ===>> True
GetMagnetMoving ===>> True
GetMagnetMoving ===>> True
GetMagnetMoving ===>> True
GetMagnetMoving ===>> True
GetMagnetMoving ===>> False
ProtectDetector CDD,Off ===>> OK
GetDeflection CDD ===>> 50
Wait until signal near baseline. tol= 0.0083097608622. timeout= 10
GetData ===>> H2,0.356484152524245,H1,0.0472815537568173,AX,0.0412267059773697,L1,0.0170975526951149,L2,0.01359...
GetData ===>> H2,14.370648615106,H1,3.04411255214718,AX,0.0110565763942763,L1,0.0258650391714837,L2,-0.03258342...
GetData ===>> H2,17.9913549202161,H1,7.41435158014283,AX,-0.11988938818371,L1,-0.0268393667142677,L2,-0.0942816...
GetData ===>> H2,9.83736910111885,H1,3.50313742096839,AX,-0.20209559239542,L1,-0.0417750823790247,L2,-0.0851124...
GetData ===>> H2,3.97099283952676,H1,1.89559789077018,AX,-0.26340965214618,L1,-0.0417966379788225,L2,-0.1064506...
GetData ===>> H2,1.27675283870572,H1,1.01424029000767,AX,-0.135599408949875,L1,-0.0609006537025391,L2,-0.110279...
GetData ===>> H2,0.202516025124053,H1,0.65920191578519,AX,-0.0628903041334,L1,-0.0731302375776203,L2,-0.0368633...
GetData ===>> H2,-0.070712943406768,H1,0.468140184497146,AX,-0.0605252449596016,L1,-0.060577929237815,L2,-0.088...
GetData ===>> H2,-0.0946489544698602,H1,0.358207634938324,AX,-0.0277563046835656,L1,-0.0696461212382877,L2,-0.0...
GetData ===>> H2,-0.0736904162059271,H1,0.329941352855179,AX,-0.0933990506530489,L1,-0.0488715610054856,L2,-0.1...
GetData ===>> H2,-0.126593181191731,H1,0.21220714182808,AX,-0.0175963883685579,L1,-0.0199904041834557,L2,-0.012...
GetData ===>> H2,-0.156383050134354,H1,0.284750974045989,AX,-0.0378455829150447,L1,-0.026870487716844,L2,-0.048...
GetData ===>> H2,-0.116946990695831,H1,0.228959888963876,AX,-0.00483700041135118,L1,-0.0218731362564268,L2,0.01...
GetData ===>> H2,-0.0970438449969867,H1,0.232945641494387,AX,-0.127652031178624,L1,-0.0293072026025773,L2,0.078...
GetData ===>> H2,-0.113173928745185,H1,0.273504315444684,AX,-0.0170396499755211,L1,-0.0400864167165385,L2,0.055...
GetData ===>> H2,-0.178314997832887,H1,0.205382751421168,AX,-0.129389851464095,L1,-0.0488548073440998,L2,0.0648...
GetData ===>> H2,-0.104555384687523,H1,0.3024473162905,AX,-0.0397705447703148,L1,-0.0683610629308207,L2,-0.0529...
GetData ===>> H2,-0.0568183085330359,H1,0.321341191374569,AX,-0.00339856449992034,L1,-0.0452329673073599,L2,-0....
GetData ===>> H2,-0.0318375793905142,H1,0.281980979224428,AX,0.0147693185823736,L1,-0.0177215553363915,L2,-0.08...
GetData ===>> H2,-0.121484372142394,H1,0.205931548849026,AX,0.0223344689920755,L1,-0.0265592733572724,L2,-0.013...
GetData ===>> H2,-0.121484372142394,H1,0.205931548849026,AX,0.0223344689920755,L1,-0.0265592733572724,L2,-0.013...
Peak center failed to move to a baseline position
_do_sweep sm= 5.86473, em= 5.89473, stm= 0.001
calculated step values: start=5.86473, end=5.89473, width=0.001, nsteps=31.0
setting magnet DAC
current  : 5.864730
requested: 5.864730
Delta Dac: 0.000000
Checking detector protection. dv=0.00000
Checking detector "CDD". Protection Threshold: 0.1 (V)
SetMagnetDAC 5.86473 ===>> OK
GetData ===>> H2,-0.252109138797836,H1,0.200586867022801,AX,0.0141659883411964,L1,-0.0431880738705476,L2,0.0271...
setting magnet DAC
current  : 5.864730
requested: 5.865764
Delta Dac: 0.001034
Checking detector protection. dv=0.00103
Checking detector "CDD". Protection Threshold: 0.1 (V)
SetMagnetDAC 5.86576448276 ===>> OK
Magnet settling time: 1.049
GetData ===>> H2,-0.205169985695162,H1,0.582724018169034,AX,0.00377073146051419,L1,0.00134547237337723,L2,0.032...
setting magnet DAC
current  : 5.865764
requested: 5.866799
Delta Dac: 0.001034
Checking detector protection. dv=0.00103
Checking detector "CDD". Protection Threshold: 0.1 (V)
SetMagnetDAC 5.86679896552 ===>> OK
Magnet settling time: 1.049
GetData ===>> H2,-0.158622729348549,H1,1.84118781157945,AX,-0.132911738692984,L1,0.00476456517536093,L2,0.03115...
setting magnet DAC
current  : 5.866799
requested: 5.867833
Delta Dac: 0.001034
Checking detector protection. dv=0.00103
Checking detector "CDD". Protection Threshold: 0.1 (V)
SetMagnetDAC 5.86783344828 ===>> OK
Magnet settling time: 1.049
GetData ===>> H2,-0.147013544206915,H1,6.8012304993726,AX,0.08012702878138,L1,-0.0358095899476336,L2,0.04899849...
setting magnet DAC
current  : 5.867833
requested: 5.868868
Delta Dac: 0.001034
Checking detector protection. dv=0.00103
Checking detector "CDD". Protection Threshold: 0.1 (V)
SetMagnetDAC 5.86886793103 ===>> OK
Magnet settling time: 1.049
GetData ===>> H2,-0.16915598129099,H1,23.4412786271016,AX,0.177610229694636,L1,-0.025019817622093,L2,-0.0434648...
setting magnet DAC
current  : 5.868868
requested: 5.869902
Delta Dac: 0.001034
Checking detector protection. dv=0.00103
Checking detector "CDD". Protection Threshold: 0.1 (V)
SetMagnetDAC 5.86990241379 ===>> OK
Magnet settling time: 1.049
GetData ===>> H2,-0.227191818098161,H1,64.5381282389682,AX,0.321973512095657,L1,-0.0386705932271651,L2,0.083410...
setting magnet DAC
current  : 5.869902
requested: 5.870937
Delta Dac: 0.001034
Checking detector protection. dv=0.00103
Checking detector "CDD". Protection Threshold: 0.1 (V)
SetMagnetDAC 5.87093689655 ===>> OK
Magnet settling time: 1.049
GetData ===>> H2,-0.169709239567412,H1,129.522270928788,AX,1.10384601682264,L1,-0.0556353633942973,L2,-0.124454...
setting magnet DAC
current  : 5.870937
requested: 5.871971
Delta Dac: 0.001034
Checking detector protection. dv=0.00103
Checking detector "CDD". Protection Threshold: 0.1 (V)
SetMagnetDAC 5.87197137931 ===>> OK
Magnet settling time: 1.049
GetData ===>> H2,-0.204814182282379,H1,197.625642566009,AX,1.8917699560838,L1,-0.00582508869708339,L2,0.0871941...
setting magnet DAC
current  : 5.871971
requested: 5.873006
Delta Dac: 0.001034
Checking detector protection. dv=0.00103
Checking detector "CDD". Protection Threshold: 0.1 (V)
SetMagnetDAC 5.87300586207 ===>> OK
Magnet settling time: 1.049
GetData ===>> H2,-0.0951658605550993,H1,245.437693267414,AX,2.69437029759308,L1,0.0283055427711099,L2,0.0033022...
setting magnet DAC
current  : 5.873006
requested: 5.874040
Delta Dac: 0.001034
Checking detector protection. dv=0.00103
Checking detector "CDD". Protection Threshold: 0.1 (V)
SetMagnetDAC 5.87404034483 ===>> OK
Magnet settling time: 1.049
GetData ===>> H2,-0.139267372749992,H1,268.300355711468,AX,2.85449693421739,L1,0.0477558367100102,L2,0.03434871...
setting magnet DAC
current  : 5.874040
requested: 5.875075
Delta Dac: 0.001034
Checking detector protection. dv=0.00103
Checking detector "CDD". Protection Threshold: 0.1 (V)
SetMagnetDAC 5.87507482759 ===>> OK
Magnet settling time: 1.049
GetData ===>> H2,-0.284613531091895,H1,277.254447039369,AX,3.38023545000221,L1,0.0656375352194385,L2,0.05688251...
setting magnet DAC
current  : 5.875075
requested: 5.876109
Delta Dac: 0.001034
Checking detector protection. dv=0.00103
Checking detector "CDD". Protection Threshold: 0.1 (V)
SetMagnetDAC 5.87610931034 ===>> OK
Magnet settling time: 1.049
GetData ===>> H2,-0.18047215647428,H1,278.283493272637,AX,3.13082404288918,L1,0.0353204740434322,L2,0.012571837...
setting magnet DAC
current  : 5.876109
requested: 5.877144
Delta Dac: 0.001034
Checking detector protection. dv=0.00103
Checking detector "CDD". Protection Threshold: 0.1 (V)
SetMagnetDAC 5.8771437931 ===>> OK
Magnet settling time: 1.049
GetData ===>> H2,-0.0778624480012263,H1,278.682898881026,AX,3.19466744277275,L1,0.00264670374830182,L2,-0.13721...
setting magnet DAC
current  : 5.877144
requested: 5.878178
Delta Dac: 0.001034
Checking detector protection. dv=0.00103
Checking detector "CDD". Protection Threshold: 0.1 (V)
SetMagnetDAC 5.87817827586 ===>> OK
Magnet settling time: 1.049
GetData ===>> H2,-0.104766296113116,H1,278.740763016316,AX,3.22686390988325,L1,0.0160777352445565,L2,0.16000418...
setting magnet DAC
current  : 5.878178
requested: 5.879213
Delta Dac: 0.001034
Checking detector protection. dv=0.00103
Checking detector "CDD". Protection Threshold: 0.1 (V)
SetMagnetDAC 5.87921275862 ===>> OK
Magnet settling time: 1.049
GetData ===>> H2,-0.128212699327378,H1,278.54976176863,AX,3.30147929100771,L1,0.0239966276022242,L2,0.089678798...
setting magnet DAC
current  : 5.879213
requested: 5.880247
Delta Dac: 0.001034
Checking detector protection. dv=0.00103
Checking detector "CDD". Protection Threshold: 0.1 (V)
SetMagnetDAC 5.88024724138 ===>> OK
Magnet settling time: 1.049
GetData ===>> H2,-0.106388560799014,H1,278.579189305994,AX,3.28987295239554,L1,0.0286971352443249,L2,-0.0936901...
setting magnet DAC
current  : 5.880247
requested: 5.881282
Delta Dac: 0.001034
Checking detector protection. dv=0.00103
Checking detector "CDD". Protection Threshold: 0.1 (V)
SetMagnetDAC 5.88128172414 ===>> OK
Magnet settling time: 1.049
GetData ===>> H2,-0.120215603149204,H1,278.435640525565,AX,3.30308352615226,L1,0.0241815320760117,L2,0.00300615...
setting magnet DAC
current  : 5.881282
requested: 5.882316
Delta Dac: 0.001034
Checking detector protection. dv=0.00103
Checking detector "CDD". Protection Threshold: 0.1 (V)
SetMagnetDAC 5.8823162069 ===>> OK
Magnet settling time: 1.049
GetData ===>> H2,-0.082100684372592,H1,278.282239087186,AX,3.1764761219261,L1,0.00563594599472901,L2,0.00332499...
setting magnet DAC
current  : 5.882316
requested: 5.883351
Delta Dac: 0.001034
Checking detector protection. dv=0.00103
Checking detector "CDD". Protection Threshold: 0.1 (V)
SetMagnetDAC 5.88335068966 ===>> OK
Magnet settling time: 1.049
GetData ===>> H2,0.0137663729107193,H1,277.839637214995,AX,3.24103273182169,L1,0.0604310956597838,L2,0.09234584...
setting magnet DAC
current  : 5.883351
requested: 5.884385
Delta Dac: 0.001034
Checking detector protection. dv=0.00103
Checking detector "CDD". Protection Threshold: 0.1 (V)
SetMagnetDAC 5.88438517241 ===>> OK
Magnet settling time: 1.049
GetData ===>> H2,-0.0206360843525255,H1,276.321942584586,AX,3.1429534738966,L1,0.049175693378292,L2,0.106708124...
setting magnet DAC
current  : 5.884385
requested: 5.885420
Delta Dac: 0.001034
Checking detector protection. dv=0.00103
Checking detector "CDD". Protection Threshold: 0.1 (V)
SetMagnetDAC 5.88541965517 ===>> OK
Magnet settling time: 1.049
GetData ===>> H2,-0.079372026568516,H1,268.42077047651,AX,2.95480524280375,L1,0.0115605851768117,L2,0.046309878...
setting magnet DAC
current  : 5.885420
requested: 5.886454
Delta Dac: 0.001034
Checking detector protection. dv=0.00103
Checking detector "CDD". Protection Threshold: 0.1 (V)
SetMagnetDAC 5.88645413793 ===>> OK
Magnet settling time: 1.049
GetData ===>> H2,-0.110252598779239,H1,245.100404423219,AX,2.65031112004056,L1,0.0174239160744282,L2,0.07958117...
setting magnet DAC
current  : 5.886454
requested: 5.887489
Delta Dac: 0.001034
Checking detector protection. dv=0.00103
Checking detector "CDD". Protection Threshold: 0.1 (V)
SetMagnetDAC 5.88748862069 ===>> OK
Magnet settling time: 1.049
GetData ===>> H2,-0.181693465339081,H1,192.037724077771,AX,1.87808666246603,L1,0.0378666658513523,L2,0.00389435...
setting magnet DAC
current  : 5.887489
requested: 5.888523
Delta Dac: 0.001034
Checking detector protection. dv=0.00103
Checking detector "CDD". Protection Threshold: 0.1 (V)
SetMagnetDAC 5.88852310345 ===>> OK
Magnet settling time: 1.049
GetData ===>> H2,-0.20472792522397,H1,120.7576507196,AX,1.12655101664037,L1,0.00721087427056043,L2,0.0689604511...
setting magnet DAC
current  : 5.888523
requested: 5.889558
Delta Dac: 0.001034
Checking detector protection. dv=0.00103
Checking detector "CDD". Protection Threshold: 0.1 (V)
SetMagnetDAC 5.88955758621 ===>> OK
Magnet settling time: 1.049
GetData ===>> H2,-0.0724512530702564,H1,59.0202473885585,AX,0.328758133621906,L1,-0.023872853727242,L2,-0.02600...
setting magnet DAC
current  : 5.889558
requested: 5.890592
Delta Dac: 0.001034
Checking detector protection. dv=0.00103
Checking detector "CDD". Protection Threshold: 0.1 (V)
SetMagnetDAC 5.89059206897 ===>> OK
Magnet settling time: 1.049
GetData ===>> H2,-0.211478246388216,H1,22.3389782593422,AX,0.179443031788669,L1,-0.0565250613132236,L2,-0.14696...
setting magnet DAC
current  : 5.890592
requested: 5.891627
Delta Dac: 0.001034
Checking detector protection. dv=0.00103
Checking detector "CDD". Protection Threshold: 0.1 (V)
SetMagnetDAC 5.89162655172 ===>> OK
Magnet settling time: 1.049
GetData ===>> H2,-0.283509212873277,H1,6.67911144850144,AX,-0.0220965734706768,L1,-0.0577446803618607,L2,-0.016...
setting magnet DAC
current  : 5.891627
requested: 5.892661
Delta Dac: 0.001034
Checking detector protection. dv=0.00103
Checking detector "CDD". Protection Threshold: 0.1 (V)
SetMagnetDAC 5.89266103448 ===>> OK
Magnet settling time: 1.049
GetData ===>> H2,-0.183426796771877,H1,1.76708317614194,AX,-0.12679469506837,L1,-0.0258482321072996,L2,-0.00036...
setting magnet DAC
current  : 5.892661
requested: 5.893696
Delta Dac: 0.001034
Checking detector protection. dv=0.00103
Checking detector "CDD". Protection Threshold: 0.1 (V)
SetMagnetDAC 5.89369551724 ===>> OK
Magnet settling time: 1.049
GetData ===>> H2,-0.371306326872538,H1,0.366452472530887,AX,-0.114907067059942,L1,0.00209930179796726,L2,-0.109...
setting magnet DAC
current  : 5.893696
requested: 5.894730
Delta Dac: 0.001034
Checking detector protection. dv=0.00103
Checking detector "CDD". Protection Threshold: 0.1 (V)
SetMagnetDAC 5.89473 ===>> OK
Magnet settling time: 1.049
GetData ===>> H2,-0.208503751116039,H1,-0.000324657140171425,AX,-0.126748352360652,L1,-0.00116288485120861,L2,0...
result of _do_sweep=True
result of _calculate_peak_center=([5.8721548496993989, 5.8796999398797594, 5.8872450300601198], [206.10533492488833, 278.73844381249677, 204.53244339761201], 5.8781368136272549, 278.73844381249677)
Failed to find a valid peak. No peak greater than 1.0. max = 0.0264825748453
new center pos Detector(H1) (Ar40) @ 5.87969993988
GetHighVoltage ===>> 4500
GetDeflection H1 ===>> 0
dac uncorrected for HV and deflection 5.87969993988
update mftable H1 Ar40 5.87969993988 message=automated run peakcenter
get initial guess parabolic
get initial guess parabolic
get initial guess parabolic
get initial guess parabolic
get initial guess parabolic
get initial guess parabolic
dump mftable to /Users/jan/PychronDev/setupfiles/spectrometer/mftables/mftable.csv
add to repo msg=modified - automated run peakcenter
sweep finished
locally archiving mftable
setting magnet DAC
current  : 5.894730
requested: 5.879700
Delta Dac: 0.015030
Checking detector protection. dv=0.01503
Checking detector "CDD". Protection Threshold: 0.1 (V)
SetMagnetDAC 5.87969993988 ===>> OK
Magnet settling time: 0.500
setting integration time = 1.048576
SetIntegrationTime 1.048576 ===>> OK
Failed to find a valid peak. No peak greater than 1.0. max = 0.0264825748453
flush and close file /Users/jan/PychronDev/data/isotopes/ea/7183e6-a766-4233-84f7-bbb2937b8b91.h5
finished measure script
executed snippet estimated_duration=226.132928, duration=271.730127811
jan_unknown120_60.py completed successfully
Measurement Finished
20:42:39 -- ******* Measurement Finished *******
Post Measurement Started jan_pump_ms.py
20:42:39 -- ******* Post Measurement Started jan_pump_ms.py *******
testing...
no interpolation path defined
executed snippet estimated_duration=0, duration=2.50339508057e-05
Pumping spectrometer
open () {'name': 'O'}
opening name=O desc=---
checking ownership. requestor=129.138.12.150
check software interlocks O
interlocks []
actuate state mode=None-script, software_lock=False
doing actuation None-script open_channel True
Open O ===>> OK
GetIndicatorState O ===>> OK
change switch state (True, True)
update switch state O True args=() kw={} ncanvase=4
20:42:39 -- OPEN   VALVE-O (Jan Ion Pump)
---------------------------------------- open O () result=[(True, True)], time=0.09 sec
action=open, ok=True, locked=[False]
executed snippet estimated_duration=0, duration=0.339196920395
jan_pump_ms.py completed successfully
setting _ms_pumptime
Post Measurement Finished
20:42:39 -- ******* Post Measurement Finished *******
$$$$$$$$$$$$$$$$$$$$ state at run end measurement
state changed from measurement to success
post measurement save measured=True aborted=False
Set filtering
setting fod for Ar40= {'filter_outliers': True, 'std_devs': 2, 'iterations': 1}
setting fod for H1= {'filter_outliers': True, 'std_devs': 2, 'iterations': 1}
setting fod for PM41= {'filter_outliers': False, 'std_devs': 2, 'iterations': 1}
setting fod for H2= {'filter_outliers': True, 'std_devs': 2, 'iterations': 1}
setting fod for Ar36= {'filter_outliers': True, 'std_devs': 2, 'iterations': 1}
setting fod for CDD= {'filter_outliers': True, 'std_devs': 10, 'iterations': 1}
setting fod for Ar37= {'filter_outliers': True, 'std_devs': 2, 'iterations': 1}
setting fod for L2= {'filter_outliers': True, 'std_devs': 2, 'iterations': 1}
setting fod for Ar38= {'filter_outliers': True, 'std_devs': 2, 'iterations': 1}
setting fod for L1= {'filter_outliers': True, 'std_devs': 2, 'iterations': 1}
setting fod for Ar39= {'filter_outliers': True, 'std_devs': 2, 'iterations': 1}
setting fod for AX= {'filter_outliers': True, 'std_devs': 2, 'iterations': 1}
persistence save...
persistence save - db
post measurement save
6064318896 connecting to database sqlite:////Users/jan/PychronDev/.appdata/local_lab.db
connected to db sqlite:////Users/jan/PychronDev/.appdata/local_lab.db
create new session 6064318896
close session 6064318896
No database instance. Not saving post measurement to isotopedb database
$$$$$$$$$$$$$$$ auto_save_detector_ic=False
massspec enabled True
create new session 5036988176
MassSpec Database Version: 16.0
close session 5036988176
saving post measurement to secondary database
saving to massspec database 129.138.12.160/massspecdata
setting labnumber to 65267
setting aliquot to 10
setting step to X
setting uuid to ea7183e6-a766-4233-84f7-bbb2937b8b91
setting irradpos to 65267
setting extract_device to Fusions CO2
setting tray to 
setting position to 49
setting power_requested to 0.87
setting extract_value to 0.87
setting duration to 30.0
setting duration_at_request to 30.0
setting first_stage_delay to 30.0
setting cleanup to 30.0
setting comment to F:9 AM-1b
setting irradiation to NM-285
setting level to F
setting irradiation_level to F
setting sample to AM-1b
setting material to Kspar
setting project to REEFenite
setting mass_spectrometer to Jan
no attribute chron_dosages
no attribute production_ratios
no attribute interference_corrections
no attribute production_name
no attribute j
Reference Isotope=Ar40
Reference Detector=H1
%%%%%%%%%%%%%%%%%%%% Comment: F:9 AM-1b %%%%%%%%%%%%%%%%%%%
adding isotope PM41 H2
add baseline dbdet= PM41. original det= H2
get baseline data PM41 H2
Get data baseline <pychron.processing.isotope.Baseline object at 0x135293250> len t=60
baseline PM41. v=-0.194655959811, e=0.00630276918885
get signal data PM41 H2
Get data signal PM41 0.04+/-0.07 len t=120
adding isotope Ar40 H1
add baseline dbdet= Ar40. original det= H1
get baseline data Ar40 H1
Get data baseline <pychron.processing.isotope.Baseline object at 0x135293890> len t=60
baseline Ar40. v=-0.0225695147655, e=0.00490453725778
get signal data Ar40 H1
Get data signal Ar40 303.693+/-0.025 len t=120
adding isotope Ar39 AX
add baseline dbdet= Ar39. original det= AX
get baseline data Ar39 AX
Get data baseline <pychron.processing.isotope.Baseline object at 0x1352933d0> len t=60
baseline Ar39. v=-0.0894872768134, e=0.0070464903284
get signal data Ar39 AX
Get data signal Ar39 3.495+/-0.011 len t=120
adding isotope Ar38 L1
add baseline dbdet= Ar38. original det= L1
get baseline data Ar38 L1
Get data baseline <pychron.processing.isotope.Baseline object at 0x14f3a5390> len t=60
baseline Ar38. v=-0.0297203615574, e=0.00240320497747
get signal data Ar38 L1
Get data signal Ar38 0.061+/-0.004 len t=120
adding isotope Ar37 L2
add baseline dbdet= Ar37. original det= L2
get baseline data Ar37 L2
Get data baseline <pychron.processing.isotope.Baseline object at 0x14f3a50d0> len t=60
baseline Ar37. v=-0.0269688844331, e=0.00628025715282
get signal data Ar37 L2
Get data signal Ar37 0.067+/-0.011 len t=120
adding isotope Ar36 CDD
add baseline dbdet= Ar36. original det= CDD
get baseline data Ar36 CDD
Get data baseline <pychron.processing.isotope.Baseline object at 0x15419b910> len t=60
baseline Ar36. v=6.20272548093e-05, e=1.13514156381e-05
get signal data Ar36 CDD
Get data signal Ar36 0.0204+/-0.0004 len t=120
65267-10X added analysis time 0.536075115204s
analysis added to mass spec database
mass spec save time= 0.543
persistence save - dvc
================= post measurement started
create new session 4995223376
close session 4995223376
---------------- Experiment Queue saving disabled
DVC saving peakcenter
Failed to find a valid peak. No peak greater than 1.0. max = 0.0264825748453
Smart pull ahead: 0 behind: 0
Up-to-date with origin
add to repo msg=modified - ad8224ebc6dbfeb9f5997218dfa5fe690569839d.json
add to repo msg=modified - 67-10X.json
add to repo msg=modified - 67-10X.dat.json
add to repo msg=modified - 67-10X.blan.json
add to repo msg=modified - 67-10X.inte.json
add to repo msg=modified - 67-10X.icfa.json
add to repo msg=modified - 67-10X.base.json
not at valid file /Users/jan/PychronDev/data/.dvc/repositories/REEFenite/652/tags/67-10X.tags.json
add to repo msg=modified - 67-10X.peak.json
add to repo msg=modified - 67-10X.extr.json
not at valid file /Users/jan/PychronDev/data/.dvc/repositories/REEFenite/652/monitor/67-10X.moni.json
commit message=<COLLECTION>
add to repo msg=modified - 67-10X.inte.json
add to repo msg=modified - 67-10X.base.json
commit message=<ISOEVO> default collection fits
add to repo msg=modified - 67-10X.blan.json
commit message=<BLANKS> preceding bu-FC-J-7856
add to repo msg=modified - 67-10X.icfa.json
commit message=<ICFactor> default
push repository <pychron.git_archive.repo_manager.GitRepoManager object at 0x163dadfb0>
pushing to remote=origin, url=https://github.com
no changes to meta repo
create new session 4995223376
add association REEFenite
get identifier "65267"
setting analysis irradiation position=<pychron.dvc.dvc_orm.IrradiationPositionTbl object at 0x1592a9d50>
close session 4995223376
================= post measurement finished
20:43:03 -- ******* Post Run Check *******
loading queue conditionals post_run_actions
loading system conditionals post_run_actions
loading conditionals from /Users/jan/PychronDev/setupfiles/spectrometer/default_conditionals.yaml
loading queue conditionals post_run_terminations
loading system conditionals post_run_terminations
loading conditionals from /Users/jan/PychronDev/setupfiles/spectrometer/default_conditionals.yaml
Checking default post run terminations n=1
GetDeflection CDD ===>> 50
testing CDD==2000
evaluate ot="CDD.deflection==2000" t="CDD==2000", ctx="{'CDD': 50.0}"
20:43:03 -- ******* Post Run Check Passed *******
20:43:03 -- Automated run 65267-10X success duration: 376.382 s
----------------- finish -----------------
----------------- stop -----------------
retroactive repository identifiers disabled
finish run. runs completed=84
update duration runid=65267-10X, duration=376.382053852, md5=3be28e4d
loading script "jan_unknown120_60.py"
loading script "jan_pump_ms.py"
loading script "jan_co2.py"
loading script "jan_pump_extraction_line.py"
testing...
no interpolation path defined
executed snippet estimated_duration=213.652928, duration=0.000213861465454
script duration name:unknown120_60 seconds:214.0
loading script "jan_unknown120_60.py"
loading script "jan_pump_ms.py"
loading script "jan_co2.py"
loading script "jan_pump_extraction_line.py"
testing...
no interpolation path defined
executed snippet estimated_duration=0, duration=2.90870666504e-05
loading script "jan_unknown120_60.py"
loading script "jan_pump_ms.py"
loading script "jan_co2.py"
loading script "jan_pump_extraction_line.py"
testing...
no interpolation path defined
calculate duration
testing...
no interpolation path defined
executed snippet estimated_duration=0, duration=5.50746917725e-05
calculate duration
testing...
no interpolation path defined
executed snippet estimated_duration=0, duration=0.000117063522339
executed snippet estimated_duration=0.0, duration=0.00367712974548
script duration name:co2 seconds:0.0
loading script "jan_unknown120_60.py"
loading script "jan_pump_ms.py"
loading script "jan_co2.py"
loading script "jan_pump_extraction_line.py"
testing...
no interpolation path defined
calculate duration
testing...
no interpolation path defined
executed snippet estimated_duration=4.0, duration=0.000182151794434
executed snippet estimated_duration=4.0, duration=0.00212001800537
Script duration 214.0
Run total estimated duration= 215.000
unknown120_60 in script context. using previous estimated duration
script duration name:unknown120_60 seconds:214.0
pump_ms in script context. using previous estimated duration
co2 in script context. using previous estimated duration
script duration name:co2 seconds:0.0
pump_extraction_line in script context. using previous estimated duration
Script duration 214.0
Run total estimated duration= 215.000
script duration name:unknown120_60 seconds:214.0
script duration name:co2 seconds:0.0
Script duration 214.0
Run total estimated duration= 215.000
script duration name:unknown120_60 seconds:214.0
script duration name:co2 seconds:0.0
Script duration 214.0
Run total estimated duration= 215.000
script duration name:unknown120_60 seconds:214.0
script duration name:co2 seconds:0.0
Script duration 214.0
Run total estimated duration= 215.000
script duration name:unknown120_60 seconds:214.0
script duration name:co2 seconds:0.0
Script duration 214.0
Run total estimated duration= 215.000
script duration name:unknown120_60 seconds:214.0
script duration name:co2 seconds:0.0
Script duration 214.0
Run total estimated duration= 215.000
script duration name:unknown120_60 seconds:214.0
script duration name:co2 seconds:0.0
Script duration 214.0
Run total estimated duration= 215.000
script duration name:unknown120_60 seconds:214.0
script duration name:co2 seconds:0.0
Script duration 214.0
Run total estimated duration= 215.000
script duration name:unknown120_60 seconds:214.0
script duration name:co2 seconds:0.0
Script duration 214.0
Run total estimated duration= 215.000
script duration name:unknown120_60 seconds:214.0
script duration name:co2 seconds:0.0
Script duration 214.0
Run total estimated duration= 215.000
script duration name:unknown120_60 seconds:214.0
script duration name:co2 seconds:0.0
Script duration 214.0
Run total estimated duration= 215.000
script duration name:unknown120_60 seconds:214.0
script duration name:co2 seconds:0.0
Script duration 214.0
Run total estimated duration= 215.000
script duration name:unknown120_60 seconds:214.0
script duration name:co2 seconds:0.0
Script duration 214.0
Run total estimated duration= 215.000
script duration name:unknown120_60 seconds:214.0
script duration name:co2 seconds:0.0
Script duration 214.0
Run total estimated duration= 215.000
script duration name:unknown120_60 seconds:214.0
script duration name:co2 seconds:0.0
Script duration 214.0
Run total estimated duration= 215.000
loading script "jan_unknown400_120.py"
loading script "jan_pump_ms.py"
loading script "jan_sniffair_x2.py"
loading script "jan_pump_extraction_line.py"
testing...
no interpolation path defined
executed snippet estimated_duration=556.052928, duration=0.000159025192261
script duration name:unknown400_120 seconds:556.0
loading script "jan_unknown400_120.py"
loading script "jan_pump_ms.py"
loading script "jan_sniffair_x2.py"
loading script "jan_pump_extraction_line.py"
testing...
no interpolation path defined
calculate duration
testing...
no interpolation path defined
executed snippet estimated_duration=0, duration=5.00679016113e-05
calculate duration
testing...
no interpolation path defined
executed snippet estimated_duration=0, duration=9.29832458496e-05
calculate duration
testing...
no interpolation path defined
executed snippet estimated_duration=32.0, duration=0.000114917755127
calculate duration
testing...
no interpolation path defined
executed snippet estimated_duration=34.0, duration=0.000102043151855
calculate duration
testing...
no interpolation path defined
executed snippet estimated_duration=4.0, duration=7.41481781006e-05
calculate duration
testing...
no interpolation path defined
executed snippet estimated_duration=36.0, duration=8.10623168945e-05
calculate duration
testing...
no interpolation path defined
executed snippet estimated_duration=34.0, duration=7.89165496826e-05
calculate duration
testing...
no interpolation path defined
executed snippet estimated_duration=4.0, duration=6.60419464111e-05
calculate duration
testing...
no interpolation path defined
executed snippet estimated_duration=36.0, duration=8.41617584229e-05
calculate duration
testing...
no interpolation path defined
executed snippet estimated_duration=70.0, duration=9.91821289062e-05
executed snippet estimated_duration=250.0, duration=0.0126202106476
script duration name:sniffair_x2 seconds:250.0
Script duration 806.0
Run total estimated duration= 807.000
unknown400_120 in script context. using previous estimated duration
script duration name:unknown400_120 seconds:556.0
sniffair_x2 in script context. using previous estimated duration
script duration name:sniffair_x2 seconds:250.0
Script duration 806.0
Run total estimated duration= 807.000
script duration name:unknown400_120 seconds:556.0
loading script "jan_unknown400_120.py"
loading script "jan_pump_ms.py"
loading script "jan_cocktail_x1.py"
loading script "jan_pump_extraction_line.py"
testing...
no interpolation path defined
calculate duration
testing...
no interpolation path defined
executed snippet estimated_duration=0, duration=7.41481781006e-05
calculate duration
testing...
no interpolation path defined
executed snippet estimated_duration=0, duration=0.000174045562744
calculate duration
testing...
no interpolation path defined
executed snippet estimated_duration=32.0, duration=0.000163078308105
calculate duration
testing...
no interpolation path defined
executed snippet estimated_duration=34.0, duration=0.000169992446899
calculate duration
testing...
no interpolation path defined
executed snippet estimated_duration=4.0, duration=0.000128030776978
calculate duration
testing...
no interpolation path defined
executed snippet estimated_duration=38.0, duration=0.000110864639282
executed snippet estimated_duration=108.0, duration=0.0106010437012
script duration name:cocktail_x1 seconds:108.0
Script duration 664.0
Run total estimated duration= 665.000
script duration name:unknown400_120 seconds:556.0
cocktail_x1 in script context. using previous estimated duration
script duration name:cocktail_x1 seconds:108.0
Script duration 664.0
Run total estimated duration= 665.000
script duration name:unknown400_120 seconds:556.0
script duration name:co2 seconds:0.0
Script duration 556.0
Run total estimated duration= 557.000
nruns=21 before=5.0, run_dur=6941.0, btw=600.0
write rem/ex queues
/Users/jan/PychronDev/experiments/rem/Load1796.rem.txt
/Users/jan/PychronDev/experiments/rem/Load1796.ex.txt
doing event level: 3
