do run
loading script "jan_unknown120_60.py"
loading script "jan_pump_ms.py"
loading script "jan_co2.py"
loading script "jan_pump_extraction_line.py"
testing...
no interpolation path defined
executed snippet estimated_duration=213.652928, duration=0.000175952911377
script duration name:unknown120_60 seconds:214.0
loading script "jan_unknown120_60.py"
loading script "jan_pump_ms.py"
loading script "jan_co2.py"
loading script "jan_pump_extraction_line.py"
testing...
no interpolation path defined
executed snippet estimated_duration=0, duration=1.69277191162e-05
loading script "jan_unknown120_60.py"
loading script "jan_pump_ms.py"
loading script "jan_co2.py"
loading script "jan_pump_extraction_line.py"
testing...
no interpolation path defined
calculate duration
testing...
no interpolation path defined
executed snippet estimated_duration=0, duration=4.10079956055e-05
calculate duration
testing...
no interpolation path defined
executed snippet estimated_duration=0, duration=0.000127077102661
executed snippet estimated_duration=0.0, duration=0.00215792655945
script duration name:co2 seconds:0.0
loading script "jan_unknown120_60.py"
loading script "jan_pump_ms.py"
loading script "jan_co2.py"
loading script "jan_pump_extraction_line.py"
testing...
no interpolation path defined
calculate duration
testing...
no interpolation path defined
executed snippet estimated_duration=4.0, duration=0.000137805938721
executed snippet estimated_duration=4.0, duration=0.00111317634583
Script duration 214.0
Run total estimated duration= 215.000
run duration: 0:03:35
doing event level: 2
06:54:53 -- Setting default integration. t=1.048576
setting integration time = 1.048576
SetIntegrationTime 1.048576 ===>> OK
----------------- start -----------------
**************** Experiment Type: Ar/Ar, Ar/Ar
create new session 5001404976
close session 5001404976
$$$$$ Clearing conditionals
adding conditionals 
Add queue conditionals
add default conditionals
adding default conditionals from /Users/jan/PychronDev/setupfiles/spectrometer/default_conditionals.yaml
Start automated run 65269-11Q
loading script "jan_unknown120_60.py"
loading script "jan_pump_ms.py"
loading script "jan_co2.py"
loading script "jan_pump_extraction_line.py"
%%%%%%%%%%%%%%%%%% setting automated run 65269-11Q
No value "sensitivity_multiplier" in metadata
$$$$$$$$$$$$$$$ auto_save_detector_ic=False
============================= Pre Extraction Check =============================
loading queue conditionals pre_run_terminations
loading system conditionals pre_run_terminations
loading conditionals from /Users/jan/PychronDev/setupfiles/spectrometer/default_conditionals.yaml
06:54:53 -- ******* Pre Extraction Check *******
Get a measurement from the spectrometer
GetData ===>> H2,-0.215424172330126,H1,-0.712148035564596,AX,-0.147116247818656,L1,0.0341786231875451,L2,0.0084...
Pre Extraction Termination data. keys=H2,H1,AX,L1,L2,CDD, signals=-0.21542,-0.71215,-0.14712,0.03418,0.00841,0.00283
06:54:53 -- testing system defined conditionals
Checking default pre extraction terminations n=2
testing CDD
evaluate ot="CDD.inactive" t="CDD", ctx="{'CDD': False}"
GetDeflection CDD ===>> 50
testing CDD==2000
evaluate ot="CDD.deflection==2000" t="CDD==2000", ctx="{'CDD': 50.0}"
06:54:53 -- ******* Pre Extraction Check Passed *******
=================================================================================
06:54:53 -- stopping status monitor
stop 4988822832
Alive clients [4997662672]
06:54:53 -- starting status monitor
start 4988822832
Monitor already running
start extraction
do extraction
Analysis started at 06:54:53.417250
Extraction Started jan_co2.py
06:54:53 -- ******* Extraction Started jan_co2.py *******
state changed from not run to extraction
DO EXTRACTION <pychron.extraction_line.pyscript_runner.RemotePyScriptRunner object at 0x12cde6950>
testing...
no interpolation path defined
calculate duration
testing...
no interpolation path defined
executed snippet estimated_duration=0, duration=4.38690185547e-05
calculate duration
testing...
no interpolation path defined
executed snippet estimated_duration=0, duration=9.51290130615e-05
executed snippet estimated_duration=100.0, duration=0.00300717353821
Jan CO2 laser analysis
doing GOSUB
testing...
no interpolation path defined
executed snippet estimated_duration=0, duration=4.60147857666e-05
Waiting for CO2 access
wait ('FelixCO2Flag', 0) {}
waiting for FelixCO2Flag = 0
Read FelixCO2Flag ===>> 0
finished waiting
CO2 free
wait ('CO2PumpTimeFlag', 0) {}
waiting for CO2PumpTimeFlag = 0
Read CO2PumpTimeFlag ===>> 0
finished waiting
acquire ('JanCO2Flag',) {'clear': True}
acquire JanCO2Flag
Set JanCO2Flag 1 ===>> OK
JanCO2Flag acquired
set extraction state False (0.75, 'red', 1.5)
CO2 acquired
executed snippet estimated_duration=0, duration=0.0182600021362
WaitForCO2Access.py completed successfully
gosub finished
doing GOSUB
testing...
no interpolation path defined
executed snippet estimated_duration=0, duration=8.89301300049e-05
Prepare for CO2 analysis
close () {'description': 'Jan Inlet'}
closing name=--- desc=Jan Inlet
checking ownership. requestor=129.138.12.150
check software interlocks R
interlocks []
actuate state mode=None-script, software_lock=False
doing actuation None-script close_channel False
Close R ===>> OK
GetIndicatorState R ===>> False
change switch state (True, True)
update switch state R False args=() kw={} ncanvase=2
06:54:53 -- CLOSE  VALVE-R (Jan Inlet)
---------------------------------------- close None (Jan Inlet) result=[(True, True)]
action=close, ok=True, locked=[False]
open () {'description': 'Jan Ion Pump'}
opening name=--- desc=Jan Ion Pump
checking ownership. requestor=129.138.12.150
check software interlocks O
interlocks []
actuate state mode=None-script, software_lock=False
doing actuation None-script open_channel False
Open O ===>> OK
GetIndicatorState O ===>> OK
change switch state (True, True)
update switch state O True args=() kw={} ncanvase=2
06:54:54 -- OPEN   VALVE-O (Jan Ion Pump)
---------------------------------------- open None (Jan Ion Pump) result=[(True, True)], time=0.11 sec
action=open, ok=True, locked=[False]
close () {'description': 'Microbone to Minibone'}
closing name=--- desc=Microbone to Minibone
checking ownership. requestor=129.138.12.150
check software interlocks L
interlocks []
actuate state mode=None-script, software_lock=False
doing actuation None-script close_channel False
Close L ===>> OK
GetIndicatorState L ===>> False
change switch state (True, True)
update switch state L False args=() kw={} ncanvase=2
06:54:54 -- CLOSE  VALVE-L (Microbone to Minibone)
---------------------------------------- close None (Microbone to Minibone) result=[(True, True)]
action=close, ok=True, locked=[False]
open () {'description': 'Microbone to Turbo'}
opening name=--- desc=Microbone to Turbo
checking ownership. requestor=129.138.12.150
check software interlocks U
interlocks []
actuate state mode=None-script, software_lock=False
doing actuation None-script open_channel False
Open U ===>> OK
GetIndicatorState U ===>> OK
change switch state (True, True)
update switch state U True args=() kw={} ncanvase=2
06:54:55 -- OPEN   VALVE-U (Microbone to Turbo)
---------------------------------------- open None (Microbone to Turbo) result=[(True, True)], time=0.13 sec
action=open, ok=True, locked=[False]
open () {'description': 'Microbone to Inlet Pipette'}
opening name=--- desc=Microbone to Inlet Pipette
checking ownership. requestor=129.138.12.150
check software interlocks S
interlocks []
actuate state mode=None-script, software_lock=False
doing actuation None-script open_channel False
Open S ===>> OK
GetIndicatorState S ===>> OK
change switch state (True, True)
update switch state S True args=() kw={} ncanvase=2
06:54:55 -- OPEN   VALVE-S (Microbone to Inlet Pipette)
---------------------------------------- open None (Microbone to Inlet Pipette) result=[(True, True)], time=0.40 sec
action=open, ok=True, locked=[False]
open () {'description': 'Microbone to Getter D-50'}
opening name=--- desc=Microbone to Getter D-50
checking ownership. requestor=129.138.12.150
check software interlocks K
interlocks []
actuate state mode=None-script, software_lock=False
doing actuation None-script open_channel False
Open K ===>> OK
GetIndicatorState K ===>> OK
change switch state (True, True)
update switch state K True args=() kw={} ncanvase=2
06:54:56 -- OPEN   VALVE-K (Microbone to Getter D-50)
---------------------------------------- open None (Microbone to Getter D-50) result=[(True, True)], time=0.40 sec
action=open, ok=True, locked=[False]
open () {'description': 'Microbone to Getter NP-10'}
opening name=--- desc=Microbone to Getter NP-10
checking ownership. requestor=129.138.12.150
check software interlocks M
interlocks []
actuate state mode=None-script, software_lock=False
doing actuation None-script open_channel False
Open M ===>> OK
GetIndicatorState M ===>> OK
change switch state (True, True)
update switch state M True args=() kw={} ncanvase=2
06:54:56 -- OPEN   VALVE-M (Microbone to Getter NP-10)
---------------------------------------- open None (Microbone to Getter NP-10) result=[(True, True)], time=0.14 sec
action=open, ok=True, locked=[False]
close () {'description': 'CO2 Laser to Felix'}
closing name=--- desc=CO2 Laser to Felix
checking ownership. requestor=129.138.12.150
check software interlocks F
interlocks []
actuate state mode=None-script, software_lock=True
VALVE-F(CO2 Laser to Felix) software locked
change switch state (True, False)
---------------------------------------- close None (CO2 Laser to Felix) result=[(True, False)]
action=close, ok=True, locked=[True]
open () {'description': 'CO2 Laser to Jan'}
opening name=--- desc=CO2 Laser to Jan
checking ownership. requestor=129.138.12.150
check software interlocks A
interlocks []
actuate state mode=None-script, software_lock=False
doing actuation None-script open_channel False
Open A ===>> OK
GetIndicatorState A ===>> OK
change switch state (True, True)
update switch state A True args=() kw={} ncanvase=2
06:54:57 -- OPEN   VALVE-A (CO2 Laser to Jan)
---------------------------------------- open None (CO2 Laser to Jan) result=[(True, True)], time=0.13 sec
action=open, ok=True, locked=[False]
open () {'description': 'Microbone to CO2 Laser'}
opening name=--- desc=Microbone to CO2 Laser
checking ownership. requestor=129.138.12.150
check software interlocks T
interlocks []
actuate state mode=None-script, software_lock=False
doing actuation None-script open_channel False
Open T ===>> OK
GetIndicatorState T ===>> OK
change switch state (True, True)
update switch state T True args=() kw={} ncanvase=2
06:54:58 -- OPEN   VALVE-T (Microbone to CO2 Laser)
---------------------------------------- open None (Microbone to CO2 Laser) result=[(True, True)], time=0.41 sec
action=open, ok=True, locked=[False]
executed snippet estimated_duration=0, duration=4.84941220284
PrepareForCO2Analysis.py completed successfully
gosub finished
set_motor ('beam', '1.5') {}
setting motor "beam" to 1.5
set motor beam to 1.5
SetMotor beam,1.5 ===>> OK
GetMotorMoving beam ===>> False
GetMotorMoving beam ===>> False
Block completed
move_to_position ('81',) {'autocenter': True}
FusionsCO2 move to position 81
sending GoToHole 81,True
GoToHole 81,True ===>> OK
GetDriveMoving ===>> False
GetDriveMoving ===>> OK
GetDriveMoving ===>> OK
GetDriveMoving ===>> False
Block completed
GetAutoCorrecting ===>> False
GetAutoCorrecting ===>> False
Block completed
update position
GetPosition ===>> 7.97560,3.98780,1.00000
got position (7.9756, 3.9878, 1.0)
move to position succeeded
sleep (5,) {}
SLEEP 5.0
block started
WaitControl setup for 5.0  
Join finished
block finished. duration 5.01952004433
close () {'description': 'Microbone to Turbo'}
closing name=--- desc=Microbone to Turbo
checking ownership. requestor=129.138.12.150
check software interlocks U
interlocks []
actuate state mode=None-script, software_lock=False
doing actuation None-script close_channel True
Close U ===>> OK
GetIndicatorState U ===>> False
change switch state (True, True)
update switch state U False args=() kw={} ncanvase=2
06:55:07 -- CLOSE  VALVE-U (Microbone to Turbo)
---------------------------------------- close None (Microbone to Turbo) result=[(True, True)]
action=close, ok=True, locked=[False]
enable laser
enable () {}
set extraction state FusionsCO2 Enabled (False, 'red', 1.5)
enabling laser
Enable ===>> OK
begin interval
BEGIN INTERVAL Interval 1 waiting for 30.0
block started
set extract to 1.05
WaitControl setup for 30.0  
extract (1.05,) {}
GetPosition ===>> 7.97560,3.98780,1.00000
set extraction state FusionsCO2 ON! 1.05(watts) (0.75, 'red', 1.5)
extract sample to 1.05 (watts)
set laser output
SetLaserOutput 1.05,watts ===>> OK
COMPLETE INTERVAL waiting for Interval 1 to complete
Join finished
block finished. duration 30.078110218
Interval 1 finished
end_extract () {}
ending extraction. set laser power to 0
set laser power 0
SetLaserPower 0 ===>> OK
disable () {}
%%%%%%%%%%%%%%%%%%%%%%%%%%%%%%%%%%% disable
set extraction state False (0.75, 'red', 1.5)
disabling laser
Disable ===>> OK
sleep (30.0,) {}
SLEEP 30.0
block started
WaitControl setup for 30.0  
Join finished
block finished. duration 30.0799841881
executed snippet estimated_duration=195.0, duration=74.7321541309
jan_co2.py completed successfully
GetAchievedOutput ===>> No Response
Requested Output= 0.000
Achieved Output=  0.000
GetResponseBlob ===>> No Response
GetOutputBlob ===>> No Response
persistence save...
persistence save - db
AutomatedRunPersister post_extraction_save deprecated
persistence save - dvc
no extraction position for 81
create new session 4996344144
close session 4996344144
Extraction Finished
06:56:08 -- ******* Extraction Finished *******
no overlap. not waiting for min ms pumptime
06:56:08 -- Sending spectrometer configuration
======== Sending configuration ========
SetDeflection CDD,50.0 ===>> OK
SetDeflection H2,0.0 ===>> OK
SetDeflection H1,0.0 ===>> OK
SetDeflection L2,825.0 ===>> OK
SetDeflection L1,400.0 ===>> OK
SetDeflection AX,190.0 ===>> OK
SetZFocus 74.64 ===>> OK
SetZSymmetry -50.72 ===>> OK
SetExtractionLens 26.13 ===>> OK
SetIonRepeller -3.81 ===>> OK
SetElectronEnergy 75.08 ===>> OK
SetYSymmetry -2.81 ===>> OK
SetIonCounterVoltage 1590.0 ===>> OK
send trap current 200.0
GetParameter Trap Current Readback ===>> 198.594579747299
SetParameter Trap Current Set,200.0 ===>> OK
updating mftable name mftable
Using mftable located at /Users/jan/PychronDev/setupfiles/spectrometer/mftables/mftable.csv
============ MFtable ===========
Isotope  H2     H1     AX     L1     L2     CDD    
Ar40     5.8249 5.8784 5.9916 6.1648 6.2299 6.3930
Ar39     5.7241 5.7707 5.8840 6.0509 6.1151 6.2795
Ar36     5.4017 5.4397 5.5474 5.7097 5.7701 5.9306
================================
get initial guess parabolic
get initial guess parabolic
get initial guess parabolic
get initial guess parabolic
get initial guess parabolic
get initial guess parabolic
======== Configuration Finished ========
GetYSymmetry ===>> -2.81
GetZSymmetry ===>> -50.72
GetParameter Trap Current Readback ===>> 198.258926936459
GetHighVoltage ===>> 4500
start measurement
do measurement
L#=65269 analysis type=unknown
Measurement Started jan_unknown120_60.py
06:56:08 -- ******* Measurement Started jan_unknown120_60.py *******
state changed from extraction to measurement
setting spec, defl, and gains
GetExtractionLens ===>> 26.13
GetYSymmetry ===>> -2.81
GetZSymmetry ===>> -50.72
GetZFocus ===>> 74.64
GetDeflection H2 ===>> 0
GetDeflection H1 ===>> 0
GetDeflection AX ===>> 190
GetDeflection L1 ===>> 400
GetDeflection L2 ===>> 825
GetDeflection CDD ===>> 50
GetGain H2 ===>> 0.0113
GetGain H1 ===>> 0.99
GetGain AX ===>> 0.097049
GetGain L1 ===>> 0.010355
GetGain L2 ===>> 0.095649
GetGain CDD ===>> 0
pre measurement save
New frame /Users/jan/PychronDev/data/isotopes/67/caa92e-11f1-4cc0-a00d-8f267cb64959.h5
flush and close file /Users/jan/PychronDev/data/isotopes/67/caa92e-11f1-4cc0-a00d-8f267cb64959.h5
testing...
no interpolation path defined
executed snippet estimated_duration=226.132928, duration=0.000119924545288
unknown measurement script
activate_detectors ('H2', 'H1', 'AX', 'L1', 'L2', 'CDD') {}
activate detectors
*************** Set Analysis View Ar/Ar
create graphs
clearing graphs
clear isotope group
setting isotope det=H2, iso=PM41
setting isotope det=H1, iso=Ar40
setting isotope det=AX, iso=Ar39
setting isotope det=L1, iso=Ar38
setting isotope det=L2, iso=Ar37
setting isotope det=CDD, iso=Ar36
setting previous blanks
 - setting Ar40 blank 0.253+/-0.024
 - setting Ar36 blank 0.00356+/-0.00017
 - setting Ar37 blank 0.036+/-0.005
 - setting Ar38 blank 0.0058+/-0.0021
 - setting PM41 blank 0.03+/-0.07
 - setting Ar39 blank 0.024+/-0.009
load analysis view
position_magnet ('Ar40',) {'detector': 'H1'}
detector Detector(H1)
POSITION Ar40 H1
setting detector H2 to PM41 (40.9624)
setting detector H1 to Ar40 (39.9624)
setting detector AX to Ar39 (38.9624)
setting detector L1 to Ar38 (37.9624)
setting detector L2 to Ar37 (36.9624)
setting detector CDD to Ar36 (35.9624)
Mapping mass to dac mass func: "parabolic"
H1 map mass coeffs = [-0.00063987  0.15840543  0.56999999]
H1 map mass to dac 39.9624 >> 5.87839
GetDeflection H1 ===>> 0
GetHighVoltage ===>> 4500
positioning Ar40 (5.87839) on H1
setting magnet DAC
current  : 5.878390
requested: 5.878390
Delta Dac: 0.000000
Checking detector protection. dv=0.00000
Checking detector "CDD". Protection Threshold: 0.1 (V)
SetMagnetDAC 5.87839 ===>> OK
equilibrate () {'delay': 3, 'inlet': 'R', 'outlet': 'O', 'eqtime': 12.0}
Equilibration Started
06:56:09 -- ******* Equilibration Started *******
checking ownership. requestor=129.138.12.150
check software interlocks O
interlocks []
actuate state mode=None-script, software_lock=False
doing actuation None-script close_channel True
Close O ===>> OK
update labels <pychron.experiment.plot_panel.PlotPanel object at 0x17500a470>
update labels "<pychron.graph.stacked_regression_graph.StackedRegressionGraph object at 0x15eb7d290>"
setting label 0 H2 PM41
setting label 1 H1 Ar40
setting label 2 AX Ar39
setting label 3 L1 Ar38
setting label 4 L2 Ar37
setting label 5 CDD Ar36
update labels "<pychron.graph.stacked_graph.StackedGraph object at 0x158e790b0>"
setting label 0 H2 PM41
setting label 1 H1 Ar40
setting label 2 AX Ar39
setting label 3 L1 Ar38
setting label 4 L2 Ar37
setting label 5 CDD Ar36
GetIndicatorState O ===>> False
change switch state (True, True)
update switch state O False args=() kw={} ncanvase=2
06:56:09 -- CLOSE  VALVE-O (Jan Ion Pump)
waiting 3s before opening inlet value ('R',)
checking ownership. requestor=129.138.12.150
check software interlocks R
interlocks []
actuate state mode=None-script, software_lock=False
doing actuation None-script open_channel True
Open R ===>> OK
GetIndicatorState R ===>> OK
change switch state (True, True)
update switch state R True args=() kw={} ncanvase=2
06:56:12 -- OPEN   VALVE-R (Jan Inlet)
equilibrating for 12.0sec
set_time_zero () {}
sniff (12.0,) {}
py_sniff
build tables- sniff [Detector(H2), Detector(H1), Detector(AX), Detector(L1), Detector(L2), Detector(CDD)]
add group /sniff/PM41 (Group) '' table H2
add group /sniff/Ar40 (Group) '' table H1
add group /sniff/Ar39 (Group) '' table AX
add group /sniff/Ar38 (Group) '' table L1
add group /sniff/Ar37 (Group) '' table L2
add group /sniff/Ar36 (Group) '' table CDD
flush and close file /Users/jan/PychronDev/data/isotopes/67/caa92e-11f1-4cc0-a00d-8f267cb64959.h5
measuring sniff. ncounts=12.0
"sniff" increment series count="1" fit count="0" regressing="False"
starting measurement
check iteration duration=1.8835067749e-05
GetData ===>> H2,-0.183728861791569,H1,-0.525596737339986,AX,-0.0769867193436258,L1,-0.0160076350455653,L2,0.04...
check iteration duration=1.81198120117e-05
GetData ===>> H2,0.360496060969727,H1,46.9600823916431,AX,0.84122567345034,L1,0.0330056562694237,L2,0.237435534...
check iteration duration=5.79357147217e-05
GetData ===>> H2,0.787403635266882,H1,109.438708024604,AX,1.5480013398717,L1,0.140724264479853,L2,0.14238378544...
check iteration duration=1.90734863281e-05
GetData ===>> H2,0.42294645256488,H1,114.870718809271,AX,1.31249964579345,L1,0.126089075291511,L2,0.15572709409...
check iteration duration=1.69277191162e-05
GetData ===>> H2,0.113747897708018,H1,117.633899583251,AX,1.1056892890539,L1,0.0699317387908489,L2,0.0461715857...
check iteration duration=3.19480895996e-05
GetData ===>> H2,-0.131663868909971,H1,118.948017205437,AX,1.09094408295834,L1,0.077947330603281,L2,0.105568182...
check iteration duration=2.19345092773e-05
GetData ===>> H2,-0.0669465988068491,H1,119.269524439114,AX,1.0247696687978,L1,0.0476614266919071,L2,0.01038381...
check iteration duration=1.78813934326e-05
GetData ===>> H2,-0.0789167349248648,H1,119.334887558022,AX,1.03664861618469,L1,-0.0187899254732859,L2,0.033948...
check iteration duration=1.81198120117e-05
GetData ===>> H2,-0.13016716886626,H1,119.803671730239,AX,1.21787886995656,L1,0.0029408245396757,L2,-0.07182374...
check iteration duration=3.50475311279e-05
GetData ===>> H2,-0.106185280408256,H1,119.543876909794,AX,1.12137017273169,L1,0.00778375114805901,L2,0.0745468...
check iteration duration=4.6968460083e-05
GetData ===>> H2,-0.0857807610695134,H1,119.933147156619,AX,0.899717235801739,L1,0.0391075360911625,L2,0.082008...
Equilibration Finished
check iteration duration=1.59740447998e-05
06:56:24 -- ******* Equilibration Finished *******
GetData ===>> H2,-0.193723164660731,H1,119.510375813724,AX,1.05021965923606,L1,0.0104959161738223,L2,-0.0019375...
checking ownership. requestor=129.138.12.150
check software interlocks R
interlocks []
actuate state mode=None-script, software_lock=False
doing actuation None-script close_channel True
Close R ===>> OK
GetIndicatorState R ===>> False
change switch state (True, True)
update switch state R False args=() kw={} ncanvase=2
06:56:25 -- CLOSE  VALVE-R (Jan Inlet)
Post Equilibration Started jan_pump_extraction_line.py
06:56:25 -- ******* Post Equilibration Started jan_pump_extraction_line.py *******
testing...
no interpolation path defined
calculate duration
testing...
no interpolation path defined
executed snippet estimated_duration=4.0, duration=0.000433206558228
executed snippet estimated_duration=4.0, duration=0.0232529640198
Pump after analysis
doing GOSUB
testing...
no interpolation path defined
executed snippet estimated_duration=4.0, duration=0.0001220703125
Pump Microbone
close () {'description': 'Jan Inlet'}
closing name=--- desc=Jan Inlet
checking ownership. requestor=129.138.12.150
check software interlocks R
interlocks []
actuate state mode=None-script, software_lock=False
doing actuation None-script close_channel False
check iteration duration=1.59740447998e-05
waiting for write to finish
measurement finished
estimated time: 12.583 actual time: :12.669
flush and close file /Users/jan/PychronDev/data/isotopes/67/caa92e-11f1-4cc0-a00d-8f267cb64959.h5
set_fits () {}
using default fits file=/Users/jan/PychronDev/scripts/measurement/fits/nominal_linear.yaml
set "Ar40" to "('Linear', 'SEM')"
No fit for "PM41". defaulting to linear. check the measurement script "jan_unknown120_60.py"
set "PM41" to "linear"
set "Ar36" to "('Linear', 'SEM')"
set "Ar37" to "('linear', 'SEM')"
set "Ar38" to "('linear', 'SEM')"
set "Ar39" to "('Linear', 'SEM')"
set_baseline_fits () {}
using default fits file=/Users/jan/PychronDev/scripts/measurement/fits/nominal_linear.yaml
Close R ===>> OK
set "H1" to "('average', 'SEM')"
set "H2" to "('average', 'SEM')"
set "CDD" to "('average', 'SEM')"
set "L2" to "('average', 'SEM')"
set "L1" to "('average', 'SEM')"
set "AX" to "('average', 'SEM')"
multicollect () {'integration_time': 1, 'ncounts': 120}
build tables- signal [Detector(H2), Detector(H1), Detector(AX), Detector(L1), Detector(L2), Detector(CDD)]
add group /signal/PM41 (Group) '' table H2
add group /signal/Ar40 (Group) '' table H1
add group /signal/Ar39 (Group) '' table AX
add group /signal/Ar38 (Group) '' table L1
add group /signal/Ar37 (Group) '' table L2
add group /signal/Ar36 (Group) '' table CDD
flush and close file /Users/jan/PychronDev/data/isotopes/67/caa92e-11f1-4cc0-a00d-8f267cb64959.h5
measuring signal. ncounts=120
GetIndicatorState R ===>> False
change switch state (True, True)
update switch state R False args=() kw={} ncanvase=2
06:56:26 -- CLOSE  VALVE-R (Jan Inlet)
---------------------------------------- close None (Jan Inlet) result=[(True, True)]
"signal" increment series count="2" fit count="1" regressing="True"
action=close, ok=True, locked=[False]
is_closed ('F',) {}
is F () closed?
is closed True
open () {'description': 'CO2 Laser to Jan'}
opening name=--- desc=CO2 Laser to Jan
checking ownership. requestor=129.138.12.150
check software interlocks A
interlocks []
actuate state mode=None-script, software_lock=False
doing actuation None-script open_channel False
Open A ===>> OK
GetIndicatorState A ===>> OK
change switch state (True, True)
update switch state A True args=() kw={} ncanvase=2
06:56:26 -- OPEN   VALVE-A (CO2 Laser to Jan)
---------------------------------------- open None (CO2 Laser to Jan) result=[(True, True)], time=0.13 sec
starting measurement
check iteration duration=5.3882598877e-05
GetData ===>> H2,-0.11623388604634,H1,119.763535603931,AX,1.11330773801937,L1,0.0508937555562838,L2,-0.01195537...
action=open, ok=True, locked=[False]
sleep (1,) {}
SLEEP 1.0
check iteration duration=8.48770141602e-05
GetData ===>> H2,0.0139650764768422,H1,119.517125948486,AX,1.20664252292815,L1,0.0695778312675338,L2,0.03971762...
close () {'description': 'CO2 Laser to Roughing'}
closing name=--- desc=CO2 Laser to Roughing
checking ownership. requestor=129.138.12.150
check software interlocks G
interlocks []
actuate state mode=None-script, software_lock=True
VALVE-G(CO2 Laser to Roughing) software locked
change switch state (True, False)
---------------------------------------- close None (CO2 Laser to Roughing) result=[(True, False)]
action=close, ok=True, locked=[True]
open () {'description': 'Microbone to Turbo'}
opening name=--- desc=Microbone to Turbo
checking ownership. requestor=129.138.12.150
check software interlocks U
interlocks []
actuate state mode=None-script, software_lock=False
doing actuation None-script open_channel True
Open U ===>> OK
GetIndicatorState U ===>> OK
change switch state (True, True)
update switch state U True args=() kw={} ncanvase=2
06:56:27 -- OPEN   VALVE-U (Microbone to Turbo)
---------------------------------------- open None (Microbone to Turbo) result=[(True, True)], time=0.13 sec
action=open, ok=True, locked=[False]
open () {'description': 'Microbone to Getter NP-10'}
opening name=--- desc=Microbone to Getter NP-10
checking ownership. requestor=129.138.12.150
check software interlocks M
interlocks []
actuate state mode=None-script, software_lock=False
doing actuation None-script open_channel False
Open M ===>> OK
GetIndicatorState M ===>> OK
change switch state (True, True)
update switch state M True args=() kw={} ncanvase=2
06:56:28 -- OPEN   VALVE-M (Microbone to Getter NP-10)
---------------------------------------- open None (Microbone to Getter NP-10) result=[(True, True)], time=0.13 sec
action=open, ok=True, locked=[False]
open () {'description': 'Microbone to Getter D-50'}
opening name=--- desc=Microbone to Getter D-50
checking ownership. requestor=129.138.12.150
check software interlocks K
interlocks []
actuate state mode=None-script, software_lock=False
doing actuation None-script open_channel False
check iteration duration=8.70227813721e-05
GetData ===>> H2,-0.0888537905445431,H1,119.767786709698,AX,1.01388287164454,L1,0.0375624835511574,L2,0.0084916...
Open K ===>> OK
GetIndicatorState K ===>> OK
change switch state (True, True)
update switch state K True args=() kw={} ncanvase=2
06:56:28 -- OPEN   VALVE-K (Microbone to Getter D-50)
---------------------------------------- open None (Microbone to Getter D-50) result=[(True, True)], time=0.41 sec
action=open, ok=True, locked=[False]
open () {'description': 'Microbone to CO2 Laser'}
opening name=--- desc=Microbone to CO2 Laser
checking ownership. requestor=129.138.12.150
check software interlocks T
interlocks []
actuate state mode=None-script, software_lock=False
doing actuation None-script open_channel False
Open T ===>> OK
GetIndicatorState T ===>> OK
change switch state (True, True)
update switch state T True args=() kw={} ncanvase=2
06:56:29 -- OPEN   VALVE-T (Microbone to CO2 Laser)
---------------------------------------- open None (Microbone to CO2 Laser) result=[(True, True)], time=0.43 sec
check iteration duration=7.29560852051e-05
GetData ===>> H2,-0.146530319798171,H1,119.739154594802,AX,1.00041009752607,L1,0.029614914607209,L2,0.079239290...
action=open, ok=True, locked=[False]
open () {'description': 'Microbone to Inlet Pipette'}
opening name=--- desc=Microbone to Inlet Pipette
checking ownership. requestor=129.138.12.150
check software interlocks S
interlocks []
actuate state mode=None-script, software_lock=False
doing actuation None-script open_channel False
Open S ===>> OK
GetIndicatorState S ===>> OK
change switch state (True, True)
update switch state S True args=() kw={} ncanvase=2
06:56:30 -- OPEN   VALVE-S (Microbone to Inlet Pipette)
---------------------------------------- open None (Microbone to Inlet Pipette) result=[(True, True)], time=0.42 sec
action=open, ok=True, locked=[False]
sleep (1,) {}
SLEEP 1.0
testing H1>-5.0
evaluate ot="H1.bs>-5.0" t="H1>-5.0", ctx="{'H1': None}"
check iteration duration=0.000702142715454
GetData ===>> H2,-0.0386002908965342,H1,119.602256376888,AX,1.03136761070365,L1,0.0345091456697948,L2,0.0663686...
set_resource () {'name': 'CO2PumpTimeFlag', 'value': 30}
Set CO2PumpTimeFlag 30 ===>> OK
release ('JanCO2Flag',) {}
release JanCO2Flag
Set JanCO2Flag 0 ===>> OK
executed snippet estimated_duration=6.0, duration=5.88242697716
PumpMicrobone.py completed successfully
gosub finished
get_resource_value () {'name': 'JanMiniboneFlag'}
Read JanMiniboneFlag ===>> 0
Get Resource Value JanMiniboneFlag=0.0
get resource value 0.0
get_resource_value () {'name': 'JanMiniboneFlag'}
Read JanMiniboneFlag ===>> 0
Get Resource Value JanMiniboneFlag=0.0
executed snippet estimated_duration=4.0, duration=5.89412498474
jan_pump_extraction_line.py completed successfully
Post Equilibration Finished
06:56:31 -- ******* Post Equilibration Finished *******
check iteration duration=8.51154327393e-05
GetData ===>> H2,-0.201263621559571,H1,119.318640130772,AX,0.9684583626245,L1,0.0134273153496295,L2,-0.08538718...
check iteration duration=8.41617584229e-05
GetData ===>> H2,-0.166409531124955,H1,119.654763169992,AX,0.995981736068985,L1,0.0235953845392581,L2,-0.077643...
check iteration duration=5.79357147217e-05
GetData ===>> H2,-0.128292452597023,H1,119.418878272853,AX,1.05343781146271,L1,0.00860932408622896,L2,0.0341306...
check iteration duration=5.60283660889e-05
GetData ===>> H2,-0.142889178887817,H1,119.293019699255,AX,1.00915087283247,L1,0.0182055708448796,L2,0.16542211...
testing H1>-5.0
evaluate ot="H1.bs>-5.0" t="H1>-5.0", ctx="{'H1': None}"
check iteration duration=0.000569820404053
GetData ===>> H2,-0.159512804640178,H1,119.378256923492,AX,0.905007781910062,L1,-0.0128574992432487,L2,-0.01298...
check iteration duration=6.19888305664e-05
GetData ===>> H2,-0.170224690037174,H1,119.275398204798,AX,0.848446398790844,L1,-0.00631445889717198,L2,0.00599...
check iteration duration=4.31537628174e-05
GetData ===>> H2,-0.167536533486769,H1,119.69339484619,AX,1.0066684132533,L1,-0.00208205933412196,L2,-0.0034876...
check iteration duration=4.19616699219e-05
GetData ===>> H2,-0.210975816374199,H1,119.725776538288,AX,0.940580734205393,L1,0.0344562613448665,L2,0.1258953...
check iteration duration=8.20159912109e-05
GetData ===>> H2,-0.134144316380409,H1,119.279647332398,AX,1.00119090835813,L1,0.018653610925733,L2,-0.03591861...
testing H1>-5.0
evaluate ot="H1.bs>-5.0" t="H1>-5.0", ctx="{'H1': None}"
check iteration duration=0.000586986541748
GetData ===>> H2,-0.250842366927805,H1,119.107196573142,AX,1.07314547194265,L1,0.00433951645011617,L2,-0.061846...
check iteration duration=3.81469726562e-05
GetData ===>> H2,-0.159296707808217,H1,119.560252834952,AX,0.969916006337556,L1,-0.0150444475082203,L2,-0.04798...
check iteration duration=6.103515625e-05
GetData ===>> H2,-0.0864064046339383,H1,118.901917176289,AX,0.977338202058691,L1,0.00584368107983643,L2,-0.0378...
check iteration duration=3.981590271e-05
GetData ===>> H2,-0.157355703434173,H1,118.988996710822,AX,1.05894156340975,L1,-0.0273813851013306,L2,0.0918899...
check iteration duration=8.08238983154e-05
GetData ===>> H2,-0.237601048555855,H1,119.18916962947,AX,1.03256834409105,L1,-0.00830288032602661,L2,-0.032865...
testing H1>-5.0
evaluate ot="H1.bs>-5.0" t="H1>-5.0", ctx="{'H1': None}"
check iteration duration=0.000574827194214
GetData ===>> H2,-0.211533471918015,H1,119.495000668947,AX,1.03796599750653,L1,-0.00480189227536904,L2,0.069083...
check iteration duration=3.88622283936e-05
GetData ===>> H2,-0.203234495618028,H1,119.277897689536,AX,0.939100212438677,L1,0.0176758762266869,L2,0.0700755...
check iteration duration=7.79628753662e-05
GetData ===>> H2,-0.230029417299451,H1,119.211538390356,AX,0.983653301301583,L1,0.0420335639353577,L2,0.1113706...
check iteration duration=7.70092010498e-05
GetData ===>> H2,-0.0833902689521112,H1,119.277147843489,AX,1.03974973676267,L1,0.0262997706888607,L2,0.0563209...
check iteration duration=7.70092010498e-05
GetData ===>> H2,-0.0703983379245842,H1,119.140434875405,AX,1.0250377743733,L1,0.00896933346877119,L2,0.0389194...
testing H1>-5.0
evaluate ot="H1.bs>-5.0" t="H1>-5.0", ctx="{'H1': None}"
check iteration duration=0.00124001502991
06:56:51 -- collecting point 25
GetData ===>> H2,-0.101380772949667,H1,119.009736948975,AX,1.00874295261474,L1,0.0145319129727985,L2,-0.0250715...
check iteration duration=3.91006469727e-05
GetData ===>> H2,-0.137982936652571,H1,118.709043644027,AX,1.03691675430825,L1,-0.0048426781789442,L2,0.0172461...
check iteration duration=7.91549682617e-05
GetData ===>> H2,-0.143599934948867,H1,119.062339031195,AX,1.03369914531548,L1,0.0171125807473232,L2,0.03489454...
check iteration duration=6.00814819336e-05
GetData ===>> H2,-0.281915687131164,H1,118.853070847678,AX,1.04411012515775,L1,-0.00118448521427748,L2,-0.04209...
check iteration duration=5.19752502441e-05
GetData ===>> H2,-0.201624929239241,H1,118.866312850027,AX,1.03788438929875,L1,0.0105319232750363,L2,-0.0470834...
testing H1>-5.0
evaluate ot="H1.bs>-5.0" t="H1>-5.0", ctx="{'H1': None}"
check iteration duration=0.000577926635742
GetData ===>> H2,-0.130371246898175,H1,119.093826575771,AX,1.03421209038514,L1,0.0473945172242123,L2,-0.0596936...
check iteration duration=7.48634338379e-05
GetData ===>> H2,-0.104106734433046,H1,118.831084496179,AX,1.04121872291627,L1,0.0291127684300882,L2,0.00731756...
check iteration duration=4.10079956055e-05
GetData ===>> H2,-0.120468556685339,H1,118.661580210112,AX,0.989409484874096,L1,0.0325670305266226,L2,0.0139175...
check iteration duration=4.00543212891e-05
GetData ===>> H2,-0.210396579806935,H1,118.615867460537,AX,1.04500787629821,L1,0.0153472317067996,L2,0.13809607...
check iteration duration=3.60012054443e-05
GetData ===>> H2,-0.229262148225382,H1,118.586142753008,AX,0.988617115617227,L1,-0.00800907921186125,L2,-0.0269...
testing H1>-5.0
evaluate ot="H1.bs>-5.0" t="H1>-5.0", ctx="{'H1': None}"
check iteration duration=0.000592947006226
GetData ===>> H2,-0.179446356663722,H1,118.615992356045,AX,0.921265766416432,L1,-0.0242491330959158,L2,0.062114...
check iteration duration=4.00543212891e-05
GetData ===>> H2,-0.224511996887307,H1,118.656084582892,AX,0.950280454762132,L1,-0.0118266262032742,L2,-0.01330...
check iteration duration=5.69820404053e-05
GetData ===>> H2,-0.276719727832812,H1,118.407187852467,AX,0.97041744079576,L1,0.0261508550198819,L2,-0.0399289...
check iteration duration=3.60012054443e-05
GetData ===>> H2,-0.276952072064001,H1,118.613369553518,AX,0.953568318703667,L1,0.0267597418441481,L2,0.0576780...
check iteration duration=3.88622283936e-05
GetData ===>> H2,-0.158638937717722,H1,118.700425123987,AX,1.04478635252417,L1,-0.0184325881284306,L2,0.0843449...
testing H1>-5.0
evaluate ot="H1.bs>-5.0" t="H1>-5.0", ctx="{'H1': None}"
check iteration duration=0.000581979751587
GetData ===>> H2,-0.182710328279245,H1,118.267966335966,AX,0.969356268582907,L1,-0.0108627842693282,L2,0.004798...
check iteration duration=4.00543212891e-05
GetData ===>> H2,-0.152848373799164,H1,118.568283355082,AX,1.04420339762009,L1,0.0113169100622997,L2,0.02272959...
check iteration duration=7.10487365723e-05
GetData ===>> H2,-0.249457092708185,H1,118.45638803893,AX,0.968388396272589,L1,-0.0124295798814115,L2,-0.119737...
check iteration duration=7.70092010498e-05
GetData ===>> H2,-0.22426420177288,H1,118.436283115186,AX,1.00922080218345,L1,0.00168516877624433,L2,-0.0678033...
check iteration duration=6.91413879395e-05
GetData ===>> H2,-0.193047896863635,H1,118.234755683578,AX,0.951049944927876,L1,-0.0193546844557539,L2,0.025112...
testing H1>-5.0
evaluate ot="H1.bs>-5.0" t="H1>-5.0", ctx="{'H1': None}"
check iteration duration=0.000614881515503
GetData ===>> H2,-0.138918395043274,H1,118.289940879934,AX,1.01560789364617,L1,-0.0143149255851673,L2,0.0036131...
check iteration duration=7.5101852417e-05
GetData ===>> H2,-0.125557541784445,H1,118.086818757601,AX,1.09085076594211,L1,-0.0331209152912909,L2,-0.010918...
check iteration duration=7.20024108887e-05
GetData ===>> H2,-0.145411756016269,H1,118.081575806663,AX,1.04697829403932,L1,0.00205848793214201,L2,-0.047675...
check iteration duration=9.08374786377e-05
GetData ===>> H2,-0.142932420072772,H1,118.248738987905,AX,1.04981156778238,L1,0.0171005705255106,L2,0.03405081...
check iteration duration=4.19616699219e-05
GetData ===>> H2,-0.148950795068425,H1,118.20092185293,AX,0.974475656102437,L1,0.0103206834515234,L2,0.03515678...
testing H1>-5.0
evaluate ot="H1.bs>-5.0" t="H1>-5.0", ctx="{'H1': None}"
check iteration duration=0.000603914260864
06:57:17 -- collecting point 50
GetData ===>> H2,-0.166709176226744,H1,118.194804413426,AX,1.03694007070157,L1,0.0101658570753479,L2,0.02985507...
check iteration duration=6.69956207275e-05
GetData ===>> H2,-0.317835197050975,H1,117.935054934123,AX,0.894100713736279,L1,0.0279439938967096,L2,0.0687410...
check iteration duration=6.60419464111e-05
GetData ===>> H2,-0.198623568252874,H1,118.014418421507,AX,0.978421760225834,L1,0.0221016633511219,L2,0.0445751...
check iteration duration=8.6784362793e-05
GetData ===>> H2,-0.275224820677069,H1,117.710710332491,AX,1.00493189446118,L1,0.00578609658366546,L2,0.0296498...
check iteration duration=8.20159912109e-05
GetData ===>> H2,-0.265049353152183,H1,118.110287526123,AX,1.04666349090897,L1,0.0112821004838482,L2,-0.0136989...
testing H1>-5.0
evaluate ot="H1.bs>-5.0" t="H1>-5.0", ctx="{'H1': None}"
check iteration duration=0.000581979751587
GetData ===>> H2,-0.202207311355774,H1,117.77203807861,AX,1.00645863082291,L1,0.0216090122193544,L2,0.047015422...
check iteration duration=4.00543212891e-05
GetData ===>> H2,-0.246766754241176,H1,117.839864999991,AX,0.960459200587567,L1,0.00180160445566592,L2,-0.02449...
check iteration duration=6.29425048828e-05
GetData ===>> H2,-0.184806653756644,H1,117.90582245962,AX,1.12063507519815,L1,-0.0255301910821179,L2,0.02748365...
check iteration duration=4.00543212891e-05
GetData ===>> H2,-0.303211943100084,H1,118.164592276634,AX,1.00866136877527,L1,-0.00138848635805014,L2,0.033389...
check iteration duration=3.91006469727e-05
GetData ===>> H2,-0.199590400843461,H1,117.659752328757,AX,0.963805709202651,L1,0.0357063286541357,L2,-0.057688...
testing H1>-5.0
evaluate ot="H1.bs>-5.0" t="H1>-5.0", ctx="{'H1': None}"
check iteration duration=0.000553846359253
GetData ===>> H2,-0.0615201721806657,H1,117.68485632972,AX,0.903854092167248,L1,0.0268918523208252,L2,-0.006724...
check iteration duration=3.88622283936e-05
GetData ===>> H2,-0.0937855081655904,H1,117.83961516902,AX,1.00903432402533,L1,0.0213266498636039,L2,-0.0171291...
check iteration duration=8.51154327393e-05
GetData ===>> H2,-0.0969913317234814,H1,117.682857979253,AX,0.947016018342915,L1,0.0201732517422103,L2,-0.06041...
check iteration duration=3.69548797607e-05
GetData ===>> H2,-0.0849302639616511,H1,117.479171121528,AX,1.12343547629258,L1,0.00308008472682305,L2,0.061692...
check iteration duration=5.69820404053e-05
GetData ===>> H2,-0.218673900938226,H1,117.730444734899,AX,1.07729741416767,L1,-0.00563197283212209,L2,0.022980...
testing H1>-5.0
evaluate ot="H1.bs>-5.0" t="H1>-5.0", ctx="{'H1': None}"
check iteration duration=0.000540018081665
GetData ===>> H2,-0.187216813389635,H1,117.529745707927,AX,1.02450156395681,L1,-0.000294031833176346,L2,0.02106...
check iteration duration=6.19888305664e-05
GetData ===>> H2,-0.201630321803773,H1,117.755550429539,AX,0.856284983375662,L1,0.020247738051376,L2,0.00948330...
check iteration duration=4.29153442383e-05
GetData ===>> H2,-0.187998959719013,H1,117.403376250677,AX,0.918888085976343,L1,0.0156126147725865,L2,0.0404473...
check iteration duration=3.981590271e-05
GetData ===>> H2,-0.219726166377679,H1,117.790774358359,AX,0.971560254514015,L1,0.00138868400056789,L2,0.021817...
check iteration duration=7.20024108887e-05
GetData ===>> H2,-0.292116536059795,H1,117.603551521971,AX,1.10089452027996,L1,-0.0147061704829055,L2,0.0288061...
testing H1>-5.0
evaluate ot="H1.bs>-5.0" t="H1>-5.0", ctx="{'H1': None}"
check iteration duration=0.00058388710022
GetData ===>> H2,-0.194093803508551,H1,117.123594564738,AX,0.976143304873929,L1,0.0208292307394606,L2,0.0259331...
check iteration duration=4.10079956055e-05
GetData ===>> H2,-0.106420716715394,H1,117.105744007722,AX,1.04450653373686,L1,0.0116938214743267,L2,0.02640057...
check iteration duration=7.60555267334e-05
GetData ===>> H2,-0.139772676929756,H1,117.358551222063,AX,1.08314075480529,L1,0.00696184530005477,L2,0.0906475...
check iteration duration=7.41481781006e-05
GetData ===>> H2,-0.137830173836763,H1,117.539985797905,AX,1.12323711191235,L1,0.0346786177606699,L2,0.05921767...
check iteration duration=3.69548797607e-05
GetData ===>> H2,-0.155584601506139,H1,117.281142039464,AX,0.972388219731485,L1,0.0297650827941953,L2,0.0330246...
testing H1>-5.0
evaluate ot="H1.bs>-5.0" t="H1>-5.0", ctx="{'H1': None}"
check iteration duration=0.00055193901062
06:57:44 -- collecting point 75
GetData ===>> H2,-0.117719582947317,H1,117.026980496738,AX,0.940907151468262,L1,0.000960176894680842,L2,-0.0066...
check iteration duration=4.00543212891e-05
GetData ===>> H2,-0.10434762708206,H1,117.376905528376,AX,1.06153029952865,L1,0.0204027193940962,L2,0.107095708...
check iteration duration=3.71932983398e-05
GetData ===>> H2,-0.14158105511483,H1,117.284388116098,AX,0.948158558697026,L1,0.00953217391432641,L2,0.1160675...
check iteration duration=3.91006469727e-05
GetData ===>> H2,-0.189459271046173,H1,117.345066630485,AX,1.02908276067899,L1,-0.013840326366633,L2,-0.0218695...
check iteration duration=3.88622283936e-05
GetData ===>> H2,-0.2010263385966,H1,116.60605187578,AX,1.10221276663201,L1,-0.00347146147275824,L2,0.068775285...
testing H1>-5.0
evaluate ot="H1.bs>-5.0" t="H1>-5.0", ctx="{'H1': None}"
check iteration duration=0.000576972961426
GetData ===>> H2,-0.159061697826393,H1,117.583070199616,AX,0.871334963764177,L1,0.000458474658915173,L2,-0.0089...
check iteration duration=6.19888305664e-05
GetData ===>> H2,-0.283767165499881,H1,117.230080080539,AX,1.02590037990448,L1,0.0158191620851317,L2,-0.0073853...
check iteration duration=6.19888305664e-05
GetData ===>> H2,-0.227248155562429,H1,117.098379181227,AX,0.994863023835612,L1,0.0202020850869182,L2,0.0107713...
check iteration duration=0.000112056732178
GetData ===>> H2,-0.160277214115336,H1,116.88744257261,AX,0.937852861100193,L1,0.0361078254431752,L2,0.04403922...
check iteration duration=4.10079956055e-05
GetData ===>> H2,-0.198119218322575,H1,116.921014847268,AX,0.945651982540552,L1,0.0171402043118155,L2,-0.017915...
testing H1>-5.0
evaluate ot="H1.bs>-5.0" t="H1>-5.0", ctx="{'H1': None}"
check iteration duration=0.000532865524292
GetData ===>> H2,-0.134702815631719,H1,117.104620556266,AX,0.999734176762969,L1,0.0114237402091021,L2,0.0874335...
check iteration duration=3.91006469727e-05
GetData ===>> H2,-0.187432583292467,H1,116.610044474434,AX,0.962208232620749,L1,-0.00639841707996682,L2,-0.0165...
check iteration duration=8.39233398438e-05
GetData ===>> H2,-0.194297312767575,H1,116.934993211986,AX,0.977186737894592,L1,-0.0101554286038319,L2,-0.09172...
check iteration duration=7.48634338379e-05
GetData ===>> H2,-0.206439465747519,H1,116.983419703689,AX,1.05164216274993,L1,0.00245222859536662,L2,0.0478820...
check iteration duration=7.60555267334e-05
GetData ===>> H2,-0.232371284837277,H1,116.928877654469,AX,1.00635373977638,L1,-0.00598341695321426,L2,0.098375...
testing H1>-5.0
evaluate ot="H1.bs>-5.0" t="H1>-5.0", ctx="{'H1': None}"
check iteration duration=0.000592947006226
GetData ===>> H2,-0.230343040356995,H1,116.833404702721,AX,1.04844738870395,L1,-0.00238923210034441,L2,0.048497...
check iteration duration=8.01086425781e-05
GetData ===>> H2,-0.0274894576208618,H1,116.891061836717,AX,1.02520096943111,L1,-0.00289196730694607,L2,0.06079...
check iteration duration=7.10487365723e-05
GetData ===>> H2,-0.193065419291746,H1,116.389226721729,AX,0.914529155298303,L1,0.00937255925058755,L2,-0.05344...
check iteration duration=3.88622283936e-05
GetData ===>> H2,-0.18643865901493,H1,116.656958648763,AX,1.03421209038514,L1,-0.00695492218874337,L2,0.0489882...
check iteration duration=3.981590271e-05
GetData ===>> H2,-0.21598834067061,H1,116.559015218828,AX,0.935614663065449,L1,0.00250865001229786,L2,-0.051879...
testing H1>-5.0
evaluate ot="H1.bs>-5.0" t="H1>-5.0", ctx="{'H1': None}"
check iteration duration=0.000545024871826
GetData ===>> H2,-0.228723682673377,H1,116.775875531067,AX,0.949720829352808,L1,0.0153784528812345,L2,0.0710678...
check iteration duration=4.19616699219e-05
GetData ===>> H2,-0.220732530918043,H1,116.738689157905,AX,0.945593690836072,L1,-0.0128263348620203,L2,0.068307...
check iteration duration=7.70092010498e-05
GetData ===>> H2,-0.201173292836515,H1,116.319996844625,AX,1.06940187728212,L1,0.0344778958079194,L2,-0.0696028...
check iteration duration=7.39097595215e-05
GetData ===>> H2,-0.133368051422631,H1,116.472059110935,AX,1.005083401585,L1,0.00805733468479579,L2,0.005539413...
check iteration duration=6.60419464111e-05
GetData ===>> H2,-0.118718056877468,H1,116.8110665363,AX,0.978666436311711,L1,0.0015243217014236,L2,0.030128708...
testing H1>-5.0
evaluate ot="H1.bs>-5.0" t="H1>-5.0", ctx="{'H1': None}"
check iteration duration=0.000549077987671
06:58:10 -- collecting point 100
GetData ===>> H2,-0.179569160558309,H1,116.209488002793,AX,1.10712426551428,L1,0.055231608453749,L2,0.165536182...
check iteration duration=7.70092010498e-05
GetData ===>> H2,-0.201193515747621,H1,116.547661859508,AX,1.03256834409105,L1,-0.00117248501829059,L2,0.081792...
check iteration duration=4.6968460083e-05
GetData ===>> H2,-0.102952273487122,H1,116.582969963169,AX,0.901674937565034,L1,-0.0119920524781921,L2,0.013940...
check iteration duration=7.48634338379e-05
GetData ===>> H2,-0.155463005409713,H1,116.263119505602,AX,0.983606693909956,L1,0.00259988531272919,L2,-0.02831...
check iteration duration=3.69548797607e-05
GetData ===>> H2,-0.0858904543131459,H1,116.407189816041,AX,0.934390670178687,L1,0.0193623476996843,L2,0.070668...
testing H1>-5.0
evaluate ot="H1.bs>-5.0" t="H1>-5.0", ctx="{'H1': None}"
check iteration duration=0.000585079193115
GetData ===>> H2,-0.133143546777943,H1,116.167457791446,AX,0.970277505339587,L1,0.0010165899532851,L2,0.0678171...
check iteration duration=8.10623168945e-05
GetData ===>> H2,-0.098308883744534,H1,116.648598788296,AX,0.83911778807547,L1,-0.0408038348810556,L2,0.0507671...
check iteration duration=6.79492950439e-05
GetData ===>> H2,-0.154088878865547,H1,116.087642449557,AX,0.981101579280123,L1,-0.02687099281272,L2,0.07091960...
check iteration duration=7.89165496826e-05
GetData ===>> H2,-0.268759382510052,H1,115.689399991884,AX,0.984468934249433,L1,0.00369717458793001,L2,0.133876...
check iteration duration=6.98566436768e-05
GetData ===>> H2,-0.108508309116957,H1,115.931984276908,AX,1.08752640527511,L1,0.00336101199879162,L2,0.0031571...
testing H1>-5.0
evaluate ot="H1.bs>-5.0" t="H1>-5.0", ctx="{'H1': None}"
check iteration duration=0.000550031661987
GetData ===>> H2,-0.211379917338226,H1,116.061784960058,AX,0.961053867970094,L1,-0.0323413842544529,L2,0.065456...
check iteration duration=4.00543212891e-05
GetData ===>> H2,-0.266878980281435,H1,116.632503125467,AX,1.10281939923612,L1,-0.00471432198300465,L2,0.008525...
check iteration duration=5.88893890381e-05
GetData ===>> H2,-0.239972141398928,H1,116.095499002305,AX,0.988826859795965,L1,0.00500951665516962,L2,0.058864...
check iteration duration=8.70227813721e-05
GetData ===>> H2,-0.310264332753724,H1,116.147253957918,AX,0.966336072211883,L1,-0.004275259445098,L2,-0.008091...
check iteration duration=8.01086425781e-05
GetData ===>> H2,-0.289215035455044,H1,116.116075967459,AX,0.966394376278453,L1,0.00181720933974065,L2,0.009209...
testing H1>-5.0
evaluate ot="H1.bs>-5.0" t="H1>-5.0", ctx="{'H1': None}"
check iteration duration=0.000583171844482
GetData ===>> H2,-0.269417919602576,H1,116.157355825953,AX,1.035541096937,L1,0.018762921313453,L2,0.03222655806...
check iteration duration=7.89165496826e-05
GetData ===>> H2,-0.184242815439773,H1,116.145757393165,AX,1.0828608263404,L1,0.0217063389492742,L2,0.055328747...
check iteration duration=7.60555267334e-05
GetData ===>> H2,-0.18862328946432,H1,115.927990664909,AX,1.03640379506132,L1,-0.0274257137254044,L2,0.04301296...
check iteration duration=5.00679016113e-05
GetData ===>> H2,-0.313389859364106,H1,115.765638275556,AX,0.983851382963715,L1,-0.0321174524899521,L2,0.009848...
check iteration duration=7.20024108887e-05
GetData ===>> H2,-0.207489172299402,H1,115.608551053452,AX,0.957602515518913,L1,-0.0176543162316456,L2,-0.00988...
testing H1>-5.0
evaluate ot="H1.bs>-5.0" t="H1>-5.0", ctx="{'H1': None}"
check iteration duration=0.000616788864136
GetData ===>> H2,-0.104204174771424,H1,115.879694125885,AX,1.0715360585607,L1,-0.00540766590404568,L2,0.0020288...
check iteration duration=4.38690185547e-05
waiting for write to finish
measurement finished
estimated time: 125.829 actual time: :126.181
flush and close file /Users/jan/PychronDev/data/isotopes/67/caa92e-11f1-4cc0-a00d-8f267cb64959.h5
baselines () {'settling_time': 15.0, 'detector': 'H1', 'mass': 34.2, 'ncounts': 60}
%%%%%%%%%%%%%%%%%%%%%%%%%%%%%%%% Baseline
build tables- baseline [Detector(H2), Detector(H1), Detector(AX), Detector(L1), Detector(L2), Detector(CDD)]
add group baseline table H2
add group baseline table H1
add group baseline table AX
add group baseline table L1
add group baseline table L2
add group baseline table CDD
flush and close file /Users/jan/PychronDev/data/isotopes/67/caa92e-11f1-4cc0-a00d-8f267cb64959.h5
detector Detector(H1)
POSITION 34.2 H1
Mapping mass to dac mass func: "parabolic"
H1 map mass coeffs = [-0.00063987  0.15840543  0.56999999]
H1 map mass to dac 34.2 >> 5.23904599104
GetDeflection H1 ===>> 0
GetHighVoltage ===>> 4500
positioning 34.2 (5.23904599104) on H1
setting magnet DAC
current  : 5.878390
requested: 5.239046
Delta Dac: 0.639344
Checking detector protection. dv=0.63934
Checking detector "CDD". Protection Threshold: 0.1 (V)
ProtectDetector CDD,On ===>> OK
GetDeflection CDD ===>> 2000
Protected = 2000
SetMagnetDAC 5.23904599104 ===>> OK
Magnet settling time: 0.500
GetMagnetMoving ===>> True
GetMagnetMoving ===>> True
GetMagnetMoving ===>> True
GetMagnetMoving ===>> True
GetMagnetMoving ===>> True
GetMagnetMoving ===>> True
GetMagnetMoving ===>> True
GetMagnetMoving ===>> True
GetMagnetMoving ===>> False
ProtectDetector CDD,Off ===>> OK
GetDeflection CDD ===>> 50
Delaying 15.0s for detectors to settle
Join finished
measuring baseline. ncounts=60
"baseline" increment series count="2" fit count="1" regressing="True"
starting measurement
check iteration duration=3.19480895996e-05
GetData ===>> H2,-0.234419348008708,H1,-0.508753568311743,AX,-0.0380427193128995,L1,-0.0261173380574966,L2,0.03...
check iteration duration=8.29696655273e-05
GetData ===>> H2,-0.257500069916724,H1,-0.726985832134667,AX,-0.00896658539704424,L1,-0.0272448037878585,L2,-0....
check iteration duration=7.60555267334e-05
GetData ===>> H2,-0.23060146998186,H1,-0.686240237847255,AX,-0.071561696007776,L1,-0.0289100107789898,L2,-0.053...
check iteration duration=4.10079956055e-05
GetData ===>> H2,-0.331295792742187,H1,-0.741352375350559,AX,-0.0744829000039062,L1,-0.041602635916133,L2,-0.04...
testing H1>-5.0
evaluate ot="H1.bs>-5.0" t="H1>-5.0", ctx="{'H1': None}"
check iteration duration=0.000738859176636
GetData ===>> H2,-0.12635523585149,H1,-0.758073826678302,AX,0.00206536562680139,L1,-0.0732633554917766,L2,-0.01...
check iteration duration=3.91006469727e-05
GetData ===>> H2,-0.213922728014197,H1,-0.934102930943274,AX,-0.00431498983631937,L1,-0.0365968064762198,L2,-0....
check iteration duration=6.69956207275e-05
GetData ===>> H2,-0.215904861688541,H1,-0.720273523174552,AX,-0.0801975415223513,L1,-0.0243869535276068,L2,0.03...
check iteration duration=6.98566436768e-05
GetData ===>> H2,-0.220199047622617,H1,-0.616874655487238,AX,-0.22387483301132,L1,-0.0241400738506623,L2,-0.094...
check iteration duration=7.91549682617e-05
GetData ===>> H2,-0.288305897051931,H1,-0.451743790242715,AX,-0.168505333493896,L1,-0.0442237422881825,L2,-0.07...
testing H1>-5.0
evaluate ot="H1.bs>-5.0" t="H1>-5.0", ctx="{'H1': None}"
check iteration duration=0.000574111938477
GetData ===>> H2,-0.213747658746281,H1,-0.762430778112339,AX,-0.118093464632824,L1,-0.0345429645624834,L2,-0.01...
check iteration duration=4.10079956055e-05
GetData ===>> H2,-0.0857834695574086,H1,-0.767376483498787,AX,-0.0736135032190739,L1,-0.0129150332319741,L2,-0....
check iteration duration=6.79492950439e-05
GetData ===>> H2,-0.183983818092503,H1,-0.692952777873556,AX,0.0249220710085427,L1,-0.0410637216462721,L2,0.004...
check iteration duration=5.50746917725e-05
GetData ===>> H2,-0.271314022877628,H1,-0.361864261880471,AX,-0.246335800103673,L1,-0.03980374708195,L2,-0.0603...
check iteration duration=8.70227813721e-05
GetData ===>> H2,-0.234189262185943,H1,-0.691186324390109,AX,-0.103666940424514,L1,-0.0412074349439894,L2,-0.02...
testing H1>-5.0
evaluate ot="H1.bs>-5.0" t="H1>-5.0", ctx="{'H1': None}"
check iteration duration=0.00055193901062
GetData ===>> H2,-0.272034216694291,H1,-0.804703985607722,AX,-0.133189776990872,L1,-0.035030700138418,L2,-0.106...
check iteration duration=3.91006469727e-05
GetData ===>> H2,-0.249557967929098,H1,-0.977192905816508,AX,-0.0723847425153003,L1,-0.0139194277907754,L2,-0.0...
check iteration duration=4.19616699219e-05
GetData ===>> H2,-0.133992854217552,H1,-0.83296361760119,AX,-0.0388892416584774,L1,-0.0248435451178064,L2,0.046...
check iteration duration=7.89165496826e-05
GetData ===>> H2,-0.126339012123915,H1,-0.749124352694354,AX,0.0246783925488436,L1,-0.0141866901244037,L2,-0.04...
check iteration duration=4.00543212891e-05
GetData ===>> H2,-0.234304978448697,H1,-0.735228956229356,AX,-0.0602469989247305,L1,-0.0292178641711022,L2,0.03...
testing H1>-5.0
evaluate ot="H1.bs>-5.0" t="H1>-5.0", ctx="{'H1': None}"
check iteration duration=0.000572919845581
GetData ===>> H2,-0.257083406477264,H1,-0.801642476978052,AX,-0.0970149548623873,L1,-0.0329005931378742,L2,-0.0...
check iteration duration=6.29425048828e-05
GetData ===>> H2,-0.251405842458666,H1,-0.722628724490725,AX,-0.0469482294951678,L1,-0.0260694089770207,L2,-0.0...
check iteration duration=3.38554382324e-05
GetData ===>> H2,-0.146400636898209,H1,-0.676112459622828,AX,-0.216355794685458,L1,-0.0298802560496297,L2,-0.05...
check iteration duration=7.82012939453e-05
GetData ===>> H2,-0.271315366565635,H1,-0.74547388609655,AX,-0.159672037380799,L1,0.0142521501689035,L2,-0.1448...
check iteration duration=7.39097595215e-05
GetData ===>> H2,-0.236787210468783,H1,-0.595439824050902,AX,-0.0355378977381441,L1,-0.00635883688103277,L2,-0....
testing H1>-5.0
evaluate ot="H1.bs>-5.0" t="H1>-5.0", ctx="{'H1': None}"
check iteration duration=0.000574827194214
06:59:16 -- collecting point 25
GetData ===>> H2,-0.166872492967925,H1,-0.68671129477426,AX,-0.0495339215866829,L1,-0.0310995179699613,L2,0.017...
check iteration duration=4.00543212891e-05
GetData ===>> H2,-0.101229161057272,H1,-0.798109955239367,AX,-0.098057979180103,L1,-0.0165005882651805,L2,0.012...
check iteration duration=8.10623168945e-05
GetData ===>> H2,-0.191631186174344,H1,-0.541144023322237,AX,-0.161445716326313,L1,0.00147030646891833,L2,-0.14...
check iteration duration=7.70092010498e-05
GetData ===>> H2,-0.185466228012635,H1,-0.729105499180353,AX,-0.277256026643363,L1,-0.0366099861369087,L2,-0.00...
check iteration duration=3.88622283936e-05
GetData ===>> H2,-0.171322980082153,H1,-0.62759189694497,AX,-0.105474718528841,L1,-0.0605445196877888,L2,0.0009...
testing H1>-5.0
evaluate ot="H1.bs>-5.0" t="H1>-5.0", ctx="{'H1': None}"
check iteration duration=0.000546932220459
GetData ===>> H2,-0.112361771548214,H1,-0.640311109681474,AX,-0.094117606419437,L1,-0.037163516281843,L2,-0.005...
check iteration duration=4.00543212891e-05
GetData ===>> H2,-0.169169475716773,H1,-0.99922114025408,AX,-0.0111937045752769,L1,-0.0145653994822792,L2,-0.01...
check iteration duration=8.20159912109e-05
GetData ===>> H2,-0.224004280406553,H1,-0.642430962562767,AX,-0.00564901129714164,L1,-0.00551322272803758,L2,-0...
check iteration duration=4.00543212891e-05
GetData ===>> H2,-0.21320358002591,H1,-0.511344843760159,AX,-0.0213310927531199,L1,-0.0230386290429128,L2,0.008...
check iteration duration=3.91006469727e-05
GetData ===>> H2,-0.156715382732253,H1,-0.790102859233432,AX,-0.0438522656298077,L1,-0.0286153251626139,L2,-0.0...
testing H1>-5.0
evaluate ot="H1.bs>-5.0" t="H1>-5.0", ctx="{'H1': None}"
check iteration duration=0.000633001327515
GetData ===>> H2,-0.15223617911908,H1,-0.733227060982264,AX,-0.0376948312826245,L1,-0.0280654618376188,L2,0.031...
check iteration duration=3.91006469727e-05
GetData ===>> H2,-0.155522452553154,H1,-0.923506747753572,AX,-0.0891687357327192,L1,-0.0463857302214916,L2,0.09...
check iteration duration=8.29696655273e-05
GetData ===>> H2,-0.279459204893839,H1,-0.807529985159412,AX,-0.0847064234020459,L1,-0.0167392601006083,L2,0.00...
check iteration duration=3.88622283936e-05
GetData ===>> H2,-0.243310073570159,H1,-0.640428879405147,AX,-0.0584267864874914,L1,-0.0198930345227775,L2,-0.1...
check iteration duration=0.000102996826172
GetData ===>> H2,-0.197390972872845,H1,-0.617227972991352,AX,-0.0585543184043529,L1,-0.016633717474618,L2,-0.06...
testing H1>-5.0
evaluate ot="H1.bs>-5.0" t="H1>-5.0", ctx="{'H1': None}"
check iteration duration=0.00103688240051
GetData ===>> H2,-0.270972720939298,H1,-0.592024340954375,AX,-0.140773972535167,L1,-0.0412924643441158,L2,0.017...
check iteration duration=8.70227813721e-05
GetData ===>> H2,-0.287543077372558,H1,-1.0075877039917,AX,-0.116818918127829,L1,-0.0355807224341952,L2,-0.0416...
check iteration duration=4.00543212891e-05
GetData ===>> H2,-0.217994794152865,H1,-0.740763586698904,AX,-0.0524441923874331,L1,0.0316561919716037,L2,0.003...
check iteration duration=8.29696655273e-05
GetData ===>> H2,-0.0524499822708771,H1,-0.885595028865284,AX,-0.106761001725872,L1,0.0290346857444912,L2,-0.10...
check iteration duration=8.79764556885e-05
GetData ===>> H2,-0.0546398598059282,H1,-0.67057746721544,AX,-0.0446059737683132,L1,-0.028741106664977,L2,-0.04...
testing H1>-5.0
evaluate ot="H1.bs>-5.0" t="H1>-5.0", ctx="{'H1': None}"
check iteration duration=0.000594139099121
GetData ===>> H2,-0.141818907023017,H1,-0.77420622645305,AX,-0.107015938718507,L1,-0.0417164030119949,L2,0.0057...
check iteration duration=6.48498535156e-05
GetData ===>> H2,-0.104619640168973,H1,-0.457162216292676,AX,-0.146316239542201,L1,-0.0736505147587931,L2,-0.04...
check iteration duration=7.82012939453e-05
GetData ===>> H2,-0.210612113158659,H1,-0.535372710844876,AX,-0.18452377915885,L1,-0.0518532676777454,L2,-0.047...
check iteration duration=7.48634338379e-05
GetData ===>> H2,-0.269662509301033,H1,-0.866285395803109,AX,-0.0864102395355372,L1,-0.0383507476145434,L2,-0.0...
check iteration duration=5.50746917725e-05
GetData ===>> H2,-0.197154957345925,H1,-0.48920099825259,AX,-0.114478343784305,L1,-0.0167596488894066,L2,-0.010...
testing H1>-5.0
evaluate ot="H1.bs>-5.0" t="H1>-5.0", ctx="{'H1': None}"
check iteration duration=0.000580072402954
06:59:42 -- collecting point 50
GetData ===>> H2,-0.093445505105243,H1,-0.73452240542851,AX,-0.151730659876298,L1,0.0106951570811622,L2,-0.0100...
check iteration duration=8.10623168945e-05
GetData ===>> H2,-0.197136075891085,H1,-0.701431710658859,AX,-0.14587565246429,L1,0.002026077038871,L2,-0.03750...
check iteration duration=9.29832458496e-05
GetData ===>> H2,-0.171501071136673,H1,-1.08406188498205,AX,-0.0973626308773859,L1,-0.0032555048127374,L2,-0.07...
check iteration duration=6.98566436768e-05
GetData ===>> H2,-0.210694284167316,H1,-0.604744011257285,AX,-0.0962732418777518,L1,-0.0144239843640848,L2,-0.0...
check iteration duration=3.91006469727e-05
GetData ===>> H2,-0.272081242675915,H1,-0.864401508969378,AX,0.059220589222254,L1,0.00734579297067169,L2,-0.064...
testing H1>-5.0
evaluate ot="H1.bs>-5.0" t="H1>-5.0", ctx="{'H1': None}"
check iteration duration=0.000576972961426
GetData ===>> H2,-0.137793672682473,H1,-0.751361728785651,AX,-0.0611860761037141,L1,-0.0262179883830209,L2,0.03...
check iteration duration=8.08238983154e-05
GetData ===>> H2,-0.199272177759979,H1,-0.65432560831538,AX,-0.0896555210608706,L1,-0.0297832357352816,L2,-0.11...
check iteration duration=4.29153442383e-05
GetData ===>> H2,-0.132452423269733,H1,-0.707319815644345,AX,-0.104142064847078,L1,-0.0226538739779844,L2,-0.03...
check iteration duration=8.98838043213e-05
GetData ===>> H2,-0.142306758113594,H1,-0.840263891236172,AX,-0.139602867335708,L1,-0.0320396140774687,L2,-0.04...
check iteration duration=5.19752502441e-05
GetData ===>> H2,-0.107420590112075,H1,-0.483311594151389,AX,-0.101940249203482,L1,-0.01116489391154,L2,-0.0132...
testing H1>-5.0
evaluate ot="H1.bs>-5.0" t="H1>-5.0", ctx="{'H1': None}"
check iteration duration=0.000571966171265
GetData ===>> H2,-0.128187015951747,H1,-0.917619930236859,AX,-0.00695981457614836,L1,-0.0140716363576144,L2,-0....
check iteration duration=1.59740447998e-05
waiting for write to finish
measurement finished
estimated time: 62.915 actual time: :63.129
flush and close file /Users/jan/PychronDev/data/isotopes/67/caa92e-11f1-4cc0-a00d-8f267cb64959.h5
activate_detectors ('H1', 'AX', 'CDD') {'peak_center': True}
peak_center () {'detector': 'H1', 'integration_time': 0.262144, 'isotope': 'Ar40'}
peak center: mean=116.047631939 threshold=3
peak center started
setup peak center. detector=['H1', 'AX', 'CDD'], isotope=Ar40
VersionedUnpickler [<apptools.sweet_pickle.versioned_unpickler.VersionedUnpickler object at 0x173f474d0>] using Updater [<apptools.sweet_pickle.updater.Updater object at 0x1373c7050>]
VersionedUnpickler [<apptools.sweet_pickle.versioned_unpickler.VersionedUnpickler object at 0x173f474d0>] using Updater [<apptools.sweet_pickle.updater.Updater object at 0x1373c7050>]
VersionedUnpickler [<apptools.sweet_pickle.versioned_unpickler.VersionedUnpickler object at 0x17504f6b0>] using Updater [<apptools.sweet_pickle.updater.Updater object at 0x1373c7050>]
Mapping mass to dac mass func: "parabolic"
H1 map mass coeffs = [-0.00063987  0.15840543  0.56999999]
H1 map mass to dac 39.9624 >> 5.87839
GetDeflection H1 ===>> 0
GetHighVoltage ===>> 4500
do peak center. <pychron.spectrometer.jobs.peak_center.PeakCenter object at 0x1388c2410>
doing pc
starting peak center. center dac= 5.87839 step_width=0.001
width = 0.001
get scan parameters. half-width=0.015,window=0.015, i=0, scalar=1
Scan parameters center=5.87839 width=0.03000 (5.86339 - 5.89339)
GetData ===>> H2,-0.142183783777988,H1,-0.571295638725605,AX,-0.0641423710134514,L1,-0.00655553694073591,L2,0.0...
Moving to starting dac 5.86339
setting magnet DAC
current  : 5.239046
requested: 5.863390
Delta Dac: 0.624344
Checking detector protection. dv=0.62434
Checking detector "CDD". Protection Threshold: 0.1 (V)
ProtectDetector CDD,On ===>> OK
GetDeflection CDD ===>> 2000
Protected = 2000
SetMagnetDAC 5.86339 ===>> OK
Magnet settling time: 0.500
GetMagnetMoving ===>> True
GetMagnetMoving ===>> True
GetMagnetMoving ===>> True
GetMagnetMoving ===>> True
GetMagnetMoving ===>> True
GetMagnetMoving ===>> True
GetMagnetMoving ===>> True
GetMagnetMoving ===>> True
GetMagnetMoving ===>> False
ProtectDetector CDD,Off ===>> OK
GetDeflection CDD ===>> 50
Wait until signal near baseline. tol= -0.428471729044. timeout= 10
GetData ===>> H2,0.0393885546112595,H1,-0.812122217200486,AX,-0.263464736167392,L1,0.0177899804246766,L2,0.0592...
Peak center baseline intensity achieved
_do_sweep sm= 5.86339, em= 5.89339, stm= 0.001
calculated step values: start=5.86339, end=5.89339, width=0.001, nsteps=31.0
setting magnet DAC
current  : 5.863390
requested: 5.863390
Delta Dac: 0.000000
Checking detector protection. dv=0.00000
Checking detector "CDD". Protection Threshold: 0.1 (V)
SetMagnetDAC 5.86339 ===>> OK
GetData ===>> H2,0.0393885546112595,H1,-0.812122217200486,AX,-0.263464736167392,L1,0.0177899804246766,L2,0.0592...
setting magnet DAC
current  : 5.863390
requested: 5.864424
Delta Dac: 0.001034
Checking detector protection. dv=0.00103
Checking detector "CDD". Protection Threshold: 0.1 (V)
SetMagnetDAC 5.86442448276 ===>> OK
Magnet settling time: 2.097
GetData ===>> H2,2.25205940898222,H1,-0.655267752357841,AX,0.00153171987059058,L1,-0.0336633182784448,L2,-0.106...
setting magnet DAC
current  : 5.864424
requested: 5.865459
Delta Dac: 0.001034
Checking detector protection. dv=0.00103
Checking detector "CDD". Protection Threshold: 0.1 (V)
SetMagnetDAC 5.86545896552 ===>> OK
Magnet settling time: 2.097
GetData ===>> H2,-0.10528678896969,H1,-0.313563892923269,AX,-0.139695628657752,L1,-0.0413247992792937,L2,-0.016...
setting magnet DAC
current  : 5.865459
requested: 5.866493
Delta Dac: 0.001034
Checking detector protection. dv=0.00103
Checking detector "CDD". Protection Threshold: 0.1 (V)
SetMagnetDAC 5.86649344828 ===>> OK
Magnet settling time: 2.097
GetData ===>> H2,-0.19465445593084,H1,1.2294088127331,AX,0.00893341559820375,L1,-0.0109994540402527,L2,-0.08254...
setting magnet DAC
current  : 5.866493
requested: 5.867528
Delta Dac: 0.001034
Checking detector protection. dv=0.00103
Checking detector "CDD". Protection Threshold: 0.1 (V)
SetMagnetDAC 5.86752793103 ===>> OK
Magnet settling time: 2.097
GetData ===>> H2,-0.217851960945645,H1,5.77878119369783,AX,-0.0233839592824407,L1,-0.0047659045761791,L2,-0.016...
setting magnet DAC
current  : 5.867528
requested: 5.868562
Delta Dac: 0.001034
Checking detector protection. dv=0.00103
Checking detector "CDD". Protection Threshold: 0.1 (V)
SetMagnetDAC 5.86856241379 ===>> OK
Magnet settling time: 2.097
GetData ===>> H2,-0.151490927958485,H1,21.0479510851288,AX,-0.00220371850831599,L1,-0.0146629853632755,L2,0.024...
setting magnet DAC
current  : 5.868562
requested: 5.869597
Delta Dac: 0.001034
Checking detector protection. dv=0.00103
Checking detector "CDD". Protection Threshold: 0.1 (V)
SetMagnetDAC 5.86959689655 ===>> OK
Magnet settling time: 2.097
GetData ===>> H2,-0.162220418773553,H1,50.7487704002786,AX,0.210502511736015,L1,-0.0155398468850617,L2,-0.02024...
setting magnet DAC
current  : 5.869597
requested: 5.870631
Delta Dac: 0.001034
Checking detector protection. dv=0.00103
Checking detector "CDD". Protection Threshold: 0.1 (V)
SetMagnetDAC 5.87063137931 ===>> OK
Magnet settling time: 2.097
GetData ===>> H2,-0.145695460172194,H1,84.2222885025161,AX,0.424274510265704,L1,-0.023887195666279,L2,0.0198567...
setting magnet DAC
current  : 5.870631
requested: 5.871666
Delta Dac: 0.001034
Checking detector protection. dv=0.00103
Checking detector "CDD". Protection Threshold: 0.1 (V)
SetMagnetDAC 5.87166586207 ===>> OK
Magnet settling time: 2.097
GetData ===>> H2,-0.32051228024702,H1,103.953276795657,AX,0.645428045527667,L1,0.00167436553402375,L2,-0.015408...
setting magnet DAC
current  : 5.871666
requested: 5.872700
Delta Dac: 0.001034
Checking detector protection. dv=0.00103
Checking detector "CDD". Protection Threshold: 0.1 (V)
SetMagnetDAC 5.87270034483 ===>> OK
Magnet settling time: 2.097
GetData ===>> H2,-0.214783221390896,H1,109.956067050588,AX,0.91723306802731,L1,0.00309329053417882,L2,0.0446663...
setting magnet DAC
current  : 5.872700
requested: 5.873735
Delta Dac: 0.001034
Checking detector protection. dv=0.00103
Checking detector "CDD". Protection Threshold: 0.1 (V)
SetMagnetDAC 5.87373482759 ===>> OK
Magnet settling time: 2.097
GetData ===>> H2,-0.244832004606841,H1,111.882039119516,AX,1.01564286062279,L1,-0.0113866749798548,L2,-0.038744...
setting magnet DAC
current  : 5.873735
requested: 5.874769
Delta Dac: 0.001034
Checking detector protection. dv=0.00103
Checking detector "CDD". Protection Threshold: 0.1 (V)
SetMagnetDAC 5.87476931034 ===>> OK
Magnet settling time: 2.097
GetData ===>> H2,-0.212536913226552,H1,111.654150416812,AX,0.952530647581004,L1,-0.0169287543099636,L2,-0.03808...
setting magnet DAC
current  : 5.874769
requested: 5.875804
Delta Dac: 0.001034
Checking detector protection. dv=0.00103
Checking detector "CDD". Protection Threshold: 0.1 (V)
SetMagnetDAC 5.8758037931 ===>> OK
Magnet settling time: 2.097
GetData ===>> H2,-0.15214983810339,H1,111.993012759179,AX,1.0530763470603,L1,0.0306805564265062,L2,-0.023305335...
setting magnet DAC
current  : 5.875804
requested: 5.876838
Delta Dac: 0.001034
Checking detector protection. dv=0.00103
Checking detector "CDD". Protection Threshold: 0.1 (V)
SetMagnetDAC 5.87683827586 ===>> OK
Magnet settling time: 2.097
GetData ===>> H2,-0.288571797408781,H1,111.587038573981,AX,1.02411689307683,L1,0.209762749532768,L2,0.019959350...
setting magnet DAC
current  : 5.876838
requested: 5.877873
Delta Dac: 0.001034
Checking detector protection. dv=0.00103
Checking detector "CDD". Protection Threshold: 0.1 (V)
SetMagnetDAC 5.87787275862 ===>> OK
Magnet settling time: 2.097
GetData ===>> H2,-0.161078033049276,H1,111.528148058995,AX,1.01161008503285,L1,0.105348549624028,L2,-0.04788089...
setting magnet DAC
current  : 5.877873
requested: 5.878907
Delta Dac: 0.001034
Checking detector protection. dv=0.00103
Checking detector "CDD". Protection Threshold: 0.1 (V)
SetMagnetDAC 5.87890724138 ===>> OK
Magnet settling time: 2.097
GetData ===>> H2,-0.0976575744479402,H1,111.92363728485,AX,0.939892929967492,L1,0.0420323611191103,L2,0.0173031...
setting magnet DAC
current  : 5.878907
requested: 5.879942
Delta Dac: 0.001034
Checking detector protection. dv=0.00103
Checking detector "CDD". Protection Threshold: 0.1 (V)
SetMagnetDAC 5.87994172414 ===>> OK
Magnet settling time: 2.097
GetData ===>> H2,-0.205582380191259,H1,111.349629234741,AX,1.07314547194265,L1,0.0257137281786482,L2,0.08955342...
setting magnet DAC
current  : 5.879942
requested: 5.880976
Delta Dac: 0.001034
Checking detector protection. dv=0.00103
Checking detector "CDD". Protection Threshold: 0.1 (V)
SetMagnetDAC 5.8809762069 ===>> OK
Magnet settling time: 2.097
GetData ===>> H2,-0.112897801814823,H1,111.407887255201,AX,1.02767224214419,L1,0.0340319948633499,L2,0.06194343...
setting magnet DAC
current  : 5.880976
requested: 5.882011
Delta Dac: 0.001034
Checking detector protection. dv=0.00103
Checking detector "CDD". Protection Threshold: 0.1 (V)
SetMagnetDAC 5.88201068966 ===>> OK
Magnet settling time: 2.097
GetData ===>> H2,-0.215569593115869,H1,111.347886523491,AX,1.0330579677594,L1,0.0034954756880779,L2,0.029889282...
setting magnet DAC
current  : 5.882011
requested: 5.883045
Delta Dac: 0.001034
Checking detector protection. dv=0.00103
Checking detector "CDD". Protection Threshold: 0.1 (V)
SetMagnetDAC 5.88304517241 ===>> OK
Magnet settling time: 2.097
GetData ===>> H2,-0.203473080188001,H1,111.160064188963,AX,0.995795283141759,L1,-0.0139074427664788,L2,0.010224...
setting magnet DAC
current  : 5.883045
requested: 5.884080
Delta Dac: 0.001034
Checking detector protection. dv=0.00103
Checking detector "CDD". Protection Threshold: 0.1 (V)
SetMagnetDAC 5.88407965517 ===>> OK
Magnet settling time: 2.097
GetData ===>> H2,-0.161812629994761,H1,109.102356985863,AX,0.88292689162595,L1,0.0317799554423288,L2,0.02815631...
setting magnet DAC
current  : 5.884080
requested: 5.885114
Delta Dac: 0.001034
Checking detector protection. dv=0.00103
Checking detector "CDD". Protection Threshold: 0.1 (V)
SetMagnetDAC 5.88511413793 ===>> OK
Magnet settling time: 2.097
GetData ===>> H2,-0.118095712161649,H1,103.158556911023,AX,0.907734739043856,L1,-0.0422097780393165,L2,-0.05880...
setting magnet DAC
current  : 5.885114
requested: 5.886149
Delta Dac: 0.001034
Checking detector protection. dv=0.00103
Checking detector "CDD". Protection Threshold: 0.1 (V)
SetMagnetDAC 5.88614862069 ===>> OK
Magnet settling time: 2.097
GetData ===>> H2,-0.127482728107275,H1,84.8459184574882,AX,0.665276974286879,L1,-0.0516283543795302,L2,0.049911...
setting magnet DAC
current  : 5.886149
requested: 5.887183
Delta Dac: 0.001034
Checking detector protection. dv=0.00103
Checking detector "CDD". Protection Threshold: 0.1 (V)
SetMagnetDAC 5.88718310345 ===>> OK
Magnet settling time: 2.097
GetData ===>> H2,-0.181668766142376,H1,51.3707698116326,AX,0.326794727138371,L1,-0.0117786760500705,L2,-0.02168...
setting magnet DAC
current  : 5.887183
requested: 5.888218
Delta Dac: 0.001034
Checking detector protection. dv=0.00103
Checking detector "CDD". Protection Threshold: 0.1 (V)
SetMagnetDAC 5.88821758621 ===>> OK
Magnet settling time: 2.097
GetData ===>> H2,-0.206134911338208,H1,19.5315013711568,AX,0.175408784438506,L1,-0.00967703617033839,L2,0.02482...
setting magnet DAC
current  : 5.888218
requested: 5.889252
Delta Dac: 0.001034
Checking detector protection. dv=0.00103
Checking detector "CDD". Protection Threshold: 0.1 (V)
SetMagnetDAC 5.88925206897 ===>> OK
Magnet settling time: 2.097
GetData ===>> H2,-0.196635705856409,H1,4.12260176476514,AX,-0.0833155309694012,L1,-0.0469686451228434,L2,-0.051...
setting magnet DAC
current  : 5.889252
requested: 5.890287
Delta Dac: 0.001034
Checking detector protection. dv=0.00103
Checking detector "CDD". Protection Threshold: 0.1 (V)
SetMagnetDAC 5.89028655172 ===>> OK
Magnet settling time: 2.097
GetData ===>> H2,-0.255920699711717,H1,-4.59082580854538,AX,-0.0430289777618573,L1,-0.0317593908028081,L2,0.070...
setting magnet DAC
current  : 5.890287
requested: 5.891321
Delta Dac: 0.001034
Checking detector protection. dv=0.00103
Checking detector "CDD". Protection Threshold: 0.1 (V)
SetMagnetDAC 5.89132103448 ===>> OK
Magnet settling time: 2.097
GetData ===>> H2,-0.117113420439403,H1,-0.512993833691901,AX,-0.0110893095021893,L1,-0.0412924643441158,L2,-0.0...
setting magnet DAC
current  : 5.891321
requested: 5.892356
Delta Dac: 0.001034
Checking detector protection. dv=0.00103
Checking detector "CDD". Protection Threshold: 0.1 (V)
SetMagnetDAC 5.89235551724 ===>> OK
Magnet settling time: 2.097
GetData ===>> H2,-0.145311782384411,H1,-0.886419212127422,AX,-0.114721673442896,L1,0.0137178608150245,L2,-0.079...
setting magnet DAC
current  : 5.892356
requested: 5.893390
Delta Dac: 0.001034
Checking detector protection. dv=0.00103
Checking detector "CDD". Protection Threshold: 0.1 (V)
SetMagnetDAC 5.89339 ===>> OK
Magnet settling time: 2.097
GetData ===>> H2,-0.199802095140159,H1,-0.794812923561673,AX,-0.0423680233065889,L1,-0.00427286014365733,L2,-0....
result of _do_sweep=True
result of _calculate_peak_center=([5.8705743687374738, 5.8783899999999996, 5.8862056312625253], [82.377555540961936, 111.98350559927279, 83.001095636315796], 5.8757747695390776, 111.98350559927279)
Failed to find a valid peak. No peak greater than 1.0. max = 0.0239106853908
new center pos Detector(H1) (Ar40) @ 5.87839
GetHighVoltage ===>> 4500
GetDeflection H1 ===>> 0
dac uncorrected for HV and deflection 5.87839
update mftable H1 Ar40 5.87839 message=automated run peakcenter
get initial guess parabolic
get initial guess parabolic
get initial guess parabolic
get initial guess parabolic
get initial guess parabolic
get initial guess parabolic
dump mftable to /Users/jan/PychronDev/setupfiles/spectrometer/mftables/mftable.csv
add to repo msg=modified - automated run peakcenter
sweep finished
locally archiving mftable
setting magnet DAC
current  : 5.893390
requested: 5.878390
Delta Dac: 0.015000
Checking detector protection. dv=0.01500
Checking detector "CDD". Protection Threshold: 0.1 (V)
SetMagnetDAC 5.87839 ===>> OK
Magnet settling time: 0.500
Failed to find a valid peak. No peak greater than 1.0. max = 0.0239106853908
flush and close file /Users/jan/PychronDev/data/isotopes/67/caa92e-11f1-4cc0-a00d-8f267cb64959.h5
finished measure script
executed snippet estimated_duration=226.132928, duration=291.922115803
jan_unknown120_60.py completed successfully
Measurement Finished
07:01:00 -- ******* Measurement Finished *******
Post Measurement Started jan_pump_ms.py
07:01:00 -- ******* Post Measurement Started jan_pump_ms.py *******
testing...
no interpolation path defined
executed snippet estimated_duration=0, duration=3.19480895996e-05
Pumping spectrometer
open () {'name': 'O'}
opening name=O desc=---
checking ownership. requestor=129.138.12.150
check software interlocks O
interlocks []
actuate state mode=None-script, software_lock=False
doing actuation None-script open_channel True
Open O ===>> OK
GetIndicatorState O ===>> OK
change switch state (True, True)
update switch state O True args=() kw={} ncanvase=2
07:01:00 -- OPEN   VALVE-O (Jan Ion Pump)
---------------------------------------- open O () result=[(True, True)], time=0.08 sec
action=open, ok=True, locked=[False]
executed snippet estimated_duration=0, duration=0.336566925049
jan_pump_ms.py completed successfully
setting _ms_pumptime
Post Measurement Finished
07:01:00 -- ******* Post Measurement Finished *******
$$$$$$$$$$$$$$$$$$$$ state at run end measurement
state changed from measurement to success
post measurement save measured=True aborted=False
Set filtering
setting fod for Ar40= {'filter_outliers': True, 'std_devs': 2, 'iterations': 1}
setting fod for H1= {'filter_outliers': True, 'std_devs': 2, 'iterations': 1}
setting fod for PM41= {'filter_outliers': False, 'std_devs': 2, 'iterations': 1}
setting fod for H2= {'filter_outliers': True, 'std_devs': 2, 'iterations': 1}
setting fod for Ar36= {'filter_outliers': True, 'std_devs': 2, 'iterations': 1}
setting fod for CDD= {'filter_outliers': True, 'std_devs': 10, 'iterations': 1}
setting fod for Ar37= {'filter_outliers': True, 'std_devs': 2, 'iterations': 1}
setting fod for L2= {'filter_outliers': True, 'std_devs': 2, 'iterations': 1}
setting fod for Ar38= {'filter_outliers': True, 'std_devs': 2, 'iterations': 1}
setting fod for L1= {'filter_outliers': True, 'std_devs': 2, 'iterations': 1}
setting fod for Ar39= {'filter_outliers': True, 'std_devs': 2, 'iterations': 1}
setting fod for AX= {'filter_outliers': True, 'std_devs': 2, 'iterations': 1}
persistence save...
persistence save - db
post measurement save
6110514832 connecting to database sqlite:////Users/jan/PychronDev/.appdata/local_lab.db
connected to db sqlite:////Users/jan/PychronDev/.appdata/local_lab.db
create new session 6110514832
close session 6110514832
No database instance. Not saving post measurement to isotopedb database
$$$$$$$$$$$$$$$ auto_save_detector_ic=False
massspec enabled True
create new session 5035355696
MassSpec Database Version: 16.0
close session 5035355696
saving post measurement to secondary database
saving to massspec database 129.138.12.160/massspecdata
setting labnumber to 65269
setting aliquot to 11
setting step to Q
setting uuid to 67caa92e-11f1-4cc0-a00d-8f267cb64959
setting irradpos to 65269
setting extract_device to Fusions CO2
setting tray to 
setting position to 81
setting power_requested to 1.05
setting extract_value to 1.05
setting duration to 30.0
setting duration_at_request to 30.0
setting first_stage_delay to 30.0
setting cleanup to 30.0
setting comment to AM-5b F:12
setting irradiation to NM-285
setting level to F
setting irradiation_level to F
setting sample to AM-5b
setting material to Kspar
setting project to REEFenite
setting mass_spectrometer to Jan
no attribute chron_dosages
no attribute production_ratios
no attribute interference_corrections
no attribute production_name
no attribute j
Reference Isotope=Ar40
Reference Detector=H1
%%%%%%%%%%%%%%%%%%%% Comment: AM-5b F:12 %%%%%%%%%%%%%%%%%%%
adding isotope PM41 H2
add baseline dbdet= PM41. original det= H2
get baseline data PM41 H2
Get data baseline <pychron.processing.isotope.Baseline object at 0x13424a690> len t=60
baseline PM41. v=-0.195930058595, e=0.00753532004716
get signal data PM41 H2
Get data signal PM41 0.05+/-0.06 len t=120
adding isotope Ar40 H1
add baseline dbdet= Ar40. original det= H1
get baseline data Ar40 H1
Get data baseline <pychron.processing.isotope.Baseline object at 0x155d36710> len t=60
baseline Ar40. v=-0.718360869044, e=0.0174451530417
get signal data Ar40 H1
Get data signal Ar40 120.92+/-0.04 len t=120
adding isotope Ar39 AX
add baseline dbdet= Ar39. original det= AX
get baseline data Ar39 AX
Get data baseline <pychron.processing.isotope.Baseline object at 0x155d36e50> len t=60
baseline Ar39. v=-0.0815018572863, e=0.00712688763019
get signal data Ar39 AX
Get data signal Ar39 1.092+/-0.012 len t=120
adding isotope Ar38 L1
add baseline dbdet= Ar38. original det= L1
get baseline data Ar38 L1
Get data baseline <pychron.processing.isotope.Baseline object at 0x155d36810> len t=60
baseline Ar38. v=-0.0247972518925, e=0.00207548244432
get signal data Ar38 L1
Get data signal Ar38 0.043+/-0.004 len t=120
adding isotope Ar37 L2
add baseline dbdet= Ar37. original det= L2
get baseline data Ar37 L2
Get data baseline <pychron.processing.isotope.Baseline object at 0x155d36450> len t=60
baseline Ar37. v=-0.0315156153222, e=0.00557694553764
get signal data Ar37 L2
Get data signal Ar37 0.029+/-0.010 len t=120
adding isotope Ar36 CDD
add baseline dbdet= Ar36. original det= CDD
get baseline data Ar36 CDD
Get data baseline <pychron.processing.isotope.Baseline object at 0x155d36590> len t=60
baseline Ar36. v=2.7291992101e-05, e=8.29199924438e-06
get signal data Ar36 CDD
Get data signal Ar36 0.0189+/-0.0004 len t=120
65269-11Q added analysis time 0.549900054932s
analysis added to mass spec database
mass spec save time= 0.560
persistence save - dvc
================= post measurement started
create new session 4996344144
close session 4996344144
---------------- Experiment Queue saving disabled
DVC saving peakcenter
Failed to find a valid peak. No peak greater than 1.0. max = 0.0239106853908
Smart pull ahead: 0 behind: 0
Up-to-date with origin
add to repo msg=modified - ad8224ebc6dbfeb9f5997218dfa5fe690569839d.json
add to repo msg=modified - 69-11Q.json
add to repo msg=modified - 69-11Q.dat.json
add to repo msg=modified - 69-11Q.blan.json
add to repo msg=modified - 69-11Q.inte.json
add to repo msg=modified - 69-11Q.icfa.json
add to repo msg=modified - 69-11Q.base.json
not at valid file /Users/jan/PychronDev/data/.dvc/repositories/REEFenite/652/tags/69-11Q.tags.json
add to repo msg=modified - 69-11Q.peak.json
add to repo msg=modified - 69-11Q.extr.json
not at valid file /Users/jan/PychronDev/data/.dvc/repositories/REEFenite/652/monitor/69-11Q.moni.json
commit message=<COLLECTION>
add to repo msg=modified - 69-11Q.inte.json
add to repo msg=modified - 69-11Q.base.json
commit message=<ISOEVO> default collection fits
add to repo msg=modified - 69-11Q.blan.json
commit message=<BLANKS> preceding bu-FC-J-7866
add to repo msg=modified - 69-11Q.icfa.json
commit message=<ICFactor> default
push repository <pychron.git_archive.repo_manager.GitRepoManager object at 0x154f012f0>
pushing to remote=origin, url=https://github.com
no changes to meta repo
create new session 4996344144
add association REEFenite
get identifier "65269"
setting analysis irradiation position=<pychron.dvc.dvc_orm.IrradiationPositionTbl object at 0x160063110>
close session 4996344144
================= post measurement finished
07:01:22 -- ******* Post Run Check *******
loading queue conditionals post_run_actions
loading system conditionals post_run_actions
loading conditionals from /Users/jan/PychronDev/setupfiles/spectrometer/default_conditionals.yaml
loading queue conditionals post_run_terminations
loading system conditionals post_run_terminations
loading conditionals from /Users/jan/PychronDev/setupfiles/spectrometer/default_conditionals.yaml
Checking default post run terminations n=1
GetDeflection CDD ===>> 50
testing CDD==2000
evaluate ot="CDD.deflection==2000" t="CDD==2000", ctx="{'CDD': 50.0}"
07:01:23 -- ******* Post Run Check Passed *******
07:01:23 -- Automated run 65269-11Q success duration: 389.722 s
----------------- finish -----------------
----------------- stop -----------------
retroactive repository identifiers disabled
finish run. runs completed=67
update duration runid=65269-11Q, duration=389.722246885, md5=3be28e4d
loading script "jan_unknown120_60.py"
loading script "jan_pump_ms.py"
loading script "jan_co2.py"
loading script "jan_pump_extraction_line.py"
testing...
no interpolation path defined
executed snippet estimated_duration=213.652928, duration=0.000198841094971
script duration name:unknown120_60 seconds:214.0
loading script "jan_unknown120_60.py"
loading script "jan_pump_ms.py"
loading script "jan_co2.py"
loading script "jan_pump_extraction_line.py"
testing...
no interpolation path defined
executed snippet estimated_duration=0, duration=2.50339508057e-05
loading script "jan_unknown120_60.py"
loading script "jan_pump_ms.py"
loading script "jan_co2.py"
loading script "jan_pump_extraction_line.py"
testing...
no interpolation path defined
calculate duration
testing...
no interpolation path defined
executed snippet estimated_duration=0, duration=0.000117063522339
calculate duration
testing...
no interpolation path defined
executed snippet estimated_duration=0, duration=9.32216644287e-05
executed snippet estimated_duration=0.0, duration=0.00258708000183
script duration name:co2 seconds:0.0
loading script "jan_unknown120_60.py"
loading script "jan_pump_ms.py"
loading script "jan_co2.py"
loading script "jan_pump_extraction_line.py"
testing...
no interpolation path defined
calculate duration
testing...
no interpolation path defined
executed snippet estimated_duration=4.0, duration=0.000156879425049
executed snippet estimated_duration=4.0, duration=0.00155782699585
Script duration 214.0
Run total estimated duration= 215.000
unknown120_60 in script context. using previous estimated duration
script duration name:unknown120_60 seconds:214.0
pump_ms in script context. using previous estimated duration
co2 in script context. using previous estimated duration
script duration name:co2 seconds:0.0
pump_extraction_line in script context. using previous estimated duration
Script duration 214.0
Run total estimated duration= 215.000
script duration name:unknown120_60 seconds:214.0
script duration name:co2 seconds:0.0
Script duration 214.0
Run total estimated duration= 215.000
script duration name:unknown120_60 seconds:214.0
script duration name:co2 seconds:0.0
Script duration 214.0
Run total estimated duration= 215.000
loading script "jan_unknown400_120.py"
loading script "jan_pump_ms.py"
loading script "jan_sniffair_x2.py"
loading script "jan_pump_extraction_line.py"
testing...
no interpolation path defined
executed snippet estimated_duration=556.052928, duration=0.000169038772583
script duration name:unknown400_120 seconds:556.0
loading script "jan_unknown400_120.py"
loading script "jan_pump_ms.py"
loading script "jan_sniffair_x2.py"
loading script "jan_pump_extraction_line.py"
testing...
no interpolation path defined
calculate duration
testing...
no interpolation path defined
executed snippet estimated_duration=0, duration=6.19888305664e-05
calculate duration
testing...
no interpolation path defined
executed snippet estimated_duration=0, duration=0.000113964080811
calculate duration
testing...
no interpolation path defined
executed snippet estimated_duration=32.0, duration=0.000171899795532
calculate duration
testing...
no interpolation path defined
executed snippet estimated_duration=34.0, duration=0.000108003616333
calculate duration
testing...
no interpolation path defined
executed snippet estimated_duration=4.0, duration=7.89165496826e-05
calculate duration
testing...
no interpolation path defined
executed snippet estimated_duration=36.0, duration=0.000112056732178
calculate duration
testing...
no interpolation path defined
executed snippet estimated_duration=34.0, duration=0.000140905380249
calculate duration
testing...
no interpolation path defined
executed snippet estimated_duration=4.0, duration=6.29425048828e-05
calculate duration
testing...
no interpolation path defined
executed snippet estimated_duration=36.0, duration=8.89301300049e-05
calculate duration
testing...
no interpolation path defined
executed snippet estimated_duration=70.0, duration=9.89437103271e-05
executed snippet estimated_duration=250.0, duration=0.0191419124603
script duration name:sniffair_x2 seconds:250.0
Script duration 806.0
Run total estimated duration= 807.000
unknown400_120 in script context. using previous estimated duration
script duration name:unknown400_120 seconds:556.0
sniffair_x2 in script context. using previous estimated duration
script duration name:sniffair_x2 seconds:250.0
Script duration 806.0
Run total estimated duration= 807.000
script duration name:unknown400_120 seconds:556.0
loading script "jan_unknown400_120.py"
loading script "jan_pump_ms.py"
loading script "jan_cocktail_x1.py"
loading script "jan_pump_extraction_line.py"
testing...
no interpolation path defined
calculate duration
testing...
no interpolation path defined
executed snippet estimated_duration=0, duration=4.60147857666e-05
calculate duration
testing...
no interpolation path defined
executed snippet estimated_duration=0, duration=9.70363616943e-05
calculate duration
testing...
no interpolation path defined
executed snippet estimated_duration=32.0, duration=8.98838043213e-05
calculate duration
testing...
no interpolation path defined
executed snippet estimated_duration=34.0, duration=7.9870223999e-05
calculate duration
testing...
no interpolation path defined
executed snippet estimated_duration=4.0, duration=5.00679016113e-05
calculate duration
testing...
no interpolation path defined
executed snippet estimated_duration=38.0, duration=7.70092010498e-05
executed snippet estimated_duration=108.0, duration=0.00629496574402
script duration name:cocktail_x1 seconds:108.0
Script duration 664.0
Run total estimated duration= 665.000
script duration name:unknown400_120 seconds:556.0
cocktail_x1 in script context. using previous estimated duration
script duration name:cocktail_x1 seconds:108.0
Script duration 664.0
Run total estimated duration= 665.000
script duration name:unknown400_120 seconds:556.0
script duration name:co2 seconds:0.0
Script duration 556.0
Run total estimated duration= 557.000
script duration name:unknown120_60 seconds:214.0
script duration name:co2 seconds:0.0
Script duration 214.0
Run total estimated duration= 215.000
script duration name:unknown120_60 seconds:214.0
script duration name:co2 seconds:0.0
Script duration 214.0
Run total estimated duration= 215.000
script duration name:unknown120_60 seconds:214.0
script duration name:co2 seconds:0.0
Script duration 214.0
Run total estimated duration= 215.000
script duration name:unknown120_60 seconds:214.0
script duration name:co2 seconds:0.0
Script duration 214.0
Run total estimated duration= 215.000
script duration name:unknown120_60 seconds:214.0
script duration name:co2 seconds:0.0
Script duration 214.0
Run total estimated duration= 215.000
script duration name:unknown120_60 seconds:214.0
script duration name:co2 seconds:0.0
Script duration 214.0
Run total estimated duration= 215.000
script duration name:unknown120_60 seconds:214.0
script duration name:co2 seconds:0.0
Script duration 214.0
Run total estimated duration= 215.000
script duration name:unknown120_60 seconds:214.0
script duration name:co2 seconds:0.0
Script duration 214.0
Run total estimated duration= 215.000
script duration name:unknown120_60 seconds:214.0
script duration name:co2 seconds:0.0
Script duration 214.0
Run total estimated duration= 215.000
script duration name:unknown120_60 seconds:214.0
script duration name:co2 seconds:0.0
Script duration 214.0
Run total estimated duration= 215.000
script duration name:unknown120_60 seconds:214.0
script duration name:co2 seconds:0.0
Script duration 214.0
Run total estimated duration= 215.000
script duration name:unknown120_60 seconds:214.0
script duration name:co2 seconds:0.0
Script duration 214.0
Run total estimated duration= 215.000
script duration name:unknown120_60 seconds:214.0
script duration name:co2 seconds:0.0
Script duration 214.0
Run total estimated duration= 215.000
script duration name:unknown120_60 seconds:214.0
script duration name:co2 seconds:0.0
Script duration 214.0
Run total estimated duration= 215.000
script duration name:unknown120_60 seconds:214.0
script duration name:co2 seconds:0.0
Script duration 214.0
Run total estimated duration= 215.000
script duration name:unknown120_60 seconds:214.0
script duration name:co2 seconds:0.0
Script duration 214.0
Run total estimated duration= 215.000
script duration name:unknown120_60 seconds:214.0
script duration name:co2 seconds:0.0
Script duration 214.0
Run total estimated duration= 215.000
script duration name:unknown120_60 seconds:214.0
script duration name:co2 seconds:0.0
Script duration 214.0
Run total estimated duration= 215.000
script duration name:unknown120_60 seconds:214.0
script duration name:co2 seconds:0.0
Script duration 214.0
Run total estimated duration= 215.000
script duration name:unknown400_120 seconds:556.0
script duration name:sniffair_x2 seconds:250.0
Script duration 806.0
Run total estimated duration= 807.000
script duration name:unknown400_120 seconds:556.0
script duration name:sniffair_x2 seconds:250.0
Script duration 806.0
Run total estimated duration= 807.000
script duration name:unknown400_120 seconds:556.0
script duration name:cocktail_x1 seconds:108.0
Script duration 664.0
Run total estimated duration= 665.000
script duration name:unknown400_120 seconds:556.0
script duration name:cocktail_x1 seconds:108.0
Script duration 664.0
Run total estimated duration= 665.000
script duration name:unknown400_120 seconds:556.0
script duration name:co2 seconds:0.0
Script duration 556.0
Run total estimated duration= 557.000
script duration name:unknown120_60 seconds:214.0
script duration name:co2 seconds:0.0
Script duration 214.0
Run total estimated duration= 215.000
script duration name:unknown120_60 seconds:214.0
script duration name:co2 seconds:0.0
Script duration 214.0
Run total estimated duration= 215.000
script duration name:unknown120_60 seconds:214.0
script duration name:co2 seconds:0.0
Script duration 214.0
Run total estimated duration= 215.000
script duration name:unknown120_60 seconds:214.0
script duration name:co2 seconds:0.0
Script duration 214.0
Run total estimated duration= 215.000
script duration name:unknown120_60 seconds:214.0
script duration name:co2 seconds:0.0
Script duration 214.0
Run total estimated duration= 215.000
script duration name:unknown120_60 seconds:214.0
script duration name:co2 seconds:0.0
Script duration 214.0
Run total estimated duration= 215.000
script duration name:unknown120_60 seconds:214.0
script duration name:co2 seconds:0.0
Script duration 214.0
Run total estimated duration= 215.000
script duration name:unknown120_60 seconds:214.0
script duration name:co2 seconds:0.0
Script duration 214.0
Run total estimated duration= 215.000
script duration name:unknown120_60 seconds:214.0
script duration name:co2 seconds:0.0
Script duration 214.0
Run total estimated duration= 215.000
script duration name:unknown120_60 seconds:214.0
script duration name:co2 seconds:0.0
Script duration 214.0
Run total estimated duration= 215.000
script duration name:unknown120_60 seconds:214.0
script duration name:co2 seconds:0.0
Script duration 214.0
Run total estimated duration= 215.000
script duration name:unknown120_60 seconds:214.0
script duration name:co2 seconds:0.0
Script duration 214.0
Run total estimated duration= 215.000
script duration name:unknown120_60 seconds:214.0
script duration name:co2 seconds:0.0
Script duration 214.0
Run total estimated duration= 215.000
script duration name:unknown120_60 seconds:214.0
script duration name:co2 seconds:0.0
Script duration 214.0
Run total estimated duration= 215.000
script duration name:unknown120_60 seconds:214.0
script duration name:co2 seconds:0.0
Script duration 214.0
Run total estimated duration= 215.000
script duration name:unknown120_60 seconds:214.0
script duration name:co2 seconds:0.0
Script duration 214.0
Run total estimated duration= 215.000
script duration name:unknown120_60 seconds:214.0
script duration name:co2 seconds:0.0
Script duration 214.0
Run total estimated duration= 215.000
script duration name:unknown120_60 seconds:214.0
script duration name:co2 seconds:0.0
Script duration 214.0
Run total estimated duration= 215.000
script duration name:unknown120_60 seconds:214.0
script duration name:co2 seconds:0.0
Script duration 214.0
Run total estimated duration= 215.000
script duration name:unknown400_120 seconds:556.0
script duration name:sniffair_x2 seconds:250.0
Script duration 806.0
Run total estimated duration= 807.000
script duration name:unknown400_120 seconds:556.0
script duration name:sniffair_x2 seconds:250.0
Script duration 806.0
Run total estimated duration= 807.000
script duration name:unknown400_120 seconds:556.0
script duration name:cocktail_x1 seconds:108.0
Script duration 664.0
Run total estimated duration= 665.000
script duration name:unknown400_120 seconds:556.0
script duration name:cocktail_x1 seconds:108.0
Script duration 664.0
Run total estimated duration= 665.000
nruns=56 before=5.0, run_dur=18976.0, btw=1650.0
write rem/ex queues
/Users/jan/PychronDev/experiments/rem/Load1796.rem.txt
/Users/jan/PychronDev/experiments/rem/Load1796.ex.txt
doing event level: 3
