do run
loading script "jan_unknown120_60.py"
loading script "jan_pump_ms.py"
loading script "jan_co2.py"
loading script "jan_pump_extraction_line.py"
testing...
no interpolation path defined
executed snippet estimated_duration=213.652928, duration=0.000182151794434
script duration name:unknown120_60 seconds:214.0
loading script "jan_unknown120_60.py"
loading script "jan_pump_ms.py"
loading script "jan_co2.py"
loading script "jan_pump_extraction_line.py"
testing...
no interpolation path defined
executed snippet estimated_duration=0, duration=2.09808349609e-05
loading script "jan_unknown120_60.py"
loading script "jan_pump_ms.py"
loading script "jan_co2.py"
loading script "jan_pump_extraction_line.py"
testing...
no interpolation path defined
calculate duration
testing...
no interpolation path defined
executed snippet estimated_duration=0, duration=6.91413879395e-05
calculate duration
testing...
no interpolation path defined
executed snippet estimated_duration=0, duration=6.79492950439e-05
executed snippet estimated_duration=0.0, duration=0.00190305709839
script duration name:co2 seconds:0.0
loading script "jan_unknown120_60.py"
loading script "jan_pump_ms.py"
loading script "jan_co2.py"
loading script "jan_pump_extraction_line.py"
testing...
no interpolation path defined
calculate duration
testing...
no interpolation path defined
executed snippet estimated_duration=4.0, duration=0.000108003616333
executed snippet estimated_duration=4.0, duration=0.000952005386353
Script duration 214.0
Run total estimated duration= 215.000
run duration: 0:03:35
doing event level: 2
07:16:14 -- Setting default integration. t=1.048576
setting integration time = 1.048576
SetIntegrationTime 1.048576 ===>> OK
----------------- start -----------------
**************** Experiment Type: Ar/Ar, Ar/Ar
create new session 5001404976
close session 5001404976
$$$$$ Clearing conditionals
adding conditionals 
Add queue conditionals
add default conditionals
adding default conditionals from /Users/jan/PychronDev/setupfiles/spectrometer/default_conditionals.yaml
Start automated run 65269-11T
loading script "jan_unknown120_60.py"
loading script "jan_pump_ms.py"
loading script "jan_co2.py"
loading script "jan_pump_extraction_line.py"
%%%%%%%%%%%%%%%%%% setting automated run 65269-11T
No value "sensitivity_multiplier" in metadata
$$$$$$$$$$$$$$$ auto_save_detector_ic=False
============================= Pre Extraction Check =============================
loading queue conditionals pre_run_terminations
loading system conditionals pre_run_terminations
loading conditionals from /Users/jan/PychronDev/setupfiles/spectrometer/default_conditionals.yaml
07:16:14 -- ******* Pre Extraction Check *******
Get a measurement from the spectrometer
GetData ===>> H2,-0.232072521857359,H1,-0.643490887299007,AX,-0.0757927764911332,L1,-0.0299221781180463,L2,-0.0...
Pre Extraction Termination data. keys=H2,H1,AX,L1,L2,CDD, signals=-0.23207,-0.64349,-0.07579,-0.02992,-0.00509,0.00223
07:16:14 -- testing system defined conditionals
Checking default pre extraction terminations n=2
testing CDD
evaluate ot="CDD.inactive" t="CDD", ctx="{'CDD': False}"
GetDeflection CDD ===>> 50
testing CDD==2000
evaluate ot="CDD.deflection==2000" t="CDD==2000", ctx="{'CDD': 50.0}"
07:16:14 -- ******* Pre Extraction Check Passed *******
=================================================================================
07:16:14 -- stopping status monitor
stop 4988822832
Alive clients [4997662672]
07:16:14 -- starting status monitor
start 4988822832
Monitor already running
start extraction
do extraction
Analysis started at 07:16:14.566644
Extraction Started jan_co2.py
07:16:14 -- ******* Extraction Started jan_co2.py *******
state changed from not run to extraction
DO EXTRACTION <pychron.extraction_line.pyscript_runner.RemotePyScriptRunner object at 0x12cde6950>
testing...
no interpolation path defined
calculate duration
testing...
no interpolation path defined
executed snippet estimated_duration=0, duration=4.81605529785e-05
calculate duration
testing...
no interpolation path defined
executed snippet estimated_duration=0, duration=0.000143051147461
executed snippet estimated_duration=100.0, duration=0.00293588638306
Jan CO2 laser analysis
doing GOSUB
testing...
no interpolation path defined
executed snippet estimated_duration=0, duration=4.6968460083e-05
Waiting for CO2 access
wait ('FelixCO2Flag', 0) {}
waiting for FelixCO2Flag = 0
Read FelixCO2Flag ===>> 0
finished waiting
CO2 free
wait ('CO2PumpTimeFlag', 0) {}
waiting for CO2PumpTimeFlag = 0
Read CO2PumpTimeFlag ===>> 0
finished waiting
acquire ('JanCO2Flag',) {'clear': True}
acquire JanCO2Flag
Set JanCO2Flag 1 ===>> OK
JanCO2Flag acquired
set extraction state False (0.75, 'red', 1.5)
CO2 acquired
executed snippet estimated_duration=0, duration=0.0173480510712
WaitForCO2Access.py completed successfully
gosub finished
doing GOSUB
testing...
no interpolation path defined
executed snippet estimated_duration=0, duration=7.9870223999e-05
Prepare for CO2 analysis
close () {'description': 'Jan Inlet'}
closing name=--- desc=Jan Inlet
checking ownership. requestor=129.138.12.150
check software interlocks R
interlocks []
actuate state mode=None-script, software_lock=False
doing actuation None-script close_channel False
Close R ===>> OK
GetIndicatorState R ===>> False
change switch state (True, True)
update switch state R False args=() kw={} ncanvase=2
07:16:15 -- CLOSE  VALVE-R (Jan Inlet)
---------------------------------------- close None (Jan Inlet) result=[(True, True)]
action=close, ok=True, locked=[False]
open () {'description': 'Jan Ion Pump'}
opening name=--- desc=Jan Ion Pump
checking ownership. requestor=129.138.12.150
check software interlocks O
interlocks []
actuate state mode=None-script, software_lock=False
doing actuation None-script open_channel False
Open O ===>> OK
GetIndicatorState O ===>> OK
change switch state (True, True)
update switch state O True args=() kw={} ncanvase=2
07:16:15 -- OPEN   VALVE-O (Jan Ion Pump)
---------------------------------------- open None (Jan Ion Pump) result=[(True, True)], time=0.11 sec
action=open, ok=True, locked=[False]
close () {'description': 'Microbone to Minibone'}
closing name=--- desc=Microbone to Minibone
checking ownership. requestor=129.138.12.150
check software interlocks L
interlocks []
actuate state mode=None-script, software_lock=False
doing actuation None-script close_channel False
Close L ===>> OK
GetIndicatorState L ===>> False
change switch state (True, True)
update switch state L False args=() kw={} ncanvase=2
07:16:16 -- CLOSE  VALVE-L (Microbone to Minibone)
---------------------------------------- close None (Microbone to Minibone) result=[(True, True)]
action=close, ok=True, locked=[False]
open () {'description': 'Microbone to Turbo'}
opening name=--- desc=Microbone to Turbo
checking ownership. requestor=129.138.12.150
check software interlocks U
interlocks []
actuate state mode=None-script, software_lock=False
doing actuation None-script open_channel False
Open U ===>> OK
GetIndicatorState U ===>> OK
change switch state (True, True)
update switch state U True args=() kw={} ncanvase=2
07:16:16 -- OPEN   VALVE-U (Microbone to Turbo)
---------------------------------------- open None (Microbone to Turbo) result=[(True, True)], time=0.12 sec
action=open, ok=True, locked=[False]
open () {'description': 'Microbone to Inlet Pipette'}
opening name=--- desc=Microbone to Inlet Pipette
checking ownership. requestor=129.138.12.150
check software interlocks S
interlocks []
actuate state mode=None-script, software_lock=False
doing actuation None-script open_channel False
Open S ===>> OK
GetIndicatorState S ===>> OK
change switch state (True, True)
update switch state S True args=() kw={} ncanvase=2
07:16:17 -- OPEN   VALVE-S (Microbone to Inlet Pipette)
---------------------------------------- open None (Microbone to Inlet Pipette) result=[(True, True)], time=0.42 sec
action=open, ok=True, locked=[False]
open () {'description': 'Microbone to Getter D-50'}
opening name=--- desc=Microbone to Getter D-50
checking ownership. requestor=129.138.12.150
check software interlocks K
interlocks []
actuate state mode=None-script, software_lock=False
doing actuation None-script open_channel False
Open K ===>> OK
GetIndicatorState K ===>> OK
change switch state (True, True)
update switch state K True args=() kw={} ncanvase=2
07:16:17 -- OPEN   VALVE-K (Microbone to Getter D-50)
---------------------------------------- open None (Microbone to Getter D-50) result=[(True, True)], time=0.41 sec
action=open, ok=True, locked=[False]
open () {'description': 'Microbone to Getter NP-10'}
opening name=--- desc=Microbone to Getter NP-10
checking ownership. requestor=129.138.12.150
check software interlocks M
interlocks []
actuate state mode=None-script, software_lock=False
doing actuation None-script open_channel False
Open M ===>> OK
GetIndicatorState M ===>> OK
change switch state (True, True)
update switch state M True args=() kw={} ncanvase=2
07:16:18 -- OPEN   VALVE-M (Microbone to Getter NP-10)
---------------------------------------- open None (Microbone to Getter NP-10) result=[(True, True)], time=0.14 sec
action=open, ok=True, locked=[False]
close () {'description': 'CO2 Laser to Felix'}
closing name=--- desc=CO2 Laser to Felix
checking ownership. requestor=129.138.12.150
check software interlocks F
interlocks []
actuate state mode=None-script, software_lock=True
VALVE-F(CO2 Laser to Felix) software locked
change switch state (True, False)
---------------------------------------- close None (CO2 Laser to Felix) result=[(True, False)]
action=close, ok=True, locked=[True]
open () {'description': 'CO2 Laser to Jan'}
opening name=--- desc=CO2 Laser to Jan
checking ownership. requestor=129.138.12.150
check software interlocks A
interlocks []
actuate state mode=None-script, software_lock=False
doing actuation None-script open_channel False
Open A ===>> OK
GetIndicatorState A ===>> OK
change switch state (True, True)
update switch state A True args=() kw={} ncanvase=2
07:16:18 -- OPEN   VALVE-A (CO2 Laser to Jan)
---------------------------------------- open None (CO2 Laser to Jan) result=[(True, True)], time=0.12 sec
action=open, ok=True, locked=[False]
open () {'description': 'Microbone to CO2 Laser'}
opening name=--- desc=Microbone to CO2 Laser
checking ownership. requestor=129.138.12.150
check software interlocks T
interlocks []
actuate state mode=None-script, software_lock=False
doing actuation None-script open_channel False
Open T ===>> OK
GetIndicatorState T ===>> OK
change switch state (True, True)
update switch state T True args=() kw={} ncanvase=2
07:16:19 -- OPEN   VALVE-T (Microbone to CO2 Laser)
---------------------------------------- open None (Microbone to CO2 Laser) result=[(True, True)], time=0.40 sec
action=open, ok=True, locked=[False]
executed snippet estimated_duration=0, duration=4.87290096283
PrepareForCO2Analysis.py completed successfully
gosub finished
set_motor ('beam', '1.5') {}
setting motor "beam" to 1.5
set motor beam to 1.5
SetMotor beam,1.5 ===>> OK
GetMotorMoving beam ===>> False
GetMotorMoving beam ===>> False
Block completed
move_to_position ('81',) {'autocenter': True}
FusionsCO2 move to position 81
sending GoToHole 81,True
GoToHole 81,True ===>> OK
GetDriveMoving ===>> False
GetDriveMoving ===>> OK
GetDriveMoving ===>> OK
GetDriveMoving ===>> False
Block completed
GetAutoCorrecting ===>> False
GetAutoCorrecting ===>> False
Block completed
update position
GetPosition ===>> 7.97560,3.98780,1.00000
got position (7.9756, 3.9878, 1.0)
move to position succeeded
sleep (5,) {}
SLEEP 5.0
block started
WaitControl setup for 5.0  
Join finished
block finished. duration 5.03598999977
close () {'description': 'Microbone to Turbo'}
closing name=--- desc=Microbone to Turbo
checking ownership. requestor=129.138.12.150
check software interlocks U
interlocks []
actuate state mode=None-script, software_lock=False
doing actuation None-script close_channel True
Close U ===>> OK
GetIndicatorState U ===>> False
change switch state (True, True)
update switch state U False args=() kw={} ncanvase=2
07:16:28 -- CLOSE  VALVE-U (Microbone to Turbo)
---------------------------------------- close None (Microbone to Turbo) result=[(True, True)]
action=close, ok=True, locked=[False]
enable laser
enable () {}
set extraction state FusionsCO2 Enabled (False, 'red', 1.5)
enabling laser
Enable ===>> OK
begin interval
BEGIN INTERVAL Interval 1 waiting for 30.0
block started
set extract to 1.5
WaitControl setup for 30.0  
extract (1.5,) {}
GetPosition ===>> 7.97560,3.98780,1.00000
set extraction state FusionsCO2 ON! 1.5(watts) (0.75, 'red', 1.5)
extract sample to 1.5 (watts)
set laser output
SetLaserOutput 1.5,watts ===>> OK
COMPLETE INTERVAL waiting for Interval 1 to complete
Join finished
block finished. duration 30.0645799637
Interval 1 finished
end_extract () {}
ending extraction. set laser power to 0
set laser power 0
SetLaserPower 0 ===>> OK
disable () {}
%%%%%%%%%%%%%%%%%%%%%%%%%%%%%%%%%%% disable
set extraction state False (0.75, 'red', 1.5)
disabling laser
Disable ===>> OK
sleep (30.0,) {}
SLEEP 30.0
block started
WaitControl setup for 30.0  
Join finished
block finished. duration 30.0674190521
executed snippet estimated_duration=195.0, duration=74.7055308819
jan_co2.py completed successfully
GetAchievedOutput ===>> No Response
Requested Output= 0.000
Achieved Output=  0.000
GetResponseBlob ===>> No Response
GetOutputBlob ===>> No Response
persistence save...
persistence save - db
AutomatedRunPersister post_extraction_save deprecated
persistence save - dvc
no extraction position for 81
create new session 4996344144
close session 4996344144
Extraction Finished
07:17:29 -- ******* Extraction Finished *******
no overlap. not waiting for min ms pumptime
07:17:29 -- Sending spectrometer configuration
======== Sending configuration ========
SetDeflection CDD,50.0 ===>> OK
SetDeflection H2,0.0 ===>> OK
SetDeflection H1,0.0 ===>> OK
SetDeflection L2,825.0 ===>> OK
SetDeflection L1,400.0 ===>> OK
SetDeflection AX,190.0 ===>> OK
SetZFocus 74.64 ===>> OK
SetZSymmetry -50.72 ===>> OK
SetExtractionLens 26.13 ===>> OK
SetIonRepeller -3.81 ===>> OK
SetElectronEnergy 75.08 ===>> OK
SetYSymmetry -2.81 ===>> OK
SetIonCounterVoltage 1590.0 ===>> OK
send trap current 200.0
GetParameter Trap Current Readback ===>> 198.035158395898
SetParameter Trap Current Set,200.0 ===>> OK
updating mftable name mftable
Using mftable located at /Users/jan/PychronDev/setupfiles/spectrometer/mftables/mftable.csv
============ MFtable ===========
Isotope  H2     H1     AX     L1     L2     CDD    
Ar40     5.8250 5.8785 5.9917 6.1649 6.2300 6.3931
Ar39     5.7242 5.7707 5.8841 6.0510 6.1152 6.2796
Ar36     5.4017 5.4398 5.5475 5.7098 5.7701 5.9307
================================
get initial guess parabolic
get initial guess parabolic
get initial guess parabolic
get initial guess parabolic
get initial guess parabolic
get initial guess parabolic
======== Configuration Finished ========
GetYSymmetry ===>> -2.81
GetZSymmetry ===>> -50.72
GetParameter Trap Current Readback ===>> 197.923274125618
GetHighVoltage ===>> 4500
start measurement
do measurement
L#=65269 analysis type=unknown
Measurement Started jan_unknown120_60.py
07:17:29 -- ******* Measurement Started jan_unknown120_60.py *******
state changed from extraction to measurement
setting spec, defl, and gains
GetExtractionLens ===>> 26.13
GetYSymmetry ===>> -2.81
GetZSymmetry ===>> -50.72
GetZFocus ===>> 74.64
GetDeflection H2 ===>> 0
GetDeflection H1 ===>> 0
GetDeflection AX ===>> 190
GetDeflection L1 ===>> 400
GetDeflection L2 ===>> 825
GetDeflection CDD ===>> 50
GetGain H2 ===>> 0.0113
GetGain H1 ===>> 0.99
GetGain AX ===>> 0.097049
GetGain L1 ===>> 0.010355
GetGain L2 ===>> 0.095649
GetGain CDD ===>> 0
pre measurement save
New frame /Users/jan/PychronDev/data/isotopes/21/68035f-903a-4d90-a4ed-779df1c2fbe3.h5
flush and close file /Users/jan/PychronDev/data/isotopes/21/68035f-903a-4d90-a4ed-779df1c2fbe3.h5
testing...
no interpolation path defined
executed snippet estimated_duration=226.132928, duration=0.000133037567139
unknown measurement script
activate_detectors ('H2', 'H1', 'AX', 'L1', 'L2', 'CDD') {}
activate detectors
*************** Set Analysis View Ar/Ar
create graphs
clearing graphs
clear isotope group
setting isotope det=H2, iso=PM41
setting isotope det=H1, iso=Ar40
setting isotope det=AX, iso=Ar39
setting isotope det=L1, iso=Ar38
setting isotope det=L2, iso=Ar37
setting isotope det=CDD, iso=Ar36
setting previous blanks
 - setting Ar40 blank 0.253+/-0.024
 - setting Ar36 blank 0.00356+/-0.00017
 - setting Ar37 blank 0.036+/-0.005
 - setting Ar38 blank 0.0058+/-0.0021
 - setting PM41 blank 0.03+/-0.07
 - setting Ar39 blank 0.024+/-0.009
load analysis view
position_magnet ('Ar40',) {'detector': 'H1'}
detector Detector(H1)
POSITION Ar40 H1
setting detector H2 to PM41 (40.9624)
setting detector H1 to Ar40 (39.9624)
setting detector AX to Ar39 (38.9624)
setting detector L1 to Ar38 (37.9624)
setting detector L2 to Ar37 (36.9624)
setting detector CDD to Ar36 (35.9624)
Mapping mass to dac mass func: "parabolic"
H1 map mass coeffs = [-0.00063987  0.15840543  0.57008999]
H1 map mass to dac 39.9624 >> 5.87848
GetDeflection H1 ===>> 0
GetHighVoltage ===>> 4500
positioning Ar40 (5.87848) on H1
setting magnet DAC
current  : 5.878480
requested: 5.878480
Delta Dac: 0.000000
Checking detector protection. dv=0.00000
Checking detector "CDD". Protection Threshold: 0.1 (V)
SetMagnetDAC 5.87848 ===>> OK
equilibrate () {'delay': 3, 'inlet': 'R', 'outlet': 'O', 'eqtime': 12.0}
Equilibration Started
07:17:30 -- ******* Equilibration Started *******
checking ownership. requestor=129.138.12.150
check software interlocks O
interlocks []
actuate state mode=None-script, software_lock=False
doing actuation None-script close_channel True
Close O ===>> OK
update labels <pychron.experiment.plot_panel.PlotPanel object at 0x139c2e650>
update labels "<pychron.graph.stacked_regression_graph.StackedRegressionGraph object at 0x14721c3b0>"
setting label 0 H2 PM41
setting label 1 H1 Ar40
setting label 2 AX Ar39
setting label 3 L1 Ar38
setting label 4 L2 Ar37
setting label 5 CDD Ar36
update labels "<pychron.graph.stacked_graph.StackedGraph object at 0x17008e1d0>"
setting label 0 H2 PM41
setting label 1 H1 Ar40
setting label 2 AX Ar39
setting label 3 L1 Ar38
setting label 4 L2 Ar37
setting label 5 CDD Ar36
GetIndicatorState O ===>> False
change switch state (True, True)
update switch state O False args=() kw={} ncanvase=2
07:17:30 -- CLOSE  VALVE-O (Jan Ion Pump)
waiting 3s before opening inlet value ('R',)
set states for children of B. state=False
handle state [('B', False)]
update switch state B False args=() kw={'refresh': False} ncanvase=2
refresh_canvas_needed fired
checking ownership. requestor=129.138.12.150
check software interlocks R
interlocks []
actuate state mode=None-script, software_lock=False
doing actuation None-script open_channel True
Open R ===>> OK
GetIndicatorState R ===>> OK
change switch state (True, True)
update switch state R True args=() kw={} ncanvase=2
07:17:33 -- OPEN   VALVE-R (Jan Inlet)
equilibrating for 12.0sec
set_time_zero () {}
sniff (12.0,) {}
py_sniff
build tables- sniff [Detector(H2), Detector(H1), Detector(AX), Detector(L1), Detector(L2), Detector(CDD)]
add group /sniff/PM41 (Group) '' table H2
add group /sniff/Ar40 (Group) '' table H1
add group /sniff/Ar39 (Group) '' table AX
add group /sniff/Ar38 (Group) '' table L1
add group /sniff/Ar37 (Group) '' table L2
add group /sniff/Ar36 (Group) '' table CDD
flush and close file /Users/jan/PychronDev/data/isotopes/21/68035f-903a-4d90-a4ed-779df1c2fbe3.h5
measuring sniff. ncounts=12.0
"sniff" increment series count="1" fit count="0" regressing="False"
starting measurement
check iteration duration=1.47819519043e-05
GetData ===>> H2,-0.139717258695553,H1,-0.895367443316363,AX,-0.0232331852478958,L1,-0.0514800045540872,L2,0.03...
set states for children of C. state=False
handle state [('C', False)]
update switch state C False args=() kw={'refresh': False} ncanvase=2
refresh_canvas_needed fired
check iteration duration=4.41074371338e-05
GetData ===>> H2,0.290405526582358,H1,21.8173012106056,AX,0.752632255870626,L1,0.036236452045548,L2,0.254057317...
check iteration duration=3.69548797607e-05
GetData ===>> H2,0.7147103701781,H1,46.3778464795428,AX,1.00172699104463,L1,0.172056238528497,L2,0.135986499695...
check iteration duration=1.90734863281e-05
GetData ===>> H2,0.240857527696858,H1,48.8631133165578,AX,0.557917977187389,L1,0.141225885326739,L2,0.084173981...
check iteration duration=4.50611114502e-05
GetData ===>> H2,0.0331856773787659,H1,49.9207844952919,AX,0.49970621922477,L1,0.0951525353815485,L2,0.08931407...
check iteration duration=1.62124633789e-05
GetData ===>> H2,0.00334880702453797,H1,50.3215103878054,AX,0.495427483890465,L1,0.106392701666272,L2,-0.014405...
check iteration duration=4.07695770264e-05
GetData ===>> H2,-0.0654473956932361,H1,50.7585598567416,AX,0.475815138892221,L1,0.0508576747458302,L2,0.007579...
check iteration duration=1.78813934326e-05
GetData ===>> H2,0.000595685317476248,H1,50.4924652912975,AX,0.422520167634087,L1,0.01311877003968,L2,0.0977827...
check iteration duration=1.8835067749e-05
GetData ===>> H2,-0.119295724595754,H1,50.7274998081819,AX,0.341747818635928,L1,0.00702303597980136,L2,0.030459...
check iteration duration=5.00679016113e-05
GetData ===>> H2,-0.214688960834928,H1,50.7096135191452,AX,0.428619839121435,L1,-0.0111996599155174,L2,0.045555...
check iteration duration=5.19752502441e-05
GetData ===>> H2,-0.252507160901826,H1,50.7407938759735,AX,0.450581814813603,L1,0.00232498145361814,L2,0.074318...
check iteration duration=1.59740447998e-05
Equilibration Finished
07:17:45 -- ******* Equilibration Finished *******
GetData ===>> H2,-0.233447842652918,H1,50.8786998927228,AX,0.345779852748898,L1,0.00709382566127168,L2,-0.02120...
checking ownership. requestor=129.138.12.150
check software interlocks R
interlocks []
actuate state mode=None-script, software_lock=False
doing actuation None-script close_channel True
Close R ===>> OK
GetIndicatorState R ===>> False
change switch state (True, True)
update switch state R False args=() kw={} ncanvase=2
07:17:46 -- CLOSE  VALVE-R (Jan Inlet)
Post Equilibration Started jan_pump_extraction_line.py
07:17:46 -- ******* Post Equilibration Started jan_pump_extraction_line.py *******
testing...
no interpolation path defined
calculate duration
testing...
no interpolation path defined
executed snippet estimated_duration=4.0, duration=0.000180006027222
executed snippet estimated_duration=4.0, duration=0.0257709026337
Pump after analysis
doing GOSUB
testing...
no interpolation path defined
executed snippet estimated_duration=4.0, duration=0.000173807144165
Pump Microbone
close () {'description': 'Jan Inlet'}
closing name=--- desc=Jan Inlet
checking ownership. requestor=129.138.12.150
check software interlocks R
interlocks []
actuate state mode=None-script, software_lock=False
doing actuation None-script close_channel False
check iteration duration=1.59740447998e-05
waiting for write to finish
measurement finished
estimated time: 12.583 actual time: :12.718
flush and close file /Users/jan/PychronDev/data/isotopes/21/68035f-903a-4d90-a4ed-779df1c2fbe3.h5
set_fits () {}
Close R ===>> OK
using default fits file=/Users/jan/PychronDev/scripts/measurement/fits/nominal_linear.yaml
set "Ar40" to "('Linear', 'SEM')"
No fit for "PM41". defaulting to linear. check the measurement script "jan_unknown120_60.py"
set "PM41" to "linear"
set "Ar36" to "('Linear', 'SEM')"
set "Ar37" to "('linear', 'SEM')"
set "Ar38" to "('linear', 'SEM')"
set "Ar39" to "('Linear', 'SEM')"
set_baseline_fits () {}
using default fits file=/Users/jan/PychronDev/scripts/measurement/fits/nominal_linear.yaml
set "H1" to "('average', 'SEM')"
set "H2" to "('average', 'SEM')"
set "CDD" to "('average', 'SEM')"
set "L2" to "('average', 'SEM')"
set "L1" to "('average', 'SEM')"
set "AX" to "('average', 'SEM')"
multicollect () {'integration_time': 1, 'ncounts': 120}
build tables- signal [Detector(H2), Detector(H1), Detector(AX), Detector(L1), Detector(L2), Detector(CDD)]
add group /signal/PM41 (Group) '' table H2
add group /signal/Ar40 (Group) '' table H1
add group /signal/Ar39 (Group) '' table AX
add group /signal/Ar38 (Group) '' table L1
add group /signal/Ar37 (Group) '' table L2
add group /signal/Ar36 (Group) '' table CDD
flush and close file /Users/jan/PychronDev/data/isotopes/21/68035f-903a-4d90-a4ed-779df1c2fbe3.h5
GetIndicatorState R ===>> False
measuring signal. ncounts=120
change switch state (True, True)
update switch state R False args=() kw={} ncanvase=2
07:17:47 -- CLOSE  VALVE-R (Jan Inlet)
---------------------------------------- close None (Jan Inlet) result=[(True, True)]
"signal" increment series count="2" fit count="1" regressing="True"
action=close, ok=True, locked=[False]
is_closed ('F',) {}
is F () closed?
is closed True
open () {'description': 'CO2 Laser to Jan'}
opening name=--- desc=CO2 Laser to Jan
checking ownership. requestor=129.138.12.150
check software interlocks A
interlocks []
actuate state mode=None-script, software_lock=False
doing actuation None-script open_channel False
Open A ===>> OK
GetIndicatorState A ===>> OK
change switch state (True, True)
update switch state A True args=() kw={} ncanvase=2
07:17:47 -- OPEN   VALVE-A (CO2 Laser to Jan)
---------------------------------------- open None (CO2 Laser to Jan) result=[(True, True)], time=0.13 sec
starting measurement
check iteration duration=6.103515625e-05
GetData ===>> H2,-0.198854159260703,H1,51.0489024873787,AX,0.57399775156171,L1,0.0437994527938529,L2,0.05174788...
action=open, ok=True, locked=[False]
sleep (1,) {}
SLEEP 1.0
check iteration duration=3.88622283936e-05
GetData ===>> H2,0.0434754219028612,H1,50.8720519333457,AX,0.500403856903416,L1,0.0508805259108106,L2,0.0422717...
close () {'description': 'CO2 Laser to Roughing'}
closing name=--- desc=CO2 Laser to Roughing
checking ownership. requestor=129.138.12.150
check software interlocks G
interlocks []
actuate state mode=None-script, software_lock=True
VALVE-G(CO2 Laser to Roughing) software locked
change switch state (True, False)
---------------------------------------- close None (CO2 Laser to Roughing) result=[(True, False)]
action=close, ok=True, locked=[True]
open () {'description': 'Microbone to Turbo'}
opening name=--- desc=Microbone to Turbo
checking ownership. requestor=129.138.12.150
check software interlocks U
interlocks []
actuate state mode=None-script, software_lock=False
doing actuation None-script open_channel True
Open U ===>> OK
GetIndicatorState U ===>> OK
change switch state (True, True)
update switch state U True args=() kw={} ncanvase=2
07:17:48 -- OPEN   VALVE-U (Microbone to Turbo)
---------------------------------------- open None (Microbone to Turbo) result=[(True, True)], time=0.14 sec
action=open, ok=True, locked=[False]
open () {'description': 'Microbone to Getter NP-10'}
opening name=--- desc=Microbone to Getter NP-10
checking ownership. requestor=129.138.12.150
check software interlocks M
interlocks []
actuate state mode=None-script, software_lock=False
doing actuation None-script open_channel False
Open M ===>> OK
GetIndicatorState M ===>> OK
change switch state (True, True)
update switch state M True args=() kw={} ncanvase=2
07:17:49 -- OPEN   VALVE-M (Microbone to Getter NP-10)
---------------------------------------- open None (Microbone to Getter NP-10) result=[(True, True)], time=0.13 sec
action=open, ok=True, locked=[False]
open () {'description': 'Microbone to Getter D-50'}
opening name=--- desc=Microbone to Getter D-50
checking ownership. requestor=129.138.12.150
check software interlocks K
interlocks []
actuate state mode=None-script, software_lock=False
doing actuation None-script open_channel False
check iteration duration=6.19888305664e-05
GetData ===>> H2,-0.0621885872312348,H1,50.7455072691175,AX,0.412012728594406,L1,0.0342194871986439,L2,0.089826...
Open K ===>> OK
GetIndicatorState K ===>> OK
change switch state (True, True)
update switch state K True args=() kw={} ncanvase=2
07:17:50 -- OPEN   VALVE-K (Microbone to Getter D-50)
---------------------------------------- open None (Microbone to Getter D-50) result=[(True, True)], time=0.41 sec
action=open, ok=True, locked=[False]
open () {'description': 'Microbone to CO2 Laser'}
opening name=--- desc=Microbone to CO2 Laser
checking ownership. requestor=129.138.12.150
check software interlocks T
interlocks []
actuate state mode=None-script, software_lock=False
doing actuation None-script open_channel False
Open T ===>> OK
GetIndicatorState T ===>> OK
change switch state (True, True)
update switch state T True args=() kw={} ncanvase=2
07:17:50 -- OPEN   VALVE-T (Microbone to CO2 Laser)
---------------------------------------- open None (Microbone to CO2 Laser) result=[(True, True)], time=0.42 sec
check iteration duration=4.10079956055e-05
GetData ===>> H2,-0.182207098433347,H1,50.8031574650577,AX,0.409280227069445,L1,-0.00405452131889917,L2,0.00312...
action=open, ok=True, locked=[False]
open () {'description': 'Microbone to Inlet Pipette'}
opening name=--- desc=Microbone to Inlet Pipette
checking ownership. requestor=129.138.12.150
check software interlocks S
interlocks []
actuate state mode=None-script, software_lock=False
doing actuation None-script open_channel False
Open S ===>> OK
GetIndicatorState S ===>> OK
change switch state (True, True)
update switch state S True args=() kw={} ncanvase=2
07:17:51 -- OPEN   VALVE-S (Microbone to Inlet Pipette)
---------------------------------------- open None (Microbone to Inlet Pipette) result=[(True, True)], time=0.43 sec
action=open, ok=True, locked=[False]
sleep (1,) {}
SLEEP 1.0
testing H1>-5.0
evaluate ot="H1.bs>-5.0" t="H1>-5.0", ctx="{'H1': None}"
check iteration duration=0.000553846359253
GetData ===>> H2,-0.228088260313884,H1,50.5942061965776,AX,0.385830372128432,L1,0.0177407352965731,L2,0.0926991...
set_resource () {'name': 'CO2PumpTimeFlag', 'value': 30}
Set CO2PumpTimeFlag 30 ===>> OK
release ('JanCO2Flag',) {}
release JanCO2Flag
Set JanCO2Flag 0 ===>> OK
executed snippet estimated_duration=6.0, duration=5.88219499588
PumpMicrobone.py completed successfully
gosub finished
get_resource_value () {'name': 'JanMiniboneFlag'}
Read JanMiniboneFlag ===>> 0
Get Resource Value JanMiniboneFlag=0.0
get resource value 0.0
get_resource_value () {'name': 'JanMiniboneFlag'}
Read JanMiniboneFlag ===>> 0
Get Resource Value JanMiniboneFlag=0.0
executed snippet estimated_duration=4.0, duration=5.90486288071
jan_pump_extraction_line.py completed successfully
Post Equilibration Finished
07:17:52 -- ******* Post Equilibration Finished *******
check iteration duration=3.88622283936e-05
GetData ===>> H2,-0.22938060720301,H1,50.6995828329194,AX,0.419501337861224,L1,-0.000292831708100108,L2,-0.0189...
check iteration duration=8.29696655273e-05
GetData ===>> H2,-0.244682646448343,H1,50.4673337179137,AX,0.394165643998409,L1,-0.0181807655975937,L2,0.057164...
check iteration duration=4.00543212891e-05
GetData ===>> H2,-0.292338045202729,H1,50.6842348664777,AX,0.437055441817326,L1,0.0154757194677959,L2,0.0033053...
check iteration duration=3.981590271e-05
GetData ===>> H2,-0.0834647677945072,H1,50.8478779028551,AX,0.444608597580513,L1,-0.00926217119064156,L2,0.0828...
testing H1>-5.0
evaluate ot="H1.bs>-5.0" t="H1>-5.0", ctx="{'H1': None}"
check iteration duration=0.000534057617188
GetData ===>> H2,-0.111730956051319,H1,50.4575470717461,AX,0.455416437388822,L1,-0.0384166342472746,L2,0.103516...
check iteration duration=8.29696655273e-05
GetData ===>> H2,-0.198824492844769,H1,50.7335425446705,AX,0.397920817897554,L1,-0.01302530579101,L2,-0.0443721...
check iteration duration=3.981590271e-05
GetData ===>> H2,-0.205640329846883,H1,50.5739055335,AX,0.415873244188602,L1,0.00332739635695817,L2,0.000558486...
check iteration duration=3.81469726562e-05
GetData ===>> H2,-0.133844094768058,H1,51.0416489533884,AX,0.406815227536362,L1,-0.0190729084591812,L2,-0.02882...
check iteration duration=7.79628753662e-05
GetData ===>> H2,-0.15015408685044,H1,50.7730629288651,AX,0.326051198909534,L1,-0.0447840363102701,L2,-0.005824...
testing H1>-5.0
evaluate ot="H1.bs>-5.0" t="H1>-5.0", ctx="{'H1': None}"
check iteration duration=0.000727891921997
GetData ===>> H2,-0.14160808399196,H1,50.4257713284767,AX,0.279290020296504,L1,-0.0131811236514127,L2,0.0166762...
check iteration duration=4.00543212891e-05
GetData ===>> H2,-0.0822456344721919,H1,50.5381386871164,AX,0.346221411281821,L1,-0.0215534651777674,L2,-0.0085...
check iteration duration=9.3936920166e-05
GetData ===>> H2,-0.0713136529869992,H1,50.562667841151,AX,0.39710699084991,L1,-0.0106637705823957,L2,0.0221139...
check iteration duration=7.39097595215e-05
GetData ===>> H2,-0.102746542457393,H1,50.6132988576073,AX,0.365442765165316,L1,-0.0330287158471824,L2,-0.00274...
check iteration duration=7.91549682617e-05
GetData ===>> H2,-0.178830967638593,H1,50.6520894845969,AX,0.253863027805996,L1,-0.0159620566425653,L2,-0.02077...
testing H1>-5.0
evaluate ot="H1.bs>-5.0" t="H1>-5.0", ctx="{'H1': None}"
check iteration duration=0.000594139099121
GetData ===>> H2,-0.216966624295903,H1,50.458996939294,AX,0.381099230679745,L1,-0.0100319359924116,L2,0.0303909...
check iteration duration=3.69548797607e-05
GetData ===>> H2,-0.180261425729269,H1,50.7774138909358,AX,0.315956040807068,L1,-0.0126285586546477,L2,0.083718...
check iteration duration=5.69820404053e-05
GetData ===>> H2,-0.189610280489562,H1,50.4608092766425,AX,0.35672644598383,L1,0.0491259474746582,L2,0.01888775...
check iteration duration=5.60283660889e-05
GetData ===>> H2,-0.170795436360639,H1,50.655835698464,AX,0.45263882446541,L1,0.01675828521999,L2,0.05898957722...
check iteration duration=7.70092010498e-05
GetData ===>> H2,-0.164156540073175,H1,50.4720458404894,AX,0.41528020324634,L1,-0.0214515693847896,L2,0.0193095...
testing H1>-5.0
evaluate ot="H1.bs>-5.0" t="H1>-5.0", ctx="{'H1': None}"
check iteration duration=0.000569105148315
07:18:12 -- collecting point 25
GetData ===>> H2,-0.183001732655141,H1,50.7503415412472,AX,0.349428580627856,L1,-0.0254894489998184,L2,-0.06511...
check iteration duration=6.69956207275e-05
GetData ===>> H2,-0.101620369762007,H1,50.6103986834157,AX,0.40757099907353,L1,0.0115629812017967,L2,0.02397224...
check iteration duration=3.91006469727e-05
GetData ===>> H2,-0.102337776331252,H1,50.5927561357405,AX,0.462378249873201,L1,0.0013154644080206,L2,0.1273092...
check iteration duration=8.20159912109e-05
GetData ===>> H2,-0.161078033049276,H1,50.490411245105,AX,0.517264950853135,L1,-0.0125878042865177,L2,-0.027373...
check iteration duration=3.91006469727e-05
GetData ===>> H2,-0.20268586681024,H1,50.6870144022353,AX,0.465214255778917,L1,-0.0263569800337236,L2,0.0409604...
testing H1>-5.0
evaluate ot="H1.bs>-5.0" t="H1>-5.0", ctx="{'H1': None}"
check iteration duration=0.000611066818237
GetData ===>> H2,-0.137886953176648,H1,50.5602511493862,AX,0.349184553165736,L1,-0.0134196401646421,L2,-0.08703...
check iteration duration=3.88622283936e-05
GetData ===>> H2,-0.0841690963654906,H1,50.6362588626384,AX,0.351845647518346,L1,-0.027531143181428,L2,-0.05334...
check iteration duration=3.91006469727e-05
GetData ===>> H2,-0.116220354215843,H1,50.72278649871,AX,0.404059617838329,L1,-0.0449947370894109,L2,0.08713719...
check iteration duration=4.19616699219e-05
GetData ===>> H2,-0.125183011840116,H1,50.2489085779948,AX,0.362839409576476,L1,-0.048099666881216,L2,0.1327253...
check iteration duration=9.3936920166e-05
GetData ===>> H2,-0.175989757952127,H1,50.7015164514629,AX,0.457217860426638,L1,-0.0288489181290793,L2,-0.02214...
testing H1>-5.0
evaluate ot="H1.bs>-5.0" t="H1>-5.0", ctx="{'H1': None}"
check iteration duration=0.000760793685913
GetData ===>> H2,-0.20484113747823,H1,50.3807070575077,AX,0.46931731185721,L1,-0.00099248036236506,L2,0.0590351...
check iteration duration=3.88622283936e-05
GetData ===>> H2,-0.204273717049078,H1,50.6287665933448,AX,0.404222394306799,L1,0.000520886016000466,L2,0.04376...
check iteration duration=5.29289245605e-05
GetData ===>> H2,-0.120889231636257,H1,50.6354129584956,AX,0.499962019127854,L1,-0.0103820276101224,L2,-0.08496...
check iteration duration=4.00543212891e-05
GetData ===>> H2,-0.193263555629376,H1,50.5809140498306,AX,0.396083903623757,L1,0.00433831577290662,L2,-0.02777...
check iteration duration=8.10623168945e-05
GetData ===>> H2,-0.287858686847414,H1,50.5770472762112,AX,0.397839434887213,L1,-0.00613694500543943,L2,0.03650...
testing H1>-5.0
evaluate ot="H1.bs>-5.0" t="H1>-5.0", ctx="{'H1': None}"
check iteration duration=0.000540018081665
GetData ===>> H2,-0.274394678825861,H1,50.2155690556859,AX,0.353030961829258,L1,-0.00541606251010928,L2,0.06789...
check iteration duration=7.5101852417e-05
GetData ===>> H2,-0.216547095404649,H1,50.50805201266,AX,0.385435132853553,L1,-0.0407152083645024,L2,-0.0803879...
check iteration duration=4.00543212891e-05
GetData ===>> H2,-0.318476039087486,H1,50.0836712571152,AX,0.392875199658368,L1,0.00958497932215758,L2,-0.02717...
check iteration duration=4.10079956055e-05
GetData ===>> H2,-0.293131414944994,H1,50.2619547763875,AX,0.342805194739293,L1,0.0351978691261315,L2,-0.039985...
check iteration duration=4.60147857666e-05
GetData ===>> H2,-0.183305270904486,H1,50.5133684685287,AX,0.416652342670613,L1,0.00815093075827922,L2,-0.03195...
testing H1>-5.0
evaluate ot="H1.bs>-5.0" t="H1>-5.0", ctx="{'H1': None}"
check iteration duration=0.000699996948242
GetData ===>> H2,-0.131731500077243,H1,50.360169045975,AX,0.293237045958775,L1,-0.0212190033558294,L2,-0.003920...
check iteration duration=3.981590271e-05
GetData ===>> H2,-0.134133497721546,H1,50.2828532031888,AX,0.376519425386103,L1,-0.0270770698124433,L2,0.043503...
check iteration duration=7.29560852051e-05
GetData ===>> H2,-0.120288649134136,H1,50.0849998124113,AX,0.421001454483144,L1,-0.0403762646114329,L2,0.153731...
check iteration duration=4.98294830322e-05
GetData ===>> H2,-0.128518191864347,H1,50.1664073395863,AX,0.361316943647449,L1,-0.0380836028415668,L2,0.023846...
check iteration duration=8.79764556885e-05
GetData ===>> H2,-0.227512041347564,H1,50.2496333623912,AX,0.413408078045283,L1,0.0032457588367416,L2,-0.018268...
testing H1>-5.0
evaluate ot="H1.bs>-5.0" t="H1>-5.0", ctx="{'H1': None}"
check iteration duration=0.000584840774536
07:18:39 -- collecting point 50
GetData ===>> H2,-0.240242712163735,H1,50.604960879157,AX,0.287964580192445,L1,0.0394875230030191,L2,-0.0467416...
check iteration duration=7.08103179932e-05
GetData ===>> H2,-0.241575279548383,H1,50.1383850199275,AX,0.434197015396572,L1,0.0240797197727689,L2,-0.000410...
check iteration duration=6.103515625e-05
GetData ===>> H2,-0.193390253237733,H1,50.2902221153353,AX,0.414989498218938,L1,0.00209329974850014,L2,0.164452...
set states for children of V. state=False
handle state [('V', False)]
update switch state V False args=() kw={'refresh': False} ncanvase=2
refresh_canvas_needed fired
check iteration duration=7.89165496826e-05
GetData ===>> H2,-0.211268117516553,H1,50.4432901512557,AX,0.410745303475457,L1,-0.0032795002259231,L2,0.049797...
check iteration duration=7.29560852051e-05
GetData ===>> H2,-0.225029117015811,H1,50.4725291363504,AX,0.399699634942516,L1,-0.0248327597287192,L2,-0.01164...
set states for children of H. state=True
handle state [('H', True)]
update switch state H True args=() kw={'refresh': False} ncanvase=2
refresh_canvas_needed fired
testing H1>-5.0
evaluate ot="H1.bs>-5.0" t="H1>-5.0", ctx="{'H1': None}"
check iteration duration=0.000547885894775
GetData ===>> H2,-0.264924320039526,H1,49.9616396194175,AX,0.45657864199322,L1,-0.0445529786721059,L2,-0.065787...
check iteration duration=3.81469726562e-05
GetData ===>> H2,-0.254225487117494,H1,50.2171393709084,AX,0.35327499891702,L1,-0.0134292286499905,L2,0.0909553...
check iteration duration=8.08238983154e-05
GetData ===>> H2,-0.246131740844131,H1,50.3478464386887,AX,0.365756567184079,L1,0.022529448252344,L2,-0.0214023...
check iteration duration=3.50475311279e-05
GetData ===>> H2,-0.290902857157154,H1,50.3436181275532,AX,0.356889143473206,L1,-0.00342467125615864,L2,0.05507...
check iteration duration=4.31537628174e-05
GetData ===>> H2,-0.249298380535736,H1,50.3534036744198,AX,0.42051304188754,L1,-0.033343627343554,L2,0.01212785...
testing H1>-5.0
evaluate ot="H1.bs>-5.0" t="H1>-5.0", ctx="{'H1': None}"
check iteration duration=0.000537157058716
GetData ===>> H2,-0.160136761117098,H1,50.2788667648378,AX,0.41957111021584,L1,0.000818545501891614,L2,-0.01578...
check iteration duration=4.50611114502e-05
GetData ===>> H2,-0.114573410033163,H1,50.1139869066967,AX,0.347906324055106,L1,0.0121031584365587,L2,0.0280195...
check iteration duration=7.79628753662e-05
GetData ===>> H2,-0.0749253777674367,H1,50.268719537925,AX,0.336949101957908,L1,0.00579809332655757,L2,0.073554...
check iteration duration=9.08374786377e-05
GetData ===>> H2,-0.221765746395776,H1,50.0345159347819,AX,0.436474454056079,L1,0.0169144139174779,L2,0.0040120...
check iteration duration=8.39233398438e-05
GetData ===>> H2,-0.281786690368371,H1,50.1903235524319,AX,0.335729126894692,L1,-0.0195956865996471,L2,0.022912...
testing H1>-5.0
evaluate ot="H1.bs>-5.0" t="H1>-5.0", ctx="{'H1': None}"
check iteration duration=0.000584125518799
GetData ===>> H2,-0.250308451271007,H1,50.0307720152574,AX,0.338970808525332,L1,-0.00963986688397944,L2,0.12753...
check iteration duration=4.29153442383e-05
GetData ===>> H2,-0.235864341291862,H1,50.3764786093694,AX,0.511136478353242,L1,0.00986341241316681,L2,-0.08285...
check iteration duration=9.29832458496e-05
GetData ===>> H2,-0.165364760542423,H1,50.092367287005,AX,0.43460369697223,L1,0.018546704110758,L2,0.0125724238...
check iteration duration=3.981590271e-05
GetData ===>> H2,-0.198480626438052,H1,50.499352417712,AX,0.458693889899889,L1,0.0150398283845838,L2,-0.0030089...
check iteration duration=4.00543212891e-05
GetData ===>> H2,-0.22665977578109,H1,50.0738883126268,AX,0.450767757405918,L1,-0.0144575406736601,L2,0.0379160...
testing H1>-5.0
evaluate ot="H1.bs>-5.0" t="H1>-5.0", ctx="{'H1': None}"
check iteration duration=0.000564098358154
GetData ===>> H2,-0.242440691107089,H1,50.2472174164168,AX,0.304584266570035,L1,0.0154937319016595,L2,-0.006918...
check iteration duration=4.29153442383e-05
GetData ===>> H2,-0.209727053132037,H1,50.2210047725841,AX,0.420978196685095,L1,0.0201912725729895,L2,0.0379388...
check iteration duration=3.88622283936e-05
GetData ===>> H2,-0.213440607637488,H1,50.2223335078125,AX,0.417757045214798,L1,-0.0298047958860328,L2,0.076657...
check iteration duration=4.10079956055e-05
GetData ===>> H2,-0.227389523713744,H1,50.2781419595488,AX,0.376821639412442,L1,0.00723420667044908,L2,-7.97834...
check iteration duration=7.91549682617e-05
GetData ===>> H2,-0.264172747720351,H1,50.179573265762,AX,0.471072496182875,L1,0.0166273791761807,L2,-0.0306205...
testing H1>-5.0
evaluate ot="H1.bs>-5.0" t="H1>-5.0", ctx="{'H1': None}"
check iteration duration=0.000560998916626
07:19:05 -- collecting point 75
GetData ===>> H2,-0.137878841859778,H1,50.2053016699269,AX,0.466760146168938,L1,-0.0171158463572185,L2,0.058807...
set states for children of H. state=False
handle state [('H', False)]
update switch state H False args=() kw={'refresh': False} ncanvase=2
refresh_canvas_needed fired
check iteration duration=8.10623168945e-05
GetData ===>> H2,-0.256905983826298,H1,49.9572881077508,AX,0.415187177543327,L1,-0.0503026992222147,L2,-0.02992...
check iteration duration=8.58306884766e-05
GetData ===>> H2,-0.240198290542665,H1,50.314141248315,AX,0.363815659778172,L1,-0.00133688645922192,L2,-0.01628...
set states for children of C. state=True
handle state [('C', True)]
update switch state C True args=() kw={'refresh': False} ncanvase=2
refresh_canvas_needed fired
check iteration duration=4.00543212891e-05
GetData ===>> H2,-0.168679617761592,H1,50.310758710414,AX,0.454312355837354,L1,-0.0330478742428272,L2,0.0579061...
State checksums do not match. Local:287999353 Remote:-110011688
State checksum failed
check iteration duration=8.60691070557e-05
GetData ===>> H2,-0.157840647994036,H1,50.1150739388515,AX,0.396269918684847,L1,-0.014643791917284,L2,0.0637910...
set states for children of B. state=True
handle state [('B', True)]
update switch state B True args=() kw={'refresh': False} ncanvase=2
refresh_canvas_needed fired
testing H1>-5.0
evaluate ot="H1.bs>-5.0" t="H1>-5.0", ctx="{'H1': None}"
check iteration duration=0.000547170639038
GetData ===>> H2,-0.146145319354783,H1,50.1061361535105,AX,0.316571710968566,L1,-0.00323150934236649,L2,0.01952...
check iteration duration=8.08238983154e-05
GetData ===>> H2,-0.154515862276779,H1,50.4104275046974,AX,0.326968992387191,L1,0.00615920197503516,L2,-0.01659...
check iteration duration=3.981590271e-05
GetData ===>> H2,-0.105396397905731,H1,49.9750568979468,AX,0.548006150796065,L1,0.00594925351112497,L2,0.035669...
check iteration duration=7.91549682617e-05
GetData ===>> H2,-0.119344425917083,H1,50.0697819196061,AX,0.374427200117972,L1,0.0100038320200995,L2,0.1061381...
check iteration duration=6.50882720947e-05
GetData ===>> H2,-0.12027106403257,H1,50.1078270798305,AX,0.397060486652263,L1,-0.000516052511212302,L2,0.08419...
testing H1>-5.0
evaluate ot="H1.bs>-5.0" t="H1>-5.0", ctx="{'H1': None}"
check iteration duration=0.000647068023682
GetData ===>> H2,-0.105595315125545,H1,50.1800564222677,AX,0.471583946562489,L1,-0.0305881166783846,L2,0.003077...
check iteration duration=6.48498535156e-05
GetData ===>> H2,-0.10010689941096,H1,49.977474444486,AX,0.437648052898207,L1,-0.0075437766380524,L2,0.00261009...
check iteration duration=8.79764556885e-05
GetData ===>> H2,-0.194388958126093,H1,50.1804187897977,AX,0.432849168580459,L1,-0.0292729653402384,L2,0.052169...
check iteration duration=8.20159912109e-05
GetData ===>> H2,-0.18176995837612,H1,49.8789640909582,AX,0.431617531738223,L1,-0.00499982232152807,L2,0.053059...
check iteration duration=7.89165496826e-05
GetData ===>> H2,-0.191085213210362,H1,50.0194195695919,AX,0.478907280088609,L1,-0.0124187917632013,L2,-0.02503...
testing H1>-5.0
evaluate ot="H1.bs>-5.0" t="H1>-5.0", ctx="{'H1': None}"
check iteration duration=0.000667810440063
GetData ===>> H2,-0.177814692808313,H1,50.1177311334685,AX,0.452940987728455,L1,-0.0368795663138377,L2,0.017154...
check iteration duration=8.39233398438e-05
GetData ===>> H2,-0.242651986810295,H1,50.1074647382389,AX,0.428712789446702,L1,-0.0322946823194711,L2,0.165159...
check iteration duration=4.2200088501e-05
GetData ===>> H2,-0.175475429552956,H1,49.9737272498071,AX,0.45811277326904,L1,0.0281758161024805,L2,0.08948504...
check iteration duration=4.00543212891e-05
GetData ===>> H2,-0.0456375036505887,H1,49.688255908392,AX,0.241175233519484,L1,-0.0149017007886539,L2,-0.06658...
check iteration duration=4.00543212891e-05
GetData ===>> H2,-0.183762586499519,H1,49.8387166023175,AX,0.426540098754361,L1,-0.0352895379087266,L2,-0.09367...
testing H1>-5.0
evaluate ot="H1.bs>-5.0" t="H1>-5.0", ctx="{'H1': None}"
check iteration duration=0.000572919845581
GetData ===>> H2,-0.13290280794632,H1,49.951486121245,AX,0.40058324239668,L1,-0.0172501667072905,L2,-0.00850226...
check iteration duration=3.79085540771e-05
GetData ===>> H2,-0.147593393493445,H1,50.2104957462013,AX,0.416152323526605,L1,0.0134093066088955,L2,0.0627645...
check iteration duration=6.48498535156e-05
GetData ===>> H2,-0.0520686780150046,H1,49.9316629178368,AX,0.410954601901223,L1,0.0135161589416344,L2,-0.07043...
check iteration duration=7.00950622559e-05
GetData ===>> H2,-0.124620517659239,H1,49.9022914448104,AX,0.426795706912473,L1,0.00393969885134856,L2,0.031542...
check iteration duration=3.60012054443e-05
GetData ===>> H2,-0.195572851879656,H1,50.168339941899,AX,0.444515632109084,L1,-0.0168208150079034,L2,0.0721058...
testing H1>-5.0
evaluate ot="H1.bs>-5.0" t="H1>-5.0", ctx="{'H1': None}"
check iteration duration=0.000572919845581
07:19:31 -- collecting point 100
GetData ===>> H2,-0.16330328331099,H1,50.2082006859626,AX,0.447234908748266,L1,-0.0248747028435393,L2,0.0468557...
check iteration duration=7.9870223999e-05
GetData ===>> H2,-0.173231916362202,H1,49.7633021863964,AX,0.398292855380944,L1,-0.0138211501701746,L2,0.148154...
check iteration duration=4.19616699219e-05
GetData ===>> H2,-0.175444380109338,H1,50.0795648244782,AX,0.281310531553127,L1,-0.0254511033598264,L2,-0.01699...
check iteration duration=7.10487365723e-05
GetData ===>> H2,-0.0977252798555254,H1,49.986056781251,AX,0.406791973120417,L1,0.00433951645011617,L2,-0.05729...
check iteration duration=7.89165496826e-05
GetData ===>> H2,-0.158588961838325,H1,49.7236635245403,AX,0.355610813368684,L1,0.0312356478363987,L2,0.0367644...
testing H1>-5.0
evaluate ot="H1.bs>-5.0" t="H1>-5.0", ctx="{'H1': None}"
check iteration duration=0.000569105148315
GetData ===>> H2,-0.225023730469767,H1,49.8904464001381,AX,0.384016934522117,L1,0.0113973326516927,L2,-0.015898...
check iteration duration=6.50882720947e-05
GetData ===>> H2,-0.300422161865548,H1,50.1642331663869,AX,0.38574899920562,L1,-0.00151088506055104,L2,0.018534...
check iteration duration=3.69548797607e-05
GetData ===>> H2,-0.256032270990557,H1,50.0731636538269,AX,0.329850222978468,L1,-0.018294686094647,L2,0.0250780...
check iteration duration=9.48905944824e-05
GetData ===>> H2,-0.127270486923999,H1,49.8085018198972,AX,0.450221552049403,L1,-0.00448999460865073,L2,0.08100...
check iteration duration=4.00543212891e-05
GetData ===>> H2,-0.203359854239835,H1,49.8546703706544,AX,0.458287107894841,L1,0.00839212464758521,L2,-0.00231...
testing H1>-5.0
evaluate ot="H1.bs>-5.0" t="H1>-5.0", ctx="{'H1': None}"
check iteration duration=0.000565052032471
GetData ===>> H2,-0.296560653250429,H1,50.0760622921347,AX,0.420420011194161,L1,-0.00587066829878123,L2,0.04678...
check iteration duration=3.79085540771e-05
GetData ===>> H2,-0.258110252480692,H1,49.9927297458662,AX,0.548064315855554,L1,0.00291081182051463,L2,-0.00695...
check iteration duration=7.39097595215e-05
GetData ===>> H2,-0.199347689132154,H1,50.0921257296124,AX,0.401501737577238,L1,-0.00919382474132819,L2,0.02157...
check iteration duration=4.10079956055e-05
GetData ===>> H2,-0.174889525699519,H1,49.6993735249948,AX,0.329385502608312,L1,0.00875092624179653,L2,0.110561...
check iteration duration=7.5101852417e-05
GetData ===>> H2,-0.170280011861398,H1,49.8807770784999,AX,0.43439454623585,L1,0.0225138265742541,L2,0.09502435...
testing H1>-5.0
evaluate ot="H1.bs>-5.0" t="H1>-5.0", ctx="{'H1': None}"
check iteration duration=0.000540971755981
GetData ===>> H2,-0.177011595727864,H1,50.2234206561136,AX,0.347092914253894,L1,0.0174380632078895,L2,0.0501171...
check iteration duration=3.91006469727e-05
GetData ===>> H2,-0.054890841170624,H1,49.8852491282962,AX,0.453417477852303,L1,0.0104623096621193,L2,-0.005994...
check iteration duration=3.88622283936e-05
GetData ===>> H2,-0.125818488556144,H1,49.8860951939901,AX,0.406478039047296,L1,-0.018685603466251,L2,0.0022909...
check iteration duration=3.81469726562e-05
GetData ===>> H2,-0.195868248979847,H1,49.6646917979841,AX,0.404257275014013,L1,-0.0511701377702882,L2,-0.04883...
check iteration duration=3.91006469727e-05
GetData ===>> H2,-0.233489557203508,H1,49.7975038626153,AX,0.447397602915962,L1,-0.0507071143765094,L2,0.050299...
testing H1>-5.0
evaluate ot="H1.bs>-5.0" t="H1>-5.0", ctx="{'H1': None}"
check iteration duration=0.000550031661987
GetData ===>> H2,-0.188021883882386,H1,49.935651702012,AX,0.334439455567497,L1,-0.00198126622833396,L2,-0.03761...
check iteration duration=1.90734863281e-05
waiting for write to finish
measurement finished
estimated time: 125.829 actual time: :126.148
flush and close file /Users/jan/PychronDev/data/isotopes/21/68035f-903a-4d90-a4ed-779df1c2fbe3.h5
baselines () {'settling_time': 15.0, 'detector': 'H1', 'mass': 34.2, 'ncounts': 60}
%%%%%%%%%%%%%%%%%%%%%%%%%%%%%%%% Baseline
build tables- baseline [Detector(H2), Detector(H1), Detector(AX), Detector(L1), Detector(L2), Detector(CDD)]
add group baseline table H2
add group baseline table H1
add group baseline table AX
add group baseline table L1
add group baseline table L2
add group baseline table CDD
flush and close file /Users/jan/PychronDev/data/isotopes/21/68035f-903a-4d90-a4ed-779df1c2fbe3.h5
detector Detector(H1)
POSITION 34.2 H1
Mapping mass to dac mass func: "parabolic"
H1 map mass coeffs = [-0.00063987  0.15840543  0.57008999]
H1 map mass to dac 34.2 >> 5.23913599104
GetDeflection H1 ===>> 0
GetHighVoltage ===>> 4500
positioning 34.2 (5.23913599104) on H1
setting magnet DAC
current  : 5.878480
requested: 5.239136
Delta Dac: 0.639344
Checking detector protection. dv=0.63934
Checking detector "CDD". Protection Threshold: 0.1 (V)
ProtectDetector CDD,On ===>> OK
GetDeflection CDD ===>> 2000
Protected = 2000
SetMagnetDAC 5.23913599104 ===>> OK
Magnet settling time: 0.500
GetMagnetMoving ===>> True
GetMagnetMoving ===>> True
GetMagnetMoving ===>> True
GetMagnetMoving ===>> True
GetMagnetMoving ===>> True
GetMagnetMoving ===>> True
GetMagnetMoving ===>> True
GetMagnetMoving ===>> True
GetMagnetMoving ===>> False
ProtectDetector CDD,Off ===>> OK
GetDeflection CDD ===>> 50
Delaying 15.0s for detectors to settle
Join finished
measuring baseline. ncounts=60
"baseline" increment series count="2" fit count="1" regressing="True"
starting measurement
check iteration duration=3.81469726562e-05
GetData ===>> H2,-0.172968866517125,H1,-1.09254555896756,AX,-0.0832691675458702,L1,-0.0427402489209485,L2,-0.10...
check iteration duration=9.79900360107e-05
GetData ===>> H2,-0.141459424370658,H1,-0.659978459102623,AX,-0.0542297337824488,L1,-0.00804265691606259,L2,-0....
check iteration duration=7.79628753662e-05
GetData ===>> H2,-0.123930883391225,H1,-0.55916443526629,AX,-0.0858538946909246,L1,-0.0147661495082702,L2,0.043...
check iteration duration=4.00543212891e-05
GetData ===>> H2,-0.228026331647453,H1,-0.730400849026799,AX,-0.194073319124911,L1,0.0153280187244467,L2,-0.040...
testing H1>-5.0
evaluate ot="H1.bs>-5.0" t="H1>-5.0", ctx="{'H1': None}"
check iteration duration=0.000673055648804
GetData ===>> H2,-0.259513278407742,H1,-0.93916551170452,AX,-0.120572989081418,L1,-0.0152411707614285,L2,-0.088...
check iteration duration=3.981590271e-05
GetData ===>> H2,-0.23167146723716,H1,-0.481191400087395,AX,-0.0252164250318414,L1,0.0220499939316102,L2,-0.022...
check iteration duration=8.39233398438e-05
GetData ===>> H2,-0.292728696169281,H1,-0.770909115055247,AX,-0.104188418325089,L1,0.00629117182063556,L2,-0.00...
check iteration duration=7.79628753662e-05
GetData ===>> H2,-0.234591572925999,H1,-0.819658141504386,AX,-0.0489889608060318,L1,-0.00234723637670746,L2,-0....
check iteration duration=3.88622283936e-05
GetData ===>> H2,-0.247774361092962,H1,-0.788101075098878,AX,-0.0448610736621774,L1,0.00769135838626326,L2,0.03...
testing H1>-5.0
evaluate ot="H1.bs>-5.0" t="H1>-5.0", ctx="{'H1': None}"
check iteration duration=0.000546932220459
GetData ===>> H2,-0.109007488566111,H1,-0.553628788114843,AX,-0.104037769440882,L1,-0.0344602748584206,L2,-0.07...
check iteration duration=7.89165496826e-05
GetData ===>> H2,-0.195023716632116,H1,-0.873349939456837,AX,-0.178195533412963,L1,0.00452802454702387,L2,-0.04...
check iteration duration=6.19888305664e-05
GetData ===>> H2,-0.185209956281845,H1,-0.699194221570032,AX,-0.1435219561084,L1,-0.00242522829548199,L2,-0.089...
check iteration duration=8.41617584229e-05
GetData ===>> H2,-0.20268182276446,H1,-0.645964040597481,AX,-0.199577785622835,L1,-0.0545555765789812,L2,-0.017...
check iteration duration=8.58306884766e-05
GetData ===>> H2,-0.137135279846061,H1,-0.744767342617827,AX,-0.0518296803035856,L1,-0.0274844188997952,L2,0.01...
testing H1>-5.0
evaluate ot="H1.bs>-5.0" t="H1>-5.0", ctx="{'H1': None}"
check iteration duration=0.000677108764648
GetData ===>> H2,-0.0953418066835871,H1,-0.677054582903997,AX,-0.0749233914099337,L1,0.0110792470570108,L2,0.01...
check iteration duration=4.29153442383e-05
GetData ===>> H2,-0.211233095658297,H1,-0.569882302293458,AX,-0.168725576032905,L1,0.00882892827932398,L2,-0.01...
check iteration duration=4.10079956055e-05
GetData ===>> H2,-0.288630885524924,H1,-0.866520881405188,AX,-0.116378616363571,L1,-0.0239099669480978,L2,-0.07...
check iteration duration=8.48770141602e-05
GetData ===>> H2,-0.0680751411025557,H1,-0.778445353521283,AX,-0.145481441281814,L1,-0.00633244999528921,L2,-0....
check iteration duration=8.60691070557e-05
GetData ===>> H2,-0.0941241465223058,H1,-0.491085600156064,AX,-0.136576480681079,L1,-0.0120400016148026,L2,0.00...
testing H1>-5.0
evaluate ot="H1.bs>-5.0" t="H1>-5.0", ctx="{'H1': None}"
check iteration duration=0.000643968582153
GetData ===>> H2,-0.187595756550137,H1,-0.758662605021522,AX,0.00471043560548276,L1,-0.0216325835522296,L2,-0.0...
check iteration duration=4.10079956055e-05
GetData ===>> H2,-0.247357338457459,H1,-0.604626237282652,AX,-0.0755841247800798,L1,-0.0323246194822426,L2,-0.0...
check iteration duration=3.50475311279e-05
GetData ===>> H2,-0.195810249244407,H1,-0.695896859998486,AX,-0.1307337445306,L1,-0.0398181203060645,L2,-0.0286...
check iteration duration=4.10079956055e-05
GetData ===>> H2,-0.140771510390829,H1,-0.747946784297002,AX,-0.0964586706540536,L1,-0.0323557540369619,L2,-0.0...
check iteration duration=8.10623168945e-05
GetData ===>> H2,-0.119483764654767,H1,-0.775854778028382,AX,-0.0646176884805334,L1,-0.0258633113281735,L2,0.00...
testing H1>-5.0
evaluate ot="H1.bs>-5.0" t="H1>-5.0", ctx="{'H1': None}"
check iteration duration=0.000541925430298
07:20:37 -- collecting point 25
GetData ===>> H2,-0.2708544721892,H1,-0.791751384300826,AX,-0.100398948603079,L1,-0.0211926295491951,L2,-0.0876...
check iteration duration=3.88622283936e-05
GetData ===>> H2,-0.228392513614351,H1,-0.692717250924752,AX,-0.134906709806145,L1,-0.0141207740647793,L2,-0.01...
check iteration duration=7.60555267334e-05
GetData ===>> H2,-0.174423751011088,H1,-0.495561515281,AX,-0.103701705704824,L1,-0.0272388133369074,L2,-0.03517...
check iteration duration=3.91006469727e-05
GetData ===>> H2,-0.0753035664025527,H1,-0.783508731474841,AX,-0.102554444894418,L1,-0.00815058449239732,L2,0.0...
check iteration duration=4.10079956055e-05
GetData ===>> H2,-0.113023684042251,H1,-0.690361978351258,AX,-0.0926457203609655,L1,0.0103578901445573,L2,-0.04...
testing H1>-5.0
evaluate ot="H1.bs>-5.0" t="H1>-5.0", ctx="{'H1': None}"
check iteration duration=0.000570058822632
GetData ===>> H2,-0.172593841302908,H1,-0.554806587976703,AX,-0.145910435727197,L1,-0.00792153681352995,L2,-0.0...
check iteration duration=3.91006469727e-05
GetData ===>> H2,-0.197326237675453,H1,-0.79057386667604,AX,-0.126516638491023,L1,-0.0131511588656209,L2,-0.143...
check iteration duration=7.9870223999e-05
GetData ===>> H2,-0.301070089365766,H1,-0.55327544788289,AX,-0.0450234096101669,L1,-0.00401013317647812,L2,-0.0...
check iteration duration=3.88622283936e-05
GetData ===>> H2,-0.227843236213633,H1,-0.754776661478095,AX,-0.118000770904652,L1,-0.003616629735282,L2,-0.015...
check iteration duration=6.79492950439e-05
GetData ===>> H2,-0.150730703306811,H1,-0.782331204032049,AX,-0.0321400506185817,L1,-0.0139973301007856,L2,-0.0...
testing H1>-5.0
evaluate ot="H1.bs>-5.0" t="H1>-5.0", ctx="{'H1': None}"
check iteration duration=0.000550985336304
GetData ===>> H2,-0.19822710255087,H1,-0.679880947360933,AX,-0.169815189677935,L1,-0.0400109590750128,L2,0.0827...
check iteration duration=6.19888305664e-05
GetData ===>> H2,-0.161037520802855,H1,-0.683649420734848,AX,-0.0262254262535402,L1,-0.0334058900456187,L2,-0.0...
check iteration duration=8.98838043213e-05
GetData ===>> H2,-0.207361164521525,H1,-0.599797492250406,AX,-0.115440071741084,L1,-0.0290753184413666,L2,0.096...
check iteration duration=3.79085540771e-05
GetData ===>> H2,-0.130584781571909,H1,-0.871230581661757,AX,-0.215162426971383,L1,0.000640908943691355,L2,0.02...
check iteration duration=8.70227813721e-05
GetData ===>> H2,-0.0775643028682855,H1,-0.898899617541411,AX,-0.10436224367077,L1,0.0237287847260656,L2,-0.094...
testing H1>-5.0
evaluate ot="H1.bs>-5.0" t="H1>-5.0", ctx="{'H1': None}"
check iteration duration=0.00059700012207
GetData ===>> H2,-0.173426164634116,H1,-0.868522506755915,AX,-0.00853739511574448,L1,-0.00292316245923801,L2,-0...
check iteration duration=4.29153442383e-05
GetData ===>> H2,-0.206438118179697,H1,-0.898781878603891,AX,-0.0429594038200983,L1,-0.0572788102832186,L2,-0.0...
check iteration duration=4.31537628174e-05
GetData ===>> H2,-0.126428242338637,H1,-0.637249091940152,AX,-0.120793130720834,L1,-0.0381782423849364,L2,-0.03...
check iteration duration=4.10079956055e-05
GetData ===>> H2,-0.167659349724195,H1,-0.79775670237147,AX,-0.0290204209933451,L1,-0.0187119838460714,L2,-0.06...
check iteration duration=7.48634338379e-05
GetData ===>> H2,-0.153237566472529,H1,-0.537846134602906,AX,-0.0803250449089249,L1,-0.00412170300005866,L2,-0....
testing H1>-5.0
evaluate ot="H1.bs>-5.0" t="H1>-5.0", ctx="{'H1': None}"
check iteration duration=0.00055193901062
GetData ===>> H2,-0.192750011434493,H1,-0.784921762554307,AX,-0.114374059458539,L1,-0.010139842241282,L2,-0.057...
check iteration duration=3.91006469727e-05
GetData ===>> H2,-0.235162049209428,H1,-0.764079349323683,AX,-0.031084722420603,L1,-0.0477525943805459,L2,-0.05...
check iteration duration=4.00543212891e-05
GetData ===>> H2,-0.295229346920643,H1,-0.728398944003687,AX,-0.150571280453513,L1,-0.0465281704553102,L2,-0.02...
check iteration duration=5.41210174561e-05
GetData ===>> H2,-0.165262168055594,H1,-1.00028169450604,AX,-0.0736366872341047,L1,-0.00889885053132446,L2,-0.0...
check iteration duration=4.00543212891e-05
GetData ===>> H2,-0.075528575897048,H1,-0.568468963841126,AX,-0.0601542500696791,L1,-0.00430045207572595,L2,-0....
testing H1>-5.0
evaluate ot="H1.bs>-5.0" t="H1>-5.0", ctx="{'H1': None}"
check iteration duration=0.000585079193115
07:21:03 -- collecting point 50
GetData ===>> H2,-0.0895706483310498,H1,-0.770791360873801,AX,-0.0273851848510833,L1,-0.0175547794282413,L2,-0....
check iteration duration=5.50746917725e-05
GetData ===>> H2,-0.100722870973674,H1,-0.707908624213826,AX,-0.141330532439743,L1,-0.0227761341919943,L2,-0.02...
check iteration duration=5.10215759277e-05
GetData ===>> H2,-0.113613822977106,H1,-0.906552618400762,AX,-0.0549485788603858,L1,-0.0318216633165695,L2,-0.0...
check iteration duration=4.00543212891e-05
GetData ===>> H2,-0.243428498199234,H1,-0.740292555524519,AX,-0.135787981339774,L1,-0.0319509973050918,L2,0.100...
check iteration duration=3.50475311279e-05
GetData ===>> H2,-0.225744158209606,H1,-0.601446334669146,AX,-0.0882531091117251,L1,-0.0444907238920377,L2,-0.0...
testing H1>-5.0
evaluate ot="H1.bs>-5.0" t="H1>-5.0", ctx="{'H1': None}"
check iteration duration=0.00056004524231
GetData ===>> H2,-0.1413486041126,H1,-0.814241701717159,AX,-0.0371382078475813,L1,-0.00234963613706661,L2,-0.05...
check iteration duration=6.19888305664e-05
GetData ===>> H2,-0.162765914592015,H1,-0.972836900802194,AX,-0.00924497808112055,L1,0.0240701049512086,L2,0.01...
check iteration duration=7.70092010498e-05
GetData ===>> H2,-0.193100464066583,H1,-0.641253267078913,AX,-0.122762796904089,L1,0.00543459835916538,L2,-0.10...
check iteration duration=7.89165496826e-05
GetData ===>> H2,-0.150574060988001,H1,-0.781860192662721,AX,-0.0878358586796351,L1,-0.00199206553793053,L2,-0....
check iteration duration=5.81741333008e-05
GetData ===>> H2,-0.169227501564484,H1,-0.871466066085357,AX,-0.11482595739599,L1,-0.0466897598722696,L2,0.0341...
testing H1>-5.0
evaluate ot="H1.bs>-5.0" t="H1>-5.0", ctx="{'H1': None}"
check iteration duration=0.000587940216064
GetData ===>> H2,-0.162530976543032,H1,-0.757367292204235,AX,-0.139881151036481,L1,-0.0142705826667479,L2,-0.05...
check iteration duration=4.6968460083e-05
waiting for write to finish
measurement finished
estimated time: 62.915 actual time: :63.162
flush and close file /Users/jan/PychronDev/data/isotopes/21/68035f-903a-4d90-a4ed-779df1c2fbe3.h5
activate_detectors ('H1', 'AX', 'CDD') {'peak_center': True}
peak_center () {'detector': 'H1', 'integration_time': 0.262144, 'isotope': 'Ar40'}
peak center: mean=49.905761842 threshold=3
peak center started
setup peak center. detector=['H1', 'AX', 'CDD'], isotope=Ar40
VersionedUnpickler [<apptools.sweet_pickle.versioned_unpickler.VersionedUnpickler object at 0x17022ce30>] using Updater [<apptools.sweet_pickle.updater.Updater object at 0x1373c7050>]
VersionedUnpickler [<apptools.sweet_pickle.versioned_unpickler.VersionedUnpickler object at 0x17022ce30>] using Updater [<apptools.sweet_pickle.updater.Updater object at 0x1373c7050>]
VersionedUnpickler [<apptools.sweet_pickle.versioned_unpickler.VersionedUnpickler object at 0x15962e650>] using Updater [<apptools.sweet_pickle.updater.Updater object at 0x1373c7050>]
Mapping mass to dac mass func: "parabolic"
H1 map mass coeffs = [-0.00063987  0.15840543  0.57008999]
H1 map mass to dac 39.9624 >> 5.87848
GetDeflection H1 ===>> 0
GetHighVoltage ===>> 4500
do peak center. <pychron.spectrometer.jobs.peak_center.PeakCenter object at 0x1388c2410>
doing pc
starting peak center. center dac= 5.87848 step_width=0.001
width = 0.001
get scan parameters. half-width=0.015,window=0.015, i=0, scalar=1
Scan parameters center=5.87848 width=0.03000 (5.86348 - 5.89348)
GetData ===>> H2,-0.135954944059519,H1,-0.810709224998242,AX,-0.0758391434772652,L1,-0.0435436853491599,L2,0.01...
Moving to starting dac 5.86348
setting magnet DAC
current  : 5.239136
requested: 5.863480
Delta Dac: 0.624344
Checking detector protection. dv=0.62434
Checking detector "CDD". Protection Threshold: 0.1 (V)
ProtectDetector CDD,On ===>> OK
GetDeflection CDD ===>> 2000
Protected = 2000
SetMagnetDAC 5.86348 ===>> OK
Magnet settling time: 0.500
GetMagnetMoving ===>> True
GetMagnetMoving ===>> True
GetMagnetMoving ===>> True
GetMagnetMoving ===>> True
GetMagnetMoving ===>> True
GetMagnetMoving ===>> True
GetMagnetMoving ===>> True
GetMagnetMoving ===>> True
GetMagnetMoving ===>> False
ProtectDetector CDD,Off ===>> OK
GetDeflection CDD ===>> 50
Wait until signal near baseline. tol= -0.608031918749. timeout= 10
GetData ===>> H2,-0.196360560343438,H1,-0.864519252001562,AX,-0.016390117825437,L1,-0.0255194064293311,L2,-0.12...
Peak center baseline intensity achieved
_do_sweep sm= 5.86348, em= 5.89348, stm= 0.001
calculated step values: start=5.86348, end=5.89348, width=0.001, nsteps=31.0
setting magnet DAC
current  : 5.863480
requested: 5.863480
Delta Dac: 0.000000
Checking detector protection. dv=0.00000
Checking detector "CDD". Protection Threshold: 0.1 (V)
SetMagnetDAC 5.86348 ===>> OK
GetData ===>> H2,-0.196360560343438,H1,-0.864519252001562,AX,-0.016390117825437,L1,-0.0255194064293311,L2,-0.12...
setting magnet DAC
current  : 5.863480
requested: 5.864514
Delta Dac: 0.001034
Checking detector protection. dv=0.00103
Checking detector "CDD". Protection Threshold: 0.1 (V)
SetMagnetDAC 5.86451448276 ===>> OK
Magnet settling time: 2.097
GetData ===>> H2,1.0150283636452,H1,-0.52465446972645,AX,-0.0222589473943594,L1,-0.0310611937162053,L2,-0.02723...
setting magnet DAC
current  : 5.864514
requested: 5.865549
Delta Dac: 0.001034
Checking detector protection. dv=0.00103
Checking detector "CDD". Protection Threshold: 0.1 (V)
SetMagnetDAC 5.86554896552 ===>> OK
Magnet settling time: 2.097
GetData ===>> H2,-0.115634410488442,H1,-0.49073223757305,AX,-0.106193185113966,L1,0.00702543562187913,L2,-0.084...
setting magnet DAC
current  : 5.865549
requested: 5.866583
Delta Dac: 0.001034
Checking detector protection. dv=0.00103
Checking detector "CDD". Protection Threshold: 0.1 (V)
SetMagnetDAC 5.86658344828 ===>> OK
Magnet settling time: 2.097
GetData ===>> H2,-0.119321428096934,H1,0.235459000939656,AX,-0.0524673814467455,L1,-0.0151020254438352,L2,0.023...
setting magnet DAC
current  : 5.866583
requested: 5.867618
Delta Dac: 0.001034
Checking detector protection. dv=0.00103
Checking detector "CDD". Protection Threshold: 0.1 (V)
SetMagnetDAC 5.86761793103 ===>> OK
Magnet settling time: 2.097
GetData ===>> H2,-0.22927022501331,H1,2.60626212899893,AX,-0.0760477946414859,L1,0.0126613720030368,L2,-0.11699...
setting magnet DAC
current  : 5.867618
requested: 5.868652
Delta Dac: 0.001034
Checking detector protection. dv=0.00103
Checking detector "CDD". Protection Threshold: 0.1 (V)
SetMagnetDAC 5.86865241379 ===>> OK
Magnet settling time: 2.097
GetData ===>> H2,-0.22795093976932,H1,9.32153310058449,AX,-0.0816580248555067,L1,-0.00372340505525209,L2,0.0506...
setting magnet DAC
current  : 5.868652
requested: 5.869687
Delta Dac: 0.001034
Checking detector protection. dv=0.00103
Checking detector "CDD". Protection Threshold: 0.1 (V)
SetMagnetDAC 5.86968689655 ===>> OK
Magnet settling time: 2.097
GetData ===>> H2,-0.167733578672723,H1,22.1138949934468,AX,0.102358700196191,L1,-0.0228252775848034,L2,-0.06403...
setting magnet DAC
current  : 5.869687
requested: 5.870721
Delta Dac: 0.001034
Checking detector protection. dv=0.00103
Checking detector "CDD". Protection Threshold: 0.1 (V)
SetMagnetDAC 5.87072137931 ===>> OK
Magnet settling time: 2.097
GetData ===>> H2,-0.293849561037401,H1,36.1813081067967,AX,0.18676466957848,L1,0.00509837307605417,L2,-0.066129...
setting magnet DAC
current  : 5.870721
requested: 5.871756
Delta Dac: 0.001034
Checking detector protection. dv=0.00103
Checking detector "CDD". Protection Threshold: 0.1 (V)
SetMagnetDAC 5.87175586207 ===>> OK
Magnet settling time: 2.097
GetData ===>> H2,-0.18572788895185,H1,45.7671698738357,AX,0.396421056183227,L1,-0.0338034043611857,L2,-0.029162...
setting magnet DAC
current  : 5.871756
requested: 5.872790
Delta Dac: 0.001034
Checking detector protection. dv=0.00103
Checking detector "CDD". Protection Threshold: 0.1 (V)
SetMagnetDAC 5.87279034483 ===>> OK
Magnet settling time: 2.097
GetData ===>> H2,-0.246426380738942,H1,48.4239393999857,AX,0.360422070184843,L1,-0.0241940043944634,L2,0.081096...
setting magnet DAC
current  : 5.872790
requested: 5.873825
Delta Dac: 0.001034
Checking detector protection. dv=0.00103
Checking detector "CDD". Protection Threshold: 0.1 (V)
SetMagnetDAC 5.87382482759 ===>> OK
Magnet settling time: 2.097
GetData ===>> H2,-0.305940822506136,H1,48.7156948021129,AX,0.431454863883747,L1,-0.0580758897459156,L2,0.012127...
setting magnet DAC
current  : 5.873825
requested: 5.874859
Delta Dac: 0.001034
Checking detector protection. dv=0.00103
Checking detector "CDD". Protection Threshold: 0.1 (V)
SetMagnetDAC 5.87485931034 ===>> OK
Magnet settling time: 2.097
GetData ===>> H2,-0.181630987476591,H1,48.9288005435968,AX,0.36597739143216,L1,0.01074436779152,L2,-0.022917909...
setting magnet DAC
current  : 5.874859
requested: 5.875894
Delta Dac: 0.001034
Checking detector protection. dv=0.00103
Checking detector "CDD". Protection Threshold: 0.1 (V)
SetMagnetDAC 5.8758937931 ===>> OK
Magnet settling time: 2.097
GetData ===>> H2,-0.0354414188578135,H1,48.8977676281929,AX,0.540130921771831,L1,-0.00320751381480809,L2,0.0704...
setting magnet DAC
current  : 5.875894
requested: 5.876928
Delta Dac: 0.001034
Checking detector protection. dv=0.00103
Checking detector "CDD". Protection Threshold: 0.1 (V)
SetMagnetDAC 5.87692827586 ===>> OK
Magnet settling time: 2.097
GetData ===>> H2,-0.263382131026344,H1,48.7327174665732,AX,0.421939266430917,L1,-0.0150540438537054,L2,0.011090...
setting magnet DAC
current  : 5.876928
requested: 5.877963
Delta Dac: 0.001034
Checking detector protection. dv=0.00103
Checking detector "CDD". Protection Threshold: 0.1 (V)
SetMagnetDAC 5.87796275862 ===>> OK
Magnet settling time: 2.097
GetData ===>> H2,-0.115275792599125,H1,48.8503144627792,AX,0.462076057382363,L1,0.00272473495790104,L2,-0.06368...
setting magnet DAC
current  : 5.877963
requested: 5.878997
Delta Dac: 0.001034
Checking detector protection. dv=0.00103
Checking detector "CDD". Protection Threshold: 0.1 (V)
SetMagnetDAC 5.87899724138 ===>> OK
Magnet settling time: 2.097
GetData ===>> H2,-0.0378171025975932,H1,48.7521550430379,AX,0.43868222595579,L1,-0.0151679997566969,L2,0.102877...
setting magnet DAC
current  : 5.878997
requested: 5.880032
Delta Dac: 0.001034
Checking detector protection. dv=0.00103
Checking detector "CDD". Protection Threshold: 0.1 (V)
SetMagnetDAC 5.88003172414 ===>> OK
Magnet settling time: 2.097
GetData ===>> H2,-0.259024120594517,H1,48.818800992918,AX,0.512334233044807,L1,0.0374807286072958,L2,0.05643496...
setting magnet DAC
current  : 5.880032
requested: 5.881066
Delta Dac: 0.001034
Checking detector protection. dv=0.00103
Checking detector "CDD". Protection Threshold: 0.1 (V)
SetMagnetDAC 5.8810662069 ===>> OK
Magnet settling time: 2.097
GetData ===>> H2,-0.248437529878462,H1,48.9117745851932,AX,0.473385668119399,L1,0.00868372497067733,L2,0.024166...
setting magnet DAC
current  : 5.881066
requested: 5.882101
Delta Dac: 0.001034
Checking detector protection. dv=0.00103
Checking detector "CDD". Protection Threshold: 0.1 (V)
SetMagnetDAC 5.88210068966 ===>> OK
Magnet settling time: 2.097
GetData ===>> H2,-0.257060556746891,H1,48.6233427768963,AX,0.480953261964016,L1,-0.0253192891073063,L2,0.016812...
setting magnet DAC
current  : 5.882101
requested: 5.883135
Delta Dac: 0.001034
Checking detector protection. dv=0.00103
Checking detector "CDD". Protection Threshold: 0.1 (V)
SetMagnetDAC 5.88313517241 ===>> OK
Magnet settling time: 2.097
GetData ===>> H2,-0.20292985489727,H1,48.4950296862839,AX,0.40055998946638,L1,0.024647010474562,L2,0.0389878752...
setting magnet DAC
current  : 5.883135
requested: 5.884170
Delta Dac: 0.001034
Checking detector protection. dv=0.00103
Checking detector "CDD". Protection Threshold: 0.1 (V)
SetMagnetDAC 5.88416965517 ===>> OK
Magnet settling time: 2.097
GetData ===>> H2,-0.151638105882144,H1,47.8275448503549,AX,0.411373200099968,L1,-0.00596902357828096,L2,0.06893...
setting magnet DAC
current  : 5.884170
requested: 5.885204
Delta Dac: 0.001034
Checking detector protection. dv=0.00103
Checking detector "CDD". Protection Threshold: 0.1 (V)
SetMagnetDAC 5.88520413793 ===>> OK
Magnet settling time: 2.097
GetData ===>> H2,-0.251985426365713,H1,44.4781672372896,AX,0.438542786252438,L1,-0.00984009980467801,L2,-0.0832...
setting magnet DAC
current  : 5.885204
requested: 5.886239
Delta Dac: 0.001034
Checking detector protection. dv=0.00103
Checking detector "CDD". Protection Threshold: 0.1 (V)
SetMagnetDAC 5.88623862069 ===>> OK
Magnet settling time: 2.097
GetData ===>> H2,-0.209289212440117,H1,35.7734403561644,AX,0.203591926742013,L1,-0.0077164687629904,L2,0.067646...
setting magnet DAC
current  : 5.886239
requested: 5.887273
Delta Dac: 0.001034
Checking detector protection. dv=0.00103
Checking detector "CDD". Protection Threshold: 0.1 (V)
SetMagnetDAC 5.88727310345 ===>> OK
Magnet settling time: 2.097
GetData ===>> H2,-0.266538888362202,H1,20.8295142608696,AX,0.090165809869451,L1,-0.0560722993853512,L2,-0.01038...
setting magnet DAC
current  : 5.887273
requested: 5.888308
Delta Dac: 0.001034
Checking detector protection. dv=0.00103
Checking detector "CDD". Protection Threshold: 0.1 (V)
SetMagnetDAC 5.88830758621 ===>> OK
Magnet settling time: 2.097
GetData ===>> H2,-0.109136934393163,H1,7.60775413729067,AX,0.0501402871161812,L1,-0.00281637865248536,L2,-0.096...
setting magnet DAC
current  : 5.888308
requested: 5.889342
Delta Dac: 0.001034
Checking detector protection. dv=0.00103
Checking detector "CDD". Protection Threshold: 0.1 (V)
SetMagnetDAC 5.88934206897 ===>> OK
Magnet settling time: 2.097
GetData ===>> H2,-0.147315139868292,H1,1.3279614585975,AX,-0.00475579895023367,L1,-0.00860626594639516,L2,-0.07...
setting magnet DAC
current  : 5.889342
requested: 5.890377
Delta Dac: 0.001034
Checking detector protection. dv=0.00103
Checking detector "CDD". Protection Threshold: 0.1 (V)
SetMagnetDAC 5.89037655172 ===>> OK
Magnet settling time: 2.097
GetData ===>> H2,-0.104505963850187,H1,-0.402034235123593,AX,-0.175946936686393,L1,-0.0293256705238404,L2,0.027...
setting magnet DAC
current  : 5.890377
requested: 5.891411
Delta Dac: 0.001034
Checking detector protection. dv=0.00103
Checking detector "CDD". Protection Threshold: 0.1 (V)
SetMagnetDAC 5.89141103448 ===>> OK
Magnet settling time: 2.097
GetData ===>> H2,-0.182230034328367,H1,-0.783744236794927,AX,-0.104246360141433,L1,-0.0256667956830709,L2,-0.06...
setting magnet DAC
current  : 5.891411
requested: 5.892446
Delta Dac: 0.001034
Checking detector protection. dv=0.00103
Checking detector "CDD". Protection Threshold: 0.1 (V)
SetMagnetDAC 5.89244551724 ===>> OK
Magnet settling time: 2.097
GetData ===>> H2,-0.174095672124063,H1,-0.664806910222714,AX,-0.0662059275664718,L1,-0.00315952258813102,L2,-0....
setting magnet DAC
current  : 5.892446
requested: 5.893480
Delta Dac: 0.001034
Checking detector protection. dv=0.00103
Checking detector "CDD". Protection Threshold: 0.1 (V)
SetMagnetDAC 5.89348 ===>> OK
Magnet settling time: 2.097
GetData ===>> H2,-0.118770819317314,H1,-0.759015871858805,AX,-0.182796881155724,L1,-0.0206003995005664,L2,-0.00...
result of _do_sweep=True
result of _calculate_peak_center=([5.870724488977956, 5.8784499398797596, 5.8861753907815633], [36.15174640118309, 48.927494549160961, 36.305492800802448], 5.8749028456913823, 48.927494549160961)
Failed to find a valid peak. No peak greater than 1.0. max = 0.536578066401
Failed to find a valid peak. No peak greater than 1.0. max = 0.0138355455487
new center pos Detector(H1) (Ar40) @ 5.87844993988
GetHighVoltage ===>> 4500
GetDeflection H1 ===>> 0
dac uncorrected for HV and deflection 5.87844993988
update mftable H1 Ar40 5.87844993988 message=automated run peakcenter
get initial guess parabolic
get initial guess parabolic
get initial guess parabolic
get initial guess parabolic
get initial guess parabolic
get initial guess parabolic
dump mftable to /Users/jan/PychronDev/setupfiles/spectrometer/mftables/mftable.csv
add to repo msg=modified - automated run peakcenter
locally archiving mftable
setting magnet DAC
current  : 5.893480
requested: 5.878450
Delta Dac: 0.015030
Checking detector protection. dv=0.01503
Checking detector "CDD". Protection Threshold: 0.1 (V)
sweep finished
SetMagnetDAC 5.87844993988 ===>> OK
Magnet settling time: 0.500
Failed to find a valid peak. No peak greater than 1.0. max = 0.536578066401
Failed to find a valid peak. No peak greater than 1.0. max = 0.0138355455487
flush and close file /Users/jan/PychronDev/data/isotopes/21/68035f-903a-4d90-a4ed-779df1c2fbe3.h5
finished measure script
executed snippet estimated_duration=226.132928, duration=292.015123844
jan_unknown120_60.py completed successfully
Measurement Finished
07:22:21 -- ******* Measurement Finished *******
Post Measurement Started jan_pump_ms.py
07:22:21 -- ******* Post Measurement Started jan_pump_ms.py *******
testing...
no interpolation path defined
executed snippet estimated_duration=0, duration=4.48226928711e-05
Pumping spectrometer
open () {'name': 'O'}
opening name=O desc=---
checking ownership. requestor=129.138.12.150
check software interlocks O
interlocks []
actuate state mode=None-script, software_lock=False
doing actuation None-script open_channel True
Open O ===>> OK
GetIndicatorState O ===>> OK
change switch state (True, True)
update switch state O True args=() kw={} ncanvase=2
07:22:21 -- OPEN   VALVE-O (Jan Ion Pump)
---------------------------------------- open O () result=[(True, True)], time=0.11 sec
action=open, ok=True, locked=[False]
executed snippet estimated_duration=0, duration=0.361330986023
jan_pump_ms.py completed successfully
setting _ms_pumptime
Post Measurement Finished
07:22:22 -- ******* Post Measurement Finished *******
$$$$$$$$$$$$$$$$$$$$ state at run end measurement
state changed from measurement to success
post measurement save measured=True aborted=False
Set filtering
setting fod for Ar40= {'filter_outliers': True, 'std_devs': 2, 'iterations': 1}
setting fod for H1= {'filter_outliers': True, 'std_devs': 2, 'iterations': 1}
setting fod for PM41= {'filter_outliers': False, 'std_devs': 2, 'iterations': 1}
setting fod for H2= {'filter_outliers': True, 'std_devs': 2, 'iterations': 1}
setting fod for Ar36= {'filter_outliers': True, 'std_devs': 2, 'iterations': 1}
setting fod for CDD= {'filter_outliers': True, 'std_devs': 10, 'iterations': 1}
setting fod for Ar37= {'filter_outliers': True, 'std_devs': 2, 'iterations': 1}
setting fod for L2= {'filter_outliers': True, 'std_devs': 2, 'iterations': 1}
setting fod for Ar38= {'filter_outliers': True, 'std_devs': 2, 'iterations': 1}
setting fod for L1= {'filter_outliers': True, 'std_devs': 2, 'iterations': 1}
setting fod for Ar39= {'filter_outliers': True, 'std_devs': 2, 'iterations': 1}
setting fod for AX= {'filter_outliers': True, 'std_devs': 2, 'iterations': 1}
persistence save...
persistence save - db
post measurement save
6187318064 connecting to database sqlite:////Users/jan/PychronDev/.appdata/local_lab.db
connected to db sqlite:////Users/jan/PychronDev/.appdata/local_lab.db
create new session 6187318064
close session 6187318064
No database instance. Not saving post measurement to isotopedb database
$$$$$$$$$$$$$$$ auto_save_detector_ic=False
massspec enabled True
create new session 5035355696
MassSpec Database Version: 16.0
close session 5035355696
saving post measurement to secondary database
saving to massspec database 129.138.12.160/massspecdata
setting labnumber to 65269
setting aliquot to 11
setting step to T
setting uuid to 2168035f-903a-4d90-a4ed-779df1c2fbe3
setting irradpos to 65269
setting extract_device to Fusions CO2
setting tray to 
setting position to 81
setting power_requested to 1.5
setting extract_value to 1.5
setting duration to 30.0
setting duration_at_request to 30.0
setting first_stage_delay to 30.0
setting cleanup to 30.0
setting comment to AM-5b F:12
setting irradiation to NM-285
setting level to F
setting irradiation_level to F
setting sample to AM-5b
setting material to Kspar
setting project to REEFenite
setting mass_spectrometer to Jan
no attribute chron_dosages
no attribute production_ratios
no attribute interference_corrections
no attribute production_name
no attribute j
Reference Isotope=Ar40
Reference Detector=H1
%%%%%%%%%%%%%%%%%%%% Comment: AM-5b F:12 %%%%%%%%%%%%%%%%%%%
adding isotope PM41 H2
add baseline dbdet= PM41. original det= H2
get baseline data PM41 H2
Get data baseline <pychron.processing.isotope.Baseline object at 0x14dbb4310> len t=60
baseline PM41. v=-0.175240048002, e=0.00758236078962
get signal data PM41 H2
Get data signal PM41 0.01+/-0.07 len t=120
adding isotope Ar40 H1
add baseline dbdet= Ar40. original det= H1
get baseline data Ar40 H1
Get data baseline <pychron.processing.isotope.Baseline object at 0x14dbb4dd0> len t=60
baseline Ar40. v=-0.72425196966, e=0.0157152421857
get signal data Ar40 H1
Get data signal Ar40 51.574+/-0.031 len t=120
adding isotope Ar39 AX
add baseline dbdet= Ar39. original det= AX
get baseline data Ar39 AX
Get data baseline <pychron.processing.isotope.Baseline object at 0x14dbb4f50> len t=60
baseline Ar39. v=-0.0919327709954, e=0.00620928763493
get signal data Ar39 AX
Get data signal Ar39 0.493+/-0.011 len t=120
adding isotope Ar38 L1
add baseline dbdet= Ar38. original det= L1
get baseline data Ar38 L1
Get data baseline <pychron.processing.isotope.Baseline object at 0x161f55e10> len t=60
baseline Ar38. v=-0.0147059972869, e=0.00251215667022
get signal data Ar38 L1
Get data signal Ar38 0.003+/-0.005 len t=120
adding isotope Ar37 L2
add baseline dbdet= Ar37. original det= L2
get baseline data Ar37 L2
Get data baseline <pychron.processing.isotope.Baseline object at 0x161f55590> len t=60
baseline Ar37. v=-0.0394363233571, e=0.00521705066663
get signal data Ar37 L2
Get data signal Ar37 0.057+/-0.011 len t=120
adding isotope Ar36 CDD
add baseline dbdet= Ar36. original det= CDD
get baseline data Ar36 CDD
Get data baseline <pychron.processing.isotope.Baseline object at 0x161f55450> len t=60
baseline Ar36. v=2.23298116802e-05, e=6.92026759079e-06
get signal data Ar36 CDD
Get data signal Ar36 0.01089+/-0.00029 len t=120
65269-11T added analysis time 0.546708106995s
analysis added to mass spec database
mass spec save time= 0.564
persistence save - dvc
================= post measurement started
create new session 4996344144
close session 4996344144
---------------- Experiment Queue saving disabled
DVC saving peakcenter
Failed to find a valid peak. No peak greater than 1.0. max = 0.536578066401
Failed to find a valid peak. No peak greater than 1.0. max = 0.0138355455487
Smart pull ahead: 0 behind: 0
Up-to-date with origin
add to repo msg=modified - ad8224ebc6dbfeb9f5997218dfa5fe690569839d.json
add to repo msg=modified - 69-11T.json
add to repo msg=modified - 69-11T.dat.json
add to repo msg=modified - 69-11T.blan.json
add to repo msg=modified - 69-11T.inte.json
add to repo msg=modified - 69-11T.icfa.json
add to repo msg=modified - 69-11T.base.json
not at valid file /Users/jan/PychronDev/data/.dvc/repositories/REEFenite/652/tags/69-11T.tags.json
add to repo msg=modified - 69-11T.peak.json
add to repo msg=modified - 69-11T.extr.json
not at valid file /Users/jan/PychronDev/data/.dvc/repositories/REEFenite/652/monitor/69-11T.moni.json
commit message=<COLLECTION>
add to repo msg=modified - 69-11T.inte.json
add to repo msg=modified - 69-11T.base.json
commit message=<ISOEVO> default collection fits
add to repo msg=modified - 69-11T.blan.json
commit message=<BLANKS> preceding bu-FC-J-7866
add to repo msg=modified - 69-11T.icfa.json
commit message=<ICFactor> default
push repository <pychron.git_archive.repo_manager.GitRepoManager object at 0x171c112f0>
pushing to remote=origin, url=https://github.com
no changes to meta repo
create new session 4996344144
add association REEFenite
get identifier "65269"
setting analysis irradiation position=<pychron.dvc.dvc_orm.IrradiationPositionTbl object at 0x1622dfad0>
close session 4996344144
================= post measurement finished
07:22:43 -- ******* Post Run Check *******
loading queue conditionals post_run_actions
loading system conditionals post_run_actions
loading conditionals from /Users/jan/PychronDev/setupfiles/spectrometer/default_conditionals.yaml
loading queue conditionals post_run_terminations
loading system conditionals post_run_terminations
loading conditionals from /Users/jan/PychronDev/setupfiles/spectrometer/default_conditionals.yaml
Checking default post run terminations n=1
GetDeflection CDD ===>> 50
testing CDD==2000
evaluate ot="CDD.deflection==2000" t="CDD==2000", ctx="{'CDD': 50.0}"
07:22:43 -- ******* Post Run Check Passed *******
07:22:43 -- Automated run 65269-11T success duration: 388.818 s
----------------- finish -----------------
----------------- stop -----------------
retroactive repository identifiers disabled
finish run. runs completed=70
update duration runid=65269-11T, duration=388.81785512, md5=3be28e4d
loading script "jan_unknown120_60.py"
loading script "jan_pump_ms.py"
loading script "jan_co2.py"
loading script "jan_pump_extraction_line.py"
testing...
no interpolation path defined
executed snippet estimated_duration=213.652928, duration=0.000205039978027
script duration name:unknown120_60 seconds:214.0
loading script "jan_unknown120_60.py"
loading script "jan_pump_ms.py"
loading script "jan_co2.py"
loading script "jan_pump_extraction_line.py"
testing...
no interpolation path defined
executed snippet estimated_duration=0, duration=2.38418579102e-05
loading script "jan_unknown120_60.py"
loading script "jan_pump_ms.py"
loading script "jan_co2.py"
loading script "jan_pump_extraction_line.py"
testing...
no interpolation path defined
calculate duration
testing...
no interpolation path defined
executed snippet estimated_duration=0, duration=5.10215759277e-05
calculate duration
testing...
no interpolation path defined
executed snippet estimated_duration=0, duration=9.29832458496e-05
executed snippet estimated_duration=0.0, duration=0.00297594070435
script duration name:co2 seconds:0.0
loading script "jan_unknown120_60.py"
loading script "jan_pump_ms.py"
loading script "jan_co2.py"
loading script "jan_pump_extraction_line.py"
testing...
no interpolation path defined
calculate duration
testing...
no interpolation path defined
executed snippet estimated_duration=4.0, duration=0.000146150588989
executed snippet estimated_duration=4.0, duration=0.00151610374451
Script duration 214.0
Run total estimated duration= 215.000
loading script "jan_unknown400_120.py"
loading script "jan_pump_ms.py"
loading script "jan_sniffair_x2.py"
loading script "jan_pump_extraction_line.py"
testing...
no interpolation path defined
executed snippet estimated_duration=556.052928, duration=0.000144958496094
script duration name:unknown400_120 seconds:556.0
pump_ms in script context. using previous estimated duration
loading script "jan_unknown400_120.py"
loading script "jan_pump_ms.py"
loading script "jan_sniffair_x2.py"
loading script "jan_pump_extraction_line.py"
testing...
no interpolation path defined
calculate duration
testing...
no interpolation path defined
executed snippet estimated_duration=0, duration=3.79085540771e-05
calculate duration
testing...
no interpolation path defined
executed snippet estimated_duration=0, duration=7.91549682617e-05
calculate duration
testing...
no interpolation path defined
executed snippet estimated_duration=32.0, duration=7.5101852417e-05
calculate duration
testing...
no interpolation path defined
executed snippet estimated_duration=34.0, duration=7.60555267334e-05
calculate duration
testing...
no interpolation path defined
executed snippet estimated_duration=4.0, duration=5.3882598877e-05
calculate duration
testing...
no interpolation path defined
executed snippet estimated_duration=36.0, duration=6.91413879395e-05
calculate duration
testing...
no interpolation path defined
executed snippet estimated_duration=34.0, duration=7.5101852417e-05
calculate duration
testing...
no interpolation path defined
executed snippet estimated_duration=4.0, duration=4.88758087158e-05
calculate duration
testing...
no interpolation path defined
executed snippet estimated_duration=36.0, duration=9.70363616943e-05
calculate duration
testing...
no interpolation path defined
executed snippet estimated_duration=70.0, duration=7.89165496826e-05
executed snippet estimated_duration=250.0, duration=0.00805187225342
script duration name:sniffair_x2 seconds:250.0
pump_extraction_line in script context. using previous estimated duration
Script duration 806.0
Run total estimated duration= 807.000
unknown400_120 in script context. using previous estimated duration
script duration name:unknown400_120 seconds:556.0
sniffair_x2 in script context. using previous estimated duration
script duration name:sniffair_x2 seconds:250.0
Script duration 806.0
Run total estimated duration= 807.000
script duration name:unknown400_120 seconds:556.0
loading script "jan_unknown400_120.py"
loading script "jan_pump_ms.py"
loading script "jan_cocktail_x1.py"
loading script "jan_pump_extraction_line.py"
testing...
no interpolation path defined
calculate duration
testing...
no interpolation path defined
executed snippet estimated_duration=0, duration=4.38690185547e-05
calculate duration
testing...
no interpolation path defined
executed snippet estimated_duration=0, duration=9.48905944824e-05
calculate duration
testing...
no interpolation path defined
executed snippet estimated_duration=32.0, duration=8.48770141602e-05
calculate duration
testing...
no interpolation path defined
executed snippet estimated_duration=34.0, duration=9.51290130615e-05
calculate duration
testing...
no interpolation path defined
executed snippet estimated_duration=4.0, duration=4.91142272949e-05
calculate duration
testing...
no interpolation path defined
executed snippet estimated_duration=38.0, duration=7.39097595215e-05
executed snippet estimated_duration=108.0, duration=0.00629711151123
script duration name:cocktail_x1 seconds:108.0
Script duration 664.0
Run total estimated duration= 665.000
script duration name:unknown400_120 seconds:556.0
cocktail_x1 in script context. using previous estimated duration
script duration name:cocktail_x1 seconds:108.0
Script duration 664.0
Run total estimated duration= 665.000
script duration name:unknown400_120 seconds:556.0
co2 in script context. using previous estimated duration
script duration name:co2 seconds:0.0
Script duration 556.0
Run total estimated duration= 557.000
unknown120_60 in script context. using previous estimated duration
script duration name:unknown120_60 seconds:214.0
script duration name:co2 seconds:0.0
Script duration 214.0
Run total estimated duration= 215.000
script duration name:unknown120_60 seconds:214.0
script duration name:co2 seconds:0.0
Script duration 214.0
Run total estimated duration= 215.000
script duration name:unknown120_60 seconds:214.0
script duration name:co2 seconds:0.0
Script duration 214.0
Run total estimated duration= 215.000
script duration name:unknown120_60 seconds:214.0
script duration name:co2 seconds:0.0
Script duration 214.0
Run total estimated duration= 215.000
script duration name:unknown120_60 seconds:214.0
script duration name:co2 seconds:0.0
Script duration 214.0
Run total estimated duration= 215.000
script duration name:unknown120_60 seconds:214.0
script duration name:co2 seconds:0.0
Script duration 214.0
Run total estimated duration= 215.000
script duration name:unknown120_60 seconds:214.0
script duration name:co2 seconds:0.0
Script duration 214.0
Run total estimated duration= 215.000
script duration name:unknown120_60 seconds:214.0
script duration name:co2 seconds:0.0
Script duration 214.0
Run total estimated duration= 215.000
script duration name:unknown120_60 seconds:214.0
script duration name:co2 seconds:0.0
Script duration 214.0
Run total estimated duration= 215.000
script duration name:unknown120_60 seconds:214.0
script duration name:co2 seconds:0.0
Script duration 214.0
Run total estimated duration= 215.000
script duration name:unknown120_60 seconds:214.0
script duration name:co2 seconds:0.0
Script duration 214.0
Run total estimated duration= 215.000
script duration name:unknown120_60 seconds:214.0
script duration name:co2 seconds:0.0
Script duration 214.0
Run total estimated duration= 215.000
script duration name:unknown120_60 seconds:214.0
script duration name:co2 seconds:0.0
Script duration 214.0
Run total estimated duration= 215.000
script duration name:unknown120_60 seconds:214.0
script duration name:co2 seconds:0.0
Script duration 214.0
Run total estimated duration= 215.000
script duration name:unknown120_60 seconds:214.0
script duration name:co2 seconds:0.0
Script duration 214.0
Run total estimated duration= 215.000
script duration name:unknown120_60 seconds:214.0
script duration name:co2 seconds:0.0
Script duration 214.0
Run total estimated duration= 215.000
script duration name:unknown120_60 seconds:214.0
script duration name:co2 seconds:0.0
Script duration 214.0
Run total estimated duration= 215.000
script duration name:unknown120_60 seconds:214.0
script duration name:co2 seconds:0.0
Script duration 214.0
Run total estimated duration= 215.000
script duration name:unknown120_60 seconds:214.0
script duration name:co2 seconds:0.0
Script duration 214.0
Run total estimated duration= 215.000
script duration name:unknown400_120 seconds:556.0
script duration name:sniffair_x2 seconds:250.0
Script duration 806.0
Run total estimated duration= 807.000
script duration name:unknown400_120 seconds:556.0
script duration name:sniffair_x2 seconds:250.0
Script duration 806.0
Run total estimated duration= 807.000
script duration name:unknown400_120 seconds:556.0
script duration name:cocktail_x1 seconds:108.0
Script duration 664.0
Run total estimated duration= 665.000
script duration name:unknown400_120 seconds:556.0
script duration name:cocktail_x1 seconds:108.0
Script duration 664.0
Run total estimated duration= 665.000
script duration name:unknown400_120 seconds:556.0
script duration name:co2 seconds:0.0
Script duration 556.0
Run total estimated duration= 557.000
script duration name:unknown120_60 seconds:214.0
script duration name:co2 seconds:0.0
Script duration 214.0
Run total estimated duration= 215.000
script duration name:unknown120_60 seconds:214.0
script duration name:co2 seconds:0.0
Script duration 214.0
Run total estimated duration= 215.000
script duration name:unknown120_60 seconds:214.0
script duration name:co2 seconds:0.0
Script duration 214.0
Run total estimated duration= 215.000
script duration name:unknown120_60 seconds:214.0
script duration name:co2 seconds:0.0
Script duration 214.0
Run total estimated duration= 215.000
script duration name:unknown120_60 seconds:214.0
script duration name:co2 seconds:0.0
Script duration 214.0
Run total estimated duration= 215.000
script duration name:unknown120_60 seconds:214.0
script duration name:co2 seconds:0.0
Script duration 214.0
Run total estimated duration= 215.000
script duration name:unknown120_60 seconds:214.0
script duration name:co2 seconds:0.0
Script duration 214.0
Run total estimated duration= 215.000
script duration name:unknown120_60 seconds:214.0
script duration name:co2 seconds:0.0
Script duration 214.0
Run total estimated duration= 215.000
script duration name:unknown120_60 seconds:214.0
script duration name:co2 seconds:0.0
Script duration 214.0
Run total estimated duration= 215.000
script duration name:unknown120_60 seconds:214.0
script duration name:co2 seconds:0.0
Script duration 214.0
Run total estimated duration= 215.000
script duration name:unknown120_60 seconds:214.0
script duration name:co2 seconds:0.0
Script duration 214.0
Run total estimated duration= 215.000
script duration name:unknown120_60 seconds:214.0
script duration name:co2 seconds:0.0
Script duration 214.0
Run total estimated duration= 215.000
script duration name:unknown120_60 seconds:214.0
script duration name:co2 seconds:0.0
Script duration 214.0
Run total estimated duration= 215.000
script duration name:unknown120_60 seconds:214.0
script duration name:co2 seconds:0.0
Script duration 214.0
Run total estimated duration= 215.000
script duration name:unknown120_60 seconds:214.0
script duration name:co2 seconds:0.0
Script duration 214.0
Run total estimated duration= 215.000
script duration name:unknown120_60 seconds:214.0
script duration name:co2 seconds:0.0
Script duration 214.0
Run total estimated duration= 215.000
script duration name:unknown120_60 seconds:214.0
script duration name:co2 seconds:0.0
Script duration 214.0
Run total estimated duration= 215.000
script duration name:unknown120_60 seconds:214.0
script duration name:co2 seconds:0.0
Script duration 214.0
Run total estimated duration= 215.000
script duration name:unknown120_60 seconds:214.0
script duration name:co2 seconds:0.0
Script duration 214.0
Run total estimated duration= 215.000
script duration name:unknown400_120 seconds:556.0
script duration name:sniffair_x2 seconds:250.0
Script duration 806.0
Run total estimated duration= 807.000
script duration name:unknown400_120 seconds:556.0
script duration name:sniffair_x2 seconds:250.0
Script duration 806.0
Run total estimated duration= 807.000
script duration name:unknown400_120 seconds:556.0
script duration name:cocktail_x1 seconds:108.0
Script duration 664.0
Run total estimated duration= 665.000
script duration name:unknown400_120 seconds:556.0
script duration name:cocktail_x1 seconds:108.0
Script duration 664.0
Run total estimated duration= 665.000
nruns=53 before=5.0, run_dur=18331.0, btw=1560.0
write rem/ex queues
/Users/jan/PychronDev/experiments/rem/Load1796.rem.txt
/Users/jan/PychronDev/experiments/rem/Load1796.ex.txt
doing event level: 3
