do run
loading script "jan_unknown120_60.py"
loading script "jan_pump_ms.py"
loading script "jan_co2.py"
loading script "jan_pump_extraction_line.py"
testing...
no interpolation path defined
executed snippet estimated_duration=213.652928, duration=0.000286817550659
script duration name:unknown120_60 seconds:214.0
loading script "jan_unknown120_60.py"
loading script "jan_pump_ms.py"
loading script "jan_co2.py"
loading script "jan_pump_extraction_line.py"
testing...
no interpolation path defined
executed snippet estimated_duration=0, duration=4.00543212891e-05
loading script "jan_unknown120_60.py"
loading script "jan_pump_ms.py"
loading script "jan_co2.py"
loading script "jan_pump_extraction_line.py"
testing...
no interpolation path defined
calculate duration
testing...
no interpolation path defined
executed snippet estimated_duration=0, duration=5.69820404053e-05
calculate duration
testing...
no interpolation path defined
executed snippet estimated_duration=0, duration=9.58442687988e-05
executed snippet estimated_duration=0.0, duration=0.00338006019592
script duration name:co2 seconds:0.0
loading script "jan_unknown120_60.py"
loading script "jan_pump_ms.py"
loading script "jan_co2.py"
loading script "jan_pump_extraction_line.py"
testing...
no interpolation path defined
calculate duration
testing...
no interpolation path defined
executed snippet estimated_duration=4.0, duration=0.00015115737915
executed snippet estimated_duration=4.0, duration=0.00149297714233
Script duration 214.0
Run total estimated duration= 215.000
run duration: 0:03:35
doing event level: 2
10:17:04 -- Setting default integration. t=1.048576
setting integration time = 1.048576
SetIntegrationTime 1.048576 ===>> OK
----------------- start -----------------
**************** Experiment Type: Ar/Ar, Ar/Ar
create new session 5001404976
close session 5001404976
$$$$$ Clearing conditionals
adding conditionals 
Add queue conditionals
add default conditionals
adding default conditionals from /Users/jan/PychronDev/setupfiles/spectrometer/default_conditionals.yaml
Start automated run 65271-05Q
loading script "jan_unknown120_60.py"
loading script "jan_pump_ms.py"
loading script "jan_co2.py"
loading script "jan_pump_extraction_line.py"
%%%%%%%%%%%%%%%%%% setting automated run 65271-05Q
No value "sensitivity_multiplier" in metadata
$$$$$$$$$$$$$$$ auto_save_detector_ic=False
============================= Pre Extraction Check =============================
loading queue conditionals pre_run_terminations
loading system conditionals pre_run_terminations
loading conditionals from /Users/jan/PychronDev/setupfiles/spectrometer/default_conditionals.yaml
10:17:04 -- ******* Pre Extraction Check *******
Get a measurement from the spectrometer
GetData ===>> H2,-0.173936354668645,H1,-0.615108066071785,AX,-0.0171672361385029,L1,-0.0267691508758541,L2,0.01...
Pre Extraction Termination data. keys=H2,H1,AX,L1,L2,CDD, signals=-0.17394,-0.61511,-0.01717,-0.02677,0.01780,0.00000
10:17:04 -- testing system defined conditionals
Checking default pre extraction terminations n=2
testing CDD
evaluate ot="CDD.inactive" t="CDD", ctx="{'CDD': False}"
GetDeflection CDD ===>> 50
testing CDD==2000
evaluate ot="CDD.deflection==2000" t="CDD==2000", ctx="{'CDD': 50.0}"
10:17:04 -- ******* Pre Extraction Check Passed *******
=================================================================================
10:17:04 -- stopping status monitor
stop 4988822832
Alive clients [4997662672]
10:17:04 -- starting status monitor
start 4988822832
Monitor already running
start extraction
do extraction
Analysis started at 10:17:04.872957
Extraction Started jan_co2.py
10:17:04 -- ******* Extraction Started jan_co2.py *******
state changed from not run to extraction
DO EXTRACTION <pychron.extraction_line.pyscript_runner.RemotePyScriptRunner object at 0x12cde6950>
testing...
no interpolation path defined
calculate duration
testing...
no interpolation path defined
executed snippet estimated_duration=0, duration=4.81605529785e-05
calculate duration
testing...
no interpolation path defined
executed snippet estimated_duration=0, duration=9.20295715332e-05
executed snippet estimated_duration=100.0, duration=0.00313401222229
Jan CO2 laser analysis
doing GOSUB
testing...
no interpolation path defined
executed snippet estimated_duration=0, duration=4.31537628174e-05
Waiting for CO2 access
wait ('FelixCO2Flag', 0) {}
waiting for FelixCO2Flag = 0
Read FelixCO2Flag ===>> 0
finished waiting
CO2 free
wait ('CO2PumpTimeFlag', 0) {}
waiting for CO2PumpTimeFlag = 0
Read CO2PumpTimeFlag ===>> 0
finished waiting
acquire ('JanCO2Flag',) {'clear': True}
acquire JanCO2Flag
Set JanCO2Flag 1 ===>> OK
JanCO2Flag acquired
set extraction state False (0.75, 'red', 1.5)
CO2 acquired
executed snippet estimated_duration=0, duration=0.0179879665375
WaitForCO2Access.py completed successfully
gosub finished
doing GOSUB
testing...
no interpolation path defined
executed snippet estimated_duration=0, duration=0.000116109848022
Prepare for CO2 analysis
close () {'description': 'Jan Inlet'}
closing name=--- desc=Jan Inlet
checking ownership. requestor=129.138.12.150
check software interlocks R
interlocks []
actuate state mode=None-script, software_lock=False
doing actuation None-script close_channel False
Close R ===>> OK
GetIndicatorState R ===>> False
change switch state (True, True)
update switch state R False args=() kw={} ncanvase=2
10:17:05 -- CLOSE  VALVE-R (Jan Inlet)
---------------------------------------- close None (Jan Inlet) result=[(True, True)]
action=close, ok=True, locked=[False]
open () {'description': 'Jan Ion Pump'}
opening name=--- desc=Jan Ion Pump
checking ownership. requestor=129.138.12.150
check software interlocks O
interlocks []
actuate state mode=None-script, software_lock=False
doing actuation None-script open_channel False
Open O ===>> OK
GetIndicatorState O ===>> OK
change switch state (True, True)
update switch state O True args=() kw={} ncanvase=2
10:17:05 -- OPEN   VALVE-O (Jan Ion Pump)
---------------------------------------- open None (Jan Ion Pump) result=[(True, True)], time=0.10 sec
action=open, ok=True, locked=[False]
close () {'description': 'Microbone to Minibone'}
closing name=--- desc=Microbone to Minibone
checking ownership. requestor=129.138.12.150
check software interlocks L
interlocks []
actuate state mode=None-script, software_lock=False
doing actuation None-script close_channel False
Close L ===>> OK
GetIndicatorState L ===>> False
change switch state (True, True)
update switch state L False args=() kw={} ncanvase=2
10:17:06 -- CLOSE  VALVE-L (Microbone to Minibone)
---------------------------------------- close None (Microbone to Minibone) result=[(True, True)]
action=close, ok=True, locked=[False]
open () {'description': 'Microbone to Turbo'}
opening name=--- desc=Microbone to Turbo
checking ownership. requestor=129.138.12.150
check software interlocks U
interlocks []
actuate state mode=None-script, software_lock=False
doing actuation None-script open_channel False
Open U ===>> OK
GetIndicatorState U ===>> OK
change switch state (True, True)
update switch state U True args=() kw={} ncanvase=2
10:17:06 -- OPEN   VALVE-U (Microbone to Turbo)
---------------------------------------- open None (Microbone to Turbo) result=[(True, True)], time=0.12 sec
action=open, ok=True, locked=[False]
open () {'description': 'Microbone to Inlet Pipette'}
opening name=--- desc=Microbone to Inlet Pipette
checking ownership. requestor=129.138.12.150
check software interlocks S
interlocks []
actuate state mode=None-script, software_lock=False
doing actuation None-script open_channel False
Open S ===>> OK
GetIndicatorState S ===>> OK
change switch state (True, True)
update switch state S True args=() kw={} ncanvase=2
10:17:07 -- OPEN   VALVE-S (Microbone to Inlet Pipette)
---------------------------------------- open None (Microbone to Inlet Pipette) result=[(True, True)], time=0.41 sec
action=open, ok=True, locked=[False]
open () {'description': 'Microbone to Getter D-50'}
opening name=--- desc=Microbone to Getter D-50
checking ownership. requestor=129.138.12.150
check software interlocks K
interlocks []
actuate state mode=None-script, software_lock=False
doing actuation None-script open_channel False
Open K ===>> OK
GetIndicatorState K ===>> OK
change switch state (True, True)
update switch state K True args=() kw={} ncanvase=2
10:17:08 -- OPEN   VALVE-K (Microbone to Getter D-50)
---------------------------------------- open None (Microbone to Getter D-50) result=[(True, True)], time=0.43 sec
action=open, ok=True, locked=[False]
open () {'description': 'Microbone to Getter NP-10'}
opening name=--- desc=Microbone to Getter NP-10
checking ownership. requestor=129.138.12.150
check software interlocks M
interlocks []
actuate state mode=None-script, software_lock=False
doing actuation None-script open_channel False
Open M ===>> OK
GetIndicatorState M ===>> OK
change switch state (True, True)
update switch state M True args=() kw={} ncanvase=2
10:17:08 -- OPEN   VALVE-M (Microbone to Getter NP-10)
---------------------------------------- open None (Microbone to Getter NP-10) result=[(True, True)], time=0.13 sec
action=open, ok=True, locked=[False]
close () {'description': 'CO2 Laser to Felix'}
closing name=--- desc=CO2 Laser to Felix
checking ownership. requestor=129.138.12.150
check software interlocks F
interlocks []
actuate state mode=None-script, software_lock=True
VALVE-F(CO2 Laser to Felix) software locked
change switch state (True, False)
---------------------------------------- close None (CO2 Laser to Felix) result=[(True, False)]
action=close, ok=True, locked=[True]
open () {'description': 'CO2 Laser to Jan'}
opening name=--- desc=CO2 Laser to Jan
checking ownership. requestor=129.138.12.150
check software interlocks A
interlocks []
actuate state mode=None-script, software_lock=False
doing actuation None-script open_channel False
Open A ===>> OK
GetIndicatorState A ===>> OK
change switch state (True, True)
update switch state A True args=() kw={} ncanvase=2
10:17:08 -- OPEN   VALVE-A (CO2 Laser to Jan)
---------------------------------------- open None (CO2 Laser to Jan) result=[(True, True)], time=0.13 sec
action=open, ok=True, locked=[False]
open () {'description': 'Microbone to CO2 Laser'}
opening name=--- desc=Microbone to CO2 Laser
checking ownership. requestor=129.138.12.150
check software interlocks T
interlocks []
actuate state mode=None-script, software_lock=False
doing actuation None-script open_channel False
Open T ===>> OK
GetIndicatorState T ===>> OK
change switch state (True, True)
update switch state T True args=() kw={} ncanvase=2
10:17:09 -- OPEN   VALVE-T (Microbone to CO2 Laser)
---------------------------------------- open None (Microbone to CO2 Laser) result=[(True, True)], time=0.42 sec
action=open, ok=True, locked=[False]
executed snippet estimated_duration=0, duration=4.92130708694
PrepareForCO2Analysis.py completed successfully
gosub finished
set_motor ('beam', '') {}
setting motor "beam" to 
move_to_position ('',) {'autocenter': True}
move not required. position is None
sleep (5,) {}
SLEEP 5.0
block started
WaitControl setup for 5.0  
Join finished
block finished. duration 5.05026197433
close () {'description': 'Microbone to Turbo'}
closing name=--- desc=Microbone to Turbo
checking ownership. requestor=129.138.12.150
check software interlocks U
interlocks []
actuate state mode=None-script, software_lock=False
doing actuation None-script close_channel True
Close U ===>> OK
GetIndicatorState U ===>> False
change switch state (True, True)
update switch state U False args=() kw={} ncanvase=2
10:17:15 -- CLOSE  VALVE-U (Microbone to Turbo)
---------------------------------------- close None (Microbone to Turbo) result=[(True, True)]
action=close, ok=True, locked=[False]
enable laser
enable () {}
set extraction state FusionsCO2 Enabled (False, 'red', 1.5)
enabling laser
Enable ===>> OK
begin interval
BEGIN INTERVAL Interval 1 waiting for 30.0
block started
set extract to 1.0
WaitControl setup for 30.0  
extract (1.0,) {}
GetPosition ===>> 7.97560,3.98780,1.00000
set extraction state FusionsCO2 ON! 1.0(watts) (0.75, 'red', 1.5)
extract sample to 1.0 (watts)
set laser output
SetLaserOutput 1.0,watts ===>> OK
COMPLETE INTERVAL waiting for Interval 1 to complete
Join finished
block finished. duration 30.172000885
Interval 1 finished
end_extract () {}
ending extraction. set laser power to 0
set laser power 0
SetLaserPower 0 ===>> OK
disable () {}
%%%%%%%%%%%%%%%%%%%%%%%%%%%%%%%%%%% disable
set extraction state False (0.75, 'red', 1.5)
disabling laser
Disable ===>> OK
sleep (30.0,) {}
SLEEP 30.0
block started
WaitControl setup for 30.0  
Join finished
block finished. duration 30.1198060513
executed snippet estimated_duration=195.0, duration=71.2659139633
jan_co2.py completed successfully
GetAchievedOutput ===>> No Response
Requested Output= 0.000
Achieved Output=  0.000
GetResponseBlob ===>> No Response
GetOutputBlob ===>> No Response
persistence save...
persistence save - db
AutomatedRunPersister post_extraction_save deprecated
persistence save - dvc
no extraction position for 
create new session 4996344144
close session 4996344144
Extraction Finished
10:18:16 -- ******* Extraction Finished *******
no overlap. not waiting for min ms pumptime
10:18:16 -- Sending spectrometer configuration
======== Sending configuration ========
SetDeflection CDD,50.0 ===>> OK
SetDeflection H2,0.0 ===>> OK
SetDeflection H1,0.0 ===>> OK
SetDeflection L2,825.0 ===>> OK
SetDeflection L1,400.0 ===>> OK
SetDeflection AX,190.0 ===>> OK
SetZFocus 74.64 ===>> OK
SetZSymmetry -50.72 ===>> OK
SetExtractionLens 26.13 ===>> OK
SetIonRepeller -3.81 ===>> OK
SetElectronEnergy 75.08 ===>> OK
SetYSymmetry -2.81 ===>> OK
SetIonCounterVoltage 1590.0 ===>> OK
send trap current 200.0
GetParameter Trap Current Readback ===>> 198.258926936459
SetParameter Trap Current Set,200.0 ===>> OK
updating mftable name mftable
Using mftable located at /Users/jan/PychronDev/setupfiles/spectrometer/mftables/mftable.csv
============ MFtable ===========
Isotope  H2     H1     AX     L1     L2     CDD    
Ar40     5.8250 5.8785 5.9916 6.1649 6.2300 6.3931
Ar39     5.7242 5.7707 5.8841 6.0509 6.1151 6.2796
Ar36     5.4017 5.4397 5.5474 5.7098 5.7701 5.9307
================================
get initial guess parabolic
get initial guess parabolic
get initial guess parabolic
get initial guess parabolic
get initial guess parabolic
get initial guess parabolic
======== Configuration Finished ========
GetYSymmetry ===>> -2.81
GetZSymmetry ===>> -50.72
GetParameter Trap Current Readback ===>> 198.035158395898
GetHighVoltage ===>> 4500
start measurement
do measurement
L#=65271 analysis type=unknown
Measurement Started jan_unknown120_60.py
10:18:16 -- ******* Measurement Started jan_unknown120_60.py *******
state changed from extraction to measurement
setting spec, defl, and gains
GetExtractionLens ===>> 26.13
GetYSymmetry ===>> -2.81
GetZSymmetry ===>> -50.72
GetZFocus ===>> 74.64
GetDeflection H2 ===>> 0
GetDeflection H1 ===>> 0
GetDeflection AX ===>> 190
GetDeflection L1 ===>> 400
GetDeflection L2 ===>> 825
GetDeflection CDD ===>> 50
GetGain H2 ===>> 0.0113
GetGain H1 ===>> 0.99
GetGain AX ===>> 0.097049
GetGain L1 ===>> 0.010355
GetGain L2 ===>> 0.095649
GetGain CDD ===>> 0
pre measurement save
New frame /Users/jan/PychronDev/data/isotopes/0e/1c3134-394a-453f-93df-480f2d92080e.h5
flush and close file /Users/jan/PychronDev/data/isotopes/0e/1c3134-394a-453f-93df-480f2d92080e.h5
testing...
no interpolation path defined
executed snippet estimated_duration=226.132928, duration=0.000121116638184
unknown measurement script
activate_detectors ('H2', 'H1', 'AX', 'L1', 'L2', 'CDD') {}
activate detectors
*************** Set Analysis View Ar/Ar
create graphs
clearing graphs
clear isotope group
setting isotope det=H2, iso=PM41
setting isotope det=H1, iso=Ar40
setting isotope det=AX, iso=Ar39
setting isotope det=L1, iso=Ar38
setting isotope det=L2, iso=Ar37
setting isotope det=CDD, iso=Ar36
setting previous blanks
 - setting Ar40 blank 0.268+/-0.023
 - setting Ar36 blank 0.00342+/-0.00017
 - setting Ar37 blank 0.053+/-0.006
 - setting Ar38 blank 0.0060+/-0.0023
 - setting PM41 blank 0.01+/-0.07
 - setting Ar39 blank 0.004+/-0.008
load analysis view
position_magnet ('Ar40',) {'detector': 'H1'}
detector Detector(H1)
POSITION Ar40 H1
setting detector H2 to PM41 (40.9624)
setting detector H1 to Ar40 (39.9624)
setting detector AX to Ar39 (38.9624)
setting detector L1 to Ar38 (37.9624)
setting detector L2 to Ar37 (36.9624)
setting detector CDD to Ar36 (35.9624)
Mapping mass to dac mass func: "parabolic"
H1 map mass coeffs = [-0.00063987  0.15840543  0.57006999]
H1 map mass to dac 39.9624 >> 5.87846
GetDeflection H1 ===>> 0
GetHighVoltage ===>> 4500
positioning Ar40 (5.87846) on H1
setting magnet DAC
current  : 5.239116
requested: 5.878460
Delta Dac: 0.639344
Checking detector protection. dv=0.63934
Checking detector "CDD". Protection Threshold: 0.1 (V)
ProtectDetector CDD,On ===>> OK
GetDeflection CDD ===>> 2000
Protected = 2000
SetMagnetDAC 5.87846 ===>> OK
Magnet settling time: 0.500
GetMagnetMoving ===>> True
GetMagnetMoving ===>> True
GetMagnetMoving ===>> True
GetMagnetMoving ===>> True
GetMagnetMoving ===>> True
GetMagnetMoving ===>> True
GetMagnetMoving ===>> True
GetMagnetMoving ===>> True
GetMagnetMoving ===>> False
ProtectDetector CDD,Off ===>> OK
GetDeflection CDD ===>> 50
update labels <pychron.experiment.plot_panel.PlotPanel object at 0x145e5e2f0>
update labels "<pychron.graph.stacked_regression_graph.StackedRegressionGraph object at 0x17b1d5050>"
setting label 0 H2 PM41
setting label 1 H1 Ar40
setting label 2 AX Ar39
setting label 3 L1 Ar38
setting label 4 L2 Ar37
setting label 5 CDD Ar36
update labels "<pychron.graph.stacked_graph.StackedGraph object at 0x1798c9a10>"
setting label 0 H2 PM41
setting label 1 H1 Ar40
setting label 2 AX Ar39
setting label 3 L1 Ar38
setting label 4 L2 Ar37
setting label 5 CDD Ar36
equilibrate () {'delay': 3, 'inlet': 'R', 'outlet': 'O', 'eqtime': 12.0}
Equilibration Started
10:18:20 -- ******* Equilibration Started *******
checking ownership. requestor=129.138.12.150
check software interlocks O
interlocks []
actuate state mode=None-script, software_lock=False
doing actuation None-script close_channel True
Close O ===>> OK
GetIndicatorState O ===>> False
change switch state (True, True)
update switch state O False args=() kw={} ncanvase=2
10:18:21 -- CLOSE  VALVE-O (Jan Ion Pump)
waiting 3s before opening inlet value ('R',)
checking ownership. requestor=129.138.12.150
check software interlocks R
interlocks []
actuate state mode=None-script, software_lock=False
doing actuation None-script open_channel True
Open R ===>> OK
set states for children of R. state=True
handle state [('R', True)]
update switch state R True args=() kw={'refresh': False} ncanvase=2
refresh_canvas_needed fired
GetIndicatorState R ===>> OK
change switch state (True, True)
update switch state R True args=() kw={} ncanvase=2
10:18:24 -- OPEN   VALVE-R (Jan Inlet)
set_time_zero () {}
equilibrating for 12.0sec
sniff (12.0,) {}
py_sniff
build tables- sniff [Detector(H2), Detector(H1), Detector(AX), Detector(L1), Detector(L2), Detector(CDD)]
add group /sniff/PM41 (Group) '' table H2
add group /sniff/Ar40 (Group) '' table H1
add group /sniff/Ar39 (Group) '' table AX
add group /sniff/Ar38 (Group) '' table L1
add group /sniff/Ar37 (Group) '' table L2
add group /sniff/Ar36 (Group) '' table CDD
flush and close file /Users/jan/PychronDev/data/isotopes/0e/1c3134-394a-453f-93df-480f2d92080e.h5
measuring sniff. ncounts=12.0
"sniff" increment series count="1" fit count="0" regressing="False"
starting measurement
check iteration duration=1.97887420654e-05
GetData ===>> H2,0.00986921565209554,H1,-0.0515227287433264,AX,0.227996031480609,L1,-0.0221947855946181,L2,0.06...
check iteration duration=1.59740447998e-05
GetData ===>> H2,0.923852786425165,H1,1.59030550230118,AX,0.900940794810994,L1,0.122852918261824,L2,0.191306936...
check iteration duration=4.00543212891e-05
GetData ===>> H2,0.33100403460397,H1,1.55422170279133,AX,0.433569567148261,L1,0.129137085524999,L2,0.1448356214...
check iteration duration=2.78949737549e-05
GetData ===>> H2,0.0527581173081875,H1,1.78855402268999,AX,0.129708345347796,L1,0.0575275991915238,L2,0.0760867...
check iteration duration=2.78949737549e-05
GetData ===>> H2,-0.0279323600103002,H1,1.83903649019296,AX,0.118707225385431,L1,0.0476301666596325,L2,-0.00094...
check iteration duration=2.90870666504e-05
GetData ===>> H2,-0.163646213845984,H1,1.96112506077163,AX,0.00639264469274662,L1,0.0431029243040269,L2,-0.0446...
check iteration duration=1.59740447998e-05
GetData ===>> H2,-0.112979016314813,H1,1.78513357479361,AX,0.00374752900380137,L1,-0.00719958280248252,L2,-0.00...
check iteration duration=1.69277191162e-05
GetData ===>> H2,-0.157709620451155,H1,1.58606028114056,AX,0.0744252015240518,L1,0.0263862388607321,L2,0.013085...
check iteration duration=1.90734863281e-05
GetData ===>> H2,-0.111395228797287,H1,1.95428298417033,AX,0.0571911676392077,L1,0.022582321803935,L2,0.0296156...
check iteration duration=3.09944152832e-05
GetData ===>> H2,-0.165999193444188,H1,1.76307786700458,AX,-0.0582644728969763,L1,0.00699544013704158,L2,0.0158...
check iteration duration=2.78949737549e-05
GetData ===>> H2,-0.128460067811575,H1,1.71083021004884,AX,-0.0128408120205748,L1,0.0153460308943285,L2,0.02870...
Equilibration Finished
10:18:36 -- ******* Equilibration Finished *******
checking ownership. requestor=129.138.12.150
check software interlocks R
interlocks []
actuate state mode=None-script, software_lock=False
doing actuation None-script close_channel True
check iteration duration=1.69277191162e-05
GetData ===>> H2,-0.128223513362886,H1,1.95711418254579,AX,0.0853053210345115,L1,0.00499510757969511,L2,-0.0661...
Close R ===>> OK
GetIndicatorState R ===>> False
change switch state (True, True)
update switch state R False args=() kw={} ncanvase=2
10:18:37 -- CLOSE  VALVE-R (Jan Inlet)
Post Equilibration Started jan_pump_extraction_line.py
10:18:37 -- ******* Post Equilibration Started jan_pump_extraction_line.py *******
testing...
no interpolation path defined
calculate duration
testing...
no interpolation path defined
executed snippet estimated_duration=4.0, duration=0.000125885009766
executed snippet estimated_duration=4.0, duration=0.00113797187805
Pump after analysis
doing GOSUB
testing...
no interpolation path defined
executed snippet estimated_duration=4.0, duration=0.000159978866577
Pump Microbone
close () {'description': 'Jan Inlet'}
closing name=--- desc=Jan Inlet
checking ownership. requestor=129.138.12.150
check software interlocks R
interlocks []
actuate state mode=None-script, software_lock=False
doing actuation None-script close_channel False
Close R ===>> OK
check iteration duration=1.4066696167e-05
waiting for write to finish
measurement finished
estimated time: 12.583 actual time: :12.728
flush and close file /Users/jan/PychronDev/data/isotopes/0e/1c3134-394a-453f-93df-480f2d92080e.h5
set_fits () {}
using default fits file=/Users/jan/PychronDev/scripts/measurement/fits/nominal_linear.yaml
set "Ar40" to "('Linear', 'SEM')"
No fit for "PM41". defaulting to linear. check the measurement script "jan_unknown120_60.py"
set "PM41" to "linear"
set "Ar36" to "('Linear', 'SEM')"
set "Ar37" to "('linear', 'SEM')"
set "Ar38" to "('linear', 'SEM')"
set "Ar39" to "('Linear', 'SEM')"
set_baseline_fits () {}
GetIndicatorState R ===>> False
using default fits file=/Users/jan/PychronDev/scripts/measurement/fits/nominal_linear.yaml
change switch state (True, True)
update switch state R False args=() kw={} ncanvase=2
set "H1" to "('average', 'SEM')"
set "H2" to "('average', 'SEM')"
set "CDD" to "('average', 'SEM')"
set "L2" to "('average', 'SEM')"
set "L1" to "('average', 'SEM')"
set "AX" to "('average', 'SEM')"
10:18:37 -- CLOSE  VALVE-R (Jan Inlet)
multicollect () {'integration_time': 1, 'ncounts': 120}
---------------------------------------- close None (Jan Inlet) result=[(True, True)]
build tables- signal [Detector(H2), Detector(H1), Detector(AX), Detector(L1), Detector(L2), Detector(CDD)]
add group /signal/PM41 (Group) '' table H2
add group /signal/Ar40 (Group) '' table H1
add group /signal/Ar39 (Group) '' table AX
add group /signal/Ar38 (Group) '' table L1
add group /signal/Ar37 (Group) '' table L2
add group /signal/Ar36 (Group) '' table CDD
flush and close file /Users/jan/PychronDev/data/isotopes/0e/1c3134-394a-453f-93df-480f2d92080e.h5
measuring signal. ncounts=120
action=close, ok=True, locked=[False]
is_closed ('F',) {}
is F () closed?
is closed True
open () {'description': 'CO2 Laser to Jan'}
opening name=--- desc=CO2 Laser to Jan
checking ownership. requestor=129.138.12.150
check software interlocks A
interlocks []
actuate state mode=None-script, software_lock=False
doing actuation None-script open_channel False
Open A ===>> OK
GetIndicatorState A ===>> OK
change switch state (True, True)
update switch state A True args=() kw={} ncanvase=2
10:18:38 -- OPEN   VALVE-A (CO2 Laser to Jan)
---------------------------------------- open None (CO2 Laser to Jan) result=[(True, True)], time=0.12 sec
"signal" increment series count="2" fit count="1" regressing="True"
starting measurement
check iteration duration=7.10487365723e-05
GetData ===>> H2,-0.174911126379715,H1,1.55728759540388,AX,0.0208724462436611,L1,0.0090677382720971,L2,-0.00483...
action=open, ok=True, locked=[False]
sleep (1,) {}
SLEEP 1.0
check iteration duration=5.10215759277e-05
close () {'description': 'CO2 Laser to Roughing'}
closing name=--- desc=CO2 Laser to Roughing
GetData ===>> H2,0.0639751252624776,H1,1.90886695026399,AX,0.0838089425244578,L1,0.00619279413533604,L2,0.10560...
checking ownership. requestor=129.138.12.150
check software interlocks G
interlocks []
actuate state mode=None-script, software_lock=True
VALVE-G(CO2 Laser to Roughing) software locked
change switch state (True, False)
---------------------------------------- close None (CO2 Laser to Roughing) result=[(True, False)]
action=close, ok=True, locked=[True]
open () {'description': 'Microbone to Turbo'}
opening name=--- desc=Microbone to Turbo
checking ownership. requestor=129.138.12.150
check software interlocks U
interlocks []
actuate state mode=None-script, software_lock=False
doing actuation None-script open_channel True
Open U ===>> OK
GetIndicatorState U ===>> OK
change switch state (True, True)
update switch state U True args=() kw={} ncanvase=2
10:18:39 -- OPEN   VALVE-U (Microbone to Turbo)
---------------------------------------- open None (Microbone to Turbo) result=[(True, True)], time=0.16 sec
action=open, ok=True, locked=[False]
open () {'description': 'Microbone to Getter NP-10'}
opening name=--- desc=Microbone to Getter NP-10
checking ownership. requestor=129.138.12.150
check software interlocks M
interlocks []
actuate state mode=None-script, software_lock=False
doing actuation None-script open_channel False
Open M ===>> OK
GetIndicatorState M ===>> OK
change switch state (True, True)
update switch state M True args=() kw={} ncanvase=2
10:18:39 -- OPEN   VALVE-M (Microbone to Getter NP-10)
---------------------------------------- open None (Microbone to Getter NP-10) result=[(True, True)], time=0.14 sec
action=open, ok=True, locked=[False]
open () {'description': 'Microbone to Getter D-50'}
opening name=--- desc=Microbone to Getter D-50
checking ownership. requestor=129.138.12.150
check software interlocks K
interlocks []
actuate state mode=None-script, software_lock=False
doing actuation None-script open_channel False
check iteration duration=5.91278076172e-05
GetData ===>> H2,-0.0843465261068007,H1,2.03403150300468,AX,0.00613741109838001,L1,0.00618079692236931,L2,0.114...
Open K ===>> OK
GetIndicatorState K ===>> OK
change switch state (True, True)
update switch state K True args=() kw={} ncanvase=2
10:18:40 -- OPEN   VALVE-K (Microbone to Getter D-50)
---------------------------------------- open None (Microbone to Getter D-50) result=[(True, True)], time=0.40 sec
action=open, ok=True, locked=[False]
open () {'description': 'Microbone to CO2 Laser'}
opening name=--- desc=Microbone to CO2 Laser
checking ownership. requestor=129.138.12.150
check software interlocks T
interlocks []
actuate state mode=None-script, software_lock=False
doing actuation None-script open_channel False
Open T ===>> OK
GetIndicatorState T ===>> OK
change switch state (True, True)
update switch state T True args=() kw={} ncanvase=2
10:18:41 -- OPEN   VALVE-T (Microbone to CO2 Laser)
---------------------------------------- open None (Microbone to CO2 Laser) result=[(True, True)], time=0.40 sec
check iteration duration=8.58306884766e-05
GetData ===>> H2,-0.157435403268524,H1,1.95156975999106,AX,0.109169285298208,L1,-0.0234928847691327,L2,-0.06618...
action=open, ok=True, locked=[False]
open () {'description': 'Microbone to Inlet Pipette'}
opening name=--- desc=Microbone to Inlet Pipette
checking ownership. requestor=129.138.12.150
check software interlocks S
interlocks []
actuate state mode=None-script, software_lock=False
doing actuation None-script open_channel False
Open S ===>> OK
GetIndicatorState S ===>> OK
change switch state (True, True)
update switch state S True args=() kw={} ncanvase=2
10:18:41 -- OPEN   VALVE-S (Microbone to Inlet Pipette)
---------------------------------------- open None (Microbone to Inlet Pipette) result=[(True, True)], time=0.41 sec
action=open, ok=True, locked=[False]
sleep (1,) {}
SLEEP 1.0
testing H1>-5.0
evaluate ot="H1.bs>-5.0" t="H1>-5.0", ctx="{'H1': None}"
check iteration duration=0.000924110412598
GetData ===>> H2,-0.24682056729416,H1,2.03308769598806,AX,-0.148322044961862,L1,-0.0371671105338255,L2,0.025465...
set_resource () {'name': 'CO2PumpTimeFlag', 'value': 30}
Set CO2PumpTimeFlag 30 ===>> OK
release ('JanCO2Flag',) {}
release JanCO2Flag
Set JanCO2Flag 0 ===>> OK
executed snippet estimated_duration=6.0, duration=5.91760706902
PumpMicrobone.py completed successfully
gosub finished
get_resource_value () {'name': 'JanMiniboneFlag'}
Read JanMiniboneFlag ===>> 0
Get Resource Value JanMiniboneFlag=0.0
get resource value 0.0
get_resource_value () {'name': 'JanMiniboneFlag'}
Read JanMiniboneFlag ===>> 0
Get Resource Value JanMiniboneFlag=0.0
executed snippet estimated_duration=4.0, duration=5.93104696274
jan_pump_extraction_line.py completed successfully
Post Equilibration Finished
10:18:43 -- ******* Post Equilibration Finished *******
check iteration duration=3.69548797607e-05
GetData ===>> H2,-0.131834298679492,H1,1.74833502085436,AX,-0.140321765267859,L1,-0.00600980475381964,L2,-0.029...
check iteration duration=8.48770141602e-05
GetData ===>> H2,-0.108207979204018,H1,2.2200970327373,AX,-0.0391327604215298,L1,-0.0273993561886915,L2,-0.0269...
check iteration duration=8.01086425781e-05
GetData ===>> H2,-0.205803395889188,H1,1.97056248540309,AX,0.06305921085404,L1,-0.00730991799653795,L2,0.150241...
check iteration duration=7.08103179932e-05
GetData ===>> H2,-0.179855247982402,H1,2.11885983305666,AX,-0.109727499935261,L1,-0.0203833996011659,L2,0.06385...
testing H1>-5.0
evaluate ot="H1.bs>-5.0" t="H1>-5.0", ctx="{'H1': None}"
check iteration duration=0.000600099563599
GetData ===>> H2,-0.184472131061981,H1,2.04075615404078,AX,-0.0264225861901108,L1,-0.0502488557397734,L2,0.0411...
check iteration duration=7.91549682617e-05
GetData ===>> H2,-0.320874180532948,H1,1.97551716934881,AX,-0.0703097245910127,L1,0.00254106245858665,L2,-0.009...
check iteration duration=4.10079956055e-05
GetData ===>> H2,-0.265049353152183,H1,1.76826740109723,AX,-0.0184198914024944,L1,0.00846892391394707,L2,0.0505...
check iteration duration=8.39233398438e-05
GetData ===>> H2,-0.264888019844015,H1,2.04287973754182,AX,-0.0555282887650012,L1,-0.00361902919310994,L2,0.021...
check iteration duration=8.39233398438e-05
GetData ===>> H2,-0.0141611651924383,H1,1.98141563494894,AX,0.00421157918901263,L1,-0.0216649499806128,L2,0.015...
testing H1>-5.0
evaluate ot="H1.bs>-5.0" t="H1>-5.0", ctx="{'H1': None}"
check iteration duration=0.000677824020386
GetData ===>> H2,-0.145367173289322,H1,2.10281386136994,AX,0.039729582939159,L1,-0.0903242762544451,L2,0.028099...
check iteration duration=8.39233398438e-05
GetData ===>> H2,-0.232018689849718,H1,2.0188127245824,AX,-0.0556674186282965,L1,-0.0481259960298858,L2,-0.0487...
check iteration duration=3.81469726562e-05
GetData ===>> H2,-0.112383429827231,H1,2.20511138659023,AX,-0.0725122561400314,L1,-0.00677741959023417,L2,0.047...
check iteration duration=6.00814819336e-05
GetData ===>> H2,-0.155111720470535,H1,1.94401995793103,AX,-0.0904668245290826,L1,-0.00294475904651632,L2,-0.01...
check iteration duration=4.60147857666e-05
GetData ===>> H2,-0.207983672947108,H1,2.01185227598407,AX,-0.220688870814131,L1,-0.0233790231232055,L2,0.05789...
testing H1>-5.0
evaluate ot="H1.bs>-5.0" t="H1>-5.0", ctx="{'H1': None}"
check iteration duration=0.00100517272949
GetData ===>> H2,-0.059026488555762,H1,2.0556213342037,AX,-0.0805220952686838,L1,-0.00347026172633073,L2,0.0962...
check iteration duration=6.19888305664e-05
GetData ===>> H2,-0.0880664144971312,H1,2.16003781802389,AX,-0.100306238013989,L1,-0.0183918172891629,L2,0.0070...
check iteration duration=7.82012939453e-05
GetData ===>> H2,-0.16283612501763,H1,2.21407914758306,AX,0.0169738262561114,L1,-0.0142346288056686,L2,0.036388...
check iteration duration=8.20159912109e-05
GetData ===>> H2,-0.173361415580298,H1,2.03485733488184,AX,-0.0335896586089096,L1,-0.0331221126811097,L2,0.0328...
check iteration duration=8.10623168945e-05
GetData ===>> H2,-0.230438606167507,H1,2.3036432169533,AX,-0.0719210551982609,L1,-0.0273478389856599,L2,0.04586...
testing H1>-5.0
evaluate ot="H1.bs>-5.0" t="H1>-5.0", ctx="{'H1': None}"
check iteration duration=0.00107288360596
10:19:03 -- collecting point 25
GetData ===>> H2,-0.288830977071688,H1,2.09207736376917,AX,-0.0672029111211115,L1,-0.0511928696353212,L2,-0.011...
check iteration duration=8.20159912109e-05
GetData ===>> H2,-0.210767025217698,H1,1.97480935583865,AX,-0.0662059275664718,L1,-0.0104803388196964,L2,0.0046...
check iteration duration=6.00814819336e-05
GetData ===>> H2,-0.183298525698468,H1,2.16888717876417,AX,0.0446504459577268,L1,0.00708182737516339,L2,-0.0189...
check iteration duration=4.00543212891e-05
GetData ===>> H2,-0.104006586547726,H1,1.9134674406795,AX,-0.00414098568919744,L1,-0.0140860181504046,L2,0.1086...
check iteration duration=5.31673431396e-05
GetData ===>> H2,-0.0658038559716002,H1,1.92833070967295,AX,-0.0761521200558141,L1,-0.0383351743473333,L2,0.128...
testing H1>-5.0
evaluate ot="H1.bs>-5.0" t="H1>-5.0", ctx="{'H1': None}"
check iteration duration=0.000591993331909
GetData ===>> H2,-0.0466435474297625,H1,2.15166049606908,AX,0.0145488705607309,L1,-0.0566300893055008,L2,-0.012...
check iteration duration=8.70227813721e-05
GetData ===>> H2,-0.149767858960328,H1,2.14139542355484,AX,-0.0353755459669598,L1,-0.043273086513454,L2,-0.0022...
check iteration duration=8.51154327393e-05
GetData ===>> H2,-0.144967271901567,H1,2.07921731659721,AX,-0.010486135776177,L1,-0.025475069401952,L2,0.101179...
check iteration duration=7.79628753662e-05
GetData ===>> H2,-0.215805224677197,H1,1.44774678615106,AX,-0.0606063999032219,L1,-0.0200980555927153,L2,0.0083...
check iteration duration=8.98838043213e-05
GetData ===>> H2,-0.170806230340281,H1,1.91004656115267,AX,-0.139544891464507,L1,-0.00980652809591544,L2,0.0872...
testing H1>-5.0
evaluate ot="H1.bs>-5.0" t="H1>-5.0", ctx="{'H1': None}"
check iteration duration=0.000559091567993
GetData ===>> H2,-0.258442210193419,H1,2.1346700889232,AX,0.0130637600563426,L1,-0.0125674270405678,L2,0.023881...
check iteration duration=6.89029693604e-05
GetData ===>> H2,-0.266233737872929,H1,2.36465526550126,AX,-0.0296582716143023,L1,-0.016494591412484,L2,0.01855...
check iteration duration=4.19616699219e-05
GetData ===>> H2,-0.133158423729178,H1,2.34541895272291,AX,-0.0881256161139811,L1,0.00968339013891412,L2,0.0623...
check iteration duration=7.20024108887e-05
GetData ===>> H2,-0.0793408613525795,H1,2.29160646762892,AX,0.095084546722939,L1,-0.00430525066489193,L2,0.0497...
check iteration duration=5.60283660889e-05
GetData ===>> H2,-0.0406930533642305,H1,2.43393269060212,AX,-0.119020397057224,L1,-0.03303829504957,L2,-0.05324...
testing H1>-5.0
evaluate ot="H1.bs>-5.0" t="H1>-5.0", ctx="{'H1': None}"
check iteration duration=0.000979900360107
GetData ===>> H2,-0.078960096819031,H1,2.24641096019722,AX,-0.0352479836710608,L1,0.0170513287656979,L2,0.00923...
check iteration duration=8.79764556885e-05
GetData ===>> H2,-0.190740090787233,H1,1.96891092959803,AX,0.013759902784276,L1,0.00562414195307075,L2,-0.05274...
check iteration duration=3.09944152832e-05
GetData ===>> H2,-0.172635661276453,H1,2.24369693533417,AX,-0.0945927774789233,L1,-0.0111145429342466,L2,0.0213...
check iteration duration=6.103515625e-05
GetData ===>> H2,-0.220418641018134,H1,2.42272051283134,AX,-0.176630793769691,L1,-0.0460110668557989,L2,-0.0388...
check iteration duration=3.40938568115e-05
GetData ===>> H2,-0.173759482665151,H1,2.3609967968697,AX,-0.106343830660503,L1,-0.0235635981951613,L2,0.065729...
testing H1>-5.0
evaluate ot="H1.bs>-5.0" t="H1>-5.0", ctx="{'H1': None}"
check iteration duration=0.00114798545837
GetData ===>> H2,-0.115642530007654,H1,2.16735328390236,AX,0.00616061412481068,L1,-0.0140189029415494,L2,0.0493...
check iteration duration=6.91413879395e-05
GetData ===>> H2,-0.195344891767973,H1,2.36854977921969,AX,0.0648799997073933,L1,-0.0250005311385317,L2,-0.0202...
check iteration duration=6.50882720947e-05
GetData ===>> H2,-0.124406870738122,H1,2.2118371997197,AX,-0.103562644508938,L1,0.00274634370744698,L2,0.028692...
check iteration duration=7.91549682617e-05
GetData ===>> H2,-0.147589341305181,H1,2.25136702479473,AX,-0.0655567234813405,L1,-0.0237265967411467,L2,-0.012...
check iteration duration=7.10487365723e-05
GetData ===>> H2,-0.296890771402746,H1,2.3011650507192,AX,-0.00555621039588555,L1,-0.0449552310298778,L2,0.0339...
testing H1>-5.0
evaluate ot="H1.bs>-5.0" t="H1>-5.0", ctx="{'H1': None}"
check iteration duration=0.000571012496948
10:19:29 -- collecting point 50
GetData ===>> H2,-0.226896747066633,H1,2.27520368205504,AX,-0.103829178293099,L1,-0.00936528951656924,L2,0.0238...
check iteration duration=8.60691070557e-05
GetData ===>> H2,-0.166749668200242,H1,2.60460951252055,AX,-0.0249148824066416,L1,-0.028403289925702,L2,-0.0907...
check iteration duration=4.91142272949e-05
GetData ===>> H2,-0.217775153663504,H1,2.35686628401555,AX,0.0280435299879709,L1,-0.0353446599064333,L2,-0.0051...
check iteration duration=8.20159912109e-05
GetData ===>> H2,-0.223314719110455,H1,2.28889231888044,AX,0.00186814837610699,L1,-0.0177922270427456,L2,0.0005...
check iteration duration=6.69956207275e-05
GetData ===>> H2,-0.259299610432909,H1,2.54275642191231,AX,-0.00491820180476091,L1,-0.00346066374976735,L2,-0.0...
testing H1>-5.0
evaluate ot="H1.bs>-5.0" t="H1>-5.0", ctx="{'H1': None}"
check iteration duration=0.000579118728638
GetData ===>> H2,-0.153048377258531,H1,2.37150017859854,AX,-0.0059738137547225,L1,-0.0232160189446294,L2,0.0516...
check iteration duration=6.41345977783e-05
GetData ===>> H2,-0.16756622544642,H1,2.47465166705172,AX,0.084493329842455,L1,-0.0422852191729369,L2,0.0564577...
check iteration duration=7.5101852417e-05
GetData ===>> H2,-0.184227977210095,H1,2.42460887072403,AX,-0.112612796181436,L1,-0.00254041525517136,L2,0.0126...
check iteration duration=5.10215759277e-05
GetData ===>> H2,-0.284260214771155,H1,2.54275642191231,AX,-0.0274663674353541,L1,-0.00783639210673962,L2,-0.03...
check iteration duration=3.50475311279e-05
GetData ===>> H2,-0.259928508371626,H1,2.4818514283914,AX,-0.0190694100073075,L1,-0.00590305367984402,L2,0.1238...
testing H1>-5.0
evaluate ot="H1.bs>-5.0" t="H1>-5.0", ctx="{'H1': None}"
check iteration duration=0.00107192993164
GetData ===>> H2,-0.216240120318603,H1,2.5110050955037,AX,-0.0920778213617432,L1,0.00842812423079872,L2,0.06270...
check iteration duration=6.00814819336e-05
GetData ===>> H2,-0.197884566573965,H1,2.43995191209204,AX,-0.0965513849096121,L1,-0.0121035338689317,L2,0.0907...
check iteration duration=3.60012054443e-05
GetData ===>> H2,-0.214126074299251,H1,2.48008099042185,AX,-0.0570007363969673,L1,-0.0296766320882832,L2,0.0109...
check iteration duration=4.50611114502e-05
GetData ===>> H2,-0.196022014281419,H1,2.54346464154321,AX,0.00146211411810806,L1,-0.0191688330887076,L2,0.0457...
check iteration duration=5.50746917725e-05
GetData ===>> H2,-0.128031562700772,H1,2.35049352655345,AX,0.0110797805931994,L1,-0.011276384464862,L2,0.036525...
testing H1>-5.0
evaluate ot="H1.bs>-5.0" t="H1>-5.0", ctx="{'H1': None}"
check iteration duration=0.000869989395142
GetData ===>> H2,-0.116926694218748,H1,2.40938408774418,AX,-0.019602939904423,L1,-0.00486427064923817,L2,0.1239...
check iteration duration=6.29425048828e-05
GetData ===>> H2,-0.210803395567412,H1,2.47949084513529,AX,-0.123446377610147,L1,-0.0234149795716899,L2,0.02928...
check iteration duration=6.5803527832e-05
GetData ===>> H2,-0.275023335553313,H1,2.63695407908488,AX,-0.0428898298285176,L1,-0.0175463847130484,L2,0.0412...
check iteration duration=8.70227813721e-05
GetData ===>> H2,-0.231492468465722,H1,2.29243251437672,AX,-0.00724981291696473,L1,-0.0486920560365781,L2,-0.00...
check iteration duration=8.60691070557e-05
GetData ===>> H2,-0.215818689189502,H1,2.30812753352413,AX,0.0381976669165038,L1,-0.0543831800103377,L2,0.02103...
testing H1>-5.0
evaluate ot="H1.bs>-5.0" t="H1>-5.0", ctx="{'H1': None}"
check iteration duration=0.00865316390991
GetData ===>> H2,-0.16115095472788,H1,2.71357005907315,AX,-0.0700546914015978,L1,0.0136098057379109,L2,0.012036...
check iteration duration=8.41617584229e-05
GetData ===>> H2,-0.236897519231812,H1,2.50852641025948,AX,0.0468556303676702,L1,-0.0121742579819898,L2,0.10115...
check iteration duration=8.89301300049e-05
GetData ===>> H2,-0.262030693585632,H1,2.43806352494075,AX,-0.0448030964723366,L1,-0.0175427869758227,L2,0.0668...
check iteration duration=3.91006469727e-05
GetData ===>> H2,-0.381147084008971,H1,1.90603588986511,AX,-0.0885428653034574,L1,-0.0265151406100237,L2,0.0273...
check iteration duration=7.79628753662e-05
GetData ===>> H2,-0.228913494709094,H1,2.66587621023182,AX,0.0149781645371157,L1,-0.0309054999331747,L2,0.05914...
testing H1>-5.0
evaluate ot="H1.bs>-5.0" t="H1>-5.0", ctx="{'H1': None}"
check iteration duration=0.000576019287109
10:19:56 -- collecting point 75
GetData ===>> H2,-0.224133568465554,H1,2.43334257281732,AX,-0.0332069641970914,L1,-0.0144623344230359,L2,0.0398...
check iteration duration=7.89165496826e-05
GetData ===>> H2,-0.11957304877218,H1,2.55243546737679,AX,0.000487638809077346,L1,-0.0448199515281835,L2,0.0950...
check iteration duration=9.10758972168e-05
GetData ===>> H2,-0.179521928448774,H1,2.36984795386352,AX,-0.0605948063439911,L1,-0.0647839293731062,L2,0.0467...
check iteration duration=7.70092010498e-05
GetData ===>> H2,-0.173281827694536,H1,2.83129442534257,AX,0.00681030110887688,L1,-0.0312312564781448,L2,0.0245...
check iteration duration=8.48770141602e-05
GetData ===>> H2,-0.195404242771786,H1,2.47760238258167,AX,0.0554748898269038,L1,-0.00375819676885077,L2,0.0546...
testing H1>-5.0
evaluate ot="H1.bs>-5.0" t="H1>-5.0", ctx="{'H1': None}"
check iteration duration=0.00107002258301
GetData ===>> H2,-0.196159591990555,H1,2.8705753878518,AX,0.079401139451448,L1,-0.0072223695177316,L2,0.0217149...
check iteration duration=3.79085540771e-05
GetData ===>> H2,-0.177141174908475,H1,2.53933336750263,AX,0.0759098370418998,L1,-0.00866742162414192,L2,-0.067...
check iteration duration=8.39233398438e-05
GetData ===>> H2,-0.146416847341809,H1,2.63978723012405,AX,-0.00169329439037042,L1,-0.0382620994635708,L2,0.021...
check iteration duration=7.41481781006e-05
GetData ===>> H2,-0.0920975841295593,H1,2.40843992286482,AX,-0.013849941544829,L1,-0.0264839879659437,L2,0.0066...
check iteration duration=4.31537628174e-05
GetData ===>> H2,-0.2006164744828,H1,2.66445959638128,AX,0.0245855628198345,L1,-0.00623529768349461,L2,0.018511...
testing H1>-5.0
evaluate ot="H1.bs>-5.0" t="H1>-5.0", ctx="{'H1': None}"
check iteration duration=0.000571012496948
GetData ===>> H2,-0.304650962419459,H1,2.42767745997889,AX,-0.100827733928451,L1,-0.0063684320950624,L2,-0.0162...
check iteration duration=9.17911529541e-05
GetData ===>> H2,-0.291696327961644,H1,2.54169409341582,AX,-0.0737641992182947,L1,0.00945176621125434,L2,-0.055...
check iteration duration=7.70092010498e-05
GetData ===>> H2,-0.246803078080078,H1,2.4131607562643,AX,0.0330218259325872,L1,0.0266012115568186,L2,0.0351909...
check iteration duration=4.79221343994e-05
GetData ===>> H2,-0.235471493630796,H1,2.76775966967337,AX,-0.108221086367541,L1,0.00143669713713307,L2,0.05183...
check iteration duration=7.60555267334e-05
GetData ===>> H2,-0.260836452940189,H1,2.63069756591869,AX,0.0657730105063794,L1,-0.0273238774059588,L2,0.09781...
testing H1>-5.0
evaluate ot="H1.bs>-5.0" t="H1>-5.0", ctx="{'H1': None}"
check iteration duration=0.00106716156006
GetData ===>> H2,-0.261020707773314,H1,2.74674461032714,AX,0.0114162420993867,L1,0.00305847526122867,L2,-0.0140...
check iteration duration=6.29425048828e-05
GetData ===>> H2,-0.259532091746304,H1,2.69043117228657,AX,-0.0152766240549251,L1,-0.00450319047491601,L2,-0.03...
check iteration duration=8.79764556885e-05
GetData ===>> H2,-0.275140197363622,H1,2.62762834749588,AX,-0.0361061268044991,L1,-0.049917412836058,L2,0.10007...
check iteration duration=7.79628753662e-05
GetData ===>> H2,-0.235284482580979,H1,2.67744529919713,AX,-0.032603927524638,L1,-0.0393941015534419,L2,0.10014...
check iteration duration=7.00950622559e-05
GetData ===>> H2,-0.227237384583146,H1,2.66268883191702,AX,-0.178566430970678,L1,0.0199810315517965,L2,0.016972...
testing H1>-5.0
evaluate ot="H1.bs>-5.0" t="H1>-5.0", ctx="{'H1': None}"
check iteration duration=0.000578880310059
GetData ===>> H2,-0.119931530962175,H1,2.66941775372501,AX,-0.0786558964432236,L1,0.0160233118443797,L2,0.06560...
check iteration duration=9.10758972168e-05
GetData ===>> H2,-0.15278891263079,H1,2.69633389816309,AX,0.0474011310589152,L1,0.0112352877920958,L2,-0.025367...
check iteration duration=4.29153442383e-05
GetData ===>> H2,-0.300764240035269,H1,2.77833247078346,AX,0.0235992524161673,L1,0.00342584248202134,L2,0.02410...
check iteration duration=7.60555267334e-05
GetData ===>> H2,-0.244814512312048,H1,2.72832728451579,AX,0.0745295892190789,L1,-0.0234473402654315,L2,0.06509...
check iteration duration=4.00543212891e-05
GetData ===>> H2,-0.236663448135155,H1,2.74721685395442,AX,0.0440469305084864,L1,-0.0218076007758576,L2,0.08508...
testing H1>-5.0
evaluate ot="H1.bs>-5.0" t="H1>-5.0", ctx="{'H1': None}"
check iteration duration=0.000970125198364
10:20:22 -- collecting point 100
GetData ===>> H2,-0.169321961611073,H1,2.78493781609941,AX,-0.0800352642432843,L1,-0.0355639465999762,L2,-0.005...
check iteration duration=3.81469726562e-05
GetData ===>> H2,-0.16606533440397,H1,2.89971272376483,AX,-0.00409458453072118,L1,-0.0184865492793067,L2,0.0900...
check iteration duration=5.00679016113e-05
GetData ===>> H2,-0.121458673537806,H1,2.57675153554095,AX,-0.0677245844916115,L1,-0.0552199940055885,L2,0.0056...
check iteration duration=3.60012054443e-05
GetData ===>> H2,-0.15576564216623,H1,2.79437410011386,AX,0.00846934290273401,L1,-0.0410649192655811,L2,-0.0579...
check iteration duration=3.31401824951e-05
GetData ===>> H2,-0.150212154940924,H1,2.8315303423889,AX,0.0557995887142987,L1,0.00129745967172621,L2,0.034997...
testing H1>-5.0
evaluate ot="H1.bs>-5.0" t="H1>-5.0", ctx="{'H1': None}"
check iteration duration=0.001051902771
GetData ===>> H2,-0.144652474741137,H1,2.69963944002029,AX,-0.0684433298876153,L1,-0.0133693004666682,L2,-0.029...
check iteration duration=3.50475311279e-05
GetData ===>> H2,-0.180660842128496,H1,3.09838849979343,AX,0.0631983782270915,L1,-0.00944442612001075,L2,0.0679...
check iteration duration=4.00543212891e-05
GetData ===>> H2,-0.108180922065188,H1,2.58312574926775,AX,-0.0197885148352466,L1,0.00525585481989183,L2,0.0133...
check iteration duration=6.69956207275e-05
GetData ===>> H2,-0.158940139027041,H1,2.75949526729276,AX,0.000510840488811879,L1,0.00647233324254063,L2,0.057...
check iteration duration=4.79221343994e-05
GetData ===>> H2,-0.146389829922934,H1,2.71404228688189,AX,0.0153494473406467,L1,-0.0273789889539208,L2,0.03141...
testing H1>-5.0
evaluate ot="H1.bs>-5.0" t="H1>-5.0", ctx="{'H1': None}"
check iteration duration=0.00128388404846
GetData ===>> H2,-0.156909914365906,H1,2.91528444501303,AX,-0.0283593713931568,L1,-0.013654555425765,L2,0.01281...
check iteration duration=3.60012054443e-05
GetData ===>> H2,-0.284269618771075,H1,2.53343157734149,AX,0.000754458459542545,L1,-0.00298915188600262,L2,0.06...
check iteration duration=4.10079956055e-05
GetData ===>> H2,-0.236828912688779,H1,2.96990537235709,AX,0.0040259588494419,L1,-0.0178497892569165,L2,-0.0491...
check iteration duration=8.48770141602e-05
GetData ===>> H2,-0.135867056184845,H1,2.94383323648081,AX,-0.100862500223427,L1,-0.0499676684201432,L2,0.01712...
check iteration duration=8.29696655273e-05
GetData ===>> H2,-0.0904161842876257,H1,2.79779477527171,AX,-0.0288696556902372,L1,-0.0477250674276344,L2,0.037...
testing H1>-5.0
evaluate ot="H1.bs>-5.0" t="H1>-5.0", ctx="{'H1': None}"
check iteration duration=0.000614166259766
GetData ===>> H2,-0.225776475386965,H1,3.09673663666386,AX,0.0793663417998335,L1,-0.00912667690058793,L2,0.0610...
check iteration duration=8.41617584229e-05
GetData ===>> H2,-0.196863639964048,H1,3.01662458135115,AX,-0.00187890347022197,L1,-0.00533449518337997,L2,0.02...
check iteration duration=4.10079956055e-05
GetData ===>> H2,-0.258289000154893,H1,2.73635530750533,AX,-0.163358471095962,L1,0.021345874283733,L2,0.0441532...
check iteration duration=8.70227813721e-05
GetData ===>> H2,-0.279165145867541,H1,2.91705397428183,AX,0.00967593651264179,L1,0.012047938990412,L2,0.069539...
check iteration duration=8.58306884766e-05
GetData ===>> H2,-0.150633477294724,H1,2.87871488123973,AX,-0.0125624296209436,L1,0.0127910260309006,L2,0.07002...
testing H1>-5.0
evaluate ot="H1.bs>-5.0" t="H1>-5.0", ctx="{'H1': None}"
check iteration duration=0.0011351108551
GetData ===>> H2,-0.151045331770079,H1,2.99656808532536,AX,-0.0202756473452986,L1,-0.0214527681648262,L2,0.0043...
check iteration duration=3.2901763916e-05
waiting for write to finish
measurement finished
estimated time: 125.829 actual time: :126.437
flush and close file /Users/jan/PychronDev/data/isotopes/0e/1c3134-394a-453f-93df-480f2d92080e.h5
baselines () {'settling_time': 15.0, 'detector': 'H1', 'mass': 34.2, 'ncounts': 60}
%%%%%%%%%%%%%%%%%%%%%%%%%%%%%%%% Baseline
build tables- baseline [Detector(H2), Detector(H1), Detector(AX), Detector(L1), Detector(L2), Detector(CDD)]
add group baseline table H2
add group baseline table H1
add group baseline table AX
add group baseline table L1
add group baseline table L2
add group baseline table CDD
flush and close file /Users/jan/PychronDev/data/isotopes/0e/1c3134-394a-453f-93df-480f2d92080e.h5
detector Detector(H1)
POSITION 34.2 H1
Mapping mass to dac mass func: "parabolic"
H1 map mass coeffs = [-0.00063987  0.15840543  0.57006999]
H1 map mass to dac 34.2 >> 5.23911599104
GetDeflection H1 ===>> 0
GetHighVoltage ===>> 4500
positioning 34.2 (5.23911599104) on H1
setting magnet DAC
current  : 5.878460
requested: 5.239116
Delta Dac: 0.639344
Checking detector protection. dv=0.63934
Checking detector "CDD". Protection Threshold: 0.1 (V)
ProtectDetector CDD,On ===>> OK
GetDeflection CDD ===>> 2000
Protected = 2000
SetMagnetDAC 5.23911599104 ===>> OK
Magnet settling time: 0.500
GetMagnetMoving ===>> True
GetMagnetMoving ===>> True
GetMagnetMoving ===>> True
GetMagnetMoving ===>> True
GetMagnetMoving ===>> True
GetMagnetMoving ===>> True
GetMagnetMoving ===>> True
GetMagnetMoving ===>> True
GetMagnetMoving ===>> False
ProtectDetector CDD,Off ===>> OK
GetDeflection CDD ===>> 50
Delaying 15.0s for detectors to settle
Join finished
measuring baseline. ncounts=60
"baseline" increment series count="2" fit count="1" regressing="True"
starting measurement
check iteration duration=5.79357147217e-05
GetData ===>> H2,-0.243927752013666,H1,-0.662451571158788,AX,-0.0661595559897123,L1,-0.0406086159782388,L2,-0.1...
check iteration duration=9.70363616943e-05
GetData ===>> H2,-0.0973853946392485,H1,-0.89430778858728,AX,-0.0806380070585992,L1,-0.0406301740801479,L2,0.10...
check iteration duration=8.01086425781e-05
GetData ===>> H2,-0.194322919633644,H1,-0.874291874796264,AX,-0.109820201546779,L1,-0.0318096878631093,L2,0.062...
check iteration duration=5.31673431396e-05
GetData ===>> H2,-0.203816794873734,H1,-0.746062671943688,AX,-0.0284753453319329,L1,0.00864772447410561,L2,-0.0...
testing H1>-5.0
evaluate ot="H1.bs>-5.0" t="H1>-5.0", ctx="{'H1': None}"
check iteration duration=0.000570058822632
GetData ===>> H2,-0.237130240283176,H1,-0.69236396039614,AX,-0.110272120637966,L1,-0.0328335376110906,L2,-0.075...
check iteration duration=3.69548797607e-05
GetData ===>> H2,-0.121038019687785,H1,-0.846151169416173,AX,-0.118638038502379,L1,-0.0156561962285784,L2,0.102...
check iteration duration=0.000110864639282
GetData ===>> H2,-0.0901370559737006,H1,-0.79269339739096,AX,-0.0299134106921668,L1,-0.0312288612479445,L2,-0.0...
check iteration duration=6.69956207275e-05
GetData ===>> H2,-0.198229799643393,H1,-0.460578165281668,AX,0.0217310918635306,L1,-0.0457213814494988,L2,-0.03...
check iteration duration=8.51154327393e-05
GetData ===>> H2,-0.298506332093418,H1,-0.645728502454791,AX,-0.0311195136424944,L1,-0.0497474992373448,L2,0.01...
testing H1>-5.0
evaluate ot="H1.bs>-5.0" t="H1>-5.0", ctx="{'H1': None}"
check iteration duration=0.000571012496948
GetData ===>> H2,-0.28093878277278,H1,-0.636660241287094,AX,-0.0719790162337388,L1,0.0134201118494731,L2,-0.003...
check iteration duration=8.29696655273e-05
GetData ===>> H2,-0.229909619069722,H1,-0.813181960026958,AX,-0.0403735370379554,L1,0.000397263895941542,L2,-0....
check iteration duration=8.20159912109e-05
GetData ===>> H2,-0.120820247423443,H1,-0.832845870810232,AX,0.00380553515594859,L1,0.0150134113491066,L2,-0.00...
check iteration duration=8.60691070557e-05
GetData ===>> H2,-0.14789730348632,H1,-0.711441468268804,AX,0.0194800640392253,L1,-0.00642720258144829,L2,-0.08...
check iteration duration=8.60691070557e-05
GetData ===>> H2,-0.271476607963992,H1,-0.760546693362124,AX,0.0828113696249989,L1,-0.0317641810098681,L2,-0.05...
testing H1>-5.0
evaluate ot="H1.bs>-5.0" t="H1>-5.0", ctx="{'H1': None}"
check iteration duration=0.000580072402954
GetData ===>> H2,-0.213692444030249,H1,-0.711441468268804,AX,-0.0801627678424625,L1,-0.0332861537378631,L2,-0.0...
check iteration duration=6.91413879395e-05
GetData ===>> H2,-0.261109471801424,H1,-0.659742924298623,AX,0.0061026065692068,L1,-0.0278354447303311,L2,-0.06...
check iteration duration=9.01222229004e-05
GetData ===>> H2,-0.130478014737312,H1,-0.66692671058274,AX,0.00103287974415727,L1,-0.0561776354771638,L2,-0.00...
check iteration duration=7.9870223999e-05
GetData ===>> H2,-0.154237514156319,H1,-0.900077006145463,AX,-0.0917764858527802,L1,-0.0269356918604245,L2,-0.0...
check iteration duration=7.00950622559e-05
GetData ===>> H2,-0.17597220907406,H1,-0.722982004204208,AX,-0.0758275517328656,L1,-0.0292262491510999,L2,-0.03...
testing H1>-5.0
evaluate ot="H1.bs>-5.0" t="H1>-5.0", ctx="{'H1': None}"
check iteration duration=0.00124382972717
GetData ===>> H2,-0.209349837547067,H1,-0.884770844916195,AX,-0.153446516060613,L1,0.00934615706874236,L2,0.025...
check iteration duration=4.6968460083e-05
GetData ===>> H2,-0.261671627762768,H1,-0.685415887684283,AX,-0.186401311320103,L1,0.0104743119748596,L2,-0.044...
check iteration duration=3.79085540771e-05
GetData ===>> H2,-0.17804143932045,H1,-0.75277480581298,AX,-0.166975213664134,L1,-0.0289255833558826,L2,0.06057...
check iteration duration=7.10487365723e-05
GetData ===>> H2,-0.179947010342097,H1,-0.673168318583045,AX,-0.0958676151976157,L1,-0.0379578147274152,L2,0.01...
check iteration duration=6.103515625e-05
GetData ===>> H2,-0.220448279063769,H1,-0.749830893059488,AX,-0.111477227951194,L1,-0.0317797491670498,L2,-0.01...
testing H1>-5.0
evaluate ot="H1.bs>-5.0" t="H1>-5.0", ctx="{'H1': None}"
check iteration duration=0.00101494789124
10:21:28 -- collecting point 25
GetData ===>> H2,-0.236869269529268,H1,-0.784450752418852,AX,-0.0782617877658858,L1,-0.0540375359213281,L2,-0.0...
check iteration duration=8.20159912109e-05
GetData ===>> H2,-0.159079256211867,H1,-0.979194307089698,AX,-0.0747147378346153,L1,-0.0333556009700542,L2,0.03...
check iteration duration=7.70092010498e-05
GetData ===>> H2,-0.199006535534832,H1,-0.679174357004268,AX,-0.11639020327763,L1,-0.0190009643868263,L2,-0.061...
check iteration duration=4.72068786621e-05
GetData ===>> H2,-0.122750294538026,H1,-0.722039924687831,AX,-0.0141399193580002,L1,0.00510917999151793,L2,-0.0...
check iteration duration=7.31945037842e-05
GetData ===>> H2,-0.139921358659486,H1,-0.749242109457195,AX,-0.163845348121936,L1,-0.0442788153073744,L2,-0.07...
testing H1>-5.0
evaluate ot="H1.bs>-5.0" t="H1>-5.0", ctx="{'H1': None}"
check iteration duration=0.000632047653198
GetData ===>> H2,-0.303121998286729,H1,-0.63654247111454,AX,-0.0889253421553019,L1,-0.0130984206259343,L2,-0.02...
check iteration duration=8.58306884766e-05
GetData ===>> H2,-0.256229870428196,H1,-0.668457674682693,AX,-0.0487570616758886,L1,-0.0405163946869269,L2,-0.0...
check iteration duration=8.70227813721e-05
GetData ===>> H2,-0.176613400425385,H1,-0.576360077683108,AX,-0.0537891486906412,L1,-0.0303126438456263,L2,-0.0...
check iteration duration=8.39233398438e-05
GetData ===>> H2,-0.196085408139519,H1,-0.949761527050123,AX,-0.10121016248917,L1,-0.0390179795527049,L2,-0.010...
check iteration duration=8.48770141602e-05
GetData ===>> H2,-0.257453028040773,H1,-0.383657558377301,AX,-0.136205422963711,L1,0.0138295189452894,L2,-0.023...
testing H1>-5.0
evaluate ot="H1.bs>-5.0" t="H1>-5.0", ctx="{'H1': None}"
check iteration duration=0.000623941421509
GetData ===>> H2,-0.189827353034652,H1,-0.908318687108617,AX,-0.118730731623381,L1,0.0755537892217597,L2,-0.107...
check iteration duration=4.00543212891e-05
GetData ===>> H2,-0.159146788210189,H1,-0.485785148146659,AX,-0.1947570487534,L1,-0.0049638353298402,L2,-0.0659...
check iteration duration=8.41617584229e-05
GetData ===>> H2,-0.140462003066762,H1,-0.811415721351722,AX,-0.0706227189553719,L1,0.000943373065973777,L2,-0....
check iteration duration=4.81605529785e-05
GetData ===>> H2,-0.116633067791373,H1,-0.729341017460831,AX,-0.143058166858182,L1,0.00891413119504691,L2,-0.00...
check iteration duration=6.60419464111e-05
GetData ===>> H2,-0.241952138768393,H1,-0.482958228789797,AX,-0.135312559530527,L1,-0.0231800617849135,L2,-0.02...
testing H1>-5.0
evaluate ot="H1.bs>-5.0" t="H1>-5.0", ctx="{'H1': None}"
check iteration duration=0.00157880783081
GetData ===>> H2,-0.206722451432117,H1,-0.660802830475328,AX,-0.0631221695859255,L1,-0.0125494470834069,L2,-0.0...
check iteration duration=3.91006469727e-05
GetData ===>> H2,-0.205438178596745,H1,-0.425122396169648,AX,0.00953671340980725,L1,0.0224104837751304,L2,-0.01...
check iteration duration=3.79085540771e-05
GetData ===>> H2,-0.18073640580828,H1,-0.685533652035234,AX,0.0107085140738868,L1,-0.0045223844313413,L2,-0.009...
check iteration duration=8.20159912109e-05
GetData ===>> H2,-0.160355542915972,H1,-1.00947311702917,AX,-0.0725006639992557,L1,-0.0140272923671363,L2,0.111...
check iteration duration=7.41481781006e-05
GetData ===>> H2,-0.227312781222492,H1,-0.761253225564308,AX,-0.157608500908148,L1,0.000696119970780412,L2,-0.0...
testing H1>-5.0
evaluate ot="H1.bs>-5.0" t="H1>-5.0", ctx="{'H1': None}"
check iteration duration=0.0011157989502
GetData ===>> H2,-0.205787224155298,H1,-0.917266720071123,AX,-0.0470989667943919,L1,-0.020707099391899,L2,-0.04...
check iteration duration=3.69548797607e-05
GetData ===>> H2,-0.162587686173242,H1,-0.51735186527283,AX,-0.0854482245695269,L1,0.000589298909481881,L2,0.01...
check iteration duration=8.01086425781e-05
GetData ===>> H2,-0.202470182350962,H1,-0.506869000083132,AX,-0.121870658926721,L1,0.0228743330040295,L2,-0.077...
check iteration duration=8.60691070557e-05
GetData ===>> H2,-0.129900915850108,H1,-0.743825283860104,AX,-0.180096368444199,L1,-0.00476110620656592,L2,-0.0...
check iteration duration=7.79628753662e-05
GetData ===>> H2,-0.200329291108204,H1,-0.691068560712699,AX,-0.135950319961934,L1,-0.0580974315559842,L2,0.134...
testing H1>-5.0
evaluate ot="H1.bs>-5.0" t="H1>-5.0", ctx="{'H1': None}"
check iteration duration=0.000535011291504
10:21:54 -- collecting point 50
GetData ===>> H2,-0.173648736683518,H1,-0.67893882677283,AX,-0.0801164029166501,L1,-0.0252413980551475,L2,-0.00...
check iteration duration=8.41617584229e-05
GetData ===>> H2,-0.216993576206538,H1,-0.919856925022708,AX,-0.11226517466158,L1,-0.0216529624266872,L2,0.0051...
check iteration duration=8.70227813721e-05
GetData ===>> H2,-0.275211388447499,H1,-0.258781350857608,AX,-0.107850273296379,L1,-0.0450605801767883,L2,0.044...
check iteration duration=8.51154327393e-05
GetData ===>> H2,-0.208478151973088,H1,-0.736053264858531,AX,-0.036859894936212,L1,-0.0773921726063884,L2,-0.04...
check iteration duration=3.38554382324e-05
GetData ===>> H2,-0.249017266211479,H1,-0.807412235339277,AX,-0.117050655098036,L1,-0.0502225321544264,L2,-0.11...
testing H1>-5.0
evaluate ot="H1.bs>-5.0" t="H1>-5.0", ctx="{'H1': None}"
check iteration duration=0.000574111938477
GetData ===>> H2,-0.270849097216551,H1,-0.764903633898159,AX,-0.0804177745397133,L1,-0.023690641406602,L2,-0.12...
check iteration duration=7.89165496826e-05
GetData ===>> H2,-0.129434620137266,H1,-0.727692388321645,AX,-0.102345850566274,L1,-0.0187083865256256,L2,0.022...
check iteration duration=7.79628753662e-05
GetData ===>> H2,-0.136706695598985,H1,-0.765021388781503,AX,-0.0723615582018992,L1,-0.0150780346773675,L2,-0.0...
check iteration duration=8.60691070557e-05
GetData ===>> H2,-0.14322024000933,H1,-0.778563106791558,AX,-0.0876040521108345,L1,-0.00816617393555536,L2,-0.0...
check iteration duration=3.40938568115e-05
GetData ===>> H2,-0.263805682574623,H1,-0.578362290581606,AX,-0.040999717361534,L1,-0.0235384290666097,L2,-0.09...
testing H1>-5.0
evaluate ot="H1.bs>-5.0" t="H1>-5.0", ctx="{'H1': None}"
check iteration duration=0.0010769367218
GetData ===>> H2,-0.251545698376268,H1,-0.595439824050902,AX,-0.0551108979818064,L1,-0.0502703931673838,L2,-0.0...
check iteration duration=1.59740447998e-05
waiting for write to finish
measurement finished
estimated time: 62.915 actual time: :63.249
flush and close file /Users/jan/PychronDev/data/isotopes/0e/1c3134-394a-453f-93df-480f2d92080e.h5
activate_detectors ('H1', 'AX', 'CDD') {'peak_center': True}
peak_center () {'detector': 'H1', 'integration_time': 0.262144, 'isotope': 'Ar40'}
peak center: mean=2.88870184278 threshold=3
Skipping peak center. intensities to small. 2.88870184278<3
finished measure script
executed snippet estimated_duration=226.132928, duration=229.540096045
jan_unknown120_60.py completed successfully
Measurement Finished
10:22:06 -- ******* Measurement Finished *******
Post Measurement Started jan_pump_ms.py
10:22:06 -- ******* Post Measurement Started jan_pump_ms.py *******
testing...
no interpolation path defined
executed snippet estimated_duration=0, duration=2.90870666504e-05
Pumping spectrometer
open () {'name': 'O'}
opening name=O desc=---
checking ownership. requestor=129.138.12.150
check software interlocks O
interlocks []
actuate state mode=None-script, software_lock=False
doing actuation None-script open_channel True
Open O ===>> OK
GetIndicatorState O ===>> OK
change switch state (True, True)
update switch state O True args=() kw={} ncanvase=2
10:22:06 -- OPEN   VALVE-O (Jan Ion Pump)
---------------------------------------- open O () result=[(True, True)], time=0.12 sec
action=open, ok=True, locked=[False]
executed snippet estimated_duration=0, duration=0.376230955124
jan_pump_ms.py completed successfully
setting _ms_pumptime
Post Measurement Finished
10:22:06 -- ******* Post Measurement Finished *******
$$$$$$$$$$$$$$$$$$$$ state at run end measurement
state changed from measurement to success
post measurement save measured=True aborted=False
Set filtering
setting fod for Ar40= {'filter_outliers': True, 'std_devs': 2, 'iterations': 1}
setting fod for H1= {'filter_outliers': True, 'std_devs': 2, 'iterations': 1}
setting fod for PM41= {'filter_outliers': False, 'std_devs': 2, 'iterations': 1}
setting fod for H2= {'filter_outliers': True, 'std_devs': 2, 'iterations': 1}
setting fod for Ar36= {'filter_outliers': True, 'std_devs': 2, 'iterations': 1}
setting fod for CDD= {'filter_outliers': True, 'std_devs': 10, 'iterations': 1}
setting fod for Ar37= {'filter_outliers': True, 'std_devs': 2, 'iterations': 1}
setting fod for L2= {'filter_outliers': True, 'std_devs': 2, 'iterations': 1}
setting fod for Ar38= {'filter_outliers': True, 'std_devs': 2, 'iterations': 1}
setting fod for L1= {'filter_outliers': True, 'std_devs': 2, 'iterations': 1}
setting fod for Ar39= {'filter_outliers': True, 'std_devs': 2, 'iterations': 1}
setting fod for AX= {'filter_outliers': True, 'std_devs': 2, 'iterations': 1}
persistence save...
persistence save - db
post measurement save
6359895696 connecting to database sqlite:////Users/jan/PychronDev/.appdata/local_lab.db
connected to db sqlite:////Users/jan/PychronDev/.appdata/local_lab.db
create new session 6359895696
close session 6359895696
No database instance. Not saving post measurement to isotopedb database
$$$$$$$$$$$$$$$ auto_save_detector_ic=False
massspec enabled True
create new session 5035355696
MassSpec Database Version: 16.0
close session 5035355696
saving post measurement to secondary database
saving to massspec database 129.138.12.160/massspecdata
setting labnumber to 65271
setting aliquot to 5
setting step to Q
setting uuid to 0e1c3134-394a-453f-93df-480f2d92080e
setting irradpos to 65271
setting extract_device to Fusions CO2
setting tray to 
setting position to 
setting power_requested to 1.0
setting extract_value to 1.0
setting duration to 30.0
setting duration_at_request to 30.0
setting first_stage_delay to 30.0
setting cleanup to 30.0
setting comment to AM-9 F:15
setting irradiation to NM-285
setting level to F
setting irradiation_level to F
setting sample to AM-9
setting material to Kspar
setting project to REEFenite
setting mass_spectrometer to Jan
no attribute chron_dosages
no attribute production_ratios
no attribute interference_corrections
no attribute production_name
no attribute j
Reference Isotope=Ar40
Reference Detector=H1
%%%%%%%%%%%%%%%%%%%% Comment: AM-9 F:15 %%%%%%%%%%%%%%%%%%%
adding isotope PM41 H2
add baseline dbdet= PM41. original det= H2
get baseline data PM41 H2
Get data baseline <pychron.processing.isotope.Baseline object at 0x16bde0810> len t=60
baseline PM41. v=-0.19694705598, e=0.00658365508082
get signal data PM41 H2
Get data signal PM41 0.04+/-0.07 len t=120
adding isotope Ar40 H1
add baseline dbdet= Ar40. original det= H1
get baseline data Ar40 H1
Get data baseline <pychron.processing.isotope.Baseline object at 0x16bde0ad0> len t=60
baseline Ar40. v=-0.727763598939, e=0.0170356884817
get signal data Ar40 H1
Get data signal Ar40 2.538+/-0.028 len t=120
adding isotope Ar39 AX
add baseline dbdet= Ar39. original det= AX
get baseline data Ar39 AX
Get data baseline <pychron.processing.isotope.Baseline object at 0x16bde0750> len t=60
baseline Ar39. v=-0.0806477149586, e=0.00679646385497
get signal data Ar39 AX
Get data signal Ar39 0.027+/-0.012 len t=120
adding isotope Ar38 L1
add baseline dbdet= Ar38. original det= L1
get baseline data Ar38 L1
Get data baseline <pychron.processing.isotope.Baseline object at 0x16bde0c10> len t=60
baseline Ar38. v=-0.0200679790528, e=0.00280934629824
get signal data Ar38 L1
Get data signal Ar38 0.001+/-0.004 len t=120
adding isotope Ar37 L2
add baseline dbdet= Ar37. original det= L2
get baseline data Ar37 L2
Get data baseline <pychron.processing.isotope.Baseline object at 0x16bde0050> len t=60
baseline Ar37. v=-0.0328599275098, e=0.0058207826255
get signal data Ar37 L2
Get data signal Ar37 0.055+/-0.010 len t=120
adding isotope Ar36 CDD
add baseline dbdet= Ar36. original det= CDD
get baseline data Ar36 CDD
Get data baseline <pychron.processing.isotope.Baseline object at 0x16bde0150> len t=60
baseline Ar36. v=1.73676313069e-05, e=6.22162025723e-06
get signal data Ar36 CDD
Get data signal Ar36 0.00433+/-0.00020 len t=120
65271-05Q added analysis time 0.581696033478s
analysis added to mass spec database
mass spec save time= 0.589
persistence save - dvc
================= post measurement started
create new session 4996344144
close session 4996344144
---------------- Experiment Queue saving disabled
DVC saving peakcenter
Smart pull ahead: 0 behind: 0
Up-to-date with origin
add to repo msg=modified - ad8224ebc6dbfeb9f5997218dfa5fe690569839d.json
add to repo msg=modified - 71-05Q.json
add to repo msg=modified - 71-05Q.dat.json
add to repo msg=modified - 71-05Q.blan.json
add to repo msg=modified - 71-05Q.inte.json
add to repo msg=modified - 71-05Q.icfa.json
add to repo msg=modified - 71-05Q.base.json
not at valid file /Users/jan/PychronDev/data/.dvc/repositories/REEFenite/652/tags/71-05Q.tags.json
add to repo msg=modified - 71-05Q.peak.json
add to repo msg=modified - 71-05Q.extr.json
not at valid file /Users/jan/PychronDev/data/.dvc/repositories/REEFenite/652/monitor/71-05Q.moni.json
commit message=<COLLECTION>
add to repo msg=modified - 71-05Q.inte.json
add to repo msg=modified - 71-05Q.base.json
commit message=<ISOEVO> default collection fits
add to repo msg=modified - 71-05Q.blan.json
commit message=<BLANKS> preceding bu-FC-J-7867
add to repo msg=modified - 71-05Q.icfa.json
commit message=<ICFactor> default
push repository <pychron.git_archive.repo_manager.GitRepoManager object at 0x160d56350>
pushing to remote=origin, url=https://github.com
no changes to meta repo
create new session 4996344144
add association REEFenite
get identifier "65271"
setting analysis irradiation position=<pychron.dvc.dvc_orm.IrradiationPositionTbl object at 0x177babd10>
close session 4996344144
================= post measurement finished
10:22:36 -- ******* Post Run Check *******
loading queue conditionals post_run_actions
loading system conditionals post_run_actions
loading conditionals from /Users/jan/PychronDev/setupfiles/spectrometer/default_conditionals.yaml
loading queue conditionals post_run_terminations
loading system conditionals post_run_terminations
loading conditionals from /Users/jan/PychronDev/setupfiles/spectrometer/default_conditionals.yaml
Checking default post run terminations n=1
GetDeflection CDD ===>> 50
testing CDD==2000
evaluate ot="CDD.deflection==2000" t="CDD==2000", ctx="{'CDD': 50.0}"
10:22:36 -- ******* Post Run Check Passed *******
10:22:36 -- Automated run 65271-05Q success duration: 331.552 s
----------------- finish -----------------
----------------- stop -----------------
retroactive repository identifiers disabled
finish run. runs completed=93
update duration runid=65271-05Q, duration=331.551555157, md5=3be28e4d
loading script "jan_unknown120_60.py"
loading script "jan_pump_ms.py"
loading script "jan_co2.py"
loading script "jan_pump_extraction_line.py"
testing...
no interpolation path defined
executed snippet estimated_duration=213.652928, duration=0.000327825546265
script duration name:unknown120_60 seconds:214.0
loading script "jan_unknown120_60.py"
loading script "jan_pump_ms.py"
loading script "jan_co2.py"
loading script "jan_pump_extraction_line.py"
testing...
no interpolation path defined
executed snippet estimated_duration=0, duration=2.50339508057e-05
loading script "jan_unknown120_60.py"
loading script "jan_pump_ms.py"
loading script "jan_co2.py"
loading script "jan_pump_extraction_line.py"
testing...
no interpolation path defined
calculate duration
testing...
no interpolation path defined
executed snippet estimated_duration=0, duration=4.98294830322e-05
calculate duration
testing...
no interpolation path defined
executed snippet estimated_duration=0, duration=0.000176906585693
executed snippet estimated_duration=0.0, duration=0.00278115272522
script duration name:co2 seconds:0.0
loading script "jan_unknown120_60.py"
loading script "jan_pump_ms.py"
loading script "jan_co2.py"
loading script "jan_pump_extraction_line.py"
testing...
no interpolation path defined
calculate duration
testing...
no interpolation path defined
executed snippet estimated_duration=4.0, duration=0.000145196914673
executed snippet estimated_duration=4.0, duration=0.00137686729431
Script duration 214.0
Run total estimated duration= 215.000
unknown120_60 in script context. using previous estimated duration
script duration name:unknown120_60 seconds:214.0
pump_ms in script context. using previous estimated duration
co2 in script context. using previous estimated duration
script duration name:co2 seconds:0.0
pump_extraction_line in script context. using previous estimated duration
Script duration 214.0
Run total estimated duration= 215.000
loading script "jan_unknown400_120.py"
loading script "jan_pump_ms.py"
loading script "jan_sniffair_x2.py"
loading script "jan_pump_extraction_line.py"
testing...
no interpolation path defined
executed snippet estimated_duration=556.052928, duration=0.000247955322266
script duration name:unknown400_120 seconds:556.0
loading script "jan_unknown400_120.py"
loading script "jan_pump_ms.py"
loading script "jan_sniffair_x2.py"
loading script "jan_pump_extraction_line.py"
testing...
no interpolation path defined
calculate duration
testing...
no interpolation path defined
executed snippet estimated_duration=0, duration=4.50611114502e-05
calculate duration
testing...
no interpolation path defined
executed snippet estimated_duration=0, duration=9.70363616943e-05
calculate duration
testing...
no interpolation path defined
executed snippet estimated_duration=32.0, duration=9.29832458496e-05
calculate duration
testing...
no interpolation path defined
executed snippet estimated_duration=34.0, duration=9.82284545898e-05
calculate duration
testing...
no interpolation path defined
executed snippet estimated_duration=4.0, duration=6.50882720947e-05
calculate duration
testing...
no interpolation path defined
executed snippet estimated_duration=36.0, duration=9.08374786377e-05
calculate duration
testing...
no interpolation path defined
executed snippet estimated_duration=34.0, duration=9.67979431152e-05
calculate duration
testing...
no interpolation path defined
executed snippet estimated_duration=4.0, duration=7.9870223999e-05
calculate duration
testing...
no interpolation path defined
executed snippet estimated_duration=36.0, duration=9.89437103271e-05
calculate duration
testing...
no interpolation path defined
executed snippet estimated_duration=70.0, duration=0.000104904174805
executed snippet estimated_duration=250.0, duration=0.0208928585052
script duration name:sniffair_x2 seconds:250.0
Script duration 806.0
Run total estimated duration= 807.000
unknown400_120 in script context. using previous estimated duration
script duration name:unknown400_120 seconds:556.0
sniffair_x2 in script context. using previous estimated duration
script duration name:sniffair_x2 seconds:250.0
Script duration 806.0
Run total estimated duration= 807.000
script duration name:unknown400_120 seconds:556.0
loading script "jan_unknown400_120.py"
loading script "jan_pump_ms.py"
loading script "jan_cocktail_x1.py"
loading script "jan_pump_extraction_line.py"
testing...
no interpolation path defined
calculate duration
testing...
no interpolation path defined
executed snippet estimated_duration=0, duration=5.31673431396e-05
calculate duration
testing...
no interpolation path defined
executed snippet estimated_duration=0, duration=0.000108957290649
calculate duration
testing...
no interpolation path defined
executed snippet estimated_duration=32.0, duration=0.000144958496094
calculate duration
testing...
no interpolation path defined
executed snippet estimated_duration=34.0, duration=0.000123023986816
calculate duration
testing...
no interpolation path defined
executed snippet estimated_duration=4.0, duration=0.00031304359436
calculate duration
testing...
no interpolation path defined
executed snippet estimated_duration=38.0, duration=0.000149011611938
executed snippet estimated_duration=108.0, duration=0.00832605361938
script duration name:cocktail_x1 seconds:108.0
Script duration 664.0
Run total estimated duration= 665.000
script duration name:unknown400_120 seconds:556.0
cocktail_x1 in script context. using previous estimated duration
script duration name:cocktail_x1 seconds:108.0
Script duration 664.0
Run total estimated duration= 665.000
script duration name:unknown400_120 seconds:556.0
script duration name:co2 seconds:0.0
Script duration 556.0
Run total estimated duration= 557.000
script duration name:unknown120_60 seconds:214.0
script duration name:co2 seconds:0.0
Script duration 214.0
Run total estimated duration= 215.000
script duration name:unknown120_60 seconds:214.0
script duration name:co2 seconds:0.0
Script duration 214.0
Run total estimated duration= 215.000
script duration name:unknown120_60 seconds:214.0
script duration name:co2 seconds:0.0
Script duration 214.0
Run total estimated duration= 215.000
script duration name:unknown120_60 seconds:214.0
script duration name:co2 seconds:0.0
Script duration 214.0
Run total estimated duration= 215.000
script duration name:unknown120_60 seconds:214.0
script duration name:co2 seconds:0.0
Script duration 214.0
Run total estimated duration= 215.000
script duration name:unknown120_60 seconds:214.0
script duration name:co2 seconds:0.0
Script duration 214.0
Run total estimated duration= 215.000
script duration name:unknown120_60 seconds:214.0
script duration name:co2 seconds:0.0
Script duration 214.0
Run total estimated duration= 215.000
script duration name:unknown120_60 seconds:214.0
script duration name:co2 seconds:0.0
Script duration 214.0
Run total estimated duration= 215.000
script duration name:unknown120_60 seconds:214.0
script duration name:co2 seconds:0.0
Script duration 214.0
Run total estimated duration= 215.000
script duration name:unknown120_60 seconds:214.0
script duration name:co2 seconds:0.0
Script duration 214.0
Run total estimated duration= 215.000
script duration name:unknown120_60 seconds:214.0
script duration name:co2 seconds:0.0
Script duration 214.0
Run total estimated duration= 215.000
script duration name:unknown120_60 seconds:214.0
script duration name:co2 seconds:0.0
Script duration 214.0
Run total estimated duration= 215.000
script duration name:unknown120_60 seconds:214.0
script duration name:co2 seconds:0.0
Script duration 214.0
Run total estimated duration= 215.000
script duration name:unknown120_60 seconds:214.0
script duration name:co2 seconds:0.0
Script duration 214.0
Run total estimated duration= 215.000
script duration name:unknown120_60 seconds:214.0
script duration name:co2 seconds:0.0
Script duration 214.0
Run total estimated duration= 215.000
script duration name:unknown120_60 seconds:214.0
script duration name:co2 seconds:0.0
Script duration 214.0
Run total estimated duration= 215.000
script duration name:unknown120_60 seconds:214.0
script duration name:co2 seconds:0.0
Script duration 214.0
Run total estimated duration= 215.000
script duration name:unknown120_60 seconds:214.0
script duration name:co2 seconds:0.0
Script duration 214.0
Run total estimated duration= 215.000
script duration name:unknown120_60 seconds:214.0
script duration name:co2 seconds:0.0
Script duration 214.0
Run total estimated duration= 215.000
script duration name:unknown400_120 seconds:556.0
script duration name:sniffair_x2 seconds:250.0
Script duration 806.0
Run total estimated duration= 807.000
script duration name:unknown400_120 seconds:556.0
script duration name:sniffair_x2 seconds:250.0
Script duration 806.0
Run total estimated duration= 807.000
script duration name:unknown400_120 seconds:556.0
script duration name:cocktail_x1 seconds:108.0
Script duration 664.0
Run total estimated duration= 665.000
script duration name:unknown400_120 seconds:556.0
script duration name:cocktail_x1 seconds:108.0
Script duration 664.0
Run total estimated duration= 665.000
nruns=30 before=5.0, run_dur=10960.0, btw=870.0
write rem/ex queues
/Users/jan/PychronDev/experiments/rem/Load1796.rem.txt
/Users/jan/PychronDev/experiments/rem/Load1796.ex.txt
doing event level: 3
