do run
loading script "jan_unknown120_60.py"
loading script "jan_pump_ms.py"
loading script "jan_co2.py"
loading script "jan_pump_extraction_line.py"
testing...
no interpolation path defined
executed snippet estimated_duration=213.652928, duration=0.000179052352905
script duration name:unknown120_60 seconds:214.0
loading script "jan_unknown120_60.py"
loading script "jan_pump_ms.py"
loading script "jan_co2.py"
loading script "jan_pump_extraction_line.py"
testing...
no interpolation path defined
executed snippet estimated_duration=0, duration=1.90734863281e-05
loading script "jan_unknown120_60.py"
loading script "jan_pump_ms.py"
loading script "jan_co2.py"
loading script "jan_pump_extraction_line.py"
testing...
no interpolation path defined
calculate duration
testing...
no interpolation path defined
executed snippet estimated_duration=0, duration=3.981590271e-05
calculate duration
testing...
no interpolation path defined
executed snippet estimated_duration=0, duration=6.89029693604e-05
executed snippet estimated_duration=0.0, duration=0.00178480148315
script duration name:co2 seconds:0.0
loading script "jan_unknown120_60.py"
loading script "jan_pump_ms.py"
loading script "jan_co2.py"
loading script "jan_pump_extraction_line.py"
testing...
no interpolation path defined
calculate duration
testing...
no interpolation path defined
executed snippet estimated_duration=4.0, duration=0.000108957290649
executed snippet estimated_duration=4.0, duration=0.00102782249451
Script duration 214.0
Run total estimated duration= 215.000
run duration: 0:03:35
doing event level: 2
11:44:11 -- Setting default integration. t=1.048576
setting integration time = 1.048576
SetIntegrationTime 1.048576 ===>> OK
----------------- start -----------------
**************** Experiment Type: Ar/Ar, Ar/Ar
create new session 5001404976
close session 5001404976
$$$$$ Clearing conditionals
adding conditionals 
Add queue conditionals
add default conditionals
adding default conditionals from /Users/jan/PychronDev/setupfiles/spectrometer/default_conditionals.yaml
Start automated run 65271-06A
loading script "jan_unknown120_60.py"
loading script "jan_pump_ms.py"
loading script "jan_co2.py"
loading script "jan_pump_extraction_line.py"
%%%%%%%%%%%%%%%%%% setting automated run 65271-06A
No value "sensitivity_multiplier" in metadata
$$$$$$$$$$$$$$$ auto_save_detector_ic=False
============================= Pre Extraction Check =============================
loading queue conditionals pre_run_terminations
loading system conditionals pre_run_terminations
loading conditionals from /Users/jan/PychronDev/setupfiles/spectrometer/default_conditionals.yaml
11:44:11 -- ******* Pre Extraction Check *******
Get a measurement from the spectrometer
GetData ===>> H2,-0.12964006292846,H1,-1.02066768287326,AX,-0.0835241661017877,L1,-0.00782080215284427,L2,-0.06...
Pre Extraction Termination data. keys=H2,H1,AX,L1,L2,CDD, signals=-0.12964,-1.02067,-0.08352,-0.00782,-0.06848,0.00208
11:44:11 -- testing system defined conditionals
Checking default pre extraction terminations n=2
testing CDD
evaluate ot="CDD.inactive" t="CDD", ctx="{'CDD': False}"
GetDeflection CDD ===>> 50
testing CDD==2000
evaluate ot="CDD.deflection==2000" t="CDD==2000", ctx="{'CDD': 50.0}"
11:44:11 -- ******* Pre Extraction Check Passed *******
=================================================================================
11:44:11 -- stopping status monitor
stop 4988822832
Alive clients [4997662672]
11:44:11 -- starting status monitor
start 4988822832
Monitor already running
start extraction
do extraction
Analysis started at 11:44:11.750558
Extraction Started jan_co2.py
11:44:11 -- ******* Extraction Started jan_co2.py *******
state changed from not run to extraction
DO EXTRACTION <pychron.extraction_line.pyscript_runner.RemotePyScriptRunner object at 0x12cde6950>
testing...
no interpolation path defined
calculate duration
testing...
no interpolation path defined
executed snippet estimated_duration=0, duration=4.00543212891e-05
calculate duration
testing...
no interpolation path defined
executed snippet estimated_duration=0, duration=6.89029693604e-05
executed snippet estimated_duration=100.0, duration=0.00166797637939
Jan CO2 laser analysis
doing GOSUB
testing...
no interpolation path defined
executed snippet estimated_duration=0, duration=4.6968460083e-05
Waiting for CO2 access
wait ('FelixCO2Flag', 0) {}
waiting for FelixCO2Flag = 0
Read FelixCO2Flag ===>> 0
finished waiting
CO2 free
wait ('CO2PumpTimeFlag', 0) {}
waiting for CO2PumpTimeFlag = 0
Read CO2PumpTimeFlag ===>> 0
finished waiting
acquire ('JanCO2Flag',) {'clear': True}
acquire JanCO2Flag
Set JanCO2Flag 1 ===>> OK
JanCO2Flag acquired
set extraction state False (0.75, 'red', 1.5)
CO2 acquired
executed snippet estimated_duration=0, duration=0.0158171653748
WaitForCO2Access.py completed successfully
gosub finished
doing GOSUB
testing...
no interpolation path defined
executed snippet estimated_duration=0, duration=9.20295715332e-05
Prepare for CO2 analysis
close () {'description': 'Jan Inlet'}
closing name=--- desc=Jan Inlet
checking ownership. requestor=129.138.12.150
check software interlocks R
interlocks []
actuate state mode=None-script, software_lock=False
doing actuation None-script close_channel False
Close R ===>> OK
GetIndicatorState R ===>> False
change switch state (True, True)
update switch state R False args=() kw={} ncanvase=2
11:44:12 -- CLOSE  VALVE-R (Jan Inlet)
---------------------------------------- close None (Jan Inlet) result=[(True, True)]
action=close, ok=True, locked=[False]
open () {'description': 'Jan Ion Pump'}
opening name=--- desc=Jan Ion Pump
checking ownership. requestor=129.138.12.150
check software interlocks O
interlocks []
actuate state mode=None-script, software_lock=False
doing actuation None-script open_channel False
Open O ===>> OK
GetIndicatorState O ===>> OK
change switch state (True, True)
update switch state O True args=() kw={} ncanvase=2
11:44:12 -- OPEN   VALVE-O (Jan Ion Pump)
---------------------------------------- open None (Jan Ion Pump) result=[(True, True)], time=0.10 sec
action=open, ok=True, locked=[False]
close () {'description': 'Microbone to Minibone'}
closing name=--- desc=Microbone to Minibone
checking ownership. requestor=129.138.12.150
check software interlocks L
interlocks []
actuate state mode=None-script, software_lock=False
doing actuation None-script close_channel False
Close L ===>> OK
GetIndicatorState L ===>> False
change switch state (True, True)
update switch state L False args=() kw={} ncanvase=2
11:44:13 -- CLOSE  VALVE-L (Microbone to Minibone)
---------------------------------------- close None (Microbone to Minibone) result=[(True, True)]
action=close, ok=True, locked=[False]
open () {'description': 'Microbone to Turbo'}
opening name=--- desc=Microbone to Turbo
checking ownership. requestor=129.138.12.150
check software interlocks U
interlocks []
actuate state mode=None-script, software_lock=False
doing actuation None-script open_channel False
Open U ===>> OK
GetIndicatorState U ===>> OK
change switch state (True, True)
update switch state U True args=() kw={} ncanvase=2
11:44:13 -- OPEN   VALVE-U (Microbone to Turbo)
---------------------------------------- open None (Microbone to Turbo) result=[(True, True)], time=0.12 sec
action=open, ok=True, locked=[False]
open () {'description': 'Microbone to Inlet Pipette'}
opening name=--- desc=Microbone to Inlet Pipette
checking ownership. requestor=129.138.12.150
check software interlocks S
interlocks []
actuate state mode=None-script, software_lock=False
doing actuation None-script open_channel False
Open S ===>> OK
GetIndicatorState S ===>> OK
change switch state (True, True)
update switch state S True args=() kw={} ncanvase=2
11:44:14 -- OPEN   VALVE-S (Microbone to Inlet Pipette)
---------------------------------------- open None (Microbone to Inlet Pipette) result=[(True, True)], time=0.41 sec
action=open, ok=True, locked=[False]
open () {'description': 'Microbone to Getter D-50'}
opening name=--- desc=Microbone to Getter D-50
checking ownership. requestor=129.138.12.150
check software interlocks K
interlocks []
actuate state mode=None-script, software_lock=False
doing actuation None-script open_channel False
Open K ===>> OK
GetIndicatorState K ===>> OK
change switch state (True, True)
update switch state K True args=() kw={} ncanvase=2
11:44:14 -- OPEN   VALVE-K (Microbone to Getter D-50)
---------------------------------------- open None (Microbone to Getter D-50) result=[(True, True)], time=0.40 sec
action=open, ok=True, locked=[False]
open () {'description': 'Microbone to Getter NP-10'}
opening name=--- desc=Microbone to Getter NP-10
checking ownership. requestor=129.138.12.150
check software interlocks M
interlocks []
actuate state mode=None-script, software_lock=False
doing actuation None-script open_channel False
Open M ===>> OK
GetIndicatorState M ===>> OK
change switch state (True, True)
update switch state M True args=() kw={} ncanvase=2
11:44:15 -- OPEN   VALVE-M (Microbone to Getter NP-10)
---------------------------------------- open None (Microbone to Getter NP-10) result=[(True, True)], time=0.14 sec
action=open, ok=True, locked=[False]
close () {'description': 'CO2 Laser to Felix'}
closing name=--- desc=CO2 Laser to Felix
checking ownership. requestor=129.138.12.150
check software interlocks F
interlocks []
actuate state mode=None-script, software_lock=True
VALVE-F(CO2 Laser to Felix) software locked
change switch state (True, False)
---------------------------------------- close None (CO2 Laser to Felix) result=[(True, False)]
action=close, ok=True, locked=[True]
open () {'description': 'CO2 Laser to Jan'}
opening name=--- desc=CO2 Laser to Jan
checking ownership. requestor=129.138.12.150
check software interlocks A
interlocks []
actuate state mode=None-script, software_lock=False
doing actuation None-script open_channel False
Open A ===>> OK
GetIndicatorState A ===>> OK
change switch state (True, True)
update switch state A True args=() kw={} ncanvase=2
11:44:15 -- OPEN   VALVE-A (CO2 Laser to Jan)
---------------------------------------- open None (CO2 Laser to Jan) result=[(True, True)], time=0.13 sec
action=open, ok=True, locked=[False]
open () {'description': 'Microbone to CO2 Laser'}
opening name=--- desc=Microbone to CO2 Laser
checking ownership. requestor=129.138.12.150
check software interlocks T
interlocks []
actuate state mode=None-script, software_lock=False
doing actuation None-script open_channel False
Open T ===>> OK
GetIndicatorState T ===>> OK
change switch state (True, True)
update switch state T True args=() kw={} ncanvase=2
11:44:16 -- OPEN   VALVE-T (Microbone to CO2 Laser)
---------------------------------------- open None (Microbone to CO2 Laser) result=[(True, True)], time=0.41 sec
action=open, ok=True, locked=[False]
executed snippet estimated_duration=0, duration=4.89429807663
PrepareForCO2Analysis.py completed successfully
gosub finished
set_motor ('beam', '') {}
setting motor "beam" to 
move_to_position ('',) {'autocenter': True}
move not required. position is None
sleep (5,) {}
SLEEP 5.0
block started
WaitControl setup for 5.0  
Join finished
block finished. duration 5.02555990219
close () {'description': 'Microbone to Turbo'}
closing name=--- desc=Microbone to Turbo
checking ownership. requestor=129.138.12.150
check software interlocks U
interlocks []
actuate state mode=None-script, software_lock=False
doing actuation None-script close_channel True
Close U ===>> OK
GetIndicatorState U ===>> False
change switch state (True, True)
update switch state U False args=() kw={} ncanvase=2
11:44:21 -- CLOSE  VALVE-U (Microbone to Turbo)
---------------------------------------- close None (Microbone to Turbo) result=[(True, True)]
action=close, ok=True, locked=[False]
enable laser
enable () {}
set extraction state FusionsCO2 Enabled (False, 'red', 1.5)
enabling laser
Enable ===>> OK
begin interval
BEGIN INTERVAL Interval 1 waiting for 30.0
block started
set extract to 0.1
WaitControl setup for 30.0  
extract (0.1,) {}
GetPosition ===>> 7.97560,3.98780,1.00000
set extraction state FusionsCO2 ON! 0.1(watts) (0.75, 'red', 1.5)
extract sample to 0.1 (watts)
set laser output
SetLaserOutput 0.1,watts ===>> OK
COMPLETE INTERVAL waiting for Interval 1 to complete
set states for children of H. state=False
handle state [('H', False)]
update switch state H False args=() kw={'refresh': False} ncanvase=2
refresh_canvas_needed fired
set states for children of C. state=True
set states for children of B. state=True
handle state [('C', True), ('B', True)]
update switch state C True args=() kw={'refresh': True} ncanvase=2
update switch state B True args=() kw={'refresh': False} ncanvase=2
refresh_canvas_needed fired
set states for children of D. state=True
handle state [('D', True)]
update switch state D True args=() kw={'refresh': False} ncanvase=2
refresh_canvas_needed fired
set states for children of Q. state=True
set states for children of P. state=True
handle state [('Q', True), ('P', True)]
update switch state Q True args=() kw={'refresh': True} ncanvase=2
update switch state P True args=() kw={'refresh': False} ncanvase=2
refresh_canvas_needed fired
State checksums do not match. Local:-335435295 Remote:38271967
State checksum failed
set states for children of I. state=False
handle state [('I', False)]
update switch state I False args=() kw={'refresh': False} ncanvase=2
refresh_canvas_needed fired
Join finished
block finished. duration 30.1894369125
Interval 1 finished
end_extract () {}
ending extraction. set laser power to 0
set laser power 0
SetLaserPower 0 ===>> OK
disable () {}
%%%%%%%%%%%%%%%%%%%%%%%%%%%%%%%%%%% disable
set extraction state False (0.75, 'red', 1.5)
disabling laser
Disable ===>> OK
sleep (30.0,) {}
SLEEP 30.0
block started
WaitControl setup for 30.0  
Join finished
block finished. duration 30.1259381771
executed snippet estimated_duration=195.0, duration=71.219078064
jan_co2.py completed successfully
GetAchievedOutput ===>> No Response
Requested Output= 0.000
Achieved Output=  0.000
GetResponseBlob ===>> No Response
GetOutputBlob ===>> No Response
persistence save...
persistence save - db
AutomatedRunPersister post_extraction_save deprecated
persistence save - dvc
no extraction position for 
create new session 4996344144
close session 4996344144
Extraction Finished
11:45:23 -- ******* Extraction Finished *******
no overlap. not waiting for min ms pumptime
11:45:23 -- Sending spectrometer configuration
======== Sending configuration ========
SetDeflection CDD,50.0 ===>> OK
SetDeflection H2,0.0 ===>> OK
SetDeflection H1,0.0 ===>> OK
SetDeflection L2,825.0 ===>> OK
SetDeflection L1,400.0 ===>> OK
SetDeflection AX,190.0 ===>> OK
SetZFocus 74.64 ===>> OK
SetZSymmetry -50.72 ===>> OK
SetExtractionLens 26.13 ===>> OK
SetIonRepeller -3.81 ===>> OK
SetElectronEnergy 75.08 ===>> OK
SetYSymmetry -2.81 ===>> OK
SetIonCounterVoltage 1590.0 ===>> OK
send trap current 200.0
GetParameter Trap Current Readback ===>> 198.147042666178
SetParameter Trap Current Set,200.0 ===>> OK
updating mftable name mftable
Using mftable located at /Users/jan/PychronDev/setupfiles/spectrometer/mftables/mftable.csv
============ MFtable ===========
Isotope  H2     H1     AX     L1     L2     CDD    
Ar40     5.8250 5.8785 5.9917 6.1649 6.2301 6.3932
Ar39     5.7243 5.7708 5.8841 6.0510 6.1152 6.2797
Ar36     5.4018 5.4398 5.5475 5.7099 5.7702 5.9308
================================
get initial guess parabolic
get initial guess parabolic
get initial guess parabolic
get initial guess parabolic
get initial guess parabolic
get initial guess parabolic
======== Configuration Finished ========
GetYSymmetry ===>> -2.81
GetZSymmetry ===>> -50.72
GetParameter Trap Current Readback ===>> 197.587621314778
GetHighVoltage ===>> 4500
start measurement
do measurement
L#=65271 analysis type=unknown
Measurement Started jan_unknown120_60.py
11:45:23 -- ******* Measurement Started jan_unknown120_60.py *******
state changed from extraction to measurement
setting spec, defl, and gains
GetExtractionLens ===>> 26.13
GetYSymmetry ===>> -2.81
GetZSymmetry ===>> -50.72
GetZFocus ===>> 74.64
GetDeflection H2 ===>> 0
GetDeflection H1 ===>> 0
GetDeflection AX ===>> 190
GetDeflection L1 ===>> 400
GetDeflection L2 ===>> 825
GetDeflection CDD ===>> 50
GetGain H2 ===>> 0.0113
GetGain H1 ===>> 0.99
GetGain AX ===>> 0.097049
GetGain L1 ===>> 0.010355
GetGain L2 ===>> 0.095649
GetGain CDD ===>> 0
pre measurement save
New frame /Users/jan/PychronDev/data/isotopes/b6/eeffb0-730c-4afa-aadb-97e6f937d1fc.h5
flush and close file /Users/jan/PychronDev/data/isotopes/b6/eeffb0-730c-4afa-aadb-97e6f937d1fc.h5
testing...
no interpolation path defined
executed snippet estimated_duration=226.132928, duration=0.000121116638184
unknown measurement script
activate_detectors ('H2', 'H1', 'AX', 'L1', 'L2', 'CDD') {}
activate detectors
*************** Set Analysis View Ar/Ar
create graphs
clearing graphs
clear isotope group
setting isotope det=H2, iso=PM41
setting isotope det=H1, iso=Ar40
setting isotope det=AX, iso=Ar39
setting isotope det=L1, iso=Ar38
setting isotope det=L2, iso=Ar37
setting isotope det=CDD, iso=Ar36
setting previous blanks
 - setting Ar40 blank 0.286+/-0.021
 - setting Ar36 blank 0.00381+/-0.00017
 - setting Ar37 blank 0.048+/-0.006
 - setting Ar38 blank 0.0116+/-0.0021
 - setting PM41 blank 0.04+/-0.07
 - setting Ar39 blank 0.016+/-0.009
load analysis view
position_magnet ('Ar40',) {'detector': 'H1'}
detector Detector(H1)
POSITION Ar40 H1
setting detector H2 to PM41 (40.9624)
setting detector H1 to Ar40 (39.9624)
setting detector AX to Ar39 (38.9624)
setting detector L1 to Ar38 (37.9624)
setting detector L2 to Ar37 (36.9624)
setting detector CDD to Ar36 (35.9624)
Mapping mass to dac mass func: "parabolic"
H1 map mass coeffs = [-0.00063987  0.15840543  0.57012999]
H1 map mass to dac 39.9624 >> 5.87852
GetDeflection H1 ===>> 0
GetHighVoltage ===>> 4500
positioning Ar40 (5.87852) on H1
setting magnet DAC
current  : 5.878521
requested: 5.878520
Delta Dac: 0.000001
Checking detector protection. dv=0.00000
Checking detector "CDD". Protection Threshold: 0.1 (V)
SetMagnetDAC 5.87852 ===>> OK
Magnet settling time: 0.500
equilibrate () {'delay': 3, 'inlet': 'R', 'outlet': 'O', 'eqtime': 12.0}
Equilibration Started
11:45:24 -- ******* Equilibration Started *******
checking ownership. requestor=129.138.12.150
check software interlocks O
interlocks []
actuate state mode=None-script, software_lock=False
doing actuation None-script close_channel True
Close O ===>> OK
GetIndicatorState O ===>> False
change switch state (True, True)
update switch state O False args=() kw={} ncanvase=2
11:45:24 -- CLOSE  VALVE-O (Jan Ion Pump)
waiting 3s before opening inlet value ('R',)
update labels <pychron.experiment.plot_panel.PlotPanel object at 0x177fb0fb0>
update labels "<pychron.graph.stacked_regression_graph.StackedRegressionGraph object at 0x17bf9d830>"
setting label 0 H2 PM41
setting label 1 H1 Ar40
setting label 2 AX Ar39
setting label 3 L1 Ar38
setting label 4 L2 Ar37
setting label 5 CDD Ar36
update labels "<pychron.graph.stacked_graph.StackedGraph object at 0x179a26cb0>"
setting label 0 H2 PM41
setting label 1 H1 Ar40
setting label 2 AX Ar39
setting label 3 L1 Ar38
setting label 4 L2 Ar37
setting label 5 CDD Ar36
checking ownership. requestor=129.138.12.150
check software interlocks R
interlocks []
actuate state mode=None-script, software_lock=False
doing actuation None-script open_channel True
Open R ===>> OK
GetIndicatorState R ===>> OK
change switch state (True, True)
update switch state R True args=() kw={} ncanvase=2
11:45:28 -- OPEN   VALVE-R (Jan Inlet)
equilibrating for 12.0sec
set_time_zero () {}
sniff (12.0,) {}
py_sniff
build tables- sniff [Detector(H2), Detector(H1), Detector(AX), Detector(L1), Detector(L2), Detector(CDD)]
add group /sniff/PM41 (Group) '' table H2
add group /sniff/Ar40 (Group) '' table H1
add group /sniff/Ar39 (Group) '' table AX
add group /sniff/Ar38 (Group) '' table L1
add group /sniff/Ar37 (Group) '' table L2
add group /sniff/Ar36 (Group) '' table CDD
flush and close file /Users/jan/PychronDev/data/isotopes/b6/eeffb0-730c-4afa-aadb-97e6f937d1fc.h5
measuring sniff. ncounts=12.0
"sniff" increment series count="1" fit count="0" regressing="False"
starting measurement
check iteration duration=4.38690185547e-05
GetData ===>> H2,-0.0988667322984133,H1,-0.393788332670921,AX,0.219806443044879,L1,-0.0707321129484465,L2,0.103...
check iteration duration=1.50203704834e-05
GetData ===>> H2,0.944599667010595,H1,-0.374115687671057,AX,1.02692619097486,L1,0.12103663738706,L2,0.355315399...
check iteration duration=1.59740447998e-05
GetData ===>> H2,0.541334261111451,H1,-0.302254197356826,AX,0.490695514093499,L1,0.138823165406322,L2,0.1623994...
check iteration duration=4.29153442383e-05
GetData ===>> H2,0.172840376987058,H1,-0.625707555215477,AX,0.162382497210868,L1,0.13245291296503,L2,0.00465035...
check iteration duration=4.29153442383e-05
GetData ===>> H2,0.00477525318271932,H1,-0.224143080763967,AX,0.128594251340288,L1,0.0549284034172424,L2,0.0551...
check iteration duration=4.10079956055e-05
GetData ===>> H2,-0.0838210009666238,H1,-0.22826674796869,AX,-0.0513427057075004,L1,0.0101310514733699,L2,0.069...
check iteration duration=1.69277191162e-05
GetData ===>> H2,-0.113547501552993,H1,-0.495561515281,AX,-0.0780299583864739,L1,0.0227673814182694,L2,0.070600...
check iteration duration=4.19616699219e-05
GetData ===>> H2,-0.0125194629346698,H1,-0.599797492250406,AX,-0.0524789759742683,L1,0.0388550210582527,L2,0.02...
check iteration duration=4.60147857666e-05
GetData ===>> H2,-0.0906817563207376,H1,-1.06049574186389,AX,-0.00599701388877561,L1,0.0329215347856995,L2,0.08...
check iteration duration=1.78813934326e-05
GetData ===>> H2,-0.112323869460536,H1,-1.01666122124318,AX,-0.0459394430984603,L1,0.047383696718978,L2,0.00300...
check iteration duration=1.90734863281e-05
GetData ===>> H2,-0.176651195835169,H1,-0.318629652117632,AX,-0.0721065303902182,L1,0.0100650411791816,L2,0.066...
Equilibration Finished
11:45:40 -- ******* Equilibration Finished *******
checking ownership. requestor=129.138.12.150
check software interlocks R
interlocks []
actuate state mode=None-script, software_lock=False
doing actuation None-script close_channel True
check iteration duration=1.4066696167e-05
GetData ===>> H2,-0.204020322960222,H1,-0.401091849752015,AX,-0.0433072730316666,L1,-0.0175607756490887,L2,0.03...
Close R ===>> OK
GetIndicatorState R ===>> False
change switch state (True, True)
update switch state R False args=() kw={} ncanvase=2
11:45:41 -- CLOSE  VALVE-R (Jan Inlet)
Post Equilibration Started jan_pump_extraction_line.py
11:45:41 -- ******* Post Equilibration Started jan_pump_extraction_line.py *******
testing...
no interpolation path defined
calculate duration
testing...
no interpolation path defined
executed snippet estimated_duration=4.0, duration=0.0001220703125
executed snippet estimated_duration=4.0, duration=0.00163197517395
Pump after analysis
doing GOSUB
testing...
no interpolation path defined
executed snippet estimated_duration=4.0, duration=0.000108957290649
Pump Microbone
close () {'description': 'Jan Inlet'}
closing name=--- desc=Jan Inlet
checking ownership. requestor=129.138.12.150
check software interlocks R
interlocks []
actuate state mode=None-script, software_lock=False
doing actuation None-script close_channel False
Close R ===>> OK
check iteration duration=4.10079956055e-05
waiting for write to finish
measurement finished
estimated time: 12.583 actual time: :12.731
flush and close file /Users/jan/PychronDev/data/isotopes/b6/eeffb0-730c-4afa-aadb-97e6f937d1fc.h5
set_fits () {}
using default fits file=/Users/jan/PychronDev/scripts/measurement/fits/nominal_linear.yaml
set "Ar40" to "('Linear', 'SEM')"
No fit for "PM41". defaulting to linear. check the measurement script "jan_unknown120_60.py"
set "PM41" to "linear"
set "Ar36" to "('Linear', 'SEM')"
set "Ar37" to "('linear', 'SEM')"
set "Ar38" to "('linear', 'SEM')"
set "Ar39" to "('Linear', 'SEM')"
set_baseline_fits () {}
GetIndicatorState R ===>> False
using default fits file=/Users/jan/PychronDev/scripts/measurement/fits/nominal_linear.yaml
change switch state (True, True)
update switch state R False args=() kw={} ncanvase=2
set "H1" to "('average', 'SEM')"
set "H2" to "('average', 'SEM')"
set "CDD" to "('average', 'SEM')"
set "L2" to "('average', 'SEM')"
set "L1" to "('average', 'SEM')"
11:45:41 -- CLOSE  VALVE-R (Jan Inlet)
set "AX" to "('average', 'SEM')"
---------------------------------------- close None (Jan Inlet) result=[(True, True)]
multicollect () {'integration_time': 1, 'ncounts': 120}
build tables- signal [Detector(H2), Detector(H1), Detector(AX), Detector(L1), Detector(L2), Detector(CDD)]
add group /signal/PM41 (Group) '' table H2
add group /signal/Ar40 (Group) '' table H1
add group /signal/Ar39 (Group) '' table AX
add group /signal/Ar38 (Group) '' table L1
add group /signal/Ar37 (Group) '' table L2
add group /signal/Ar36 (Group) '' table CDD
flush and close file /Users/jan/PychronDev/data/isotopes/b6/eeffb0-730c-4afa-aadb-97e6f937d1fc.h5
measuring signal. ncounts=120
action=close, ok=True, locked=[False]
is_closed ('F',) {}
is F () closed?
is closed True
open () {'description': 'CO2 Laser to Jan'}
opening name=--- desc=CO2 Laser to Jan
checking ownership. requestor=129.138.12.150
check software interlocks A
interlocks []
actuate state mode=None-script, software_lock=False
doing actuation None-script open_channel False
Open A ===>> OK
GetIndicatorState A ===>> OK
change switch state (True, True)
update switch state A True args=() kw={} ncanvase=2
11:45:41 -- OPEN   VALVE-A (CO2 Laser to Jan)
---------------------------------------- open None (CO2 Laser to Jan) result=[(True, True)], time=0.13 sec
starting measurement
check iteration duration=5.91278076172e-05
GetData ===>> H2,-0.0727468206488764,H1,-0.224025261448184,AX,0.116444490856879,L1,0.0261244347276722,L2,0.0393...
"signal" increment series count="2" fit count="1" regressing="True"
action=open, ok=True, locked=[False]
sleep (1,) {}
SLEEP 1.0
check iteration duration=6.29425048828e-05
GetData ===>> H2,-0.0727468206488764,H1,-0.224025261448184,AX,0.116444490856879,L1,0.0261244347276722,L2,0.0393...
close () {'description': 'CO2 Laser to Roughing'}
closing name=--- desc=CO2 Laser to Roughing
checking ownership. requestor=129.138.12.150
check software interlocks G
interlocks []
actuate state mode=None-script, software_lock=True
VALVE-G(CO2 Laser to Roughing) software locked
change switch state (True, False)
---------------------------------------- close None (CO2 Laser to Roughing) result=[(True, False)]
action=close, ok=True, locked=[True]
open () {'description': 'Microbone to Turbo'}
opening name=--- desc=Microbone to Turbo
checking ownership. requestor=129.138.12.150
check software interlocks U
interlocks []
actuate state mode=None-script, software_lock=False
doing actuation None-script open_channel True
Open U ===>> OK
GetIndicatorState U ===>> OK
change switch state (True, True)
update switch state U True args=() kw={} ncanvase=2
11:45:43 -- OPEN   VALVE-U (Microbone to Turbo)
---------------------------------------- open None (Microbone to Turbo) result=[(True, True)], time=0.16 sec
action=open, ok=True, locked=[False]
open () {'description': 'Microbone to Getter NP-10'}
opening name=--- desc=Microbone to Getter NP-10
checking ownership. requestor=129.138.12.150
check software interlocks M
interlocks []
actuate state mode=None-script, software_lock=False
doing actuation None-script open_channel False
Open M ===>> OK
GetIndicatorState M ===>> OK
change switch state (True, True)
update switch state M True args=() kw={} ncanvase=2
11:45:43 -- OPEN   VALVE-M (Microbone to Getter NP-10)
---------------------------------------- open None (Microbone to Getter NP-10) result=[(True, True)], time=0.15 sec
action=open, ok=True, locked=[False]
open () {'description': 'Microbone to Getter D-50'}
opening name=--- desc=Microbone to Getter D-50
checking ownership. requestor=129.138.12.150
check software interlocks K
interlocks []
actuate state mode=None-script, software_lock=False
doing actuation None-script open_channel False
check iteration duration=3.40938568115e-05
GetData ===>> H2,-0.0686597145606146,H1,-0.451390413599088,AX,0.0493742441856356,L1,0.0477299586398886,L2,0.003...
Open K ===>> OK
GetIndicatorState K ===>> OK
change switch state (True, True)
update switch state K True args=() kw={} ncanvase=2
11:45:44 -- OPEN   VALVE-K (Microbone to Getter D-50)
---------------------------------------- open None (Microbone to Getter D-50) result=[(True, True)], time=0.41 sec
action=open, ok=True, locked=[False]
open () {'description': 'Microbone to CO2 Laser'}
opening name=--- desc=Microbone to CO2 Laser
checking ownership. requestor=129.138.12.150
check software interlocks T
interlocks []
actuate state mode=None-script, software_lock=False
doing actuation None-script open_channel False
Open T ===>> OK
GetIndicatorState T ===>> OK
change switch state (True, True)
update switch state T True args=() kw={} ncanvase=2
11:45:45 -- OPEN   VALVE-T (Microbone to CO2 Laser)
---------------------------------------- open None (Microbone to CO2 Laser) result=[(True, True)], time=0.59 sec
check iteration duration=4.48226928711e-05
GetData ===>> H2,-0.0321024066907517,H1,-0.155569865671449,AX,0.00378233269091778,L1,0.0362424626745573,L2,-0.0...
action=open, ok=True, locked=[False]
open () {'description': 'Microbone to Inlet Pipette'}
opening name=--- desc=Microbone to Inlet Pipette
checking ownership. requestor=129.138.12.150
check software interlocks S
interlocks []
actuate state mode=None-script, software_lock=False
doing actuation None-script open_channel False
Open S ===>> OK
GetIndicatorState S ===>> OK
change switch state (True, True)
update switch state S True args=() kw={} ncanvase=2
11:45:45 -- OPEN   VALVE-S (Microbone to Inlet Pipette)
---------------------------------------- open None (Microbone to Inlet Pipette) result=[(True, True)], time=0.43 sec
action=open, ok=True, locked=[False]
sleep (1,) {}
SLEEP 1.0
testing H1>-5.0
evaluate ot="H1.bs>-5.0" t="H1>-5.0", ctx="{'H1': None}"
check iteration duration=0.000582933425903
GetData ===>> H2,-0.224878292756067,H1,-0.320278963464828,AX,0.0302599426643425,L1,-0.0345118062031309,L2,0.048...
set_resource () {'name': 'CO2PumpTimeFlag', 'value': 30}
Set CO2PumpTimeFlag 30 ===>> OK
release ('JanCO2Flag',) {}
release JanCO2Flag
Set JanCO2Flag 0 ===>> OK
executed snippet estimated_duration=6.0, duration=6.13760995865
PumpMicrobone.py completed successfully
gosub finished
get_resource_value () {'name': 'JanMiniboneFlag'}
Read JanMiniboneFlag ===>> 0
Get Resource Value JanMiniboneFlag=0.0
get resource value 0.0
get_resource_value () {'name': 'JanMiniboneFlag'}
Read JanMiniboneFlag ===>> 0
Get Resource Value JanMiniboneFlag=0.0
executed snippet estimated_duration=4.0, duration=6.14955401421
jan_pump_extraction_line.py completed successfully
Post Equilibration Finished
11:45:47 -- ******* Post Equilibration Finished *******
check iteration duration=3.50475311279e-05
GetData ===>> H2,-0.115817098266307,H1,-0.183258935539072,AX,-0.106088891906608,L1,0.00144750012440354,L2,-0.07...
check iteration duration=4.00543212891e-05
GetData ===>> H2,-0.115817098266307,H1,-0.183258935539072,AX,-0.106088891906608,L1,0.00144750012440354,L2,-0.07...
check iteration duration=8.08238983154e-05
GetData ===>> H2,-0.153747010300586,H1,-0.363631303814286,AX,-0.12409519553181,L1,0.00596844861750582,L2,0.0050...
check iteration duration=8.9168548584e-05
GetData ===>> H2,-0.18352920946271,H1,-0.104784918377598,AX,-0.0387268954778901,L1,0.00466850739754276,L2,0.055...
testing H1>-5.0
evaluate ot="H1.bs>-5.0" t="H1>-5.0", ctx="{'H1': None}"
check iteration duration=0.000603914260864
GetData ===>> H2,-0.329924488684249,H1,-0.403212215574956,AX,-0.0374976941801537,L1,0.00125184781717596,L2,0.04...
check iteration duration=3.79085540771e-05
GetData ===>> H2,-0.329924488684249,H1,-0.403212215574956,AX,-0.0374976941801537,L1,0.00125184781717596,L2,0.04...
check iteration duration=8.29696655273e-05
GetData ===>> H2,-0.293413309523115,H1,-0.167588195474963,AX,-0.0964702599408093,L1,-0.0143101317655718,L2,0.07...
check iteration duration=5.10215759277e-05
GetData ===>> H2,-0.10141055361939,H1,-0.290944372438812,AX,-0.0443392777096606,L1,-0.0126884912491415,L2,0.010...
check iteration duration=5.79357147217e-05
GetData ===>> H2,-0.176533759684715,H1,-0.140605662654889,AX,-0.0346449596451042,L1,-0.0260071008309256,L2,-0.0...
testing H1>-5.0
evaluate ot="H1.bs>-5.0" t="H1>-5.0", ctx="{'H1': None}"
check iteration duration=0.000565052032471
GetData ===>> H2,-0.176533759684715,H1,-0.140605662654889,AX,-0.0346449596451042,L1,-0.0260071008309256,L2,-0.0...
check iteration duration=7.29560852051e-05
GetData ===>> H2,-0.206702238403754,H1,-0.340541706936838,AX,-0.0712950738153223,L1,-0.00151688495869298,L2,0.0...
check iteration duration=8.98838043213e-05
GetData ===>> H2,-0.274335572544635,H1,-0.164053407753237,AX,-0.0822143936923168,L1,0.0211416166944646,L2,0.080...
check iteration duration=8.20159912109e-05
GetData ===>> H2,-0.176086951245974,H1,0.083177421889123,AX,-0.109356692605929,L1,-0.0191280652329153,L2,-0.091...
check iteration duration=9.79900360107e-05
GetData ===>> H2,-0.176086951245974,H1,0.083177421889123,AX,-0.109356692605929,L1,-0.0191280652329153,L2,-0.091...
testing H1>-5.0
evaluate ot="H1.bs>-5.0" t="H1>-5.0", ctx="{'H1': None}"
check iteration duration=0.00117492675781
GetData ===>> H2,-0.167026359479327,H1,-0.0988932243446134,AX,0.0527613771749607,L1,-0.0478591110094524,L2,0.05...
check iteration duration=7.60555267334e-05
GetData ===>> H2,-0.127129891852823,H1,0.242295720797495,AX,-0.0312006931119136,L1,-0.036575239721454,L2,-0.027...
check iteration duration=8.08238983154e-05
GetData ===>> H2,-0.182903249607932,H1,-0.113268896121631,AX,-0.00142648071804309,L1,-0.0358095899476336,L2,0.0...
check iteration duration=8.89301300049e-05
GetData ===>> H2,-0.170839961460346,H1,0.0355647737261138,AX,-0.189275487865055,L1,-0.000768070051710703,L2,-0....
check iteration duration=8.48770141602e-05
GetData ===>> H2,-0.250660811540733,H1,-0.378474331392804,AX,-0.0613947586905572,L1,-0.00490745545090182,L2,0.0...
testing H1>-5.0
evaluate ot="H1.bs>-5.0" t="H1>-5.0", ctx="{'H1': None}"
check iteration duration=0.000575065612793
11:46:07 -- collecting point 25
GetData ===>> H2,-0.32143041198325,H1,-0.0344357991326056,AX,-0.0987649115266106,L1,-0.0137516361516884,L2,0.10...
check iteration duration=6.38961791992e-05
GetData ===>> H2,-0.122554194005764,H1,-0.0179377938681342,AX,-0.16440177602426,L1,-0.0187839299849336,L2,0.070...
check iteration duration=5.79357147217e-05
GetData ===>> H2,-0.0015827973593747,H1,-0.0179377938681342,AX,-0.0680259944975617,L1,-0.035061856889531,L2,0.0...
check iteration duration=9.60826873779e-05
GetData ===>> H2,-0.148496995310424,H1,-0.104077916946459,AX,-0.067411580804936,L1,-0.0093293181275081,L2,0.027...
check iteration duration=8.89301300049e-05
GetData ===>> H2,-0.185547154722337,H1,-0.117982185641786,AX,-0.0467047302878483,L1,-0.0275203606741654,L2,-0.0...
testing H1>-5.0
evaluate ot="H1.bs>-5.0" t="H1>-5.0", ctx="{'H1': None}"
check iteration duration=0.000570058822632
GetData ===>> H2,-0.130296914265133,H1,0.0774024983605244,AX,0.00806328110907236,L1,0.0121403717122586,L2,0.014...
check iteration duration=7.82012939453e-05
GetData ===>> H2,-0.0312114760198278,H1,-0.246057229359926,AX,-0.0363960383152861,L1,-0.0179217415615154,L2,0.0...
check iteration duration=7.70092010498e-05
GetData ===>> H2,-0.184825537807549,H1,0.103448848948043,AX,-0.102728273159586,L1,-0.0406888597899445,L2,0.0332...
check iteration duration=5.81741333008e-05
GetData ===>> H2,-0.289384231847927,H1,0.0201265111014843,AX,-0.0131655904804847,L1,-0.0277264243677794,L2,-0.0...
check iteration duration=4.60147857666e-05
GetData ===>> H2,-0.217488132358692,H1,0.127256520536144,AX,-0.0947318514963716,L1,-0.0154642790650279,L2,-0.00...
testing H1>-5.0
evaluate ot="H1.bs>-5.0" t="H1>-5.0", ctx="{'H1': None}"
check iteration duration=0.000803232192993
GetData ===>> H2,-0.189608932199871,H1,0.230390428789405,AX,-0.0282897869635282,L1,0.00427948276503236,L2,-0.00...
check iteration duration=8.58306884766e-05
GetData ===>> H2,-0.147617706592629,H1,-0.0867562240096782,AX,0.0604498594368538,L1,-0.0144659297335686,L2,-0.0...
check iteration duration=9.10758972168e-05
GetData ===>> H2,-0.12698794313907,H1,-0.0263046737893897,AX,-0.00919857935572205,L1,-0.00964106589536188,L2,0....
check iteration duration=4.91142272949e-05
GetData ===>> H2,-0.210680813551083,H1,0.362653303227568,AX,0.0668167997430599,L1,-0.0180008885022625,L2,-0.053...
check iteration duration=4.88758087158e-05
GetData ===>> H2,-0.283744326182612,H1,0.290625605436575,AX,-0.124744009126134,L1,-0.0472164036371213,L2,-0.064...
testing H1>-5.0
evaluate ot="H1.bs>-5.0" t="H1>-5.0", ctx="{'H1': None}"
check iteration duration=0.00058913230896
GetData ===>> H2,-0.191663539301112,H1,-0.359390397868068,AX,-0.0745408595133985,L1,-0.051356776823529,L2,0.070...
check iteration duration=9.10758972168e-05
GetData ===>> H2,-0.199841197474915,H1,-0.0103957569411053,AX,-0.00503420367786008,L1,-0.0567928719396568,L2,-0...
check iteration duration=5.10215759277e-05
GetData ===>> H2,-0.209504766899333,H1,0.143050044594544,AX,-0.0561775597583511,L1,-0.0435245281491502,L2,0.031...
check iteration duration=8.60691070557e-05
GetData ===>> H2,-0.204661884219,H1,-0.164996019047775,AX,-0.0409417378711861,L1,-0.0214599608420363,L2,0.03026...
check iteration duration=8.58306884766e-05
GetData ===>> H2,-0.0764150157784617,H1,0.0481748311647783,AX,0.0411106491047471,L1,0.00197205911519911,L2,-0.0...
testing H1>-5.0
evaluate ot="H1.bs>-5.0" t="H1>-5.0", ctx="{'H1': None}"
check iteration duration=0.000534057617188
GetData ===>> H2,-0.179870091943947,H1,0.031911422636584,AX,-0.0614527259963371,L1,-0.00930773523236406,L2,0.09...
check iteration duration=4.50611114502e-05
GetData ===>> H2,-0.207766742082618,H1,0.120656316543458,AX,-0.0915794582846694,L1,0.00466010238557101,L2,0.028...
check iteration duration=3.79085540771e-05
GetData ===>> H2,-0.142689186262862,H1,0.0235441209897143,AX,-0.0773924247449541,L1,0.00572611308354054,L2,-0.0...
check iteration duration=8.39233398438e-05
GetData ===>> H2,-0.0893023401238008,H1,0.246892852099606,AX,-0.111987076551369,L1,0.0220824374896688,L2,-0.047...
check iteration duration=8.48770141602e-05
GetData ===>> H2,-0.197365348568166,H1,-0.0957116949725396,AX,-0.148032191244109,L1,-0.0475012585327097,L2,0.02...
testing H1>-5.0
evaluate ot="H1.bs>-5.0" t="H1>-5.0", ctx="{'H1': None}"
check iteration duration=0.000588893890381
11:46:33 -- collecting point 50
GetData ===>> H2,-0.143247264980367,H1,0.0342684217947524,AX,0.0643813089288585,L1,-0.00910149634482533,L2,0.06...
check iteration duration=7.5101852417e-05
GetData ===>> H2,-0.118697763566091,H1,0.142696455475041,AX,0.0420623195441122,L1,0.0470398511490573,L2,0.00403...
check iteration duration=3.79085540771e-05
GetData ===>> H2,-0.0558933547849791,H1,0.507313966745245,AX,-0.0223865267158127,L1,0.00534222714082754,L2,-0.0...
check iteration duration=3.60012054443e-05
GetData ===>> H2,-0.160455478875605,H1,0.180531208103923,AX,-0.0777169878480383,L1,-0.0172921414489564,L2,-0.01...
check iteration duration=8.89301300049e-05
GetData ===>> H2,-0.0994665243418631,H1,0.380808411426091,AX,-0.0247177194158589,L1,-0.0390587068183124,L2,0.03...
testing H1>-5.0
evaluate ot="H1.bs>-5.0" t="H1>-5.0", ctx="{'H1': None}"
check iteration duration=0.0191600322723
GetData ===>> H2,-0.162501271385368,H1,-0.0508156892349056,AX,-0.0725586246894722,L1,-0.0129977377645287,L2,0.0...
check iteration duration=5.69820404053e-05
GetData ===>> H2,-0.208277398790339,H1,0.556953836875527,AX,-0.0214006821580726,L1,-0.00655673631955583,L2,0.02...
check iteration duration=0.000102996826172
GetData ===>> H2,-0.0297866570819593,H1,0.36689732465278,AX,-0.0856336739777719,L1,-0.0154055037015414,L2,0.002...
check iteration duration=8.48770141602e-05
GetData ===>> H2,-0.0988491306993432,H1,0.269525194640379,AX,-0.0467974919624798,L1,0.0061664002856728,L2,0.020...
check iteration duration=8.32080841064e-05
GetData ===>> H2,-0.136557971729128,H1,0.315852385621789,AX,-0.0647799914740966,L1,-0.0070808511884436,L2,0.144...
testing H1>-5.0
evaluate ot="H1.bs>-5.0" t="H1>-5.0", ctx="{'H1': None}"
check iteration duration=0.00529813766479
GetData ===>> H2,-0.138477711828125,H1,0.303121032965095,AX,-0.0395966039988501,L1,-0.0240154332652367,L2,0.004...
check iteration duration=9.51290130615e-05
GetData ===>> H2,-0.153883488711121,H1,0.350392899169852,AX,-0.111824852286583,L1,-0.0327736662271003,L2,-0.066...
check iteration duration=8.79764556885e-05
GetData ===>> H2,-0.116001136315087,H1,0.276715786867306,AX,-0.0651045966491195,L1,-0.0291531798046739,L2,0.061...
check iteration duration=8.70227813721e-05
GetData ===>> H2,-0.15977076483818,H1,0.265753101588667,AX,0.0122167931169673,L1,-0.0442704346500101,L2,-0.0856...
check iteration duration=4.38690185547e-05
GetData ===>> H2,-0.149070994938015,H1,0.501182849198226,AX,-0.0288348636640862,L1,-0.0218579476323799,L2,-0.01...
testing H1>-5.0
evaluate ot="H1.bs>-5.0" t="H1>-5.0", ctx="{'H1': None}"
check iteration duration=0.000578880310059
GetData ===>> H2,-0.209510155708172,H1,0.357584079277583,AX,0.129244137962758,L1,-0.0577192463964874,L2,0.00074...
check iteration duration=8.10623168945e-05
GetData ===>> H2,-0.172073102249338,H1,0.321157164257771,AX,-0.123967749495908,L1,-0.0135682606609369,L2,-0.042...
check iteration duration=5.48362731934e-05
GetData ===>> H2,-0.198984960257905,H1,0.605770770134342,AX,-0.0639105079918919,L1,-0.0206411613903942,L2,0.003...
check iteration duration=3.50475311279e-05
GetData ===>> H2,-0.205864039685325,H1,0.332356234803151,AX,-0.00155408734824586,L1,-0.0487650551109024,L2,0.10...
check iteration duration=4.2200088501e-05
GetData ===>> H2,-0.205431440159518,H1,0.415469088733496,AX,-0.0409765255695237,L1,-0.00594263567078011,L2,0.08...
testing H1>-5.0
evaluate ot="H1.bs>-5.0" t="H1>-5.0", ctx="{'H1': None}"
check iteration duration=0.000588893890381
GetData ===>> H2,-0.302502641452357,H1,0.446476097934159,AX,-0.105254542222915,L1,-0.0384106445712356,L2,-0.000...
check iteration duration=7.79628753662e-05
GetData ===>> H2,-0.271428235786549,H1,0.183360032804268,AX,-0.10488371784441,L1,-0.019105283123901,L2,-0.07707...
check iteration duration=7.41481781006e-05
GetData ===>> H2,-0.142256757720406,H1,0.728059508389707,AX,-0.00512700507677347,L1,-0.0518999245929146,L2,-0.0...
check iteration duration=8.01086425781e-05
GetData ===>> H2,-0.0977889225708589,H1,0.226972104097638,AX,0.00236699278303183,L1,-0.026879379749791,L2,0.072...
check iteration duration=5.10215759277e-05
GetData ===>> H2,-0.159466884408147,H1,0.391300801211241,AX,0.0484341088263842,L1,-0.024748872974346,L2,-0.0870...
testing H1>-5.0
evaluate ot="H1.bs>-5.0" t="H1>-5.0", ctx="{'H1': None}"
check iteration duration=0.000817060470581
11:47:00 -- collecting point 75
GetData ===>> H2,-0.120353578503963,H1,0.493519005699748,AX,0.0284148626243875,L1,-0.00296035655296327,L2,0.068...
check iteration duration=8.01086425781e-05
GetData ===>> H2,-0.13193574375556,H1,0.462274719720739,AX,-0.0284869427182596,L1,-0.0143388946489065,L2,0.0353...
check iteration duration=7.70092010498e-05
GetData ===>> H2,-0.234870087352495,H1,0.563321126345325,AX,-0.0318153354688192,L1,-0.0180704413604586,L2,0.051...
check iteration duration=7.39097595215e-05
GetData ===>> H2,-0.303377063797926,H1,0.570395940487772,AX,0.0491653244324022,L1,-0.0235324364076679,L2,-0.060...
check iteration duration=7.10487365723e-05
GetData ===>> H2,-0.167170776145928,H1,0.239230978466079,AX,-0.0251004472096395,L1,-0.0020544613221324,L2,-0.00...
testing H1>-5.0
evaluate ot="H1.bs>-5.0" t="H1>-5.0", ctx="{'H1': None}"
check iteration duration=0.000572919845581
GetData ===>> H2,-0.0778502513081877,H1,0.380690520038319,AX,-0.0207395808024214,L1,0.0108775979940538,L2,0.039...
check iteration duration=4.00543212891e-05
GetData ===>> H2,-0.137167727205443,H1,0.435275735333596,AX,-0.10375964781109,L1,-0.0757217201994116,L2,-0.0215...
check iteration duration=5.69820404053e-05
GetData ===>> H2,-0.208400006862483,H1,0.650934474297243,AX,0.0255254679147773,L1,-0.0229343510866255,L2,0.0262...
check iteration duration=7.5101852417e-05
GetData ===>> H2,-0.15641277133253,H1,0.639967641189743,AX,0.0484921416103343,L1,0.00184241728047746,L2,0.08926...
check iteration duration=8.60691070557e-05
GetData ===>> H2,-0.152033721472332,H1,0.479252624396161,AX,-0.0851584591616297,L1,0.0214215707943522,L2,0.0686...
testing H1>-5.0
evaluate ot="H1.bs>-5.0" t="H1>-5.0", ctx="{'H1': None}"
check iteration duration=0.000735998153687
GetData ===>> H2,-0.176443319520401,H1,0.765091095370481,AX,-0.0375788683295046,L1,0.0233742565860151,L2,0.0930...
check iteration duration=8.60691070557e-05
GetData ===>> H2,-0.166533709335938,H1,0.81651304972831,AX,-0.11403803142637,L1,0.00876652660099153,L2,0.010725...
check iteration duration=5.79357147217e-05
GetData ===>> H2,-0.240257519331934,H1,0.660132557094067,AX,-0.0177471711352723,L1,-0.0248543304953305,L2,-0.05...
check iteration duration=8.70227813721e-05
GetData ===>> H2,-0.180312702947199,H1,1.05437238898626,AX,-0.0781458731452235,L1,-0.0437352553405466,L2,0.1140...
check iteration duration=3.69548797607e-05
GetData ===>> H2,-0.205775095339706,H1,0.727823642851247,AX,-0.0936424330392304,L1,-0.0380632372536978,L2,0.054...
testing H1>-5.0
evaluate ot="H1.bs>-5.0" t="H1>-5.0", ctx="{'H1': None}"
check iteration duration=0.000580072402954
GetData ===>> H2,-0.167733578672723,H1,0.71921458917788,AX,-0.0846600606412825,L1,-0.0263533854462635,L2,0.1143...
check iteration duration=7.60555267334e-05
GetData ===>> H2,-0.150393109408479,H1,0.612138373805405,AX,-0.037404923640782,L1,-0.0120004435935875,L2,-0.032...
check iteration duration=8.32080841064e-05
GetData ===>> H2,-0.180875387688275,H1,0.899635330163951,AX,0.0752719049443827,L1,-0.0141711100038229,L2,-0.042...
check iteration duration=3.40938568115e-05
GetData ===>> H2,-0.25132918992252,H1,0.612256292778691,AX,-0.0843239299651129,L1,0.00577649919964513,L2,0.0626...
check iteration duration=4.60147857666e-05
GetData ===>> H2,-0.245202027569709,H1,0.541035792492475,AX,-0.0994834276643521,L1,0.0318268177353952,L2,0.0355...
testing H1>-5.0
evaluate ot="H1.bs>-5.0" t="H1>-5.0", ctx="{'H1': None}"
check iteration duration=0.0011031627655
GetData ===>> H2,-0.185166794156344,H1,0.993323195394736,AX,-0.0186634613872357,L1,0.00726300301669471,L2,-0.01...
check iteration duration=6.89029693604e-05
GetData ===>> H2,-0.205347883204321,H1,0.730300233810258,AX,0.00641584777994614,L1,-0.0011364843445255,L2,0.044...
check iteration duration=7.29560852051e-05
GetData ===>> H2,-0.121304480688553,H1,0.854019738649672,AX,-0.0212267085524693,L1,-0.0125818109831704,L2,0.023...
check iteration duration=8.20159912109e-05
GetData ===>> H2,-0.260169344580071,H1,0.743508823625104,AX,-0.030887571928274,L1,-0.00543645423853125,L2,-0.07...
check iteration duration=8.08238983154e-05
GetData ===>> H2,-0.202331333304415,H1,0.409338540395637,AX,-0.0442697047046458,L1,-0.0233478607638857,L2,0.035...
testing H1>-5.0
evaluate ot="H1.bs>-5.0" t="H1>-5.0", ctx="{'H1': None}"
check iteration duration=0.000726938247681
11:47:26 -- collecting point 100
GetData ===>> H2,-0.144868645405031,H1,0.655769353310951,AX,-0.00731941239018076,L1,-0.0214371840132309,L2,0.04...
check iteration duration=4.31537628174e-05
GetData ===>> H2,-0.108554304888903,H1,0.69928432771917,AX,0.0212785614713396,L1,-0.0120256168978052,L2,-0.0129...
check iteration duration=8.58306884766e-05
GetData ===>> H2,-0.183297176656779,H1,0.776531069665769,AX,0.00177534039636761,L1,-0.0182059481343101,L2,0.084...
check iteration duration=8.70227813721e-05
GetData ===>> H2,-0.183152828267616,H1,0.527711996705088,AX,0.0172058825995276,L1,-0.034229637188734,L2,0.02640...
check iteration duration=3.48091125488e-05
GetData ===>> H2,-0.234989832990079,H1,0.744334366343809,AX,-0.0185590743255829,L1,-0.0600072883530606,L2,0.001...
testing H1>-5.0
evaluate ot="H1.bs>-5.0" t="H1>-5.0", ctx="{'H1': None}"
check iteration duration=0.000576972961426
GetData ===>> H2,-0.187957156713344,H1,0.548346269961316,AX,0.0031790705417001,L1,-0.0333975085504941,L2,0.0570...
check iteration duration=8.01086425781e-05
GetData ===>> H2,-0.16990624696626,H1,1.01241539557117,AX,0.0276721987678973,L1,0.00321334412253373,L2,0.028566...
check iteration duration=7.29560852051e-05
GetData ===>> H2,-0.11653158223741,H1,0.743626758257124,AX,-0.0343086561615783,L1,0.0118942864719295,L2,0.01207...
check iteration duration=8.60691070557e-05
GetData ===>> H2,-0.0910990712664742,H1,0.771577662496131,AX,-0.109182876183731,L1,0.00328657751413592,L2,0.002...
check iteration duration=8.70227813721e-05
GetData ===>> H2,-0.236585423358272,H1,0.696925743463289,AX,0.0229030393239536,L1,-0.0352523903050027,L2,0.0952...
testing H1>-5.0
evaluate ot="H1.bs>-5.0" t="H1>-5.0", ctx="{'H1': None}"
check iteration duration=0.000580072402954
GetData ===>> H2,-0.246293188314174,H1,0.75671758978223,AX,-0.0841268873047566,L1,-0.0265474913305769,L2,0.0883...
check iteration duration=4.00543212891e-05
GetData ===>> H2,-0.248035328712163,H1,0.849301837970902,AX,-0.0116692807138231,L1,-0.0312899394397344,L2,0.056...
check iteration duration=4.00543212891e-05
GetData ===>> H2,-0.218760133801189,H1,0.748815895978022,AX,-0.1057644234354,L1,-0.0215750429779711,L2,-0.11156...
check iteration duration=3.60012054443e-05
GetData ===>> H2,-0.210626930925665,H1,0.739970791205147,AX,0.0395787113516564,L1,-0.0282799001311123,L2,0.0401...
check iteration duration=5.50746917725e-05
GetData ===>> H2,-0.209842909678685,H1,0.813328585019842,AX,-0.00602021401731203,L1,-0.0213796423212641,L2,-0.0...
testing H1>-5.0
evaluate ot="H1.bs>-5.0" t="H1>-5.0", ctx="{'H1': None}"
check iteration duration=0.000944137573242
GetData ===>> H2,-0.102111730469882,H1,0.799411415088634,AX,0.0491421111541518,L1,-0.0291998963332746,L2,0.0885...
check iteration duration=4.6968460083e-05
GetData ===>> H2,-0.149524771723915,H1,0.878553184823983,AX,-0.00610141442363888,L1,-0.0473384852956366,L2,-0.0...
check iteration duration=8.98838043213e-05
GetData ===>> H2,-0.185463530445686,H1,1.05413667057127,AX,-0.0112865001019022,L1,-0.0473851631847894,L2,0.0346...
check iteration duration=9.10758972168e-05
GetData ===>> H2,-0.185404183810072,H1,0.803657310587563,AX,-0.0454756297516173,L1,-0.0180536527835348,L2,-0.04...
check iteration duration=7.29560852051e-05
GetData ===>> H2,-0.172954027625882,H1,1.1958135629058,AX,-0.0998426837432613,L1,-0.00468313237985361,L2,0.0849...
testing H1>-5.0
evaluate ot="H1.bs>-5.0" t="H1>-5.0", ctx="{'H1': None}"
check iteration duration=0.00075888633728
GetData ===>> H2,-0.183803056016441,H1,0.743626758257124,AX,-0.0162161352634661,L1,-0.0134160444802776,L2,-0.05...
check iteration duration=3.60012054443e-05
waiting for write to finish
measurement finished
estimated time: 125.829 actual time: :126.395
flush and close file /Users/jan/PychronDev/data/isotopes/b6/eeffb0-730c-4afa-aadb-97e6f937d1fc.h5
baselines () {'settling_time': 15.0, 'detector': 'H1', 'mass': 34.2, 'ncounts': 60}
%%%%%%%%%%%%%%%%%%%%%%%%%%%%%%%% Baseline
build tables- baseline [Detector(H2), Detector(H1), Detector(AX), Detector(L1), Detector(L2), Detector(CDD)]
add group baseline table H2
add group baseline table H1
add group baseline table AX
add group baseline table L1
add group baseline table L2
add group baseline table CDD
flush and close file /Users/jan/PychronDev/data/isotopes/b6/eeffb0-730c-4afa-aadb-97e6f937d1fc.h5
detector Detector(H1)
POSITION 34.2 H1
Mapping mass to dac mass func: "parabolic"
H1 map mass coeffs = [-0.00063987  0.15840543  0.57012999]
H1 map mass to dac 34.2 >> 5.23917599104
GetDeflection H1 ===>> 0
GetHighVoltage ===>> 4500
positioning 34.2 (5.23917599104) on H1
setting magnet DAC
current  : 5.878520
requested: 5.239176
Delta Dac: 0.639344
Checking detector protection. dv=0.63934
Checking detector "CDD". Protection Threshold: 0.1 (V)
ProtectDetector CDD,On ===>> OK
GetDeflection CDD ===>> 2000
Protected = 2000
SetMagnetDAC 5.23917599104 ===>> OK
Magnet settling time: 0.500
GetMagnetMoving ===>> True
GetMagnetMoving ===>> True
GetMagnetMoving ===>> True
GetMagnetMoving ===>> True
GetMagnetMoving ===>> True
GetMagnetMoving ===>> True
GetMagnetMoving ===>> True
GetMagnetMoving ===>> True
GetMagnetMoving ===>> False
ProtectDetector CDD,Off ===>> OK
GetDeflection CDD ===>> 50
Delaying 15.0s for detectors to settle
Join finished
measuring baseline. ncounts=60
"baseline" increment series count="2" fit count="1" regressing="True"
starting measurement
check iteration duration=7.20024108887e-05
GetData ===>> H2,-0.247962688846744,H1,-0.516291805305164,AX,-0.0952649667214962,L1,-0.0661316961066553,L2,-0.0...
check iteration duration=8.39233398438e-05
GetData ===>> H2,-0.372204217178246,H1,-0.91550066734888,AX,-0.0211339225023233,L1,-0.0323066571952758,L2,0.018...
check iteration duration=8.79764556885e-05
GetData ===>> H2,-0.301314226291284,H1,-0.630300631888676,AX,0.0170782515421782,L1,-0.014051262115985,L2,0.0040...
check iteration duration=9.10758972168e-05
GetData ===>> H2,-0.312668248297252,H1,-0.922211650907806,AX,0.0119847486662135,L1,-0.0327952199664099,L2,0.035...
testing H1>-5.0
evaluate ot="H1.bs>-5.0" t="H1>-5.0", ctx="{'H1': None}"
check iteration duration=0.00058388710022
GetData ===>> H2,-0.26857794206494,H1,-0.756189733624889,AX,-0.149319135154519,L1,-0.060625879610682,L2,-0.1335...
check iteration duration=5.79357147217e-05
GetData ===>> H2,-0.15020810368845,H1,-0.791398129160827,AX,9.32111003002501E-05,L1,-0.052069801786256,L2,-0.03...
check iteration duration=4.00543212891e-05
GetData ===>> H2,-0.0568645828375147,H1,-0.858043364399798,AX,-0.0614875063633329,L1,-0.0191544444525897,L2,0.0...
check iteration duration=4.10079956055e-05
GetData ===>> H2,-0.216722121327643,H1,-0.601446334669146,AX,-0.0924255150200257,L1,-0.0311138895274578,L2,0.07...
check iteration duration=3.60012054443e-05
GetData ===>> H2,-0.156812648966416,H1,-0.679880947360933,AX,-0.151266909765559,L1,-0.0447612899391952,L2,-0.09...
testing H1>-5.0
evaluate ot="H1.bs>-5.0" t="H1>-5.0", ctx="{'H1': None}"
check iteration duration=0.00125503540039
GetData ===>> H2,-0.162448612050864,H1,-0.791633632601855,AX,-0.102148844401266,L1,-0.00947919806719674,L2,0.05...
check iteration duration=5.88893890381e-05
GetData ===>> H2,-0.270945846332242,H1,-0.881709584231251,AX,-0.105822364313233,L1,-0.0167572502105147,L2,-0.02...
check iteration duration=6.103515625e-05
GetData ===>> H2,-0.265534683609594,H1,-0.479188990408465,AX,-0.0921821295896738,L1,-0.0152387717205253,L2,0.02...
check iteration duration=9.48905944824e-05
GetData ===>> H2,-0.168397568723905,H1,-0.740645828926191,AX,-0.121326103153156,L1,-0.0151176194113694,L2,-0.05...
check iteration duration=3.91006469727e-05
GetData ===>> H2,-0.215153523109682,H1,-0.875940259480434,AX,-0.160831308327118,L1,-0.0238236755024297,L2,-0.05...
testing H1>-5.0
evaluate ot="H1.bs>-5.0" t="H1>-5.0", ctx="{'H1': None}"
check iteration duration=0.00101613998413
GetData ===>> H2,-0.188322590667673,H1,-0.627120811849477,AX,-0.0552616226378091,L1,-0.0217512599471712,L2,-0.1...
check iteration duration=8.29696655273e-05
GetData ===>> H2,-0.122850372124774,H1,-0.776914559732295,AX,0.0224040896706164,L1,-0.0331568369237429,L2,-0.03...
check iteration duration=3.69548797607e-05
GetData ===>> H2,-0.245277376214187,H1,-0.628769608701966,AX,-0.0149750506331506,L1,-0.0139026487527626,L2,0.08...
check iteration duration=6.29425048828e-05
GetData ===>> H2,-0.287772734504556,H1,-1.12011699656734,AX,-0.0470293957622068,L1,0.00793734099082261,L2,-0.01...
check iteration duration=8.51154327393e-05
GetData ===>> H2,-0.17996995081582,H1,-0.871112839428413,AX,-0.00933777546558917,L1,-0.00699809802324439,L2,0.0...
testing H1>-5.0
evaluate ot="H1.bs>-5.0" t="H1>-5.0", ctx="{'H1': None}"
check iteration duration=0.000627994537354
GetData ===>> H2,-0.18903184946777,H1,-0.579775614891331,AX,-0.0868622673794077,L1,-0.0158589047576469,L2,0.011...
check iteration duration=7.70092010498e-05
GetData ===>> H2,-0.222941638135137,H1,-0.847210875765025,AX,-0.0669130913734413,L1,0.00296843632029163,L2,-0.0...
check iteration duration=3.60012054443e-05
GetData ===>> H2,-0.167443408199456,H1,-0.710263854986436,AX,-0.230837245206592,L1,-0.0022500456016995,L2,-0.02...
check iteration duration=7.89165496826e-05
GetData ===>> H2,-0.0516072963631514,H1,-0.606157297856395,AX,-0.110874676160591,L1,0.0299633082248611,L2,-0.07...
check iteration duration=3.50475311279e-05
GetData ===>> H2,-0.215030988247277,H1,-0.942462061983133,AX,0.0402518325471301,L1,-0.0253252807017152,L2,-0.01...
testing H1>-5.0
evaluate ot="H1.bs>-5.0" t="H1>-5.0", ctx="{'H1': None}"
check iteration duration=0.000793933868408
11:48:32 -- collecting point 25
GetData ===>> H2,-0.207261452195935,H1,-0.883122474956068,AX,-0.142432047862482,L1,-0.0152159808034627,L2,-0.03...
check iteration duration=4.10079956055e-05
GetData ===>> H2,-0.233089898564363,H1,-0.724983920196106,AX,-0.00691341476143737,L1,-0.0271573428497386,L2,-0....
check iteration duration=8.70227813721e-05
GetData ===>> H2,-0.245017690373121,H1,-0.807765484757254,AX,-0.0488382264343107,L1,0.011840268565056,L2,-0.120...
check iteration duration=8.48770141602e-05
GetData ===>> H2,-0.250664846136614,H1,-0.810355976632124,AX,-0.0701474308205531,L1,-0.0124703348902751,L2,-0.0...
check iteration duration=4.79221343994e-05
GetData ===>> H2,-0.226978878000221,H1,-0.395673116436901,AX,-0.072176083496049,L1,-0.00359503458907937,L2,-0.0...
testing H1>-5.0
evaluate ot="H1.bs>-5.0" t="H1>-5.0", ctx="{'H1': None}"
check iteration duration=0.0015709400177
GetData ===>> H2,-0.315837359023306,H1,-0.693659358382978,AX,-0.0455799879473747,L1,0.00494827822675879,L2,-0.0...
check iteration duration=6.29425048828e-05
GetData ===>> H2,-0.302371197636691,H1,-0.720273523174552,AX,0.0026454186799526,L1,-0.030358157268876,L2,-0.043...
check iteration duration=3.91006469727e-05
GetData ===>> H2,-0.231029481044972,H1,-0.62193886098357,AX,-0.119750350125122,L1,-0.0292346341241077,L2,-0.102...
check iteration duration=8.79764556885e-05
GetData ===>> H2,-0.163373490407124,H1,-0.909025113708154,AX,-0.231393289905533,L1,-0.00858348236361435,L2,-0.0...
check iteration duration=8.60691070557e-05
GetData ===>> H2,-0.142351352872904,H1,-0.686829058971334,AX,-0.0187446512466911,L1,0.000859354342993894,L2,0.0...
testing H1>-5.0
evaluate ot="H1.bs>-5.0" t="H1>-5.0", ctx="{'H1': None}"
check iteration duration=0.000813007354736
GetData ===>> H2,-0.227280468438659,H1,-0.796108187317945,AX,-0.0671681327969375,L1,-0.0326623045045524,L2,-0.0...
check iteration duration=9.10758972168e-05
GetData ===>> H2,-0.11459100396126,H1,-0.76643444628515,AX,-0.0320588719326918,L1,-0.0547363503578032,L2,-0.056...
check iteration duration=8.70227813721e-05
GetData ===>> H2,-0.168714704710569,H1,-0.8380267163352,AX,-0.106436535496257,L1,-0.0827591737966429,L2,-0.0014...
check iteration duration=4.00543212891e-05
GetData ===>> H2,-0.237494782117845,H1,-0.648908262649061,AX,-0.093109308923291,L1,-0.0130816402189833,L2,-0.03...
check iteration duration=8.60691070557e-05
GetData ===>> H2,-0.22736394294124,H1,-1.04647362010581,AX,-0.121013271862032,L1,0.0577899626016541,L2,-0.08418...
testing H1>-5.0
evaluate ot="H1.bs>-5.0" t="H1>-5.0", ctx="{'H1': None}"
check iteration duration=0.000530958175659
GetData ===>> H2,-0.163129113829028,H1,-0.625825326679058,AX,-0.101036331511561,L1,0.0556960592189817,L2,-0.060...
check iteration duration=9.29832458496e-05
GetData ===>> H2,-0.131754494582294,H1,-0.788807587609654,AX,-0.0251700339195621,L1,0.0322425799214235,L2,-0.03...
check iteration duration=8.82148742676e-05
GetData ===>> H2,-0.166602546670874,H1,-0.828960218849483,AX,-0.0369178768583879,L1,-0.00456317146723885,L2,-0....
check iteration duration=9.48905944824e-05
GetData ===>> H2,-0.186932260541665,H1,-0.495325941306092,AX,-0.0700199140967014,L1,0.0143722190904726,L2,-0.01...
check iteration duration=8.48770141602e-05
GetData ===>> H2,-0.253252069960382,H1,-0.495208154297206,AX,-0.0162973271644072,L1,0.0347952065968404,L2,0.030...
testing H1>-5.0
evaluate ot="H1.bs>-5.0" t="H1>-5.0", ctx="{'H1': None}"
check iteration duration=0.000585794448853
GetData ===>> H2,-0.198204177238433,H1,-0.865343452834685,AX,0.0014389122116757,L1,-0.0253839981380516,L2,0.070...
check iteration duration=8.39233398438e-05
GetData ===>> H2,-0.260099403515963,H1,-0.773852965043446,AX,-0.125242202341801,L1,-0.0479093768915441,L2,-0.08...
check iteration duration=4.6968460083e-05
GetData ===>> H2,-0.166887339827661,H1,-0.830255437866922,AX,-0.146780013257683,L1,-0.0360959665648447,L2,-0.00...
check iteration duration=8.29696655273e-05
GetData ===>> H2,-0.18274675423641,H1,-0.772439918143456,AX,0.064566867989941,L1,0.00637275404448308,L2,-0.0237...
check iteration duration=9.48905944824e-05
GetData ===>> H2,-0.224532197336452,H1,-0.576477855024788,AX,-0.0600151266212379,L1,-0.0134651853886913,L2,0.04...
testing H1>-5.0
evaluate ot="H1.bs>-5.0" t="H1>-5.0", ctx="{'H1': None}"
check iteration duration=0.000968933105469
11:48:58 -- collecting point 50
GetData ===>> H2,-0.0940794468372126,H1,-0.778327600236941,AX,-0.0616150342689388,L1,-0.00929694376744177,L2,-0...
check iteration duration=4.91142272949e-05
GetData ===>> H2,-0.0713800952137478,H1,-0.627356354425141,AX,-0.133758725702644,L1,0.0115569793951879,L2,-0.05...
check iteration duration=6.89029693604e-05
GetData ===>> H2,-0.233385943358479,H1,-0.753716856042845,AX,-0.0741235502746437,L1,-0.00948639224816497,L2,-0....
check iteration duration=3.50475311279e-05
GetData ===>> H2,-0.298992028458457,H1,-0.662922639420586,AX,-0.0804873217047726,L1,-0.00801507523868455,L2,-0....
check iteration duration=8.20159912109e-05
GetData ===>> H2,-0.22236785057751,H1,-0.637837942241932,AX,-0.0422172786792985,L1,-0.013169137747801,L2,-0.075...
testing H1>-5.0
evaluate ot="H1.bs>-5.0" t="H1>-5.0", ctx="{'H1': None}"
check iteration duration=0.000524997711182
GetData ===>> H2,-0.164064737050488,H1,-0.763961594328668,AX,-0.143498766698439,L1,-0.0270075792030396,L2,-0.04...
check iteration duration=3.38554382324e-05
GetData ===>> H2,-0.1775609472805,H1,-0.794695172226731,AX,0.0272428488102502,L1,-0.0168783827797662,L2,0.07704...
check iteration duration=0.000108003616333
GetData ===>> H2,-0.190572918330013,H1,-0.686122473580277,AX,-0.0928775149182382,L1,-0.016481398323976,L2,-0.03...
check iteration duration=3.88622283936e-05
GetData ===>> H2,-0.156488424939871,H1,-0.669517571517312,AX,-0.119240542210108,L1,-0.043382045328075,L2,-0.070...
check iteration duration=8.51154327393e-05
GetData ===>> H2,-0.116505872419736,H1,-0.849212540213896,AX,-0.114026444232172,L1,-0.0399019637037301,L2,-0.13...
testing H1>-5.0
evaluate ot="H1.bs>-5.0" t="H1>-5.0", ctx="{'H1': None}"
check iteration duration=0.000525951385498
GetData ===>> H2,-0.131455562382032,H1,-0.726043756433558,AX,-0.14106384788285,L1,-0.00303474432823262,L2,-0.03...
check iteration duration=1.69277191162e-05
waiting for write to finish
measurement finished
estimated time: 62.915 actual time: :63.251
flush and close file /Users/jan/PychronDev/data/isotopes/b6/eeffb0-730c-4afa-aadb-97e6f937d1fc.h5
activate_detectors ('H1', 'AX', 'CDD') {'peak_center': True}
peak_center () {'detector': 'H1', 'integration_time': 0.262144, 'isotope': 'Ar40'}
peak center: mean=0.862661601241 threshold=3
Skipping peak center. intensities to small. 0.862661601241<3
finished measure script
executed snippet estimated_duration=226.132928, duration=226.586801052
jan_unknown120_60.py completed successfully
Measurement Finished
11:49:09 -- ******* Measurement Finished *******
Post Measurement Started jan_pump_ms.py
11:49:09 -- ******* Post Measurement Started jan_pump_ms.py *******
testing...
no interpolation path defined
executed snippet estimated_duration=0, duration=3.2901763916e-05
Pumping spectrometer
open () {'name': 'O'}
opening name=O desc=---
checking ownership. requestor=129.138.12.150
check software interlocks O
interlocks []
actuate state mode=None-script, software_lock=False
doing actuation None-script open_channel True
Open O ===>> OK
GetIndicatorState O ===>> OK
change switch state (True, True)
update switch state O True args=() kw={} ncanvase=2
11:49:10 -- OPEN   VALVE-O (Jan Ion Pump)
---------------------------------------- open O () result=[(True, True)], time=0.11 sec
action=open, ok=True, locked=[False]
executed snippet estimated_duration=0, duration=0.364456892014
jan_pump_ms.py completed successfully
setting _ms_pumptime
Post Measurement Finished
11:49:10 -- ******* Post Measurement Finished *******
$$$$$$$$$$$$$$$$$$$$ state at run end measurement
state changed from measurement to success
post measurement save measured=True aborted=False
Set filtering
setting fod for Ar40= {'filter_outliers': True, 'std_devs': 2, 'iterations': 1}
setting fod for H1= {'filter_outliers': True, 'std_devs': 2, 'iterations': 1}
setting fod for PM41= {'filter_outliers': False, 'std_devs': 2, 'iterations': 1}
setting fod for H2= {'filter_outliers': True, 'std_devs': 2, 'iterations': 1}
setting fod for Ar36= {'filter_outliers': True, 'std_devs': 2, 'iterations': 1}
setting fod for CDD= {'filter_outliers': True, 'std_devs': 10, 'iterations': 1}
setting fod for Ar37= {'filter_outliers': True, 'std_devs': 2, 'iterations': 1}
setting fod for L2= {'filter_outliers': True, 'std_devs': 2, 'iterations': 1}
setting fod for Ar38= {'filter_outliers': True, 'std_devs': 2, 'iterations': 1}
setting fod for L1= {'filter_outliers': True, 'std_devs': 2, 'iterations': 1}
setting fod for Ar39= {'filter_outliers': True, 'std_devs': 2, 'iterations': 1}
setting fod for AX= {'filter_outliers': True, 'std_devs': 2, 'iterations': 1}
persistence save...
persistence save - db
post measurement save
6533448048 connecting to database sqlite:////Users/jan/PychronDev/.appdata/local_lab.db
connected to db sqlite:////Users/jan/PychronDev/.appdata/local_lab.db
create new session 6533448048
close session 6533448048
No database instance. Not saving post measurement to isotopedb database
$$$$$$$$$$$$$$$ auto_save_detector_ic=False
massspec enabled True
create new session 5035355696
MassSpec Database Version: 16.0
close session 5035355696
saving post measurement to secondary database
saving to massspec database 129.138.12.160/massspecdata
setting labnumber to 65271
setting aliquot to 6
setting step to A
setting uuid to b6eeffb0-730c-4afa-aadb-97e6f937d1fc
setting irradpos to 65271
setting extract_device to Fusions CO2
setting tray to 
setting position to 
setting power_requested to 0.1
setting extract_value to 0.1
setting duration to 30.0
setting duration_at_request to 30.0
setting first_stage_delay to 30.0
setting cleanup to 30.0
setting comment to AM-9 F:15
setting irradiation to NM-285
setting level to F
setting irradiation_level to F
setting sample to AM-9
setting material to Kspar
setting project to REEFenite
setting mass_spectrometer to Jan
no attribute chron_dosages
no attribute production_ratios
no attribute interference_corrections
no attribute production_name
no attribute j
Reference Isotope=Ar40
Reference Detector=H1
%%%%%%%%%%%%%%%%%%%% Comment: AM-9 F:15 %%%%%%%%%%%%%%%%%%%
adding isotope PM41 H2
add baseline dbdet= PM41. original det= H2
get baseline data PM41 H2
Get data baseline <pychron.processing.isotope.Baseline object at 0x178e6e3d0> len t=60
baseline PM41. v=-0.204207050082, e=0.00753563738286
get signal data PM41 H2
Get data signal PM41 0.05+/-0.07 len t=120
adding isotope Ar40 H1
add baseline dbdet= Ar40. original det= H1
get baseline data Ar40 H1
Get data baseline <pychron.processing.isotope.Baseline object at 0x178e6e5d0> len t=60
baseline Ar40. v=-0.735786172424, e=0.0154776226796
get signal data Ar40 H1
Get data signal Ar40 0.285+/-0.031 len t=120
adding isotope Ar39 AX
add baseline dbdet= Ar39. original det= AX
get baseline data Ar39 AX
Get data baseline <pychron.processing.isotope.Baseline object at 0x178e6e790> len t=60
baseline Ar39. v=-0.0692996392552, e=0.00701296923904
get signal data Ar39 AX
Get data signal Ar39 0.013+/-0.012 len t=120
adding isotope Ar38 L1
add baseline dbdet= Ar38. original det= L1
get baseline data Ar38 L1
Get data baseline <pychron.processing.isotope.Baseline object at 0x178e6e950> len t=60
baseline Ar38. v=-0.0164206952227, e=0.00284153601553
get signal data Ar38 L1
Get data signal Ar38 0.008+/-0.004 len t=120
adding isotope Ar37 L2
add baseline dbdet= Ar37. original det= L2
get baseline data Ar37 L2
Get data baseline <pychron.processing.isotope.Baseline object at 0x178e6eb10> len t=60
baseline Ar37. v=-0.0374312644511, e=0.00667583944161
get signal data Ar37 L2
Get data signal Ar37 0.039+/-0.011 len t=120
adding isotope Ar36 CDD
add baseline dbdet= Ar36. original det= CDD
get baseline data Ar36 CDD
Get data baseline <pychron.processing.isotope.Baseline object at 0x178e6ecd0> len t=60
baseline Ar36. v=1.24054509335e-05, e=5.3565219893e-06
get signal data Ar36 CDD
Get data signal Ar36 0.00370+/-0.00019 len t=120
65271-06A added analysis time 0.517729997635s
analysis added to mass spec database
mass spec save time= 0.525
persistence save - dvc
================= post measurement started
create new session 4996344144
close session 4996344144
---------------- Experiment Queue saving disabled
DVC saving peakcenter
Smart pull ahead: 0 behind: 0
Up-to-date with origin
add to repo msg=modified - ad8224ebc6dbfeb9f5997218dfa5fe690569839d.json
add to repo msg=modified - 71-06A.json
add to repo msg=modified - 71-06A.dat.json
add to repo msg=modified - 71-06A.blan.json
add to repo msg=modified - 71-06A.inte.json
add to repo msg=modified - 71-06A.icfa.json
add to repo msg=modified - 71-06A.base.json
not at valid file /Users/jan/PychronDev/data/.dvc/repositories/REEFenite/652/tags/71-06A.tags.json
add to repo msg=modified - 71-06A.peak.json
add to repo msg=modified - 71-06A.extr.json
not at valid file /Users/jan/PychronDev/data/.dvc/repositories/REEFenite/652/monitor/71-06A.moni.json
commit message=<COLLECTION>
add to repo msg=modified - 71-06A.inte.json
add to repo msg=modified - 71-06A.base.json
commit message=<ISOEVO> default collection fits
add to repo msg=modified - 71-06A.blan.json
commit message=<BLANKS> preceding bu-FC-J-7868
add to repo msg=modified - 71-06A.icfa.json
commit message=<ICFactor> default
push repository <pychron.git_archive.repo_manager.GitRepoManager object at 0x17dcc70b0>
pushing to remote=origin, url=https://github.com
no changes to meta repo
create new session 4996344144
add association REEFenite
get identifier "65271"
setting analysis irradiation position=<pychron.dvc.dvc_orm.IrradiationPositionTbl object at 0x151a56410>
close session 4996344144
================= post measurement finished
11:49:39 -- ******* Post Run Check *******
loading queue conditionals post_run_actions
loading system conditionals post_run_actions
loading conditionals from /Users/jan/PychronDev/setupfiles/spectrometer/default_conditionals.yaml
loading queue conditionals post_run_terminations
loading system conditionals post_run_terminations
loading conditionals from /Users/jan/PychronDev/setupfiles/spectrometer/default_conditionals.yaml
Checking default post run terminations n=1
GetDeflection CDD ===>> 50
testing CDD==2000
evaluate ot="CDD.deflection==2000" t="CDD==2000", ctx="{'CDD': 50.0}"
11:49:39 -- ******* Post Run Check Passed *******
11:49:39 -- Automated run 65271-06A success duration: 328.215 s
----------------- finish -----------------
----------------- stop -----------------
retroactive repository identifiers disabled
finish run. runs completed=101
update duration runid=65271-06A, duration=328.214563131, md5=3be28e4d
loading script "jan_unknown120_60.py"
loading script "jan_pump_ms.py"
loading script "jan_co2.py"
loading script "jan_pump_extraction_line.py"
testing...
no interpolation path defined
executed snippet estimated_duration=213.652928, duration=0.00036096572876
script duration name:unknown120_60 seconds:214.0
loading script "jan_unknown120_60.py"
loading script "jan_pump_ms.py"
loading script "jan_co2.py"
loading script "jan_pump_extraction_line.py"
testing...
no interpolation path defined
executed snippet estimated_duration=0, duration=2.50339508057e-05
loading script "jan_unknown120_60.py"
loading script "jan_pump_ms.py"
loading script "jan_co2.py"
loading script "jan_pump_extraction_line.py"
testing...
no interpolation path defined
calculate duration
testing...
no interpolation path defined
executed snippet estimated_duration=0, duration=5.19752502441e-05
calculate duration
testing...
no interpolation path defined
executed snippet estimated_duration=0, duration=0.000161170959473
executed snippet estimated_duration=0.0, duration=0.00267505645752
script duration name:co2 seconds:0.0
loading script "jan_unknown120_60.py"
loading script "jan_pump_ms.py"
loading script "jan_co2.py"
loading script "jan_pump_extraction_line.py"
testing...
no interpolation path defined
calculate duration
testing...
no interpolation path defined
executed snippet estimated_duration=4.0, duration=0.0001540184021
executed snippet estimated_duration=4.0, duration=0.00129914283752
Script duration 214.0
Run total estimated duration= 215.000
unknown120_60 in script context. using previous estimated duration
script duration name:unknown120_60 seconds:214.0
pump_ms in script context. using previous estimated duration
co2 in script context. using previous estimated duration
script duration name:co2 seconds:0.0
pump_extraction_line in script context. using previous estimated duration
Script duration 214.0
Run total estimated duration= 215.000
script duration name:unknown120_60 seconds:214.0
script duration name:co2 seconds:0.0
Script duration 214.0
Run total estimated duration= 215.000
script duration name:unknown120_60 seconds:214.0
script duration name:co2 seconds:0.0
Script duration 214.0
Run total estimated duration= 215.000
script duration name:unknown120_60 seconds:214.0
script duration name:co2 seconds:0.0
Script duration 214.0
Run total estimated duration= 215.000
script duration name:unknown120_60 seconds:214.0
script duration name:co2 seconds:0.0
Script duration 214.0
Run total estimated duration= 215.000
script duration name:unknown120_60 seconds:214.0
script duration name:co2 seconds:0.0
Script duration 214.0
Run total estimated duration= 215.000
script duration name:unknown120_60 seconds:214.0
script duration name:co2 seconds:0.0
Script duration 214.0
Run total estimated duration= 215.000
script duration name:unknown120_60 seconds:214.0
script duration name:co2 seconds:0.0
Script duration 214.0
Run total estimated duration= 215.000
script duration name:unknown120_60 seconds:214.0
script duration name:co2 seconds:0.0
Script duration 214.0
Run total estimated duration= 215.000
script duration name:unknown120_60 seconds:214.0
script duration name:co2 seconds:0.0
Script duration 214.0
Run total estimated duration= 215.000
script duration name:unknown120_60 seconds:214.0
script duration name:co2 seconds:0.0
Script duration 214.0
Run total estimated duration= 215.000
script duration name:unknown120_60 seconds:214.0
script duration name:co2 seconds:0.0
Script duration 214.0
Run total estimated duration= 215.000
script duration name:unknown120_60 seconds:214.0
script duration name:co2 seconds:0.0
Script duration 214.0
Run total estimated duration= 215.000
script duration name:unknown120_60 seconds:214.0
script duration name:co2 seconds:0.0
Script duration 214.0
Run total estimated duration= 215.000
script duration name:unknown120_60 seconds:214.0
script duration name:co2 seconds:0.0
Script duration 214.0
Run total estimated duration= 215.000
script duration name:unknown120_60 seconds:214.0
script duration name:co2 seconds:0.0
Script duration 214.0
Run total estimated duration= 215.000
script duration name:unknown120_60 seconds:214.0
script duration name:co2 seconds:0.0
Script duration 214.0
Run total estimated duration= 215.000
loading script "jan_unknown400_120.py"
loading script "jan_pump_ms.py"
loading script "jan_sniffair_x2.py"
loading script "jan_pump_extraction_line.py"
testing...
no interpolation path defined
executed snippet estimated_duration=556.052928, duration=0.000304937362671
script duration name:unknown400_120 seconds:556.0
loading script "jan_unknown400_120.py"
loading script "jan_pump_ms.py"
loading script "jan_sniffair_x2.py"
loading script "jan_pump_extraction_line.py"
testing...
no interpolation path defined
calculate duration
testing...
no interpolation path defined
executed snippet estimated_duration=0, duration=4.50611114502e-05
calculate duration
testing...
no interpolation path defined
executed snippet estimated_duration=0, duration=9.60826873779e-05
calculate duration
testing...
no interpolation path defined
executed snippet estimated_duration=32.0, duration=9.58442687988e-05
calculate duration
testing...
no interpolation path defined
executed snippet estimated_duration=34.0, duration=9.70363616943e-05
calculate duration
testing...
no interpolation path defined
executed snippet estimated_duration=4.0, duration=6.00814819336e-05
calculate duration
testing...
no interpolation path defined
executed snippet estimated_duration=36.0, duration=6.69956207275e-05
calculate duration
testing...
no interpolation path defined
executed snippet estimated_duration=34.0, duration=8.79764556885e-05
calculate duration
testing...
no interpolation path defined
executed snippet estimated_duration=4.0, duration=4.88758087158e-05
calculate duration
testing...
no interpolation path defined
executed snippet estimated_duration=36.0, duration=6.79492950439e-05
calculate duration
testing...
no interpolation path defined
executed snippet estimated_duration=70.0, duration=8.29696655273e-05
executed snippet estimated_duration=250.0, duration=0.0105931758881
script duration name:sniffair_x2 seconds:250.0
Script duration 806.0
Run total estimated duration= 807.000
unknown400_120 in script context. using previous estimated duration
script duration name:unknown400_120 seconds:556.0
sniffair_x2 in script context. using previous estimated duration
script duration name:sniffair_x2 seconds:250.0
Script duration 806.0
Run total estimated duration= 807.000
script duration name:unknown400_120 seconds:556.0
loading script "jan_unknown400_120.py"
loading script "jan_pump_ms.py"
loading script "jan_cocktail_x1.py"
loading script "jan_pump_extraction_line.py"
testing...
no interpolation path defined
calculate duration
testing...
no interpolation path defined
executed snippet estimated_duration=0, duration=4.00543212891e-05
calculate duration
testing...
no interpolation path defined
executed snippet estimated_duration=0, duration=7.41481781006e-05
calculate duration
testing...
no interpolation path defined
executed snippet estimated_duration=32.0, duration=0.000142097473145
calculate duration
testing...
no interpolation path defined
executed snippet estimated_duration=34.0, duration=8.48770141602e-05
calculate duration
testing...
no interpolation path defined
executed snippet estimated_duration=4.0, duration=6.31809234619e-05
calculate duration
testing...
no interpolation path defined
executed snippet estimated_duration=38.0, duration=9.91821289062e-05
executed snippet estimated_duration=108.0, duration=0.00681281089783
script duration name:cocktail_x1 seconds:108.0
Script duration 664.0
Run total estimated duration= 665.000
script duration name:unknown400_120 seconds:556.0
cocktail_x1 in script context. using previous estimated duration
script duration name:cocktail_x1 seconds:108.0
Script duration 664.0
Run total estimated duration= 665.000
nruns=22 before=5.0, run_dur=6814.0, btw=630.0
write rem/ex queues
/Users/jan/PychronDev/experiments/rem/Load1796.rem.txt
/Users/jan/PychronDev/experiments/rem/Load1796.ex.txt
doing event level: 3
