do run
loading script "jan_unknown120_60.py"
loading script "jan_pump_ms.py"
loading script "jan_co2.py"
loading script "jan_pump_extraction_line.py"
testing...
no interpolation path defined
executed snippet estimated_duration=213.652928, duration=0.000202178955078
script duration name:unknown120_60 seconds:214.0
loading script "jan_unknown120_60.py"
loading script "jan_pump_ms.py"
loading script "jan_co2.py"
loading script "jan_pump_extraction_line.py"
testing...
no interpolation path defined
executed snippet estimated_duration=0, duration=2.59876251221e-05
loading script "jan_unknown120_60.py"
loading script "jan_pump_ms.py"
loading script "jan_co2.py"
loading script "jan_pump_extraction_line.py"
testing...
no interpolation path defined
calculate duration
testing...
no interpolation path defined
executed snippet estimated_duration=0, duration=5.79357147217e-05
calculate duration
testing...
no interpolation path defined
executed snippet estimated_duration=0, duration=9.3936920166e-05
executed snippet estimated_duration=0.0, duration=0.0026228427887
script duration name:co2 seconds:0.0
loading script "jan_unknown120_60.py"
loading script "jan_pump_ms.py"
loading script "jan_co2.py"
loading script "jan_pump_extraction_line.py"
testing...
no interpolation path defined
calculate duration
testing...
no interpolation path defined
executed snippet estimated_duration=4.0, duration=0.000156879425049
executed snippet estimated_duration=4.0, duration=0.00117206573486
Script duration 214.0
Run total estimated duration= 215.000
run duration: 0:03:35
doing event level: 2
09:15:37 -- Setting default integration. t=1.048576
setting integration time = 1.048576
SetIntegrationTime 1.048576 ===>> OK
----------------- start -----------------
**************** Experiment Type: Ar/Ar, Ar/Ar
create new session 5001404976
close session 5001404976
$$$$$ Clearing conditionals
adding conditionals 
Add queue conditionals
add default conditionals
adding default conditionals from /Users/jan/PychronDev/setupfiles/spectrometer/default_conditionals.yaml
Start automated run 65271-05G
loading script "jan_unknown120_60.py"
loading script "jan_pump_ms.py"
loading script "jan_co2.py"
loading script "jan_pump_extraction_line.py"
%%%%%%%%%%%%%%%%%% setting automated run 65271-05G
No value "sensitivity_multiplier" in metadata
$$$$$$$$$$$$$$$ auto_save_detector_ic=False
============================= Pre Extraction Check =============================
loading queue conditionals pre_run_terminations
loading system conditionals pre_run_terminations
loading conditionals from /Users/jan/PychronDev/setupfiles/spectrometer/default_conditionals.yaml
09:15:37 -- ******* Pre Extraction Check *******
Get a measurement from the spectrometer
GetData ===>> H2,-0.236831603149296,H1,-0.812239966459409,AX,-0.0733932548003213,L1,0.000272443100828397,L2,-0....
Pre Extraction Termination data. keys=H2,H1,AX,L1,L2,CDD, signals=-0.23683,-0.81224,-0.07339,0.00027,-0.06800,0.00000
09:15:37 -- testing system defined conditionals
Checking default pre extraction terminations n=2
testing CDD
evaluate ot="CDD.inactive" t="CDD", ctx="{'CDD': False}"
GetDeflection CDD ===>> 50
testing CDD==2000
evaluate ot="CDD.deflection==2000" t="CDD==2000", ctx="{'CDD': 50.0}"
09:15:37 -- ******* Pre Extraction Check Passed *******
=================================================================================
09:15:37 -- stopping status monitor
stop 4988822832
Alive clients [4997662672]
09:15:37 -- starting status monitor
start 4988822832
Monitor already running
start extraction
do extraction
Analysis started at 09:15:37.761612
Extraction Started jan_co2.py
09:15:37 -- ******* Extraction Started jan_co2.py *******
state changed from not run to extraction
DO EXTRACTION <pychron.extraction_line.pyscript_runner.RemotePyScriptRunner object at 0x12cde6950>
testing...
no interpolation path defined
calculate duration
testing...
no interpolation path defined
executed snippet estimated_duration=0, duration=5.10215759277e-05
calculate duration
testing...
no interpolation path defined
executed snippet estimated_duration=0, duration=9.51290130615e-05
executed snippet estimated_duration=100.0, duration=0.00254821777344
Jan CO2 laser analysis
doing GOSUB
testing...
no interpolation path defined
executed snippet estimated_duration=0, duration=4.19616699219e-05
Waiting for CO2 access
wait ('FelixCO2Flag', 0) {}
waiting for FelixCO2Flag = 0
Read FelixCO2Flag ===>> 0
finished waiting
CO2 free
wait ('CO2PumpTimeFlag', 0) {}
waiting for CO2PumpTimeFlag = 0
Read CO2PumpTimeFlag ===>> 0
finished waiting
acquire ('JanCO2Flag',) {'clear': True}
acquire JanCO2Flag
Set JanCO2Flag 1 ===>> OK
JanCO2Flag acquired
set extraction state False (0.75, 'red', 1.5)
CO2 acquired
executed snippet estimated_duration=0, duration=0.0204119682312
WaitForCO2Access.py completed successfully
gosub finished
doing GOSUB
testing...
no interpolation path defined
executed snippet estimated_duration=0, duration=9.41753387451e-05
Prepare for CO2 analysis
close () {'description': 'Jan Inlet'}
closing name=--- desc=Jan Inlet
checking ownership. requestor=129.138.12.150
check software interlocks R
interlocks []
actuate state mode=None-script, software_lock=False
doing actuation None-script close_channel False
Close R ===>> OK
GetIndicatorState R ===>> False
change switch state (True, True)
update switch state R False args=() kw={} ncanvase=2
09:15:38 -- CLOSE  VALVE-R (Jan Inlet)
---------------------------------------- close None (Jan Inlet) result=[(True, True)]
action=close, ok=True, locked=[False]
open () {'description': 'Jan Ion Pump'}
opening name=--- desc=Jan Ion Pump
checking ownership. requestor=129.138.12.150
check software interlocks O
interlocks []
actuate state mode=None-script, software_lock=False
doing actuation None-script open_channel False
Open O ===>> OK
GetIndicatorState O ===>> OK
change switch state (True, True)
update switch state O True args=() kw={} ncanvase=2
09:15:38 -- OPEN   VALVE-O (Jan Ion Pump)
---------------------------------------- open None (Jan Ion Pump) result=[(True, True)], time=0.12 sec
action=open, ok=True, locked=[False]
close () {'description': 'Microbone to Minibone'}
closing name=--- desc=Microbone to Minibone
checking ownership. requestor=129.138.12.150
check software interlocks L
interlocks []
actuate state mode=None-script, software_lock=False
doing actuation None-script close_channel False
Close L ===>> OK
GetIndicatorState L ===>> False
change switch state (True, True)
update switch state L False args=() kw={} ncanvase=2
09:15:39 -- CLOSE  VALVE-L (Microbone to Minibone)
---------------------------------------- close None (Microbone to Minibone) result=[(True, True)]
action=close, ok=True, locked=[False]
open () {'description': 'Microbone to Turbo'}
opening name=--- desc=Microbone to Turbo
checking ownership. requestor=129.138.12.150
check software interlocks U
interlocks []
actuate state mode=None-script, software_lock=False
doing actuation None-script open_channel False
Open U ===>> OK
GetIndicatorState U ===>> OK
change switch state (True, True)
update switch state U True args=() kw={} ncanvase=2
09:15:39 -- OPEN   VALVE-U (Microbone to Turbo)
---------------------------------------- open None (Microbone to Turbo) result=[(True, True)], time=0.14 sec
action=open, ok=True, locked=[False]
open () {'description': 'Microbone to Inlet Pipette'}
opening name=--- desc=Microbone to Inlet Pipette
checking ownership. requestor=129.138.12.150
check software interlocks S
interlocks []
actuate state mode=None-script, software_lock=False
doing actuation None-script open_channel False
Open S ===>> OK
GetIndicatorState S ===>> OK
change switch state (True, True)
update switch state S True args=() kw={} ncanvase=2
09:15:40 -- OPEN   VALVE-S (Microbone to Inlet Pipette)
---------------------------------------- open None (Microbone to Inlet Pipette) result=[(True, True)], time=0.43 sec
action=open, ok=True, locked=[False]
open () {'description': 'Microbone to Getter D-50'}
opening name=--- desc=Microbone to Getter D-50
checking ownership. requestor=129.138.12.150
check software interlocks K
interlocks []
actuate state mode=None-script, software_lock=False
doing actuation None-script open_channel False
Open K ===>> OK
GetIndicatorState K ===>> OK
change switch state (True, True)
update switch state K True args=() kw={} ncanvase=2
09:15:41 -- OPEN   VALVE-K (Microbone to Getter D-50)
---------------------------------------- open None (Microbone to Getter D-50) result=[(True, True)], time=0.44 sec
action=open, ok=True, locked=[False]
open () {'description': 'Microbone to Getter NP-10'}
opening name=--- desc=Microbone to Getter NP-10
checking ownership. requestor=129.138.12.150
check software interlocks M
interlocks []
actuate state mode=None-script, software_lock=False
doing actuation None-script open_channel False
Open M ===>> OK
GetIndicatorState M ===>> OK
change switch state (True, True)
update switch state M True args=() kw={} ncanvase=2
09:15:41 -- OPEN   VALVE-M (Microbone to Getter NP-10)
---------------------------------------- open None (Microbone to Getter NP-10) result=[(True, True)], time=0.15 sec
action=open, ok=True, locked=[False]
close () {'description': 'CO2 Laser to Felix'}
closing name=--- desc=CO2 Laser to Felix
checking ownership. requestor=129.138.12.150
check software interlocks F
interlocks []
actuate state mode=None-script, software_lock=True
VALVE-F(CO2 Laser to Felix) software locked
change switch state (True, False)
---------------------------------------- close None (CO2 Laser to Felix) result=[(True, False)]
action=close, ok=True, locked=[True]
open () {'description': 'CO2 Laser to Jan'}
opening name=--- desc=CO2 Laser to Jan
checking ownership. requestor=129.138.12.150
check software interlocks A
interlocks []
actuate state mode=None-script, software_lock=False
doing actuation None-script open_channel False
Open A ===>> OK
GetIndicatorState A ===>> OK
change switch state (True, True)
update switch state A True args=() kw={} ncanvase=2
09:15:41 -- OPEN   VALVE-A (CO2 Laser to Jan)
---------------------------------------- open None (CO2 Laser to Jan) result=[(True, True)], time=0.13 sec
action=open, ok=True, locked=[False]
open () {'description': 'Microbone to CO2 Laser'}
opening name=--- desc=Microbone to CO2 Laser
checking ownership. requestor=129.138.12.150
check software interlocks T
interlocks []
actuate state mode=None-script, software_lock=False
doing actuation None-script open_channel False
Open T ===>> OK
GetIndicatorState T ===>> OK
change switch state (True, True)
update switch state T True args=() kw={} ncanvase=2
09:15:42 -- OPEN   VALVE-T (Microbone to CO2 Laser)
---------------------------------------- open None (Microbone to CO2 Laser) result=[(True, True)], time=0.43 sec
action=open, ok=True, locked=[False]
executed snippet estimated_duration=0, duration=5.02086281776
PrepareForCO2Analysis.py completed successfully
gosub finished
set_motor ('beam', '') {}
setting motor "beam" to 
move_to_position ('',) {'autocenter': True}
move not required. position is None
sleep (5,) {}
SLEEP 5.0
block started
WaitControl setup for 5.0  
Join finished
block finished. duration 5.01981401443
close () {'description': 'Microbone to Turbo'}
closing name=--- desc=Microbone to Turbo
checking ownership. requestor=129.138.12.150
check software interlocks U
interlocks []
actuate state mode=None-script, software_lock=False
doing actuation None-script close_channel True
Close U ===>> OK
GetIndicatorState U ===>> False
change switch state (True, True)
update switch state U False args=() kw={} ncanvase=2
09:15:47 -- CLOSE  VALVE-U (Microbone to Turbo)
---------------------------------------- close None (Microbone to Turbo) result=[(True, True)]
action=close, ok=True, locked=[False]
enable laser
enable () {}
set extraction state FusionsCO2 Enabled (False, 'red', 1.5)
enabling laser
Enable ===>> OK
begin interval
BEGIN INTERVAL Interval 1 waiting for 30.0
block started
set extract to 0.45
WaitControl setup for 30.0  
extract (0.45,) {}
GetPosition ===>> 7.97560,3.98780,1.00000
set extraction state FusionsCO2 ON! 0.45(watts) (0.75, 'red', 1.5)
extract sample to 0.45 (watts)
set laser output
SetLaserOutput 0.45,watts ===>> OK
COMPLETE INTERVAL waiting for Interval 1 to complete
Join finished
block finished. duration 30.148663044
Interval 1 finished
end_extract () {}
ending extraction. set laser power to 0
set laser power 0
SetLaserPower 0 ===>> OK
disable () {}
%%%%%%%%%%%%%%%%%%%%%%%%%%%%%%%%%%% disable
set extraction state False (0.75, 'red', 1.5)
disabling laser
Disable ===>> OK
sleep (30.0,) {}
SLEEP 30.0
block started
WaitControl setup for 30.0  
Join finished
block finished. duration 30.1433529854
executed snippet estimated_duration=195.0, duration=71.3736720085
jan_co2.py completed successfully
GetAchievedOutput ===>> No Response
Requested Output= 0.000
Achieved Output=  0.000
GetResponseBlob ===>> No Response
GetOutputBlob ===>> No Response
persistence save...
persistence save - db
AutomatedRunPersister post_extraction_save deprecated
persistence save - dvc
no extraction position for 
create new session 4996344144
close session 4996344144
Extraction Finished
09:16:49 -- ******* Extraction Finished *******
no overlap. not waiting for min ms pumptime
09:16:49 -- Sending spectrometer configuration
======== Sending configuration ========
SetDeflection CDD,50.0 ===>> OK
SetDeflection H2,0.0 ===>> OK
SetDeflection H1,0.0 ===>> OK
SetDeflection L2,825.0 ===>> OK
SetDeflection L1,400.0 ===>> OK
SetDeflection AX,190.0 ===>> OK
SetZFocus 74.64 ===>> OK
SetZSymmetry -50.72 ===>> OK
SetExtractionLens 26.13 ===>> OK
SetIonRepeller -3.81 ===>> OK
SetElectronEnergy 75.08 ===>> OK
SetYSymmetry -2.81 ===>> OK
SetIonCounterVoltage 1590.0 ===>> OK
send trap current 200.0
GetParameter Trap Current Readback ===>> 198.258926936459
SetParameter Trap Current Set,200.0 ===>> OK
updating mftable name mftable
Using mftable located at /Users/jan/PychronDev/setupfiles/spectrometer/mftables/mftable.csv
============ MFtable ===========
Isotope  H2     H1     AX     L1     L2     CDD    
Ar40     5.8250 5.8785 5.9916 6.1649 6.2300 6.3931
Ar39     5.7242 5.7707 5.8841 6.0509 6.1151 6.2796
Ar36     5.4017 5.4397 5.5474 5.7098 5.7701 5.9307
================================
get initial guess parabolic
get initial guess parabolic
get initial guess parabolic
get initial guess parabolic
get initial guess parabolic
get initial guess parabolic
======== Configuration Finished ========
GetYSymmetry ===>> -2.81
GetZSymmetry ===>> -50.72
GetParameter Trap Current Readback ===>> 198.370811206739
GetHighVoltage ===>> 4500
start measurement
do measurement
L#=65271 analysis type=unknown
Measurement Started jan_unknown120_60.py
09:16:49 -- ******* Measurement Started jan_unknown120_60.py *******
state changed from extraction to measurement
setting spec, defl, and gains
GetExtractionLens ===>> 26.13
GetYSymmetry ===>> -2.81
GetZSymmetry ===>> -50.72
GetZFocus ===>> 74.64
GetDeflection H2 ===>> 0
GetDeflection H1 ===>> 0
GetDeflection AX ===>> 190
GetDeflection L1 ===>> 400
GetDeflection L2 ===>> 825
GetDeflection CDD ===>> 50
GetGain H2 ===>> 0.0113
GetGain H1 ===>> 0.99
GetGain AX ===>> 0.097049
GetGain L1 ===>> 0.010355
GetGain L2 ===>> 0.095649
GetGain CDD ===>> 0
pre measurement save
New frame /Users/jan/PychronDev/data/isotopes/82/7844ae-3488-45f2-bb7c-2881f9453079.h5
flush and close file /Users/jan/PychronDev/data/isotopes/82/7844ae-3488-45f2-bb7c-2881f9453079.h5
testing...
no interpolation path defined
executed snippet estimated_duration=226.132928, duration=0.000144958496094
unknown measurement script
activate_detectors ('H2', 'H1', 'AX', 'L1', 'L2', 'CDD') {}
activate detectors
*************** Set Analysis View Ar/Ar
create graphs
clearing graphs
clear isotope group
setting isotope det=H2, iso=PM41
setting isotope det=H1, iso=Ar40
setting isotope det=AX, iso=Ar39
setting isotope det=L1, iso=Ar38
setting isotope det=L2, iso=Ar37
setting isotope det=CDD, iso=Ar36
setting previous blanks
 - setting Ar40 blank 0.268+/-0.023
 - setting Ar36 blank 0.00342+/-0.00017
 - setting Ar37 blank 0.053+/-0.006
 - setting Ar38 blank 0.0060+/-0.0023
 - setting PM41 blank 0.01+/-0.07
 - setting Ar39 blank 0.004+/-0.008
load analysis view
position_magnet ('Ar40',) {'detector': 'H1'}
detector Detector(H1)
POSITION Ar40 H1
setting detector H2 to PM41 (40.9624)
setting detector H1 to Ar40 (39.9624)
setting detector AX to Ar39 (38.9624)
setting detector L1 to Ar38 (37.9624)
setting detector L2 to Ar37 (36.9624)
setting detector CDD to Ar36 (35.9624)
Mapping mass to dac mass func: "parabolic"
H1 map mass coeffs = [-0.00063987  0.15840543  0.57006999]
H1 map mass to dac 39.9624 >> 5.87846
GetDeflection H1 ===>> 0
GetHighVoltage ===>> 4500
positioning Ar40 (5.87846) on H1
setting magnet DAC
current  : 5.239116
requested: 5.878460
Delta Dac: 0.639344
Checking detector protection. dv=0.63934
Checking detector "CDD". Protection Threshold: 0.1 (V)
ProtectDetector CDD,On ===>> OK
GetDeflection CDD ===>> 2000
Protected = 2000
SetMagnetDAC 5.87846 ===>> OK
Magnet settling time: 0.500
GetMagnetMoving ===>> True
GetMagnetMoving ===>> True
GetMagnetMoving ===>> True
GetMagnetMoving ===>> True
GetMagnetMoving ===>> True
GetMagnetMoving ===>> True
GetMagnetMoving ===>> True
GetMagnetMoving ===>> True
GetMagnetMoving ===>> False
ProtectDetector CDD,Off ===>> OK
GetDeflection CDD ===>> 50
equilibrate () {'delay': 3, 'inlet': 'R', 'outlet': 'O', 'eqtime': 12.0}
Equilibration Started
09:16:53 -- ******* Equilibration Started *******
checking ownership. requestor=129.138.12.150
check software interlocks O
interlocks []
actuate state mode=None-script, software_lock=False
doing actuation None-script close_channel True
Close O ===>> OK
GetIndicatorState O ===>> False
change switch state (True, True)
update switch state O False args=() kw={} ncanvase=2
09:16:53 -- CLOSE  VALVE-O (Jan Ion Pump)
waiting 3s before opening inlet value ('R',)
update labels <pychron.experiment.plot_panel.PlotPanel object at 0x161a6ac50>
update labels "<pychron.graph.stacked_regression_graph.StackedRegressionGraph object at 0x1766fff50>"
setting label 0 H2 PM41
setting label 1 H1 Ar40
setting label 2 AX Ar39
setting label 3 L1 Ar38
setting label 4 L2 Ar37
setting label 5 CDD Ar36
update labels "<pychron.graph.stacked_graph.StackedGraph object at 0x152035c50>"
setting label 0 H2 PM41
setting label 1 H1 Ar40
setting label 2 AX Ar39
setting label 3 L1 Ar38
setting label 4 L2 Ar37
setting label 5 CDD Ar36
checking ownership. requestor=129.138.12.150
check software interlocks R
interlocks []
actuate state mode=None-script, software_lock=False
doing actuation None-script open_channel True
Open R ===>> OK
GetIndicatorState R ===>> OK
change switch state (True, True)
update switch state R True args=() kw={} ncanvase=2
09:16:56 -- OPEN   VALVE-R (Jan Inlet)
set_time_zero () {}
equilibrating for 12.0sec
sniff (12.0,) {}
py_sniff
build tables- sniff [Detector(H2), Detector(H1), Detector(AX), Detector(L1), Detector(L2), Detector(CDD)]
add group /sniff/PM41 (Group) '' table H2
add group /sniff/Ar40 (Group) '' table H1
add group /sniff/Ar39 (Group) '' table AX
add group /sniff/Ar38 (Group) '' table L1
add group /sniff/Ar37 (Group) '' table L2
add group /sniff/Ar36 (Group) '' table CDD
flush and close file /Users/jan/PychronDev/data/isotopes/82/7844ae-3488-45f2-bb7c-2881f9453079.h5
measuring sniff. ncounts=12.0
"sniff" increment series count="1" fit count="0" regressing="False"
starting measurement
check iteration duration=2.00271606445e-05
GetData ===>> H2,-0.189765332732308,H1,-0.429009635566599,AX,-0.125520262561998,L1,0.0142221331620441,L2,0.0608...
check iteration duration=1.50203704834e-05
GetData ===>> H2,0.710145896320595,H1,0.218603152131228,AX,0.938680541053788,L1,0.0857506809060483,L2,0.2901850...
check iteration duration=2.78949737549e-05
GetData ===>> H2,0.610774155191854,H1,-0.0623639379042613,AX,0.403931722232185,L1,0.188599105466251,L2,0.137263...
check iteration duration=2.78949737549e-05
GetData ===>> H2,0.294797030502424,H1,0.183713636460743,AX,0.163195137987474,L1,0.174205560849829,L2,0.05534015...
check iteration duration=2.78949737549e-05
GetData ===>> H2,0.0647862008115305,H1,-0.063070969156306,AX,0.0471457899293517,L1,0.0676472071188101,L2,0.0960...
check iteration duration=3.00407409668e-05
GetData ===>> H2,-0.0334576828988783,H1,0.259505604113793,AX,0.0664108803770277,L1,0.0239607370012859,L2,0.1000...
check iteration duration=3.2901763916e-05
GetData ===>> H2,-0.0816956271028496,H1,0.178173860367288,AX,-0.0430753603621135,L1,0.0281962359303892,L2,-1.13...
check iteration duration=1.78813934326e-05
GetData ===>> H2,-0.130196902317861,H1,0.0614921691824673,AX,-0.0411040803570756,L1,0.0253931004831552,L2,0.063...
check iteration duration=0.000193119049072
GetData ===>> H2,-0.0996249291453894,H1,0.253022393738221,AX,0.00909584156429837,L1,0.0399384754064986,L2,0.034...
check iteration duration=1.59740447998e-05
GetData ===>> H2,-0.0298640827063993,H1,0.102741699149885,AX,-0.0434464203681363,L1,-0.0113507108142874,L2,0.03...
check iteration duration=6.89029693604e-05
GetData ===>> H2,0.0926683046516214,H1,0.42761240241058,AX,-0.0559224895275735,L1,-0.00533089660962172,L2,0.006...
Equilibration Finished
09:17:08 -- ******* Equilibration Finished *******
checking ownership. requestor=129.138.12.150
check software interlocks R
interlocks []
actuate state mode=None-script, software_lock=False
doing actuation None-script close_channel True
check iteration duration=4.2200088501e-05
GetData ===>> H2,0.0169991377020543,H1,0.250075493978666,AX,0.0346232899331807,L1,0.0592992863410007,L2,0.03439...
Close R ===>> OK
set states for children of R. state=False
handle state [('R', False)]
update switch state R False args=() kw={'refresh': False} ncanvase=2
refresh_canvas_needed fired
GetIndicatorState R ===>> False
change switch state (True, True)
update switch state R False args=() kw={} ncanvase=2
09:17:09 -- CLOSE  VALVE-R (Jan Inlet)
Post Equilibration Started jan_pump_extraction_line.py
09:17:09 -- ******* Post Equilibration Started jan_pump_extraction_line.py *******
testing...
no interpolation path defined
calculate duration
testing...
no interpolation path defined
executed snippet estimated_duration=4.0, duration=0.000150918960571
executed snippet estimated_duration=4.0, duration=0.00156593322754
Pump after analysis
doing GOSUB
testing...
no interpolation path defined
executed snippet estimated_duration=4.0, duration=0.000138998031616
Pump Microbone
close () {'description': 'Jan Inlet'}
closing name=--- desc=Jan Inlet
checking ownership. requestor=129.138.12.150
check software interlocks R
interlocks []
actuate state mode=None-script, software_lock=False
doing actuation None-script close_channel False
check iteration duration=7.70092010498e-05
waiting for write to finish
Close R ===>> OK
measurement finished
estimated time: 12.583 actual time: :12.684
flush and close file /Users/jan/PychronDev/data/isotopes/82/7844ae-3488-45f2-bb7c-2881f9453079.h5
set_fits () {}
using default fits file=/Users/jan/PychronDev/scripts/measurement/fits/nominal_linear.yaml
set "Ar40" to "('Linear', 'SEM')"
No fit for "PM41". defaulting to linear. check the measurement script "jan_unknown120_60.py"
set "PM41" to "linear"
set "Ar36" to "('Linear', 'SEM')"
set "Ar37" to "('linear', 'SEM')"
set "Ar38" to "('linear', 'SEM')"
set "Ar39" to "('Linear', 'SEM')"
set_baseline_fits () {}
using default fits file=/Users/jan/PychronDev/scripts/measurement/fits/nominal_linear.yaml
GetIndicatorState R ===>> False
set "H1" to "('average', 'SEM')"
change switch state (True, True)
set "H2" to "('average', 'SEM')"
update switch state R False args=() kw={} ncanvase=2
set "CDD" to "('average', 'SEM')"
set "L2" to "('average', 'SEM')"
set "L1" to "('average', 'SEM')"
set "AX" to "('average', 'SEM')"
09:17:09 -- CLOSE  VALVE-R (Jan Inlet)
multicollect () {'integration_time': 1, 'ncounts': 120}
---------------------------------------- close None (Jan Inlet) result=[(True, True)]
build tables- signal [Detector(H2), Detector(H1), Detector(AX), Detector(L1), Detector(L2), Detector(CDD)]
add group /signal/PM41 (Group) '' table H2
add group /signal/Ar40 (Group) '' table H1
add group /signal/Ar39 (Group) '' table AX
add group /signal/Ar38 (Group) '' table L1
add group /signal/Ar37 (Group) '' table L2
add group /signal/Ar36 (Group) '' table CDD
flush and close file /Users/jan/PychronDev/data/isotopes/82/7844ae-3488-45f2-bb7c-2881f9453079.h5
measuring signal. ncounts=120
action=close, ok=True, locked=[False]
is_closed ('F',) {}
is F () closed?
is closed True
open () {'description': 'CO2 Laser to Jan'}
opening name=--- desc=CO2 Laser to Jan
checking ownership. requestor=129.138.12.150
check software interlocks A
interlocks []
actuate state mode=None-script, software_lock=False
doing actuation None-script open_channel False
Open A ===>> OK
GetIndicatorState A ===>> OK
change switch state (True, True)
update switch state A True args=() kw={} ncanvase=2
09:17:10 -- OPEN   VALVE-A (CO2 Laser to Jan)
---------------------------------------- open None (CO2 Laser to Jan) result=[(True, True)], time=0.15 sec
"signal" increment series count="2" fit count="1" regressing="True"
starting measurement
check iteration duration=5.19752502441e-05
GetData ===>> H2,0.11749946395224,H1,0.209762786819317,AX,0.066155731927327,L1,0.0135749882376654,L2,0.03952378...
action=open, ok=True, locked=[False]
sleep (1,) {}
SLEEP 1.0
check iteration duration=8.39233398438e-05
GetData ===>> H2,0.0254112916435114,H1,0.145525171969141,AX,-0.0755029823271985,L1,0.0191268974132198,L2,0.0621...
close () {'description': 'CO2 Laser to Roughing'}
closing name=--- desc=CO2 Laser to Roughing
checking ownership. requestor=129.138.12.150
check software interlocks G
interlocks []
actuate state mode=None-script, software_lock=True
VALVE-G(CO2 Laser to Roughing) software locked
change switch state (True, False)
---------------------------------------- close None (CO2 Laser to Roughing) result=[(True, False)]
action=close, ok=True, locked=[True]
open () {'description': 'Microbone to Turbo'}
opening name=--- desc=Microbone to Turbo
checking ownership. requestor=129.138.12.150
check software interlocks U
interlocks []
actuate state mode=None-script, software_lock=False
doing actuation None-script open_channel True
Open U ===>> OK
GetIndicatorState U ===>> OK
change switch state (True, True)
update switch state U True args=() kw={} ncanvase=2
09:17:11 -- OPEN   VALVE-U (Microbone to Turbo)
---------------------------------------- open None (Microbone to Turbo) result=[(True, True)], time=0.18 sec
action=open, ok=True, locked=[False]
open () {'description': 'Microbone to Getter NP-10'}
opening name=--- desc=Microbone to Getter NP-10
checking ownership. requestor=129.138.12.150
check software interlocks M
interlocks []
actuate state mode=None-script, software_lock=False
doing actuation None-script open_channel False
Open M ===>> OK
GetIndicatorState M ===>> OK
change switch state (True, True)
update switch state M True args=() kw={} ncanvase=2
09:17:12 -- OPEN   VALVE-M (Microbone to Getter NP-10)
---------------------------------------- open None (Microbone to Getter NP-10) result=[(True, True)], time=0.16 sec
action=open, ok=True, locked=[False]
open () {'description': 'Microbone to Getter D-50'}
opening name=--- desc=Microbone to Getter D-50
checking ownership. requestor=129.138.12.150
check software interlocks K
interlocks []
actuate state mode=None-script, software_lock=False
doing actuation None-script open_channel False
check iteration duration=7.20024108887e-05
GetData ===>> H2,-0.162127249783028,H1,0.302413740400159,AX,-0.0544152426980098,L1,-0.0173089312965912,L2,0.054...
Open K ===>> OK
GetIndicatorState K ===>> OK
change switch state (True, True)
update switch state K True args=() kw={} ncanvase=2
09:17:12 -- OPEN   VALVE-K (Microbone to Getter D-50)
---------------------------------------- open None (Microbone to Getter D-50) result=[(True, True)], time=0.45 sec
action=open, ok=True, locked=[False]
open () {'description': 'Microbone to CO2 Laser'}
opening name=--- desc=Microbone to CO2 Laser
checking ownership. requestor=129.138.12.150
check software interlocks T
interlocks []
actuate state mode=None-script, software_lock=False
doing actuation None-script open_channel False
Open T ===>> OK
GetIndicatorState T ===>> OK
change switch state (True, True)
update switch state T True args=() kw={} ncanvase=2
09:17:13 -- OPEN   VALVE-T (Microbone to CO2 Laser)
---------------------------------------- open None (Microbone to CO2 Laser) result=[(True, True)], time=0.42 sec
check iteration duration=7.00950622559e-05
GetData ===>> H2,-0.258881669552091,H1,0.393304978212,AX,0.0141891932813691,L1,-0.0198666572396694,L2,0.0518049...
action=open, ok=True, locked=[False]
open () {'description': 'Microbone to Inlet Pipette'}
opening name=--- desc=Microbone to Inlet Pipette
checking ownership. requestor=129.138.12.150
check software interlocks S
interlocks []
actuate state mode=None-script, software_lock=False
doing actuation None-script open_channel False
Open S ===>> OK
GetIndicatorState S ===>> OK
change switch state (True, True)
update switch state S True args=() kw={} ncanvase=2
09:17:14 -- OPEN   VALVE-S (Microbone to Inlet Pipette)
---------------------------------------- open None (Microbone to Inlet Pipette) result=[(True, True)], time=0.44 sec
action=open, ok=True, locked=[False]
sleep (1,) {}
SLEEP 1.0
testing H1>-5.0
evaluate ot="H1.bs>-5.0" t="H1>-5.0", ctx="{'H1': None}"
check iteration duration=0.000926971435547
GetData ===>> H2,-0.194456343945614,H1,0.332709891727637,AX,0.0318961749732973,L1,-0.0147169667338542,L2,0.0536...
set_resource () {'name': 'CO2PumpTimeFlag', 'value': 30}
Set CO2PumpTimeFlag 30 ===>> OK
release ('JanCO2Flag',) {}
release JanCO2Flag
Set JanCO2Flag 0 ===>> OK
executed snippet estimated_duration=6.0, duration=6.04246497154
PumpMicrobone.py completed successfully
gosub finished
get_resource_value () {'name': 'JanMiniboneFlag'}
Read JanMiniboneFlag ===>> 0
Get Resource Value JanMiniboneFlag=0.0
get resource value 0.0
get_resource_value () {'name': 'JanMiniboneFlag'}
Read JanMiniboneFlag ===>> 0
Get Resource Value JanMiniboneFlag=0.0
executed snippet estimated_duration=4.0, duration=6.05379414558
jan_pump_extraction_line.py completed successfully
Post Equilibration Finished
09:17:15 -- ******* Post Equilibration Finished *******
check iteration duration=6.69956207275e-05
GetData ===>> H2,-0.14126210950032,H1,0.188546232434595,AX,-0.0809161947909704,L1,-0.0256116747515917,L2,0.1066...
check iteration duration=3.81469726562e-05
GetData ===>> H2,-0.160970000070305,H1,0.245949849065006,AX,-0.0889021617828197,L1,-0.02570873531987,L2,0.04950...
check iteration duration=6.19888305664e-05
GetData ===>> H2,-0.208936233140179,H1,0.387999812651206,AX,-0.0962616525675075,L1,-0.0233634419556144,L2,0.014...
check iteration duration=8.29696655273e-05
GetData ===>> H2,-0.205354621691329,H1,0.358998743813437,AX,-0.167021581285408,L1,-0.00320631403692654,L2,-0.02...
testing H1>-5.0
evaluate ot="H1.bs>-5.0" t="H1>-5.0", ctx="{'H1': None}"
check iteration duration=0.000952959060669
GetData ===>> H2,-0.0906844662074634,H1,0.447301392826186,AX,-0.101372404454733,L1,0.000534088468026497,L2,-0.0...
check iteration duration=7.79628753662e-05
GetData ===>> H2,-0.122412188057275,H1,0.491396721074149,AX,-0.0890644242740453,L1,0.00117502831856664,L2,0.028...
check iteration duration=6.79492950439e-05
GetData ===>> H2,-0.101750318462229,H1,0.282845513316928,AX,-0.00197170787740455,L1,-0.0614358534754903,L2,0.02...
check iteration duration=8.60691070557e-05
GetData ===>> H2,-0.126237613301102,H1,0.320096206254559,AX,-0.121476725267818,L1,-0.0594496860100728,L2,0.0022...
check iteration duration=7.60555267334e-05
GetData ===>> H2,-0.17251829515285,H1,0.547285068267197,AX,-0.113702002233519,L1,-0.0561189825623696,L2,0.05629...
testing H1>-5.0
evaluate ot="H1.bs>-5.0" t="H1>-5.0", ctx="{'H1': None}"
check iteration duration=0.000576019287109
GetData ===>> H2,-0.137713910492155,H1,0.504602121604919,AX,-0.100004927989291,L1,-0.0396312667892113,L2,-0.015...
check iteration duration=4.6968460083e-05
GetData ===>> H2,-0.167558127646962,H1,0.0837667016958736,AX,-0.153098709820611,L1,-0.0274532692580976,L2,0.045...
check iteration duration=8.41617584229e-05
GetData ===>> H2,-0.179461201161302,H1,0.386349322501574,AX,-0.0699039896572723,L1,-0.0667869778091269,L2,-0.01...
check iteration duration=6.31809234619e-05
GetData ===>> H2,-0.10795634532536,H1,0.337307443253303,AX,-0.122195073683342,L1,-0.0539705555656126,L2,0.09146...
check iteration duration=7.29560852051e-05
GetData ===>> H2,-0.20952632211927,H1,0.569334715141013,AX,0.0248176373082433,L1,0.00621198970580656,L2,0.04283...
testing H1>-5.0
evaluate ot="H1.bs>-5.0" t="H1>-5.0", ctx="{'H1': None}"
check iteration duration=0.00062108039856
GetData ===>> H2,-0.202917723017274,H1,0.417473314700306,AX,0.0301206901205936,L1,-0.0231704731872802,L2,-0.058...
check iteration duration=6.89029693604e-05
GetData ===>> H2,-0.157201705556476,H1,0.157075848281983,AX,-0.0300293827792196,L1,-0.0324192203306944,L2,-0.04...
check iteration duration=8.9168548584e-05
GetData ===>> H2,-0.144343073309089,H1,0.338486306060595,AX,0.0319077795559816,L1,-0.0467687581969091,L2,0.0101...
check iteration duration=8.20159912109e-05
GetData ===>> H2,-0.157000424474045,H1,0.707539416893167,AX,-0.0666116779202214,L1,-0.0394959155978037,L2,0.133...
check iteration duration=5.79357147217e-05
GetData ===>> H2,-0.110075237131329,H1,0.43162090761133,AX,-0.158953282454788,L1,-0.0169839228394105,L2,-0.0796...
testing H1>-5.0
evaluate ot="H1.bs>-5.0" t="H1>-5.0", ctx="{'H1': None}"
check iteration duration=0.000888824462891
09:17:35 -- collecting point 25
GetData ===>> H2,-0.13821410478936,H1,0.48455827936401,AX,-0.0250888494198254,L1,-0.02179681213096,L2,-0.004946...
check iteration duration=6.89029693604e-05
GetData ===>> H2,-0.304343575416658,H1,0.531720907537246,AX,-3.43975220836854E-05,L1,-0.0201951693780667,L2,-0....
check iteration duration=3.60012054443e-05
GetData ===>> H2,-0.278398407950006,H1,0.473239583165746,AX,-0.0372425749841477,L1,-0.0522360872421331,L2,0.033...
check iteration duration=5.91278076172e-05
GetData ===>> H2,-0.120468556685339,H1,0.491043007412609,AX,-0.108661425053865,L1,-0.0148717117246273,L2,-0.019...
check iteration duration=5.00679016113e-05
GetData ===>> H2,-0.0773691490948692,H1,0.243356595355456,AX,-0.0422288744281873,L1,-0.0106290027272768,L2,0.03...
testing H1>-5.0
evaluate ot="H1.bs>-5.0" t="H1>-5.0", ctx="{'H1': None}"
check iteration duration=0.00137996673584
GetData ===>> H2,-0.168458297578809,H1,0.502126095577949,AX,-0.0463684684761355,L1,-0.0093305171758813,L2,0.038...
check iteration duration=4.19616699219e-05
GetData ===>> H2,-0.206785785353738,H1,0.320567743004286,AX,-0.000765243682336226,L1,-0.033584294498833,L2,0.12...
check iteration duration=6.19888305664e-05
GetData ===>> H2,-0.244603257073402,H1,0.595394022337017,AX,-0.0396082000599006,L1,-0.0445625562963423,L2,0.165...
check iteration duration=6.91413879395e-05
GetData ===>> H2,-0.265782046224602,H1,0.433389370952118,AX,-0.0982897608433216,L1,-0.0647408743917292,L2,0.015...
check iteration duration=6.38961791992e-05
GetData ===>> H2,-0.2424420369521,H1,0.707421486563325,AX,-0.0384253947098268,L1,-0.0272879349293471,L2,-0.0751...
testing H1>-5.0
evaluate ot="H1.bs>-5.0" t="H1>-5.0", ctx="{'H1': None}"
check iteration duration=0.000586986541748
GetData ===>> H2,-0.162624142214229,H1,0.697633318149891,AX,-4.59982976266126E-05,L1,0.0252057721662234,L2,0.02...
check iteration duration=5.10215759277e-05
GetData ===>> H2,-0.218122803512567,H1,0.361238633465393,AX,0.0466815350456817,L1,-0.0368615945269671,L2,0.0770...
check iteration duration=3.79085540771e-05
GetData ===>> H2,-0.287659921059654,H1,0.509082565406707,AX,-0.0195217507609185,L1,-0.02179681213096,L2,0.01757...
check iteration duration=3.91006469727e-05
GetData ===>> H2,-0.21824542164516,H1,0.789150576188969,AX,-0.0138731398016876,L1,-0.0188055137262672,L2,0.1165...
check iteration duration=8.29696655273e-05
GetData ===>> H2,-0.131157974994264,H1,0.570631768496972,AX,-0.117247631088723,L1,0.0230269512764952,L2,-0.0328...
testing H1>-5.0
evaluate ot="H1.bs>-5.0" t="H1>-5.0", ctx="{'H1': None}"
check iteration duration=0.000582933425903
GetData ===>> H2,-0.178045488324049,H1,0.51851514500313,AX,-0.113933746628677,L1,0.0172579055655773,L2,-0.01989...
check iteration duration=8.60691070557e-05
GetData ===>> H2,-0.131149858865274,H1,0.48455827936401,AX,-0.111060077109022,L1,0.00667509392952029,L2,0.07898...
check iteration duration=4.50611114502e-05
GetData ===>> H2,-0.106049969977751,H1,0.648693928620093,AX,0.00256421104442704,L1,0.0115041636511847,L2,0.0432...
check iteration duration=0.0001060962677
GetData ===>> H2,-0.116347552785854,H1,0.82759978459597,AX,0.00169413348670562,L1,-0.0391006317722853,L2,0.0352...
check iteration duration=3.60012054443e-05
GetData ===>> H2,-0.160417665372898,H1,0.699756045244811,AX,0.024852448529264,L1,-0.0386741869402673,L2,-0.0001...
testing H1>-5.0
evaluate ot="H1.bs>-5.0" t="H1>-5.0", ctx="{'H1': None}"
check iteration duration=0.000782012939453
GetData ===>> H2,-0.150054155021685,H1,0.634189466193649,AX,-0.0954272186015474,L1,-0.0379985462891042,L2,0.092...
check iteration duration=3.69548797607e-05
GetData ===>> H2,-0.221927388252027,H1,0.69610024030216,AX,0.0686260609253477,L1,-0.0343014724026455,L2,0.02371...
check iteration duration=7.39097595215e-05
GetData ===>> H2,-0.259022776725157,H1,0.731833364653196,AX,-0.150490123376349,L1,-0.0113495120065514,L2,-0.068...
check iteration duration=6.103515625e-05
GetData ===>> H2,-0.31561475913801,H1,0.741975674689977,AX,-0.0367903165840201,L1,-0.0165989361394267,L2,0.0362...
check iteration duration=4.48226928711e-05
GetData ===>> H2,-0.219734249983964,H1,0.62204361653516,AX,0.0564257967693362,L1,-0.011544915781655,L2,0.030504...
testing H1>-5.0
evaluate ot="H1.bs>-5.0" t="H1>-5.0", ctx="{'H1': None}"
check iteration duration=0.00139498710632
09:18:02 -- collecting point 50
GetData ===>> H2,-0.188145943255136,H1,0.859209455379271,AX,-0.072848427622641,L1,0.00853852375479115,L2,-0.025...
check iteration duration=3.81469726562e-05
GetData ===>> H2,-0.22148556170179,H1,0.89904612637723,AX,-0.0544732141615799,L1,-0.00278998248073917,L2,0.0062...
check iteration duration=6.50882720947e-05
GetData ===>> H2,-0.262423366721413,H1,0.610015834694873,AX,-0.0520847612622478,L1,-0.0259196291283276,L2,0.026...
check iteration duration=4.29153442383e-05
GetData ===>> H2,-0.184994144008672,H1,0.731007832365587,AX,-0.0775662979705161,L1,-0.0471409995186973,L2,0.061...
check iteration duration=8.01086425781e-05
GetData ===>> H2,-0.113613822977106,H1,0.643151547955259,AX,0.0071235445969364,L1,-0.00745503092143688,L2,0.058...
testing H1>-5.0
evaluate ot="H1.bs>-5.0" t="H1>-5.0", ctx="{'H1': None}"
check iteration duration=0.00124883651733
GetData ===>> H2,-0.180265473939128,H1,0.838686643694615,AX,0.0419578674560469,L1,-0.0100331349570913,L2,0.0836...
check iteration duration=5.88893890381e-05
GetData ===>> H2,-0.252866175556677,H1,0.91636886418484,AX,-0.0850425527568181,L1,0.0350343982209813,L2,0.04335...
check iteration duration=7.00950622559e-05
GetData ===>> H2,-0.311041100441611,H1,-1.28541166803415,AX,-0.0516093825738261,L1,0.00617719776126659,L2,-0.06...
check iteration duration=9.60826873779e-05
GetData ===>> H2,-0.129437323356033,H1,0.830548405208725,AX,-0.0816000695853898,L1,0.00805493479690754,L2,0.034...
check iteration duration=8.58306884766e-05
GetData ===>> H2,-0.22253217769051,H1,1.01583317398342,AX,-0.0449306462445262,L1,-0.0204241623702606,L2,0.05580...
testing H1>-5.0
evaluate ot="H1.bs>-5.0" t="H1>-5.0", ctx="{'H1': None}"
check iteration duration=0.000638961791992
GetData ===>> H2,-0.127872051934193,H1,1.02844369991331,AX,-0.0590876318822668,L1,-0.0214383827949805,L2,-0.011...
check iteration duration=6.38961791992e-05
GetData ===>> H2,-0.150564608365044,H1,0.750938732890057,AX,-0.0642003366825259,L1,0.00333700081460797,L2,0.058...
check iteration duration=9.48905944824e-05
GetData ===>> H2,-0.271781616637287,H1,0.920257683743134,AX,-0.102276319024174,L1,0.0211764603433797,L2,0.09528...
check iteration duration=9.48905944824e-05
GetData ===>> H2,-0.285564608962954,H1,1.04494369616827,AX,-0.0383558174768575,L1,0.0199389838737452,L2,0.11208...
check iteration duration=6.5803527832e-05
GetData ===>> H2,-0.103660122188686,H1,0.973052867523437,AX,0.0379075340210176,L1,-0.0165809457464686,L2,-0.018...
testing H1>-5.0
evaluate ot="H1.bs>-5.0" t="H1>-5.0", ctx="{'H1': None}"
check iteration duration=0.00115299224854
GetData ===>> H2,-0.131631405806504,H1,0.920964743486588,AX,-0.0579746265262525,L1,-0.0392551536639533,L2,0.038...
check iteration duration=7.70092010498e-05
GetData ===>> H2,-0.240456741161563,H1,0.721927022663059,AX,-0.0511919749814741,L1,-0.00694172953570606,L2,0.03...
check iteration duration=5.31673431396e-05
GetData ===>> H2,-0.145046983100764,H1,1.05060090107858,AX,-0.0174804014659513,L1,-0.00611295640161636,L2,0.057...
check iteration duration=6.89029693604e-05
GetData ===>> H2,-0.276832542970819,H1,1.08336618228977,AX,0.0132145905582567,L1,0.0148537098366171,L2,-0.06111...
check iteration duration=3.50475311279e-05
GetData ===>> H2,-0.190971971075363,H1,0.961150135943617,AX,0.0430488170136857,L1,-0.00789635324286552,L2,-0.01...
testing H1>-5.0
evaluate ot="H1.bs>-5.0" t="H1>-5.0", ctx="{'H1': None}"
check iteration duration=0.000994205474854
GetData ===>> H2,-0.114167388734924,H1,1.08643061658665,AX,0.018157319391057,L1,-0.0162427203718756,L2,-0.07640...
check iteration duration=6.07967376709e-05
GetData ===>> H2,-0.116929400417793,H1,0.884551823701548,AX,-0.115150395646202,L1,-0.0526296583953387,L2,0.0312...
check iteration duration=8.32080841064e-05
GetData ===>> H2,-0.178027942631334,H1,1.07759092806408,AX,-0.0305048668912746,L1,-0.0491384191305564,L2,0.0147...
check iteration duration=9.91821289062e-05
GetData ===>> H2,-0.249128905752441,H1,0.950661708965948,AX,-0.0946507250103753,L1,-0.0711755448122077,L2,0.006...
check iteration duration=7.29560852051e-05
GetData ===>> H2,-0.249034751995634,H1,1.16351604712172,AX,-0.0175963883685579,L1,-0.0166001354978153,L2,-0.011...
testing H1>-5.0
evaluate ot="H1.bs>-5.0" t="H1>-5.0", ctx="{'H1': None}"
check iteration duration=0.000566959381104
09:18:28 -- collecting point 75
GetData ===>> H2,-0.183374071776295,H1,0.881148104126897,AX,-0.0281158256717881,L1,-0.00520734479722498,L2,0.02...
check iteration duration=5.10215759277e-05
GetData ===>> H2,-0.159329122595685,H1,0.869353071221675,AX,0.0238081173147311,L1,0.0210815417205417,L2,-0.0266...
check iteration duration=7.89165496826e-05
GetData ===>> H2,-0.16198276881896,H1,1.08760924768916,AX,0.0153030369127791,L1,-0.00222364794524901,L2,-0.0642...
check iteration duration=4.50611114502e-05
GetData ===>> H2,-0.186743453756427,H1,0.244181720798447,AX,-0.0573601493651787,L1,-0.022447706329844,L2,-0.033...
check iteration duration=3.91006469727e-05
GetData ===>> H2,-0.0983373184351145,H1,1.1356985937843,AX,0.00221617908807677,L1,-0.0245559307840863,L2,-0.003...
testing H1>-5.0
evaluate ot="H1.bs>-5.0" t="H1>-5.0", ctx="{'H1': None}"
check iteration duration=0.000597953796387
GetData ===>> H2,-0.0876042630558081,H1,1.14465667136225,AX,-0.029205977968766,L1,-0.00861106248356907,L2,0.012...
check iteration duration=8.89301300049e-05
GetData ===>> H2,-0.223134241042955,H1,1.12249736410699,AX,0.018180525282584,L1,0.00935455775545945,L2,0.053629...
check iteration duration=6.89029693604e-05
GetData ===>> H2,-0.247541637457296,H1,1.08313045696791,AX,0.0291575321462936,L1,-0.0255325876700521,L2,-0.0255...
check iteration duration=7.70092010498e-05
GetData ===>> H2,-0.261277583577249,H1,1.02561515675188,AX,-0.087557690730815,L1,-0.0606761309983962,L2,-0.0468...
check iteration duration=6.69956207275e-05
GetData ===>> H2,-0.313548124750742,H1,1.13027663885513,AX,-0.128903264913543,L1,-0.00684698179231477,L2,0.0745...
testing H1>-5.0
evaluate ot="H1.bs>-5.0" t="H1>-5.0", ctx="{'H1': None}"
check iteration duration=0.000578880310059
GetData ===>> H2,-0.247647910695357,H1,1.13605220057217,AX,0.00243659918263703,L1,0.0279415916219587,L2,0.00860...
check iteration duration=3.71932983398e-05
GetData ===>> H2,-0.186398198918956,H1,1.30532648993994,AX,-0.104281125214741,L1,0.00983460863312693,L2,0.04960...
check iteration duration=9.29832458496e-05
GetData ===>> H2,-0.188164821736136,H1,1.11507174980427,AX,-0.0465771828409044,L1,-0.0214287925369854,L2,-0.014...
check iteration duration=3.50475311279e-05
GetData ===>> H2,-0.241596814699769,H1,1.13334121842544,AX,-0.0892962273635541,L1,-0.0445314289841915,L2,0.0039...
check iteration duration=7.70092010498e-05
GetData ===>> H2,-0.242392240579669,H1,1.25605006724494,AX,-0.112276762065625,L1,-0.0392611428367368,L2,-0.0439...
testing H1>-5.0
evaluate ot="H1.bs>-5.0" t="H1>-5.0", ctx="{'H1': None}"
check iteration duration=0.00117111206055
GetData ===>> H2,-0.225037196830062,H1,1.26996038778048,AX,-0.0325459430322883,L1,-0.00913866761928654,L2,-0.03...
check iteration duration=7.48634338379e-05
GetData ===>> H2,-0.286085787087407,H1,0.876548024569107,AX,-0.0632612885922563,L1,0.00443316971333164,L2,0.002...
check iteration duration=6.41345977783e-05
GetData ===>> H2,-0.258305127625331,H1,1.04765443615209,AX,-0.0593311001069554,L1,-0.0108052385474069,L2,-0.015...
check iteration duration=5.98430633545e-05
GetData ===>> H2,-0.265107163692732,H1,1.42451956106255,AX,0.0192247961286088,L1,0.0254327280731063,L2,-0.00845...
check iteration duration=6.48498535156e-05
GetData ===>> H2,-0.173600175882136,H1,1.25546065120129,AX,-0.0261790356221963,L1,0.0264198655722651,L2,0.01012...
testing H1>-5.0
evaluate ot="H1.bs>-5.0" t="H1>-5.0", ctx="{'H1': None}"
check iteration duration=0.00145888328552
GetData ===>> H2,-0.159099515853617,H1,1.26383039192272,AX,-0.000301215010215271,L1,-0.0230422248152266,L2,-0.0...
check iteration duration=8.89301300049e-05
GetData ===>> H2,-0.130787332516433,H1,1.20477218467955,AX,0.0813614272363632,L1,-0.042809699017446,L2,0.052740...
check iteration duration=7.20024108887e-05
GetData ===>> H2,-0.18972083969735,H1,0.974349213272463,AX,-0.0250772516286321,L1,-0.00704247299352082,L2,0.055...
check iteration duration=7.29560852051e-05
GetData ===>> H2,-0.19830262089858,H1,1.47003128602952,AX,-0.0403271531500478,L1,-0.00288116896247575,L2,0.0525...
check iteration duration=6.29425048828e-05
GetData ===>> H2,-0.23368601720935,H1,1.16988116756324,AX,-0.0550065500062343,L1,0.00118703132659756,L2,0.00759...
testing H1>-5.0
evaluate ot="H1.bs>-5.0" t="H1>-5.0", ctx="{'H1': None}"
check iteration duration=0.000576972961426
09:18:54 -- collecting point 100
GetData ===>> H2,-0.281322743115807,H1,1.14465667136225,AX,0.00345749876140996,L1,-0.0324012582127379,L2,0.0207...
check iteration duration=3.91006469727e-05
GetData ===>> H2,-0.267810483899557,H1,1.15632586772039,AX,-0.0923212070530128,L1,-0.0282870879276648,L2,-0.059...
check iteration duration=6.38961791992e-05
GetData ===>> H2,-0.148371386810986,H1,1.1971102005114,AX,-0.0700430989680115,L1,-0.0217848247341735,L2,0.00785...
check iteration duration=7.82012939453e-05
GetData ===>> H2,-0.099727823390278,H1,1.19286666557464,AX,0.0255718832163429,L1,-0.0133561162184445,L2,0.08380...
check iteration duration=6.8187713623e-05
GetData ===>> H2,-0.244013874428411,H1,1.02443659948786,AX,-0.0140239283364351,L1,-0.004834281094655,L2,0.04432...
testing H1>-5.0
evaluate ot="H1.bs>-5.0" t="H1>-5.0", ctx="{'H1': None}"
check iteration duration=0.000653028488159
GetData ===>> H2,-0.199175090969449,H1,1.40789533363589,AX,0.0526338207488933,L1,-0.0108819661035163,L2,0.06947...
check iteration duration=7.20024108887e-05
GetData ===>> H2,-0.191604225164714,H1,1.26512711864922,AX,-0.0347841193673685,L1,-0.0475311797966969,L2,0.0104...
check iteration duration=6.98566436768e-05
GetData ===>> H2,-0.13287170087072,H1,1.24001807594013,AX,-0.0606295870175459,L1,-0.0279240977802128,L2,-0.0213...
check iteration duration=4.88758087158e-05
GetData ===>> H2,-0.207865102555438,H1,1.48724611092411,AX,0.150936591577042,L1,-0.0353015209774188,L2,0.000980...
check iteration duration=5.88893890381e-05
GetData ===>> H2,-0.292007793614116,H1,1.57521146533918,AX,-0.0592035692081215,L1,-0.0206243771028172,L2,-0.007...
testing H1>-5.0
evaluate ot="H1.bs>-5.0" t="H1>-5.0", ctx="{'H1': None}"
check iteration duration=0.00149703025818
GetData ===>> H2,-0.187611938893764,H1,1.38030680647581,AX,-0.0250308604499815,L1,-0.0113159453320745,L2,-0.003...
check iteration duration=4.81605529785e-05
GetData ===>> H2,-0.125233040020743,H1,1.48488789803454,AX,-0.0954388080111767,L1,-0.0342128755649627,L2,0.0630...
check iteration duration=4.48226928711e-05
GetData ===>> H2,-0.174687017319084,H1,1.45234513392929,AX,-0.0184082928165665,L1,-0.05197768563658,L2,-0.03767...
check iteration duration=7.89165496826e-05
GetData ===>> H2,-0.15518738276192,H1,1.61943292740354,AX,0.0113002207590357,L1,-0.0257458817092701,L2,-0.01250...
check iteration duration=6.19888305664e-05
GetData ===>> H2,-0.220193658774004,H1,1.48736402171598,AX,0.00257581213105432,L1,-0.0102177738126861,L2,0.0173...
testing H1>-5.0
evaluate ot="H1.bs>-5.0" t="H1>-5.0", ctx="{'H1': None}"
check iteration duration=0.00100803375244
GetData ===>> H2,-0.276058930783308,H1,1.56624948979925,AX,-0.0560964011210674,L1,-0.00479109597912006,L2,0.044...
check iteration duration=0.000318050384521
GetData ===>> H2,-0.143401306085646,H1,1.04235082139359,AX,0.0437103562097854,L1,-0.0272016724613819,L2,-0.0570...
check iteration duration=7.79628753662e-05
GetData ===>> H2,-0.0228895919586166,H1,1.36910655553185,AX,-0.0202872457086664,L1,-0.024090936881221,L2,0.0310...
check iteration duration=7.70092010498e-05
GetData ===>> H2,-0.0872852267335396,H1,1.33562445590903,AX,-0.0310963194959747,L1,-0.0241244938619516,L2,0.003...
check iteration duration=4.38690185547e-05
GetData ===>> H2,-0.22987731371166,H1,1.44126197302854,AX,-0.00316655671695225,L1,-0.0155494427581063,L2,0.0434...
testing H1>-5.0
evaluate ot="H1.bs>-5.0" t="H1>-5.0", ctx="{'H1': None}"
check iteration duration=0.000617027282715
GetData ===>> H2,-0.205572946498292,H1,1.5774519719028,AX,-0.0558297365506762,L1,-0.00197046690716061,L2,0.0115...
check iteration duration=2.71797180176e-05
waiting for write to finish
measurement finished
estimated time: 125.829 actual time: :126.475
flush and close file /Users/jan/PychronDev/data/isotopes/82/7844ae-3488-45f2-bb7c-2881f9453079.h5
baselines () {'settling_time': 15.0, 'detector': 'H1', 'mass': 34.2, 'ncounts': 60}
%%%%%%%%%%%%%%%%%%%%%%%%%%%%%%%% Baseline
build tables- baseline [Detector(H2), Detector(H1), Detector(AX), Detector(L1), Detector(L2), Detector(CDD)]
add group baseline table H2
add group baseline table H1
add group baseline table AX
add group baseline table L1
add group baseline table L2
add group baseline table CDD
flush and close file /Users/jan/PychronDev/data/isotopes/82/7844ae-3488-45f2-bb7c-2881f9453079.h5
detector Detector(H1)
POSITION 34.2 H1
Mapping mass to dac mass func: "parabolic"
H1 map mass coeffs = [-0.00063987  0.15840543  0.57006999]
H1 map mass to dac 34.2 >> 5.23911599104
GetDeflection H1 ===>> 0
GetHighVoltage ===>> 4500
positioning 34.2 (5.23911599104) on H1
setting magnet DAC
current  : 5.878460
requested: 5.239116
Delta Dac: 0.639344
Checking detector protection. dv=0.63934
Checking detector "CDD". Protection Threshold: 0.1 (V)
ProtectDetector CDD,On ===>> OK
GetDeflection CDD ===>> 2000
Protected = 2000
SetMagnetDAC 5.23911599104 ===>> OK
Magnet settling time: 0.500
GetMagnetMoving ===>> True
GetMagnetMoving ===>> True
GetMagnetMoving ===>> True
GetMagnetMoving ===>> True
GetMagnetMoving ===>> True
GetMagnetMoving ===>> True
GetMagnetMoving ===>> True
GetMagnetMoving ===>> True
GetMagnetMoving ===>> False
ProtectDetector CDD,Off ===>> OK
GetDeflection CDD ===>> 50
Delaying 15.0s for detectors to settle
Join finished
measuring baseline. ncounts=60
"baseline" increment series count="2" fit count="1" regressing="True"
starting measurement
check iteration duration=5.88893890381e-05
GetData ===>> H2,-0.247925023547323,H1,-0.848388325931712,AX,-0.0166568904830297,L1,0.00295763170146931,L2,-0.1...
check iteration duration=6.19888305664e-05
GetData ===>> H2,-0.195734714259526,H1,-0.937988169655048,AX,-0.0419041929381998,L1,-0.029305307190196,L2,-0.05...
check iteration duration=6.60419464111e-05
GetData ===>> H2,-0.0938180178856319,H1,-0.436195098462326,AX,-0.0949868200119621,L1,-0.0073758786762672,L2,0.0...
check iteration duration=3.38554382324e-05
GetData ===>> H2,-0.140732315607216,H1,-0.605097333096331,AX,-0.121059617301974,L1,-0.0138618995439712,L2,0.028...
testing H1>-5.0
evaluate ot="H1.bs>-5.0" t="H1>-5.0", ctx="{'H1': None}"
check iteration duration=0.00151896476746
GetData ===>> H2,-0.29671766187075,H1,-0.834494324604039,AX,-0.0196493336702716,L1,0.00139948693634151,L2,-0.05...
check iteration duration=4.60147857666e-05
GetData ===>> H2,-0.281693973033277,H1,-0.530661410378783,AX,0.0902354129033286,L1,-0.0223230447716905,L2,0.044...
check iteration duration=3.69548797607e-05
GetData ===>> H2,-0.321352675264723,H1,-0.758898116260153,AX,-0.093364281691014,L1,-0.0544011381243191,L2,0.022...
check iteration duration=6.41345977783e-05
GetData ===>> H2,-0.253347533090724,H1,-0.639251181536642,AX,-0.188162913473137,L1,-0.0447122054893131,L2,-0.14...
check iteration duration=6.19888305664e-05
GetData ===>> H2,-0.215651728103411,H1,-0.831903895980055,AX,-0.016239332956382,L1,-0.0350007416328299,L2,-0.01...
testing H1>-5.0
evaluate ot="H1.bs>-5.0" t="H1>-5.0", ctx="{'H1': None}"
check iteration duration=0.000968933105469
GetData ===>> H2,-0.173470679393896,H1,-0.546561959481091,AX,-0.0328590588805597,L1,-0.00696451683463212,L2,-0....
check iteration duration=6.103515625e-05
GetData ===>> H2,-0.19131304216797,H1,-0.732873784929732,AX,-0.0320936628063481,L1,0.0153124082032609,L2,-0.021...
check iteration duration=7.9870223999e-05
GetData ===>> H2,-0.121679138622826,H1,-0.666455644229015,AX,-0.0899220929467009,L1,0.00593605689670429,L2,0.04...
check iteration duration=3.19480895996e-05
GetData ===>> H2,-0.19981018528947,H1,-0.943403931472035,AX,-0.00300415093987839,L1,-0.0192359797851899,L2,-0.1...
check iteration duration=7.20024108887e-05
GetData ===>> H2,-0.261395932764973,H1,-0.624529839811158,AX,-0.0982202264023364,L1,-0.0683018540187133,L2,-0.0...
testing H1>-5.0
evaluate ot="H1.bs>-5.0" t="H1>-5.0", ctx="{'H1': None}"
check iteration duration=0.000664949417114
GetData ===>> H2,-0.170501296456555,H1,-0.582248927573092,AX,-0.102960043696604,L1,-0.0416900570622834,L2,0.055...
check iteration duration=7.91549682617e-05
GetData ===>> H2,-0.207121314468542,H1,-0.931983703392029,AX,-0.0132119873148542,L1,-0.025114374429953,L2,0.039...
check iteration duration=6.29425048828e-05
GetData ===>> H2,-0.237136966253827,H1,-0.717565034724731,AX,-0.0280810333761426,L1,-0.00215165398499664,L2,-0....
check iteration duration=6.41345977783e-05
GetData ===>> H2,-0.247236264484301,H1,-0.755954221740415,AX,-0.163404840441516,L1,-0.0458231314074579,L2,-0.11...
check iteration duration=6.50882720947e-05
GetData ===>> H2,-0.229396760603726,H1,-0.660802830475328,AX,-0.168134397563897,L1,0.0169780670804814,L2,-0.066...
testing H1>-5.0
evaluate ot="H1.bs>-5.0" t="H1>-5.0", ctx="{'H1': None}"
check iteration duration=0.000576019287109
GetData ===>> H2,-0.155122529400226,H1,-0.91208628980718,AX,-0.0857263985492806,L1,0.0116782165819494,L2,0.0302...
check iteration duration=8.51154327393e-05
GetData ===>> H2,-0.214544875323441,H1,-0.783155473388978,AX,-0.1008509114598,L1,-0.00429925242807744,L2,-0.055...
check iteration duration=8.89301300049e-05
GetData ===>> H2,-0.163292482180668,H1,-0.588255518327573,AX,-0.105127071502223,L1,-0.0185465057741729,L2,0.067...
check iteration duration=8.70227813721e-05
GetData ===>> H2,-0.22458202495664,H1,-0.787159057633366,AX,-0.045603178642358,L1,-0.0309138835059813,L2,0.0047...
check iteration duration=0.000102996826172
GetData ===>> H2,-0.187054983263309,H1,-0.746298186184017,AX,-0.114095967376805,L1,-0.0124991030324584,L2,-0.08...
testing H1>-5.0
evaluate ot="H1.bs>-5.0" t="H1>-5.0", ctx="{'H1': None}"
check iteration duration=0.00082802772522
09:20:00 -- collecting point 25
GetData ===>> H2,-0.23451487934183,H1,-1.01831094270466,AX,-0.130478869686051,L1,-0.00407371613069031,L2,-0.044...
check iteration duration=6.60419464111e-05
GetData ===>> H2,-0.158528180066396,H1,-0.720155762961351,AX,-0.0847296047741098,L1,-0.0235036715950647,L2,-0.1...
check iteration duration=4.81605529785e-05
GetData ===>> H2,-0.11880599414098,H1,-0.891128817586581,AX,-0.0848686928906869,L1,-0.016717671926267,L2,0.0453...
check iteration duration=7.5101852417e-05
GetData ===>> H2,-0.236286771818575,H1,-0.589315501143774,AX,-0.101523057466174,L1,-0.0240993261368987,L2,-0.02...
check iteration duration=7.5101852417e-05
GetData ===>> H2,-0.12676758114235,H1,-0.917384456807104,AX,-0.0808698302241248,L1,0.00468411672410273,L2,-0.04...
testing H1>-5.0
evaluate ot="H1.bs>-5.0" t="H1>-5.0", ctx="{'H1': None}"
check iteration duration=0.000990152359009
GetData ===>> H2,-0.172280861115165,H1,-0.629240693012027,AX,-0.0802323151898279,L1,-0.00762412681471936,L2,-0....
check iteration duration=8.01086425781e-05
GetData ===>> H2,-0.136779704785236,H1,-0.814712697659227,AX,-0.122218246124552,L1,-0.0348833034299489,L2,-0.04...
check iteration duration=6.38961791992e-05
GetData ===>> H2,-0.0614117035620438,H1,-0.828018240316148,AX,-0.0836632559415687,L1,-0.00496623446662078,L2,0....
check iteration duration=4.81605529785e-05
GetData ===>> H2,-0.138273585887121,H1,-0.596264249237441,AX,-0.17206392817984,L1,0.0271044337211541,L2,-0.0172...
check iteration duration=6.19888305664e-05
GetData ===>> H2,-0.127696317138194,H1,-0.621467773194352,AX,-0.199577785622835,L1,-0.00991443676132283,L2,-0.0...
testing H1>-5.0
evaluate ot="H1.bs>-5.0" t="H1>-5.0", ctx="{'H1': None}"
check iteration duration=0.000571012496948
GetData ===>> H2,-0.216377452308566,H1,-0.96506668203782,AX,-0.07842406800284,L1,-0.0156765872120892,L2,0.02614...
check iteration duration=8.70227813721e-05
GetData ===>> H2,-0.117024116977861,H1,-0.832139389771682,AX,0.0328361506512449,L1,-0.0772295638340786,L2,0.062...
check iteration duration=4.00543212891e-05
GetData ===>> H2,-0.149881297887111,H1,-0.815654688870701,AX,-0.0888442108275006,L1,-0.034249990551457,L2,-0.04...
check iteration duration=6.5803527832e-05
GetData ===>> H2,-0.135616910045702,H1,-0.660685063178294,AX,-0.152252376107955,L1,-0.0146576777675677,L2,-0.03...
check iteration duration=8.70227813721e-05
GetData ===>> H2,-0.258833289543671,H1,-0.694012648448201,AX,-0.145237957106273,L1,-0.0550057092234582,L2,-0.01...
testing H1>-5.0
evaluate ot="H1.bs>-5.0" t="H1>-5.0", ctx="{'H1': None}"
check iteration duration=0.000558137893677
GetData ===>> H2,-0.214337496691004,H1,-0.876175742782712,AX,-0.0116924794904056,L1,-0.041900822726042,L2,-0.05...
check iteration duration=8.51154327393e-05
GetData ===>> H2,-0.162320338288915,H1,-0.900077006145463,AX,-0.14335963012235,L1,-0.0427091159632597,L2,-0.152...
check iteration duration=7.79628753662e-05
GetData ===>> H2,-0.183345742056184,H1,-0.559988890700852,AX,-0.110503873203722,L1,-0.0247308971502459,L2,-0.07...
check iteration duration=4.00543212891e-05
GetData ===>> H2,-0.0846864791746553,H1,-0.744531828012148,AX,-0.00727301274687224,L1,-0.00542206008158114,L2,0...
check iteration duration=7.5101852417e-05
GetData ===>> H2,-0.115513970271761,H1,-0.72521943945832,AX,-0.0794788829458178,L1,-0.0176099445252615,L2,-0.06...
testing H1>-5.0
evaluate ot="H1.bs>-5.0" t="H1>-5.0", ctx="{'H1': None}"
check iteration duration=0.00075101852417
GetData ===>> H2,-0.244366431214879,H1,-0.741352375350559,AX,-0.0443392777096606,L1,0.00516348524066349,L2,-0.0...
check iteration duration=8.51154327393e-05
GetData ===>> H2,-0.206431380338201,H1,-1.03292264117521,AX,-0.119773523148678,L1,-0.0217009125566706,L2,0.1299...
check iteration duration=7.70092010498e-05
GetData ===>> H2,-0.134441825456706,H1,-0.475419737658326,AX,-0.0527572442212429,L1,-0.00387936697082557,L2,-0....
check iteration duration=6.98566436768e-05
GetData ===>> H2,-0.165378259484689,H1,-0.882298288945468,AX,0.00756440750999726,L1,-0.0128862662787258,L2,0.01...
check iteration duration=4.98294830322e-05
GetData ===>> H2,-0.138164086352116,H1,-0.687535643857015,AX,-0.142188556053523,L1,-0.00640441406623036,L2,-0.0...
testing H1>-5.0
evaluate ot="H1.bs>-5.0" t="H1>-5.0", ctx="{'H1': None}"
check iteration duration=0.000878810882568
09:20:26 -- collecting point 50
GetData ===>> H2,-0.210702366529357,H1,-0.593202095078742,AX,-0.110156244148065,L1,-0.0897749741997315,L2,-0.04...
check iteration duration=6.103515625e-05
GetData ===>> H2,-0.175093380478614,H1,-0.924213163500171,AX,0.072441856579589,L1,-0.0467855153374335,L2,0.0098...
check iteration duration=0.000107049942017
GetData ===>> H2,-0.306844039266924,H1,-0.709675047819213,AX,-0.0265617576695791,L1,0.00577409985506563,L2,-0.0...
check iteration duration=5.91278076172e-05
GetData ===>> H2,-0.255858864551983,H1,-0.830961920251895,AX,-0.0385993375746676,L1,0.00220373803126581,L2,-0.1...
check iteration duration=3.91006469727e-05
GetData ===>> H2,-0.223866910223174,H1,-0.826369775723698,AX,-0.145295929584293,L1,0.027196914034305,L2,-0.0802...
testing H1>-5.0
evaluate ot="H1.bs>-5.0" t="H1>-5.0", ctx="{'H1': None}"
check iteration duration=0.000653982162476
GetData ===>> H2,-0.16018943119542,H1,-0.799993968404064,AX,-0.130594721970934,L1,0.0162502831959892,L2,0.06165...
check iteration duration=5.00679016113e-05
GetData ===>> H2,-0.190428662692691,H1,-0.508635782902517,AX,-0.132517849743858,L1,-0.0157677463977898,L2,0.037...
check iteration duration=4.10079956055e-05
GetData ===>> H2,-0.217547423741898,H1,-0.77138013164276,AX,-0.142374073677549,L1,-0.0641871230309567,L2,-0.064...
check iteration duration=7.70092010498e-05
GetData ===>> H2,-0.183870504889832,H1,-0.819658141504386,AX,-0.0462988969217701,L1,-0.02674039531874,L2,-0.035...
check iteration duration=3.91006469727e-05
GetData ===>> H2,-0.202080591873384,H1,-0.707437577385763,AX,-0.104617186949309,L1,0.040824805928139,L2,-0.0159...
testing H1>-5.0
evaluate ot="H1.bs>-5.0" t="H1>-5.0", ctx="{'H1': None}"
check iteration duration=0.000555992126465
GetData ===>> H2,-0.244339518871181,H1,-0.702256047467952,AX,-0.0862132011002046,L1,0.0170465247044487,L2,-0.04...
check iteration duration=1.78813934326e-05
waiting for write to finish
measurement finished
estimated time: 62.915 actual time: :63.309
flush and close file /Users/jan/PychronDev/data/isotopes/82/7844ae-3488-45f2-bb7c-2881f9453079.h5
activate_detectors ('H1', 'AX', 'CDD') {'peak_center': True}
peak_center () {'detector': 'H1', 'integration_time': 0.262144, 'isotope': 'Ar40'}
peak center: mean=1.43760752486 threshold=3
Skipping peak center. intensities to small. 1.43760752486<3
finished measure script
executed snippet estimated_duration=226.132928, duration=228.850625038
jan_unknown120_60.py completed successfully
Measurement Finished
09:20:38 -- ******* Measurement Finished *******
Post Measurement Started jan_pump_ms.py
09:20:38 -- ******* Post Measurement Started jan_pump_ms.py *******
testing...
no interpolation path defined
executed snippet estimated_duration=0, duration=2.90870666504e-05
Pumping spectrometer
open () {'name': 'O'}
opening name=O desc=---
checking ownership. requestor=129.138.12.150
check software interlocks O
interlocks []
actuate state mode=None-script, software_lock=False
doing actuation None-script open_channel True
Open O ===>> OK
GetIndicatorState O ===>> OK
change switch state (True, True)
update switch state O True args=() kw={} ncanvase=2
09:20:38 -- OPEN   VALVE-O (Jan Ion Pump)
---------------------------------------- open O () result=[(True, True)], time=0.11 sec
action=open, ok=True, locked=[False]
executed snippet estimated_duration=0, duration=0.363114833832
jan_pump_ms.py completed successfully
setting _ms_pumptime
Post Measurement Finished
09:20:38 -- ******* Post Measurement Finished *******
$$$$$$$$$$$$$$$$$$$$ state at run end measurement
state changed from measurement to success
post measurement save measured=True aborted=False
Set filtering
setting fod for Ar40= {'filter_outliers': True, 'std_devs': 2, 'iterations': 1}
setting fod for H1= {'filter_outliers': True, 'std_devs': 2, 'iterations': 1}
setting fod for PM41= {'filter_outliers': False, 'std_devs': 2, 'iterations': 1}
setting fod for H2= {'filter_outliers': True, 'std_devs': 2, 'iterations': 1}
setting fod for Ar36= {'filter_outliers': True, 'std_devs': 2, 'iterations': 1}
setting fod for CDD= {'filter_outliers': True, 'std_devs': 10, 'iterations': 1}
setting fod for Ar37= {'filter_outliers': True, 'std_devs': 2, 'iterations': 1}
setting fod for L2= {'filter_outliers': True, 'std_devs': 2, 'iterations': 1}
setting fod for Ar38= {'filter_outliers': True, 'std_devs': 2, 'iterations': 1}
setting fod for L1= {'filter_outliers': True, 'std_devs': 2, 'iterations': 1}
setting fod for Ar39= {'filter_outliers': True, 'std_devs': 2, 'iterations': 1}
setting fod for AX= {'filter_outliers': True, 'std_devs': 2, 'iterations': 1}
persistence save...
persistence save - db
post measurement save
6327363056 connecting to database sqlite:////Users/jan/PychronDev/.appdata/local_lab.db
connected to db sqlite:////Users/jan/PychronDev/.appdata/local_lab.db
create new session 6327363056
close session 6327363056
No database instance. Not saving post measurement to isotopedb database
$$$$$$$$$$$$$$$ auto_save_detector_ic=False
massspec enabled True
create new session 5035355696
MassSpec Database Version: 16.0
close session 5035355696
saving post measurement to secondary database
saving to massspec database 129.138.12.160/massspecdata
setting labnumber to 65271
setting aliquot to 5
setting step to G
setting uuid to 827844ae-3488-45f2-bb7c-2881f9453079
setting irradpos to 65271
setting extract_device to Fusions CO2
setting tray to 
setting position to 
setting power_requested to 0.45
setting extract_value to 0.45
setting duration to 30.0
setting duration_at_request to 30.0
setting first_stage_delay to 30.0
setting cleanup to 30.0
setting comment to AM-9 F:15
setting irradiation to NM-285
setting level to F
setting irradiation_level to F
setting sample to AM-9
setting material to Kspar
setting project to REEFenite
setting mass_spectrometer to Jan
no attribute chron_dosages
no attribute production_ratios
no attribute interference_corrections
no attribute production_name
no attribute j
Reference Isotope=Ar40
Reference Detector=H1
%%%%%%%%%%%%%%%%%%%% Comment: AM-9 F:15 %%%%%%%%%%%%%%%%%%%
adding isotope PM41 H2
add baseline dbdet= PM41. original det= H2
get baseline data PM41 H2
Get data baseline <pychron.processing.isotope.Baseline object at 0x1767b1850> len t=60
baseline PM41. v=-0.188594913151, e=0.00659411837951
get signal data PM41 H2
Get data signal PM41 0.03+/-0.07 len t=120
adding isotope Ar40 H1
add baseline dbdet= Ar40. original det= H1
get baseline data Ar40 H1
Get data baseline <pychron.processing.isotope.Baseline object at 0x16ddc0f90> len t=60
baseline Ar40. v=-0.747344092623, e=0.0170244842813
get signal data Ar40 H1
Get data signal Ar40 0.837+/-0.028 len t=120
adding isotope Ar39 AX
add baseline dbdet= Ar39. original det= AX
get baseline data Ar39 AX
Get data baseline <pychron.processing.isotope.Baseline object at 0x16ddc0f50> len t=60
baseline Ar39. v=-0.0864568572998, e=0.00699904662917
get signal data Ar39 AX
Get data signal Ar39 0.018+/-0.011 len t=120
adding isotope Ar38 L1
add baseline dbdet= Ar38. original det= L1
get baseline data Ar38 L1
Get data baseline <pychron.processing.isotope.Baseline object at 0x16ddc0bd0> len t=60
baseline Ar38. v=-0.0157707385475, e=0.00293227474281
get signal data Ar38 L1
Get data signal Ar38 -0.005+/-0.005 len t=120
adding isotope Ar37 L2
add baseline dbdet= Ar37. original det= L2
get baseline data Ar37 L2
Get data baseline <pychron.processing.isotope.Baseline object at 0x16ddc05d0> len t=60
baseline Ar37. v=-0.0277777885849, e=0.00746795499613
get signal data Ar37 L2
Get data signal Ar37 0.060+/-0.009 len t=120
adding isotope Ar36 CDD
add baseline dbdet= Ar36. original det= CDD
get baseline data Ar36 CDD
Get data baseline <pychron.processing.isotope.Baseline object at 0x16ddc09d0> len t=60
baseline Ar36. v=4.96218037339e-06, e=3.47892879403e-06
get signal data Ar36 CDD
Get data signal Ar36 0.00369+/-0.00017 len t=120
65271-05G added analysis time 0.502585887909s
analysis added to mass spec database
mass spec save time= 0.525
persistence save - dvc
================= post measurement started
create new session 4996344144
close session 4996344144
---------------- Experiment Queue saving disabled
DVC saving peakcenter
Smart pull ahead: 0 behind: 0
Up-to-date with origin
add to repo msg=modified - ad8224ebc6dbfeb9f5997218dfa5fe690569839d.json
add to repo msg=modified - 71-05G.json
add to repo msg=modified - 71-05G.dat.json
add to repo msg=modified - 71-05G.blan.json
add to repo msg=modified - 71-05G.inte.json
add to repo msg=modified - 71-05G.icfa.json
add to repo msg=modified - 71-05G.base.json
not at valid file /Users/jan/PychronDev/data/.dvc/repositories/REEFenite/652/tags/71-05G.tags.json
add to repo msg=modified - 71-05G.peak.json
add to repo msg=modified - 71-05G.extr.json
not at valid file /Users/jan/PychronDev/data/.dvc/repositories/REEFenite/652/monitor/71-05G.moni.json
commit message=<COLLECTION>
add to repo msg=modified - 71-05G.inte.json
add to repo msg=modified - 71-05G.base.json
commit message=<ISOEVO> default collection fits
add to repo msg=modified - 71-05G.blan.json
commit message=<BLANKS> preceding bu-FC-J-7867
add to repo msg=modified - 71-05G.icfa.json
commit message=<ICFactor> default
push repository <pychron.git_archive.repo_manager.GitRepoManager object at 0x136b02c50>
pushing to remote=origin, url=https://github.com
no changes to meta repo
create new session 4996344144
add association REEFenite
get identifier "65271"
setting analysis irradiation position=<pychron.dvc.dvc_orm.IrradiationPositionTbl object at 0x17666c810>
close session 4996344144
================= post measurement finished
09:21:07 -- ******* Post Run Check *******
loading queue conditionals post_run_actions
loading system conditionals post_run_actions
loading conditionals from /Users/jan/PychronDev/setupfiles/spectrometer/default_conditionals.yaml
loading queue conditionals post_run_terminations
loading system conditionals post_run_terminations
loading conditionals from /Users/jan/PychronDev/setupfiles/spectrometer/default_conditionals.yaml
Checking default post run terminations n=1
GetDeflection CDD ===>> 50
testing CDD==2000
evaluate ot="CDD.deflection==2000" t="CDD==2000", ctx="{'CDD': 50.0}"
09:21:07 -- ******* Post Run Check Passed *******
09:21:07 -- Automated run 65271-05G success duration: 330.226 s
----------------- finish -----------------
----------------- stop -----------------
retroactive repository identifiers disabled
finish run. runs completed=83
update duration runid=65271-05G, duration=330.226471186, md5=3be28e4d
loading script "jan_unknown120_60.py"
loading script "jan_pump_ms.py"
loading script "jan_co2.py"
loading script "jan_pump_extraction_line.py"
testing...
no interpolation path defined
executed snippet estimated_duration=213.652928, duration=0.000201940536499
script duration name:unknown120_60 seconds:214.0
loading script "jan_unknown120_60.py"
loading script "jan_pump_ms.py"
loading script "jan_co2.py"
loading script "jan_pump_extraction_line.py"
testing...
no interpolation path defined
executed snippet estimated_duration=0, duration=2.50339508057e-05
loading script "jan_unknown120_60.py"
loading script "jan_pump_ms.py"
loading script "jan_co2.py"
loading script "jan_pump_extraction_line.py"
testing...
no interpolation path defined
calculate duration
testing...
no interpolation path defined
executed snippet estimated_duration=0, duration=5.3882598877e-05
calculate duration
testing...
no interpolation path defined
executed snippet estimated_duration=0, duration=9.20295715332e-05
executed snippet estimated_duration=0.0, duration=0.00264286994934
script duration name:co2 seconds:0.0
loading script "jan_unknown120_60.py"
loading script "jan_pump_ms.py"
loading script "jan_co2.py"
loading script "jan_pump_extraction_line.py"
testing...
no interpolation path defined
calculate duration
testing...
no interpolation path defined
executed snippet estimated_duration=4.0, duration=0.000156164169312
executed snippet estimated_duration=4.0, duration=0.00110411643982
Script duration 214.0
Run total estimated duration= 215.000
unknown120_60 in script context. using previous estimated duration
script duration name:unknown120_60 seconds:214.0
pump_ms in script context. using previous estimated duration
co2 in script context. using previous estimated duration
script duration name:co2 seconds:0.0
pump_extraction_line in script context. using previous estimated duration
Script duration 214.0
Run total estimated duration= 215.000
script duration name:unknown120_60 seconds:214.0
script duration name:co2 seconds:0.0
Script duration 214.0
Run total estimated duration= 215.000
script duration name:unknown120_60 seconds:214.0
script duration name:co2 seconds:0.0
Script duration 214.0
Run total estimated duration= 215.000
script duration name:unknown120_60 seconds:214.0
script duration name:co2 seconds:0.0
Script duration 214.0
Run total estimated duration= 215.000
script duration name:unknown120_60 seconds:214.0
script duration name:co2 seconds:0.0
Script duration 214.0
Run total estimated duration= 215.000
script duration name:unknown120_60 seconds:214.0
script duration name:co2 seconds:0.0
Script duration 214.0
Run total estimated duration= 215.000
script duration name:unknown120_60 seconds:214.0
script duration name:co2 seconds:0.0
Script duration 214.0
Run total estimated duration= 215.000
script duration name:unknown120_60 seconds:214.0
script duration name:co2 seconds:0.0
Script duration 214.0
Run total estimated duration= 215.000
script duration name:unknown120_60 seconds:214.0
script duration name:co2 seconds:0.0
Script duration 214.0
Run total estimated duration= 215.000
script duration name:unknown120_60 seconds:214.0
script duration name:co2 seconds:0.0
Script duration 214.0
Run total estimated duration= 215.000
script duration name:unknown120_60 seconds:214.0
script duration name:co2 seconds:0.0
Script duration 214.0
Run total estimated duration= 215.000
loading script "jan_unknown400_120.py"
loading script "jan_pump_ms.py"
loading script "jan_sniffair_x2.py"
loading script "jan_pump_extraction_line.py"
testing...
no interpolation path defined
executed snippet estimated_duration=556.052928, duration=0.000298976898193
script duration name:unknown400_120 seconds:556.0
loading script "jan_unknown400_120.py"
loading script "jan_pump_ms.py"
loading script "jan_sniffair_x2.py"
loading script "jan_pump_extraction_line.py"
testing...
no interpolation path defined
calculate duration
testing...
no interpolation path defined
executed snippet estimated_duration=0, duration=4.10079956055e-05
calculate duration
testing...
no interpolation path defined
executed snippet estimated_duration=0, duration=0.000105142593384
calculate duration
testing...
no interpolation path defined
executed snippet estimated_duration=32.0, duration=9.10758972168e-05
calculate duration
testing...
no interpolation path defined
executed snippet estimated_duration=34.0, duration=0.000102996826172
calculate duration
testing...
no interpolation path defined
executed snippet estimated_duration=4.0, duration=6.29425048828e-05
calculate duration
testing...
no interpolation path defined
executed snippet estimated_duration=36.0, duration=8.79764556885e-05
calculate duration
testing...
no interpolation path defined
executed snippet estimated_duration=34.0, duration=0.000102043151855
calculate duration
testing...
no interpolation path defined
executed snippet estimated_duration=4.0, duration=7.89165496826e-05
calculate duration
testing...
no interpolation path defined
executed snippet estimated_duration=36.0, duration=0.000112056732178
calculate duration
testing...
no interpolation path defined
executed snippet estimated_duration=70.0, duration=0.000109910964966
executed snippet estimated_duration=250.0, duration=0.0134561061859
script duration name:sniffair_x2 seconds:250.0
Script duration 806.0
Run total estimated duration= 807.000
unknown400_120 in script context. using previous estimated duration
script duration name:unknown400_120 seconds:556.0
sniffair_x2 in script context. using previous estimated duration
script duration name:sniffair_x2 seconds:250.0
Script duration 806.0
Run total estimated duration= 807.000
script duration name:unknown400_120 seconds:556.0
loading script "jan_unknown400_120.py"
loading script "jan_pump_ms.py"
loading script "jan_cocktail_x1.py"
loading script "jan_pump_extraction_line.py"
testing...
no interpolation path defined
calculate duration
testing...
no interpolation path defined
executed snippet estimated_duration=0, duration=5.79357147217e-05
calculate duration
testing...
no interpolation path defined
executed snippet estimated_duration=0, duration=0.000136137008667
calculate duration
testing...
no interpolation path defined
executed snippet estimated_duration=32.0, duration=9.01222229004e-05
calculate duration
testing...
no interpolation path defined
executed snippet estimated_duration=34.0, duration=0.000123977661133
calculate duration
testing...
no interpolation path defined
executed snippet estimated_duration=4.0, duration=0.000118017196655
calculate duration
testing...
no interpolation path defined
executed snippet estimated_duration=38.0, duration=0.00012993812561
executed snippet estimated_duration=108.0, duration=0.00910806655884
script duration name:cocktail_x1 seconds:108.0
Script duration 664.0
Run total estimated duration= 665.000
script duration name:unknown400_120 seconds:556.0
cocktail_x1 in script context. using previous estimated duration
script duration name:cocktail_x1 seconds:108.0
Script duration 664.0
Run total estimated duration= 665.000
script duration name:unknown400_120 seconds:556.0
script duration name:co2 seconds:0.0
Script duration 556.0
Run total estimated duration= 557.000
script duration name:unknown120_60 seconds:214.0
script duration name:co2 seconds:0.0
Script duration 214.0
Run total estimated duration= 215.000
script duration name:unknown120_60 seconds:214.0
script duration name:co2 seconds:0.0
Script duration 214.0
Run total estimated duration= 215.000
script duration name:unknown120_60 seconds:214.0
script duration name:co2 seconds:0.0
Script duration 214.0
Run total estimated duration= 215.000
script duration name:unknown120_60 seconds:214.0
script duration name:co2 seconds:0.0
Script duration 214.0
Run total estimated duration= 215.000
script duration name:unknown120_60 seconds:214.0
script duration name:co2 seconds:0.0
Script duration 214.0
Run total estimated duration= 215.000
script duration name:unknown120_60 seconds:214.0
script duration name:co2 seconds:0.0
Script duration 214.0
Run total estimated duration= 215.000
script duration name:unknown120_60 seconds:214.0
script duration name:co2 seconds:0.0
Script duration 214.0
Run total estimated duration= 215.000
script duration name:unknown120_60 seconds:214.0
script duration name:co2 seconds:0.0
Script duration 214.0
Run total estimated duration= 215.000
script duration name:unknown120_60 seconds:214.0
script duration name:co2 seconds:0.0
Script duration 214.0
Run total estimated duration= 215.000
script duration name:unknown120_60 seconds:214.0
script duration name:co2 seconds:0.0
Script duration 214.0
Run total estimated duration= 215.000
script duration name:unknown120_60 seconds:214.0
script duration name:co2 seconds:0.0
Script duration 214.0
Run total estimated duration= 215.000
script duration name:unknown120_60 seconds:214.0
script duration name:co2 seconds:0.0
Script duration 214.0
Run total estimated duration= 215.000
script duration name:unknown120_60 seconds:214.0
script duration name:co2 seconds:0.0
Script duration 214.0
Run total estimated duration= 215.000
script duration name:unknown120_60 seconds:214.0
script duration name:co2 seconds:0.0
Script duration 214.0
Run total estimated duration= 215.000
script duration name:unknown120_60 seconds:214.0
script duration name:co2 seconds:0.0
Script duration 214.0
Run total estimated duration= 215.000
script duration name:unknown120_60 seconds:214.0
script duration name:co2 seconds:0.0
Script duration 214.0
Run total estimated duration= 215.000
script duration name:unknown120_60 seconds:214.0
script duration name:co2 seconds:0.0
Script duration 214.0
Run total estimated duration= 215.000
script duration name:unknown120_60 seconds:214.0
script duration name:co2 seconds:0.0
Script duration 214.0
Run total estimated duration= 215.000
script duration name:unknown120_60 seconds:214.0
script duration name:co2 seconds:0.0
Script duration 214.0
Run total estimated duration= 215.000
script duration name:unknown400_120 seconds:556.0
script duration name:sniffair_x2 seconds:250.0
Script duration 806.0
Run total estimated duration= 807.000
script duration name:unknown400_120 seconds:556.0
script duration name:sniffair_x2 seconds:250.0
Script duration 806.0
Run total estimated duration= 807.000
script duration name:unknown400_120 seconds:556.0
script duration name:cocktail_x1 seconds:108.0
Script duration 664.0
Run total estimated duration= 665.000
script duration name:unknown400_120 seconds:556.0
script duration name:cocktail_x1 seconds:108.0
Script duration 664.0
Run total estimated duration= 665.000
nruns=40 before=5.0, run_dur=13110.0, btw=1170.0
write rem/ex queues
/Users/jan/PychronDev/experiments/rem/Load1796.rem.txt
/Users/jan/PychronDev/experiments/rem/Load1796.ex.txt
doing event level: 3
