do run
loading script "felix_analysis400_120.py"
loading script "felix_pump_ms.py"
loading script "felix_furnace.py"
loading script "felix_pump_extraction_line.py"
testing...
no interpolation path defined
executed snippet estimated_duration=624.242112, duration=0.000353097915649
script duration name:analysis400_120 seconds:624.0
loading script "felix_analysis400_120.py"
loading script "felix_pump_ms.py"
loading script "felix_furnace.py"
loading script "felix_pump_extraction_line.py"
testing...
no interpolation path defined
executed snippet estimated_duration=0, duration=5.69820404053e-05
loading script "felix_analysis400_120.py"
loading script "felix_pump_ms.py"
loading script "felix_furnace.py"
loading script "felix_pump_extraction_line.py"
testing...
no interpolation path defined
executed snippet estimated_duration=184.0, duration=0.000545978546143
script duration name:furnace seconds:184.0
loading script "felix_analysis400_120.py"
loading script "felix_pump_ms.py"
loading script "felix_furnace.py"
loading script "felix_pump_extraction_line.py"
testing...
no interpolation path defined
calculate duration
testing...
no interpolation path defined
executed snippet estimated_duration=4.0, duration=0.000310182571411
executed snippet estimated_duration=4.0, duration=0.00250482559204
Script duration 808.0
Run total estimated duration= 809.000
run duration: 0:13:29
doing event level: 2
06:57:20 -- Setting default integration. t=1.048576
setting integration time = 1.048576
SetIntegrationTime 1.048576 ===>> OK
----------------- start -----------------
**************** Experiment Type: Ar/Ar, Ar/Ar
create new session 4737361392
close session 4737361392
$$$$$ Clearing conditionals
adding conditionals 
Add queue conditionals
add default conditionals
adding default conditionals from /Users/obama/PychronDev/setupfiles/spectrometer/default_conditionals.yaml
Start automated run 65271-09AG
loading script "felix_analysis400_120.py"
loading script "felix_pump_ms.py"
loading script "felix_furnace.py"
loading script "felix_pump_extraction_line.py"
%%%%%%%%%%%%%%%%%% setting automated run 65271-09AG
No value "sensitivity_multiplier" in metadata
$$$$$$$$$$$$$$$ auto_save_detector_ic=False
============================= Pre Extraction Check =============================
loading queue conditionals pre_run_terminations
queue conditionals path /Users/obama/PychronDev/queue_conditionals/normal.yaml
loading conditionals from /Users/obama/PychronDev/queue_conditionals/normal.yaml
loading system conditionals pre_run_terminations
loading conditionals from /Users/obama/PychronDev/setupfiles/spectrometer/default_conditionals.yaml
06:57:21 -- ******* Pre Extraction Check *******
Get a measurement from the spectrometer
Pre Extraction Termination data. keys=L2(CDD),H2,H1,AX,L1,L2, signals=0.00348,0.07594,0.26550,0.02150,-0.26379,-0.05791
06:57:21 -- testing system defined conditionals
Checking default pre extraction terminations n=2
testing L2_CDD_
evaluate ot="L2(CDD).inactive" t="L2_CDD_", ctx="{'L2_CDD_': False}"
GetDeflection L2 (CDD) ===>> 0
testing L2_CDD_==3250
evaluate ot="L2(CDD).deflection==3250" t="L2_CDD_==3250", ctx="{'L2_CDD_': 0.0}"
06:57:21 -- ******* Pre Extraction Check Passed *******
=================================================================================
06:57:21 -- stopping status monitor
stop 4703028240
Status monitor stopped
Status monitor finished
06:57:25 -- starting status monitor
start 4703028240
StatusMonitor period=3. Frequencies(state=1, checksum=3, lock=5, owner=5)
start extraction
do extraction
Analysis started at 06:57:30.573094
Extraction Started felix_furnace.py
06:57:30 -- ******* Extraction Started felix_furnace.py *******
state changed from not run to extraction
DO EXTRACTION <pychron.extraction_line.pyscript_runner.RemotePyScriptRunner object at 0x11ce82230>
testing...
no interpolation path defined
executed snippet estimated_duration=606.0, duration=0.000477075576782
start_response_recorder () {}
start response recorder
Felix unknown furnace analysis
close ('F',) {}
close name=F desc=---
checking ownership. requestor=129.138.12.137
check software interlocks F
interlocks []
actuate state mode=None-script, software_lock=True
VALVE-F(CO2 Laser to Bone) software locked
change switch state (True, False)
-------------------------- close F () result=[(True, False)]
action=close, ok=True, locked=[True]
open ('D',) {}
open name=D desc=---
checking ownership. requestor=129.138.12.137
check software interlocks D
interlocks []
actuate state mode=None-script, software_lock=False
doing actuation None-script open_channel False
Open D ===>> OK
GetPercentOutput ===>> 6.5
GetSetpoint ===>> 400.0
GetIndicatorState D ===>> OK
change switch state (True, True)
update switch state D True args=() kw={} ncanvase=5
GetProcessValue ===>> 400.0
response t=0.000570058822632, out=6.5, setpoint=400.0, response=400.0
06:57:30 -- OPEN   VALVE-D (Bone to CO2 Laser)
-------------------------- open D () result=[(True, True)]
action=open, ok=True, locked=[False]
close ('J',) {}
close name=J desc=---
checking ownership. requestor=129.138.12.137
check software interlocks J
interlocks []
actuate state mode=None-script, software_lock=False
doing actuation None-script close_channel False
Close J ===>> OK
GetIndicatorState J ===>> False
change switch state (True, True)
update switch state J False args=() kw={} ncanvase=5
06:57:31 -- CLOSE  VALVE-J (Bone to APIS)
-------------------------- close J () result=[(True, True)]
action=close, ok=True, locked=[False]
close ('FC',) {}
close name=FC desc=---
checking ownership. requestor=129.138.12.137
check software interlocks FC
interlocks []
actuate state mode=None-script, software_lock=False
doing actuation None-script close_channel True
GetPercentOutput ===>> 6.6
GetSetpoint ===>> 400.0
Close FC ===>> OK
GetProcessValue ===>> 400.0
response t=2.00421309471, out=6.6, setpoint=400.0, response=400.0
GetIndicatorState FC ===>> False
change switch state (True, True)
update switch state FC False args=() kw={} ncanvase=5
06:57:32 -- CLOSE  VALVE-FC (Furnace Turbo)
-------------------------- close FC () result=[(True, True)]
action=close, ok=True, locked=[False]
open ('FH',) {}
open name=FH desc=---
checking ownership. requestor=129.138.12.137
check software interlocks FH
interlocks []
actuate state mode=None-script, software_lock=False
doing actuation None-script open_channel False
Open FH ===>> OK
GetIndicatorState FH ===>> OK
change switch state (True, True)
update switch state FH True args=() kw={} ncanvase=5
06:57:34 -- OPEN   VALVE-FH (Furnace Isolation)
-------------------------- open FH () result=[(True, True)]
action=open, ok=True, locked=[False]
Furnace enabled. Heating sample.
enable () {}
set extraction state NMGRLFurnace Enabled (False, 'red', 1.5)
could not find manager name="NMGRLFurnace" func="enable_device"
set_pid_parameters (1200.0,) {}
setting pid parameters for 1200.0
GetPercentOutput ===>> 6.5
GetSetpoint ===>> 400.0
{"pid": "HO,45;XP,100;TI,15;TD,3", "command": "SetPID"} ===>> OK
BEGIN INTERVAL Interval 1 waiting for 360.0
block started
set extract to 1200.0 (temp)
WaitControl setup for 360.0  
extract () {}
set extraction state NMGRLFurnace ON! 1200.0(temp) (0.75, 'red', 1.5)
extract sample to 1200.0 (temp)
extract
set setpoint to 1200.0
set setpoint=1200.0
setting pid parameters for 1200.0
GetProcessValue ===>> 400.0
response t=4.00500202179, out=6.5, setpoint=400.0, response=400.0
{"pid": "HO,45;XP,100;TI,15;TD,3", "command": "SetPID"} ===>> OK
{"setpoint": 1200.0, "command": "SetSetpoint"} ===>> OK
sleep (2,) {}
SLEEP 2.0
block started
WaitControl setup for 2.0  
GetPercentOutput ===>> 45.0
GetSetpoint ===>> 1200.0
GetProcessValue ===>> 400.0
response t=6.00476813316, out=45.0, setpoint=1200.0, response=400.0
Join finished
block finished. duration 2.09767508507
COMPLETE INTERVAL waiting for Interval 1 to complete
GetPercentOutput ===>> 45.0
GetSetpoint ===>> 1200.0
GetProcessValue ===>> 403.0
response t=8.01015496254, out=45.0, setpoint=1200.0, response=403.0
GetPercentOutput ===>> 45.0
GetSetpoint ===>> 1200.0
GetProcessValue ===>> 414.0
response t=10.0129070282, out=45.0, setpoint=1200.0, response=414.0
GetPercentOutput ===>> 45.0
GetSetpoint ===>> 1200.0
GetProcessValue ===>> 436.0
response t=12.0160541534, out=45.0, setpoint=1200.0, response=436.0
GetPercentOutput ===>> 45.0
GetSetpoint ===>> 1200.0
GetProcessValue ===>> 476.0
response t=14.024379015, out=45.0, setpoint=1200.0, response=476.0
GetPercentOutput ===>> 45.0
GetSetpoint ===>> 1200.0
GetProcessValue ===>> 541.0
response t=16.0317220688, out=45.0, setpoint=1200.0, response=541.0
GetPercentOutput ===>> 45.0
GetSetpoint ===>> 1200.0
GetProcessValue ===>> 624.0
response t=18.0406711102, out=45.0, setpoint=1200.0, response=624.0
GetPercentOutput ===>> 45.0
GetSetpoint ===>> 1200.0
GetProcessValue ===>> 679.0
response t=20.048844099, out=45.0, setpoint=1200.0, response=679.0
GetPercentOutput ===>> 45.0
GetSetpoint ===>> 1200.0
GetProcessValue ===>> 698.0
response t=22.0557940006, out=45.0, setpoint=1200.0, response=698.0
GetPercentOutput ===>> 45.0
GetSetpoint ===>> 1200.0
GetProcessValue ===>> 708.0
response t=24.0647120476, out=45.0, setpoint=1200.0, response=708.0
GetPercentOutput ===>> 45.0
GetSetpoint ===>> 1200.0
GetProcessValue ===>> 731.0
response t=26.0699810982, out=45.0, setpoint=1200.0, response=731.0
GetPercentOutput ===>> 45.0
GetSetpoint ===>> 1200.0
GetProcessValue ===>> 769.0
response t=28.0752141476, out=45.0, setpoint=1200.0, response=769.0
GetPercentOutput ===>> 45.0
GetSetpoint ===>> 1200.0
GetProcessValue ===>> 811.0
response t=30.0801019669, out=45.0, setpoint=1200.0, response=811.0
GetPercentOutput ===>> 45.0
GetSetpoint ===>> 1200.0
GetProcessValue ===>> 859.0
response t=32.0853259563, out=45.0, setpoint=1200.0, response=859.0
GetPercentOutput ===>> 5.2
GetSetpoint ===>> 1200.0
GetProcessValue ===>> 909.0
response t=34.0877490044, out=5.2, setpoint=1200.0, response=909.0
GetPercentOutput ===>> 0.0
GetSetpoint ===>> 1200.0
GetProcessValue ===>> 950.0
response t=36.0931420326, out=0, setpoint=1200.0, response=950.0
GetPercentOutput ===>> 23.0
GetSetpoint ===>> 1200.0
GetProcessValue ===>> 967.0
response t=38.1020030975, out=23.0, setpoint=1200.0, response=967.0
GetPercentOutput ===>> 35.0
GetSetpoint ===>> 1200.0
GetProcessValue ===>> 977.0
response t=40.1075911522, out=35.0, setpoint=1200.0, response=977.0
GetPercentOutput ===>> 17.1
GetSetpoint ===>> 1200.0
GetProcessValue ===>> 997.0
response t=42.1158139706, out=17.1, setpoint=1200.0, response=997.0
GetPercentOutput ===>> 8.6
GetSetpoint ===>> 1200.0
GetProcessValue ===>> 1019.0
response t=44.1209840775, out=8.6, setpoint=1200.0, response=1019.0
GetPercentOutput ===>> 24.0
GetSetpoint ===>> 1200.0
GetProcessValue ===>> 1029.0
response t=46.1253681183, out=24.0, setpoint=1200.0, response=1029.0
GetPercentOutput ===>> 45.0
GetSetpoint ===>> 1200.0
GetProcessValue ===>> 1032.0
response t=48.131262064, out=45.0, setpoint=1200.0, response=1032.0
GetPercentOutput ===>> 17.0
GetSetpoint ===>> 1200.0
GetProcessValue ===>> 1050.0
response t=50.1383049488, out=17.0, setpoint=1200.0, response=1050.0
GetPercentOutput ===>> 0.0
GetSetpoint ===>> 1200.0
GetProcessValue ===>> 1079.0
response t=52.1454920769, out=0, setpoint=1200.0, response=1079.0
GetPercentOutput ===>> 40.5
GetSetpoint ===>> 1200.0
GetProcessValue ===>> 1081.0
response t=54.1507019997, out=40.5, setpoint=1200.0, response=1081.0
GetPercentOutput ===>> 45.0
GetSetpoint ===>> 1200.0
GetProcessValue ===>> 1074.0
response t=56.1569941044, out=45.0, setpoint=1200.0, response=1074.0
GetPercentOutput ===>> 30.2
GetSetpoint ===>> 1200.0
GetProcessValue ===>> 1091.0
response t=58.1659369469, out=30.2, setpoint=1200.0, response=1091.0
GetPercentOutput ===>> 4.8
GetSetpoint ===>> 1200.0
GetProcessValue ===>> 1118.0
response t=60.1705651283, out=4.8, setpoint=1200.0, response=1118.0
GetPercentOutput ===>> 42.0
GetSetpoint ===>> 1200.0
GetProcessValue ===>> 1122.0
response t=62.1764941216, out=42.0, setpoint=1200.0, response=1122.0
GetPercentOutput ===>> 45.0
GetSetpoint ===>> 1200.0
GetProcessValue ===>> 1122.0
response t=64.1844630241, out=45.0, setpoint=1200.0, response=1122.0
GetPercentOutput ===>> 16.1
GetSetpoint ===>> 1200.0
GetProcessValue ===>> 1142.0
response t=66.1870651245, out=16.1, setpoint=1200.0, response=1142.0
GetPercentOutput ===>> 14.9
GetSetpoint ===>> 1200.0
GetProcessValue ===>> 1159.0
response t=68.1946640015, out=14.9, setpoint=1200.0, response=1159.0
GetPercentOutput ===>> 45.0
GetSetpoint ===>> 1200.0
GetProcessValue ===>> 1154.0
response t=70.2014451027, out=45.0, setpoint=1200.0, response=1154.0
GetPercentOutput ===>> 39.0
GetSetpoint ===>> 1200.0
GetProcessValue ===>> 1158.0
response t=72.2033400536, out=39.0, setpoint=1200.0, response=1158.0
GetPercentOutput ===>> 4.6
GetSetpoint ===>> 1200.0
GetProcessValue ===>> 1178.0
response t=74.2098970413, out=4.6, setpoint=1200.0, response=1178.0
GetPercentOutput ===>> 33.0
GetSetpoint ===>> 1200.0
GetProcessValue ===>> 1180.0
response t=76.2174780369, out=33.0, setpoint=1200.0, response=1180.0
GetPercentOutput ===>> 45.0
GetSetpoint ===>> 1200.0
GetProcessValue ===>> 1172.0
response t=78.2261030674, out=45.0, setpoint=1200.0, response=1172.0
GetPercentOutput ===>> 15.7
GetSetpoint ===>> 1200.0
GetProcessValue ===>> 1184.0
response t=80.23092103, out=15.7, setpoint=1200.0, response=1184.0
GetPercentOutput ===>> 13.0
GetSetpoint ===>> 1200.0
GetProcessValue ===>> 1195.0
response t=82.237760067, out=13.0, setpoint=1200.0, response=1195.0
GetPercentOutput ===>> 45.0
GetSetpoint ===>> 1200.0
GetProcessValue ===>> 1185.0
response t=84.2438750267, out=45.0, setpoint=1200.0, response=1185.0
GetPercentOutput ===>> 35.1
GetSetpoint ===>> 1200.0
GetProcessValue ===>> 1185.0
response t=86.2456810474, out=35.1, setpoint=1200.0, response=1185.0
GetPercentOutput ===>> 3.7
GetSetpoint ===>> 1200.0
GetProcessValue ===>> 1200.0
response t=88.2514650822, out=3.7, setpoint=1200.0, response=1200.0
GetPercentOutput ===>> 31.0
GetSetpoint ===>> 1200.0
GetProcessValue ===>> 1198.0
response t=90.2587220669, out=31.0, setpoint=1200.0, response=1198.0
GetPercentOutput ===>> 45.0
GetSetpoint ===>> 1200.0
GetProcessValue ===>> 1187.0
response t=92.2668931484, out=45.0, setpoint=1200.0, response=1187.0
GetPercentOutput ===>> 13.1
GetSetpoint ===>> 1200.0
GetProcessValue ===>> 1197.0
response t=94.2751040459, out=13.1, setpoint=1200.0, response=1197.0
GetPercentOutput ===>> 12.1
GetSetpoint ===>> 1200.0
GetProcessValue ===>> 1205.0
response t=96.2772929668, out=12.1, setpoint=1200.0, response=1205.0
GetPercentOutput ===>> 45.0
GetSetpoint ===>> 1200.0
GetProcessValue ===>> 1194.0
response t=98.2853021622, out=45.0, setpoint=1200.0, response=1194.0
GetPercentOutput ===>> 34.0
GetSetpoint ===>> 1200.0
GetProcessValue ===>> 1192.0
response t=100.291283131, out=34.0, setpoint=1200.0, response=1192.0
GetPercentOutput ===>> 3.2
GetSetpoint ===>> 1200.0
GetProcessValue ===>> 1206.0
response t=102.296583176, out=3.2, setpoint=1200.0, response=1206.0
GetPercentOutput ===>> 28.9
GetSetpoint ===>> 1200.0
GetProcessValue ===>> 1203.0
response t=104.30260396, out=28.9, setpoint=1200.0, response=1203.0
GetPercentOutput ===>> 45.0
GetSetpoint ===>> 1200.0
GetProcessValue ===>> 1192.0
response t=106.305099964, out=45.0, setpoint=1200.0, response=1192.0
GetPercentOutput ===>> 13.5
GetSetpoint ===>> 1200.0
GetProcessValue ===>> 1200.0
response t=108.312788963, out=13.5, setpoint=1200.0, response=1200.0
GetPercentOutput ===>> 11.1
GetSetpoint ===>> 1200.0
GetProcessValue ===>> 1208.0
response t=110.317795038, out=11.1, setpoint=1200.0, response=1208.0
GetPercentOutput ===>> 43.0
GetSetpoint ===>> 1200.0
GetProcessValue ===>> 1196.0
response t=112.323538065, out=43.0, setpoint=1200.0, response=1196.0
GetPercentOutput ===>> 33.6
GetSetpoint ===>> 1200.0
GetProcessValue ===>> 1194.0
response t=114.32895112, out=33.6, setpoint=1200.0, response=1194.0
GetPercentOutput ===>> 3.8
GetSetpoint ===>> 1200.0
GetProcessValue ===>> 1206.0
response t=116.334097147, out=3.8, setpoint=1200.0, response=1206.0
GetPercentOutput ===>> 27.2
GetSetpoint ===>> 1200.0
GetProcessValue ===>> 1204.0
response t=118.342733145, out=27.2, setpoint=1200.0, response=1204.0
GetPercentOutput ===>> 45.0
GetSetpoint ===>> 1200.0
GetProcessValue ===>> 1193.0
response t=120.345097065, out=45.0, setpoint=1200.0, response=1193.0
GetPercentOutput ===>> 14.5
GetSetpoint ===>> 1200.0
GetProcessValue ===>> 1200.0
response t=122.353320122, out=14.5, setpoint=1200.0, response=1200.0
GetPercentOutput ===>> 9.3
GetSetpoint ===>> 1200.0
GetProcessValue ===>> 1208.0
response t=124.362061024, out=9.3, setpoint=1200.0, response=1208.0
GetPercentOutput ===>> 40.8
GetSetpoint ===>> 1200.0
GetProcessValue ===>> 1198.0
response t=126.369050026, out=40.8, setpoint=1200.0, response=1198.0
GetPercentOutput ===>> 33.0
GetSetpoint ===>> 1200.0
GetProcessValue ===>> 1194.0
response t=128.377032042, out=33.0, setpoint=1200.0, response=1194.0
GetPercentOutput ===>> 5.0
GetSetpoint ===>> 1200.0
GetProcessValue ===>> 1205.0
response t=130.378779173, out=5.0, setpoint=1200.0, response=1205.0
GetPercentOutput ===>> 25.3
GetSetpoint ===>> 1200.0
GetProcessValue ===>> 1204.0
response t=132.383305073, out=25.3, setpoint=1200.0, response=1204.0
GetPercentOutput ===>> 44.2
GetSetpoint ===>> 1200.0
GetProcessValue ===>> 1194.0
response t=134.388693094, out=44.2, setpoint=1200.0, response=1194.0
GetPercentOutput ===>> 18.0
GetSetpoint ===>> 1200.0
GetProcessValue ===>> 1199.0
response t=136.38812995, out=18.0, setpoint=1200.0, response=1199.0
GetPercentOutput ===>> 8.7
GetSetpoint ===>> 1200.0
GetProcessValue ===>> 1207.0
response t=138.390697002, out=8.7, setpoint=1200.0, response=1207.0
GetPercentOutput ===>> 35.4
GetSetpoint ===>> 1200.0
GetProcessValue ===>> 1199.0
response t=140.399176121, out=35.4, setpoint=1200.0, response=1199.0
GetPercentOutput ===>> 36.7
GetSetpoint ===>> 1200.0
GetProcessValue ===>> 1194.0
response t=142.404263973, out=36.7, setpoint=1200.0, response=1194.0
GetPercentOutput ===>> 7.4
GetSetpoint ===>> 1200.0
GetProcessValue ===>> 1205.0
response t=144.409621954, out=7.4, setpoint=1200.0, response=1205.0
GetPercentOutput ===>> 20.0
GetSetpoint ===>> 1200.0
GetProcessValue ===>> 1205.0
response t=146.415029049, out=20.0, setpoint=1200.0, response=1205.0
GetPercentOutput ===>> 42.5
GetSetpoint ===>> 1200.0
GetProcessValue ===>> 1195.0
response t=148.42042017, out=42.5, setpoint=1200.0, response=1195.0
GetPercentOutput ===>> 21.9
GetSetpoint ===>> 1200.0
GetProcessValue ===>> 1198.0
response t=150.428950071, out=21.9, setpoint=1200.0, response=1198.0
GetPercentOutput ===>> 8.3
GetSetpoint ===>> 1200.0
GetProcessValue ===>> 1206.0
response t=152.43632102, out=8.3, setpoint=1200.0, response=1206.0
GetPercentOutput ===>> 32.0
GetSetpoint ===>> 1200.0
GetProcessValue ===>> 1200.0
response t=154.44395113, out=32.0, setpoint=1200.0, response=1200.0
GetPercentOutput ===>> 38.6
GetSetpoint ===>> 1200.0
GetProcessValue ===>> 1194.0
response t=156.451158047, out=38.6, setpoint=1200.0, response=1194.0
GetPercentOutput ===>> 11.3
GetSetpoint ===>> 1200.0
GetProcessValue ===>> 1203.0
response t=158.454730034, out=11.3, setpoint=1200.0, response=1203.0
GetPercentOutput ===>> 18.0
GetSetpoint ===>> 1200.0
GetProcessValue ===>> 1205.0
response t=160.458052158, out=18.0, setpoint=1200.0, response=1205.0
GetPercentOutput ===>> 40.5
GetSetpoint ===>> 1200.0
GetProcessValue ===>> 1196.0
response t=162.465676069, out=40.5, setpoint=1200.0, response=1196.0
GetPercentOutput ===>> 26.4
GetSetpoint ===>> 1200.0
GetProcessValue ===>> 1196.0
response t=164.471088171, out=26.4, setpoint=1200.0, response=1196.0
GetPercentOutput ===>> 8.4
GetSetpoint ===>> 1200.0
GetProcessValue ===>> 1205.0
response t=166.472779989, out=8.4, setpoint=1200.0, response=1205.0
GetPercentOutput ===>> 30.5
GetSetpoint ===>> 1200.0
GetProcessValue ===>> 1201.0
response t=168.479331017, out=30.5, setpoint=1200.0, response=1201.0
GetPercentOutput ===>> 39.0
GetSetpoint ===>> 1200.0
GetProcessValue ===>> 1194.0
response t=170.486469984, out=39.0, setpoint=1200.0, response=1194.0
GetPercentOutput ===>> 13.6
GetSetpoint ===>> 1200.0
GetProcessValue ===>> 1201.0
response t=172.492753029, out=13.6, setpoint=1200.0, response=1201.0
GetPercentOutput ===>> 15.4
GetSetpoint ===>> 1200.0
GetProcessValue ===>> 1205.0
response t=174.497895002, out=15.4, setpoint=1200.0, response=1205.0
GetPercentOutput ===>> 39.0
GetSetpoint ===>> 1200.0
GetProcessValue ===>> 1197.0
response t=176.503937006, out=39.0, setpoint=1200.0, response=1197.0
GetPercentOutput ===>> 28.0
GetSetpoint ===>> 1200.0
GetProcessValue ===>> 1196.0
response t=178.511275053, out=28.0, setpoint=1200.0, response=1196.0
GetPercentOutput ===>> 9.0
GetSetpoint ===>> 1200.0
GetProcessValue ===>> 1205.0
response t=180.512712955, out=9.0, setpoint=1200.0, response=1205.0
GetPercentOutput ===>> 27.0
GetSetpoint ===>> 1200.0
GetProcessValue ===>> 1202.0
response t=182.519158125, out=27.0, setpoint=1200.0, response=1202.0
GetPercentOutput ===>> 39.0
GetSetpoint ===>> 1200.0
GetProcessValue ===>> 1195.0
response t=184.524055004, out=39.0, setpoint=1200.0, response=1195.0
GetPercentOutput ===>> 16.3
GetSetpoint ===>> 1200.0
GetProcessValue ===>> 1200.0
response t=186.526213169, out=16.3, setpoint=1200.0, response=1200.0
GetPercentOutput ===>> 14.9
GetSetpoint ===>> 1200.0
GetProcessValue ===>> 1205.0
response t=188.534034014, out=14.9, setpoint=1200.0, response=1205.0
GetPercentOutput ===>> 36.3
GetSetpoint ===>> 1200.0
GetProcessValue ===>> 1198.0
response t=190.540184975, out=36.3, setpoint=1200.0, response=1198.0
GetPercentOutput ===>> 31.3
GetSetpoint ===>> 1200.0
GetProcessValue ===>> 1196.0
response t=192.54194808, out=31.3, setpoint=1200.0, response=1196.0
GetPercentOutput ===>> 11.3
GetSetpoint ===>> 1200.0
GetProcessValue ===>> 1203.0
response t=194.550297976, out=11.3, setpoint=1200.0, response=1203.0
GetPercentOutput ===>> 25.3
GetSetpoint ===>> 1200.0
GetProcessValue ===>> 1202.0
response t=196.552071095, out=25.3, setpoint=1200.0, response=1202.0
GetPercentOutput ===>> 38.0
GetSetpoint ===>> 1200.0
GetProcessValue ===>> 1195.0
response t=198.551825047, out=38.0, setpoint=1200.0, response=1195.0
GetPercentOutput ===>> 19.5
GetSetpoint ===>> 1200.0
GetProcessValue ===>> 1199.0
response t=200.556040049, out=19.5, setpoint=1200.0, response=1199.0
GetPercentOutput ===>> 14.5
GetSetpoint ===>> 1200.0
GetProcessValue ===>> 1204.0
response t=202.561484098, out=14.5, setpoint=1200.0, response=1204.0
GetPercentOutput ===>> 35.0
GetSetpoint ===>> 1200.0
GetProcessValue ===>> 1199.0
response t=204.565536022, out=35.0, setpoint=1200.0, response=1199.0
GetPercentOutput ===>> 31.7
GetSetpoint ===>> 1200.0
GetProcessValue ===>> 1196.0
response t=206.567314148, out=31.7, setpoint=1200.0, response=1196.0
GetPercentOutput ===>> 12.1
GetSetpoint ===>> 1200.0
GetProcessValue ===>> 1203.0
response t=208.575351954, out=12.1, setpoint=1200.0, response=1203.0
GetPercentOutput ===>> 23.0
GetSetpoint ===>> 1200.0
GetProcessValue ===>> 1203.0
response t=210.582682133, out=23.0, setpoint=1200.0, response=1203.0
GetPercentOutput ===>> 38.0
GetSetpoint ===>> 1200.0
GetProcessValue ===>> 1195.0
response t=212.587970018, out=38.0, setpoint=1200.0, response=1195.0
GetPercentOutput ===>> 19.4
GetSetpoint ===>> 1200.0
GetProcessValue ===>> 1199.0
response t=214.594362974, out=19.4, setpoint=1200.0, response=1199.0
GetPercentOutput ===>> 13.0
GetSetpoint ===>> 1200.0
GetProcessValue ===>> 1205.0
response t=216.599967003, out=13.0, setpoint=1200.0, response=1205.0
GetPercentOutput ===>> 34.3
GetSetpoint ===>> 1200.0
GetProcessValue ===>> 1199.0
response t=218.602005959, out=34.3, setpoint=1200.0, response=1199.0
GetPercentOutput ===>> 33.3
GetSetpoint ===>> 1200.0
GetProcessValue ===>> 1195.0
response t=220.604269981, out=33.3, setpoint=1200.0, response=1195.0
GetPercentOutput ===>> 11.0
GetSetpoint ===>> 1200.0
GetProcessValue ===>> 1203.0
response t=222.61046195, out=11.0, setpoint=1200.0, response=1203.0
GetPercentOutput ===>> 23.1
GetSetpoint ===>> 1200.0
GetProcessValue ===>> 1203.0
response t=224.618934155, out=23.1, setpoint=1200.0, response=1203.0
GetPercentOutput ===>> 39.0
GetSetpoint ===>> 1200.0
GetProcessValue ===>> 1196.0
response t=226.621330023, out=39.0, setpoint=1200.0, response=1196.0
GetPercentOutput ===>> 21.9
GetSetpoint ===>> 1200.0
GetProcessValue ===>> 1198.0
response t=228.628839016, out=21.9, setpoint=1200.0, response=1198.0
GetPercentOutput ===>> 12.5
GetSetpoint ===>> 1200.0
GetProcessValue ===>> 1205.0
response t=230.630893946, out=12.5, setpoint=1200.0, response=1205.0
GetPercentOutput ===>> 33.6
GetSetpoint ===>> 1200.0
GetProcessValue ===>> 1200.0
response t=232.637699127, out=33.6, setpoint=1200.0, response=1200.0
GetPercentOutput ===>> 34.6
GetSetpoint ===>> 1200.0
GetProcessValue ===>> 1195.0
response t=234.645087957, out=34.6, setpoint=1200.0, response=1195.0
GetPercentOutput ===>> 12.4
GetSetpoint ===>> 1200.0
GetProcessValue ===>> 1203.0
response t=236.646974087, out=12.4, setpoint=1200.0, response=1203.0
GetPercentOutput ===>> 20.3
GetSetpoint ===>> 1200.0
GetProcessValue ===>> 1204.0
response t=238.652209997, out=20.3, setpoint=1200.0, response=1204.0
GetPercentOutput ===>> 38.9
GetSetpoint ===>> 1200.0
GetProcessValue ===>> 1196.0
response t=240.657744169, out=38.9, setpoint=1200.0, response=1196.0
GetPercentOutput ===>> 23.6
GetSetpoint ===>> 1200.0
GetProcessValue ===>> 1198.0
response t=242.666397095, out=23.6, setpoint=1200.0, response=1198.0
GetPercentOutput ===>> 11.6
GetSetpoint ===>> 1200.0
GetProcessValue ===>> 1205.0
response t=244.666448116, out=11.6, setpoint=1200.0, response=1205.0
GetPercentOutput ===>> 30.7
GetSetpoint ===>> 1200.0
GetProcessValue ===>> 1201.0
response t=246.667547941, out=30.7, setpoint=1200.0, response=1201.0
GetPercentOutput ===>> 36.0
GetSetpoint ===>> 1200.0
GetProcessValue ===>> 1195.0
response t=248.672899008, out=36.0, setpoint=1200.0, response=1195.0
GetPercentOutput ===>> 13.4
GetSetpoint ===>> 1200.0
GetProcessValue ===>> 1202.0
response t=250.678343058, out=13.4, setpoint=1200.0, response=1202.0
GetPercentOutput ===>> 18.0
GetSetpoint ===>> 1200.0
GetProcessValue ===>> 1204.0
response t=252.684751987, out=18.0, setpoint=1200.0, response=1204.0
GetPercentOutput ===>> 38.1
GetSetpoint ===>> 1200.0
GetProcessValue ===>> 1197.0
response t=254.692538977, out=38.1, setpoint=1200.0, response=1197.0
GetPercentOutput ===>> 25.7
GetSetpoint ===>> 1200.0
GetProcessValue ===>> 1197.0
response t=256.701272964, out=25.7, setpoint=1200.0, response=1197.0
GetPercentOutput ===>> 10.7
GetSetpoint ===>> 1200.0
GetProcessValue ===>> 1205.0
response t=258.702893019, out=10.7, setpoint=1200.0, response=1205.0
GetPercentOutput ===>> 29.0
GetSetpoint ===>> 1200.0
GetProcessValue ===>> 1201.0
response t=260.70879817, out=29.0, setpoint=1200.0, response=1201.0
GetPercentOutput ===>> 37.7
GetSetpoint ===>> 1200.0
GetProcessValue ===>> 1195.0
response t=262.716313124, out=37.7, setpoint=1200.0, response=1195.0
GetPercentOutput ===>> 15.1
GetSetpoint ===>> 1200.0
GetProcessValue ===>> 1201.0
response t=264.724353075, out=15.1, setpoint=1200.0, response=1201.0
GetPercentOutput ===>> 17.5
GetSetpoint ===>> 1200.0
GetProcessValue ===>> 1205.0
response t=266.728754997, out=17.5, setpoint=1200.0, response=1205.0
GetPercentOutput ===>> 37.9
GetSetpoint ===>> 1200.0
GetProcessValue ===>> 1197.0
response t=268.736238956, out=37.9, setpoint=1200.0, response=1197.0
GetPercentOutput ===>> 27.7
GetSetpoint ===>> 1200.0
GetProcessValue ===>> 1197.0
response t=270.744104147, out=27.7, setpoint=1200.0, response=1197.0
GetPercentOutput ===>> 10.5
GetSetpoint ===>> 1200.0
GetProcessValue ===>> 1204.0
response t=272.749117136, out=10.5, setpoint=1200.0, response=1204.0
GetPercentOutput ===>> 28.9
GetSetpoint ===>> 1200.0
GetProcessValue ===>> 1201.0
response t=274.752189159, out=28.9, setpoint=1200.0, response=1201.0
GetPercentOutput ===>> 37.5
GetSetpoint ===>> 1200.0
GetProcessValue ===>> 1195.0
response t=276.759359121, out=37.5, setpoint=1200.0, response=1195.0
GetPercentOutput ===>> 15.8
GetSetpoint ===>> 1200.0
GetProcessValue ===>> 1201.0
response t=278.767311096, out=15.8, setpoint=1200.0, response=1201.0
GetPercentOutput ===>> 16.4
GetSetpoint ===>> 1200.0
GetProcessValue ===>> 1205.0
response t=280.775357008, out=16.4, setpoint=1200.0, response=1205.0
GetPercentOutput ===>> 37.2
GetSetpoint ===>> 1200.0
GetProcessValue ===>> 1198.0
response t=282.780480146, out=37.2, setpoint=1200.0, response=1198.0
GetPercentOutput ===>> 28.0
GetSetpoint ===>> 1200.0
GetProcessValue ===>> 1197.0
response t=284.785853148, out=28.0, setpoint=1200.0, response=1197.0
GetPercentOutput ===>> 11.5
GetSetpoint ===>> 1200.0
GetProcessValue ===>> 1204.0
response t=286.787929058, out=11.5, setpoint=1200.0, response=1204.0
GetPercentOutput ===>> 26.9
GetSetpoint ===>> 1200.0
GetProcessValue ===>> 1202.0
response t=288.796225071, out=26.9, setpoint=1200.0, response=1202.0
GetPercentOutput ===>> 37.1
GetSetpoint ===>> 1200.0
GetProcessValue ===>> 1195.0
response t=290.805130959, out=37.1, setpoint=1200.0, response=1195.0
GetPercentOutput ===>> 17.0
GetSetpoint ===>> 1200.0
GetProcessValue ===>> 1200.0
response t=292.8107481, out=17.0, setpoint=1200.0, response=1200.0
GetPercentOutput ===>> 16.5
GetSetpoint ===>> 1200.0
GetProcessValue ===>> 1204.0
response t=294.819365025, out=16.5, setpoint=1200.0, response=1204.0
GetPercentOutput ===>> 35.3
GetSetpoint ===>> 1200.0
GetProcessValue ===>> 1198.0
response t=296.827887058, out=35.3, setpoint=1200.0, response=1198.0
GetPercentOutput ===>> 29.1
GetSetpoint ===>> 1200.0
GetProcessValue ===>> 1196.0
response t=298.834696054, out=29.1, setpoint=1200.0, response=1196.0
GetPercentOutput ===>> 12.1
GetSetpoint ===>> 1200.0
GetProcessValue ===>> 1204.0
response t=300.837805986, out=12.1, setpoint=1200.0, response=1204.0
GetPercentOutput ===>> 26.2
GetSetpoint ===>> 1200.0
GetProcessValue ===>> 1202.0
response t=302.845199108, out=26.2, setpoint=1200.0, response=1202.0
GetPercentOutput ===>> 37.6
GetSetpoint ===>> 1200.0
GetProcessValue ===>> 1196.0
response t=304.854225159, out=37.6, setpoint=1200.0, response=1196.0
GetPercentOutput ===>> 18.0
GetSetpoint ===>> 1200.0
GetProcessValue ===>> 1200.0
response t=306.862421989, out=18.0, setpoint=1200.0, response=1200.0
GetPercentOutput ===>> 16.1
GetSetpoint ===>> 1200.0
GetProcessValue ===>> 1204.0
response t=308.865694046, out=16.1, setpoint=1200.0, response=1204.0
GetPercentOutput ===>> 34.6
GetSetpoint ===>> 1200.0
GetProcessValue ===>> 1198.0
response t=310.873198032, out=34.6, setpoint=1200.0, response=1198.0
GetPercentOutput ===>> 30.0
GetSetpoint ===>> 1200.0
GetProcessValue ===>> 1196.0
response t=312.880717039, out=30.0, setpoint=1200.0, response=1196.0
GetPercentOutput ===>> 13.4
GetSetpoint ===>> 1200.0
GetProcessValue ===>> 1203.0
response t=314.883620024, out=13.4, setpoint=1200.0, response=1203.0
GetPercentOutput ===>> 25.2
GetSetpoint ===>> 1200.0
GetProcessValue ===>> 1202.0
response t=316.888679981, out=25.2, setpoint=1200.0, response=1202.0
GetPercentOutput ===>> 36.9
GetSetpoint ===>> 1200.0
GetProcessValue ===>> 1196.0
response t=318.897511005, out=36.9, setpoint=1200.0, response=1196.0
GetPercentOutput ===>> 20.5
GetSetpoint ===>> 1200.0
GetProcessValue ===>> 1199.0
response t=320.904220104, out=20.5, setpoint=1200.0, response=1199.0
GetPercentOutput ===>> 16.0
GetSetpoint ===>> 1200.0
GetProcessValue ===>> 1204.0
response t=322.912172079, out=16.0, setpoint=1200.0, response=1204.0
GetPercentOutput ===>> 33.6
GetSetpoint ===>> 1200.0
GetProcessValue ===>> 1199.0
response t=324.91494298, out=33.6, setpoint=1200.0, response=1199.0
GetPercentOutput ===>> 31.1
GetSetpoint ===>> 1200.0
GetProcessValue ===>> 1196.0
response t=326.922085047, out=31.1, setpoint=1200.0, response=1196.0
GetPercentOutput ===>> 14.1
GetSetpoint ===>> 1200.0
GetProcessValue ===>> 1203.0
response t=328.924818993, out=14.1, setpoint=1200.0, response=1203.0
GetPercentOutput ===>> 23.0
GetSetpoint ===>> 1200.0
GetProcessValue ===>> 1202.0
response t=330.928692102, out=23.0, setpoint=1200.0, response=1202.0
GetPercentOutput ===>> 36.6
GetSetpoint ===>> 1200.0
GetProcessValue ===>> 1196.0
response t=332.937106133, out=36.6, setpoint=1200.0, response=1196.0
GetPercentOutput ===>> 20.8
GetSetpoint ===>> 1200.0
GetProcessValue ===>> 1199.0
response t=334.943572044, out=20.8, setpoint=1200.0, response=1199.0
GetPercentOutput ===>> 16.0
GetSetpoint ===>> 1200.0
GetProcessValue ===>> 1204.0
response t=336.951308012, out=16.0, setpoint=1200.0, response=1204.0
GetPercentOutput ===>> 32.5
GetSetpoint ===>> 1200.0
GetProcessValue ===>> 1199.0
response t=338.957167149, out=32.5, setpoint=1200.0, response=1199.0
GetPercentOutput ===>> 32.4
GetSetpoint ===>> 1200.0
GetProcessValue ===>> 1196.0
response t=340.959187031, out=32.4, setpoint=1200.0, response=1196.0
GetPercentOutput ===>> 14.0
GetSetpoint ===>> 1200.0
GetProcessValue ===>> 1203.0
response t=342.964075089, out=14.0, setpoint=1200.0, response=1203.0
GetPercentOutput ===>> 23.7
GetSetpoint ===>> 1200.0
GetProcessValue ===>> 1203.0
response t=344.972287178, out=23.7, setpoint=1200.0, response=1203.0
GetPercentOutput ===>> 36.6
GetSetpoint ===>> 1200.0
GetProcessValue ===>> 1196.0
response t=346.981309175, out=36.6, setpoint=1200.0, response=1196.0
GetPercentOutput ===>> 22.2
GetSetpoint ===>> 1200.0
GetProcessValue ===>> 1199.0
response t=348.990007162, out=22.2, setpoint=1200.0, response=1199.0
GetPercentOutput ===>> 15.3
GetSetpoint ===>> 1200.0
GetProcessValue ===>> 1204.0
response t=350.997410059, out=15.3, setpoint=1200.0, response=1204.0
GetPercentOutput ===>> 32.0
GetSetpoint ===>> 1200.0
GetProcessValue ===>> 1199.0
response t=353.004981995, out=32.0, setpoint=1200.0, response=1199.0
GetPercentOutput ===>> 32.6
GetSetpoint ===>> 1200.0
GetProcessValue ===>> 1196.0
response t=355.012680054, out=32.6, setpoint=1200.0, response=1196.0
GetPercentOutput ===>> 13.0
GetSetpoint ===>> 1200.0
GetProcessValue ===>> 1203.0
response t=357.013777018, out=13.0, setpoint=1200.0, response=1203.0
GetPercentOutput ===>> 23.1
GetSetpoint ===>> 1200.0
GetProcessValue ===>> 1203.0
response t=359.019368172, out=23.1, setpoint=1200.0, response=1203.0
GetPercentOutput ===>> 37.5
GetSetpoint ===>> 1200.0
GetProcessValue ===>> 1196.0
response t=361.028324127, out=37.5, setpoint=1200.0, response=1196.0
GetPercentOutput ===>> 22.3
GetSetpoint ===>> 1200.0
GetProcessValue ===>> 1199.0
response t=363.036352158, out=22.3, setpoint=1200.0, response=1199.0
GetPercentOutput ===>> 13.8
GetSetpoint ===>> 1200.0
GetProcessValue ===>> 1204.0
response t=365.042404175, out=13.8, setpoint=1200.0, response=1204.0
Join finished
block finished. duration 361.930171013
Interval 1 finished
disable () {}
%%%%%%%%%%%%%%%%%%%%%%%%%%%%%%%%%%% disable
set extraction state False (0.75, 'red', 1.5)
disable
set setpoint=0.0
setting pid parameters for 0.0
{"pid": "HO,10;XP,10;TI,48;TD,8", "command": "SetPID"} ===>> OK
{"setpoint": 0.0, "command": "SetSetpoint"} ===>> OK
Furnace disabled.
sleep (60,) {}
SLEEP 60.0
block started
WaitControl setup for 60.0  
GetPercentOutput ===>> 0.0
GetSetpoint ===>> 0.0
GetProcessValue ===>> 1200.0
response t=367.048884153, out=0, setpoint=0, response=1200.0
GetPercentOutput ===>> 0.0
GetSetpoint ===>> 0.0
GetProcessValue ===>> 1188.0
response t=369.051273108, out=0, setpoint=0, response=1188.0
GetPercentOutput ===>> 0.0
GetSetpoint ===>> 0.0
GetProcessValue ===>> 1171.0
response t=371.059748173, out=0, setpoint=0, response=1171.0
GetPercentOutput ===>> 0.0
GetSetpoint ===>> 0.0
GetProcessValue ===>> 1151.0
response t=373.067785025, out=0, setpoint=0, response=1151.0
GetPercentOutput ===>> 0.0
GetSetpoint ===>> 0.0
GetProcessValue ===>> 1131.0
response t=375.068837166, out=0, setpoint=0, response=1131.0
GetPercentOutput ===>> 0.0
GetSetpoint ===>> 0.0
GetProcessValue ===>> 1112.0
response t=377.07309103, out=0, setpoint=0, response=1112.0
GetPercentOutput ===>> 0.0
GetSetpoint ===>> 0.0
GetProcessValue ===>> 1094.0
response t=379.081593037, out=0, setpoint=0, response=1094.0
GetPercentOutput ===>> 0.0
GetSetpoint ===>> 0.0
GetProcessValue ===>> 1077.0
response t=381.083636999, out=0, setpoint=0, response=1077.0
GetPercentOutput ===>> 0.0
GetSetpoint ===>> 0.0
GetProcessValue ===>> 1061.0
response t=383.085659981, out=0, setpoint=0, response=1061.0
GetPercentOutput ===>> 0.0
GetSetpoint ===>> 0.0
GetProcessValue ===>> 1045.0
response t=385.092071056, out=0, setpoint=0, response=1045.0
GetPercentOutput ===>> 0.0
GetSetpoint ===>> 0.0
GetProcessValue ===>> 1031.0
response t=387.096415997, out=0, setpoint=0, response=1031.0
GetPercentOutput ===>> 0.0
GetSetpoint ===>> 0.0
GetProcessValue ===>> 1018.0
response t=389.098987103, out=0, setpoint=0, response=1018.0
GetPercentOutput ===>> 0.0
GetSetpoint ===>> 0.0
GetProcessValue ===>> 1004.0
response t=391.105771065, out=0, setpoint=0, response=1004.0
GetPercentOutput ===>> 0.0
GetSetpoint ===>> 0.0
GetProcessValue ===>> 992.0
response t=393.112555981, out=0, setpoint=0, response=992.0
GetPercentOutput ===>> 0.0
GetSetpoint ===>> 0.0
GetProcessValue ===>> 979.0
response t=395.11476016, out=0, setpoint=0, response=979.0
GetPercentOutput ===>> 0.0
GetSetpoint ===>> 0.0
GetProcessValue ===>> 968.0
response t=397.121245146, out=0, setpoint=0, response=968.0
GetPercentOutput ===>> 0.0
GetSetpoint ===>> 0.0
GetProcessValue ===>> 956.0
response t=399.126388073, out=0, setpoint=0, response=956.0
GetPercentOutput ===>> 0.0
GetSetpoint ===>> 0.0
GetProcessValue ===>> 946.0
response t=401.131806135, out=0, setpoint=0, response=946.0
GetPercentOutput ===>> 0.0
GetSetpoint ===>> 0.0
GetProcessValue ===>> 934.0
response t=403.139373064, out=0, setpoint=0, response=934.0
GetPercentOutput ===>> 0.0
GetSetpoint ===>> 0.0
GetProcessValue ===>> 925.0
response t=405.147109032, out=0, setpoint=0, response=925.0
GetPercentOutput ===>> 0.0
GetSetpoint ===>> 0.0
GetProcessValue ===>> 915.0
response t=407.154232979, out=0, setpoint=0, response=915.0
GetPercentOutput ===>> 0.0
GetSetpoint ===>> 0.0
GetProcessValue ===>> 906.0
response t=409.160751104, out=0, setpoint=0, response=906.0
GetPercentOutput ===>> 0.0
GetSetpoint ===>> 0.0
GetProcessValue ===>> 897.0
response t=411.169749022, out=0, setpoint=0, response=897.0
GetPercentOutput ===>> 0.0
GetSetpoint ===>> 0.0
GetProcessValue ===>> 887.0
response t=413.178215027, out=0, setpoint=0, response=887.0
GetPercentOutput ===>> 0.0
GetSetpoint ===>> 0.0
GetProcessValue ===>> 879.0
response t=415.180188179, out=0, setpoint=0, response=879.0
GetPercentOutput ===>> 0.0
GetSetpoint ===>> 0.0
GetProcessValue ===>> 871.0
response t=417.18688798, out=0, setpoint=0, response=871.0
GetPercentOutput ===>> 0.0
GetSetpoint ===>> 0.0
GetProcessValue ===>> 863.0
response t=419.194149971, out=0, setpoint=0, response=863.0
GetPercentOutput ===>> 0.0
GetSetpoint ===>> 0.0
GetProcessValue ===>> 854.0
response t=421.201642036, out=0, setpoint=0, response=854.0
GetPercentOutput ===>> 0.0
GetSetpoint ===>> 0.0
GetProcessValue ===>> 847.0
response t=423.206197023, out=0, setpoint=0, response=847.0
GetPercentOutput ===>> 0.0
GetSetpoint ===>> 0.0
GetProcessValue ===>> 839.0
response t=425.211789131, out=0, setpoint=0, response=839.0
Join finished
block finished. duration 60.3526771069
close ('B',) {}
GetPercentOutput ===>> 0.0
GetSetpoint ===>> 0.0
GetProcessValue ===>> 832.0
response t=427.218716145, out=0, setpoint=0, response=832.0
close name=B desc=---
checking ownership. requestor=129.138.12.137
check software interlocks B
interlocks []
actuate state mode=None-script, software_lock=False
doing actuation None-script close_channel True
Close B ===>> OK
GetIndicatorState B ===>> False
change switch state (True, True)
update switch state B False args=() kw={} ncanvase=5
07:04:38 -- CLOSE  VALVE-B (Bone to Diode Laser)
-------------------------- close B () result=[(True, True)]
action=close, ok=True, locked=[False]
close ('E',) {}
close name=E desc=---
checking ownership. requestor=129.138.12.137
check software interlocks E
interlocks []
actuate state mode=None-script, software_lock=False
doing actuation None-script close_channel False
Close E ===>> OK
GetIndicatorState E ===>> False
change switch state (True, True)
update switch state E False args=() kw={} ncanvase=5
07:04:38 -- CLOSE  VALVE-E (Bone to Minibone)
-------------------------- close E () result=[(True, True)]
action=close, ok=True, locked=[False]
close ('C',) {}
close name=C desc=---
checking ownership. requestor=129.138.12.137
check software interlocks C
interlocks []
actuate state mode=None-script, software_lock=False
doing actuation None-script close_channel True
Close C ===>> OK
GetIndicatorState C ===>> False
change switch state (True, True)
update switch state C False args=() kw={} ncanvase=5
07:04:39 -- CLOSE  VALVE-C (Bone to Turbo)
-------------------------- close C () result=[(True, True)]
action=close, ok=True, locked=[False]
sleep (2,) {}
SLEEP 2.0
block started
WaitControl setup for 2.0  
GetPercentOutput ===>> 0.0
GetSetpoint ===>> 0.0
GetProcessValue ===>> 824.0
response t=429.225157022, out=0, setpoint=0, response=824.0
Join finished
block finished. duration 2.05320477486
open ('J',) {}
open name=J desc=---
checking ownership. requestor=129.138.12.137
check software interlocks J
interlocks []
actuate state mode=None-script, software_lock=False
doing actuation None-script open_channel True
GetPercentOutput ===>> 0.0
Open J ===>> OK
GetSetpoint ===>> 0.0
GetProcessValue ===>> 817.0
response t=431.231363058, out=0, setpoint=0, response=817.0
GetIndicatorState J ===>> OK
change switch state (True, True)
update switch state J True args=() kw={} ncanvase=5
07:04:42 -- OPEN   VALVE-J (Bone to APIS)
-------------------------- open J () result=[(True, True)]
action=open, ok=True, locked=[False]
sleep (30,) {}
SLEEP 30.0
block started
WaitControl setup for 30.0  
GetPercentOutput ===>> 0.0
GetSetpoint ===>> 0.0
GetProcessValue ===>> 811.0
response t=433.236617088, out=0, setpoint=0, response=811.0
GetPercentOutput ===>> 0.0
GetSetpoint ===>> 0.0
GetProcessValue ===>> 804.0
response t=435.240371943, out=0, setpoint=0, response=804.0
GetPercentOutput ===>> 0.0
GetSetpoint ===>> 0.0
GetProcessValue ===>> 797.0
response t=437.247511148, out=0, setpoint=0, response=797.0
GetPercentOutput ===>> 0.0
GetSetpoint ===>> 0.0
GetProcessValue ===>> 791.0
response t=439.253883123, out=0, setpoint=0, response=791.0
GetPercentOutput ===>> 0.0
GetSetpoint ===>> 0.0
GetProcessValue ===>> 785.0
response t=441.261219978, out=0, setpoint=0, response=785.0
GetPercentOutput ===>> 0.0
GetSetpoint ===>> 0.0
GetProcessValue ===>> 779.0
response t=443.268051147, out=0, setpoint=0, response=779.0
GetPercentOutput ===>> 0.0
GetSetpoint ===>> 0.0
GetProcessValue ===>> 772.0
response t=445.267322063, out=0, setpoint=0, response=772.0
GetPercentOutput ===>> 0.0
GetSetpoint ===>> 0.0
GetProcessValue ===>> 766.0
response t=447.276134968, out=0, setpoint=0, response=766.0
GetPercentOutput ===>> 0.0
GetSetpoint ===>> 0.0
GetProcessValue ===>> 761.0
response t=449.284708023, out=0, setpoint=0, response=761.0
GetPercentOutput ===>> 0.0
GetSetpoint ===>> 0.0
GetProcessValue ===>> 755.0
response t=451.288268089, out=0, setpoint=0, response=755.0
GetPercentOutput ===>> 0.0
GetSetpoint ===>> 0.0
GetProcessValue ===>> 750.0
response t=453.29402113, out=0, setpoint=0, response=750.0
GetPercentOutput ===>> 0.0
GetSetpoint ===>> 0.0
GetProcessValue ===>> 744.0
response t=455.299518108, out=0, setpoint=0, response=744.0
GetPercentOutput ===>> 0.0
GetSetpoint ===>> 0.0
GetProcessValue ===>> 739.0
response t=457.299744129, out=0, setpoint=0, response=739.0
GetPercentOutput ===>> 0.0
GetSetpoint ===>> 0.0
GetProcessValue ===>> 733.0
response t=459.307814121, out=0, setpoint=0, response=733.0
GetPercentOutput ===>> 0.0
GetSetpoint ===>> 0.0
GetProcessValue ===>> 728.0
response t=461.31044817, out=0, setpoint=0, response=728.0
Join finished
block finished. duration 30.3237440586
close ('J',) {}
close name=J desc=---
checking ownership. requestor=129.138.12.137
check software interlocks J
interlocks []
actuate state mode=None-script, software_lock=False
doing actuation None-script close_channel True
Close J ===>> OK
GetIndicatorState J ===>> False
change switch state (True, True)
update switch state J False args=() kw={} ncanvase=5
07:05:13 -- CLOSE  VALVE-J (Bone to APIS)
-------------------------- close J () result=[(True, True)]
action=close, ok=True, locked=[False]
open ('FC',) {}
open name=FC desc=---
checking ownership. requestor=129.138.12.137
check software interlocks FC
interlocks []
actuate state mode=None-script, software_lock=False
doing actuation None-script open_channel True
GetPercentOutput ===>> 0.0
GetSetpoint ===>> 0.0
GetProcessValue ===>> 723.0
response t=463.315731049, out=0, setpoint=0, response=723.0
Open FC ===>> OK
GetIndicatorState FC ===>> OK
change switch state (True, True)
update switch state FC True args=() kw={} ncanvase=5
07:05:14 -- OPEN   VALVE-FC (Furnace Turbo)
-------------------------- open FC () result=[(True, True)]
action=open, ok=True, locked=[False]
sleep (30.0,) {}
SLEEP 30.0
block started
WaitControl setup for 30.0  
GetPercentOutput ===>> 0.0
GetSetpoint ===>> 0.0
GetProcessValue ===>> 718.0
response t=465.319275141, out=0, setpoint=0, response=718.0
GetPercentOutput ===>> 0.0
GetSetpoint ===>> 0.0
GetProcessValue ===>> 713.0
response t=467.326689005, out=0, setpoint=0, response=713.0
GetPercentOutput ===>> 0.0
GetSetpoint ===>> 0.0
GetProcessValue ===>> 708.0
response t=469.335036993, out=0, setpoint=0, response=708.0
GetPercentOutput ===>> 0.0
GetSetpoint ===>> 0.0
GetProcessValue ===>> 704.0
response t=471.341927052, out=0, setpoint=0, response=704.0
GetPercentOutput ===>> 0.0
GetSetpoint ===>> 0.0
GetProcessValue ===>> 699.0
response t=473.35000515, out=0, setpoint=0, response=699.0
GetPercentOutput ===>> 0.0
GetSetpoint ===>> 0.0
GetProcessValue ===>> 694.0
response t=475.35562396, out=0, setpoint=0, response=694.0
GetPercentOutput ===>> 0.0
GetSetpoint ===>> 0.0
GetProcessValue ===>> 690.0
response t=477.359176159, out=0, setpoint=0, response=690.0
GetPercentOutput ===>> 0.0
GetSetpoint ===>> 0.0
GetProcessValue ===>> 685.0
response t=479.366372108, out=0, setpoint=0, response=685.0
GetPercentOutput ===>> 0.0
GetSetpoint ===>> 0.0
GetProcessValue ===>> 681.0
response t=481.371744156, out=0, setpoint=0, response=681.0
GetPercentOutput ===>> 0.0
GetSetpoint ===>> 0.0
GetProcessValue ===>> 677.0
response t=483.37965703, out=0, setpoint=0, response=677.0
GetPercentOutput ===>> 0.0
GetSetpoint ===>> 0.0
GetProcessValue ===>> 673.0
response t=485.380486965, out=0, setpoint=0, response=673.0
GetPercentOutput ===>> 0.0
GetSetpoint ===>> 0.0
GetProcessValue ===>> 668.0
response t=487.388844967, out=0, setpoint=0, response=668.0
GetPercentOutput ===>> 0.0
GetSetpoint ===>> 0.0
GetProcessValue ===>> 664.0
response t=489.393648148, out=0, setpoint=0, response=664.0
GetPercentOutput ===>> 0.0
GetSetpoint ===>> 0.0
GetProcessValue ===>> 659.0
response t=491.401154041, out=0, setpoint=0, response=659.0
GetPercentOutput ===>> 0.0
GetSetpoint ===>> 0.0
GetProcessValue ===>> 655.0
response t=493.407749176, out=0, setpoint=0, response=655.0
Join finished
block finished. duration 30.2209599018
stop_response_recorder () {}
stop response recorder
executed snippet estimated_duration=1445.0, duration=494.592510939
felix_furnace.py completed successfully
get achieved output
Requested Output= 0.000
Achieved Output=  0.000
get response blob
get output blob
active pid =HO,10;XP,10;TI,48;TD,8
persistence save...
persistence save - db
AutomatedRunPersister post_extraction_save deprecated
persistence save - dvc
no extraction position for 
Extraction Finished
07:05:45 -- ******* Extraction Finished *******
no overlap. not waiting for min ms pumptime
07:05:45 -- Sending spectrometer configuration
======== Sending configuration ========
SetZFocus 1.65 ===>> OK
SetHV 9900.0 ===>> OK
SetZSymmetry 3.35 ===>> OK
SetExtractionLens 63.57 ===>> OK
SetIonRepeller -5.15 ===>> OK
SetElectronEnergy 125.02 ===>> OK
SetYSymmetry 38.07 ===>> OK
send trap current 250.0
GetParameter Trap Current Readback ===>> 248.383080021974
SetParameter Trap Current Set,250.0 ===>> OK
updating mftable name argon
Using mftable located at /Users/obama/PychronDev/setupfiles/spectrometer/mftables/argon.csv
============ MFtable ===========
Isotope  H2     H1     AX     L1     L2     L2(CDD)
Ar40     3.7651 3.8402 3.9183 3.9997 4.1076 4.0932
Ar39     3.6907 3.6475 3.8414 3.9242 4.0270 4.0122
Ar36     3.4643 3.4167 3.6059 3.6817 3.7906 3.7661
================================
get initial guess parabolic
get initial guess parabolic
get initial guess parabolic
get initial guess parabolic
get initial guess parabolic
get initial guess parabolic
======== Configuration Finished ========
GetYSymmetry ===>> 38.07
GetZSymmetry ===>> 3.35
GetParameter Trap Current Readback ===>> 248.494964292254
GetHighVoltage ===>> 9900
start measurement
do measurement
L#=65271 analysis type=unknown
Measurement Started felix_analysis400_120.py
07:05:45 -- ******* Measurement Started felix_analysis400_120.py *******
state changed from extraction to measurement
setting trap, emission, spec, defl, and gains
GetExtractionLens ===>> 63.57
GetYSymmetry ===>> 38.07
GetZSymmetry ===>> 3.35
GetZFocus ===>> 1.65
GetDeflection H2 (CDD) ===>> 3250
GetDeflection H1 (CDD) ===>> 3250
GetDeflection AX (CDD) ===>> 3250
GetDeflection L1 (CDD) ===>> 3250
GetDeflection L2 (CDD) ===>> 0
GetGain H2 ===>> 0.9809305
GetGain H1 ===>> 0.96569
GetGain AX ===>> 0.9535
GetGain L1 ===>> 0.970094835296087
GetGain L2 ===>> 0.967359864778375
GetGain H2(CDD) ===>> 0
GetGain H1(CDD) ===>> 0
GetGain AX(CDD) ===>> 0
GetGain L1(CDD) ===>> 0
GetGain L2(CDD) ===>> 0
GetParameter Trap Current Readback ===>> 247.935542940853
GetParameter Source Current Readback ===>> 892.428004638955
pre measurement save
New frame /Users/obama/PychronDev/data/isotopes/f9/a4150a-5392-4a45-bb31-85856777e3d8.h5
flush and close file /Users/obama/PychronDev/data/isotopes/f9/a4150a-5392-4a45-bb31-85856777e3d8.h5
testing...
no interpolation path defined
executed snippet estimated_duration=655.442112, duration=0.000348091125488
unknown measurement script
activate_detectors ('H2', 'H1', 'AX', 'L1', 'L2(CDD)') {}
activate detectors
*************** Set Analysis View Ar/Ar
create graphs
clearing graphs
clear isotope group
setting isotope det=H2, iso=Ar40
setting isotope det=H1, iso=Ar39
setting isotope det=AX, iso=Ar38
setting isotope det=L1, iso=Ar37
setting isotope det=L2(CDD), iso=Ar36
setting previous blanks
 - setting Ar40 blank 0.980+/-0.019
 - setting Ar36 blank 0.00634+/-0.00024
 - setting Ar37 blank 0.001+/-0.012
 - setting Ar38 blank 0.018+/-0.013
 - setting Ar39 blank 0.055+/-0.023
load analysis view
position_magnet ('Ar40',) {'detector': 'H2'}
detector Detector(H2)
POSITION Ar40 H2
setting detector H2 to Ar40 (39.9624)
setting detector H1 to Ar39 (38.8624)
setting detector AX to Ar38 (37.9624)
setting detector L1 to Ar37 (36.9624)
setting detector L2 to Ar36 (35.8624)
setting detector H2(CDD) to Ar40 (39.8624)
setting detector H1(CDD) to Ar39 (38.8624)
setting detector AX(CDD) to Ar38 (37.8624)
setting detector L1(CDD) to Ar37 (36.8624)
setting detector L2(CDD) to Ar36 (35.9624)
Mapping mass to dac mass func: "parabolic"
H2 map mass coeffs = [ -2.56720193e-04   9.47812314e-02   3.87364975e-01]
H2 map mass to dac 39.9624 >> 3.76507
GetHighVoltage ===>> 9900
positioning Ar40 (3.76507) on H2
setting magnet DAC
current  : 3.765066
requested: 3.765070
Delta Dac: 0.000004
Checking detector protection. dv=0.00000
SetMagnetDAC 3.76507 ===>> OK
Magnet settling time: 0.500 0.500
Magnet settling complete
set_dac. change=True
equilibrate () {'delay': 3, 'inlet': 'H', 'outlet': 'V', 'eqtime': 30.0}
Equilibration Started
07:05:46 -- ******* Equilibration Started *******
checking ownership. requestor=129.138.12.137
check software interlocks V
interlocks []
actuate state mode=None-script, software_lock=False
doing actuation None-script close_channel True
Close V ===>> OK
GetIndicatorState V ===>> False
change switch state (True, True)
update switch state V False args=() kw={} ncanvase=5
07:05:46 -- CLOSE  VALVE-V (Felix Ion Pump)
waiting 3s before opening inlet value ('H',)
update labels <pychron.experiment.plot_panel.PlotPanel object at 0x1b375e2f0>
update labels "<pychron.graph.stacked_regression_graph.StackedRegressionGraph object at 0x1f2d87f50>"
setting label 0 H2 Ar40
setting label 1 H1 Ar39
setting label 2 AX Ar38
setting label 3 L1 Ar37
setting label 4 L2(CDD) Ar36
update labels "<pychron.graph.stacked_graph.StackedGraph object at 0x1df6f5b30>"
setting label 0 H2 Ar40
setting label 1 H1 Ar39
setting label 2 AX Ar38
setting label 3 L1 Ar37
setting label 4 L2(CDD) Ar36
checking ownership. requestor=129.138.12.137
check software interlocks H
interlocks []
actuate state mode=None-script, software_lock=False
doing actuation None-script open_channel True
Open H ===>> OK
GetIndicatorState H ===>> OK
change switch state (True, True)
update switch state H True args=() kw={} ncanvase=5
07:05:50 -- OPEN   VALVE-H (Felix Inlet)
set_time_zero () {}
equilibrating for 30.0sec
sniff (30.0,) {}
py_sniff
build tables- sniff [Detector(H2), Detector(H1), Detector(AX), Detector(L1), Detector(L2(CDD))]
add group /sniff/Ar40 (Group) u'' table H2
add group /sniff/Ar39 (Group) u'' table H1
add group /sniff/Ar38 (Group) u'' table AX
add group /sniff/Ar37 (Group) u'' table L1
add group /sniff/Ar36 (Group) u'' table L2(CDD)
flush and close file /Users/obama/PychronDev/data/isotopes/f9/a4150a-5392-4a45-bb31-85856777e3d8.h5
measuring sniff. ncounts=30.0
starting measurement
"sniff" increment series count="1" fit count="0" regressing="False"
07:06:16 -- collecting point 25
Equilibration Finished
07:06:23 -- ******* Equilibration Finished *******
checking ownership. requestor=129.138.12.137
check software interlocks H
interlocks []
actuate state mode=None-script, software_lock=False
doing actuation None-script close_channel True
Close H ===>> OK
GetIndicatorState H ===>> False
change switch state (True, True)
update switch state H False args=() kw={} ncanvase=5
07:06:23 -- CLOSE  VALVE-H (Felix Inlet)
Post Equilibration Started felix_pump_extraction_line.py
07:06:23 -- ******* Post Equilibration Started felix_pump_extraction_line.py *******
testing...
no interpolation path defined
calculate duration
testing...
no interpolation path defined
executed snippet estimated_duration=4.0, duration=0.000315189361572
executed snippet estimated_duration=4.0, duration=0.0791831016541
Pump after analysis
doing GOSUB
testing...
no interpolation path defined
executed snippet estimated_duration=4.0, duration=0.000241041183472
Pump Bone
close () {'description': 'Felix Inlet'}
close name=--- desc=Felix Inlet
checking ownership. requestor=129.138.12.137
check software interlocks H
interlocks []
actuate state mode=None-script, software_lock=False
doing actuation None-script close_channel False
Close H ===>> OK
GetIndicatorState H ===>> False
change switch state (True, True)
update switch state H False args=() kw={} ncanvase=5
07:06:24 -- CLOSE  VALVE-H (Felix Inlet)
-------------------------- close None (Felix Inlet) result=[(True, True)]
action=close, ok=True, locked=[False]
is_closed ('A',) {}
is A () closed?
is closed False
close () {'description': 'CO2 Laser to Bone'}
close name=--- desc=CO2 Laser to Bone
checking ownership. requestor=129.138.12.137
check software interlocks F
interlocks []
actuate state mode=None-script, software_lock=True
VALVE-F(CO2 Laser to Bone) software locked
change switch state (True, False)
-------------------------- close None (CO2 Laser to Bone) result=[(True, False)]
action=close, ok=True, locked=[True]
sleep (1,) {}
SLEEP 1.0
waiting for write to finish
measurement finished
estimated time: 31.457 actual time: :33.926
flush and close file /Users/obama/PychronDev/data/isotopes/f9/a4150a-5392-4a45-bb31-85856777e3d8.h5
set_fits () {}
using default fits file=/Users/obama/PychronDev/scripts/measurement/fits/nominal.yaml
set "Ar40" to "('Parabolic', 'SEM')"
set "Ar36" to "('Parabolic', 'SEM')"
set "Ar37" to "('linear', 'SEM')"
set "Ar38" to "('linear', 'SEM')"
set "Ar39" to "('Parabolic', 'SEM')"
set_baseline_fits () {}
using default fits file=/Users/obama/PychronDev/scripts/measurement/fits/nominal.yaml
set "H2" to "('average', 'SEM')"
set "L2(CDD)" to "('average', 'SEM')"
set "L1" to "('average', 'SEM')"
set "AX" to "('average', 'SEM')"
set "H1" to "('average', 'SEM')"
multicollect () {'integration_time': 1.048576, 'ncounts': 400}
build tables- signal [Detector(H2), Detector(H1), Detector(AX), Detector(L1), Detector(L2(CDD))]
add group /signal/Ar40 (Group) u'' table H2
add group /signal/Ar39 (Group) u'' table H1
add group /signal/Ar38 (Group) u'' table AX
add group /signal/Ar37 (Group) u'' table L1
add group /signal/Ar36 (Group) u'' table L2(CDD)
flush and close file /Users/obama/PychronDev/data/isotopes/f9/a4150a-5392-4a45-bb31-85856777e3d8.h5
measuring signal. ncounts=400
close () {'description': 'CO2 Laser to Roughing'}
close name=--- desc=CO2 Laser to Roughing
checking ownership. requestor=129.138.12.137
check software interlocks G
interlocks []
actuate state mode=None-script, software_lock=True
VALVE-G(CO2 Laser to Roughing) software locked
change switch state (True, False)
-------------------------- close None (CO2 Laser to Roughing) result=[(True, False)]
action=close, ok=True, locked=[True]
open () {'description': 'Bone to Turbo'}
open name=--- desc=Bone to Turbo
checking ownership. requestor=129.138.12.137
check software interlocks C
interlocks []
actuate state mode=None-script, software_lock=False
doing actuation None-script open_channel True
Open C ===>> OK
starting measurement
"signal" increment series count="2" fit count="1" regressing="True"
GetIndicatorState C ===>> OK
change switch state (True, True)
update switch state C True args=() kw={} ncanvase=5
07:06:25 -- OPEN   VALVE-C (Bone to Turbo)
-------------------------- open None (Bone to Turbo) result=[(True, True)]
action=open, ok=True, locked=[False]
open () {'description': 'Bone to Getter GP-50'}
open name=--- desc=Bone to Getter GP-50
checking ownership. requestor=129.138.12.137
check software interlocks N
interlocks []
actuate state mode=None-script, software_lock=False
doing actuation None-script open_channel False
Open N ===>> OK
GetIndicatorState N ===>> OK
change switch state (True, True)
update switch state N True args=() kw={} ncanvase=5
07:06:26 -- OPEN   VALVE-N (Bone to Getter GP-50)
-------------------------- open None (Bone to Getter GP-50) result=[(True, True)]
action=open, ok=True, locked=[False]
open () {'description': 'Bone to Diode Laser'}
open name=--- desc=Bone to Diode Laser
checking ownership. requestor=129.138.12.137
check software interlocks B
interlocks []
actuate state mode=None-script, software_lock=False
doing actuation None-script open_channel True
Open B ===>> OK
GetIndicatorState B ===>> OK
change switch state (True, True)
update switch state B True args=() kw={} ncanvase=5
07:06:26 -- OPEN   VALVE-B (Bone to Diode Laser)
-------------------------- open None (Bone to Diode Laser) result=[(True, True)]
action=open, ok=True, locked=[False]
open () {'description': 'Bone to CO2 Laser'}
open name=--- desc=Bone to CO2 Laser
checking ownership. requestor=129.138.12.137
check software interlocks D
interlocks []
actuate state mode=None-script, software_lock=False
doing actuation None-script open_channel False
Open D ===>> OK
GetIndicatorState D ===>> OK
change switch state (True, True)
update switch state D True args=() kw={} ncanvase=5
07:06:27 -- OPEN   VALVE-D (Bone to CO2 Laser)
-------------------------- open None (Bone to CO2 Laser) result=[(True, True)]
action=open, ok=True, locked=[False]
sleep (1,) {}
SLEEP 1.0
set_resource () {'name': 'CO2PumpTimeFlag', 'value': 30}
Set CO2PumpTimeFlag 30 ===>> OK
release ('FelixCO2Flag',) {}
release FelixCO2Flag
Set FelixCO2Flag 0 ===>> OK
executed snippet estimated_duration=6.0, duration=4.62268209457
PumpBone.py completed successfully
gosub finished
get_resource_value () {'name': 'FelixMiniboneFlag'}
Read FelixMiniboneFlag ===>> 0
Get Resource Value FelixMiniboneFlag=0.0
executed snippet estimated_duration=4.0, duration=4.68367981911
felix_pump_extraction_line.py completed successfully
Post Equilibration Finished
07:06:28 -- ******* Post Equilibration Finished *******
GetDeflection L2 (CDD) ===>> 0
testing L2_CDD_==3250
evaluate ot="L2(CDD).deflection==3250" t="L2_CDD_==3250", ctx="{'L2_CDD_': 0.0}"
GetDeflection L2 (CDD) ===>> 0
testing L2_CDD_==3250
evaluate ot="L2(CDD).deflection==3250" t="L2_CDD_==3250", ctx="{'L2_CDD_': 0.0}"
07:06:50 -- collecting point 25
GetDeflection L2 (CDD) ===>> 0
testing L2_CDD_==3250
evaluate ot="L2(CDD).deflection==3250" t="L2_CDD_==3250", ctx="{'L2_CDD_': 0.0}"
GetDeflection L2 (CDD) ===>> 0
testing L2_CDD_==3250
evaluate ot="L2(CDD).deflection==3250" t="L2_CDD_==3250", ctx="{'L2_CDD_': 0.0}"
07:07:17 -- collecting point 50
GetDeflection L2 (CDD) ===>> 0
testing L2_CDD_==3250
evaluate ot="L2(CDD).deflection==3250" t="L2_CDD_==3250", ctx="{'L2_CDD_': 0.0}"
GetDeflection L2 (CDD) ===>> 0
testing L2_CDD_==3250
evaluate ot="L2(CDD).deflection==3250" t="L2_CDD_==3250", ctx="{'L2_CDD_': 0.0}"
GetDeflection L2 (CDD) ===>> 0
testing L2_CDD_==3250
evaluate ot="L2(CDD).deflection==3250" t="L2_CDD_==3250", ctx="{'L2_CDD_': 0.0}"
07:07:43 -- collecting point 75
GetDeflection L2 (CDD) ===>> 0
testing L2_CDD_==3250
evaluate ot="L2(CDD).deflection==3250" t="L2_CDD_==3250", ctx="{'L2_CDD_': 0.0}"
GetDeflection L2 (CDD) ===>> 0
testing L2_CDD_==3250
evaluate ot="L2(CDD).deflection==3250" t="L2_CDD_==3250", ctx="{'L2_CDD_': 0.0}"
07:08:09 -- collecting point 100
GetDeflection L2 (CDD) ===>> 0
testing L2_CDD_==3250
evaluate ot="L2(CDD).deflection==3250" t="L2_CDD_==3250", ctx="{'L2_CDD_': 0.0}"
GetDeflection L2 (CDD) ===>> 0
testing L2_CDD_==3250
evaluate ot="L2(CDD).deflection==3250" t="L2_CDD_==3250", ctx="{'L2_CDD_': 0.0}"
GetDeflection L2 (CDD) ===>> 0
testing L2_CDD_==3250
evaluate ot="L2(CDD).deflection==3250" t="L2_CDD_==3250", ctx="{'L2_CDD_': 0.0}"
07:08:36 -- collecting point 125
GetDeflection L2 (CDD) ===>> 0
testing L2_CDD_==3250
evaluate ot="L2(CDD).deflection==3250" t="L2_CDD_==3250", ctx="{'L2_CDD_': 0.0}"
GetDeflection L2 (CDD) ===>> 0
testing L2_CDD_==3250
evaluate ot="L2(CDD).deflection==3250" t="L2_CDD_==3250", ctx="{'L2_CDD_': 0.0}"
07:09:02 -- collecting point 150
GetDeflection L2 (CDD) ===>> 0
testing L2_CDD_==3250
evaluate ot="L2(CDD).deflection==3250" t="L2_CDD_==3250", ctx="{'L2_CDD_': 0.0}"
GetDeflection L2 (CDD) ===>> 0
testing L2_CDD_==3250
evaluate ot="L2(CDD).deflection==3250" t="L2_CDD_==3250", ctx="{'L2_CDD_': 0.0}"
GetDeflection L2 (CDD) ===>> 0
testing L2_CDD_==3250
evaluate ot="L2(CDD).deflection==3250" t="L2_CDD_==3250", ctx="{'L2_CDD_': 0.0}"
07:09:29 -- collecting point 175
GetDeflection L2 (CDD) ===>> 0
testing L2_CDD_==3250
evaluate ot="L2(CDD).deflection==3250" t="L2_CDD_==3250", ctx="{'L2_CDD_': 0.0}"
GetDeflection L2 (CDD) ===>> 0
testing L2_CDD_==3250
evaluate ot="L2(CDD).deflection==3250" t="L2_CDD_==3250", ctx="{'L2_CDD_': 0.0}"
07:09:55 -- collecting point 200
GetDeflection L2 (CDD) ===>> 0
testing L2_CDD_==3250
evaluate ot="L2(CDD).deflection==3250" t="L2_CDD_==3250", ctx="{'L2_CDD_': 0.0}"
GetDeflection L2 (CDD) ===>> 0
testing L2_CDD_==3250
evaluate ot="L2(CDD).deflection==3250" t="L2_CDD_==3250", ctx="{'L2_CDD_': 0.0}"
GetDeflection L2 (CDD) ===>> 0
testing L2_CDD_==3250
evaluate ot="L2(CDD).deflection==3250" t="L2_CDD_==3250", ctx="{'L2_CDD_': 0.0}"
07:10:21 -- collecting point 225
GetDeflection L2 (CDD) ===>> 0
testing L2_CDD_==3250
evaluate ot="L2(CDD).deflection==3250" t="L2_CDD_==3250", ctx="{'L2_CDD_': 0.0}"
GetDeflection L2 (CDD) ===>> 0
testing L2_CDD_==3250
evaluate ot="L2(CDD).deflection==3250" t="L2_CDD_==3250", ctx="{'L2_CDD_': 0.0}"
07:10:47 -- collecting point 250
GetDeflection L2 (CDD) ===>> 0
testing L2_CDD_==3250
evaluate ot="L2(CDD).deflection==3250" t="L2_CDD_==3250", ctx="{'L2_CDD_': 0.0}"
GetDeflection L2 (CDD) ===>> 0
testing L2_CDD_==3250
evaluate ot="L2(CDD).deflection==3250" t="L2_CDD_==3250", ctx="{'L2_CDD_': 0.0}"
GetDeflection L2 (CDD) ===>> 0
testing L2_CDD_==3250
evaluate ot="L2(CDD).deflection==3250" t="L2_CDD_==3250", ctx="{'L2_CDD_': 0.0}"
07:11:14 -- collecting point 275
GetDeflection L2 (CDD) ===>> 0
testing L2_CDD_==3250
evaluate ot="L2(CDD).deflection==3250" t="L2_CDD_==3250", ctx="{'L2_CDD_': 0.0}"
GetDeflection L2 (CDD) ===>> 0
testing L2_CDD_==3250
evaluate ot="L2(CDD).deflection==3250" t="L2_CDD_==3250", ctx="{'L2_CDD_': 0.0}"
07:11:40 -- collecting point 300
GetDeflection L2 (CDD) ===>> 0
testing L2_CDD_==3250
evaluate ot="L2(CDD).deflection==3250" t="L2_CDD_==3250", ctx="{'L2_CDD_': 0.0}"
GetDeflection L2 (CDD) ===>> 0
testing L2_CDD_==3250
evaluate ot="L2(CDD).deflection==3250" t="L2_CDD_==3250", ctx="{'L2_CDD_': 0.0}"
GetDeflection L2 (CDD) ===>> 0
testing L2_CDD_==3250
evaluate ot="L2(CDD).deflection==3250" t="L2_CDD_==3250", ctx="{'L2_CDD_': 0.0}"
07:12:07 -- collecting point 325
GetDeflection L2 (CDD) ===>> 0
testing L2_CDD_==3250
evaluate ot="L2(CDD).deflection==3250" t="L2_CDD_==3250", ctx="{'L2_CDD_': 0.0}"
GetDeflection L2 (CDD) ===>> 0
testing L2_CDD_==3250
evaluate ot="L2(CDD).deflection==3250" t="L2_CDD_==3250", ctx="{'L2_CDD_': 0.0}"
07:12:33 -- collecting point 350
GetDeflection L2 (CDD) ===>> 0
testing L2_CDD_==3250
evaluate ot="L2(CDD).deflection==3250" t="L2_CDD_==3250", ctx="{'L2_CDD_': 0.0}"
GetDeflection L2 (CDD) ===>> 0
testing L2_CDD_==3250
evaluate ot="L2(CDD).deflection==3250" t="L2_CDD_==3250", ctx="{'L2_CDD_': 0.0}"
GetDeflection L2 (CDD) ===>> 0
testing L2_CDD_==3250
evaluate ot="L2(CDD).deflection==3250" t="L2_CDD_==3250", ctx="{'L2_CDD_': 0.0}"
07:12:59 -- collecting point 375
GetDeflection L2 (CDD) ===>> 0
testing L2_CDD_==3250
evaluate ot="L2(CDD).deflection==3250" t="L2_CDD_==3250", ctx="{'L2_CDD_': 0.0}"
GetDeflection L2 (CDD) ===>> 0
testing L2_CDD_==3250
evaluate ot="L2(CDD).deflection==3250" t="L2_CDD_==3250", ctx="{'L2_CDD_': 0.0}"
07:13:26 -- collecting point 400
waiting for write to finish
measurement finished
estimated time: 419.430 actual time: :421.794
flush and close file /Users/obama/PychronDev/data/isotopes/f9/a4150a-5392-4a45-bb31-85856777e3d8.h5
baselines () {'settling_time': 15.0, 'detector': 'H2', 'mass': 39.862, 'ncounts': 120}
%%%%%%%%%%%%%%%%%%%%%%%%%%%%%%%% Baseline
build tables- baseline [Detector(H2), Detector(H1), Detector(AX), Detector(L1), Detector(L2(CDD))]
add group baseline table H2
add group baseline table H1
add group baseline table AX
add group baseline table L1
add group baseline table L2(CDD)
flush and close file /Users/obama/PychronDev/data/isotopes/f9/a4150a-5392-4a45-bb31-85856777e3d8.h5
detector Detector(H2)
POSITION 39.862 H2
Mapping mass to dac mass func: "parabolic"
H2 map mass coeffs = [ -2.56720193e-04   9.47812314e-02   3.87364975e-01]
H2 map mass to dac 39.862 >> 3.75761141492
GetHighVoltage ===>> 9900
positioning 39.862 (3.75761141492) on H2
setting magnet DAC
current  : 3.765070
requested: 3.757611
Delta Dac: 0.007459
Checking detector protection. dv=0.00746
SetMagnetDAC 3.75761141492 ===>> OK
Magnet settling time: 0.500 0.500
Magnet settling complete
set_dac. change=True
Delaying 15.0s for detectors to settle
Join finished
measuring baseline. ncounts=120
"baseline" increment series count="2" fit count="1" regressing="True"
starting measurement
GetDeflection L2 (CDD) ===>> 0
testing L2_CDD_==3250
evaluate ot="L2(CDD).deflection==3250" t="L2_CDD_==3250", ctx="{'L2_CDD_': 0.0}"
GetDeflection L2 (CDD) ===>> 0
testing L2_CDD_==3250
evaluate ot="L2(CDD).deflection==3250" t="L2_CDD_==3250", ctx="{'L2_CDD_': 0.0}"
07:14:09 -- collecting point 25
GetDeflection L2 (CDD) ===>> 0
testing L2_CDD_==3250
evaluate ot="L2(CDD).deflection==3250" t="L2_CDD_==3250", ctx="{'L2_CDD_': 0.0}"
GetDeflection L2 (CDD) ===>> 0
testing L2_CDD_==3250
evaluate ot="L2(CDD).deflection==3250" t="L2_CDD_==3250", ctx="{'L2_CDD_': 0.0}"
07:14:35 -- collecting point 50
GetDeflection L2 (CDD) ===>> 0
testing L2_CDD_==3250
evaluate ot="L2(CDD).deflection==3250" t="L2_CDD_==3250", ctx="{'L2_CDD_': 0.0}"
GetDeflection L2 (CDD) ===>> 0
testing L2_CDD_==3250
evaluate ot="L2(CDD).deflection==3250" t="L2_CDD_==3250", ctx="{'L2_CDD_': 0.0}"
GetDeflection L2 (CDD) ===>> 0
testing L2_CDD_==3250
evaluate ot="L2(CDD).deflection==3250" t="L2_CDD_==3250", ctx="{'L2_CDD_': 0.0}"
07:15:02 -- collecting point 75
GetDeflection L2 (CDD) ===>> 0
testing L2_CDD_==3250
evaluate ot="L2(CDD).deflection==3250" t="L2_CDD_==3250", ctx="{'L2_CDD_': 0.0}"
GetDeflection L2 (CDD) ===>> 0
testing L2_CDD_==3250
evaluate ot="L2(CDD).deflection==3250" t="L2_CDD_==3250", ctx="{'L2_CDD_': 0.0}"
07:15:28 -- collecting point 100
GetDeflection L2 (CDD) ===>> 0
testing L2_CDD_==3250
evaluate ot="L2(CDD).deflection==3250" t="L2_CDD_==3250", ctx="{'L2_CDD_': 0.0}"
GetDeflection L2 (CDD) ===>> 0
testing L2_CDD_==3250
evaluate ot="L2(CDD).deflection==3250" t="L2_CDD_==3250", ctx="{'L2_CDD_': 0.0}"
waiting for write to finish
measurement finished
estimated time: 125.829 actual time: :126.460
flush and close file /Users/obama/PychronDev/data/isotopes/f9/a4150a-5392-4a45-bb31-85856777e3d8.h5
activate_detectors ('H1', 'L2(CDD)') {'peak_center': True}
peak_center () {'detector': 'H2', 'integration_time': 1.048576, 'isotope': 'Ar40'}
peak center: mean=347.854839376 threshold=100.0
peak center started
setup peak center. detector=['H2', 'H1', 'L2(CDD)'], isotope=Ar40
VersionedUnpickler [<apptools.sweet_pickle.versioned_unpickler.VersionedUnpickler object at 0x1b812c950>] using Updater [<apptools.sweet_pickle.updater.Updater object at 0x12bafcdd0>]
VersionedUnpickler [<apptools.sweet_pickle.versioned_unpickler.VersionedUnpickler object at 0x1b812c950>] using Updater [<apptools.sweet_pickle.updater.Updater object at 0x12bafcdd0>]
VersionedUnpickler [<apptools.sweet_pickle.versioned_unpickler.VersionedUnpickler object at 0x1e3db2890>] using Updater [<apptools.sweet_pickle.updater.Updater object at 0x12bafcdd0>]
setting integration time = 0.524288
SetIntegrationTime 0.524288 ===>> OK
Mapping mass to dac mass func: "parabolic"
H2 map mass coeffs = [ -2.56720193e-04   9.47812314e-02   3.87364975e-01]
H2 map mass to dac 39.9624 >> 3.76507
GetHighVoltage ===>> 9900
do peak center. <pychron.spectrometer.jobs.peak_center.PeakCenter object at 0x14d3eead0>
doing pc
starting peak center. center dac= 3.76507 step_width=0.0001
width = 0.0001
get scan parameters. half-width=0.002,window=0.002, i=0, scalar=1
Scan parameters center=3.76507 width=0.00400 (3.76307 - 3.76707)
Moving to starting dac 3.76307
setting magnet DAC
current  : 3.757611
requested: 3.763070
Delta Dac: 0.005459
Checking detector protection. dv=0.00546
SetMagnetDAC 3.76307 ===>> OK
Magnet settling time: 0.500 0.500
Magnet settling complete
set_dac. change=True
Wait until signal near baseline. tol= -0.04557711652. timeout= 10
Peak center failed to move to a baseline position
_do_sweep sm= 3.76307, em= 3.76707, stm= 0.0001
calculated step values: start=3.76307, end=3.76707, width=0.0001, nsteps=41.0
setting magnet DAC
current  : 3.763070
requested: 3.763070
Delta Dac: 0.000000
Checking detector protection. dv=0.00000
set_dac. change=False
setting magnet DAC
current  : 3.763070
requested: 3.763173
Delta Dac: 0.000103
Checking detector protection. dv=0.00010
Magnet settling time: 1.049 0.500
Magnet settling complete
set_dac. change=True
setting magnet DAC
current  : 3.763173
requested: 3.763275
Delta Dac: 0.000103
Checking detector protection. dv=0.00010
Magnet settling time: 1.049 0.500
Magnet settling complete
set_dac. change=True
setting magnet DAC
current  : 3.763275
requested: 3.763378
Delta Dac: 0.000103
Checking detector protection. dv=0.00010
Magnet settling time: 1.049 0.500
Magnet settling complete
set_dac. change=True
setting magnet DAC
current  : 3.763378
requested: 3.763480
Delta Dac: 0.000103
Checking detector protection. dv=0.00010
Magnet settling time: 1.049 0.500
Magnet settling complete
set_dac. change=True
setting magnet DAC
current  : 3.763480
requested: 3.763583
Delta Dac: 0.000103
Checking detector protection. dv=0.00010
Magnet settling time: 1.049 0.500
Magnet settling complete
set_dac. change=True
setting magnet DAC
current  : 3.763583
requested: 3.763685
Delta Dac: 0.000103
Checking detector protection. dv=0.00010
Magnet settling time: 1.049 0.500
Magnet settling complete
set_dac. change=True
setting magnet DAC
current  : 3.763685
requested: 3.763788
Delta Dac: 0.000103
Checking detector protection. dv=0.00010
Magnet settling time: 1.049 0.500
Magnet settling complete
set_dac. change=True
setting magnet DAC
current  : 3.763788
requested: 3.763891
Delta Dac: 0.000103
Checking detector protection. dv=0.00010
Magnet settling time: 1.049 0.500
Magnet settling complete
set_dac. change=True
setting magnet DAC
current  : 3.763891
requested: 3.763993
Delta Dac: 0.000103
Checking detector protection. dv=0.00010
Magnet settling time: 1.049 0.500
Magnet settling complete
set_dac. change=True
setting magnet DAC
current  : 3.763993
requested: 3.764096
Delta Dac: 0.000103
Checking detector protection. dv=0.00010
Magnet settling time: 1.049 0.500
Magnet settling complete
set_dac. change=True
setting magnet DAC
current  : 3.764096
requested: 3.764198
Delta Dac: 0.000103
Checking detector protection. dv=0.00010
Magnet settling time: 1.049 0.500
Magnet settling complete
set_dac. change=True
setting magnet DAC
current  : 3.764198
requested: 3.764301
Delta Dac: 0.000103
Checking detector protection. dv=0.00010
Magnet settling time: 1.049 0.500
Magnet settling complete
set_dac. change=True
setting magnet DAC
current  : 3.764301
requested: 3.764403
Delta Dac: 0.000103
Checking detector protection. dv=0.00010
Magnet settling time: 1.049 0.500
Magnet settling complete
set_dac. change=True
setting magnet DAC
current  : 3.764403
requested: 3.764506
Delta Dac: 0.000103
Checking detector protection. dv=0.00010
Magnet settling time: 1.049 0.500
Magnet settling complete
set_dac. change=True
setting magnet DAC
current  : 3.764506
requested: 3.764608
Delta Dac: 0.000103
Checking detector protection. dv=0.00010
Magnet settling time: 1.049 0.500
Magnet settling complete
set_dac. change=True
setting magnet DAC
current  : 3.764608
requested: 3.764711
Delta Dac: 0.000103
Checking detector protection. dv=0.00010
Magnet settling time: 1.049 0.500
Magnet settling complete
set_dac. change=True
setting magnet DAC
current  : 3.764711
requested: 3.764814
Delta Dac: 0.000103
Checking detector protection. dv=0.00010
Magnet settling time: 1.049 0.500
Magnet settling complete
set_dac. change=True
setting magnet DAC
current  : 3.764814
requested: 3.764916
Delta Dac: 0.000103
Checking detector protection. dv=0.00010
Magnet settling time: 1.049 0.500
Magnet settling complete
set_dac. change=True
setting magnet DAC
current  : 3.764916
requested: 3.765019
Delta Dac: 0.000103
Checking detector protection. dv=0.00010
Magnet settling time: 1.049 0.500
Magnet settling complete
set_dac. change=True
setting magnet DAC
current  : 3.765019
requested: 3.765121
Delta Dac: 0.000103
Checking detector protection. dv=0.00010
Magnet settling time: 1.049 0.500
Magnet settling complete
set_dac. change=True
setting magnet DAC
current  : 3.765121
requested: 3.765224
Delta Dac: 0.000103
Checking detector protection. dv=0.00010
Magnet settling time: 1.049 0.500
Magnet settling complete
set_dac. change=True
setting magnet DAC
current  : 3.765224
requested: 3.765326
Delta Dac: 0.000103
Checking detector protection. dv=0.00010
Magnet settling time: 1.049 0.500
Magnet settling complete
set_dac. change=True
setting magnet DAC
current  : 3.765326
requested: 3.765429
Delta Dac: 0.000103
Checking detector protection. dv=0.00010
Magnet settling time: 1.049 0.500
Magnet settling complete
set_dac. change=True
setting magnet DAC
current  : 3.765429
requested: 3.765532
Delta Dac: 0.000103
Checking detector protection. dv=0.00010
Magnet settling time: 1.049 0.500
Magnet settling complete
set_dac. change=True
setting magnet DAC
current  : 3.765532
requested: 3.765634
Delta Dac: 0.000103
Checking detector protection. dv=0.00010
Magnet settling time: 1.049 0.500
Magnet settling complete
set_dac. change=True
setting magnet DAC
current  : 3.765634
requested: 3.765737
Delta Dac: 0.000103
Checking detector protection. dv=0.00010
Magnet settling time: 1.049 0.500
Magnet settling complete
set_dac. change=True
setting magnet DAC
current  : 3.765737
requested: 3.765839
Delta Dac: 0.000103
Checking detector protection. dv=0.00010
Magnet settling time: 1.049 0.500
Magnet settling complete
set_dac. change=True
setting magnet DAC
current  : 3.765839
requested: 3.765942
Delta Dac: 0.000103
Checking detector protection. dv=0.00010
Magnet settling time: 1.049 0.500
Magnet settling complete
set_dac. change=True
setting magnet DAC
current  : 3.765942
requested: 3.766044
Delta Dac: 0.000103
Checking detector protection. dv=0.00010
Magnet settling time: 1.049 0.500
Magnet settling complete
set_dac. change=True
setting magnet DAC
current  : 3.766044
requested: 3.766147
Delta Dac: 0.000103
Checking detector protection. dv=0.00010
Magnet settling time: 1.049 0.500
Magnet settling complete
set_dac. change=True
setting magnet DAC
current  : 3.766147
requested: 3.766249
Delta Dac: 0.000103
Checking detector protection. dv=0.00010
Magnet settling time: 1.049 0.500
Magnet settling complete
set_dac. change=True
setting magnet DAC
current  : 3.766249
requested: 3.766352
Delta Dac: 0.000103
Checking detector protection. dv=0.00010
Magnet settling time: 1.049 0.500
Magnet settling complete
set_dac. change=True
setting magnet DAC
current  : 3.766352
requested: 3.766455
Delta Dac: 0.000103
Checking detector protection. dv=0.00010
Magnet settling time: 1.049 0.500
Magnet settling complete
set_dac. change=True
setting magnet DAC
current  : 3.766455
requested: 3.766557
Delta Dac: 0.000103
Checking detector protection. dv=0.00010
Magnet settling time: 1.049 0.500
Magnet settling complete
set_dac. change=True
setting magnet DAC
current  : 3.766557
requested: 3.766660
Delta Dac: 0.000103
Checking detector protection. dv=0.00010
Magnet settling time: 1.049 0.500
Magnet settling complete
set_dac. change=True
setting magnet DAC
current  : 3.766660
requested: 3.766762
Delta Dac: 0.000103
Checking detector protection. dv=0.00010
Magnet settling time: 1.049 0.500
Magnet settling complete
set_dac. change=True
setting magnet DAC
current  : 3.766762
requested: 3.766865
Delta Dac: 0.000103
Checking detector protection. dv=0.00010
Magnet settling time: 1.049 0.500
Magnet settling complete
set_dac. change=True
setting magnet DAC
current  : 3.766865
requested: 3.766967
Delta Dac: 0.000103
Checking detector protection. dv=0.00010
Magnet settling time: 1.049 0.500
Magnet settling complete
set_dac. change=True
setting magnet DAC
current  : 3.766967
requested: 3.767070
Delta Dac: 0.000103
Checking detector protection. dv=0.00010
Magnet settling time: 1.049 0.500
Magnet settling complete
set_dac. change=True
result of _do_sweep=True
result of _calculate_peak_center=([3.7638836272545095, 3.7650659919839682, 3.7662483567134268], [253.23560450941045, 342.799212750278, 253.86942071694978], 3.7650018637274552, 342.799212750278)
Failed to find a valid peak. No peak greater than 1.0. max = 0.0452724370186
new center pos Detector(H2) (Ar40) @ 3.76506599198
GetHighVoltage ===>> 9900
dac uncorrected for HV and deflection 3.76506599198
update mftable H2 Ar40 3.76506599198 message=automated run peakcenter
get initial guess parabolic
get initial guess parabolic
get initial guess parabolic
get initial guess parabolic
get initial guess parabolic
get initial guess parabolic
dump mftable to /Users/obama/PychronDev/setupfiles/spectrometer/mftables/argon.csv
add to repo msg=modified - automated run peakcenter
sweep finished
locally archiving mftable
setting magnet DAC
current  : 3.767070
requested: 3.765066
Delta Dac: 0.002004
Checking detector protection. dv=0.00200
SetMagnetDAC 3.76506599198 ===>> OK
Magnet settling time: 0.500 0.500
Magnet settling complete
set_dac. change=True
setting integration time = 1.048576
SetIntegrationTime 1.048576 ===>> OK
Failed to find a valid peak. No peak greater than 1.0. max = 0.0452724370186
flush and close file /Users/obama/PychronDev/data/isotopes/f9/a4150a-5392-4a45-bb31-85856777e3d8.h5
finished measure script
executed snippet estimated_duration=655.442112, duration=660.502724886
felix_analysis400_120.py completed successfully
Measurement Finished
07:16:46 -- ******* Measurement Finished *******
Post Measurement Started felix_pump_ms.py
07:16:46 -- ******* Post Measurement Started felix_pump_ms.py *******
testing...
no interpolation path defined
executed snippet estimated_duration=0, duration=4.00543212891e-05
Pumping spectrometer
open () {'name': 'V'}
open name=V desc=---
checking ownership. requestor=129.138.12.137
check software interlocks V
interlocks []
actuate state mode=None-script, software_lock=False
doing actuation None-script open_channel True
Open V ===>> OK
GetIndicatorState V ===>> OK
change switch state (True, True)
update switch state V True args=() kw={} ncanvase=5
07:16:46 -- OPEN   VALVE-V (Felix Ion Pump)
-------------------------- open V () result=[(True, True)]
action=open, ok=True, locked=[False]
executed snippet estimated_duration=0, duration=0.503782987595
felix_pump_ms.py completed successfully
setting _ms_pumptime
Post Measurement Finished
07:16:46 -- ******* Post Measurement Finished *******
$$$$$$$$$$$$$$$$$$$$ state at run end measurement
state changed from measurement to success
post measurement save measured=True aborted=False
Set filtering
setting fod for Ar40= {'filter_outliers': True, 'std_devs': 2, 'iterations': 2}
setting fod for H2= {'filter_outliers': True, 'std_devs': 2, 'iterations': 1}
setting fod for Ar36= {'filter_outliers': True, 'std_devs': 2, 'iterations': 2}
setting fod for L2(CDD)= {'filter_outliers': True, 'std_devs': 2, 'iterations': 1}
setting fod for Ar37= {'filter_outliers': True, 'std_devs': 2, 'iterations': 2}
setting fod for L1= {'filter_outliers': True, 'std_devs': 2, 'iterations': 1}
setting fod for Ar38= {'filter_outliers': True, 'std_devs': 2, 'iterations': 2}
setting fod for AX= {'filter_outliers': True, 'std_devs': 2, 'iterations': 1}
setting fod for Ar39= {'filter_outliers': True, 'std_devs': 2, 'iterations': 2}
setting fod for H1= {'filter_outliers': True, 'std_devs': 2, 'iterations': 1}
LabspyClient not enabled. Could not retrieve enironmentals
persistence save...
persistence save - db
post measurement save
7367941296 connecting to database sqlite://@/
connected to db sqlite://@/
create new session 7367941296
close session 7367941296
No database instance. Not saving post measurement to isotopedb database
$$$$$$$$$$$$$$$ auto_save_detector_ic=False
massspec enabled True
create new session 4811227216
MassSpec Database Version: 16.0
close session 4811227216
saving post measurement to secondary database
saving to massspec database 129.138.12.160/massspecdata
setting labnumber to 65271
setting aliquot to 9
setting step to AG
setting uuid to f9a4150a-5392-4a45-bb31-85856777e3d8
setting irradpos to 65271
setting extract_device to NMGRL Furnace
setting tray to 
setting position to 
setting power_requested to 1200.0
setting extract_value to 1200.0
setting duration to 360.0
setting duration_at_request to 360.0
setting first_stage_delay to 360.0
setting cleanup to 30.0
setting comment to AM-9 Kspar 2.31 mg
setting irradiation to NM-285
setting level to F
setting irradiation_level to F
setting sample to AM-9
setting material to Kspar
setting project to REEFenite
setting mass_spectrometer to Felix
no attribute chron_dosages
no attribute production_ratios
no attribute interference_corrections
no attribute production_name
no attribute j
Reference Isotope=Ar40
Reference Detector=H2
%%%%%%%%%%%%%%%%%%%% Comment: AM-9 Kspar 2.31 mg %%%%%%%%%%%%%%%%%%%
adding isotope Ar40 H2
add baseline dbdet= Ar40. original det= H2
get baseline data Ar40 H2
Get data baseline <pychron.processing.isotope.Baseline object at 0x1f3df0590> len t=120
baseline Ar40. v=-0.019612706215, e=0.0101014994076
get signal data Ar40 H2
Get data signal Ar40 360.84+/-0.04 len t=400
adding isotope Ar39 H1
add baseline dbdet= Ar39. original det= H1
get baseline data Ar39 H1
Get data baseline <pychron.processing.isotope.Baseline object at 0x1f3df0750> len t=120
baseline Ar39. v=-0.0534539922191, e=0.0120094575226
get signal data Ar39 H1
Get data signal Ar39 1.481+/-0.024 len t=400
adding isotope Ar38 AX
add baseline dbdet= Ar38. original det= AX
get baseline data Ar38 AX
Get data baseline <pychron.processing.isotope.Baseline object at 0x1f3df0910> len t=120
baseline Ar38. v=-0.107092907332, e=0.012793076531
get signal data Ar38 AX
Get data signal Ar38 0.004+/-0.013 len t=400
adding isotope Ar37 L1
add baseline dbdet= Ar37. original det= L1
get baseline data Ar37 L1
Get data baseline <pychron.processing.isotope.Baseline object at 0x1f3df0ad0> len t=120
baseline Ar37. v=-0.466849299706, e=0.0101767934074
get signal data Ar37 L1
Get data signal Ar37 -0.006+/-0.011 len t=400
adding isotope Ar36 L2(CDD)
add baseline dbdet= Ar36. original det= L2(CDD)
get baseline data Ar36 L2(CDD)
Get data baseline <pychron.processing.isotope.Baseline object at 0x1f3df0c90> len t=120
baseline Ar36. v=0.0, e=0.0
get signal data Ar36 L2(CDD)
Get data signal Ar36 0.01089+/-0.00033 len t=400
65271-09AG added analysis time 0.695237874985s
analysis added to mass spec database
mass spec save time= 0.707
persistence save - dvc
================= post measurement started
create new session 4699389200
close session 4699389200
---------------- Experiment Queue saving disabled
DVC saving peakcenter
Failed to find a valid peak. No peak greater than 1.0. max = 0.0452724370186
Smart pull ahead: 0 behind: 0
Up-to-date with origin
add to repo msg=modified - 44c6f8761147de90179e8a3952e48831c78a9a46.json
add to repo msg=modified - 71-09AG.json
add to repo msg=modified - 71-09AG.dat.json
add to repo msg=modified - 71-09AG.blan.json
add to repo msg=modified - 71-09AG.inte.json
add to repo msg=modified - 71-09AG.icfa.json
add to repo msg=modified - 71-09AG.base.json
not at valid file /Users/obama/PychronDev/data/.dvc/repositories/REEFenite/652/tags/71-09AG.tags.json
add to repo msg=modified - 71-09AG.peak.json
add to repo msg=modified - 71-09AG.extr.json
not at valid file /Users/obama/PychronDev/data/.dvc/repositories/REEFenite/652/monitor/71-09AG.moni.json
commit message=<COLLECTION>
add to repo msg=modified - 71-09AG.inte.json
add to repo msg=modified - 71-09AG.base.json
commit message=<ISOEVO> default collection fits
add to repo msg=modified - 71-09AG.blan.json
commit message=<BLANKS> preceding bu-NF-F-187
add to repo msg=modified - 71-09AG.icfa.json
commit message=<ICFactor> default
push repository <pychron.git_archive.repo_manager.GitRepoManager object at 0x1c5b9fcb0>
pushing to remote=origin, url=https://github.com
no changes to meta repo
create new session 4699389200
add association REEFenite
get identifier "65271"
setting analysis irradiation position=<pychron.dvc.dvc_orm.IrradiationPositionTbl object at 0x1beee3790>
close session 4699389200
================= post measurement finished
07:17:34 -- ******* Post Run Check *******
loading queue conditionals post_run_actions
queue conditionals path /Users/obama/PychronDev/queue_conditionals/normal.yaml
loading conditionals from /Users/obama/PychronDev/queue_conditionals/normal.yaml
loading system conditionals post_run_actions
loading conditionals from /Users/obama/PychronDev/setupfiles/spectrometer/default_conditionals.yaml
loading queue conditionals post_run_terminations
queue conditionals path /Users/obama/PychronDev/queue_conditionals/normal.yaml
loading conditionals from /Users/obama/PychronDev/queue_conditionals/normal.yaml
loading system conditionals post_run_terminations
loading conditionals from /Users/obama/PychronDev/setupfiles/spectrometer/default_conditionals.yaml
Checking default post run terminations n=1
GetDeflection L2 (CDD) ===>> 0
testing L2_CDD_==3250
evaluate ot="L2(CDD).deflection==3250" t="L2_CDD_==3250", ctx="{'L2_CDD_': 0.0}"
07:17:35 -- ******* Post Run Check Passed *******
07:17:35 -- Automated run 65271-09AG success duration: 1214.366 s
----------------- finish -----------------
----------------- stop -----------------
retroactive repository identifiers disabled
finish run. runs completed=33
update duration runid=65271-09AG, duration=1214.36615992, md5=0b64593d
loading script "felix_analysis400_120.py"
loading script "felix_pump_ms.py"
loading script "felix_furnace.py"
loading script "felix_pump_extraction_line.py"
testing...
no interpolation path defined
executed snippet estimated_duration=624.242112, duration=0.000375986099243
script duration name:analysis400_120 seconds:624.0
loading script "felix_analysis400_120.py"
loading script "felix_pump_ms.py"
loading script "felix_furnace.py"
loading script "felix_pump_extraction_line.py"
testing...
no interpolation path defined
executed snippet estimated_duration=0, duration=5.60283660889e-05
loading script "felix_analysis400_120.py"
loading script "felix_pump_ms.py"
loading script "felix_furnace.py"
loading script "felix_pump_extraction_line.py"
testing...
no interpolation path defined
executed snippet estimated_duration=184.0, duration=0.000552892684937
script duration name:furnace seconds:184.0
loading script "felix_analysis400_120.py"
loading script "felix_pump_ms.py"
loading script "felix_furnace.py"
loading script "felix_pump_extraction_line.py"
testing...
no interpolation path defined
calculate duration
testing...
no interpolation path defined
executed snippet estimated_duration=4.0, duration=0.000334024429321
executed snippet estimated_duration=4.0, duration=0.0219969749451
Script duration 808.0
Run total estimated duration= 809.000
analysis400_120 in script context. using previous estimated duration
script duration name:analysis400_120 seconds:624.0
pump_ms in script context. using previous estimated duration
furnace in script context. using previous estimated duration
script duration name:furnace seconds:184.0
pump_extraction_line in script context. using previous estimated duration
Script duration 808.0
Run total estimated duration= 809.000
script duration name:analysis400_120 seconds:624.0
script duration name:furnace seconds:184.0
Script duration 808.0
Run total estimated duration= 809.000
script duration name:analysis400_120 seconds:624.0
loading script "felix_analysis400_120.py"
loading script "felix_pump_ms.py"
loading script "felix_cocktail_x3.py"
loading script "felix_pump_extraction_line.py"
testing...
no interpolation path defined
calculate duration
testing...
no interpolation path defined
executed snippet estimated_duration=0, duration=9.60826873779e-05
calculate duration
testing...
no interpolation path defined
executed snippet estimated_duration=0, duration=0.000189065933228
calculate duration
testing...
no interpolation path defined
executed snippet estimated_duration=32.0, duration=0.000164985656738
calculate duration
testing...
no interpolation path defined
executed snippet estimated_duration=34.0, duration=0.000188112258911
calculate duration
testing...
no interpolation path defined
executed snippet estimated_duration=2.0, duration=0.000125885009766
calculate duration
testing...
no interpolation path defined
executed snippet estimated_duration=34.0, duration=0.0001380443573
calculate duration
testing...
no interpolation path defined
executed snippet estimated_duration=34.0, duration=0.000191926956177
calculate duration
testing...
no interpolation path defined
executed snippet estimated_duration=34.0, duration=0.000118970870972
calculate duration
testing...
no interpolation path defined
executed snippet estimated_duration=34.0, duration=0.000174999237061
calculate duration
testing...
no interpolation path defined
executed snippet estimated_duration=34.0, duration=0.000131845474243
executed snippet estimated_duration=244.0, duration=0.0961029529572
script duration name:cocktail_x3 seconds:244.0
Script duration 868.0
Run total estimated duration= 869.000
script duration name:analysis400_120 seconds:624.0
cocktail_x3 in script context. using previous estimated duration
script duration name:cocktail_x3 seconds:244.0
Script duration 868.0
Run total estimated duration= 869.000
script duration name:analysis400_120 seconds:624.0
script duration name:cocktail_x3 seconds:244.0
Script duration 868.0
Run total estimated duration= 869.000
script duration name:analysis400_120 seconds:624.0
loading script "felix_analysis400_120.py"
loading script "felix_pump_ms.py"
loading script "felix_air_x2.py"
loading script "felix_pump_extraction_line.py"
testing...
no interpolation path defined
calculate duration
testing...
no interpolation path defined
executed snippet estimated_duration=0, duration=9.79900360107e-05
calculate duration
testing...
no interpolation path defined
executed snippet estimated_duration=0, duration=0.000160932540894
calculate duration
testing...
no interpolation path defined
executed snippet estimated_duration=32.0, duration=0.000157117843628
calculate duration
testing...
no interpolation path defined
executed snippet estimated_duration=34.0, duration=0.000185966491699
calculate duration
testing...
no interpolation path defined
executed snippet estimated_duration=2.0, duration=0.000126838684082
calculate duration
testing...
no interpolation path defined
executed snippet estimated_duration=34.0, duration=0.000139951705933
calculate duration
testing...
no interpolation path defined
executed snippet estimated_duration=34.0, duration=0.000182151794434
calculate duration
testing...
no interpolation path defined
executed snippet estimated_duration=34.0, duration=0.000133991241455
executed snippet estimated_duration=174.0, duration=0.0367650985718
script duration name:air_x2 seconds:174.0
Script duration 798.0
Run total estimated duration= 799.000
script duration name:analysis400_120 seconds:624.0
air_x2 in script context. using previous estimated duration
script duration name:air_x2 seconds:174.0
Script duration 798.0
Run total estimated duration= 799.000
script duration name:analysis400_120 seconds:624.0
script duration name:air_x2 seconds:174.0
Script duration 798.0
Run total estimated duration= 799.000
script duration name:analysis400_120 seconds:624.0
script duration name:furnace seconds:184.0
Script duration 808.0
Run total estimated duration= 809.000
nruns=10 before=5.0, run_dur=8240.0, btw=540.0
write rem/ex queues
/Users/obama/PychronDev/experiments/rem/LoadFurnace.rem.txt
/Users/obama/PychronDev/experiments/rem/LoadFurnace.ex.txt
doing event level: 3
