do run
loading script "jan_unknown120_60.py"
loading script "jan_pump_ms.py"
loading script "jan_co2.py"
loading script "jan_pump_extraction_line.py"
testing...
no interpolation path defined
executed snippet estimated_duration=213.652928, duration=0.000179052352905
script duration name:unknown120_60 seconds:214.0
loading script "jan_unknown120_60.py"
loading script "jan_pump_ms.py"
loading script "jan_co2.py"
loading script "jan_pump_extraction_line.py"
testing...
no interpolation path defined
executed snippet estimated_duration=0, duration=1.78813934326e-05
loading script "jan_unknown120_60.py"
loading script "jan_pump_ms.py"
loading script "jan_co2.py"
loading script "jan_pump_extraction_line.py"
testing...
no interpolation path defined
calculate duration
testing...
no interpolation path defined
executed snippet estimated_duration=0, duration=4.10079956055e-05
calculate duration
testing...
no interpolation path defined
executed snippet estimated_duration=0, duration=6.89029693604e-05
executed snippet estimated_duration=0.0, duration=0.00179314613342
script duration name:co2 seconds:0.0
loading script "jan_unknown120_60.py"
loading script "jan_pump_ms.py"
loading script "jan_co2.py"
loading script "jan_pump_extraction_line.py"
testing...
no interpolation path defined
calculate duration
testing...
no interpolation path defined
executed snippet estimated_duration=4.0, duration=0.000109195709229
executed snippet estimated_duration=4.0, duration=0.000984907150269
Script duration 214.0
Run total estimated duration= 215.000
run duration: 0:03:35
doing event level: 2
08:51:06 -- Setting default integration. t=1.048576
setting integration time = 1.048576
SetIntegrationTime 1.048576 ===>> OK
----------------- start -----------------
**************** Experiment Type: Ar/Ar, Ar/Ar
create new session 5001404976
close session 5001404976
$$$$$ Clearing conditionals
adding conditionals 
Add queue conditionals
add default conditionals
adding default conditionals from /Users/jan/PychronDev/setupfiles/spectrometer/default_conditionals.yaml
Start automated run 65271-05C
loading script "jan_unknown120_60.py"
loading script "jan_pump_ms.py"
loading script "jan_co2.py"
loading script "jan_pump_extraction_line.py"
%%%%%%%%%%%%%%%%%% setting automated run 65271-05C
No value "sensitivity_multiplier" in metadata
$$$$$$$$$$$$$$$ auto_save_detector_ic=False
============================= Pre Extraction Check =============================
loading queue conditionals pre_run_terminations
loading system conditionals pre_run_terminations
loading conditionals from /Users/jan/PychronDev/setupfiles/spectrometer/default_conditionals.yaml
08:51:06 -- ******* Pre Extraction Check *******
Get a measurement from the spectrometer
GetData ===>> H2,-0.0258358938955322,H1,-0.672343957520753,AX,-0.0717703563445028,L1,-0.0554175150342974,L2,-0....
Pre Extraction Termination data. keys=H2,H1,AX,L1,L2,CDD, signals=-0.02584,-0.67234,-0.07177,-0.05542,-0.05392,0.00000
08:51:06 -- testing system defined conditionals
Checking default pre extraction terminations n=2
testing CDD
evaluate ot="CDD.inactive" t="CDD", ctx="{'CDD': False}"
GetDeflection CDD ===>> 50
testing CDD==2000
evaluate ot="CDD.deflection==2000" t="CDD==2000", ctx="{'CDD': 50.0}"
08:51:06 -- ******* Pre Extraction Check Passed *******
=================================================================================
08:51:06 -- stopping status monitor
stop 4988822832
Alive clients [4997662672]
08:51:06 -- starting status monitor
start 4988822832
Monitor already running
start extraction
do extraction
Analysis started at 08:51:06.363237
Extraction Started jan_co2.py
08:51:06 -- ******* Extraction Started jan_co2.py *******
state changed from not run to extraction
DO EXTRACTION <pychron.extraction_line.pyscript_runner.RemotePyScriptRunner object at 0x12cde6950>
testing...
no interpolation path defined
calculate duration
testing...
no interpolation path defined
executed snippet estimated_duration=0, duration=7.20024108887e-05
calculate duration
testing...
no interpolation path defined
executed snippet estimated_duration=0, duration=9.29832458496e-05
executed snippet estimated_duration=100.0, duration=0.00325608253479
Jan CO2 laser analysis
doing GOSUB
testing...
no interpolation path defined
executed snippet estimated_duration=0, duration=5.69820404053e-05
Waiting for CO2 access
wait ('FelixCO2Flag', 0) {}
waiting for FelixCO2Flag = 0
Read FelixCO2Flag ===>> 0
finished waiting
CO2 free
wait ('CO2PumpTimeFlag', 0) {}
waiting for CO2PumpTimeFlag = 0
Read CO2PumpTimeFlag ===>> 0
finished waiting
acquire ('JanCO2Flag',) {'clear': True}
acquire JanCO2Flag
Set JanCO2Flag 1 ===>> OK
JanCO2Flag acquired
set extraction state False (0.75, 'red', 1.5)
CO2 acquired
executed snippet estimated_duration=0, duration=0.0162761211395
WaitForCO2Access.py completed successfully
gosub finished
doing GOSUB
testing...
no interpolation path defined
executed snippet estimated_duration=0, duration=8.79764556885e-05
Prepare for CO2 analysis
close () {'description': 'Jan Inlet'}
closing name=--- desc=Jan Inlet
checking ownership. requestor=129.138.12.150
check software interlocks R
interlocks []
actuate state mode=None-script, software_lock=False
doing actuation None-script close_channel False
Close R ===>> OK
GetIndicatorState R ===>> False
change switch state (True, True)
update switch state R False args=() kw={} ncanvase=2
08:51:06 -- CLOSE  VALVE-R (Jan Inlet)
---------------------------------------- close None (Jan Inlet) result=[(True, True)]
action=close, ok=True, locked=[False]
open () {'description': 'Jan Ion Pump'}
opening name=--- desc=Jan Ion Pump
checking ownership. requestor=129.138.12.150
check software interlocks O
interlocks []
actuate state mode=None-script, software_lock=False
doing actuation None-script open_channel False
Open O ===>> OK
GetIndicatorState O ===>> OK
change switch state (True, True)
update switch state O True args=() kw={} ncanvase=2
08:51:07 -- OPEN   VALVE-O (Jan Ion Pump)
---------------------------------------- open None (Jan Ion Pump) result=[(True, True)], time=0.11 sec
action=open, ok=True, locked=[False]
close () {'description': 'Microbone to Minibone'}
closing name=--- desc=Microbone to Minibone
checking ownership. requestor=129.138.12.150
check software interlocks L
interlocks []
actuate state mode=None-script, software_lock=False
doing actuation None-script close_channel False
Close L ===>> OK
GetIndicatorState L ===>> False
change switch state (True, True)
update switch state L False args=() kw={} ncanvase=2
08:51:07 -- CLOSE  VALVE-L (Microbone to Minibone)
---------------------------------------- close None (Microbone to Minibone) result=[(True, True)]
action=close, ok=True, locked=[False]
open () {'description': 'Microbone to Turbo'}
opening name=--- desc=Microbone to Turbo
checking ownership. requestor=129.138.12.150
check software interlocks U
interlocks []
actuate state mode=None-script, software_lock=False
doing actuation None-script open_channel False
Open U ===>> OK
GetIndicatorState U ===>> OK
change switch state (True, True)
update switch state U True args=() kw={} ncanvase=2
08:51:08 -- OPEN   VALVE-U (Microbone to Turbo)
---------------------------------------- open None (Microbone to Turbo) result=[(True, True)], time=0.13 sec
action=open, ok=True, locked=[False]
open () {'description': 'Microbone to Inlet Pipette'}
opening name=--- desc=Microbone to Inlet Pipette
checking ownership. requestor=129.138.12.150
check software interlocks S
interlocks []
actuate state mode=None-script, software_lock=False
doing actuation None-script open_channel False
Open S ===>> OK
GetIndicatorState S ===>> OK
change switch state (True, True)
update switch state S True args=() kw={} ncanvase=2
08:51:08 -- OPEN   VALVE-S (Microbone to Inlet Pipette)
---------------------------------------- open None (Microbone to Inlet Pipette) result=[(True, True)], time=0.44 sec
action=open, ok=True, locked=[False]
open () {'description': 'Microbone to Getter D-50'}
opening name=--- desc=Microbone to Getter D-50
checking ownership. requestor=129.138.12.150
check software interlocks K
interlocks []
actuate state mode=None-script, software_lock=False
doing actuation None-script open_channel False
Open K ===>> OK
GetIndicatorState K ===>> OK
change switch state (True, True)
update switch state K True args=() kw={} ncanvase=2
08:51:09 -- OPEN   VALVE-K (Microbone to Getter D-50)
---------------------------------------- open None (Microbone to Getter D-50) result=[(True, True)], time=0.43 sec
action=open, ok=True, locked=[False]
open () {'description': 'Microbone to Getter NP-10'}
opening name=--- desc=Microbone to Getter NP-10
checking ownership. requestor=129.138.12.150
check software interlocks M
interlocks []
actuate state mode=None-script, software_lock=False
doing actuation None-script open_channel False
Open M ===>> OK
GetIndicatorState M ===>> OK
change switch state (True, True)
update switch state M True args=() kw={} ncanvase=2
08:51:10 -- OPEN   VALVE-M (Microbone to Getter NP-10)
---------------------------------------- open None (Microbone to Getter NP-10) result=[(True, True)], time=0.16 sec
action=open, ok=True, locked=[False]
close () {'description': 'CO2 Laser to Felix'}
closing name=--- desc=CO2 Laser to Felix
checking ownership. requestor=129.138.12.150
check software interlocks F
interlocks []
actuate state mode=None-script, software_lock=True
VALVE-F(CO2 Laser to Felix) software locked
change switch state (True, False)
---------------------------------------- close None (CO2 Laser to Felix) result=[(True, False)]
action=close, ok=True, locked=[True]
open () {'description': 'CO2 Laser to Jan'}
opening name=--- desc=CO2 Laser to Jan
checking ownership. requestor=129.138.12.150
check software interlocks A
interlocks []
actuate state mode=None-script, software_lock=False
doing actuation None-script open_channel False
Open A ===>> OK
GetIndicatorState A ===>> OK
change switch state (True, True)
update switch state A True args=() kw={} ncanvase=2
08:51:10 -- OPEN   VALVE-A (CO2 Laser to Jan)
---------------------------------------- open None (CO2 Laser to Jan) result=[(True, True)], time=0.12 sec
action=open, ok=True, locked=[False]
open () {'description': 'Microbone to CO2 Laser'}
opening name=--- desc=Microbone to CO2 Laser
checking ownership. requestor=129.138.12.150
check software interlocks T
interlocks []
actuate state mode=None-script, software_lock=False
doing actuation None-script open_channel False
Open T ===>> OK
GetIndicatorState T ===>> OK
change switch state (True, True)
update switch state T True args=() kw={} ncanvase=2
08:51:11 -- OPEN   VALVE-T (Microbone to CO2 Laser)
---------------------------------------- open None (Microbone to CO2 Laser) result=[(True, True)], time=0.45 sec
action=open, ok=True, locked=[False]
executed snippet estimated_duration=0, duration=5.01507997513
PrepareForCO2Analysis.py completed successfully
gosub finished
set_motor ('beam', '') {}
setting motor "beam" to 
move_to_position ('',) {'autocenter': True}
move not required. position is None
sleep (5,) {}
SLEEP 5.0
block started
WaitControl setup for 5.0  
Join finished
block finished. duration 5.05585312843
close () {'description': 'Microbone to Turbo'}
closing name=--- desc=Microbone to Turbo
checking ownership. requestor=129.138.12.150
check software interlocks U
interlocks []
actuate state mode=None-script, software_lock=False
doing actuation None-script close_channel True
Close U ===>> OK
GetIndicatorState U ===>> False
change switch state (True, True)
update switch state U False args=() kw={} ncanvase=2
08:51:16 -- CLOSE  VALVE-U (Microbone to Turbo)
---------------------------------------- close None (Microbone to Turbo) result=[(True, True)]
action=close, ok=True, locked=[False]
enable laser
enable () {}
set extraction state FusionsCO2 Enabled (False, 'red', 1.5)
enabling laser
Enable ===>> OK
begin interval
BEGIN INTERVAL Interval 1 waiting for 30.0
set extract to 0.25
block started
extract (0.25,) {}
WaitControl setup for 30.0  
GetPosition ===>> 7.97560,3.98780,1.00000
set extraction state FusionsCO2 ON! 0.25(watts) (0.75, 'red', 1.5)
extract sample to 0.25 (watts)
set laser output
SetLaserOutput 0.25,watts ===>> OK
COMPLETE INTERVAL waiting for Interval 1 to complete
Join finished
block finished. duration 30.1462500095
Interval 1 finished
end_extract () {}
ending extraction. set laser power to 0
set laser power 0
SetLaserPower 0 ===>> OK
disable () {}
%%%%%%%%%%%%%%%%%%%%%%%%%%%%%%%%%%% disable
set extraction state False (0.75, 'red', 1.5)
disabling laser
Disable ===>> OK
sleep (30.0,) {}
SLEEP 30.0
block started
WaitControl setup for 30.0  
Join finished
block finished. duration 30.1241528988
executed snippet estimated_duration=195.0, duration=71.4461548328
jan_co2.py completed successfully
GetAchievedOutput ===>> No Response
Requested Output= 0.000
Achieved Output=  0.000
GetResponseBlob ===>> No Response
GetOutputBlob ===>> No Response
persistence save...
persistence save - db
AutomatedRunPersister post_extraction_save deprecated
persistence save - dvc
no extraction position for 
create new session 4996344144
close session 4996344144
Extraction Finished
08:52:17 -- ******* Extraction Finished *******
no overlap. not waiting for min ms pumptime
08:52:17 -- Sending spectrometer configuration
======== Sending configuration ========
SetDeflection CDD,50.0 ===>> OK
SetDeflection H2,0.0 ===>> OK
SetDeflection H1,0.0 ===>> OK
SetDeflection L2,825.0 ===>> OK
SetDeflection L1,400.0 ===>> OK
SetDeflection AX,190.0 ===>> OK
SetZFocus 74.64 ===>> OK
SetZSymmetry -50.72 ===>> OK
SetExtractionLens 26.13 ===>> OK
SetIonRepeller -3.81 ===>> OK
SetElectronEnergy 75.08 ===>> OK
SetYSymmetry -2.81 ===>> OK
SetIonCounterVoltage 1590.0 ===>> OK
send trap current 200.0
GetParameter Trap Current Readback ===>> 198.035158395898
SetParameter Trap Current Set,200.0 ===>> OK
updating mftable name mftable
Using mftable located at /Users/jan/PychronDev/setupfiles/spectrometer/mftables/mftable.csv
============ MFtable ===========
Isotope  H2     H1     AX     L1     L2     CDD    
Ar40     5.8250 5.8785 5.9916 6.1649 6.2300 6.3931
Ar39     5.7242 5.7707 5.8841 6.0509 6.1151 6.2796
Ar36     5.4017 5.4397 5.5474 5.7098 5.7701 5.9307
================================
get initial guess parabolic
get initial guess parabolic
get initial guess parabolic
get initial guess parabolic
get initial guess parabolic
get initial guess parabolic
======== Configuration Finished ========
GetYSymmetry ===>> -2.81
GetZSymmetry ===>> -50.72
GetParameter Trap Current Readback ===>> 197.811389855338
GetHighVoltage ===>> 4500
start measurement
do measurement
L#=65271 analysis type=unknown
Measurement Started jan_unknown120_60.py
08:52:18 -- ******* Measurement Started jan_unknown120_60.py *******
state changed from extraction to measurement
setting spec, defl, and gains
GetExtractionLens ===>> 26.13
GetYSymmetry ===>> -2.81
GetZSymmetry ===>> -50.72
GetZFocus ===>> 74.64
GetDeflection H2 ===>> 0
GetDeflection H1 ===>> 0
GetDeflection AX ===>> 190
GetDeflection L1 ===>> 400
GetDeflection L2 ===>> 825
GetDeflection CDD ===>> 50
GetGain H2 ===>> 0.0113
GetGain H1 ===>> 0.99
GetGain AX ===>> 0.097049
GetGain L1 ===>> 0.010355
GetGain L2 ===>> 0.095649
GetGain CDD ===>> 0
pre measurement save
New frame /Users/jan/PychronDev/data/isotopes/cc/386105-6aaf-4946-9c92-64c6fc55d7ab.h5
flush and close file /Users/jan/PychronDev/data/isotopes/cc/386105-6aaf-4946-9c92-64c6fc55d7ab.h5
testing...
no interpolation path defined
executed snippet estimated_duration=226.132928, duration=0.000114917755127
unknown measurement script
activate_detectors ('H2', 'H1', 'AX', 'L1', 'L2', 'CDD') {}
activate detectors
*************** Set Analysis View Ar/Ar
create graphs
clearing graphs
clear isotope group
setting isotope det=H2, iso=PM41
setting isotope det=H1, iso=Ar40
setting isotope det=AX, iso=Ar39
setting isotope det=L1, iso=Ar38
setting isotope det=L2, iso=Ar37
setting isotope det=CDD, iso=Ar36
setting previous blanks
 - setting Ar40 blank 0.268+/-0.023
 - setting Ar36 blank 0.00342+/-0.00017
 - setting Ar37 blank 0.053+/-0.006
 - setting Ar38 blank 0.0060+/-0.0023
 - setting PM41 blank 0.01+/-0.07
 - setting Ar39 blank 0.004+/-0.008
load analysis view
position_magnet ('Ar40',) {'detector': 'H1'}
detector Detector(H1)
POSITION Ar40 H1
setting detector H2 to PM41 (40.9624)
setting detector H1 to Ar40 (39.9624)
setting detector AX to Ar39 (38.9624)
setting detector L1 to Ar38 (37.9624)
setting detector L2 to Ar37 (36.9624)
setting detector CDD to Ar36 (35.9624)
Mapping mass to dac mass func: "parabolic"
H1 map mass coeffs = [-0.00063987  0.15840543  0.57006999]
H1 map mass to dac 39.9624 >> 5.87846
GetDeflection H1 ===>> 0
GetHighVoltage ===>> 4500
positioning Ar40 (5.87846) on H1
setting magnet DAC
current  : 5.239116
requested: 5.878460
Delta Dac: 0.639344
Checking detector protection. dv=0.63934
Checking detector "CDD". Protection Threshold: 0.1 (V)
ProtectDetector CDD,On ===>> OK
GetDeflection CDD ===>> 2000
Protected = 2000
SetMagnetDAC 5.87846 ===>> OK
Magnet settling time: 0.500
GetMagnetMoving ===>> True
GetMagnetMoving ===>> True
GetMagnetMoving ===>> True
GetMagnetMoving ===>> True
GetMagnetMoving ===>> True
GetMagnetMoving ===>> True
GetMagnetMoving ===>> True
GetMagnetMoving ===>> True
GetMagnetMoving ===>> False
ProtectDetector CDD,Off ===>> OK
GetDeflection CDD ===>> 50
equilibrate () {'delay': 3, 'inlet': 'R', 'outlet': 'O', 'eqtime': 12.0}
Equilibration Started
08:52:21 -- ******* Equilibration Started *******
checking ownership. requestor=129.138.12.150
check software interlocks O
interlocks []
actuate state mode=None-script, software_lock=False
doing actuation None-script close_channel True
Close O ===>> OK
update labels <pychron.experiment.plot_panel.PlotPanel object at 0x178773290>
update labels "<pychron.graph.stacked_regression_graph.StackedRegressionGraph object at 0x173b34290>"
setting label 0 H2 PM41
setting label 1 H1 Ar40
setting label 2 AX Ar39
setting label 3 L1 Ar38
setting label 4 L2 Ar37
setting label 5 CDD Ar36
update labels "<pychron.graph.stacked_graph.StackedGraph object at 0x161afc470>"
setting label 0 H2 PM41
setting label 1 H1 Ar40
setting label 2 AX Ar39
setting label 3 L1 Ar38
setting label 4 L2 Ar37
setting label 5 CDD Ar36
GetIndicatorState O ===>> False
change switch state (True, True)
update switch state O False args=() kw={} ncanvase=2
08:52:21 -- CLOSE  VALVE-O (Jan Ion Pump)
waiting 3s before opening inlet value ('R',)
checking ownership. requestor=129.138.12.150
check software interlocks R
interlocks []
actuate state mode=None-script, software_lock=False
doing actuation None-script open_channel True
Open R ===>> OK
set states for children of R. state=True
handle state [('R', True)]
update switch state R True args=() kw={'refresh': False} ncanvase=2
refresh_canvas_needed fired
GetIndicatorState R ===>> OK
change switch state (True, True)
update switch state R True args=() kw={} ncanvase=2
08:52:24 -- OPEN   VALVE-R (Jan Inlet)
equilibrating for 12.0sec
set_time_zero () {}
sniff (12.0,) {}
py_sniff
build tables- sniff [Detector(H2), Detector(H1), Detector(AX), Detector(L1), Detector(L2), Detector(CDD)]
add group /sniff/PM41 (Group) '' table H2
add group /sniff/Ar40 (Group) '' table H1
add group /sniff/Ar39 (Group) '' table AX
add group /sniff/Ar38 (Group) '' table L1
add group /sniff/Ar37 (Group) '' table L2
add group /sniff/Ar36 (Group) '' table CDD
flush and close file /Users/jan/PychronDev/data/isotopes/cc/386105-6aaf-4946-9c92-64c6fc55d7ab.h5
measuring sniff. ncounts=12.0
"sniff" increment series count="1" fit count="0" regressing="False"
starting measurement
check iteration duration=1.69277191162e-05
GetData ===>> H2,-0.162548529554136,H1,-0.590257707136641,AX,0.246944318560987,L1,-0.00846476707156155,L2,0.177...
check iteration duration=2.69412994385e-05
GetData ===>> H2,0.828679879966908,H1,-0.519236413521184,AX,1.01377797263881,L1,0.12996050733581,L2,0.310840221...
check iteration duration=1.50203704834e-05
GetData ===>> H2,0.422521160657542,H1,-0.558104420125387,AX,0.384028559014804,L1,0.172724222429213,L2,0.0978625...
check iteration duration=2.88486480713e-05
GetData ===>> H2,0.0649593285824919,H1,-0.510873703274474,AX,0.169615238434027,L1,0.114314160066554,L2,0.015946...
check iteration duration=2.78949737549e-05
GetData ===>> H2,-0.00600740614757866,H1,-0.409573285761845,AX,0.0473547053492119,L1,0.0855049664873452,L2,-0.0...
check iteration duration=2.78949737549e-05
GetData ===>> H2,-0.132379386232196,H1,-0.436195098462326,AX,0.0451146911565801,L1,0.026805379813134,L2,-0.0287...
check iteration duration=4.10079956055e-05
GetData ===>> H2,-0.188016489965768,H1,-0.433603626060696,AX,0.0139919514664752,L1,0.0209878254760915,L2,0.0428...
check iteration duration=1.50203704834e-05
GetData ===>> H2,-0.151944607902363,H1,-0.243700892597456,AX,-0.0567572623417958,L1,0.00208129566030109,L2,0.10...
check iteration duration=4.6968460083e-05
GetData ===>> H2,-0.165714377961324,H1,-0.555513267220586,AX,0.0236108560098725,L1,-0.00398493981940209,L2,0.00...
check iteration duration=1.38282775879e-05
GetData ===>> H2,-0.171362106387164,H1,-0.284229102690402,AX,-0.0293915345903921,L1,0.0322858393991107,L2,0.022...
check iteration duration=3.09944152832e-05
GetData ===>> H2,-0.1062745844095,H1,-0.471179311140026,AX,0.0151173954224463,L1,0.0157987473366525,L2,0.062023...
Equilibration Finished
08:52:37 -- ******* Equilibration Finished *******
checking ownership. requestor=129.138.12.150
check software interlocks R
interlocks []
actuate state mode=None-script, software_lock=False
doing actuation None-script close_channel True
check iteration duration=2.88486480713e-05
GetData ===>> H2,-0.0783503049981335,H1,-0.265261164627224,AX,-0.141713165526829,L1,0.0205516959540738,L2,-0.02...
Close R ===>> OK
GetIndicatorState R ===>> False
change switch state (True, True)
update switch state R False args=() kw={} ncanvase=2
08:52:37 -- CLOSE  VALVE-R (Jan Inlet)
Post Equilibration Started jan_pump_extraction_line.py
08:52:37 -- ******* Post Equilibration Started jan_pump_extraction_line.py *******
testing...
no interpolation path defined
calculate duration
testing...
no interpolation path defined
executed snippet estimated_duration=4.0, duration=0.000236034393311
executed snippet estimated_duration=4.0, duration=0.00219106674194
Pump after analysis
doing GOSUB
testing...
no interpolation path defined
executed snippet estimated_duration=4.0, duration=0.000157117843628
Pump Microbone
close () {'description': 'Jan Inlet'}
closing name=--- desc=Jan Inlet
checking ownership. requestor=129.138.12.150
check software interlocks R
interlocks []
actuate state mode=None-script, software_lock=False
doing actuation None-script close_channel False
Close R ===>> OK
GetIndicatorState R ===>> False
change switch state (True, True)
update switch state R False args=() kw={} ncanvase=2
08:52:37 -- CLOSE  VALVE-R (Jan Inlet)
---------------------------------------- close None (Jan Inlet) result=[(True, True)]
check iteration duration=1.59740447998e-05
waiting for write to finish
action=close, ok=True, locked=[False]
is_closed ('F',) {}
is F () closed?
is closed True
open () {'description': 'CO2 Laser to Jan'}
opening name=--- desc=CO2 Laser to Jan
checking ownership. requestor=129.138.12.150
check software interlocks A
interlocks []
actuate state mode=None-script, software_lock=False
doing actuation None-script open_channel False
measurement finished
estimated time: 12.583 actual time: :12.745
flush and close file /Users/jan/PychronDev/data/isotopes/cc/386105-6aaf-4946-9c92-64c6fc55d7ab.h5
set_fits () {}
using default fits file=/Users/jan/PychronDev/scripts/measurement/fits/nominal_linear.yaml
set "Ar40" to "('Linear', 'SEM')"
No fit for "PM41". defaulting to linear. check the measurement script "jan_unknown120_60.py"
set "PM41" to "linear"
set "Ar36" to "('Linear', 'SEM')"
set "Ar37" to "('linear', 'SEM')"
set "Ar38" to "('linear', 'SEM')"
set "Ar39" to "('Linear', 'SEM')"
set_baseline_fits () {}
using default fits file=/Users/jan/PychronDev/scripts/measurement/fits/nominal_linear.yaml
Open A ===>> OK
set "H1" to "('average', 'SEM')"
set "H2" to "('average', 'SEM')"
set "CDD" to "('average', 'SEM')"
set "L2" to "('average', 'SEM')"
set "L1" to "('average', 'SEM')"
set "AX" to "('average', 'SEM')"
multicollect () {'integration_time': 1, 'ncounts': 120}
build tables- signal [Detector(H2), Detector(H1), Detector(AX), Detector(L1), Detector(L2), Detector(CDD)]
add group /signal/PM41 (Group) '' table H2
add group /signal/Ar40 (Group) '' table H1
add group /signal/Ar39 (Group) '' table AX
add group /signal/Ar38 (Group) '' table L1
add group /signal/Ar37 (Group) '' table L2
add group /signal/Ar36 (Group) '' table CDD
flush and close file /Users/jan/PychronDev/data/isotopes/cc/386105-6aaf-4946-9c92-64c6fc55d7ab.h5
measuring signal. ncounts=120
GetIndicatorState A ===>> OK
change switch state (True, True)
update switch state A True args=() kw={} ncanvase=2
08:52:38 -- OPEN   VALVE-A (CO2 Laser to Jan)
---------------------------------------- open None (CO2 Laser to Jan) result=[(True, True)], time=0.13 sec
action=open, ok=True, locked=[False]
sleep (1,) {}
SLEEP 1.0
starting measurement
check iteration duration=6.69956207275e-05
GetData ===>> H2,-0.0677686010220084,H1,-0.359861610538292,AX,0.122745466854882,L1,0.00105139816836261,L2,0.149...
close () {'description': 'CO2 Laser to Roughing'}
closing name=--- desc=CO2 Laser to Roughing
"signal" increment series count="2" fit count="1" regressing="True"
checking ownership. requestor=129.138.12.150
check software interlocks G
interlocks []
actuate state mode=None-script, software_lock=True
VALVE-G(CO2 Laser to Roughing) software locked
change switch state (True, False)
---------------------------------------- close None (CO2 Laser to Roughing) result=[(True, False)]
action=close, ok=True, locked=[True]
open () {'description': 'Microbone to Turbo'}
opening name=--- desc=Microbone to Turbo
checking ownership. requestor=129.138.12.150
check software interlocks U
interlocks []
actuate state mode=None-script, software_lock=False
doing actuation None-script open_channel True
check iteration duration=8.51154327393e-05
GetData ===>> H2,-0.000494503271496582,H1,-0.254775626562384,AX,-0.0133163801113111,L1,-0.0218459603084434,L2,0...
Open U ===>> OK
GetIndicatorState U ===>> OK
change switch state (True, True)
update switch state U True args=() kw={} ncanvase=2
08:52:40 -- OPEN   VALVE-U (Microbone to Turbo)
---------------------------------------- open None (Microbone to Turbo) result=[(True, True)], time=0.23 sec
action=open, ok=True, locked=[False]
open () {'description': 'Microbone to Getter NP-10'}
opening name=--- desc=Microbone to Getter NP-10
checking ownership. requestor=129.138.12.150
check software interlocks M
interlocks []
actuate state mode=None-script, software_lock=False
doing actuation None-script open_channel False
Open M ===>> OK
GetIndicatorState M ===>> OK
change switch state (True, True)
update switch state M True args=() kw={} ncanvase=2
08:52:40 -- OPEN   VALVE-M (Microbone to Getter NP-10)
---------------------------------------- open None (Microbone to Getter NP-10) result=[(True, True)], time=0.14 sec
action=open, ok=True, locked=[False]
open () {'description': 'Microbone to Getter D-50'}
opening name=--- desc=Microbone to Getter D-50
checking ownership. requestor=129.138.12.150
check software interlocks K
interlocks []
actuate state mode=None-script, software_lock=False
doing actuation None-script open_channel False
check iteration duration=5.41210174561e-05
GetData ===>> H2,-0.0482657925167728,H1,-0.376353912522775,AX,0.0657150225434867,L1,-0.0316623886188188,L2,0.06...
Open K ===>> OK
GetIndicatorState K ===>> OK
change switch state (True, True)
update switch state K True args=() kw={} ncanvase=2
08:52:41 -- OPEN   VALVE-K (Microbone to Getter D-50)
---------------------------------------- open None (Microbone to Getter D-50) result=[(True, True)], time=0.42 sec
action=open, ok=True, locked=[False]
open () {'description': 'Microbone to CO2 Laser'}
opening name=--- desc=Microbone to CO2 Laser
checking ownership. requestor=129.138.12.150
check software interlocks T
interlocks []
actuate state mode=None-script, software_lock=False
doing actuation None-script open_channel False
Open T ===>> OK
GetIndicatorState T ===>> OK
change switch state (True, True)
update switch state T True args=() kw={} ncanvase=2
08:52:41 -- OPEN   VALVE-T (Microbone to CO2 Laser)
---------------------------------------- open None (Microbone to CO2 Laser) result=[(True, True)], time=0.43 sec
check iteration duration=3.50475311279e-05
GetData ===>> H2,-0.0601642401490635,H1,-0.155216383172158,AX,-0.0614990998161537,L1,-0.0536954529909933,L2,0.0...
action=open, ok=True, locked=[False]
open () {'description': 'Microbone to Inlet Pipette'}
opening name=--- desc=Microbone to Inlet Pipette
checking ownership. requestor=129.138.12.150
check software interlocks S
interlocks []
actuate state mode=None-script, software_lock=False
doing actuation None-script open_channel False
Open S ===>> OK
GetIndicatorState S ===>> OK
change switch state (True, True)
update switch state S True args=() kw={} ncanvase=2
08:52:42 -- OPEN   VALVE-S (Microbone to Inlet Pipette)
---------------------------------------- open None (Microbone to Inlet Pipette) result=[(True, True)], time=0.43 sec
action=open, ok=True, locked=[False]
sleep (1,) {}
SLEEP 1.0
testing H1>-5.0
evaluate ot="H1.bs>-5.0" t="H1>-5.0", ctx="{'H1': None}"
check iteration duration=0.00104784965515
GetData ===>> H2,-0.184627253701932,H1,-0.247824478247195,AX,-0.0623570114960258,L1,-0.00922859755423375,L2,0.0...
set_resource () {'name': 'CO2PumpTimeFlag', 'value': 30}
Set CO2PumpTimeFlag 30 ===>> OK
release ('JanCO2Flag',) {}
release JanCO2Flag
Set JanCO2Flag 0 ===>> OK
executed snippet estimated_duration=6.0, duration=6.30065917969
PumpMicrobone.py completed successfully
gosub finished
get_resource_value () {'name': 'JanMiniboneFlag'}
Read JanMiniboneFlag ===>> 0
Get Resource Value JanMiniboneFlag=0.0
get resource value 0.0
get_resource_value () {'name': 'JanMiniboneFlag'}
Read JanMiniboneFlag ===>> 0
Get Resource Value JanMiniboneFlag=0.0
executed snippet estimated_duration=4.0, duration=6.31251382828
jan_pump_extraction_line.py completed successfully
Post Equilibration Finished
08:52:43 -- ******* Post Equilibration Finished *******
check iteration duration=6.50882720947e-05
GetData ===>> H2,-0.114812955790023,H1,-0.391903545312574,AX,-0.108707776378594,L1,-0.018685603466251,L2,0.0528...
check iteration duration=7.20024108887e-05
GetData ===>> H2,-0.137876138086203,H1,-0.126230388250485,AX,-0.0227460675401232,L1,-0.0321078724101646,L2,-0.0...
check iteration duration=8.51154327393e-05
GetData ===>> H2,-0.339904512075594,H1,-0.172301226116559,AX,-0.0570587063203724,L1,0.0168675750542772,L2,-0.07...
check iteration duration=6.29425048828e-05
GetData ===>> H2,-0.295788997882454,H1,-0.311089908070889,AX,-0.128289235554728,L1,0.0126565700340398,L2,-0.054...
testing H1>-5.0
evaluate ot="H1.bs>-5.0" t="H1>-5.0", ctx="{'H1': None}"
check iteration duration=0.00196313858032
GetData ===>> H2,-0.258663957880619,H1,-0.23439330749277,AX,0.0175539681519016,L1,-0.059575328725674,L2,0.02865...
check iteration duration=6.89029693604e-05
GetData ===>> H2,-0.28450202941875,H1,-0.273625952345228,AX,-0.0783429279181737,L1,-0.0275982340779641,L2,-0.06...
check iteration duration=6.98566436768e-05
GetData ===>> H2,-0.277658476559699,H1,-0.221786691783147,AX,-0.0607223354195897,L1,-0.0184409821042444,L2,0.11...
check iteration duration=3.69548797607e-05
GetData ===>> H2,-0.1317896625587,H1,0.0553638143707487,AX,-0.0345637830485823,L1,0.00290000726351285,L2,0.0731...
check iteration duration=8.01086425781e-05
GetData ===>> H2,-0.178477373727956,H1,-0.396968903191996,AX,-0.0695214380273527,L1,0.0203702812414718,L2,0.045...
testing H1>-5.0
evaluate ot="H1.bs>-5.0" t="H1>-5.0", ctx="{'H1': None}"
check iteration duration=0.000565052032471
GetData ===>> H2,-0.24973147120042,H1,-0.103842249690708,AX,-0.0173876118443691,L1,-0.0115521084862562,L2,-0.04...
check iteration duration=6.00814819336e-05
GetData ===>> H2,-0.180141328178428,H1,0.1053345842152,AX,-0.159416995918299,L1,-0.0139314128007982,L2,0.075584...
check iteration duration=8.98838043213e-05
GetData ===>> H2,-0.12264074914109,H1,-0.208355167376714,AX,-0.114107554562771,L1,-0.0259280168588155,L2,-0.017...
check iteration duration=4.10079956055e-05
GetData ===>> H2,-0.213025806056226,H1,0.0658527524593706,AX,-0.00857219439824602,L1,-0.0577228368288963,L2,0.0...
check iteration duration=6.60419464111e-05
GetData ===>> H2,-0.157546171599113,H1,-0.409337691299547,AX,-0.0771374101187156,L1,-0.0578676498659392,L2,0.02...
testing H1>-5.0
evaluate ot="H1.bs>-5.0" t="H1>-5.0", ctx="{'H1': None}"
check iteration duration=0.000578880310059
GetData ===>> H2,-0.132244131217558,H1,-0.0304291660139646,AX,-0.0899336830120725,L1,-0.0317665761125393,L2,0.0...
check iteration duration=6.89029693604e-05
GetData ===>> H2,-0.210069230671176,H1,-0.210829409264428,AX,-0.0714225888681193,L1,-0.0256080798977403,L2,0.10...
check iteration duration=6.50882720947e-05
GetData ===>> H2,-0.253023492986746,H1,-0.0944155134051208,AX,-0.062472944926689,L1,-0.0606426301011996,L2,0.00...
check iteration duration=6.79492950439e-05
GetData ===>> H2,-0.225892277846889,H1,-0.163935581278,AX,-0.00354936926225499,L1,-0.0758711993550323,L2,0.0173...
check iteration duration=7.48634338379e-05
GetData ===>> H2,-0.184575996021266,H1,0.175227183596481,AX,-0.00179769954133248,L1,-0.0200321135991342,L2,0.04...
testing H1>-5.0
evaluate ot="H1.bs>-5.0" t="H1>-5.0", ctx="{'H1': None}"
check iteration duration=0.000654935836792
08:53:04 -- collecting point 25
GetData ===>> H2,-0.236740127132116,H1,-0.147439736218724,AX,-0.0558181424223308,L1,0.0144310533842767,L2,-0.05...
check iteration duration=3.2901763916e-05
GetData ===>> H2,-0.119771906328375,H1,0.0415751548817483,AX,-0.0915678684153093,L1,-0.0203174594779321,L2,-0.0...
check iteration duration=8.20159912109e-05
GetData ===>> H2,-0.205222546614094,H1,0.0480569794161385,AX,-0.0618121225216849,L1,-0.0273562255250697,L2,0.01...
check iteration duration=5.10215759277e-05
GetData ===>> H2,-0.248607015041594,H1,-0.0996002294815481,AX,-0.0432261036601627,L1,-0.0196148706018392,L2,-0....
check iteration duration=5.10215759277e-05
GetData ===>> H2,-0.159588437557925,H1,0.0515925379758979,AX,-0.0724079268230987,L1,-0.0247225084213313,L2,0.02...
testing H1>-5.0
evaluate ot="H1.bs>-5.0" t="H1>-5.0", ctx="{'H1': None}"
check iteration duration=0.00124096870422
GetData ===>> H2,-0.0893606096161867,H1,-0.259723871862671,AX,0.00642744932565763,L1,-0.0201220343923051,L2,0.0...
check iteration duration=8.51154327393e-05
GetData ===>> H2,-0.113343120850914,H1,0.129142301195231,AX,-0.0673768025553655,L1,-0.0177286683820423,L2,0.022...
check iteration duration=7.20024108887e-05
GetData ===>> H2,-0.139659136841965,H1,0.197268538592233,AX,0.0214410080367951,L1,-0.0238836001960182,L2,-0.027...
check iteration duration=4.79221343994e-05
GetData ===>> H2,-0.141036409515268,H1,0.0517103901457212,AX,-0.0944652927883124,L1,-0.0193702718337175,L2,0.01...
check iteration duration=9.10758972168e-05
GetData ===>> H2,-0.226068672336611,H1,-0.0624817764814773,AX,-0.0350276484024537,L1,-0.0335196382171326,L2,0.0...
testing H1>-5.0
evaluate ot="H1.bs>-5.0" t="H1>-5.0", ctx="{'H1': None}"
check iteration duration=0.00053596496582
GetData ===>> H2,-0.201294629760891,H1,0.287796473948754,AX,-0.0452785084098486,L1,-0.0362469400745583,L2,0.028...
check iteration duration=6.98566436768e-05
GetData ===>> H2,-0.0771753472423891,H1,-0.111265741273316,AX,-0.0194173646197186,L1,-0.0443362824838389,L2,0.0...
check iteration duration=3.91006469727e-05
GetData ===>> H2,-0.168699860245416,H1,0.254672661438774,AX,-0.108997471657743,L1,-0.00205086157586278,L2,0.125...
check iteration duration=7.39097595215e-05
GetData ===>> H2,-0.18412141117101,H1,0.352514881305537,AX,-0.0586586625756711,L1,0.0212269237725682,L2,0.08519...
check iteration duration=8.60691070557e-05
GetData ===>> H2,-0.270867909609607,H1,0.0873023879110395,AX,-0.0287304875109437,L1,-0.00369701126129325,L2,-0....
testing H1>-5.0
evaluate ot="H1.bs>-5.0" t="H1>-5.0", ctx="{'H1': None}"
check iteration duration=0.00058913230896
GetData ===>> H2,-0.223178687401694,H1,0.184774448188124,AX,-0.0477135087517325,L1,-0.0219298712760098,L2,0.018...
check iteration duration=7.5101852417e-05
GetData ===>> H2,-0.344772052583782,H1,0.257265944815793,AX,0.0750051345791947,L1,-0.0122617634000898,L2,0.0242...
check iteration duration=7.70092010498e-05
GetData ===>> H2,-0.346758571165636,H1,-0.0319611158878814,AX,-0.105660129768441,L1,-0.016633717474618,L2,-0.05...
check iteration duration=5.60283660889e-05
GetData ===>> H2,-0.234672302452054,H1,0.142932181540348,AX,-0.104582421996116,L1,-0.024090936881221,L2,-0.0559...
check iteration duration=7.70092010498e-05
GetData ===>> H2,-0.147827067233895,H1,0.117474091069608,AX,0.0192480022745889,L1,-0.0206579456499638,L2,0.1227...
testing H1>-5.0
evaluate ot="H1.bs>-5.0" t="H1>-5.0", ctx="{'H1': None}"
check iteration duration=0.00127100944519
GetData ===>> H2,-0.17006951762511,H1,0.083177421889123,AX,-0.00556781051340198,L1,-0.0303725298860472,L2,-0.00...
check iteration duration=7.00950622559e-05
GetData ===>> H2,-0.223946369650481,H1,0.157193713021351,AX,-0.0319660962087964,L1,-0.0363763441353157,L2,0.103...
check iteration duration=4.10079956055e-05
GetData ===>> H2,-0.199974683737412,H1,0.217424432191174,AX,-0.0713994043254776,L1,-0.00477190253497483,L2,-0.1...
check iteration duration=6.19888305664e-05
GetData ===>> H2,-0.135716969163212,H1,0.292983221190738,AX,-0.0219457974418391,L1,-0.0112380222632997,L2,0.006...
check iteration duration=7.31945037842e-05
GetData ===>> H2,-0.109962861524141,H1,0.433860961710442,AX,-0.024508958166696,L1,-0.015664592520911,L2,0.02270...
testing H1>-5.0
evaluate ot="H1.bs>-5.0" t="H1>-5.0", ctx="{'H1': None}"
check iteration duration=0.00102806091309
08:53:30 -- collecting point 50
GetData ===>> H2,-0.121280134257749,H1,0.126077909449716,AX,0.0207448103791146,L1,0.0127706174158786,L2,0.03726...
check iteration duration=6.38961791992e-05
GetData ===>> H2,-0.124596178339547,H1,0.402854347920683,AX,-0.110654512075392,L1,-0.000926477848965778,L2,0.03...
check iteration duration=6.50882720947e-05
GetData ===>> H2,-0.203474428109135,H1,0.315970269282083,AX,-0.0142095139046366,L1,0.00133827045353352,L2,-0.00...
check iteration duration=5.3882598877e-05
GetData ===>> H2,-0.188692058021885,H1,0.30771844696679,AX,-0.0410924844741939,L1,-0.0136293861957949,L2,0.0372...
check iteration duration=7.08103179932e-05
GetData ===>> H2,-0.194647717484925,H1,0.122659945242532,AX,-0.105845540654678,L1,-0.0484718588942082,L2,0.0522...
testing H1>-5.0
evaluate ot="H1.bs>-5.0" t="H1>-5.0", ctx="{'H1': None}"
check iteration duration=0.000847101211548
GetData ===>> H2,-0.146834258283708,H1,0.294633555561979,AX,-0.0336592392493688,L1,-0.0201604003527723,L2,0.076...
check iteration duration=3.88622283936e-05
GetData ===>> H2,-0.162313586998059,H1,0.401203832986317,AX,0.040217015819425,L1,-0.0134831637098582,L2,0.01854...
check iteration duration=7.39097595215e-05
GetData ===>> H2,-0.169259887954901,H1,0.387764028175102,AX,0.0313739701847887,L1,-0.00637802729995013,L2,-0.02...
check iteration duration=8.60691070557e-05
GetData ===>> H2,-0.223150403375449,H1,0.17793812590228,AX,0.0159991956542298,L1,-0.00830288032602661,L2,0.0173...
check iteration duration=8.60691070557e-05
GetData ===>> H2,-0.197848154659553,H1,0.460859907484153,AX,0.0657150225434867,L1,-0.013586238797962,L2,-0.0386...
testing H1>-5.0
evaluate ot="H1.bs>-5.0" t="H1>-5.0", ctx="{'H1': None}"
check iteration duration=0.000537157058716
GetData ===>> H2,-0.192973763213708,H1,0.275654876530105,AX,0.0348205735528033,L1,-0.0207562528936662,L2,0.0577...
check iteration duration=7.10487365723e-05
GetData ===>> H2,-0.173056550477612,H1,0.294633555561979,AX,-0.128798996050367,L1,-0.000520852904237642,L2,0.03...
check iteration duration=6.91413879395e-05
GetData ===>> H2,-0.0199297112042458,H1,0.533607459432469,AX,0.0270687885560618,L1,0.0106111393506675,L2,0.0588...
check iteration duration=6.38961791992e-05
GetData ===>> H2,-0.17946255066012,H1,0.292865340269233,AX,-0.021215110301028,L1,-0.00235443565605821,L2,0.0336...
check iteration duration=6.8187713623e-05
GetData ===>> H2,-0.201913427831559,H1,0.277069423899024,AX,-0.0229548325705684,L1,-0.0389149627912724,L2,0.101...
testing H1>-5.0
evaluate ot="H1.bs>-5.0" t="H1>-5.0", ctx="{'H1': None}"
check iteration duration=0.0011510848999
GetData ===>> H2,-0.271808489252723,H1,0.316913339072882,AX,-0.0989851025198299,L1,-0.0287830334828087,L2,0.013...
check iteration duration=6.00814819336e-05
GetData ===>> H2,-0.321871356654635,H1,0.517100252330465,AX,-0.0530587005908719,L1,-0.00763372082280385,L2,0.06...
check iteration duration=5.19752502441e-05
GetData ===>> H2,-0.151998616210203,H1,0.492693672248586,AX,-0.0795716133829776,L1,-0.0274664479644392,L2,0.092...
check iteration duration=4.50611114502e-05
GetData ===>> H2,-0.208688332694648,H1,0.324811583867693,AX,-0.0307831979765123,L1,-0.0201891747271045,L2,0.099...
check iteration duration=4.31537628174e-05
GetData ===>> H2,-0.165121776831422,H1,0.625699147833883,AX,-0.0420085549638546,L1,-0.00672104986699804,L2,0.06...
testing H1>-5.0
evaluate ot="H1.bs>-5.0" t="H1>-5.0", ctx="{'H1': None}"
check iteration duration=0.00102305412292
GetData ===>> H2,-0.112133003453806,H1,0.481610689757555,AX,-0.19233500181125,L1,-0.0373444253693113,L2,0.07934...
check iteration duration=6.103515625e-05
GetData ===>> H2,-0.08641182131101,H1,0.487270069558188,AX,-0.0602585925254219,L1,-0.0666817529738225,L2,-0.078...
check iteration duration=4.50611114502e-05
GetData ===>> H2,-0.0820735906910903,H1,0.661193879842493,AX,-0.0583688173790772,L1,-0.0452557126106644,L2,-0.0...
check iteration duration=5.91278076172e-05
GetData ===>> H2,-0.216460927800963,H1,0.437633695868982,AX,0.00843453753977897,L1,-0.00866262511382571,L2,0.03...
check iteration duration=8.60691070557e-05
GetData ===>> H2,-0.234992523888696,H1,0.259269850264251,AX,-0.145388685477316,L1,-0.0170666750664194,L2,0.0960...
testing H1>-5.0
evaluate ot="H1.bs>-5.0" t="H1>-5.0", ctx="{'H1': None}"
check iteration duration=0.000923871994019
08:53:56 -- collecting point 75
GetData ===>> H2,-0.293671035536614,H1,0.706595974644622,AX,-0.0277447072102232,L1,0.0023573933088263,L2,-0.011...
check iteration duration=3.69548797607e-05
GetData ===>> H2,-0.217958412280818,H1,0.41334697154774,AX,0.0733813307282781,L1,0.0321788926946818,L2,-0.00280...
check iteration duration=3.88622283936e-05
GetData ===>> H2,-0.249201538113981,H1,0.524410552923511,AX,0.0269063325995481,L1,-0.0180728397263025,L2,0.1141...
check iteration duration=3.88622283936e-05
GetData ===>> H2,-0.225942099470344,H1,0.621925696395487,AX,0.0220211765546909,L1,0.00740098665132024,L2,-0.033...
check iteration duration=7.70092010498e-05
GetData ===>> H2,-0.322005378966405,H1,0.584545720557511,AX,-0.0242538049207883,L1,-0.00452958215556344,L2,-0.1...
testing H1>-5.0
evaluate ot="H1.bs>-5.0" t="H1>-5.0", ctx="{'H1': None}"
check iteration duration=0.00058388710022
GetData ===>> H2,-0.207952683078372,H1,0.744806105349348,AX,-0.0172136310654226,L1,-0.0395198716936427,L2,0.052...
check iteration duration=6.79492950439e-05
GetData ===>> H2,-0.169705191434251,H1,0.508257218970972,AX,-0.0822143936923168,L1,-0.0480709440948722,L2,0.043...
check iteration duration=6.79492950439e-05
GetData ===>> H2,-0.154353718571663,H1,0.515921176648755,AX,0.000360029669598556,L1,-0.0057747110024897,L2,0.03...
check iteration duration=7.20024108887e-05
GetData ===>> H2,-0.151904101502631,H1,0.630180140110797,AX,-0.0617889356891383,L1,0.00719701151171028,L2,0.035...
check iteration duration=6.103515625e-05
GetData ===>> H2,-0.136332178127021,H1,0.802477893343075,AX,-0.140298575094927,L1,-0.0480146950670714,L2,0.0530...
testing H1>-5.0
evaluate ot="H1.bs>-5.0" t="H1>-5.0", ctx="{'H1': None}"
check iteration duration=0.000522136688232
GetData ===>> H2,-0.132192733889259,H1,0.670038280358334,AX,0.00828371444406861,L1,-0.0216949188029259,L2,0.050...
check iteration duration=5.79357147217e-05
GetData ===>> H2,-0.135845422142036,H1,0.581715748352854,AX,0.0609021420060547,L1,-0.0353206938576121,L2,0.0855...
check iteration duration=5.10215759277e-05
GetData ===>> H2,-0.138621003340796,H1,0.784904742943143,AX,-0.105092306731251,L1,-0.0415367701666997,L2,0.0989...
check iteration duration=4.79221343994e-05
GetData ===>> H2,-0.235036923623376,H1,0.733602364731818,AX,-0.0111705056798291,L1,-0.0452676838022494,L2,0.045...
check iteration duration=6.103515625e-05
GetData ===>> H2,-0.246470777864676,H1,0.550586588387108,AX,-0.0940017106869993,L1,-0.0176914923755232,L2,-0.06...
testing H1>-5.0
evaluate ot="H1.bs>-5.0" t="H1>-5.0", ctx="{'H1': None}"
check iteration duration=0.00157308578491
GetData ===>> H2,-0.157624519276867,H1,0.674755326296366,AX,0.00141571031071692,L1,-0.0261628704723848,L2,-0.01...
check iteration duration=8.89301300049e-05
GetData ===>> H2,-0.177843036370624,H1,0.729592635760524,AX,-0.00646101540889574,L1,-0.0308192684928789,L2,0.07...
check iteration duration=7.89165496826e-05
GetData ===>> H2,-0.114079415540179,H1,0.976234810120525,AX,-0.14789306115278,L1,-0.0245954782426648,L2,0.15825...
check iteration duration=6.29425048828e-05
GetData ===>> H2,-0.185189724056006,H1,0.57617374290236,AX,-0.0826780319594394,L1,0.00933535619610996,L2,0.0213...
check iteration duration=3.12328338623e-05
GetData ===>> H2,-0.194864693427829,H1,0.941351850068748,AX,-0.0273967823672657,L1,-0.0312180827049968,L2,0.096...
testing H1>-5.0
evaluate ot="H1.bs>-5.0" t="H1>-5.0", ctx="{'H1': None}"
check iteration duration=0.000610113143921
GetData ===>> H2,-0.261355586590442,H1,0.648929775294343,AX,-0.0659740694618811,L1,-0.0344650684830264,L2,-0.03...
check iteration duration=7.10487365723e-05
GetData ===>> H2,-0.299067161937223,H1,0.715440781046648,AX,0.0184125845025177,L1,-0.0664055325324477,L2,0.0057...
check iteration duration=3.40938568115e-05
GetData ===>> H2,-0.193686774010298,H1,0.802831718369073,AX,-0.151765441045528,L1,-0.0368124714789158,L2,0.0196...
check iteration duration=6.38961791992e-05
GetData ===>> H2,-0.203287065531802,H1,0.661547654344985,AX,0.00280783415425566,L1,-0.01556623551392,L2,-0.0389...
check iteration duration=5.88893890381e-05
GetData ===>> H2,-0.215250472828958,H1,0.654943884489435,AX,-0.0709473046402149,L1,-0.0211962259814414,L2,0.081...
testing H1>-5.0
evaluate ot="H1.bs>-5.0" t="H1>-5.0", ctx="{'H1': None}"
check iteration duration=0.00059986114502
08:54:23 -- collecting point 100
GetData ===>> H2,-0.289826010452353,H1,0.811323556943034,AX,0.0136438786505445,L1,-0.0363044531961129,L2,-0.019...
check iteration duration=6.31809234619e-05
GetData ===>> H2,-0.247221466465203,H1,0.7828997724662,AX,-0.000289614265056725,L1,-0.0684955312547931,L2,-0.09...
check iteration duration=6.29425048828e-05
GetData ===>> H2,-0.199730631903287,H1,0.866050487205153,AX,-0.0439798166481879,L1,-0.0419774636896292,L2,0.045...
check iteration duration=5.88893890381e-05
GetData ===>> H2,-0.14942078281452,H1,0.757425207231226,AX,0.0192944145832713,L1,-0.0220928962977179,L2,0.03447...
check iteration duration=7.08103179932e-05
GetData ===>> H2,-0.159088710715854,H1,0.989434088669153,AX,0.0535846999452996,L1,0.00613880678950612,L2,0.1073...
testing H1>-5.0
evaluate ot="H1.bs>-5.0" t="H1>-5.0", ctx="{'H1': None}"
check iteration duration=0.000657796859741
GetData ===>> H2,-0.249540482955391,H1,0.954197121368361,AX,-0.0334620939722064,L1,0.0196674802324672,L2,-0.002...
check iteration duration=8.29696655273e-05
GetData ===>> H2,-0.228945802823128,H1,0.852250523258562,AX,-0.115996247425198,L1,-0.00205566123726665,L2,0.026...
check iteration duration=4.6968460083e-05
GetData ===>> H2,-0.29786899155544,H1,1.19616719117488,AX,-0.068466515134528,L1,-0.0106661683610769,L2,0.005847...
check iteration duration=4.6968460083e-05
GetData ===>> H2,-0.292795816964899,H1,0.926032019767267,AX,-0.0744481242816696,L1,0.0077105568124731,L2,0.0851...
check iteration duration=6.5803527832e-05
GetData ===>> H2,-0.218159184855514,H1,1.16646285705145,AX,-0.0795484307820056,L1,-0.00594143621879501,L2,0.003...
testing H1>-5.0
evaluate ot="H1.bs>-5.0" t="H1>-5.0", ctx="{'H1': None}"
check iteration duration=0.00081205368042
GetData ===>> H2,-0.125626497214051,H1,1.01960452937999,AX,-0.0246133388472408,L1,-0.0174408505531334,L2,-0.042...
check iteration duration=4.38690185547e-05
GetData ===>> H2,-0.195236642507792,H1,0.783253590490359,AX,-0.0614875063633329,L1,0.00532783170257591,L2,0.004...
check iteration duration=5.19752502441e-05
GetData ===>> H2,-0.186101487129586,H1,0.923910831189761,AX,0.002529407792777,L1,0.00370437819477025,L2,0.02921...
check iteration duration=8.10623168945e-05
GetData ===>> H2,-0.197243969494326,H1,1.00711196968185,AX,0.0540253544290012,L1,-0.0146893762917392,L2,-0.0177...
check iteration duration=3.19480895996e-05
GetData ===>> H2,-0.0618876019448886,H1,1.04081867131108,AX,-0.0450697912598446,L1,-0.0370413109497194,L2,0.026...
testing H1>-5.0
evaluate ot="H1.bs>-5.0" t="H1>-5.0", ctx="{'H1': None}"
check iteration duration=0.00101399421692
GetData ===>> H2,-0.0507346911291968,H1,0.855671009201886,AX,0.0601947266066647,L1,-0.0156825845523142,L2,0.047...
check iteration duration=7.79628753662e-05
GetData ===>> H2,-0.165440354411982,H1,0.847886472153774,AX,-0.0105093348347523,L1,-0.00982451295381798,L2,0.03...
check iteration duration=6.31809234619e-05
GetData ===>> H2,-0.118761349153858,H1,1.00593343445542,AX,0.0364104620212844,L1,-0.0504977298648022,L2,0.03012...
check iteration duration=3.79085540771e-05
GetData ===>> H2,-0.172089291388778,H1,0.951840178362955,AX,-0.124014093528256,L1,-0.0341578014615169,L2,0.0291...
check iteration duration=7.29560852051e-05
GetData ===>> H2,-0.174642464989451,H1,1.0337472401334,AX,-0.0762796287436219,L1,0.0022673606352537,L2,-0.05570...
testing H1>-5.0
evaluate ot="H1.bs>-5.0" t="H1>-5.0", ctx="{'H1': None}"
check iteration duration=0.000619173049927
GetData ===>> H2,-0.216450156804328,H1,1.00557987416124,AX,-0.127443490658074,L1,-0.0127963690198258,L2,0.01395...
check iteration duration=2.50339508057e-05
waiting for write to finish
measurement finished
estimated time: 125.829 actual time: :126.416
flush and close file /Users/jan/PychronDev/data/isotopes/cc/386105-6aaf-4946-9c92-64c6fc55d7ab.h5
baselines () {'settling_time': 15.0, 'detector': 'H1', 'mass': 34.2, 'ncounts': 60}
%%%%%%%%%%%%%%%%%%%%%%%%%%%%%%%% Baseline
build tables- baseline [Detector(H2), Detector(H1), Detector(AX), Detector(L1), Detector(L2), Detector(CDD)]
add group baseline table H2
add group baseline table H1
add group baseline table AX
add group baseline table L1
add group baseline table L2
add group baseline table CDD
flush and close file /Users/jan/PychronDev/data/isotopes/cc/386105-6aaf-4946-9c92-64c6fc55d7ab.h5
detector Detector(H1)
POSITION 34.2 H1
Mapping mass to dac mass func: "parabolic"
H1 map mass coeffs = [-0.00063987  0.15840543  0.57006999]
H1 map mass to dac 34.2 >> 5.23911599104
GetDeflection H1 ===>> 0
GetHighVoltage ===>> 4500
positioning 34.2 (5.23911599104) on H1
setting magnet DAC
current  : 5.878460
requested: 5.239116
Delta Dac: 0.639344
Checking detector protection. dv=0.63934
Checking detector "CDD". Protection Threshold: 0.1 (V)
ProtectDetector CDD,On ===>> OK
GetDeflection CDD ===>> 2000
Protected = 2000
SetMagnetDAC 5.23911599104 ===>> OK
Magnet settling time: 0.500
GetMagnetMoving ===>> True
GetMagnetMoving ===>> True
GetMagnetMoving ===>> True
GetMagnetMoving ===>> True
GetMagnetMoving ===>> True
GetMagnetMoving ===>> True
GetMagnetMoving ===>> True
GetMagnetMoving ===>> True
GetMagnetMoving ===>> False
ProtectDetector CDD,Off ===>> OK
GetDeflection CDD ===>> 50
Delaying 15.0s for detectors to settle
Join finished
measuring baseline. ncounts=60
"baseline" increment series count="2" fit count="1" regressing="True"
starting measurement
check iteration duration=5.98430633545e-05
GetData ===>> H2,-0.276707640429641,H1,-0.742412194040986,AX,-0.0791311430193195,L1,-0.017813812911653,L2,-0.06...
check iteration duration=6.19888305664e-05
GetData ===>> H2,-0.167448806787739,H1,-0.833081364378078,AX,0.01194994204625,L1,-0.0384058528278321,L2,-0.0078...
check iteration duration=9.41753387451e-05
GetData ===>> H2,-0.239569638565188,H1,-0.740881344457109,AX,-0.1176415818736,L1,-0.0565738329286845,L2,-0.0192...
check iteration duration=6.29425048828e-05
GetData ===>> H2,-0.29273540826684,H1,-0.643373117939802,AX,-0.113887397793787,L1,0.000850952509245991,L2,-0.05...
testing H1>-5.0
evaluate ot="H1.bs>-5.0" t="H1>-5.0", ctx="{'H1': None}"
check iteration duration=0.000899076461792
GetData ===>> H2,-0.274019886023491,H1,-0.754423393125784,AX,-0.111384527918629,L1,0.0256440778498748,L2,-0.040...
check iteration duration=7.41481781006e-05
GetData ===>> H2,-0.215013483158515,H1,-1.14167873879647,AX,-0.125091586057276,L1,-0.0319030960218452,L2,-0.047...
check iteration duration=6.29425048828e-05
GetData ===>> H2,-0.210181042346939,H1,-0.55327544788289,AX,-0.0415911061898909,L1,-0.0552606956262602,L2,-0.00...
check iteration duration=6.103515625e-05
GetData ===>> H2,-0.16534316220134,H1,-0.952704844489677,AX,-0.0826780319594394,L1,-0.0132386557900221,L2,0.092...
check iteration duration=6.50882720947e-05
GetData ===>> H2,-0.139252275527896,H1,-0.755954221740415,AX,-0.173686696860646,L1,-0.0231680760364428,L2,0.035...
testing H1>-5.0
evaluate ot="H1.bs>-5.0" t="H1>-5.0", ctx="{'H1': None}"
check iteration duration=0.000735998153687
GetData ===>> H2,-0.0649594471718413,H1,-0.773499703507882,AX,0.00334148690641638,L1,-0.056742601113673,L2,-0.0...
check iteration duration=7.29560852051e-05
GetData ===>> H2,-0.143774239044627,H1,-0.694954754672114,AX,0.0444995667446926,L1,-0.0419080078412066,L2,-0.04...
check iteration duration=6.19888305664e-05
GetData ===>> H2,-0.0838670531096166,H1,-0.885241807256822,AX,-0.00200650950730446,L1,0.012327640604996,L2,-0.1...
check iteration duration=6.38961791992e-05
GetData ===>> H2,-0.115067383037413,H1,-0.71179475197979,AX,-0.0901191238711007,L1,0.00545499211892741,L2,-0.10...
check iteration duration=7.20024108887e-05
GetData ===>> H2,-0.137680112784724,H1,-0.568115628912431,AX,-0.145829274761004,L1,-0.029318483469617,L2,-0.044...
testing H1>-5.0
evaluate ot="H1.bs>-5.0" t="H1>-5.0", ctx="{'H1': None}"
check iteration duration=0.000585079193115
GetData ===>> H2,-0.202119686333198,H1,-0.691068560712699,AX,-0.143742255227609,L1,-0.0128670882642125,L2,0.025...
check iteration duration=6.98566436768e-05
GetData ===>> H2,-0.143056737561189,H1,-0.693659358382978,AX,-0.103991415891111,L1,-0.0125194804167509,L2,-0.01...
check iteration duration=7.9870223999e-05
GetData ===>> H2,-0.193368687787546,H1,-0.82295509032354,AX,-0.0725934010870179,L1,-0.0260837877251497,L2,-0.04...
check iteration duration=8.20159912109e-05
GetData ===>> H2,-0.204551365756257,H1,-0.510638132947769,AX,-0.147406104265876,L1,-0.0354608944326701,L2,-0.10...
check iteration duration=8.70227813721e-05
GetData ===>> H2,-0.0262978832553134,H1,-0.880061209166806,AX,-0.143336440673687,L1,-0.0215738442125049,L2,-0.0...
testing H1>-5.0
evaluate ot="H1.bs>-5.0" t="H1>-5.0", ctx="{'H1': None}"
check iteration duration=0.000630855560303
GetData ===>> H2,-0.160921384893768,H1,-0.898664139652522,AX,-0.0989619245440073,L1,-0.0101662191483879,L2,0.03...
check iteration duration=5.10215759277e-05
GetData ===>> H2,-0.190737394476873,H1,-0.518647492579351,AX,-0.0135947603545995,L1,-0.000211222867488134,L2,-0...
check iteration duration=6.48498535156e-05
GetData ===>> H2,-0.268938132094302,H1,-0.596382024207657,AX,-0.187560263696092,L1,-0.0145222560975586,L2,0.004...
check iteration duration=3.48091125488e-05
GetData ===>> H2,-0.302049287935386,H1,-0.832374883507254,AX,-0.0636902376096274,L1,-0.0453538759606188,L2,0.02...
check iteration duration=7.70092010498e-05
GetData ===>> H2,-0.273610152039938,H1,-0.515113959563144,AX,-0.0712255200796943,L1,-0.0517802910425051,L2,0.05...
testing H1>-5.0
evaluate ot="H1.bs>-5.0" t="H1>-5.0", ctx="{'H1': None}"
check iteration duration=0.00132894515991
08:55:28 -- collecting point 25
GetData ===>> H2,-0.326093871194413,H1,-0.851567434376587,AX,0.084794925780608,L1,-0.0568467332596564,L2,-0.076...
check iteration duration=0.000136137008667
GetData ===>> H2,-0.21401968828842,H1,-0.560106669992152,AX,-0.0185126800400107,L1,-0.00734229874786517,L2,-0.0...
check iteration duration=3.69548797607e-05
GetData ===>> H2,-0.175629325538643,H1,-0.888067576590407,AX,-0.0786327136240876,L1,0.0255119837202437,L2,-0.08...
check iteration duration=5.60283660889e-05
GetData ===>> H2,-0.1557007921129,H1,-0.907023570364808,AX,-0.0483164518061564,L1,0.01749331219673,L2,-0.069602...
check iteration duration=3.69548797607e-05
GetData ===>> H2,-0.151318092728129,H1,-0.77420622645305,AX,-0.0812407461401259,L1,-0.00627008071768693,L2,-0.0...
testing H1>-5.0
evaluate ot="H1.bs>-5.0" t="H1>-5.0", ctx="{'H1': None}"
check iteration duration=0.00161194801331
GetData ===>> H2,-0.164334743817508,H1,-0.736642056316021,AX,-0.148229291866142,L1,-0.0174948170232025,L2,-0.05...
check iteration duration=7.20024108887e-05
GetData ===>> H2,-0.0952795046584804,H1,-0.829902196484837,AX,-0.203957959489217,L1,-0.00137648640517436,L2,0.0...
check iteration duration=8.79764556885e-05
GetData ===>> H2,-0.126658074509667,H1,-0.64690619260791,AX,-0.136611267269503,L1,-0.0617169960385011,L2,-0.093...
check iteration duration=6.31809234619e-05
GetData ===>> H2,-0.107467943232255,H1,-0.710734900467417,AX,-0.0876040521108345,L1,-0.0376499267012302,L2,-0.0...
check iteration duration=7.48634338379e-05
GetData ===>> H2,-0.115392175495134,H1,-0.86251761854504,AX,-0.0972583282033323,L1,-0.0195645125180711,L2,-0.00...
testing H1>-5.0
evaluate ot="H1.bs>-5.0" t="H1>-5.0", ctx="{'H1': None}"
check iteration duration=0.00054407119751
GetData ===>> H2,-0.185290884823589,H1,-0.577184518779201,AX,-0.156924510056855,L1,-0.0236882443797277,L2,-0.03...
check iteration duration=4.10079956055e-05
GetData ===>> H2,-0.345262037552692,H1,-0.812239966459409,AX,0.0730797701372029,L1,-0.0273933658298079,L2,-0.04...
check iteration duration=9.10758972168e-05
GetData ===>> H2,-0.370516766376847,H1,-0.939400979945765,AX,0.018087701749489,L1,-0.0108112329087895,L2,0.0113...
check iteration duration=8.51154327393e-05
GetData ===>> H2,-0.25554161796937,H1,-0.731578438323494,AX,-0.0187910454216729,L1,-0.0260837877251497,L2,-0.02...
check iteration duration=6.41345977783e-05
GetData ===>> H2,-0.176196292704509,H1,-0.588019966436641,AX,-0.131799577554085,L1,-0.042697141723077,L2,-0.059...
testing H1>-5.0
evaluate ot="H1.bs>-5.0" t="H1>-5.0", ctx="{'H1': None}"
check iteration duration=0.000580787658691
GetData ===>> H2,-0.103642528013558,H1,-0.705671149783093,AX,-0.0729179801981459,L1,-0.00908351019499872,L2,-0....
check iteration duration=3.69548797607e-05
GetData ===>> H2,-0.241961560087751,H1,-0.617581290369506,AX,-0.109321929346288,L1,-0.0164466164622583,L2,-0.09...
check iteration duration=3.91006469727e-05
GetData ===>> H2,-0.242968250060679,H1,-0.674581507376013,AX,-0.101569412192014,L1,-0.0288968339643281,L2,-0.01...
check iteration duration=8.79764556885e-05
GetData ===>> H2,-0.196003130935879,H1,-0.846504404992043,AX,-0.0233375672966859,L1,-0.019620865595018,L2,0.019...
check iteration duration=7.79628753662e-05
GetData ===>> H2,-0.234941396705293,H1,-0.865343452834685,AX,-0.102450147786266,L1,-0.0287866272019186,L2,-0.04...
testing H1>-5.0
evaluate ot="H1.bs>-5.0" t="H1>-5.0", ctx="{'H1': None}"
check iteration duration=0.000910997390747
GetData ===>> H2,-0.112211516100253,H1,-0.90796547361958,AX,-0.122496314988568,L1,-0.0296898078811462,L2,-0.063...
check iteration duration=0.000109195709229
GetData ===>> H2,-0.135059808013799,H1,-0.759133627442949,AX,-0.119993666597279,L1,-0.0356981524898913,L2,0.030...
check iteration duration=5.98430633545e-05
GetData ===>> H2,-0.111739078361929,H1,-0.566348952374728,AX,-0.0591108193584882,L1,-0.0343979575305558,L2,-0.0...
check iteration duration=5.79357147217e-05
GetData ===>> H2,-0.118557062276282,H1,-0.499212904718208,AX,-0.116482898540493,L1,-0.0304108567647416,L2,0.015...
check iteration duration=3.31401824951e-05
GetData ===>> H2,-0.242701782037268,H1,-0.649379337363578,AX,-0.0587514128562456,L1,-0.0352152425640077,L2,-0.0...
testing H1>-5.0
evaluate ot="H1.bs>-5.0" t="H1>-5.0", ctx="{'H1': None}"
check iteration duration=0.00105404853821
08:55:55 -- collecting point 50
GetData ===>> H2,-0.169128992391188,H1,-0.927862970147381,AX,-0.142571185765356,L1,-0.00716360367338251,L2,0.02...
check iteration duration=4.00543212891e-05
GetData ===>> H2,-0.226047128119073,H1,-0.691068560712699,AX,-0.146803201885364,L1,0.00514789046021025,L2,0.005...
check iteration duration=6.48498535156e-05
GetData ===>> H2,-0.113914294780781,H1,-0.592613218192088,AX,-0.119831455683477,L1,-0.0026639997986737,L2,-0.00...
check iteration duration=6.79492950439e-05
GetData ===>> H2,-0.119658273865621,H1,-0.759957916141327,AX,-0.0741815099982057,L1,-0.0421271513859977,L2,-0.0...
check iteration duration=6.89029693604e-05
GetData ===>> H2,-0.194391653566582,H1,-0.682589539050071,AX,-0.0397589487285723,L1,0.00593485720534438,L2,-0.0...
testing H1>-5.0
evaluate ot="H1.bs>-5.0" t="H1>-5.0", ctx="{'H1': None}"
check iteration duration=0.000609874725342
GetData ===>> H2,-0.208806894455302,H1,-0.721451124534098,AX,-0.11396850824032,L1,-0.00718159325400553,L2,-0.01...
check iteration duration=5.50746917725e-05
GetData ===>> H2,-0.183217582912812,H1,-0.61946564758649,AX,-0.00301575136145404,L1,0.0054357979909512,L2,-0.02...
check iteration duration=6.41345977783e-05
GetData ===>> H2,-0.263457430241614,H1,-0.477186576674219,AX,-0.203737796729166,L1,-0.0122341932819631,L2,-0.08...
check iteration duration=8.58306884766e-05
GetData ===>> H2,-0.282254296609999,H1,-0.643844195291769,AX,-0.145214768105402,L1,-0.00981612002412685,L2,0.01...
check iteration duration=7.89165496826e-05
GetData ===>> H2,-0.226312388436955,H1,-0.8009359736401,AX,-0.00251693198281251,L1,-0.0353278836782619,L2,0.025...
testing H1>-5.0
evaluate ot="H1.bs>-5.0" t="H1>-5.0", ctx="{'H1': None}"
check iteration duration=0.000579833984375
GetData ===>> H2,-0.194957681844039,H1,-0.484136112837276,AX,0.00363151680315869,L1,-0.0270267490742815,L2,0.05...
check iteration duration=3.19480895996e-05
waiting for write to finish
measurement finished
estimated time: 62.915 actual time: :63.273
flush and close file /Users/jan/PychronDev/data/isotopes/cc/386105-6aaf-4946-9c92-64c6fc55d7ab.h5
activate_detectors ('H1', 'AX', 'CDD') {'peak_center': True}
peak_center () {'detector': 'H1', 'integration_time': 0.262144, 'isotope': 'Ar40'}
peak center: mean=0.945575327114 threshold=3
Skipping peak center. intensities to small. 0.945575327114<3
finished measure script
executed snippet estimated_duration=226.132928, duration=228.624839067
jan_unknown120_60.py completed successfully
Measurement Finished
08:56:06 -- ******* Measurement Finished *******
Post Measurement Started jan_pump_ms.py
08:56:06 -- ******* Post Measurement Started jan_pump_ms.py *******
testing...
no interpolation path defined
executed snippet estimated_duration=0, duration=2.50339508057e-05
Pumping spectrometer
open () {'name': 'O'}
opening name=O desc=---
checking ownership. requestor=129.138.12.150
check software interlocks O
interlocks []
actuate state mode=None-script, software_lock=False
doing actuation None-script open_channel True
Open O ===>> OK
GetIndicatorState O ===>> OK
change switch state (True, True)
update switch state O True args=() kw={} ncanvase=2
08:56:06 -- OPEN   VALVE-O (Jan Ion Pump)
---------------------------------------- open O () result=[(True, True)], time=0.12 sec
action=open, ok=True, locked=[False]
executed snippet estimated_duration=0, duration=0.374912977219
jan_pump_ms.py completed successfully
setting _ms_pumptime
Post Measurement Finished
08:56:07 -- ******* Post Measurement Finished *******
$$$$$$$$$$$$$$$$$$$$ state at run end measurement
state changed from measurement to success
post measurement save measured=True aborted=False
Set filtering
setting fod for Ar40= {'filter_outliers': True, 'std_devs': 2, 'iterations': 1}
setting fod for H1= {'filter_outliers': True, 'std_devs': 2, 'iterations': 1}
setting fod for PM41= {'filter_outliers': False, 'std_devs': 2, 'iterations': 1}
setting fod for H2= {'filter_outliers': True, 'std_devs': 2, 'iterations': 1}
setting fod for Ar36= {'filter_outliers': True, 'std_devs': 2, 'iterations': 1}
setting fod for CDD= {'filter_outliers': True, 'std_devs': 10, 'iterations': 1}
setting fod for Ar37= {'filter_outliers': True, 'std_devs': 2, 'iterations': 1}
setting fod for L2= {'filter_outliers': True, 'std_devs': 2, 'iterations': 1}
setting fod for Ar38= {'filter_outliers': True, 'std_devs': 2, 'iterations': 1}
setting fod for L1= {'filter_outliers': True, 'std_devs': 2, 'iterations': 1}
setting fod for Ar39= {'filter_outliers': True, 'std_devs': 2, 'iterations': 1}
setting fod for AX= {'filter_outliers': True, 'std_devs': 2, 'iterations': 1}
persistence save...
persistence save - db
post measurement save
5148038448 connecting to database sqlite:////Users/jan/PychronDev/.appdata/local_lab.db
connected to db sqlite:////Users/jan/PychronDev/.appdata/local_lab.db
create new session 5148038448
close session 5148038448
No database instance. Not saving post measurement to isotopedb database
$$$$$$$$$$$$$$$ auto_save_detector_ic=False
massspec enabled True
create new session 5035355696
MassSpec Database Version: 16.0
close session 5035355696
saving post measurement to secondary database
saving to massspec database 129.138.12.160/massspecdata
setting labnumber to 65271
setting aliquot to 5
setting step to C
setting uuid to cc386105-6aaf-4946-9c92-64c6fc55d7ab
setting irradpos to 65271
setting extract_device to Fusions CO2
setting tray to 
setting position to 
setting power_requested to 0.25
setting extract_value to 0.25
setting duration to 30.0
setting duration_at_request to 30.0
setting first_stage_delay to 30.0
setting cleanup to 30.0
setting comment to AM-9 F:15
setting irradiation to NM-285
setting level to F
setting irradiation_level to F
setting sample to AM-9
setting material to Kspar
setting project to REEFenite
setting mass_spectrometer to Jan
no attribute chron_dosages
no attribute production_ratios
no attribute interference_corrections
no attribute production_name
no attribute j
Reference Isotope=Ar40
Reference Detector=H1
%%%%%%%%%%%%%%%%%%%% Comment: AM-9 F:15 %%%%%%%%%%%%%%%%%%%
adding isotope PM41 H2
add baseline dbdet= PM41. original det= H2
get baseline data PM41 H2
Get data baseline <pychron.processing.isotope.Baseline object at 0x1739b9390> len t=60
baseline PM41. v=-0.186593476214, e=0.00824477608555
get signal data PM41 H2
Get data signal PM41 0.01+/-0.07 len t=120
adding isotope Ar40 H1
add baseline dbdet= Ar40. original det= H1
get baseline data Ar40 H1
Get data baseline <pychron.processing.isotope.Baseline object at 0x1739b9910> len t=60
baseline Ar40. v=-0.719969655479, e=0.0169919774614
get signal data Ar40 H1
Get data signal Ar40 0.280+/-0.025 len t=120
adding isotope Ar39 AX
add baseline dbdet= Ar39. original det= AX
get baseline data Ar39 AX
Get data baseline <pychron.processing.isotope.Baseline object at 0x173bb3350> len t=60
baseline Ar39. v=-0.088509481383, e=0.0076860898133
get signal data Ar39 AX
Get data signal Ar39 0.042+/-0.012 len t=120
adding isotope Ar38 L1
add baseline dbdet= Ar38. original det= L1
get baseline data Ar38 L1
Get data baseline <pychron.processing.isotope.Baseline object at 0x173bb3b90> len t=60
baseline Ar38. v=-0.0216005793756, e=0.00242392132591
get signal data Ar38 L1
Get data signal Ar38 0.001+/-0.004 len t=120
adding isotope Ar37 L2
add baseline dbdet= Ar37. original det= L2
get baseline data Ar37 L2
Get data baseline <pychron.processing.isotope.Baseline object at 0x173bb3310> len t=60
baseline Ar37. v=-0.0302620989667, e=0.00578812196213
get signal data Ar37 L2
Get data signal Ar37 0.056+/-0.011 len t=120
adding isotope Ar36 CDD
add baseline dbdet= Ar36. original det= CDD
get baseline data Ar36 CDD
Get data baseline <pychron.processing.isotope.Baseline object at 0x153a8b090> len t=60
baseline Ar36. v=7.44327056008e-06, e=4.22390945906e-06
get signal data Ar36 CDD
Get data signal Ar36 0.00388+/-0.00017 len t=120
65271-05C added analysis time 0.696759939194s
analysis added to mass spec database
mass spec save time= 0.705
persistence save - dvc
================= post measurement started
create new session 4996344144
close session 4996344144
---------------- Experiment Queue saving disabled
DVC saving peakcenter
Smart pull ahead: 0 behind: 0
Up-to-date with origin
add to repo msg=modified - ad8224ebc6dbfeb9f5997218dfa5fe690569839d.json
add to repo msg=modified - 71-05C.json
add to repo msg=modified - 71-05C.dat.json
add to repo msg=modified - 71-05C.blan.json
add to repo msg=modified - 71-05C.inte.json
add to repo msg=modified - 71-05C.icfa.json
add to repo msg=modified - 71-05C.base.json
not at valid file /Users/jan/PychronDev/data/.dvc/repositories/REEFenite/652/tags/71-05C.tags.json
add to repo msg=modified - 71-05C.peak.json
add to repo msg=modified - 71-05C.extr.json
not at valid file /Users/jan/PychronDev/data/.dvc/repositories/REEFenite/652/monitor/71-05C.moni.json
commit message=<COLLECTION>
add to repo msg=modified - 71-05C.inte.json
add to repo msg=modified - 71-05C.base.json
commit message=<ISOEVO> default collection fits
add to repo msg=modified - 71-05C.blan.json
commit message=<BLANKS> preceding bu-FC-J-7867
add to repo msg=modified - 71-05C.icfa.json
commit message=<ICFactor> default
push repository <pychron.git_archive.repo_manager.GitRepoManager object at 0x16bfe4170>
pushing to remote=origin, url=https://github.com
no changes to meta repo
create new session 4996344144
add association REEFenite
get identifier "65271"
setting analysis irradiation position=<pychron.dvc.dvc_orm.IrradiationPositionTbl object at 0x170209b50>
close session 4996344144
================= post measurement finished
08:56:36 -- ******* Post Run Check *******
loading queue conditionals post_run_actions
loading system conditionals post_run_actions
loading conditionals from /Users/jan/PychronDev/setupfiles/spectrometer/default_conditionals.yaml
loading queue conditionals post_run_terminations
loading system conditionals post_run_terminations
loading conditionals from /Users/jan/PychronDev/setupfiles/spectrometer/default_conditionals.yaml
Checking default post run terminations n=1
GetDeflection CDD ===>> 50
testing CDD==2000
evaluate ot="CDD.deflection==2000" t="CDD==2000", ctx="{'CDD': 50.0}"
08:56:36 -- ******* Post Run Check Passed *******
08:56:36 -- Automated run 65271-05C success duration: 329.903 s
----------------- finish -----------------
----------------- stop -----------------
retroactive repository identifiers disabled
finish run. runs completed=79
update duration runid=65271-05C, duration=329.903098106, md5=3be28e4d
loading script "jan_unknown120_60.py"
loading script "jan_pump_ms.py"
loading script "jan_co2.py"
loading script "jan_pump_extraction_line.py"
testing...
no interpolation path defined
executed snippet estimated_duration=213.652928, duration=0.000201225280762
script duration name:unknown120_60 seconds:214.0
loading script "jan_unknown120_60.py"
loading script "jan_pump_ms.py"
loading script "jan_co2.py"
loading script "jan_pump_extraction_line.py"
testing...
no interpolation path defined
executed snippet estimated_duration=0, duration=2.71797180176e-05
loading script "jan_unknown120_60.py"
loading script "jan_pump_ms.py"
loading script "jan_co2.py"
loading script "jan_pump_extraction_line.py"
testing...
no interpolation path defined
calculate duration
testing...
no interpolation path defined
executed snippet estimated_duration=0, duration=5.19752502441e-05
calculate duration
testing...
no interpolation path defined
executed snippet estimated_duration=0, duration=0.000144958496094
executed snippet estimated_duration=0.0, duration=0.00305604934692
script duration name:co2 seconds:0.0
loading script "jan_unknown120_60.py"
loading script "jan_pump_ms.py"
loading script "jan_co2.py"
loading script "jan_pump_extraction_line.py"
testing...
no interpolation path defined
calculate duration
testing...
no interpolation path defined
executed snippet estimated_duration=4.0, duration=0.000143051147461
executed snippet estimated_duration=4.0, duration=0.00168204307556
Script duration 214.0
Run total estimated duration= 215.000
unknown120_60 in script context. using previous estimated duration
script duration name:unknown120_60 seconds:214.0
pump_ms in script context. using previous estimated duration
co2 in script context. using previous estimated duration
script duration name:co2 seconds:0.0
pump_extraction_line in script context. using previous estimated duration
Script duration 214.0
Run total estimated duration= 215.000
script duration name:unknown120_60 seconds:214.0
script duration name:co2 seconds:0.0
Script duration 214.0
Run total estimated duration= 215.000
script duration name:unknown120_60 seconds:214.0
script duration name:co2 seconds:0.0
Script duration 214.0
Run total estimated duration= 215.000
script duration name:unknown120_60 seconds:214.0
script duration name:co2 seconds:0.0
Script duration 214.0
Run total estimated duration= 215.000
script duration name:unknown120_60 seconds:214.0
script duration name:co2 seconds:0.0
Script duration 214.0
Run total estimated duration= 215.000
script duration name:unknown120_60 seconds:214.0
script duration name:co2 seconds:0.0
Script duration 214.0
Run total estimated duration= 215.000
script duration name:unknown120_60 seconds:214.0
script duration name:co2 seconds:0.0
Script duration 214.0
Run total estimated duration= 215.000
script duration name:unknown120_60 seconds:214.0
script duration name:co2 seconds:0.0
Script duration 214.0
Run total estimated duration= 215.000
script duration name:unknown120_60 seconds:214.0
script duration name:co2 seconds:0.0
Script duration 214.0
Run total estimated duration= 215.000
script duration name:unknown120_60 seconds:214.0
script duration name:co2 seconds:0.0
Script duration 214.0
Run total estimated duration= 215.000
script duration name:unknown120_60 seconds:214.0
script duration name:co2 seconds:0.0
Script duration 214.0
Run total estimated duration= 215.000
script duration name:unknown120_60 seconds:214.0
script duration name:co2 seconds:0.0
Script duration 214.0
Run total estimated duration= 215.000
script duration name:unknown120_60 seconds:214.0
script duration name:co2 seconds:0.0
Script duration 214.0
Run total estimated duration= 215.000
script duration name:unknown120_60 seconds:214.0
script duration name:co2 seconds:0.0
Script duration 214.0
Run total estimated duration= 215.000
script duration name:unknown120_60 seconds:214.0
script duration name:co2 seconds:0.0
Script duration 214.0
Run total estimated duration= 215.000
loading script "jan_unknown400_120.py"
loading script "jan_pump_ms.py"
loading script "jan_sniffair_x2.py"
loading script "jan_pump_extraction_line.py"
testing...
no interpolation path defined
executed snippet estimated_duration=556.052928, duration=0.000293016433716
script duration name:unknown400_120 seconds:556.0
loading script "jan_unknown400_120.py"
loading script "jan_pump_ms.py"
loading script "jan_sniffair_x2.py"
loading script "jan_pump_extraction_line.py"
testing...
no interpolation path defined
calculate duration
testing...
no interpolation path defined
executed snippet estimated_duration=0, duration=4.41074371338e-05
calculate duration
testing...
no interpolation path defined
executed snippet estimated_duration=0, duration=9.98973846436e-05
calculate duration
testing...
no interpolation path defined
executed snippet estimated_duration=32.0, duration=8.6784362793e-05
calculate duration
testing...
no interpolation path defined
executed snippet estimated_duration=34.0, duration=0.000141143798828
calculate duration
testing...
no interpolation path defined
executed snippet estimated_duration=4.0, duration=6.79492950439e-05
calculate duration
testing...
no interpolation path defined
executed snippet estimated_duration=36.0, duration=9.10758972168e-05
calculate duration
testing...
no interpolation path defined
executed snippet estimated_duration=34.0, duration=7.70092010498e-05
calculate duration
testing...
no interpolation path defined
executed snippet estimated_duration=4.0, duration=5.60283660889e-05
calculate duration
testing...
no interpolation path defined
executed snippet estimated_duration=36.0, duration=6.79492950439e-05
calculate duration
testing...
no interpolation path defined
executed snippet estimated_duration=70.0, duration=7.08103179932e-05
executed snippet estimated_duration=250.0, duration=0.0113611221313
script duration name:sniffair_x2 seconds:250.0
Script duration 806.0
Run total estimated duration= 807.000
unknown400_120 in script context. using previous estimated duration
script duration name:unknown400_120 seconds:556.0
sniffair_x2 in script context. using previous estimated duration
script duration name:sniffair_x2 seconds:250.0
Script duration 806.0
Run total estimated duration= 807.000
script duration name:unknown400_120 seconds:556.0
loading script "jan_unknown400_120.py"
loading script "jan_pump_ms.py"
loading script "jan_cocktail_x1.py"
loading script "jan_pump_extraction_line.py"
testing...
no interpolation path defined
calculate duration
testing...
no interpolation path defined
executed snippet estimated_duration=0, duration=3.31401824951e-05
calculate duration
testing...
no interpolation path defined
executed snippet estimated_duration=0, duration=7.10487365723e-05
calculate duration
testing...
no interpolation path defined
executed snippet estimated_duration=32.0, duration=6.50882720947e-05
calculate duration
testing...
no interpolation path defined
executed snippet estimated_duration=34.0, duration=6.98566436768e-05
calculate duration
testing...
no interpolation path defined
executed snippet estimated_duration=4.0, duration=6.19888305664e-05
calculate duration
testing...
no interpolation path defined
executed snippet estimated_duration=38.0, duration=0.000128984451294
executed snippet estimated_duration=108.0, duration=0.00559401512146
script duration name:cocktail_x1 seconds:108.0
Script duration 664.0
Run total estimated duration= 665.000
script duration name:unknown400_120 seconds:556.0
cocktail_x1 in script context. using previous estimated duration
script duration name:cocktail_x1 seconds:108.0
Script duration 664.0
Run total estimated duration= 665.000
script duration name:unknown400_120 seconds:556.0
script duration name:co2 seconds:0.0
Script duration 556.0
Run total estimated duration= 557.000
script duration name:unknown120_60 seconds:214.0
script duration name:co2 seconds:0.0
Script duration 214.0
Run total estimated duration= 215.000
script duration name:unknown120_60 seconds:214.0
script duration name:co2 seconds:0.0
Script duration 214.0
Run total estimated duration= 215.000
script duration name:unknown120_60 seconds:214.0
script duration name:co2 seconds:0.0
Script duration 214.0
Run total estimated duration= 215.000
script duration name:unknown120_60 seconds:214.0
script duration name:co2 seconds:0.0
Script duration 214.0
Run total estimated duration= 215.000
script duration name:unknown120_60 seconds:214.0
script duration name:co2 seconds:0.0
Script duration 214.0
Run total estimated duration= 215.000
script duration name:unknown120_60 seconds:214.0
script duration name:co2 seconds:0.0
Script duration 214.0
Run total estimated duration= 215.000
script duration name:unknown120_60 seconds:214.0
script duration name:co2 seconds:0.0
Script duration 214.0
Run total estimated duration= 215.000
script duration name:unknown120_60 seconds:214.0
script duration name:co2 seconds:0.0
Script duration 214.0
Run total estimated duration= 215.000
script duration name:unknown120_60 seconds:214.0
script duration name:co2 seconds:0.0
Script duration 214.0
Run total estimated duration= 215.000
script duration name:unknown120_60 seconds:214.0
script duration name:co2 seconds:0.0
Script duration 214.0
Run total estimated duration= 215.000
script duration name:unknown120_60 seconds:214.0
script duration name:co2 seconds:0.0
Script duration 214.0
Run total estimated duration= 215.000
script duration name:unknown120_60 seconds:214.0
script duration name:co2 seconds:0.0
Script duration 214.0
Run total estimated duration= 215.000
script duration name:unknown120_60 seconds:214.0
script duration name:co2 seconds:0.0
Script duration 214.0
Run total estimated duration= 215.000
script duration name:unknown120_60 seconds:214.0
script duration name:co2 seconds:0.0
Script duration 214.0
Run total estimated duration= 215.000
script duration name:unknown120_60 seconds:214.0
script duration name:co2 seconds:0.0
Script duration 214.0
Run total estimated duration= 215.000
script duration name:unknown120_60 seconds:214.0
script duration name:co2 seconds:0.0
Script duration 214.0
Run total estimated duration= 215.000
script duration name:unknown120_60 seconds:214.0
script duration name:co2 seconds:0.0
Script duration 214.0
Run total estimated duration= 215.000
script duration name:unknown120_60 seconds:214.0
script duration name:co2 seconds:0.0
Script duration 214.0
Run total estimated duration= 215.000
script duration name:unknown120_60 seconds:214.0
script duration name:co2 seconds:0.0
Script duration 214.0
Run total estimated duration= 215.000
script duration name:unknown400_120 seconds:556.0
script duration name:sniffair_x2 seconds:250.0
Script duration 806.0
Run total estimated duration= 807.000
script duration name:unknown400_120 seconds:556.0
script duration name:sniffair_x2 seconds:250.0
Script duration 806.0
Run total estimated duration= 807.000
script duration name:unknown400_120 seconds:556.0
script duration name:cocktail_x1 seconds:108.0
Script duration 664.0
Run total estimated duration= 665.000
script duration name:unknown400_120 seconds:556.0
script duration name:cocktail_x1 seconds:108.0
Script duration 664.0
Run total estimated duration= 665.000
nruns=44 before=5.0, run_dur=13970.0, btw=1290.0
write rem/ex queues
/Users/jan/PychronDev/experiments/rem/Load1796.rem.txt
/Users/jan/PychronDev/experiments/rem/Load1796.ex.txt
doing event level: 3
