do run
loading script "felix_analysis400_120.py"
loading script "felix_pump_ms.py"
loading script "felix_furnace.py"
loading script "felix_pump_extraction_line.py"
testing...
no interpolation path defined
executed snippet estimated_duration=624.242112, duration=0.000290155410767
script duration name:analysis400_120 seconds:624.0
loading script "felix_analysis400_120.py"
loading script "felix_pump_ms.py"
loading script "felix_furnace.py"
loading script "felix_pump_extraction_line.py"
testing...
no interpolation path defined
executed snippet estimated_duration=0, duration=2.59876251221e-05
loading script "felix_analysis400_120.py"
loading script "felix_pump_ms.py"
loading script "felix_furnace.py"
loading script "felix_pump_extraction_line.py"
testing...
no interpolation path defined
executed snippet estimated_duration=184.0, duration=0.000375986099243
script duration name:furnace seconds:184.0
loading script "felix_analysis400_120.py"
loading script "felix_pump_ms.py"
loading script "felix_furnace.py"
loading script "felix_pump_extraction_line.py"
testing...
no interpolation path defined
calculate duration
testing...
no interpolation path defined
executed snippet estimated_duration=4.0, duration=0.000211000442505
executed snippet estimated_duration=4.0, duration=0.00138783454895
Script duration 808.0
Run total estimated duration= 809.000
run duration: 0:13:29
doing event level: 2
10:06:51 -- Setting default integration. t=1.048576
setting integration time = 1.048576
SetIntegrationTime 1.048576 ===>> OK
----------------- start -----------------
**************** Experiment Type: Ar/Ar, Ar/Ar
create new session 4737495216
close session 4737495216
$$$$$ Clearing conditionals
adding conditionals 
Add queue conditionals
add default conditionals
adding default conditionals from /Users/obama/PychronDev/setupfiles/spectrometer/default_conditionals.yaml
Start automated run 65505-02V
loading script "felix_analysis400_120.py"
loading script "felix_pump_ms.py"
loading script "felix_furnace.py"
loading script "felix_pump_extraction_line.py"
%%%%%%%%%%%%%%%%%% setting automated run 65505-02V
No value "sensitivity_multiplier" in metadata
$$$$$$$$$$$$$$$ auto_save_detector_ic=False
============================= Pre Extraction Check =============================
loading queue conditionals pre_run_terminations
loading system conditionals pre_run_terminations
loading conditionals from /Users/obama/PychronDev/setupfiles/spectrometer/default_conditionals.yaml
10:06:51 -- ******* Pre Extraction Check *******
Get a measurement from the spectrometer
Pre Extraction Termination data. keys=L2(CDD),H2,H1,AX,L1,L2, signals=0.00142,-0.06918,0.12895,-0.12977,-0.12835,-0.75533
10:06:51 -- testing system defined conditionals
Checking default pre extraction terminations n=2
testing L2_CDD_
evaluate ot="L2(CDD).inactive" t="L2_CDD_", ctx="{'L2_CDD_': False}"
GetDeflection L2 (CDD) ===>> 0
testing L2_CDD_==3250
evaluate ot="L2(CDD).deflection==3250" t="L2_CDD_==3250", ctx="{'L2_CDD_': 0.0}"
10:06:51 -- ******* Pre Extraction Check Passed *******
=================================================================================
10:06:51 -- stopping status monitor
stop 4746388016
Status monitor stopped
Status monitor finished
10:06:52 -- starting status monitor
start 4746388016
StatusMonitor period=1. Frequencies(state=1, checksum=3, lock=5, owner=5)
start extraction
do extraction
Analysis started at 10:06:54.352566
Extraction Started felix_furnace.py
10:06:54 -- ******* Extraction Started felix_furnace.py *******
state changed from not run to extraction
DO EXTRACTION <pychron.extraction_line.pyscript_runner.RemotePyScriptRunner object at 0x11ba49950>
testing...
no interpolation path defined
executed snippet estimated_duration=606.0, duration=0.00052809715271
start_response_recorder () {}
start response recorder
Felix unknown furnace analysis
close ('F',) {}
close name=F desc=---
checking ownership. requestor=129.138.12.137
check software interlocks F
interlocks []
actuate state mode=None-script, software_lock=True
VALVE-F(CO2 Laser to Bone) software locked
change switch state (True, False)
-------------------------- close F () result=[(True, False)]
action=close, ok=True, locked=[True]
open ('D',) {}
open name=D desc=---
checking ownership. requestor=129.138.12.137
check software interlocks D
interlocks []
actuate state mode=None-script, software_lock=False
doing actuation None-script open_channel False
Open D ===>> OK
GetPercentOutput ===>> 0.0
GetSetpoint ===>> 0.0
GetIndicatorState D ===>> OK
change switch state (True, True)
update switch state D True args=() kw={} ncanvase=4
GetProcessValue ===>> 285.0
response t=0.000992059707642, out=0, setpoint=0, response=285.0
10:06:54 -- OPEN   VALVE-D (Bone to CO2 Laser)
-------------------------- open D () result=[(True, True)]
action=open, ok=True, locked=[False]
close ('J',) {}
close name=J desc=---
checking ownership. requestor=129.138.12.137
check software interlocks J
interlocks []
actuate state mode=None-script, software_lock=False
doing actuation None-script close_channel False
Close J ===>> OK
GetIndicatorState J ===>> False
change switch state (True, True)
update switch state J False args=() kw={} ncanvase=4
10:06:55 -- CLOSE  VALVE-J (Bone to APIS)
-------------------------- close J () result=[(True, True)]
action=close, ok=True, locked=[False]
close ('FC',) {}
close name=FC desc=---
checking ownership. requestor=129.138.12.137
check software interlocks FC
interlocks []
actuate state mode=None-script, software_lock=False
doing actuation None-script close_channel True
Close FC ===>> OK
set states for children of FC. state=False
handle state [('FC', False)]
update switch state FC False args=() kw={'refresh': False} ncanvase=4
refresh_canvas_needed fired
GetPercentOutput ===>> 0.0
GetIndicatorState FC ===>> False
change switch state (True, True)
update switch state FC False args=() kw={} ncanvase=4
GetSetpoint ===>> 0.0
10:06:56 -- CLOSE  VALVE-FC (Furnace Turbo)
-------------------------- close FC () result=[(True, True)]
GetProcessValue ===>> 285.0
response t=2.00278496742, out=0, setpoint=0, response=285.0
action=close, ok=True, locked=[False]
open ('FH',) {}
open name=FH desc=---
checking ownership. requestor=129.138.12.137
check software interlocks FH
interlocks []
actuate state mode=None-script, software_lock=False
doing actuation None-script open_channel False
Open FH ===>> OK
GetIndicatorState FH ===>> OK
change switch state (True, True)
update switch state FH True args=() kw={} ncanvase=4
10:06:57 -- OPEN   VALVE-FH (Furnace Isolation)
-------------------------- open FH () result=[(True, True)]
action=open, ok=True, locked=[False]
Furnace enabled. Heating sample.
enable () {}
set extraction state NMGRLFurnace Enabled (False, 'red', 1.5)
could not find manager name="NMGRLFurnace" func="enable_device"
set_pid_parameters (1500.0,) {}
setting pid parameters for 1500.0
{"pid": "HO,85;XP,100;TI,15;TD,3", "command": "SetPID"} ===>> OK
BEGIN INTERVAL Interval 1 waiting for 360.0
block started
set extract to 1500.0 (temp)
WaitControl setup for 360.0  
extract () {}
set extraction state NMGRLFurnace ON! 1500.0(temp) (0.75, 'red', 1.5)
extract sample to 1500.0 (temp)
extract
set setpoint to 1500.0
set setpoint=1500.0
setting pid parameters for 1500.0
GetPercentOutput ===>> 0.0
{"pid": "HO,85;XP,100;TI,15;TD,3", "command": "SetPID"} ===>> OK
GetSetpoint ===>> 0.0
{"setpoint": 1500.0, "command": "SetSetpoint"} ===>> OK
sleep (2,) {}
SLEEP 2.0
block started
WaitControl setup for 2.0  
GetProcessValue ===>> 285.0
response t=4.006772995, out=0, setpoint=0, response=285.0
GetPercentOutput ===>> 85.0
GetSetpoint ===>> 1500.0
GetProcessValue ===>> 284.0
response t=6.01085209846, out=85.0, setpoint=1500.0, response=284.0
Join finished
block finished. duration 2.03396201134
COMPLETE INTERVAL waiting for Interval 1 to complete
GetPercentOutput ===>> 85.0
GetSetpoint ===>> 1500.0
GetProcessValue ===>> 284.0
response t=8.01434588432, out=85.0, setpoint=1500.0, response=284.0
GetPercentOutput ===>> 85.0
GetSetpoint ===>> 1500.0
GetProcessValue ===>> 284.0
response t=10.0169229507, out=85.0, setpoint=1500.0, response=284.0
GetPercentOutput ===>> 85.0
GetSetpoint ===>> 1500.0
GetProcessValue ===>> 287.0
response t=12.0209350586, out=85.0, setpoint=1500.0, response=287.0
GetPercentOutput ===>> 85.0
GetSetpoint ===>> 1500.0
GetProcessValue ===>> 297.0
response t=14.0241019726, out=85.0, setpoint=1500.0, response=297.0
GetPercentOutput ===>> 85.0
GetSetpoint ===>> 1500.0
GetProcessValue ===>> 327.0
response t=16.0281119347, out=85.0, setpoint=1500.0, response=327.0
GetPercentOutput ===>> 85.0
GetSetpoint ===>> 1500.0
GetProcessValue ===>> 381.0
response t=18.027641058, out=85.0, setpoint=1500.0, response=381.0
GetPercentOutput ===>> 85.0
GetSetpoint ===>> 1500.0
GetProcessValue ===>> 477.0
response t=20.0314519405, out=85.0, setpoint=1500.0, response=477.0
GetPercentOutput ===>> 85.0
GetSetpoint ===>> 1500.0
GetProcessValue ===>> 578.0
response t=22.0334949493, out=85.0, setpoint=1500.0, response=578.0
GetPercentOutput ===>> 85.0
GetSetpoint ===>> 1500.0
GetProcessValue ===>> 701.0
response t=24.0354249477, out=85.0, setpoint=1500.0, response=701.0
GetPercentOutput ===>> 85.0
GetSetpoint ===>> 1500.0
GetProcessValue ===>> 876.0
response t=26.0384430885, out=85.0, setpoint=1500.0, response=876.0
GetPercentOutput ===>> 85.0
GetSetpoint ===>> 1500.0
GetProcessValue ===>> 1012.0
response t=28.0402910709, out=85.0, setpoint=1500.0, response=1012.0
GetPercentOutput ===>> 85.0
GetSetpoint ===>> 1500.0
GetProcessValue ===>> 1129.0
response t=30.0434250832, out=85.0, setpoint=1500.0, response=1129.0
GetPercentOutput ===>> 81.5
GetSetpoint ===>> 1500.0
GetProcessValue ===>> 1239.0
response t=32.0470659733, out=81.5, setpoint=1500.0, response=1239.0
GetPercentOutput ===>> 12.2
GetSetpoint ===>> 1500.0
GetProcessValue ===>> 1343.0
response t=34.0499389172, out=12.2, setpoint=1500.0, response=1343.0
GetPercentOutput ===>> 45.1
GetSetpoint ===>> 1500.0
GetProcessValue ===>> 1393.0
response t=36.0514159203, out=45.1, setpoint=1500.0, response=1393.0
GetPercentOutput ===>> 71.6
GetSetpoint ===>> 1500.0
GetProcessValue ===>> 1415.0
response t=38.0542459488, out=71.6, setpoint=1500.0, response=1415.0
GetPercentOutput ===>> 30.9
GetSetpoint ===>> 1500.0
GetProcessValue ===>> 1450.0
response t=40.0557720661, out=30.9, setpoint=1500.0, response=1450.0
GetPercentOutput ===>> 50.5
GetSetpoint ===>> 1500.0
GetProcessValue ===>> 1466.0
response t=42.0591020584, out=50.5, setpoint=1500.0, response=1466.0
GetPercentOutput ===>> 59.8
GetSetpoint ===>> 1500.0
GetProcessValue ===>> 1471.0
response t=44.0603120327, out=59.8, setpoint=1500.0, response=1471.0
GetPercentOutput ===>> 38.0
GetSetpoint ===>> 1500.0
GetProcessValue ===>> 1485.0
response t=46.0643560886, out=38.0, setpoint=1500.0, response=1485.0
GetPercentOutput ===>> 48.0
GetSetpoint ===>> 1500.0
GetProcessValue ===>> 1491.0
response t=48.0638239384, out=48.0, setpoint=1500.0, response=1491.0
GetPercentOutput ===>> 51.9
GetSetpoint ===>> 1500.0
GetProcessValue ===>> 1492.0
response t=50.0668680668, out=51.9, setpoint=1500.0, response=1492.0
GetPercentOutput ===>> 42.6
GetSetpoint ===>> 1500.0
GetProcessValue ===>> 1498.0
response t=52.069370985, out=42.6, setpoint=1500.0, response=1498.0
GetPercentOutput ===>> 45.3
GetSetpoint ===>> 1500.0
GetProcessValue ===>> 1500.0
response t=54.0733799934, out=45.3, setpoint=1500.0, response=1500.0
GetPercentOutput ===>> 47.1
GetSetpoint ===>> 1500.0
GetProcessValue ===>> 1500.0
response t=56.077133894, out=47.1, setpoint=1500.0, response=1500.0
GetPercentOutput ===>> 43.7
GetSetpoint ===>> 1500.0
GetProcessValue ===>> 1502.0
response t=58.079941988, out=43.7, setpoint=1500.0, response=1502.0
GetPercentOutput ===>> 44.1
GetSetpoint ===>> 1500.0
GetProcessValue ===>> 1502.0
response t=60.0832219124, out=44.1, setpoint=1500.0, response=1502.0
GetPercentOutput ===>> 44.5
GetSetpoint ===>> 1500.0
GetProcessValue ===>> 1502.0
response t=62.0847580433, out=44.5, setpoint=1500.0, response=1502.0
GetPercentOutput ===>> 43.2
GetSetpoint ===>> 1500.0
GetProcessValue ===>> 1503.0
response t=64.0868420601, out=43.2, setpoint=1500.0, response=1503.0
GetPercentOutput ===>> 42.4
GetSetpoint ===>> 1500.0
GetProcessValue ===>> 1503.0
response t=66.0893290043, out=42.4, setpoint=1500.0, response=1503.0
GetPercentOutput ===>> 42.7
GetSetpoint ===>> 1500.0
GetProcessValue ===>> 1503.0
response t=68.0913660526, out=42.7, setpoint=1500.0, response=1503.0
GetPercentOutput ===>> 42.4
GetSetpoint ===>> 1500.0
GetProcessValue ===>> 1503.0
response t=70.0934391022, out=42.4, setpoint=1500.0, response=1503.0
GetPercentOutput ===>> 41.4
GetSetpoint ===>> 1500.0
GetProcessValue ===>> 1503.0
response t=72.0953629017, out=41.4, setpoint=1500.0, response=1503.0
GetPercentOutput ===>> 41.5
GetSetpoint ===>> 1500.0
GetProcessValue ===>> 1503.0
response t=74.0951271057, out=41.5, setpoint=1500.0, response=1503.0
GetPercentOutput ===>> 41.4
GetSetpoint ===>> 1500.0
GetProcessValue ===>> 1503.0
response t=76.0957839489, out=41.4, setpoint=1500.0, response=1503.0
GetPercentOutput ===>> 41.1
GetSetpoint ===>> 1500.0
GetProcessValue ===>> 1503.0
response t=78.0964779854, out=41.1, setpoint=1500.0, response=1503.0
GetPercentOutput ===>> 40.9
GetSetpoint ===>> 1500.0
GetProcessValue ===>> 1503.0
response t=80.0975599289, out=40.9, setpoint=1500.0, response=1503.0
GetPercentOutput ===>> 40.5
GetSetpoint ===>> 1500.0
GetProcessValue ===>> 1503.0
response t=82.1015679836, out=40.5, setpoint=1500.0, response=1503.0
GetPercentOutput ===>> 40.6
GetSetpoint ===>> 1500.0
GetProcessValue ===>> 1502.0
response t=84.1050879955, out=40.6, setpoint=1500.0, response=1502.0
GetPercentOutput ===>> 40.3
GetSetpoint ===>> 1500.0
GetProcessValue ===>> 1502.0
response t=86.1047999859, out=40.3, setpoint=1500.0, response=1502.0
GetPercentOutput ===>> 40.2
GetSetpoint ===>> 1500.0
GetProcessValue ===>> 1502.0
response t=88.105932951, out=40.2, setpoint=1500.0, response=1502.0
GetPercentOutput ===>> 40.3
GetSetpoint ===>> 1500.0
GetProcessValue ===>> 1502.0
response t=90.109457016, out=40.3, setpoint=1500.0, response=1502.0
GetPercentOutput ===>> 40.1
GetSetpoint ===>> 1500.0
GetProcessValue ===>> 1502.0
response t=92.1107530594, out=40.1, setpoint=1500.0, response=1502.0
GetPercentOutput ===>> 40.2
GetSetpoint ===>> 1500.0
GetProcessValue ===>> 1501.0
response t=94.1098411083, out=40.2, setpoint=1500.0, response=1501.0
GetPercentOutput ===>> 40.1
GetSetpoint ===>> 1500.0
GetProcessValue ===>> 1501.0
response t=96.1130321026, out=40.1, setpoint=1500.0, response=1501.0
GetPercentOutput ===>> 39.9
GetSetpoint ===>> 1500.0
GetProcessValue ===>> 1501.0
response t=98.1121881008, out=39.9, setpoint=1500.0, response=1501.0
GetPercentOutput ===>> 39.9
GetSetpoint ===>> 1500.0
GetProcessValue ===>> 1501.0
response t=100.115331888, out=39.9, setpoint=1500.0, response=1501.0
GetPercentOutput ===>> 39.9
GetSetpoint ===>> 1500.0
GetProcessValue ===>> 1501.0
response t=102.115999937, out=39.9, setpoint=1500.0, response=1501.0
GetPercentOutput ===>> 39.9
GetSetpoint ===>> 1500.0
GetProcessValue ===>> 1501.0
response t=104.116091967, out=39.9, setpoint=1500.0, response=1501.0
GetPercentOutput ===>> 39.6
GetSetpoint ===>> 1500.0
GetProcessValue ===>> 1501.0
response t=106.115878105, out=39.6, setpoint=1500.0, response=1501.0
GetPercentOutput ===>> 39.7
GetSetpoint ===>> 1500.0
GetProcessValue ===>> 1501.0
response t=108.118566036, out=39.7, setpoint=1500.0, response=1501.0
GetPercentOutput ===>> 39.0
GetSetpoint ===>> 1500.0
GetProcessValue ===>> 1501.0
response t=110.117594004, out=39.0, setpoint=1500.0, response=1501.0
GetPercentOutput ===>> 39.8
GetSetpoint ===>> 1500.0
GetProcessValue ===>> 1501.0
response t=112.117454052, out=39.8, setpoint=1500.0, response=1501.0
GetPercentOutput ===>> 39.6
GetSetpoint ===>> 1500.0
GetProcessValue ===>> 1501.0
response t=114.118170023, out=39.6, setpoint=1500.0, response=1501.0
GetPercentOutput ===>> 39.0
GetSetpoint ===>> 1500.0
GetProcessValue ===>> 1501.0
response t=116.121814013, out=39.0, setpoint=1500.0, response=1501.0
GetPercentOutput ===>> 39.7
GetSetpoint ===>> 1500.0
GetProcessValue ===>> 1500.0
response t=118.123490095, out=39.7, setpoint=1500.0, response=1500.0
GetPercentOutput ===>> 39.8
GetSetpoint ===>> 1500.0
GetProcessValue ===>> 1500.0
response t=120.126245975, out=39.8, setpoint=1500.0, response=1500.0
GetPercentOutput ===>> 39.0
GetSetpoint ===>> 1500.0
GetProcessValue ===>> 1500.0
response t=122.126337051, out=39.0, setpoint=1500.0, response=1500.0
GetPercentOutput ===>> 39.6
GetSetpoint ===>> 1500.0
GetProcessValue ===>> 1500.0
response t=124.128313065, out=39.6, setpoint=1500.0, response=1500.0
GetPercentOutput ===>> 39.6
GetSetpoint ===>> 1500.0
GetProcessValue ===>> 1500.0
response t=126.128335953, out=39.6, setpoint=1500.0, response=1500.0
GetPercentOutput ===>> 39.0
GetSetpoint ===>> 1500.0
GetProcessValue ===>> 1500.0
response t=128.12926507, out=39.0, setpoint=1500.0, response=1500.0
GetPercentOutput ===>> 39.6
GetSetpoint ===>> 1500.0
GetProcessValue ===>> 1500.0
response t=130.129676104, out=39.6, setpoint=1500.0, response=1500.0
GetPercentOutput ===>> 39.7
GetSetpoint ===>> 1500.0
GetProcessValue ===>> 1500.0
response t=132.129297018, out=39.7, setpoint=1500.0, response=1500.0
GetPercentOutput ===>> 39.6
GetSetpoint ===>> 1500.0
GetProcessValue ===>> 1500.0
response t=134.129956961, out=39.6, setpoint=1500.0, response=1500.0
GetPercentOutput ===>> 39.0
GetSetpoint ===>> 1500.0
GetProcessValue ===>> 1500.0
response t=136.131253958, out=39.0, setpoint=1500.0, response=1500.0
GetPercentOutput ===>> 39.8
GetSetpoint ===>> 1500.0
GetProcessValue ===>> 1500.0
response t=138.134332895, out=39.8, setpoint=1500.0, response=1500.0
GetPercentOutput ===>> 39.6
GetSetpoint ===>> 1500.0
GetProcessValue ===>> 1500.0
response t=140.134605885, out=39.6, setpoint=1500.0, response=1500.0
GetPercentOutput ===>> 39.0
GetSetpoint ===>> 1500.0
GetProcessValue ===>> 1500.0
response t=142.135921955, out=39.0, setpoint=1500.0, response=1500.0
GetPercentOutput ===>> 39.0
GetSetpoint ===>> 1500.0
GetProcessValue ===>> 1500.0
response t=144.136854887, out=39.0, setpoint=1500.0, response=1500.0
GetPercentOutput ===>> 39.6
GetSetpoint ===>> 1500.0
GetProcessValue ===>> 1500.0
response t=146.138715982, out=39.6, setpoint=1500.0, response=1500.0
GetPercentOutput ===>> 39.0
GetSetpoint ===>> 1500.0
GetProcessValue ===>> 1500.0
response t=148.141474009, out=39.0, setpoint=1500.0, response=1500.0
GetPercentOutput ===>> 39.0
GetSetpoint ===>> 1500.0
GetProcessValue ===>> 1500.0
response t=150.144206047, out=39.0, setpoint=1500.0, response=1500.0
GetPercentOutput ===>> 39.8
GetSetpoint ===>> 1500.0
GetProcessValue ===>> 1500.0
response t=152.143725872, out=39.8, setpoint=1500.0, response=1500.0
GetPercentOutput ===>> 39.7
GetSetpoint ===>> 1500.0
GetProcessValue ===>> 1500.0
response t=154.146504879, out=39.7, setpoint=1500.0, response=1500.0
GetPercentOutput ===>> 39.0
GetSetpoint ===>> 1500.0
GetProcessValue ===>> 1500.0
response t=156.149374962, out=39.0, setpoint=1500.0, response=1500.0
GetPercentOutput ===>> 39.0
GetSetpoint ===>> 1500.0
GetProcessValue ===>> 1500.0
response t=158.150089025, out=39.0, setpoint=1500.0, response=1500.0
GetPercentOutput ===>> 40.1
GetSetpoint ===>> 1500.0
GetProcessValue ===>> 1500.0
response t=160.153878927, out=40.1, setpoint=1500.0, response=1500.0
GetPercentOutput ===>> 39.0
GetSetpoint ===>> 1500.0
GetProcessValue ===>> 1500.0
response t=162.155456066, out=39.0, setpoint=1500.0, response=1500.0
GetPercentOutput ===>> 39.0
GetSetpoint ===>> 1500.0
GetProcessValue ===>> 1500.0
response t=164.156596899, out=39.0, setpoint=1500.0, response=1500.0
GetPercentOutput ===>> 39.6
GetSetpoint ===>> 1500.0
GetProcessValue ===>> 1500.0
response t=166.158725023, out=39.6, setpoint=1500.0, response=1500.0
GetPercentOutput ===>> 39.6
GetSetpoint ===>> 1500.0
GetProcessValue ===>> 1500.0
response t=168.158678055, out=39.6, setpoint=1500.0, response=1500.0
GetPercentOutput ===>> 39.0
GetSetpoint ===>> 1500.0
GetProcessValue ===>> 1500.0
response t=170.159491062, out=39.0, setpoint=1500.0, response=1500.0
GetPercentOutput ===>> 39.8
GetSetpoint ===>> 1500.0
GetProcessValue ===>> 1500.0
response t=172.159836054, out=39.8, setpoint=1500.0, response=1500.0
GetPercentOutput ===>> 39.7
GetSetpoint ===>> 1500.0
GetProcessValue ===>> 1500.0
response t=174.159564018, out=39.7, setpoint=1500.0, response=1500.0
GetPercentOutput ===>> 39.0
GetSetpoint ===>> 1500.0
GetProcessValue ===>> 1500.0
response t=176.160894871, out=39.0, setpoint=1500.0, response=1500.0
GetPercentOutput ===>> 39.6
GetSetpoint ===>> 1500.0
GetProcessValue ===>> 1500.0
response t=178.163007021, out=39.6, setpoint=1500.0, response=1500.0
GetPercentOutput ===>> 39.7
GetSetpoint ===>> 1500.0
GetProcessValue ===>> 1500.0
response t=180.16403389, out=39.7, setpoint=1500.0, response=1500.0
GetPercentOutput ===>> 39.0
GetSetpoint ===>> 1500.0
GetProcessValue ===>> 1500.0
response t=182.165045977, out=39.0, setpoint=1500.0, response=1500.0
GetPercentOutput ===>> 39.6
GetSetpoint ===>> 1500.0
GetProcessValue ===>> 1500.0
response t=184.166651011, out=39.6, setpoint=1500.0, response=1500.0
GetPercentOutput ===>> 39.0
GetSetpoint ===>> 1500.0
GetProcessValue ===>> 1500.0
response t=186.169411898, out=39.0, setpoint=1500.0, response=1500.0
GetPercentOutput ===>> 39.7
GetSetpoint ===>> 1500.0
GetProcessValue ===>> 1500.0
response t=188.170442104, out=39.7, setpoint=1500.0, response=1500.0
GetPercentOutput ===>> 39.0
GetSetpoint ===>> 1500.0
GetProcessValue ===>> 1500.0
response t=190.172488928, out=39.0, setpoint=1500.0, response=1500.0
GetPercentOutput ===>> 39.0
GetSetpoint ===>> 1500.0
GetProcessValue ===>> 1500.0
response t=192.174167871, out=39.0, setpoint=1500.0, response=1500.0
GetPercentOutput ===>> 39.7
GetSetpoint ===>> 1500.0
GetProcessValue ===>> 1500.0
response t=194.177105904, out=39.7, setpoint=1500.0, response=1500.0
GetPercentOutput ===>> 39.0
GetSetpoint ===>> 1500.0
GetProcessValue ===>> 1500.0
response t=196.17969203, out=39.0, setpoint=1500.0, response=1500.0
GetPercentOutput ===>> 39.0
GetSetpoint ===>> 1500.0
GetProcessValue ===>> 1500.0
response t=198.181967974, out=39.0, setpoint=1500.0, response=1500.0
GetPercentOutput ===>> 39.6
GetSetpoint ===>> 1500.0
GetProcessValue ===>> 1500.0
response t=200.183666945, out=39.6, setpoint=1500.0, response=1500.0
GetPercentOutput ===>> 39.6
GetSetpoint ===>> 1500.0
GetProcessValue ===>> 1500.0
response t=202.184786081, out=39.6, setpoint=1500.0, response=1500.0
GetPercentOutput ===>> 39.0
GetSetpoint ===>> 1500.0
GetProcessValue ===>> 1500.0
response t=204.184611082, out=39.0, setpoint=1500.0, response=1500.0
GetPercentOutput ===>> 39.6
GetSetpoint ===>> 1500.0
GetProcessValue ===>> 1500.0
response t=206.18552494, out=39.6, setpoint=1500.0, response=1500.0
GetPercentOutput ===>> 39.0
GetSetpoint ===>> 1500.0
GetProcessValue ===>> 1500.0
response t=208.188054085, out=39.0, setpoint=1500.0, response=1500.0
GetPercentOutput ===>> 39.0
GetSetpoint ===>> 1500.0
GetProcessValue ===>> 1500.0
response t=210.190627098, out=39.0, setpoint=1500.0, response=1500.0
GetPercentOutput ===>> 39.0
GetSetpoint ===>> 1500.0
GetProcessValue ===>> 1500.0
response t=212.192363977, out=39.0, setpoint=1500.0, response=1500.0
GetPercentOutput ===>> 40.0
GetSetpoint ===>> 1500.0
GetProcessValue ===>> 1500.0
response t=214.192722082, out=40.0, setpoint=1500.0, response=1500.0
GetPercentOutput ===>> 39.0
GetSetpoint ===>> 1500.0
GetProcessValue ===>> 1500.0
response t=216.19362998, out=39.0, setpoint=1500.0, response=1500.0
GetPercentOutput ===>> 39.0
GetSetpoint ===>> 1500.0
GetProcessValue ===>> 1500.0
response t=218.195432901, out=39.0, setpoint=1500.0, response=1500.0
GetPercentOutput ===>> 39.0
GetSetpoint ===>> 1500.0
GetProcessValue ===>> 1500.0
response t=220.196216106, out=39.0, setpoint=1500.0, response=1500.0
GetPercentOutput ===>> 39.7
GetSetpoint ===>> 1500.0
GetProcessValue ===>> 1500.0
response t=222.197932005, out=39.7, setpoint=1500.0, response=1500.0
GetPercentOutput ===>> 39.0
GetSetpoint ===>> 1500.0
GetProcessValue ===>> 1500.0
response t=224.200193882, out=39.0, setpoint=1500.0, response=1500.0
GetPercentOutput ===>> 39.0
GetSetpoint ===>> 1500.0
GetProcessValue ===>> 1500.0
response t=226.202236891, out=39.0, setpoint=1500.0, response=1500.0
GetPercentOutput ===>> 39.6
GetSetpoint ===>> 1500.0
GetProcessValue ===>> 1500.0
response t=228.204351902, out=39.6, setpoint=1500.0, response=1500.0
GetPercentOutput ===>> 39.0
GetSetpoint ===>> 1500.0
GetProcessValue ===>> 1500.0
response t=230.205518961, out=39.0, setpoint=1500.0, response=1500.0
GetPercentOutput ===>> 39.0
GetSetpoint ===>> 1500.0
GetProcessValue ===>> 1500.0
response t=232.205333948, out=39.0, setpoint=1500.0, response=1500.0
GetPercentOutput ===>> 39.6
GetSetpoint ===>> 1500.0
GetProcessValue ===>> 1500.0
response t=234.20823288, out=39.6, setpoint=1500.0, response=1500.0
GetPercentOutput ===>> 39.0
GetSetpoint ===>> 1500.0
GetProcessValue ===>> 1500.0
response t=236.208141088, out=39.0, setpoint=1500.0, response=1500.0
GetPercentOutput ===>> 39.0
GetSetpoint ===>> 1500.0
GetProcessValue ===>> 1500.0
response t=238.21024394, out=39.0, setpoint=1500.0, response=1500.0
GetPercentOutput ===>> 39.0
GetSetpoint ===>> 1500.0
GetProcessValue ===>> 1500.0
response t=240.212780952, out=39.0, setpoint=1500.0, response=1500.0
GetPercentOutput ===>> 39.6
GetSetpoint ===>> 1500.0
GetProcessValue ===>> 1500.0
response t=242.211886883, out=39.6, setpoint=1500.0, response=1500.0
GetPercentOutput ===>> 39.0
GetSetpoint ===>> 1500.0
GetProcessValue ===>> 1500.0
response t=244.211513996, out=39.0, setpoint=1500.0, response=1500.0
GetPercentOutput ===>> 39.7
GetSetpoint ===>> 1500.0
GetProcessValue ===>> 1500.0
response t=246.212975025, out=39.7, setpoint=1500.0, response=1500.0
GetPercentOutput ===>> 39.0
GetSetpoint ===>> 1500.0
GetProcessValue ===>> 1500.0
response t=248.213361979, out=39.0, setpoint=1500.0, response=1500.0
GetPercentOutput ===>> 39.0
GetSetpoint ===>> 1500.0
GetProcessValue ===>> 1500.0
response t=250.215559006, out=39.0, setpoint=1500.0, response=1500.0
GetPercentOutput ===>> 39.6
GetSetpoint ===>> 1500.0
GetProcessValue ===>> 1500.0
response t=252.21746397, out=39.6, setpoint=1500.0, response=1500.0
GetPercentOutput ===>> 39.0
GetSetpoint ===>> 1500.0
GetProcessValue ===>> 1500.0
response t=254.219266891, out=39.0, setpoint=1500.0, response=1500.0
GetPercentOutput ===>> 39.0
GetSetpoint ===>> 1500.0
GetProcessValue ===>> 1500.0
response t=256.22141099, out=39.0, setpoint=1500.0, response=1500.0
GetPercentOutput ===>> 39.0
GetSetpoint ===>> 1500.0
GetProcessValue ===>> 1500.0
response t=258.22180891, out=39.0, setpoint=1500.0, response=1500.0
GetPercentOutput ===>> 39.0
GetSetpoint ===>> 1500.0
GetProcessValue ===>> 1500.0
response t=260.223643064, out=39.0, setpoint=1500.0, response=1500.0
GetPercentOutput ===>> 39.6
GetSetpoint ===>> 1500.0
GetProcessValue ===>> 1500.0
response t=262.22586894, out=39.6, setpoint=1500.0, response=1500.0
GetPercentOutput ===>> 39.0
GetSetpoint ===>> 1500.0
GetProcessValue ===>> 1500.0
response t=264.227631092, out=39.0, setpoint=1500.0, response=1500.0
GetPercentOutput ===>> 39.0
GetSetpoint ===>> 1500.0
GetProcessValue ===>> 1500.0
response t=266.229640007, out=39.0, setpoint=1500.0, response=1500.0
GetPercentOutput ===>> 39.0
GetSetpoint ===>> 1500.0
GetProcessValue ===>> 1500.0
response t=268.229470015, out=39.0, setpoint=1500.0, response=1500.0
GetPercentOutput ===>> 39.0
GetSetpoint ===>> 1500.0
GetProcessValue ===>> 1500.0
response t=270.232680082, out=39.0, setpoint=1500.0, response=1500.0
GetPercentOutput ===>> 39.0
GetSetpoint ===>> 1500.0
GetProcessValue ===>> 1500.0
response t=272.234001875, out=39.0, setpoint=1500.0, response=1500.0
GetPercentOutput ===>> 39.0
GetSetpoint ===>> 1500.0
GetProcessValue ===>> 1500.0
response t=274.234551907, out=39.0, setpoint=1500.0, response=1500.0
GetPercentOutput ===>> 39.0
GetSetpoint ===>> 1500.0
GetProcessValue ===>> 1500.0
response t=276.236125946, out=39.0, setpoint=1500.0, response=1500.0
GetPercentOutput ===>> 39.0
GetSetpoint ===>> 1500.0
GetProcessValue ===>> 1500.0
response t=278.235828876, out=39.0, setpoint=1500.0, response=1500.0
GetPercentOutput ===>> 39.0
GetSetpoint ===>> 1500.0
GetProcessValue ===>> 1500.0
response t=280.237081051, out=39.0, setpoint=1500.0, response=1500.0
GetPercentOutput ===>> 39.0
GetSetpoint ===>> 1500.0
GetProcessValue ===>> 1500.0
response t=282.239145994, out=39.0, setpoint=1500.0, response=1500.0
GetPercentOutput ===>> 39.0
GetSetpoint ===>> 1500.0
GetProcessValue ===>> 1500.0
response t=284.242410898, out=39.0, setpoint=1500.0, response=1500.0
GetPercentOutput ===>> 39.7
GetSetpoint ===>> 1500.0
GetProcessValue ===>> 1500.0
response t=286.242419958, out=39.7, setpoint=1500.0, response=1500.0
GetPercentOutput ===>> 39.0
GetSetpoint ===>> 1500.0
GetProcessValue ===>> 1500.0
response t=288.242846012, out=39.0, setpoint=1500.0, response=1500.0
GetPercentOutput ===>> 39.0
GetSetpoint ===>> 1500.0
GetProcessValue ===>> 1500.0
response t=290.246567011, out=39.0, setpoint=1500.0, response=1500.0
GetPercentOutput ===>> 39.0
GetSetpoint ===>> 1500.0
GetProcessValue ===>> 1500.0
response t=292.248399019, out=39.0, setpoint=1500.0, response=1500.0
GetPercentOutput ===>> 39.0
GetSetpoint ===>> 1500.0
GetProcessValue ===>> 1500.0
response t=294.249644041, out=39.0, setpoint=1500.0, response=1500.0
GetPercentOutput ===>> 39.0
GetSetpoint ===>> 1500.0
GetProcessValue ===>> 1500.0
response t=296.249640942, out=39.0, setpoint=1500.0, response=1500.0
GetPercentOutput ===>> 39.0
GetSetpoint ===>> 1500.0
GetProcessValue ===>> 1500.0
response t=298.251970053, out=39.0, setpoint=1500.0, response=1500.0
GetPercentOutput ===>> 39.0
GetSetpoint ===>> 1500.0
GetProcessValue ===>> 1500.0
response t=300.254518986, out=39.0, setpoint=1500.0, response=1500.0
GetPercentOutput ===>> 39.0
GetSetpoint ===>> 1500.0
GetProcessValue ===>> 1500.0
response t=302.255668879, out=39.0, setpoint=1500.0, response=1500.0
GetPercentOutput ===>> 39.0
GetSetpoint ===>> 1500.0
GetProcessValue ===>> 1500.0
response t=304.256844044, out=39.0, setpoint=1500.0, response=1500.0
GetPercentOutput ===>> 38.9
GetSetpoint ===>> 1500.0
GetProcessValue ===>> 1500.0
response t=306.259684086, out=38.9, setpoint=1500.0, response=1500.0
GetPercentOutput ===>> 39.6
GetSetpoint ===>> 1500.0
GetProcessValue ===>> 1500.0
response t=308.261477947, out=39.6, setpoint=1500.0, response=1500.0
GetPercentOutput ===>> 39.0
GetSetpoint ===>> 1500.0
GetProcessValue ===>> 1500.0
response t=310.262561083, out=39.0, setpoint=1500.0, response=1500.0
GetPercentOutput ===>> 39.0
GetSetpoint ===>> 1500.0
GetProcessValue ===>> 1500.0
response t=312.265362978, out=39.0, setpoint=1500.0, response=1500.0
GetPercentOutput ===>> 39.0
GetSetpoint ===>> 1500.0
GetProcessValue ===>> 1500.0
response t=314.267309904, out=39.0, setpoint=1500.0, response=1500.0
GetPercentOutput ===>> 39.0
GetSetpoint ===>> 1500.0
GetProcessValue ===>> 1500.0
response t=316.269713879, out=39.0, setpoint=1500.0, response=1500.0
GetPercentOutput ===>> 39.0
GetSetpoint ===>> 1500.0
GetProcessValue ===>> 1500.0
response t=318.27205801, out=39.0, setpoint=1500.0, response=1500.0
GetPercentOutput ===>> 39.0
GetSetpoint ===>> 1500.0
GetProcessValue ===>> 1500.0
response t=320.274679899, out=39.0, setpoint=1500.0, response=1500.0
GetPercentOutput ===>> 39.7
GetSetpoint ===>> 1500.0
GetProcessValue ===>> 1500.0
response t=322.276542902, out=39.7, setpoint=1500.0, response=1500.0
GetPercentOutput ===>> 39.0
GetSetpoint ===>> 1500.0
GetProcessValue ===>> 1500.0
response t=324.276371002, out=39.0, setpoint=1500.0, response=1500.0
GetPercentOutput ===>> 39.0
GetSetpoint ===>> 1500.0
GetProcessValue ===>> 1500.0
response t=326.279337883, out=39.0, setpoint=1500.0, response=1500.0
GetPercentOutput ===>> 39.0
GetSetpoint ===>> 1500.0
GetProcessValue ===>> 1500.0
response t=328.279047012, out=39.0, setpoint=1500.0, response=1500.0
GetPercentOutput ===>> 39.0
GetSetpoint ===>> 1500.0
GetProcessValue ===>> 1500.0
response t=330.281651974, out=39.0, setpoint=1500.0, response=1500.0
GetPercentOutput ===>> 38.7
GetSetpoint ===>> 1500.0
GetProcessValue ===>> 1500.0
response t=332.284317017, out=38.7, setpoint=1500.0, response=1500.0
GetPercentOutput ===>> 39.0
GetSetpoint ===>> 1500.0
GetProcessValue ===>> 1500.0
response t=334.285670042, out=39.0, setpoint=1500.0, response=1500.0
GetPercentOutput ===>> 39.0
GetSetpoint ===>> 1500.0
GetProcessValue ===>> 1500.0
response t=336.287221909, out=39.0, setpoint=1500.0, response=1500.0
GetPercentOutput ===>> 39.0
GetSetpoint ===>> 1500.0
GetProcessValue ===>> 1500.0
response t=338.289206982, out=39.0, setpoint=1500.0, response=1500.0
GetPercentOutput ===>> 39.0
GetSetpoint ===>> 1500.0
GetProcessValue ===>> 1500.0
response t=340.292895079, out=39.0, setpoint=1500.0, response=1500.0
GetPercentOutput ===>> 39.6
GetSetpoint ===>> 1500.0
GetProcessValue ===>> 1500.0
response t=342.293238878, out=39.6, setpoint=1500.0, response=1500.0
GetPercentOutput ===>> 39.0
GetSetpoint ===>> 1500.0
GetProcessValue ===>> 1500.0
response t=344.29383707, out=39.0, setpoint=1500.0, response=1500.0
GetPercentOutput ===>> 39.0
GetSetpoint ===>> 1500.0
GetProcessValue ===>> 1500.0
response t=346.295161009, out=39.0, setpoint=1500.0, response=1500.0
GetPercentOutput ===>> 39.0
GetSetpoint ===>> 1500.0
GetProcessValue ===>> 1500.0
response t=348.296050072, out=39.0, setpoint=1500.0, response=1500.0
GetPercentOutput ===>> 39.0
GetSetpoint ===>> 1500.0
GetProcessValue ===>> 1500.0
response t=350.295556068, out=39.0, setpoint=1500.0, response=1500.0
GetPercentOutput ===>> 39.0
GetSetpoint ===>> 1500.0
GetProcessValue ===>> 1500.0
response t=352.297416925, out=39.0, setpoint=1500.0, response=1500.0
GetPercentOutput ===>> 39.6
GetSetpoint ===>> 1500.0
GetProcessValue ===>> 1500.0
response t=354.298429966, out=39.6, setpoint=1500.0, response=1500.0
GetPercentOutput ===>> 39.0
GetSetpoint ===>> 1500.0
GetProcessValue ===>> 1500.0
response t=356.301790953, out=39.0, setpoint=1500.0, response=1500.0
GetPercentOutput ===>> 39.0
GetSetpoint ===>> 1500.0
GetProcessValue ===>> 1500.0
response t=358.303307056, out=39.0, setpoint=1500.0, response=1500.0
GetPercentOutput ===>> 39.0
GetSetpoint ===>> 1500.0
GetProcessValue ===>> 1500.0
response t=360.305140018, out=39.0, setpoint=1500.0, response=1500.0
GetPercentOutput ===>> 39.0
GetSetpoint ===>> 1500.0
GetProcessValue ===>> 1500.0
response t=362.307677984, out=39.0, setpoint=1500.0, response=1500.0
GetPercentOutput ===>> 39.0
GetSetpoint ===>> 1500.0
GetProcessValue ===>> 1500.0
response t=364.31081295, out=39.0, setpoint=1500.0, response=1500.0
Join finished
block finished. duration 360.861861944
Interval 1 finished
disable () {}
%%%%%%%%%%%%%%%%%%%%%%%%%%%%%%%%%%% disable
set extraction state False (0.75, 'red', 1.5)
disable
set setpoint=0.0
setting pid parameters for 0.0
{"pid": "HO,10;XP,10;TI,48;TD,8", "command": "SetPID"} ===>> OK
{"setpoint": 0.0, "command": "SetSetpoint"} ===>> OK
Furnace disabled.
sleep (60,) {}
SLEEP 60.0
block started
WaitControl setup for 60.0  
GetPercentOutput ===>> 0.0
GetSetpoint ===>> 0.0
GetProcessValue ===>> 1500.0
response t=366.314579964, out=0, setpoint=0, response=1500.0
GetPercentOutput ===>> 0.0
GetSetpoint ===>> 0.0
GetProcessValue ===>> 1491.0
response t=368.316963911, out=0, setpoint=0, response=1491.0
GetPercentOutput ===>> 0.0
GetSetpoint ===>> 0.0
GetProcessValue ===>> 1472.0
response t=370.318702936, out=0, setpoint=0, response=1472.0
GetPercentOutput ===>> 0.0
GetSetpoint ===>> 0.0
GetProcessValue ===>> 1450.0
response t=372.324233055, out=0, setpoint=0, response=1450.0
GetPercentOutput ===>> 0.0
GetSetpoint ===>> 0.0
GetProcessValue ===>> 1427.0
response t=374.324268103, out=0, setpoint=0, response=1427.0
GetPercentOutput ===>> 0.0
GetSetpoint ===>> 0.0
GetProcessValue ===>> 1402.0
response t=376.324852943, out=0, setpoint=0, response=1402.0
GetPercentOutput ===>> 0.0
GetSetpoint ===>> 0.0
GetProcessValue ===>> 1377.0
response t=378.325603008, out=0, setpoint=0, response=1377.0
GetPercentOutput ===>> 0.0
GetSetpoint ===>> 0.0
GetProcessValue ===>> 1354.0
response t=380.328370094, out=0, setpoint=0, response=1354.0
GetPercentOutput ===>> 0.0
GetSetpoint ===>> 0.0
GetProcessValue ===>> 1332.0
response t=382.337491989, out=0, setpoint=0, response=1332.0
GetPercentOutput ===>> 0.0
GetSetpoint ===>> 0.0
GetProcessValue ===>> 1308.0
response t=384.338717937, out=0, setpoint=0, response=1308.0
GetPercentOutput ===>> 0.0
GetSetpoint ===>> 0.0
GetProcessValue ===>> 1289.0
response t=386.342210054, out=0, setpoint=0, response=1289.0
GetPercentOutput ===>> 0.0
GetSetpoint ===>> 0.0
GetProcessValue ===>> 1270.0
response t=388.345547915, out=0, setpoint=0, response=1270.0
GetPercentOutput ===>> 0.0
GetSetpoint ===>> 0.0
GetProcessValue ===>> 1252.0
response t=390.347954988, out=0, setpoint=0, response=1252.0
GetPercentOutput ===>> 0.0
GetSetpoint ===>> 0.0
GetProcessValue ===>> 1235.0
response t=392.349195957, out=0, setpoint=0, response=1235.0
GetPercentOutput ===>> 0.0
GetSetpoint ===>> 0.0
GetProcessValue ===>> 1218.0
response t=394.35174799, out=0, setpoint=0, response=1218.0
GetPercentOutput ===>> 0.0
GetSetpoint ===>> 0.0
GetProcessValue ===>> 1202.0
response t=396.356498003, out=0, setpoint=0, response=1202.0
GetPercentOutput ===>> 0.0
GetSetpoint ===>> 0.0
GetProcessValue ===>> 1187.0
response t=398.359850883, out=0, setpoint=0, response=1187.0
GetPercentOutput ===>> 0.0
GetSetpoint ===>> 0.0
GetProcessValue ===>> 1172.0
response t=400.360790968, out=0, setpoint=0, response=1172.0
GetPercentOutput ===>> 0.0
GetSetpoint ===>> 0.0
GetProcessValue ===>> 1158.0
response t=402.36331892, out=0, setpoint=0, response=1158.0
GetPercentOutput ===>> 0.0
GetSetpoint ===>> 0.0
GetProcessValue ===>> 1144.0
response t=404.36523509, out=0, setpoint=0, response=1144.0
GetPercentOutput ===>> 0.0
GetSetpoint ===>> 0.0
GetProcessValue ===>> 1131.0
response t=406.368817091, out=0, setpoint=0, response=1131.0
GetPercentOutput ===>> 0.0
GetSetpoint ===>> 0.0
GetProcessValue ===>> 1119.0
response t=408.370760918, out=0, setpoint=0, response=1119.0
GetPercentOutput ===>> 0.0
GetSetpoint ===>> 0.0
GetProcessValue ===>> 1107.0
response t=410.373452902, out=0, setpoint=0, response=1107.0
GetPercentOutput ===>> 0.0
GetSetpoint ===>> 0.0
GetProcessValue ===>> 1096.0
response t=412.375452995, out=0, setpoint=0, response=1096.0
GetPercentOutput ===>> 0.0
GetSetpoint ===>> 0.0
GetProcessValue ===>> 1084.0
response t=414.377289057, out=0, setpoint=0, response=1084.0
GetPercentOutput ===>> 0.0
GetSetpoint ===>> 0.0
GetProcessValue ===>> 1073.0
response t=416.37857604, out=0, setpoint=0, response=1073.0
GetPercentOutput ===>> 0.0
GetSetpoint ===>> 0.0
GetProcessValue ===>> 1063.0
response t=418.380554914, out=0, setpoint=0, response=1063.0
GetPercentOutput ===>> 0.0
GetSetpoint ===>> 0.0
GetProcessValue ===>> 1053.0
response t=420.382576942, out=0, setpoint=0, response=1053.0
GetPercentOutput ===>> 0.0
GetSetpoint ===>> 0.0
GetProcessValue ===>> 1043.0
response t=422.381606102, out=0, setpoint=0, response=1043.0
GetPercentOutput ===>> 0.0
GetSetpoint ===>> 0.0
GetProcessValue ===>> 1034.0
response t=424.381603956, out=0, setpoint=0, response=1034.0
Join finished
block finished. duration 60.2149031162
close ('B',) {}
close name=B desc=---
checking ownership. requestor=129.138.12.137
check software interlocks B
interlocks []
actuate state mode=None-script, software_lock=False
doing actuation None-script close_channel True
Close B ===>> OK
GetIndicatorState B ===>> False
change switch state (True, True)
update switch state B False args=() kw={} ncanvase=4
10:14:00 -- CLOSE  VALVE-B (Bone to Diode Laser)
-------------------------- close B () result=[(True, True)]
action=close, ok=True, locked=[False]
close ('E',) {}
close name=E desc=---
checking ownership. requestor=129.138.12.137
check software interlocks E
interlocks []
actuate state mode=None-script, software_lock=False
doing actuation None-script close_channel False
Close E ===>> OK
GetPercentOutput ===>> 0.0
GetIndicatorState E ===>> False
change switch state (True, True)
update switch state E False args=() kw={} ncanvase=4
GetSetpoint ===>> 0.0
GetProcessValue ===>> 1025.0
response t=426.385138988, out=0, setpoint=0, response=1025.0
10:14:00 -- CLOSE  VALVE-E (Bone to Minibone)
-------------------------- close E () result=[(True, True)]
action=close, ok=True, locked=[False]
close ('C',) {}
close name=C desc=---
checking ownership. requestor=129.138.12.137
check software interlocks C
interlocks []
actuate state mode=None-script, software_lock=False
doing actuation None-script close_channel True
Close C ===>> OK
GetIndicatorState C ===>> False
change switch state (True, True)
update switch state C False args=() kw={} ncanvase=4
10:14:01 -- CLOSE  VALVE-C (Bone to Turbo)
-------------------------- close C () result=[(True, True)]
action=close, ok=True, locked=[False]
sleep (2,) {}
SLEEP 2.0
block started
WaitControl setup for 2.0  
GetPercentOutput ===>> 0.0
GetSetpoint ===>> 0.0
GetProcessValue ===>> 1016.0
response t=428.388372898, out=0, setpoint=0, response=1016.0
Join finished
block finished. duration 2.0093100071
open ('J',) {}
open name=J desc=---
checking ownership. requestor=129.138.12.137
check software interlocks J
interlocks []
actuate state mode=None-script, software_lock=False
doing actuation None-script open_channel True
Open J ===>> OK
GetIndicatorState J ===>> OK
change switch state (True, True)
update switch state J True args=() kw={} ncanvase=4
10:14:03 -- OPEN   VALVE-J (Bone to APIS)
-------------------------- open J () result=[(True, True)]
action=open, ok=True, locked=[False]
sleep (30,) {}
SLEEP 30.0
block started
WaitControl setup for 30.0  
GetPercentOutput ===>> 0.0
GetSetpoint ===>> 0.0
GetProcessValue ===>> 1007.0
response t=430.390419006, out=0, setpoint=0, response=1007.0
GetPercentOutput ===>> 0.0
GetSetpoint ===>> 0.0
GetProcessValue ===>> 999.0
response t=432.390084982, out=0, setpoint=0, response=999.0
GetPercentOutput ===>> 0.0
GetSetpoint ===>> 0.0
GetProcessValue ===>> 990.0
response t=434.393110991, out=0, setpoint=0, response=990.0
GetPercentOutput ===>> 0.0
GetSetpoint ===>> 0.0
GetProcessValue ===>> 982.0
response t=436.394053936, out=0, setpoint=0, response=982.0
GetPercentOutput ===>> 0.0
GetSetpoint ===>> 0.0
GetProcessValue ===>> 974.0
response t=438.398084879, out=0, setpoint=0, response=974.0
GetPercentOutput ===>> 0.0
GetSetpoint ===>> 0.0
GetProcessValue ===>> 966.0
response t=440.402103901, out=0, setpoint=0, response=966.0
GetPercentOutput ===>> 0.0
GetSetpoint ===>> 0.0
GetProcessValue ===>> 959.0
response t=442.401961088, out=0, setpoint=0, response=959.0
GetPercentOutput ===>> 0.0
GetSetpoint ===>> 0.0
GetProcessValue ===>> 952.0
response t=444.40525794, out=0, setpoint=0, response=952.0
GetPercentOutput ===>> 0.0
GetSetpoint ===>> 0.0
GetProcessValue ===>> 944.0
response t=446.407660007, out=0, setpoint=0, response=944.0
GetPercentOutput ===>> 0.0
GetSetpoint ===>> 0.0
GetProcessValue ===>> 937.0
response t=448.411002874, out=0, setpoint=0, response=937.0
GetPercentOutput ===>> 0.0
GetSetpoint ===>> 0.0
GetProcessValue ===>> 930.0
response t=450.41258502, out=0, setpoint=0, response=930.0
GetPercentOutput ===>> 0.0
GetSetpoint ===>> 0.0
GetProcessValue ===>> 923.0
response t=452.415044069, out=0, setpoint=0, response=923.0
GetPercentOutput ===>> 0.0
GetSetpoint ===>> 0.0
GetProcessValue ===>> 917.0
response t=454.417176962, out=0, setpoint=0, response=917.0
GetPercentOutput ===>> 0.0
GetSetpoint ===>> 0.0
GetProcessValue ===>> 910.0
response t=456.419205904, out=0, setpoint=0, response=910.0
GetPercentOutput ===>> 0.0
GetSetpoint ===>> 0.0
GetProcessValue ===>> 904.0
response t=458.419028997, out=0, setpoint=0, response=904.0
Join finished
block finished. duration 30.093667984
close ('J',) {}
close name=J desc=---
checking ownership. requestor=129.138.12.137
check software interlocks J
interlocks []
actuate state mode=None-script, software_lock=False
doing actuation None-script close_channel True
Close J ===>> OK
GetIndicatorState J ===>> False
change switch state (True, True)
update switch state J False args=() kw={} ncanvase=4
10:14:34 -- CLOSE  VALVE-J (Bone to APIS)
-------------------------- close J () result=[(True, True)]
action=close, ok=True, locked=[False]
open ('FC',) {}
open name=FC desc=---
checking ownership. requestor=129.138.12.137
check software interlocks FC
interlocks []
actuate state mode=None-script, software_lock=False
doing actuation None-script open_channel True
GetPercentOutput ===>> 0.0
GetSetpoint ===>> 0.0
GetProcessValue ===>> 898.0
response t=460.421655893, out=0, setpoint=0, response=898.0
Open FC ===>> OK
set states for children of FC. state=True
handle state [('FC', True)]
update switch state FC True args=() kw={'refresh': False} ncanvase=4
refresh_canvas_needed fired
GetIndicatorState FC ===>> OK
change switch state (True, True)
update switch state FC True args=() kw={} ncanvase=4
10:14:35 -- OPEN   VALVE-FC (Furnace Turbo)
-------------------------- open FC () result=[(True, True)]
action=open, ok=True, locked=[False]
sleep (30.0,) {}
SLEEP 30.0
block started
WaitControl setup for 30.0  
GetPercentOutput ===>> 0.0
GetSetpoint ===>> 0.0
GetProcessValue ===>> 892.0
response t=462.422849894, out=0, setpoint=0, response=892.0
GetPercentOutput ===>> 0.0
GetSetpoint ===>> 0.0
GetProcessValue ===>> 886.0
response t=464.425769091, out=0, setpoint=0, response=886.0
GetPercentOutput ===>> 0.0
GetSetpoint ===>> 0.0
GetProcessValue ===>> 880.0
response t=466.429333925, out=0, setpoint=0, response=880.0
GetPercentOutput ===>> 0.0
GetSetpoint ===>> 0.0
GetProcessValue ===>> 875.0
response t=468.432316065, out=0, setpoint=0, response=875.0
GetPercentOutput ===>> 0.0
GetSetpoint ===>> 0.0
GetProcessValue ===>> 869.0
response t=470.435640097, out=0, setpoint=0, response=869.0
GetPercentOutput ===>> 0.0
GetSetpoint ===>> 0.0
GetProcessValue ===>> 863.0
response t=472.434971094, out=0, setpoint=0, response=863.0
GetPercentOutput ===>> 0.0
GetSetpoint ===>> 0.0
GetProcessValue ===>> 858.0
response t=474.436035872, out=0, setpoint=0, response=858.0
GetPercentOutput ===>> 0.0
GetSetpoint ===>> 0.0
GetProcessValue ===>> 853.0
response t=476.435744047, out=0, setpoint=0, response=853.0
GetPercentOutput ===>> 0.0
GetSetpoint ===>> 0.0
GetProcessValue ===>> 847.0
response t=478.438105106, out=0, setpoint=0, response=847.0
GetPercentOutput ===>> 0.0
GetSetpoint ===>> 0.0
GetProcessValue ===>> 842.0
response t=480.438230038, out=0, setpoint=0, response=842.0
GetPercentOutput ===>> 0.0
GetSetpoint ===>> 0.0
GetProcessValue ===>> 838.0
response t=482.437763929, out=0, setpoint=0, response=838.0
GetPercentOutput ===>> 0.0
GetSetpoint ===>> 0.0
GetProcessValue ===>> 833.0
response t=484.439676046, out=0, setpoint=0, response=833.0
GetPercentOutput ===>> 0.0
GetSetpoint ===>> 0.0
GetProcessValue ===>> 828.0
response t=486.439393997, out=0, setpoint=0, response=828.0
GetPercentOutput ===>> 0.0
GetSetpoint ===>> 0.0
GetProcessValue ===>> 823.0
response t=488.441112995, out=0, setpoint=0, response=823.0
GetPercentOutput ===>> 0.0
GetSetpoint ===>> 0.0
GetProcessValue ===>> 819.0
response t=490.443361998, out=0, setpoint=0, response=819.0
Join finished
block finished. duration 30.1016261578
stop_response_recorder () {}
stop response recorder
executed snippet estimated_duration=1447.0, duration=491.936367035
felix_furnace.py completed successfully
get achieved output
Requested Output= 0.000
Achieved Output=  0.000
get response blob
get output blob
active pid =HO,10;XP,10;TI,48;TD,8
persistence save...
persistence save - db
AutomatedRunPersister post_extraction_save deprecated
persistence save - dvc
no extraction position for 
Extraction Finished
10:15:06 -- ******* Extraction Finished *******
no overlap. not waiting for min ms pumptime
10:15:06 -- Sending spectrometer configuration
======== Sending configuration ========
SetZFocus 9.84 ===>> OK
SetHV 9000.0 ===>> OK
SetZSymmetry 18.34 ===>> OK
SetExtractionLens 42.35 ===>> OK
SetIonRepeller -4.08 ===>> OK
SetElectronEnergy 107.0 ===>> OK
SetYSymmetry 12.72 ===>> OK
send trap current 400.0
GetParameter Trap Current Readback ===>> 399.426844900201
SetParameter Trap Current Set,400.0 ===>> OK
updating mftable name argon
Using mftable located at /Users/obama/PychronDev/setupfiles/spectrometer/mftables/argon.csv
============ MFtable ===========
Isotope  H2     H1     AX     L1     L2     L2(CDD)
Ar40     3.4923 3.5635 3.6378 3.7148 3.8106 3.7972
Ar39     3.4233 3.4936 3.5664 3.6447 3.7357 3.7220
Ar36     3.2132 3.2795 3.3479 3.4196 3.5164 3.4937
================================
get initial guess parabolic
get initial guess parabolic
get initial guess parabolic
get initial guess parabolic
get initial guess parabolic
get initial guess parabolic
======== Configuration Finished ========
GetYSymmetry ===>> 12.72
GetZSymmetry ===>> 18.34
GetParameter Trap Current Readback ===>> 397.972349386559
GetHighVoltage ===>> 9000
start measurement
do measurement
L#=65505 analysis type=unknown
Measurement Started felix_analysis400_120.py
10:15:06 -- ******* Measurement Started felix_analysis400_120.py *******
state changed from extraction to measurement
setting spec, defl, and gains
GetExtractionLens ===>> 42.35
GetYSymmetry ===>> 12.72
GetZSymmetry ===>> 18.34
GetZFocus ===>> 9.84
GetDeflection H2 (CDD) ===>> 3250
GetDeflection H1 (CDD) ===>> 3250
GetDeflection AX (CDD) ===>> 3250
GetDeflection L1 (CDD) ===>> 3250
GetDeflection L2 (CDD) ===>> 0
GetGain H2 ===>> 0.9809305
GetGain H1 ===>> 0.96484
GetGain AX ===>> 0.96253
GetGain L1 ===>> 0.970094835296087
GetGain L2 ===>> 0.967359864778375
GetGain H2(CDD) ===>> 0
GetGain H1(CDD) ===>> 0
GetGain AX(CDD) ===>> 0
GetGain L1(CDD) ===>> 0
GetGain L2(CDD) ===>> 0
pre measurement save
New frame /Users/obama/PychronDev/data/isotopes/98/268c29-faea-4426-a115-a4de8d4db5a7.h5
flush and close file /Users/obama/PychronDev/data/isotopes/98/268c29-faea-4426-a115-a4de8d4db5a7.h5
testing...
no interpolation path defined
executed snippet estimated_duration=647.122112, duration=0.000295162200928
unknown measurement script
activate_detectors ('H2', 'H1', 'AX', 'L1', 'L2(CDD)') {}
activate detectors
*************** Set Analysis View Ar/Ar
create graphs
clearing graphs
clear isotope group
setting isotope det=H2, iso=Ar40
setting isotope det=H1, iso=Ar39
setting isotope det=AX, iso=Ar38
setting isotope det=L1, iso=Ar37
setting isotope det=L2(CDD), iso=Ar36
setting previous blanks
 - setting Ar40 blank 0.424+/-0.018
 - setting Ar36 blank 0.00145+/-0.00013
 - setting Ar37 blank 0.019+/-0.011
 - setting Ar38 blank 0.010+/-0.013
 - setting Ar39 blank 0.041+/-0.022
load analysis view
position_magnet ('Ar40',) {'detector': 'H2'}
detector Detector(H2)
POSITION Ar40 H2
setting detector H2 to Ar40 (39.9624)
setting detector H1 to Ar39 (38.8624)
setting detector AX to Ar38 (37.9624)
setting detector L1 to Ar37 (36.9624)
setting detector L2 to Ar36 (35.8624)
setting detector H2(CDD) to Ar40 (39.8624)
setting detector H1(CDD) to Ar39 (38.8624)
setting detector AX(CDD) to Ar38 (37.8624)
setting detector L1(CDD) to Ar37 (36.8624)
setting detector L2(CDD) to Ar36 (35.9624)
Mapping mass to dac mass func: "parabolic"
H2 map mass coeffs = [ -2.38925034e-04   8.80081338e-02   3.56885459e-01]
H2 map mass to dac 39.9624 >> 3.49234
GetHighVoltage ===>> 9000
positioning Ar40 (3.49234) on H2
setting magnet DAC
current  : 3.492340
requested: 3.492340
Delta Dac: 0.000000
Checking detector protection. dv=0.00000
SetMagnetDAC 3.49234 ===>> OK
Magnet settling time: 0.500
set_dac. change=True
update labels <pychron.experiment.plot_panel.PlotPanel object at 0x12a5815f0>
update labels "<pychron.graph.stacked_regression_graph.StackedRegressionGraph object at 0x1276ba770>"
setting label 0 H2 Ar40
setting label 1 H1 Ar39
setting label 2 AX Ar38
setting label 3 L1 Ar37
setting label 4 L2(CDD) Ar36
update labels "<pychron.graph.stacked_graph.StackedGraph object at 0x127105830>"
setting label 0 H2 Ar40
setting label 1 H1 Ar39
setting label 2 AX Ar38
setting label 3 L1 Ar37
setting label 4 L2(CDD) Ar36
equilibrate () {'delay': 3, 'inlet': 'H', 'outlet': 'V', 'eqtime': 22.0}
Equilibration Started
10:15:07 -- ******* Equilibration Started *******
checking ownership. requestor=129.138.12.137
check software interlocks V
interlocks []
actuate state mode=None-script, software_lock=False
doing actuation None-script close_channel True
Close V ===>> OK
GetIndicatorState V ===>> False
change switch state (True, True)
update switch state V False args=() kw={} ncanvase=4
10:15:07 -- CLOSE  VALVE-V (Felix Ion Pump)
waiting 3s before opening inlet value ('H',)
checking ownership. requestor=129.138.12.137
check software interlocks H
interlocks []
actuate state mode=None-script, software_lock=False
doing actuation None-script open_channel True
Open H ===>> OK
GetIndicatorState H ===>> OK
change switch state (True, True)
update switch state H True args=() kw={} ncanvase=4
10:15:11 -- OPEN   VALVE-H (Felix Inlet)
equilibrating for 22.0sec
set_time_zero () {}
sniff (22.0,) {}
py_sniff
build tables- sniff [Detector(H2), Detector(H1), Detector(AX), Detector(L1), Detector(L2(CDD))]
add group /sniff/Ar40 (Group) u'' table H2
add group /sniff/Ar39 (Group) u'' table H1
add group /sniff/Ar38 (Group) u'' table AX
add group /sniff/Ar37 (Group) u'' table L1
add group /sniff/Ar36 (Group) u'' table L2(CDD)
flush and close file /Users/obama/PychronDev/data/isotopes/98/268c29-faea-4426-a115-a4de8d4db5a7.h5
measuring sniff. ncounts=22.0
"sniff" increment series count="1" fit count="0" regressing="False"
starting measurement
Equilibration Finished
10:15:33 -- ******* Equilibration Finished *******
checking ownership. requestor=129.138.12.137
check software interlocks H
interlocks []
actuate state mode=None-script, software_lock=False
doing actuation None-script close_channel True
Close H ===>> OK
GetIndicatorState H ===>> False
change switch state (True, True)
update switch state H False args=() kw={} ncanvase=4
10:15:33 -- CLOSE  VALVE-H (Felix Inlet)
Post Equilibration Started felix_pump_extraction_line.py
10:15:33 -- ******* Post Equilibration Started felix_pump_extraction_line.py *******
testing...
no interpolation path defined
calculate duration
testing...
no interpolation path defined
executed snippet estimated_duration=4.0, duration=0.000229120254517
executed snippet estimated_duration=4.0, duration=0.00227808952332
Pump after analysis
doing GOSUB
testing...
no interpolation path defined
executed snippet estimated_duration=4.0, duration=0.000277042388916
Pump Bone
close () {'description': 'Felix Inlet'}
close name=--- desc=Felix Inlet
checking ownership. requestor=129.138.12.137
check software interlocks H
interlocks []
actuate state mode=None-script, software_lock=False
doing actuation None-script close_channel False
Close H ===>> OK
GetIndicatorState H ===>> False
change switch state (True, True)
update switch state H False args=() kw={} ncanvase=4
10:15:34 -- CLOSE  VALVE-H (Felix Inlet)
-------------------------- close None (Felix Inlet) result=[(True, True)]
action=close, ok=True, locked=[False]
is_closed ('A',) {}
is A () closed?
is closed False
close () {'description': 'CO2 Laser to Bone'}
close name=--- desc=CO2 Laser to Bone
checking ownership. requestor=129.138.12.137
check software interlocks F
interlocks []
actuate state mode=None-script, software_lock=True
VALVE-F(CO2 Laser to Bone) software locked
change switch state (True, False)
-------------------------- close None (CO2 Laser to Bone) result=[(True, False)]
action=close, ok=True, locked=[True]
sleep (1,) {}
SLEEP 1.0
waiting for write to finish
measurement finished
estimated time: 23.069 actual time: :23.199
flush and close file /Users/obama/PychronDev/data/isotopes/98/268c29-faea-4426-a115-a4de8d4db5a7.h5
set_fits () {}
using default fits file=/Users/obama/PychronDev/scripts/measurement/fits/nominal.yaml
set "Ar40" to "('Parabolic', 'SEM')"
set "Ar36" to "('Parabolic', 'SEM')"
set "Ar37" to "('linear', 'SEM')"
set "Ar38" to "('linear', 'SEM')"
set "Ar39" to "('Parabolic', 'SEM')"
set_baseline_fits () {}
using default fits file=/Users/obama/PychronDev/scripts/measurement/fits/nominal.yaml
set "H2" to "('average', 'SEM')"
set "L2(CDD)" to "('average', 'SEM')"
set "L1" to "('average', 'SEM')"
set "AX" to "('average', 'SEM')"
set "H1" to "('average', 'SEM')"
multicollect () {'integration_time': 1.048576, 'ncounts': 400}
build tables- signal [Detector(H2), Detector(H1), Detector(AX), Detector(L1), Detector(L2(CDD))]
add group /signal/Ar40 (Group) u'' table H2
add group /signal/Ar39 (Group) u'' table H1
add group /signal/Ar38 (Group) u'' table AX
add group /signal/Ar37 (Group) u'' table L1
add group /signal/Ar36 (Group) u'' table L2(CDD)
flush and close file /Users/obama/PychronDev/data/isotopes/98/268c29-faea-4426-a115-a4de8d4db5a7.h5
measuring signal. ncounts=400
"signal" increment series count="2" fit count="1" regressing="True"
close () {'description': 'CO2 Laser to Roughing'}
close name=--- desc=CO2 Laser to Roughing
checking ownership. requestor=129.138.12.137
check software interlocks G
interlocks []
actuate state mode=None-script, software_lock=True
VALVE-G(CO2 Laser to Roughing) software locked
change switch state (True, False)
-------------------------- close None (CO2 Laser to Roughing) result=[(True, False)]
action=close, ok=True, locked=[True]
open () {'description': 'Bone to Turbo'}
open name=--- desc=Bone to Turbo
checking ownership. requestor=129.138.12.137
check software interlocks C
interlocks []
actuate state mode=None-script, software_lock=False
doing actuation None-script open_channel True
Open C ===>> OK
GetIndicatorState C ===>> OK
change switch state (True, True)
update switch state C True args=() kw={} ncanvase=4
10:15:35 -- OPEN   VALVE-C (Bone to Turbo)
-------------------------- open None (Bone to Turbo) result=[(True, True)]
starting measurement
action=open, ok=True, locked=[False]
open () {'description': 'Bone to Getter GP-50'}
open name=--- desc=Bone to Getter GP-50
checking ownership. requestor=129.138.12.137
check software interlocks N
interlocks []
actuate state mode=None-script, software_lock=False
doing actuation None-script open_channel False
Open N ===>> OK
GetIndicatorState N ===>> OK
change switch state (True, True)
update switch state N True args=() kw={} ncanvase=4
10:15:35 -- OPEN   VALVE-N (Bone to Getter GP-50)
-------------------------- open None (Bone to Getter GP-50) result=[(True, True)]
action=open, ok=True, locked=[False]
open () {'description': 'Bone to Diode Laser'}
open name=--- desc=Bone to Diode Laser
checking ownership. requestor=129.138.12.137
check software interlocks B
interlocks []
actuate state mode=None-script, software_lock=False
doing actuation None-script open_channel True
Open B ===>> OK
GetIndicatorState B ===>> OK
change switch state (True, True)
update switch state B True args=() kw={} ncanvase=4
10:15:36 -- OPEN   VALVE-B (Bone to Diode Laser)
-------------------------- open None (Bone to Diode Laser) result=[(True, True)]
action=open, ok=True, locked=[False]
open () {'description': 'Bone to CO2 Laser'}
open name=--- desc=Bone to CO2 Laser
checking ownership. requestor=129.138.12.137
check software interlocks D
interlocks []
actuate state mode=None-script, software_lock=False
doing actuation None-script open_channel False
Open D ===>> OK
GetIndicatorState D ===>> OK
change switch state (True, True)
update switch state D True args=() kw={} ncanvase=4
10:15:36 -- OPEN   VALVE-D (Bone to CO2 Laser)
-------------------------- open None (Bone to CO2 Laser) result=[(True, True)]
action=open, ok=True, locked=[False]
sleep (1,) {}
SLEEP 1.0
set_resource () {'name': 'CO2PumpTimeFlag', 'value': 30}
Set CO2PumpTimeFlag 30 ===>> OK
release ('FelixCO2Flag',) {}
release FelixCO2Flag
Set FelixCO2Flag 0 ===>> OK
executed snippet estimated_duration=6.0, duration=4.32021689415
PumpBone.py completed successfully
gosub finished
get_resource_value () {'name': 'FelixMiniboneFlag'}
Read FelixMiniboneFlag ===>> 0
Get Resource Value FelixMiniboneFlag=0.0
executed snippet estimated_duration=4.0, duration=4.32884693146
felix_pump_extraction_line.py completed successfully
Post Equilibration Finished
10:15:38 -- ******* Post Equilibration Finished *******
GetDeflection L2 (CDD) ===>> 0
testing L2_CDD_==3250
evaluate ot="L2(CDD).deflection==3250" t="L2_CDD_==3250", ctx="{'L2_CDD_': 0.0}"
GetDeflection L2 (CDD) ===>> 0
testing L2_CDD_==3250
evaluate ot="L2(CDD).deflection==3250" t="L2_CDD_==3250", ctx="{'L2_CDD_': 0.0}"
10:16:00 -- collecting point 25
GetDeflection L2 (CDD) ===>> 0
testing L2_CDD_==3250
evaluate ot="L2(CDD).deflection==3250" t="L2_CDD_==3250", ctx="{'L2_CDD_': 0.0}"
GetDeflection L2 (CDD) ===>> 0
testing L2_CDD_==3250
evaluate ot="L2(CDD).deflection==3250" t="L2_CDD_==3250", ctx="{'L2_CDD_': 0.0}"
10:16:27 -- collecting point 50
GetDeflection L2 (CDD) ===>> 0
testing L2_CDD_==3250
evaluate ot="L2(CDD).deflection==3250" t="L2_CDD_==3250", ctx="{'L2_CDD_': 0.0}"
GetDeflection L2 (CDD) ===>> 0
testing L2_CDD_==3250
evaluate ot="L2(CDD).deflection==3250" t="L2_CDD_==3250", ctx="{'L2_CDD_': 0.0}"
GetDeflection L2 (CDD) ===>> 0
testing L2_CDD_==3250
evaluate ot="L2(CDD).deflection==3250" t="L2_CDD_==3250", ctx="{'L2_CDD_': 0.0}"
10:16:53 -- collecting point 75
GetDeflection L2 (CDD) ===>> 0
testing L2_CDD_==3250
evaluate ot="L2(CDD).deflection==3250" t="L2_CDD_==3250", ctx="{'L2_CDD_': 0.0}"
GetDeflection L2 (CDD) ===>> 0
testing L2_CDD_==3250
evaluate ot="L2(CDD).deflection==3250" t="L2_CDD_==3250", ctx="{'L2_CDD_': 0.0}"
10:17:19 -- collecting point 100
GetDeflection L2 (CDD) ===>> 0
testing L2_CDD_==3250
evaluate ot="L2(CDD).deflection==3250" t="L2_CDD_==3250", ctx="{'L2_CDD_': 0.0}"
GetDeflection L2 (CDD) ===>> 0
testing L2_CDD_==3250
evaluate ot="L2(CDD).deflection==3250" t="L2_CDD_==3250", ctx="{'L2_CDD_': 0.0}"
GetDeflection L2 (CDD) ===>> 0
testing L2_CDD_==3250
evaluate ot="L2(CDD).deflection==3250" t="L2_CDD_==3250", ctx="{'L2_CDD_': 0.0}"
10:17:45 -- collecting point 125
GetDeflection L2 (CDD) ===>> 0
testing L2_CDD_==3250
evaluate ot="L2(CDD).deflection==3250" t="L2_CDD_==3250", ctx="{'L2_CDD_': 0.0}"
GetDeflection L2 (CDD) ===>> 0
testing L2_CDD_==3250
evaluate ot="L2(CDD).deflection==3250" t="L2_CDD_==3250", ctx="{'L2_CDD_': 0.0}"
10:18:12 -- collecting point 150
GetDeflection L2 (CDD) ===>> 0
testing L2_CDD_==3250
evaluate ot="L2(CDD).deflection==3250" t="L2_CDD_==3250", ctx="{'L2_CDD_': 0.0}"
GetDeflection L2 (CDD) ===>> 0
testing L2_CDD_==3250
evaluate ot="L2(CDD).deflection==3250" t="L2_CDD_==3250", ctx="{'L2_CDD_': 0.0}"
GetDeflection L2 (CDD) ===>> 0
testing L2_CDD_==3250
evaluate ot="L2(CDD).deflection==3250" t="L2_CDD_==3250", ctx="{'L2_CDD_': 0.0}"
10:18:38 -- collecting point 175
GetDeflection L2 (CDD) ===>> 0
testing L2_CDD_==3250
evaluate ot="L2(CDD).deflection==3250" t="L2_CDD_==3250", ctx="{'L2_CDD_': 0.0}"
GetDeflection L2 (CDD) ===>> 0
testing L2_CDD_==3250
evaluate ot="L2(CDD).deflection==3250" t="L2_CDD_==3250", ctx="{'L2_CDD_': 0.0}"
10:19:04 -- collecting point 200
GetDeflection L2 (CDD) ===>> 0
testing L2_CDD_==3250
evaluate ot="L2(CDD).deflection==3250" t="L2_CDD_==3250", ctx="{'L2_CDD_': 0.0}"
GetDeflection L2 (CDD) ===>> 0
testing L2_CDD_==3250
evaluate ot="L2(CDD).deflection==3250" t="L2_CDD_==3250", ctx="{'L2_CDD_': 0.0}"
GetDeflection L2 (CDD) ===>> 0
testing L2_CDD_==3250
evaluate ot="L2(CDD).deflection==3250" t="L2_CDD_==3250", ctx="{'L2_CDD_': 0.0}"
10:19:30 -- collecting point 225
GetDeflection L2 (CDD) ===>> 0
testing L2_CDD_==3250
evaluate ot="L2(CDD).deflection==3250" t="L2_CDD_==3250", ctx="{'L2_CDD_': 0.0}"
GetDeflection L2 (CDD) ===>> 0
testing L2_CDD_==3250
evaluate ot="L2(CDD).deflection==3250" t="L2_CDD_==3250", ctx="{'L2_CDD_': 0.0}"
10:19:57 -- collecting point 250
GetDeflection L2 (CDD) ===>> 0
testing L2_CDD_==3250
evaluate ot="L2(CDD).deflection==3250" t="L2_CDD_==3250", ctx="{'L2_CDD_': 0.0}"
GetDeflection L2 (CDD) ===>> 0
testing L2_CDD_==3250
evaluate ot="L2(CDD).deflection==3250" t="L2_CDD_==3250", ctx="{'L2_CDD_': 0.0}"
GetDeflection L2 (CDD) ===>> 0
testing L2_CDD_==3250
evaluate ot="L2(CDD).deflection==3250" t="L2_CDD_==3250", ctx="{'L2_CDD_': 0.0}"
10:20:23 -- collecting point 275
GetDeflection L2 (CDD) ===>> 0
testing L2_CDD_==3250
evaluate ot="L2(CDD).deflection==3250" t="L2_CDD_==3250", ctx="{'L2_CDD_': 0.0}"
GetDeflection L2 (CDD) ===>> 0
testing L2_CDD_==3250
evaluate ot="L2(CDD).deflection==3250" t="L2_CDD_==3250", ctx="{'L2_CDD_': 0.0}"
10:20:49 -- collecting point 300
GetDeflection L2 (CDD) ===>> 0
testing L2_CDD_==3250
evaluate ot="L2(CDD).deflection==3250" t="L2_CDD_==3250", ctx="{'L2_CDD_': 0.0}"
GetDeflection L2 (CDD) ===>> 0
testing L2_CDD_==3250
evaluate ot="L2(CDD).deflection==3250" t="L2_CDD_==3250", ctx="{'L2_CDD_': 0.0}"
GetDeflection L2 (CDD) ===>> 0
testing L2_CDD_==3250
evaluate ot="L2(CDD).deflection==3250" t="L2_CDD_==3250", ctx="{'L2_CDD_': 0.0}"
10:21:16 -- collecting point 325
GetDeflection L2 (CDD) ===>> 0
testing L2_CDD_==3250
evaluate ot="L2(CDD).deflection==3250" t="L2_CDD_==3250", ctx="{'L2_CDD_': 0.0}"
GetDeflection L2 (CDD) ===>> 0
testing L2_CDD_==3250
evaluate ot="L2(CDD).deflection==3250" t="L2_CDD_==3250", ctx="{'L2_CDD_': 0.0}"
10:21:42 -- collecting point 350
GetDeflection L2 (CDD) ===>> 0
testing L2_CDD_==3250
evaluate ot="L2(CDD).deflection==3250" t="L2_CDD_==3250", ctx="{'L2_CDD_': 0.0}"
GetDeflection L2 (CDD) ===>> 0
testing L2_CDD_==3250
evaluate ot="L2(CDD).deflection==3250" t="L2_CDD_==3250", ctx="{'L2_CDD_': 0.0}"
GetDeflection L2 (CDD) ===>> 0
testing L2_CDD_==3250
evaluate ot="L2(CDD).deflection==3250" t="L2_CDD_==3250", ctx="{'L2_CDD_': 0.0}"
10:22:08 -- collecting point 375
GetDeflection L2 (CDD) ===>> 0
testing L2_CDD_==3250
evaluate ot="L2(CDD).deflection==3250" t="L2_CDD_==3250", ctx="{'L2_CDD_': 0.0}"
GetDeflection L2 (CDD) ===>> 0
testing L2_CDD_==3250
evaluate ot="L2(CDD).deflection==3250" t="L2_CDD_==3250", ctx="{'L2_CDD_': 0.0}"
10:22:34 -- collecting point 400
waiting for write to finish
measurement finished
estimated time: 419.430 actual time: :420.506
flush and close file /Users/obama/PychronDev/data/isotopes/98/268c29-faea-4426-a115-a4de8d4db5a7.h5
baselines () {'settling_time': 15.0, 'detector': 'H2', 'mass': 39.862, 'ncounts': 120}
%%%%%%%%%%%%%%%%%%%%%%%%%%%%%%%% Baseline
build tables- baseline [Detector(H2), Detector(H1), Detector(AX), Detector(L1), Detector(L2(CDD))]
add group baseline table H2
add group baseline table H1
add group baseline table AX
add group baseline table L1
add group baseline table L2(CDD)
flush and close file /Users/obama/PychronDev/data/isotopes/98/268c29-faea-4426-a115-a4de8d4db5a7.h5
detector Detector(H2)
POSITION 39.862 H2
Mapping mass to dac mass func: "parabolic"
H2 map mass coeffs = [ -2.38925034e-04   8.80081338e-02   3.56885459e-01]
H2 map mass to dac 39.862 >> 3.48541881693
GetHighVoltage ===>> 9000
positioning 39.862 (3.48541881693) on H2
setting magnet DAC
current  : 3.492340
requested: 3.485419
Delta Dac: 0.006921
Checking detector protection. dv=0.00692
SetMagnetDAC 3.48541881693 ===>> OK
Magnet settling time: 0.500
set_dac. change=True
Delaying 15.0s for detectors to settle
Join finished
measuring baseline. ncounts=120
"baseline" increment series count="2" fit count="1" regressing="True"
starting measurement
GetDeflection L2 (CDD) ===>> 0
testing L2_CDD_==3250
evaluate ot="L2(CDD).deflection==3250" t="L2_CDD_==3250", ctx="{'L2_CDD_': 0.0}"
GetDeflection L2 (CDD) ===>> 0
testing L2_CDD_==3250
evaluate ot="L2(CDD).deflection==3250" t="L2_CDD_==3250", ctx="{'L2_CDD_': 0.0}"
10:23:17 -- collecting point 25
GetDeflection L2 (CDD) ===>> 0
testing L2_CDD_==3250
evaluate ot="L2(CDD).deflection==3250" t="L2_CDD_==3250", ctx="{'L2_CDD_': 0.0}"
GetDeflection L2 (CDD) ===>> 0
testing L2_CDD_==3250
evaluate ot="L2(CDD).deflection==3250" t="L2_CDD_==3250", ctx="{'L2_CDD_': 0.0}"
10:23:43 -- collecting point 50
GetDeflection L2 (CDD) ===>> 0
testing L2_CDD_==3250
evaluate ot="L2(CDD).deflection==3250" t="L2_CDD_==3250", ctx="{'L2_CDD_': 0.0}"
GetDeflection L2 (CDD) ===>> 0
testing L2_CDD_==3250
evaluate ot="L2(CDD).deflection==3250" t="L2_CDD_==3250", ctx="{'L2_CDD_': 0.0}"
GetDeflection L2 (CDD) ===>> 0
testing L2_CDD_==3250
evaluate ot="L2(CDD).deflection==3250" t="L2_CDD_==3250", ctx="{'L2_CDD_': 0.0}"
10:24:10 -- collecting point 75
GetDeflection L2 (CDD) ===>> 0
testing L2_CDD_==3250
evaluate ot="L2(CDD).deflection==3250" t="L2_CDD_==3250", ctx="{'L2_CDD_': 0.0}"
GetDeflection L2 (CDD) ===>> 0
testing L2_CDD_==3250
evaluate ot="L2(CDD).deflection==3250" t="L2_CDD_==3250", ctx="{'L2_CDD_': 0.0}"
10:24:36 -- collecting point 100
GetDeflection L2 (CDD) ===>> 0
testing L2_CDD_==3250
evaluate ot="L2(CDD).deflection==3250" t="L2_CDD_==3250", ctx="{'L2_CDD_': 0.0}"
GetDeflection L2 (CDD) ===>> 0
testing L2_CDD_==3250
evaluate ot="L2(CDD).deflection==3250" t="L2_CDD_==3250", ctx="{'L2_CDD_': 0.0}"
waiting for write to finish
measurement finished
estimated time: 125.829 actual time: :126.201
flush and close file /Users/obama/PychronDev/data/isotopes/98/268c29-faea-4426-a115-a4de8d4db5a7.h5
activate_detectors ('H1', 'L2(CDD)') {'peak_center': True}
peak_center () {'detector': 'H2', 'integration_time': 1.048576, 'isotope': 'Ar40'}
peak center: mean=28.0851978629 threshold=100.0
Skipping peak center. intensities to small. 28.0851978629<100.0
finished measure script
executed snippet estimated_duration=647.122112, duration=591.837167978
felix_analysis400_120.py completed successfully
Measurement Finished
10:24:58 -- ******* Measurement Finished *******
Post Measurement Started felix_pump_ms.py
10:24:58 -- ******* Post Measurement Started felix_pump_ms.py *******
testing...
no interpolation path defined
executed snippet estimated_duration=0, duration=2.90870666504e-05
Pumping spectrometer
open () {'name': 'V'}
open name=V desc=---
checking ownership. requestor=129.138.12.137
check software interlocks V
interlocks []
actuate state mode=None-script, software_lock=False
doing actuation None-script open_channel True
Open V ===>> OK
GetIndicatorState V ===>> OK
change switch state (True, True)
update switch state V True args=() kw={} ncanvase=4
10:24:58 -- OPEN   VALVE-V (Felix Ion Pump)
-------------------------- open V () result=[(True, True)]
action=open, ok=True, locked=[False]
executed snippet estimated_duration=0, duration=0.367815971375
felix_pump_ms.py completed successfully
setting _ms_pumptime
Post Measurement Finished
10:24:58 -- ******* Post Measurement Finished *******
$$$$$$$$$$$$$$$$$$$$ state at run end measurement
state changed from measurement to success
post measurement save measured=True aborted=False
Set filtering
setting fod for Ar40= {'filter_outliers': True, 'std_devs': 2, 'iterations': 2}
setting fod for H2= {'filter_outliers': True, 'std_devs': 2, 'iterations': 1}
setting fod for Ar36= {'filter_outliers': True, 'std_devs': 2, 'iterations': 2}
setting fod for L2(CDD)= {'filter_outliers': True, 'std_devs': 2, 'iterations': 1}
setting fod for Ar37= {'filter_outliers': True, 'std_devs': 2, 'iterations': 2}
setting fod for L1= {'filter_outliers': True, 'std_devs': 2, 'iterations': 1}
setting fod for Ar38= {'filter_outliers': True, 'std_devs': 2, 'iterations': 2}
setting fod for AX= {'filter_outliers': True, 'std_devs': 2, 'iterations': 1}
setting fod for Ar39= {'filter_outliers': True, 'std_devs': 2, 'iterations': 2}
setting fod for H1= {'filter_outliers': True, 'std_devs': 2, 'iterations': 1}
persistence save...
persistence save - db
post measurement save
5008268752 connecting to database sqlite:////Users/obama/PychronDev/.appdata/local_lab.db
connected to db sqlite:////Users/obama/PychronDev/.appdata/local_lab.db
create new session 5008268752
close session 5008268752
No database instance. Not saving post measurement to isotopedb database
$$$$$$$$$$$$$$$ auto_save_detector_ic=False
massspec enabled True
create new session 4746574448
MassSpec Database Version: 16.0
close session 4746574448
saving post measurement to secondary database
saving to massspec database 129.138.12.160/massspecdata
setting labnumber to 65505
setting aliquot to 2
setting step to V
setting uuid to 98268c29-faea-4426-a115-a4de8d4db5a7
setting irradpos to 65505
setting extract_device to NMGRL Furnace
setting tray to 
setting position to 
setting power_requested to 1500.0
setting extract_value to 1500.0
setting duration to 360.0
setting duration_at_request to 360.0
setting first_stage_delay to 360.0
setting cleanup to 30.0
setting comment to MMs-1 Ksp 0.34 mg
setting irradiation to NM-289
setting level to E
setting irradiation_level to E
setting sample to MMS-1
setting material to Kspar
setting project to REEFenite
setting mass_spectrometer to Felix
no attribute chron_dosages
no attribute production_ratios
no attribute interference_corrections
no attribute production_name
no attribute j
Reference Isotope=Ar40
Reference Detector=H2
%%%%%%%%%%%%%%%%%%%% Comment: MMs-1 Ksp 0.34 mg %%%%%%%%%%%%%%%%%%%
adding isotope Ar40 H2
add baseline dbdet= Ar40. original det= H2
get baseline data Ar40 H2
Get data baseline <pychron.processing.isotope.Baseline object at 0x12c7679d0> len t=120
baseline Ar40. v=-0.0532896900511, e=0.00951802764318
get signal data Ar40 H2
Get data signal Ar40 26.459+/-0.021 len t=400
adding isotope Ar39 H1
add baseline dbdet= Ar39. original det= H1
get baseline data Ar39 H1
Get data baseline <pychron.processing.isotope.Baseline object at 0x1288af9d0> len t=120
baseline Ar39. v=-0.0384601874969, e=0.0123085570222
get signal data Ar39 H1
Get data signal Ar39 0.246+/-0.021 len t=400
adding isotope Ar38 AX
add baseline dbdet= Ar38. original det= AX
get baseline data Ar38 AX
Get data baseline <pychron.processing.isotope.Baseline object at 0x1299e1d10> len t=120
baseline Ar38. v=-0.118594492216, e=0.0112947760391
get signal data Ar38 AX
Get data signal Ar38 0.022+/-0.013 len t=400
adding isotope Ar37 L1
add baseline dbdet= Ar37. original det= L1
get baseline data Ar37 L1
Get data baseline <pychron.processing.isotope.Baseline object at 0x1299e10d0> len t=120
baseline Ar37. v=-0.163787080028, e=0.00896469858221
get signal data Ar37 L1
Get data signal Ar37 -0.026+/-0.011 len t=400
adding isotope Ar36 L2(CDD)
add baseline dbdet= Ar36. original det= L2(CDD)
get baseline data Ar36 L2(CDD)
Get data baseline <pychron.processing.isotope.Baseline object at 0x11cf3d050> len t=120
baseline Ar36. v=0.0, e=0.0
get signal data Ar36 L2(CDD)
Get data signal Ar36 0.00712+/-0.00021 len t=400
65505-02V added analysis time 0.612928152084s
analysis added to mass spec database
mass spec save time= 0.624
persistence save - dvc
================= post measurement started
create new session 4708894768
close session 4708894768
---------------- Experiment Queue saving disabled
DVC saving peakcenter
Smart pull ahead: 0 behind: 0
Up-to-date with origin
add to repo msg=modified - 1e2ad98a77a0f8b97e0df49be2474708cb221738.json
add to repo msg=modified - 05-02V.json
add to repo msg=modified - 05-02V.dat.json
add to repo msg=modified - 05-02V.blan.json
add to repo msg=modified - 05-02V.inte.json
add to repo msg=modified - 05-02V.icfa.json
add to repo msg=modified - 05-02V.base.json
not at valid file /Users/obama/PychronDev/data/.dvc/repositories/REEFenite/655/tags/05-02V.tags.json
add to repo msg=modified - 05-02V.peak.json
add to repo msg=modified - 05-02V.extr.json
not at valid file /Users/obama/PychronDev/data/.dvc/repositories/REEFenite/655/monitor/05-02V.moni.json
commit message=<COLLECTION>
add to repo msg=modified - 05-02V.inte.json
add to repo msg=modified - 05-02V.base.json
commit message=<ISOEVO> default collection fits
add to repo msg=modified - 05-02V.blan.json
commit message=<BLANKS> preceding 
add to repo msg=modified - 05-02V.icfa.json
commit message=<ICFactor> default
push repository <pychron.git_archive.repo_manager.GitRepoManager object at 0x12daf6e90>
pushing to remote=origin, url=https://github.com
no changes to meta repo
create new session 4708894768
add association REEFenite
get identifier "65505"
setting analysis irradiation position=<pychron.dvc.dvc_orm.IrradiationPositionTbl object at 0x12c7158d0>
close session 4708894768
================= post measurement finished
10:25:35 -- ******* Post Run Check *******
loading queue conditionals post_run_actions
loading system conditionals post_run_actions
loading conditionals from /Users/obama/PychronDev/setupfiles/spectrometer/default_conditionals.yaml
loading queue conditionals post_run_terminations
loading system conditionals post_run_terminations
loading conditionals from /Users/obama/PychronDev/setupfiles/spectrometer/default_conditionals.yaml
Checking default post run terminations n=1
GetDeflection L2 (CDD) ===>> 0
testing L2_CDD_==3250
evaluate ot="L2(CDD).deflection==3250" t="L2_CDD_==3250", ctx="{'L2_CDD_': 0.0}"
10:25:35 -- ******* Post Run Check Passed *******
10:25:35 -- Automated run 65505-02V success duration: 1123.958 s
----------------- finish -----------------
----------------- stop -----------------
retroactive repository identifiers disabled
finish run. runs completed=3
update duration runid=65505-02V, duration=1123.95801091, md5=0b64593d
loading script "felix_analysis400_120.py"
loading script "felix_pump_ms.py"
loading script "felix_furnace.py"
loading script "felix_pump_extraction_line.py"
testing...
no interpolation path defined
executed snippet estimated_duration=624.242112, duration=0.00029182434082
script duration name:analysis400_120 seconds:624.0
loading script "felix_analysis400_120.py"
loading script "felix_pump_ms.py"
loading script "felix_furnace.py"
loading script "felix_pump_extraction_line.py"
testing...
no interpolation path defined
executed snippet estimated_duration=0, duration=3.79085540771e-05
loading script "felix_analysis400_120.py"
loading script "felix_pump_ms.py"
loading script "felix_furnace.py"
loading script "felix_pump_extraction_line.py"
testing...
no interpolation path defined
executed snippet estimated_duration=184.0, duration=0.000461101531982
script duration name:furnace seconds:184.0
loading script "felix_analysis400_120.py"
loading script "felix_pump_ms.py"
loading script "felix_furnace.py"
loading script "felix_pump_extraction_line.py"
testing...
no interpolation path defined
calculate duration
testing...
no interpolation path defined
executed snippet estimated_duration=4.0, duration=0.000297069549561
executed snippet estimated_duration=4.0, duration=0.00419092178345
Script duration 808.0
Run total estimated duration= 809.000
analysis400_120 in script context. using previous estimated duration
script duration name:analysis400_120 seconds:624.0
pump_ms in script context. using previous estimated duration
furnace in script context. using previous estimated duration
script duration name:furnace seconds:184.0
pump_extraction_line in script context. using previous estimated duration
Script duration 808.0
Run total estimated duration= 809.000
script duration name:analysis400_120 seconds:624.0
loading script "felix_analysis400_120.py"
loading script "felix_pump_ms.py"
loading script "felix_air_x2.py"
loading script "felix_pump_extraction_line.py"
testing...
no interpolation path defined
calculate duration
testing...
no interpolation path defined
executed snippet estimated_duration=0, duration=7.39097595215e-05
calculate duration
testing...
no interpolation path defined
executed snippet estimated_duration=0, duration=0.000200033187866
calculate duration
testing...
no interpolation path defined
executed snippet estimated_duration=32.0, duration=0.000144004821777
calculate duration
testing...
no interpolation path defined
executed snippet estimated_duration=34.0, duration=0.000179052352905
calculate duration
testing...
no interpolation path defined
executed snippet estimated_duration=2.0, duration=0.000111103057861
calculate duration
testing...
no interpolation path defined
executed snippet estimated_duration=34.0, duration=0.000118017196655
calculate duration
testing...
no interpolation path defined
executed snippet estimated_duration=34.0, duration=0.000182151794434
calculate duration
testing...
no interpolation path defined
executed snippet estimated_duration=34.0, duration=0.000150918960571
executed snippet estimated_duration=174.0, duration=0.035621881485
script duration name:air_x2 seconds:174.0
Script duration 798.0
Run total estimated duration= 799.000
script duration name:analysis400_120 seconds:624.0
air_x2 in script context. using previous estimated duration
script duration name:air_x2 seconds:174.0
Script duration 798.0
Run total estimated duration= 799.000
script duration name:analysis400_120 seconds:624.0
script duration name:air_x2 seconds:174.0
Script duration 798.0
Run total estimated duration= 799.000
script duration name:analysis400_120 seconds:624.0
loading script "felix_analysis400_120.py"
loading script "felix_pump_ms.py"
loading script "felix_cocktail_x3.py"
loading script "felix_pump_extraction_line.py"
testing...
no interpolation path defined
calculate duration
testing...
no interpolation path defined
executed snippet estimated_duration=0, duration=8.20159912109e-05
calculate duration
testing...
no interpolation path defined
executed snippet estimated_duration=0, duration=0.000174999237061
calculate duration
testing...
no interpolation path defined
executed snippet estimated_duration=32.0, duration=0.000157117843628
calculate duration
testing...
no interpolation path defined
executed snippet estimated_duration=34.0, duration=0.00019907951355
calculate duration
testing...
no interpolation path defined
executed snippet estimated_duration=2.0, duration=9.01222229004e-05
calculate duration
testing...
no interpolation path defined
executed snippet estimated_duration=34.0, duration=0.000120878219604
calculate duration
testing...
no interpolation path defined
executed snippet estimated_duration=34.0, duration=0.000447034835815
calculate duration
testing...
no interpolation path defined
executed snippet estimated_duration=34.0, duration=0.000121831893921
calculate duration
testing...
no interpolation path defined
executed snippet estimated_duration=34.0, duration=0.000185012817383
calculate duration
testing...
no interpolation path defined
executed snippet estimated_duration=34.0, duration=0.000121116638184
executed snippet estimated_duration=244.0, duration=0.0538189411163
script duration name:cocktail_x3 seconds:244.0
Script duration 868.0
Run total estimated duration= 869.000
script duration name:analysis400_120 seconds:624.0
cocktail_x3 in script context. using previous estimated duration
script duration name:cocktail_x3 seconds:244.0
Script duration 868.0
Run total estimated duration= 869.000
script duration name:analysis400_120 seconds:624.0
script duration name:cocktail_x3 seconds:244.0
Script duration 868.0
Run total estimated duration= 869.000
script duration name:analysis400_120 seconds:624.0
script duration name:furnace seconds:184.0
Script duration 808.0
Run total estimated duration= 809.000
nruns=9 before=5.0, run_dur=7431.0, btw=480.0
write rem/ex queues
/Users/obama/PychronDev/experiments/rem/LoadFurnace.rem.txt
/Users/obama/PychronDev/experiments/rem/LoadFurnace.ex.txt
doing event level: 3
