do run
loading script "jan_unknown120_60.py"
loading script "jan_pump_ms.py"
loading script "jan_co2.py"
loading script "jan_pump_extraction_line.py"
testing...
no interpolation path defined
executed snippet estimated_duration=213.652928, duration=0.000188112258911
script duration name:unknown120_60 seconds:214.0
loading script "jan_unknown120_60.py"
loading script "jan_pump_ms.py"
loading script "jan_co2.py"
loading script "jan_pump_extraction_line.py"
testing...
no interpolation path defined
executed snippet estimated_duration=0, duration=2.21729278564e-05
loading script "jan_unknown120_60.py"
loading script "jan_pump_ms.py"
loading script "jan_co2.py"
loading script "jan_pump_extraction_line.py"
testing...
no interpolation path defined
calculate duration
testing...
no interpolation path defined
executed snippet estimated_duration=0, duration=4.60147857666e-05
calculate duration
testing...
no interpolation path defined
executed snippet estimated_duration=0, duration=7.29560852051e-05
executed snippet estimated_duration=0.0, duration=0.00168514251709
script duration name:co2 seconds:0.0
loading script "jan_unknown120_60.py"
loading script "jan_pump_ms.py"
loading script "jan_co2.py"
loading script "jan_pump_extraction_line.py"
testing...
no interpolation path defined
calculate duration
testing...
no interpolation path defined
executed snippet estimated_duration=4.0, duration=0.000111103057861
executed snippet estimated_duration=4.0, duration=0.00102090835571
Script duration 214.0
Run total estimated duration= 215.000
run duration: 0:03:35
doing event level: 2
13:45:22 -- Setting default integration. t=1.048576
setting integration time = 1.048576
SetIntegrationTime 1.048576 ===>> OK
----------------- start -----------------
**************** Experiment Type: Ar/Ar, Ar/Ar
create new session 4437218224
close session 4437218224
$$$$$ Clearing conditionals
adding conditionals 
Add queue conditionals
add default conditionals
adding default conditionals from /Users/jan/PychronDev/setupfiles/spectrometer/default_conditionals.yaml
Start automated run 65532-01Z
loading script "jan_unknown120_60.py"
loading script "jan_pump_ms.py"
loading script "jan_co2.py"
loading script "jan_pump_extraction_line.py"
%%%%%%%%%%%%%%%%%% setting automated run 65532-01Z
No value "sensitivity_multiplier" in metadata
$$$$$$$$$$$$$$$ auto_save_detector_ic=False
============================= Pre Extraction Check =============================
loading queue conditionals pre_run_terminations
loading system conditionals pre_run_terminations
loading conditionals from /Users/jan/PychronDev/setupfiles/spectrometer/default_conditionals.yaml
13:45:22 -- ******* Pre Extraction Check *******
Get a measurement from the spectrometer
GetData ===>> H2,-0.208769170393563,H1,-0.0851841243913796,AX,-0.0639452874803264,L1,-0.0280846296924131,L2,0.0...
Pre Extraction Termination data. keys=H2,H1,AX,L1,L2,CDD, signals=-0.20877,-0.08518,-0.06395,-0.02808,0.08976,0.00476
13:45:22 -- testing system defined conditionals
Checking default pre extraction terminations n=2
testing CDD
evaluate ot="CDD.inactive" t="CDD", ctx="{'CDD': False}"
GetDeflection CDD ===>> 50
testing CDD==2000
evaluate ot="CDD.deflection==2000" t="CDD==2000", ctx="{'CDD': 50.0}"
13:45:22 -- ******* Pre Extraction Check Passed *******
=================================================================================
13:45:22 -- stopping status monitor
stop 5036684688
Status monitor stopped
Status monitor finished
13:45:24 -- starting status monitor
start 5036684688
StatusMonitor period=1. Frequencies(state=2, checksum=3, lock=5, owner=5)
start extraction
do extraction
Analysis started at 13:45:25.979160
Extraction Started jan_co2.py
13:45:25 -- ******* Extraction Started jan_co2.py *******
state changed from not run to extraction
DO EXTRACTION <pychron.extraction_line.pyscript_runner.RemotePyScriptRunner object at 0x12cc61230>
testing...
no interpolation path defined
calculate duration
testing...
no interpolation path defined
executed snippet estimated_duration=0, duration=4.60147857666e-05
calculate duration
testing...
no interpolation path defined
executed snippet estimated_duration=0, duration=0.000236988067627
executed snippet estimated_duration=100.0, duration=0.00381994247437
Jan CO2 laser analysis
doing GOSUB
testing...
no interpolation path defined
executed snippet estimated_duration=0, duration=4.10079956055e-05
Waiting for CO2 access
wait ('FelixCO2Flag', 0) {}
waiting for FelixCO2Flag = 0
Read FelixCO2Flag ===>> 0
finished waiting
CO2 free
wait ('CO2PumpTimeFlag', 0) {}
waiting for CO2PumpTimeFlag = 0
Read CO2PumpTimeFlag ===>> 0
finished waiting
acquire ('JanCO2Flag',) {'clear': True}
acquire JanCO2Flag
Set JanCO2Flag 1 ===>> OK
JanCO2Flag acquired
set extraction state False (0.75, 'red', 1.5)
CO2 acquired
executed snippet estimated_duration=0, duration=0.0162591934204
WaitForCO2Access.py completed successfully
gosub finished
doing GOSUB
testing...
no interpolation path defined
executed snippet estimated_duration=0, duration=7.39097595215e-05
Prepare for CO2 analysis
close () {'description': 'Jan Inlet'}
closing name=--- desc=Jan Inlet
checking ownership. requestor=129.138.12.150
check software interlocks R
interlocks []
actuate state mode=None-script, software_lock=False
doing actuation None-script close_channel False
Close R ===>> OK
GetIndicatorState R ===>> False
change switch state (True, True)
update switch state R False args=() kw={} ncanvase=3
13:45:26 -- CLOSE  VALVE-R (Jan Inlet)
---------------------------------------- close None (Jan Inlet) result=[(True, True)]
action=close, ok=True, locked=[False]
open () {'description': 'Jan Ion Pump'}
opening name=--- desc=Jan Ion Pump
checking ownership. requestor=129.138.12.150
check software interlocks O
interlocks []
actuate state mode=None-script, software_lock=False
doing actuation None-script open_channel False
Open O ===>> OK
GetIndicatorState O ===>> OK
change switch state (True, True)
update switch state O True args=() kw={} ncanvase=3
13:45:26 -- OPEN   VALVE-O (Jan Ion Pump)
---------------------------------------- open None (Jan Ion Pump) result=[(True, True)], time=0.09 sec
action=open, ok=True, locked=[False]
close () {'description': 'Microbone to Minibone'}
closing name=--- desc=Microbone to Minibone
checking ownership. requestor=129.138.12.150
check software interlocks L
interlocks []
actuate state mode=None-script, software_lock=False
doing actuation None-script close_channel False
Close L ===>> OK
GetIndicatorState L ===>> False
change switch state (True, True)
update switch state L False args=() kw={} ncanvase=3
13:45:27 -- CLOSE  VALVE-L (Microbone to Minibone)
---------------------------------------- close None (Microbone to Minibone) result=[(True, True)]
action=close, ok=True, locked=[False]
open () {'description': 'Microbone to Turbo'}
opening name=--- desc=Microbone to Turbo
checking ownership. requestor=129.138.12.150
check software interlocks U
interlocks []
actuate state mode=None-script, software_lock=False
doing actuation None-script open_channel False
Open U ===>> OK
GetIndicatorState U ===>> OK
change switch state (True, True)
update switch state U True args=() kw={} ncanvase=3
13:45:27 -- OPEN   VALVE-U (Microbone to Turbo)
---------------------------------------- open None (Microbone to Turbo) result=[(True, True)], time=0.13 sec
action=open, ok=True, locked=[False]
open () {'description': 'Microbone to Inlet Pipette'}
opening name=--- desc=Microbone to Inlet Pipette
checking ownership. requestor=129.138.12.150
check software interlocks S
interlocks []
actuate state mode=None-script, software_lock=False
doing actuation None-script open_channel False
Open S ===>> OK
GetIndicatorState S ===>> OK
change switch state (True, True)
update switch state S True args=() kw={} ncanvase=3
13:45:28 -- OPEN   VALVE-S (Microbone to Inlet Pipette)
---------------------------------------- open None (Microbone to Inlet Pipette) result=[(True, True)], time=0.41 sec
action=open, ok=True, locked=[False]
open () {'description': 'Microbone to Getter D-50'}
opening name=--- desc=Microbone to Getter D-50
checking ownership. requestor=129.138.12.150
check software interlocks K
interlocks []
actuate state mode=None-script, software_lock=False
doing actuation None-script open_channel False
Open K ===>> OK
GetIndicatorState K ===>> OK
change switch state (True, True)
update switch state K True args=() kw={} ncanvase=3
13:45:29 -- OPEN   VALVE-K (Microbone to Getter D-50)
---------------------------------------- open None (Microbone to Getter D-50) result=[(True, True)], time=0.42 sec
action=open, ok=True, locked=[False]
open () {'description': 'Microbone to Getter NP-10'}
opening name=--- desc=Microbone to Getter NP-10
checking ownership. requestor=129.138.12.150
check software interlocks M
interlocks []
actuate state mode=None-script, software_lock=False
doing actuation None-script open_channel False
Open M ===>> OK
GetIndicatorState M ===>> OK
change switch state (True, True)
update switch state M True args=() kw={} ncanvase=3
13:45:29 -- OPEN   VALVE-M (Microbone to Getter NP-10)
---------------------------------------- open None (Microbone to Getter NP-10) result=[(True, True)], time=0.14 sec
action=open, ok=True, locked=[False]
close () {'description': 'CO2 Laser to Felix'}
closing name=--- desc=CO2 Laser to Felix
checking ownership. requestor=129.138.12.150
check software interlocks F
interlocks []
actuate state mode=None-script, software_lock=True
VALVE-F(CO2 Laser to Felix) software locked
change switch state (True, False)
---------------------------------------- close None (CO2 Laser to Felix) result=[(True, False)]
action=close, ok=True, locked=[True]
open () {'description': 'CO2 Laser to Jan'}
opening name=--- desc=CO2 Laser to Jan
checking ownership. requestor=129.138.12.150
check software interlocks A
interlocks []
actuate state mode=None-script, software_lock=False
doing actuation None-script open_channel False
Open A ===>> OK
GetIndicatorState A ===>> OK
change switch state (True, True)
update switch state A True args=() kw={} ncanvase=3
13:45:29 -- OPEN   VALVE-A (CO2 Laser to Jan)
---------------------------------------- open None (CO2 Laser to Jan) result=[(True, True)], time=0.13 sec
action=open, ok=True, locked=[False]
open () {'description': 'Microbone to CO2 Laser'}
opening name=--- desc=Microbone to CO2 Laser
checking ownership. requestor=129.138.12.150
check software interlocks T
interlocks []
actuate state mode=None-script, software_lock=False
doing actuation None-script open_channel False
Open T ===>> OK
GetIndicatorState T ===>> OK
change switch state (True, True)
update switch state T True args=() kw={} ncanvase=3
13:45:30 -- OPEN   VALVE-T (Microbone to CO2 Laser)
---------------------------------------- open None (Microbone to CO2 Laser) result=[(True, True)], time=0.41 sec
action=open, ok=True, locked=[False]
executed snippet estimated_duration=0, duration=4.86537003517
PrepareForCO2Analysis.py completed successfully
gosub finished
set_motor ('beam', '1.5') {}
setting motor "beam" to 1.5
set motor beam to 1.5
SetMotor beam,1.5 ===>> OK
GetMotorMoving beam ===>> False
GetMotorMoving beam ===>> False
Block completed
move_to_position ('147',) {'autocenter': True}
FusionsCO2 move to position 147
sending GoToHole 147,True
GoToHole 147,True ===>> OK
GetDriveMoving ===>> False
GetDriveMoving ===>> False
Block completed
GetAutoCorrecting ===>> False
GetAutoCorrecting ===>> False
Block completed
update position
GetPosition ===>> 3.98780,-3.98780,1.00000
got position (3.9878, -3.9878, 1.0)
move to position succeeded
sleep (5,) {}
SLEEP 5.0
block started
WaitControl setup for 5.0  
Join finished
block finished. duration 5.01761317253
close () {'description': 'Microbone to Turbo'}
closing name=--- desc=Microbone to Turbo
checking ownership. requestor=129.138.12.150
check software interlocks U
interlocks []
actuate state mode=None-script, software_lock=False
doing actuation None-script close_channel True
Close U ===>> OK
GetIndicatorState U ===>> False
change switch state (True, True)
update switch state U False args=() kw={} ncanvase=3
13:45:39 -- CLOSE  VALVE-U (Microbone to Turbo)
---------------------------------------- close None (Microbone to Turbo) result=[(True, True)]
action=close, ok=True, locked=[False]
enable laser
enable () {}
set extraction state FusionsCO2 Enabled (False, 'red', 1.5)
enabling laser
Enable ===>> OK
begin interval
BEGIN INTERVAL Interval 1 waiting for 30.0
block started
WaitControl setup for 30.0  
set extract to 1.5
extract (1.5,) {}
GetPosition ===>> 3.98780,-3.98780,1.00000
set extraction state FusionsCO2 ON! 1.5(watts) (0.75, 'red', 1.5)
extract sample to 1.5 (watts)
set laser output
SetLaserOutput 1.5,watts ===>> OK
COMPLETE INTERVAL waiting for Interval 1 to complete
Join finished
block finished. duration 30.0620398521
Interval 1 finished
end_extract () {}
ending extraction. set laser power to 0
set laser power 0
SetLaserPower 0 ===>> OK
disable () {}
%%%%%%%%%%%%%%%%%%%%%%%%%%%%%%%%%%% disable
set extraction state False (0.75, 'red', 1.5)
disabling laser
Disable ===>> OK
sleep (30.0,) {}
SLEEP 30.0
block started
WaitControl setup for 30.0  
Join finished
block finished. duration 30.0852489471
executed snippet estimated_duration=195.0, duration=74.1779022217
jan_co2.py completed successfully
GetAchievedOutput ===>> No Response
Requested Output= 0.000
Achieved Output=  0.000
GetResponseBlob ===>> No Response
GetOutputBlob ===>> No Response
persistence save...
persistence save - db
AutomatedRunPersister post_extraction_save deprecated
persistence save - dvc
no extraction position for 147
create new session 4996307664
close session 4996307664
Extraction Finished
13:46:40 -- ******* Extraction Finished *******
no overlap. not waiting for min ms pumptime
13:46:40 -- Sending spectrometer configuration
======== Sending configuration ========
SetDeflection CDD,50.0 ===>> OK
SetDeflection H2,0.0 ===>> OK
SetDeflection H1,0.0 ===>> OK
SetDeflection L2,825.0 ===>> OK
SetDeflection L1,400.0 ===>> OK
SetDeflection AX,190.0 ===>> OK
SetZFocus 74.64 ===>> OK
SetZSymmetry -50.72 ===>> OK
SetExtractionLens 26.13 ===>> OK
SetIonRepeller -3.81 ===>> OK
SetElectronEnergy 75.08 ===>> OK
SetYSymmetry -2.81 ===>> OK
SetIonCounterVoltage 1590.0 ===>> OK
send trap current 200.0
GetParameter Trap Current Readback ===>> 198.482695477019
SetParameter Trap Current Set,200.0 ===>> OK
updating mftable name mftable
Using mftable located at /Users/jan/PychronDev/setupfiles/spectrometer/mftables/mftable.csv
============ MFtable ===========
Isotope  H2     H1     AX     L1     L2     CDD    
Ar40     5.8262 5.8797 5.9928 6.1661 6.2312 6.3943
Ar39     5.7254 5.7719 5.8853 6.0521 6.1163 6.2808
Ar36     5.4029 5.4409 5.5486 5.7110 5.7713 5.9319
================================
get initial guess parabolic
get initial guess parabolic
get initial guess parabolic
get initial guess parabolic
get initial guess parabolic
get initial guess parabolic
======== Configuration Finished ========
GetYSymmetry ===>> -2.81
GetZSymmetry ===>> -50.72
GetParameter Trap Current Readback ===>> 198.035158395898
GetHighVoltage ===>> 4500
start measurement
do measurement
L#=65532 analysis type=unknown
Measurement Started jan_unknown120_60.py
13:46:40 -- ******* Measurement Started jan_unknown120_60.py *******
state changed from extraction to measurement
setting spec, defl, and gains
GetExtractionLens ===>> 26.13
GetYSymmetry ===>> -2.81
GetZSymmetry ===>> -50.72
GetZFocus ===>> 74.64
GetDeflection H2 ===>> 0
GetDeflection H1 ===>> 0
GetDeflection AX ===>> 190
GetDeflection L1 ===>> 400
GetDeflection L2 ===>> 825
GetDeflection CDD ===>> 50
GetGain H2 ===>> 0.0113
GetGain H1 ===>> 0.1
GetGain AX ===>> 0.097049
GetGain L1 ===>> 0.010355
GetGain L2 ===>> 0.095649
GetGain CDD ===>> 0
pre measurement save
New frame /Users/jan/PychronDev/data/isotopes/3f/944660-1df7-4bde-bbde-033802ece256.h5
flush and close file /Users/jan/PychronDev/data/isotopes/3f/944660-1df7-4bde-bbde-033802ece256.h5
testing...
no interpolation path defined
executed snippet estimated_duration=226.132928, duration=0.000120162963867
unknown measurement script
activate_detectors ('H2', 'H1', 'AX', 'L1', 'L2', 'CDD') {}
activate detectors
*************** Set Analysis View Ar/Ar
create graphs
clearing graphs
clear isotope group
setting isotope det=H2, iso=PM41
setting isotope det=H1, iso=Ar40
setting isotope det=AX, iso=Ar39
setting isotope det=L1, iso=Ar38
setting isotope det=L2, iso=Ar37
setting isotope det=CDD, iso=Ar36
setting previous blanks
 - setting Ar40 blank 0.545+/-0.007
 - setting Ar36 blank 0.00544+/-0.00018
 - setting Ar37 blank 0.053+/-0.005
 - setting Ar38 blank 0.0076+/-0.0021
 - setting PM41 blank 0.05+/-0.07
 - setting Ar39 blank 0.021+/-0.009
load analysis view
position_magnet ('Ar40',) {'detector': 'H1'}
detector Detector(H1)
POSITION Ar40 H1
setting detector H2 to PM41 (40.9624)
setting detector H1 to Ar40 (39.9624)
setting detector AX to Ar39 (38.9624)
setting detector L1 to Ar38 (37.9624)
setting detector L2 to Ar37 (36.9624)
setting detector CDD to Ar36 (35.9624)
Mapping mass to dac mass func: "parabolic"
H1 map mass coeffs = [-0.00063987  0.15840543  0.57126999]
H1 map mass to dac 39.9624 >> 5.87966
GetDeflection H1 ===>> 0
GetHighVoltage ===>> 4500
positioning Ar40 (5.87966) on H1
setting magnet DAC
current  : 5.879661
requested: 5.879660
Delta Dac: 0.000001
Checking detector protection. dv=0.00000
Checking detector "CDD". Protection Threshold: 0.1 (V)
SetMagnetDAC 5.87966 ===>> OK
Magnet settling time: 0.500
update labels <pychron.experiment.plot_panel.PlotPanel object at 0x143fca5f0>
update labels "<pychron.graph.stacked_regression_graph.StackedRegressionGraph object at 0x142b338f0>"
setting label 0 H2 PM41
setting label 1 H1 Ar40
setting label 2 AX Ar39
setting label 3 L1 Ar38
setting label 4 L2 Ar37
setting label 5 CDD Ar36
update labels "<pychron.graph.stacked_graph.StackedGraph object at 0x1446e6dd0>"
setting label 0 H2 PM41
setting label 1 H1 Ar40
setting label 2 AX Ar39
setting label 3 L1 Ar38
setting label 4 L2 Ar37
setting label 5 CDD Ar36
equilibrate () {'delay': 3, 'inlet': 'R', 'outlet': 'O', 'eqtime': 12.0}
Equilibration Started
13:46:42 -- ******* Equilibration Started *******
checking ownership. requestor=129.138.12.150
check software interlocks O
interlocks []
actuate state mode=None-script, software_lock=False
doing actuation None-script close_channel True
Close O ===>> OK
GetIndicatorState O ===>> False
change switch state (True, True)
update switch state O False args=() kw={} ncanvase=3
13:46:42 -- CLOSE  VALVE-O (Jan Ion Pump)
waiting 3s before opening inlet value ('R',)
checking ownership. requestor=129.138.12.150
check software interlocks R
interlocks []
actuate state mode=None-script, software_lock=False
doing actuation None-script open_channel True
Open R ===>> OK
GetIndicatorState R ===>> OK
change switch state (True, True)
update switch state R True args=() kw={} ncanvase=3
13:46:45 -- OPEN   VALVE-R (Jan Inlet)
set_time_zero () {}
equilibrating for 12.0sec
sniff (12.0,) {}
py_sniff
build tables- sniff [Detector(H2), Detector(H1), Detector(AX), Detector(L1), Detector(L2), Detector(CDD)]
add group /sniff/PM41 (Group) '' table H2
add group /sniff/Ar40 (Group) '' table H1
add group /sniff/Ar39 (Group) '' table AX
add group /sniff/Ar38 (Group) '' table L1
add group /sniff/Ar37 (Group) '' table L2
add group /sniff/Ar36 (Group) '' table CDD
flush and close file /Users/jan/PychronDev/data/isotopes/3f/944660-1df7-4bde-bbde-033802ece256.h5
measuring sniff. ncounts=12.0
"sniff" increment series count="1" fit count="0" regressing="False"
starting measurement
check iteration duration=2.19345092773e-05
GetData ===>> H2,0.0527635695115979,H1,0.70498977396698,AX,0.463122112299723,L1,-0.000748868937258845,L2,0.1335...
check iteration duration=1.97887420654e-05
GetData ===>> H2,1.0450044126344,H1,4.66543497279279,AX,1.08291914470457,L1,0.14422943439811,L2,0.2173471195346...
check iteration duration=4.19616699219e-05
GetData ===>> H2,0.490111147992998,H1,6.5236928784856,AX,0.538897930145742,L1,0.162732560102639,L2,0.1958936938...
check iteration duration=3.21865081787e-05
GetData ===>> H2,0.119514472594397,H1,7.18806890768808,AX,0.30137857192837,L1,0.131212671346142,L2,0.0416446450...
check iteration duration=4.41074371338e-05
GetData ===>> H2,-0.00136304533021205,H1,7.43895418322065,AX,0.117976182328093,L1,0.0914085814277296,L2,0.00508...
check iteration duration=1.90734863281e-05
GetData ===>> H2,-0.0848679639021564,H1,7.55746603079064,AX,0.0248756560168116,L1,0.0337639830251004,L2,-0.0062...
check iteration duration=3.38554382324e-05
GetData ===>> H2,-0.0486567258176872,H1,7.70768593838469,AX,-0.0117504764076401,L1,0.0203018010398434,L2,0.0996...
check iteration duration=4.60147857666e-05
GetData ===>> H2,-0.151291086985379,H1,7.66479825136119,AX,0.142207960936652,L1,0.0610965664400838,L2,0.0810057...
check iteration duration=3.60012054443e-05
GetData ===>> H2,-0.12662562789708,H1,7.53503301247955,AX,0.0188767046019327,L1,0.02139754009448,L2,-0.05109337...
check iteration duration=4.48226928711e-05
GetData ===>> H2,-0.162563382080758,H1,7.62194616434455,AX,0.0556604319157016,L1,-0.0105510743398838,L2,-0.0025...
check iteration duration=1.59740447998e-05
GetData ===>> H2,-0.127106909800571,H1,7.63896103400838,AX,0.120227348357417,L1,-0.0238752107604064,L2,-0.00738...
check iteration duration=3.09944152832e-05
Equilibration Finished
13:46:57 -- ******* Equilibration Finished *******
GetData ===>> H2,-0.184843072969463,H1,7.68633004338912,AX,-0.037776005267555,L1,-0.0205776207254872,L2,0.10162...
checking ownership. requestor=129.138.12.150
check software interlocks R
interlocks []
actuate state mode=None-script, software_lock=False
doing actuation None-script close_channel True
Close R ===>> OK
GetIndicatorState R ===>> False
change switch state (True, True)
update switch state R False args=() kw={} ncanvase=3
13:46:58 -- CLOSE  VALVE-R (Jan Inlet)
Post Equilibration Started jan_pump_extraction_line.py
13:46:58 -- ******* Post Equilibration Started jan_pump_extraction_line.py *******
testing...
no interpolation path defined
calculate duration
testing...
no interpolation path defined
executed snippet estimated_duration=4.0, duration=0.000171899795532
executed snippet estimated_duration=4.0, duration=0.00152587890625
Pump after analysis
doing GOSUB
testing...
no interpolation path defined
executed snippet estimated_duration=4.0, duration=0.000197887420654
Pump Microbone
close () {'description': 'Jan Inlet'}
closing name=--- desc=Jan Inlet
checking ownership. requestor=129.138.12.150
check software interlocks R
interlocks []
actuate state mode=None-script, software_lock=False
doing actuation None-script close_channel False
check iteration duration=3.00407409668e-05
waiting for write to finish
measurement finished
estimated time: 12.583 actual time: :12.671
flush and close file /Users/jan/PychronDev/data/isotopes/3f/944660-1df7-4bde-bbde-033802ece256.h5
set_fits () {}
using default fits file=/Users/jan/PychronDev/scripts/measurement/fits/nominal_linear.yaml
set "Ar40" to "('Linear', 'SEM')"
No fit for "PM41". defaulting to linear. check the measurement script "jan_unknown120_60.py"
set "PM41" to "linear"
set "Ar36" to "('Linear', 'SEM')"
set "Ar37" to "('linear', 'SEM')"
set "Ar38" to "('linear', 'SEM')"
set "Ar39" to "('Linear', 'SEM')"
set_baseline_fits () {}
using default fits file=/Users/jan/PychronDev/scripts/measurement/fits/nominal_linear.yaml
set "H1" to "('average', 'SEM')"
set "H2" to "('average', 'SEM')"
set "CDD" to "('average', 'SEM')"
set "L2" to "('average', 'SEM')"
set "L1" to "('average', 'SEM')"
set "AX" to "('average', 'SEM')"
multicollect () {'integration_time': 1, 'ncounts': 120}
build tables- signal [Detector(H2), Detector(H1), Detector(AX), Detector(L1), Detector(L2), Detector(CDD)]
add group /signal/PM41 (Group) '' table H2
add group /signal/Ar40 (Group) '' table H1
Close R ===>> OK
add group /signal/Ar39 (Group) '' table AX
add group /signal/Ar38 (Group) '' table L1
add group /signal/Ar37 (Group) '' table L2
add group /signal/Ar36 (Group) '' table CDD
flush and close file /Users/jan/PychronDev/data/isotopes/3f/944660-1df7-4bde-bbde-033802ece256.h5
measuring signal. ncounts=120
GetIndicatorState R ===>> False
change switch state (True, True)
update switch state R False args=() kw={} ncanvase=3
13:46:58 -- CLOSE  VALVE-R (Jan Inlet)
---------------------------------------- close None (Jan Inlet) result=[(True, True)]
"signal" increment series count="2" fit count="1" regressing="True"
action=close, ok=True, locked=[False]
is_closed ('F',) {}
is F () closed?
is closed True
open () {'description': 'CO2 Laser to Jan'}
opening name=--- desc=CO2 Laser to Jan
checking ownership. requestor=129.138.12.150
check software interlocks A
interlocks []
actuate state mode=None-script, software_lock=False
doing actuation None-script open_channel False
Open A ===>> OK
GetIndicatorState A ===>> OK
change switch state (True, True)
update switch state A True args=() kw={} ncanvase=3
13:46:59 -- OPEN   VALVE-A (CO2 Laser to Jan)
---------------------------------------- open None (CO2 Laser to Jan) result=[(True, True)], time=0.12 sec
starting measurement
check iteration duration=5.72204589844e-05
GetData ===>> H2,-0.139406370898607,H1,7.70461542052925,AX,0.0392073361325416,L1,-0.00378339069330204,L2,-0.028...
action=open, ok=True, locked=[False]
sleep (1,) {}
SLEEP 1.0
check iteration duration=7.9870223999e-05
GetData ===>> H2,0.00990730991396436,H1,7.73713284759874,AX,0.170160908431443,L1,0.0247647994100845,L2,0.024599...
close () {'description': 'CO2 Laser to Roughing'}
closing name=--- desc=CO2 Laser to Roughing
checking ownership. requestor=129.138.12.150
check software interlocks G
interlocks []
actuate state mode=None-script, software_lock=True
VALVE-G(CO2 Laser to Roughing) software locked
change switch state (True, False)
---------------------------------------- close None (CO2 Laser to Roughing) result=[(True, False)]
action=close, ok=True, locked=[True]
open () {'description': 'Microbone to Turbo'}
opening name=--- desc=Microbone to Turbo
checking ownership. requestor=129.138.12.150
check software interlocks U
interlocks []
actuate state mode=None-script, software_lock=False
doing actuation None-script open_channel True
Open U ===>> OK
GetIndicatorState U ===>> OK
change switch state (True, True)
update switch state U True args=() kw={} ncanvase=3
13:47:00 -- OPEN   VALVE-U (Microbone to Turbo)
---------------------------------------- open None (Microbone to Turbo) result=[(True, True)], time=0.16 sec
action=open, ok=True, locked=[False]
open () {'description': 'Microbone to Getter NP-10'}
opening name=--- desc=Microbone to Getter NP-10
checking ownership. requestor=129.138.12.150
check software interlocks M
interlocks []
actuate state mode=None-script, software_lock=False
doing actuation None-script open_channel False
Open M ===>> OK
GetIndicatorState M ===>> OK
change switch state (True, True)
update switch state M True args=() kw={} ncanvase=3
13:47:01 -- OPEN   VALVE-M (Microbone to Getter NP-10)
---------------------------------------- open None (Microbone to Getter NP-10) result=[(True, True)], time=0.13 sec
action=open, ok=True, locked=[False]
open () {'description': 'Microbone to Getter D-50'}
opening name=--- desc=Microbone to Getter D-50
checking ownership. requestor=129.138.12.150
check software interlocks K
interlocks []
actuate state mode=None-script, software_lock=False
doing actuation None-script open_channel False
check iteration duration=7.20024108887e-05
GetData ===>> H2,-0.00394289288792777,H1,7.73695946039312,AX,0.0297841639622173,L1,0.0183364973880198,L2,0.0194...
Open K ===>> OK
GetIndicatorState K ===>> OK
change switch state (True, True)
update switch state K True args=() kw={} ncanvase=3
13:47:01 -- OPEN   VALVE-K (Microbone to Getter D-50)
---------------------------------------- open None (Microbone to Getter D-50) result=[(True, True)], time=0.41 sec
action=open, ok=True, locked=[False]
open () {'description': 'Microbone to CO2 Laser'}
opening name=--- desc=Microbone to CO2 Laser
checking ownership. requestor=129.138.12.150
check software interlocks T
interlocks []
actuate state mode=None-script, software_lock=False
doing actuation None-script open_channel False
Open T ===>> OK
GetIndicatorState T ===>> OK
change switch state (True, True)
update switch state T True args=() kw={} ncanvase=3
13:47:02 -- OPEN   VALVE-T (Microbone to CO2 Laser)
---------------------------------------- open None (Microbone to CO2 Laser) result=[(True, True)], time=0.42 sec
check iteration duration=8.70227813721e-05
GetData ===>> H2,-0.174878725343968,H1,7.76292122141522,AX,0.040832113174904,L1,-0.0116072523841092,L2,0.135918...
action=open, ok=True, locked=[False]
open () {'description': 'Microbone to Inlet Pipette'}
opening name=--- desc=Microbone to Inlet Pipette
checking ownership. requestor=129.138.12.150
check software interlocks S
interlocks []
actuate state mode=None-script, software_lock=False
doing actuation None-script open_channel False
Open S ===>> OK
GetIndicatorState S ===>> OK
change switch state (True, True)
update switch state S True args=() kw={} ncanvase=3
13:47:03 -- OPEN   VALVE-S (Microbone to Inlet Pipette)
---------------------------------------- open None (Microbone to Inlet Pipette) result=[(True, True)], time=0.42 sec
action=open, ok=True, locked=[False]
sleep (1,) {}
SLEEP 1.0
testing H1>-5.0
evaluate ot="H1.bs>-5.0" t="H1>-5.0", ctx="{'H1': None}"
check iteration duration=0.00104308128357
GetData ===>> H2,-0.224482369496567,H1,7.79532058190313,AX,0.00777323800779495,L1,-0.0274904092044412,L2,0.0418...
set_resource () {'name': 'CO2PumpTimeFlag', 'value': 30}
Set CO2PumpTimeFlag 30 ===>> OK
release ('JanCO2Flag',) {}
release JanCO2Flag
Set JanCO2Flag 0 ===>> OK
executed snippet estimated_duration=6.0, duration=5.88487815857
PumpMicrobone.py completed successfully
gosub finished
get_resource_value () {'name': 'JanMiniboneFlag'}
Read JanMiniboneFlag ===>> 0
Get Resource Value JanMiniboneFlag=0.0
get resource value 0.0
get_resource_value () {'name': 'JanMiniboneFlag'}
Read JanMiniboneFlag ===>> 0
Get Resource Value JanMiniboneFlag=0.0
executed snippet estimated_duration=4.0, duration=5.9238910675
jan_pump_extraction_line.py completed successfully
Post Equilibration Finished
13:47:04 -- ******* Post Equilibration Finished *******
check iteration duration=3.69548797607e-05
GetData ===>> H2,-0.252301428255973,H1,7.72248264875805,AX,0.0709340775100006,L1,-0.0287458983101487,L2,0.00737...
check iteration duration=4.60147857666e-05
GetData ===>> H2,-0.267580639506526,H1,7.69606913116492,AX,0.0776496730945712,L1,-0.0224441103449993,L2,0.02774...
check iteration duration=3.79085540771e-05
GetData ===>> H2,-0.181921070428125,H1,7.90571274717762,AX,-0.0250888494198254,L1,-0.0185465057741729,L2,0.0124...
check iteration duration=7.10487365723e-05
GetData ===>> H2,-0.20115172169148,H1,7.80449087606103,AX,-0.0257731166546089,L1,-0.00347746020275279,L2,-0.103...
testing H1>-5.0
evaluate ot="H1.bs>-5.0" t="H1>-5.0", ctx="{'H1': None}"
check iteration duration=0.000591039657593
GetData ===>> H2,-0.237471914525773,H1,7.80133075095202,AX,-0.0400488493580873,L1,-0.038698144994803,L2,0.05778...
check iteration duration=7.9870223999e-05
GetData ===>> H2,-0.181652575301046,H1,7.82335448265246,AX,0.0741584334784205,L1,-0.0671026456961931,L2,0.03918...
check iteration duration=4.31537628174e-05
GetData ===>> H2,-0.09078066676778,H1,7.8237263358264,AX,0.0300046464862951,L1,-0.0516558706385259,L2,0.0240178...
check iteration duration=8.29696655273e-05
GetData ===>> H2,-0.121123233784516,H1,7.87140892510248,AX,-0.0657769896385382,L1,-0.0244396843237089,L2,0.0400...
check iteration duration=6.00814819336e-05
GetData ===>> H2,-0.209259573380653,H1,7.84603995935618,AX,-0.00795740524241119,L1,-0.0422720469523192,L2,0.041...
testing H1>-5.0
evaluate ot="H1.bs>-5.0" t="H1>-5.0", ctx="{'H1': None}"
check iteration duration=0.000770092010498
GetData ===>> H2,-0.189205786379584,H1,7.81462870979632,AX,-0.0875229196813084,L1,-0.0456316012190978,L2,0.0330...
check iteration duration=7.91549682617e-05
GetData ===>> H2,-0.268357521597455,H1,7.91535536840422,AX,-0.0677361772014156,L1,-0.052204983697105,L2,0.04733...
check iteration duration=4.19616699219e-05
GetData ===>> H2,-0.23262159368331,H1,7.89424935376981,AX,0.00779644142409396,L1,-0.0320683544845585,L2,0.06039...
check iteration duration=8.60691070557e-05
GetData ===>> H2,-0.229056188182364,H1,7.86249312408052,AX,0.0192247961286088,L1,-0.000560456059417095,L2,0.001...
check iteration duration=8.01086425781e-05
GetData ===>> H2,-0.21404931487302,H1,7.87475719794013,AX,0.000626848970277029,L1,0.0409546953673135,L2,-0.0586...
testing H1>-5.0
evaluate ot="H1.bs>-5.0" t="H1>-5.0", ctx="{'H1': None}"
check iteration duration=0.000635862350464
GetData ===>> H2,-0.19598424755883,H1,7.88780408895635,AX,-0.0284637479443132,L1,0.0210791387290342,L2,0.006964...
check iteration duration=8.60691070557e-05
GetData ===>> H2,-0.227953632345057,H1,7.95112019124835,AX,-0.0316877685063964,L1,-0.0324958583400829,L2,0.1005...
check iteration duration=8.51154327393e-05
GetData ===>> H2,-0.130995651311473,H1,8.02875415992712,AX,-0.0032593598964766,L1,-0.0331807846074105,L2,0.0949...
check iteration duration=8.89301300049e-05
GetData ===>> H2,-0.118870931990691,H1,7.91587594664318,AX,0.0458690943260506,L1,-0.0144527469219989,L2,0.04690...
check iteration duration=8.39233398438e-05
GetData ===>> H2,-0.160096245505657,H1,7.9938805512634,AX,0.0914186720911633,L1,0.0106003371218648,L2,0.0226725...
testing H1>-5.0
evaluate ot="H1.bs>-5.0" t="H1>-5.0", ctx="{'H1': None}"
check iteration duration=0.000554084777832
13:47:24 -- collecting point 25
GetData ===>> H2,-0.141822961273674,H1,7.94510687450682,AX,0.0108477388526894,L1,-0.0102465483942125,L2,-0.0510...
check iteration duration=4.29153442383e-05
GetData ===>> H2,-0.232067138668138,H1,7.91055873432762,AX,0.0395903168500958,L1,7.68136210939807E-05,L2,0.1024...
check iteration duration=6.41345977783e-05
GetData ===>> H2,-0.212565196858923,H1,8.02305895190225,AX,-0.0102541448862785,L1,0.00252425599193422,L2,0.1087...
check iteration duration=5.10215759277e-05
GetData ===>> H2,-0.14465652797899,H1,8.04273914051124,AX,-0.00401338245023645,L1,-0.0294837844171773,L2,-0.031...
check iteration duration=7.79628753662e-05
GetData ===>> H2,-0.21969113735029,H1,8.04538247568389,AX,-0.108951120471059,L1,-0.00380378572882665,L2,-0.0129...
testing H1>-5.0
evaluate ot="H1.bs>-5.0" t="H1>-5.0", ctx="{'H1': None}"
check iteration duration=0.00100016593933
GetData ===>> H2,-0.250485977667229,H1,8.06704049519686,AX,4.68079455483901E-05,L1,-0.0294478496597341,L2,-0.04...
check iteration duration=6.60419464111e-05
GetData ===>> H2,-0.146974742652952,H1,8.05073140143195,AX,0.0668979838192686,L1,-0.016804024345733,L2,0.051645...
check iteration duration=7.60555267334e-05
GetData ===>> H2,-0.162922537251969,H1,8.04185804369937,AX,-0.0481657163927896,L1,0.0118522725193339,L2,0.19915...
check iteration duration=3.88622283936e-05
GetData ===>> H2,-0.148580733537011,H1,8.09072850182539,AX,-0.00264453718344107,L1,-0.0354656875801585,L2,-0.05...
check iteration duration=4.10079956055e-05
GetData ===>> H2,-0.201824452414866,H1,8.07273810942901,AX,0.0612036648860178,L1,-0.0305749420625695,L2,-0.0060...
testing H1>-5.0
evaluate ot="H1.bs>-5.0" t="H1>-5.0", ctx="{'H1': None}"
check iteration duration=0.000571966171265
GetData ===>> H2,-0.179685215762089,H1,8.17065479179526,AX,-0.0192317889812191,L1,0.00605122793278402,L2,-0.061...
check iteration duration=4.19616699219e-05
GetData ===>> H2,-0.228634833390791,H1,8.14032000515608,AX,-0.0897714219705483,L1,0.0245785012164232,L2,0.02784...
check iteration duration=4.19616699219e-05
GetData ===>> H2,-0.133046169888192,H1,8.22884186540238,AX,0.0664572710760362,L1,-0.0395977286107697,L2,0.00060...
check iteration duration=8.29696655273e-05
GetData ===>> H2,-0.16292793799474,H1,8.22088051147978,AX,-0.0492324542979413,L1,-0.0356106792113976,L2,0.04327...
check iteration duration=6.19888305664e-05
GetData ===>> H2,-0.237570110328973,H1,8.103989465688,AX,0.113207131324456,L1,-0.0379039050537349,L2,-0.0180179...
testing H1>-5.0
evaluate ot="H1.bs>-5.0" t="H1>-5.0", ctx="{'H1': None}"
check iteration duration=0.000524044036865
GetData ===>> H2,-0.260886215490981,H1,8.07488565712358,AX,0.0920683106998028,L1,-0.0546693088061941,L2,0.06454...
check iteration duration=8.70227813721e-05
GetData ===>> H2,-0.193835031482954,H1,8.26706731729183,AX,0.0213597847201705,L1,-0.0685983460465715,L2,0.07291...
check iteration duration=8.48770141602e-05
GetData ===>> H2,-0.191176884584986,H1,8.2084987717806,AX,0.0612848442824713,L1,-0.0560746933997104,L2,-0.00694...
check iteration duration=6.00814819336e-05
GetData ===>> H2,-0.144241739127326,H1,8.14576819698585,AX,0.098251695090627,L1,-0.0264049077437482,L2,-0.03316...
check iteration duration=8.01086425781e-05
GetData ===>> H2,-0.187611938893764,H1,8.19553491593423,AX,-0.0575920279950443,L1,-0.0334932966498148,L2,0.0073...
testing H1>-5.0
evaluate ot="H1.bs>-5.0" t="H1>-5.0", ctx="{'H1': None}"
check iteration duration=0.000622034072876
GetData ===>> H2,-0.163976983465857,H1,8.2482944708816,AX,-0.0878242683642928,L1,-0.0251563163703925,L2,-0.0407...
check iteration duration=9.20295715332e-05
GetData ===>> H2,-0.148844099734632,H1,8.2548540223008,AX,-0.0949636410836645,L1,-0.0030551408802856,L2,-0.0751...
check iteration duration=4.00543212891e-05
GetData ===>> H2,-0.160494642727545,H1,8.25578581024968,AX,0.0948641263111743,L1,0.000404465142862022,L2,0.0303...
check iteration duration=7.89165496826e-05
GetData ===>> H2,-0.152386190144905,H1,8.16252410323572,AX,0.115214513628318,L1,-0.0191088803024381,L2,0.095696...
check iteration duration=6.41345977783e-05
GetData ===>> H2,-0.192373936730572,H1,8.25709032737285,AX,0.024666788827869,L1,-0.0176615116250521,L2,0.138187...
testing H1>-5.0
evaluate ot="H1.bs>-5.0" t="H1>-5.0", ctx="{'H1': None}"
check iteration duration=0.000579118728638
13:47:50 -- collecting point 50
GetData ===>> H2,-0.166371737486242,H1,8.26541477352001,AX,-0.00283014444945278,L1,0.000230436450419131,L2,0.07...
check iteration duration=4.29153442383e-05
GetData ===>> H2,-0.1775784936968,H1,8.22699120001411,AX,-0.0627279979879636,L1,-0.0316767593717931,L2,0.122235...
check iteration duration=4.31537628174e-05
GetData ===>> H2,-0.159262942306014,H1,8.30950842191871,AX,0.0114742528214312,L1,-0.0259867307763532,L2,-0.0400...
check iteration duration=8.39233398438e-05
GetData ===>> H2,-0.185362371220891,H1,8.29442050515945,AX,-0.088334240932357,L1,-0.0532110149224485,L2,0.02917...
check iteration duration=7.08103179932e-05
GetData ===>> H2,-0.294938102687359,H1,8.28391613405743,AX,0.0464145894900103,L1,-0.0379338549081446,L2,0.03931...
testing H1>-5.0
evaluate ot="H1.bs>-5.0" t="H1>-5.0", ctx="{'H1': None}"
check iteration duration=0.000556945800781
GetData ===>> H2,-0.147691996294896,H1,8.24279122633207,AX,0.0569360433474176,L1,-0.0331328891830351,L2,0.02206...
check iteration duration=4.6968460083e-05
GetData ===>> H2,-0.118212066157722,H1,8.28967726562644,AX,-0.0189302278139613,L1,-0.0130061280414533,L2,-0.034...
check iteration duration=6.69956207275e-05
GetData ===>> H2,-0.173519240750492,H1,8.32697090986814,AX,-0.0284521505552711,L1,-0.0156885818889683,L2,0.0797...
check iteration duration=4.10079956055e-05
GetData ===>> H2,-0.13670128749242,H1,8.37321218833032,AX,-0.0327894776680122,L1,-0.0138451204100397,L2,0.07158...
check iteration duration=7.70092010498e-05
GetData ===>> H2,-0.19112970088196,H1,8.43242896944234,AX,0.0573303266255234,L1,0.00109100766290843,L2,0.019081...
testing H1>-5.0
evaluate ot="H1.bs>-5.0" t="H1>-5.0", ctx="{'H1': None}"
check iteration duration=0.000576019287109
GetData ===>> H2,-0.134291719579648,H1,8.37108727390479,AX,-0.001368477649027,L1,-0.000290431457522359,L2,0.064...
check iteration duration=8.20159912109e-05
GetData ===>> H2,-0.241517403625526,H1,8.33177795440025,AX,0.0394278399980488,L1,-0.0283817267698001,L2,0.05881...
check iteration duration=6.79492950439e-05
GetData ===>> H2,-0.234054706901449,H1,8.38119032366313,AX,0.0264305702864997,L1,0.0036227376189156,L2,0.063483...
check iteration duration=8.29696655273e-05
GetData ===>> H2,-0.117559927211708,H1,8.47799098122788,AX,-0.0731730058830925,L1,0.0159668700267379,L2,0.04326...
check iteration duration=5.19752502441e-05
GetData ===>> H2,-0.162102944702995,H1,8.38525418795613,AX,0.0603570837848897,L1,-0.00297475422978137,L2,-0.033...
testing H1>-5.0
evaluate ot="H1.bs>-5.0" t="H1>-5.0", ctx="{'H1': None}"
check iteration duration=0.000583171844482
GetData ===>> H2,-0.164754591559209,H1,8.46258476843003,AX,-0.00934937513238231,L1,-0.0610482227333518,L2,0.003...
check iteration duration=7.20024108887e-05
GetData ===>> H2,-0.21276856756066,H1,8.49920714551777,AX,0.0451727219620974,L1,-0.0421642735896536,L2,0.013746...
check iteration duration=5.29289245605e-05
GetData ===>> H2,-0.244535977505105,H1,8.48585798355625,AX,0.0204547294912169,L1,-0.00586587045568747,L2,0.1041...
check iteration duration=4.50611114502e-05
GetData ===>> H2,-0.192045029612393,H1,8.463377082175,AX,-0.0311543048519737,L1,-0.00324710640461258,L2,-0.0426...
check iteration duration=8.29696655273e-05
GetData ===>> H2,-0.183523813404953,H1,8.45829403010072,AX,0.0300858770157843,L1,-0.0161035889033624,L2,0.07885...
testing H1>-5.0
evaluate ot="H1.bs>-5.0" t="H1>-5.0", ctx="{'H1': None}"
check iteration duration=0.00058388710022
GetData ===>> H2,-0.205058124464869,H1,8.4586795674886,AX,0.0108593409266152,L1,-0.0491025193470366,L2,-0.03545...
check iteration duration=4.10079956055e-05
GetData ===>> H2,-0.144436299956618,H1,8.53048617166487,AX,-0.111477227951194,L1,-0.0465162007654763,L2,-0.0319...
check iteration duration=4.10079956055e-05
GetData ===>> H2,-0.174498006230387,H1,8.49866021892634,AX,-0.0221661623283226,L1,-0.0375397076835291,L2,0.0080...
check iteration duration=4.10079956055e-05
GetData ===>> H2,-0.16731923995895,H1,8.50936309871935,AX,0.0851313223520101,L1,-0.0167404594422697,L2,0.062285...
check iteration duration=5.29289245605e-05
GetData ===>> H2,-0.117298790534104,H1,8.53956331969299,AX,0.015163805761833,L1,-0.0400097613301061,L2,0.061703...
testing H1>-5.0
evaluate ot="H1.bs>-5.0" t="H1>-5.0", ctx="{'H1': None}"
check iteration duration=0.000581979751587
13:48:17 -- collecting point 75
GetData ===>> H2,-0.0822090584531168,H1,8.55189955888054,AX,-0.0282665921425613,L1,-0.0255960970422918,L2,0.073...
check iteration duration=8.60691070557e-05
GetData ===>> H2,-0.149164182724064,H1,8.57013300158902,AX,0.139422392385725,L1,-0.0507621518666118,L2,0.060996...
check iteration duration=7.41481781006e-05
GetData ===>> H2,-0.24757661357014,H1,8.54299543338952,AX,0.0247712223663338,L1,-0.0388646518961212,L2,-0.09815...
check iteration duration=7.91549682617e-05
GetData ===>> H2,-0.179270920218229,H1,8.45511029193953,AX,-0.05621234201073,L1,-0.0153551245453052,L2,-0.07462...
check iteration duration=6.00814819336e-05
GetData ===>> H2,-0.298174919514251,H1,8.48527384135453,AX,-0.0443972551758916,L1,-0.0280870256716933,L2,0.1523...
testing H1>-5.0
evaluate ot="H1.bs>-5.0" t="H1>-5.0", ctx="{'H1': None}"
check iteration duration=0.000661134719849
GetData ===>> H2,-0.305397247038207,H1,8.6410946348759,AX,0.105154811239604,L1,-0.0326958328948878,L2,-0.004319...
check iteration duration=4.19616699219e-05
GetData ===>> H2,-0.179354590246655,H1,8.60753022882304,AX,-0.0303077152242984,L1,-0.0175020125306736,L2,0.0509...
check iteration duration=4.10079956055e-05
GetData ===>> H2,-0.159308863364379,H1,8.57587980801202,AX,0.0349250179838751,L1,-0.0223182500655234,L2,0.02375...
check iteration duration=6.50882720947e-05
GetData ===>> H2,-0.160419015857312,H1,8.57530760098226,AX,0.0458226693468223,L1,-0.0506855778852521,L2,0.09330...
check iteration duration=8.10623168945e-05
GetData ===>> H2,-0.1242811146576,H1,8.6412564471692,AX,0.162777207598606,L1,-0.0375301233640038,L2,0.026468983...
testing H1>-5.0
evaluate ot="H1.bs>-5.0" t="H1>-5.0", ctx="{'H1': None}"
check iteration duration=0.000535011291504
GetData ===>> H2,-0.13619291396413,H1,8.59679239502971,AX,0.107846579035167,L1,0.00354349886930212,L2,-0.055820...
check iteration duration=5.60283660889e-05
GetData ===>> H2,-0.209046708762108,H1,8.62371994307651,AX,-0.0568732024440504,L1,-0.0214383827949805,L2,0.0972...
check iteration duration=6.00814819336e-05
GetData ===>> H2,-0.17886740607817,H1,8.64557568336581,AX,-0.0443044912133809,L1,-0.0394048819128467,L2,-0.0357...
check iteration duration=8.01086425781e-05
GetData ===>> H2,-0.152606473008663,H1,8.56126463332163,AX,0.0056153444670516,L1,-0.047278641530746,L2,0.151575...
check iteration duration=0.000103950500488
GetData ===>> H2,-0.0971050832463786,H1,8.82236155457046,AX,0.068695648565291,L1,-0.0341039243292407,L2,-0.0484...
testing H1>-5.0
evaluate ot="H1.bs>-5.0" t="H1>-5.0", ctx="{'H1': None}"
check iteration duration=0.000609874725342
GetData ===>> H2,-0.0518393465306368,H1,8.72868706084364,AX,0.0388243569214491,L1,-0.0183570420309886,L2,0.0970...
check iteration duration=5.98430633545e-05
GetData ===>> H2,-0.126512064022536,H1,8.73064112731046,AX,-0.0483512368684226,L1,-0.0100822923858469,L2,0.0546...
check iteration duration=8.58306884766e-05
GetData ===>> H2,-0.188839032557902,H1,8.77283049325441,AX,-0.0720369772346518,L1,-0.0170498848145265,L2,0.1119...
check iteration duration=7.89165496826e-05
GetData ===>> H2,-0.174437251996261,H1,8.8407128126186,AX,0.00443200380201068,L1,0.00481379514153912,L2,-0.0113...
check iteration duration=5.88893890381e-05
GetData ===>> H2,-0.153656474210845,H1,8.84476223423267,AX,-0.0284521505552711,L1,0.0191485201693643,L2,0.00597...
testing H1>-5.0
evaluate ot="H1.bs>-5.0" t="H1>-5.0", ctx="{'H1': None}"
check iteration duration=0.000582933425903
GetData ===>> H2,-0.193085637444321,H1,8.82835370205537,AX,0.130056502338419,L1,-0.0268098877743601,L2,0.034734...
check iteration duration=4.19616699219e-05
GetData ===>> H2,-0.27461498132637,H1,8.76448837036243,AX,-0.0188606366427065,L1,-0.0419331557038338,L2,0.03336...
check iteration duration=7.9870223999e-05
GetData ===>> H2,-0.257084750577611,H1,8.83754814309608,AX,0.0206983973790043,L1,-0.0168723861522305,L2,0.06030...
check iteration duration=8.29696655273e-05
GetData ===>> H2,-0.166563403923871,H1,8.81589640029834,AX,0.127735479239763,L1,-0.0274041484732333,L2,0.050618...
check iteration duration=8.58306884766e-05
GetData ===>> H2,-0.135445184908764,H1,8.80930708814021,AX,0.0668399951864971,L1,-0.0273095004307293,L2,-0.0596...
testing H1>-5.0
evaluate ot="H1.bs>-5.0" t="H1>-5.0", ctx="{'H1': None}"
check iteration duration=0.000576972961426
13:48:43 -- collecting point 100
GetData ===>> H2,-0.189503765109398,H1,8.83374817441161,AX,0.0185518203000332,L1,-0.0393150452311799,L2,0.08130...
check iteration duration=7.70092010498e-05
GetData ===>> H2,-0.286343680750493,H1,8.90584970993598,AX,-0.0177123751329048,L1,0.0131896025632993,L2,-0.0425...
check iteration duration=8.51154327393e-05
GetData ===>> H2,-0.209370045843827,H1,8.94211517722721,AX,-0.00157728853575358,L1,0.0130443363988272,L2,0.0551...
check iteration duration=8.60691070557e-05
GetData ===>> H2,-0.178915990481875,H1,8.88062951709372,AX,-0.0381354892442388,L1,-0.01048393555306,L2,0.126625...
check iteration duration=4.10079956055e-05
GetData ===>> H2,-0.108023989388975,H1,8.8933073523304,AX,0.0867553221462014,L1,-0.0060110041976537,L2,0.004228...
testing H1>-5.0
evaluate ot="H1.bs>-5.0" t="H1>-5.0", ctx="{'H1': None}"
check iteration duration=0.000641107559204
GetData ===>> H2,-0.200311763248345,H1,8.94641404817589,AX,0.135012071750684,L1,0.0240869308949587,L2,0.0406070...
check iteration duration=6.50882720947e-05
GetData ===>> H2,-0.157836595618502,H1,8.90629812396433,AX,0.178613378706384,L1,0.00327577255401895,L2,0.051782...
check iteration duration=7.70092010498e-05
GetData ===>> H2,-0.151851442966625,H1,8.91618863347723,AX,0.0359114431369825,L1,-0.0135838417148819,L2,-0.0080...
check iteration duration=8.70227813721e-05
GetData ===>> H2,-0.134032072292992,H1,8.84514849495181,AX,-0.0410808885899762,L1,-0.025817777557062,L2,-0.0114...
check iteration duration=8.10623168945e-05
GetData ===>> H2,-0.0940740286816163,H1,9.01324994999719,AX,0.0436523262758903,L1,-0.0235647967235218,L2,-0.030...
testing H1>-5.0
evaluate ot="H1.bs>-5.0" t="H1>-5.0", ctx="{'H1': None}"
check iteration duration=0.000527858734131
GetData ===>> H2,-0.140303867243996,H1,8.96169204563522,AX,0.0752603062176521,L1,0.0174380632078895,L2,-0.00642...
check iteration duration=4.10079956055e-05
GetData ===>> H2,-0.226429531874363,H1,8.95020218528122,AX,0.0417721751317815,L1,0.0276413117845617,L2,0.010873...
check iteration duration=5.69820404053e-05
GetData ===>> H2,-0.31068425009356,H1,8.98289302968205,AX,0.101210113526614,L1,-0.0103496566358466,L2,0.0983526...
check iteration duration=7.48634338379e-05
GetData ===>> H2,-0.273745836089851,H1,8.99412468670644,AX,-0.0989155685758124,L1,-0.052523192340596,L2,0.01319...
check iteration duration=4.10079956055e-05
GetData ===>> H2,-0.151893299771599,H1,8.92855931547569,AX,0.0168926066665943,L1,-0.0593563504035438,L2,0.08093...
testing H1>-5.0
evaluate ot="H1.bs>-5.0" t="H1>-5.0", ctx="{'H1': None}"
check iteration duration=0.00056004524231
GetData ===>> H2,-0.220289310454976,H1,9.07579710158746,AX,0.0295984948554985,L1,-0.0461834376794537,L2,0.03392...
check iteration duration=4.31537628174e-05
GetData ===>> H2,-0.138818364158991,H1,9.01318760643106,AX,0.00962952878954427,L1,-0.0103424630718649,L2,0.0086...
check iteration duration=7.20024108887e-05
GetData ===>> H2,-0.184638044763029,H1,9.00581885865546,AX,0.0994350516809197,L1,-0.0370532919303232,L2,0.05572...
check iteration duration=4.50611114502e-05
GetData ===>> H2,-0.265531994855719,H1,9.06719673558418,AX,-0.0341810924672218,L1,-0.0324084430637692,L2,0.0218...
check iteration duration=7.89165496826e-05
GetData ===>> H2,-0.232622939414806,H1,8.97978926614031,AX,-1.11959668173709E-05,L1,-0.0478303875353387,L2,-0.0...
testing H1>-5.0
evaluate ot="H1.bs>-5.0" t="H1>-5.0", ctx="{'H1': None}"
check iteration duration=0.000582933425903
GetData ===>> H2,-0.293962312527702,H1,9.08148120969654,AX,0.0462985264332393,L1,-0.0493633881861837,L2,0.01112...
check iteration duration=4.10079956055e-05
waiting for write to finish
measurement finished
estimated time: 125.829 actual time: :126.155
flush and close file /Users/jan/PychronDev/data/isotopes/3f/944660-1df7-4bde-bbde-033802ece256.h5
baselines () {'settling_time': 15.0, 'detector': 'H1', 'mass': 34.2, 'ncounts': 60}
%%%%%%%%%%%%%%%%%%%%%%%%%%%%%%%% Baseline
build tables- baseline [Detector(H2), Detector(H1), Detector(AX), Detector(L1), Detector(L2), Detector(CDD)]
add group baseline table H2
add group baseline table H1
add group baseline table AX
add group baseline table L1
add group baseline table L2
add group baseline table CDD
flush and close file /Users/jan/PychronDev/data/isotopes/3f/944660-1df7-4bde-bbde-033802ece256.h5
detector Detector(H1)
POSITION 34.2 H1
Mapping mass to dac mass func: "parabolic"
H1 map mass coeffs = [-0.00063987  0.15840543  0.57126999]
H1 map mass to dac 34.2 >> 5.24031599104
GetDeflection H1 ===>> 0
GetHighVoltage ===>> 4500
positioning 34.2 (5.24031599104) on H1
setting magnet DAC
current  : 5.879660
requested: 5.240316
Delta Dac: 0.639344
Checking detector protection. dv=0.63934
Checking detector "CDD". Protection Threshold: 0.1 (V)
ProtectDetector CDD,On ===>> OK
GetDeflection CDD ===>> 2000
Protected = 2000
SetMagnetDAC 5.24031599104 ===>> OK
Magnet settling time: 0.500
GetMagnetMoving ===>> True
GetMagnetMoving ===>> True
GetMagnetMoving ===>> True
GetMagnetMoving ===>> True
GetMagnetMoving ===>> True
GetMagnetMoving ===>> True
GetMagnetMoving ===>> True
GetMagnetMoving ===>> True
GetMagnetMoving ===>> False
ProtectDetector CDD,Off ===>> OK
GetDeflection CDD ===>> 50
Delaying 15.0s for detectors to settle
Join finished
measuring baseline. ncounts=60
"baseline" increment series count="2" fit count="1" regressing="True"
starting measurement
check iteration duration=7.00950622559e-05
GetData ===>> H2,-0.169647168033319,H1,-0.0557770259926425,AX,-0.0707734195865948,L1,-0.0477130991637168,L2,0.0...
check iteration duration=8.41617584229e-05
GetData ===>> H2,-0.101839657331518,H1,-0.0427693468494138,AX,-0.0701822080798515,L1,-0.0308084895108438,L2,-0....
check iteration duration=4.19616699219e-05
GetData ===>> H2,-0.079903177118089,H1,0.00136921053093282,AX,-0.069846027385775,L1,-0.0311570040767062,L2,0.02...
check iteration duration=6.103515625e-05
GetData ===>> H2,-0.198063927256856,H1,-0.0684254022956797,AX,-0.152924806234242,L1,-0.0274736363424337,L2,-0.0...
testing H1>-5.0
evaluate ot="H1.bs>-5.0" t="H1>-5.0", ctx="{'H1': None}"
check iteration duration=0.000591039657593
GetData ===>> H2,-0.148875163036679,H1,-0.0557531821147926,AX,-0.134396496321654,L1,-0.0679180751213183,L2,-0.0...
check iteration duration=8.60691070557e-05
GetData ===>> H2,-0.198754371916039,H1,-0.0788194780089178,AX,-0.00821260121246608,L1,-0.0319198614969381,L2,-0...
check iteration duration=3.981590271e-05
GetData ===>> H2,-0.106297586841574,H1,-0.00553729542402943,AX,-0.0648727359203525,L1,-0.0131427687096128,L2,-0...
check iteration duration=5.50746917725e-05
GetData ===>> H2,-0.128251900157074,H1,-0.0797253325406143,AX,-0.115567528949517,L1,-0.0693168246687153,L2,-0.1...
check iteration duration=4.19616699219e-05
GetData ===>> H2,-0.295780945547769,H1,-0.00746960037700788,AX,-0.0201828603884913,L1,-0.0443195212579865,L2,0....
testing H1>-5.0
evaluate ot="H1.bs>-5.0" t="H1>-5.0", ctx="{'H1': None}"
check iteration duration=0.000592947006226
GetData ===>> H2,-0.265170351619102,H1,-0.0534760656029974,AX,-0.130096556167109,L1,-0.0222607134132616,L2,0.02...
check iteration duration=8.70227813721e-05
GetData ===>> H2,-0.221608143360074,H1,-0.0259796686345347,AX,-0.0915099190477357,L1,0.0164976757821861,L2,-0.0...
check iteration duration=8.70227813721e-05
GetData ===>> H2,-0.28842004696362,H1,-0.014781009286202,AX,-0.0770099025549575,L1,-0.0183414530831351,L2,-0.09...
check iteration duration=8.10623168945e-05
GetData ===>> H2,-0.174993478595027,H1,0.0280096459843505,AX,-0.01844308857017,L1,-0.0576893260764847,L2,0.0242...
check iteration duration=8.60691070557e-05
GetData ===>> H2,-0.0721407632612354,H1,-0.0182993599368906,AX,-0.188950988315581,L1,-0.061471744453838,L2,-0.0...
testing H1>-5.0
evaluate ot="H1.bs>-5.0" t="H1>-5.0", ctx="{'H1': None}"
check iteration duration=0.000576972961426
GetData ===>> H2,-0.0750243315638931,H1,0.00594995399436655,AX,-0.0621483309727346,L1,-0.0349036754614561,L2,0....
check iteration duration=9.29832458496e-05
GetData ===>> H2,-0.139518561825335,H1,-0.0177268909673288,AX,-0.0895164397870717,L1,-0.0363823350237079,L2,-0....
check iteration duration=8.39233398438e-05
GetData ===>> H2,-0.185015725421136,H1,-0.0560869958875053,AX,-0.0823882583013852,L1,-0.0255433723086982,L2,-0....
check iteration duration=4.19616699219e-05
GetData ===>> H2,-0.238266872465295,H1,-0.0282812612820258,AX,-0.039295105925041,L1,-0.0282703163943811,L2,-0.0...
check iteration duration=4.00543212891e-05
GetData ===>> H2,-0.283088683694963,H1,-0.0983173771100131,AX,-0.0751436363652114,L1,-0.032317434571304,L2,-0.0...
testing H1>-5.0
evaluate ot="H1.bs>-5.0" t="H1>-5.0", ctx="{'H1': None}"
check iteration duration=0.000658988952637
GetData ===>> H2,-0.187032057141646,H1,-0.101558713259808,AX,-0.139150654623864,L1,0.0287463856809299,L2,0.0507...
check iteration duration=4.19616699219e-05
GetData ===>> H2,-0.163873028340047,H1,-0.0871744831371533,AX,-0.011611283748146,L1,-0.0161935448140278,L2,-0.0...
check iteration duration=7.89165496826e-05
GetData ===>> H2,-0.16006383291222,H1,-0.0694743946989316,AX,-0.122195073683342,L1,-0.0410146191318431,L2,-0.07...
check iteration duration=5.69820404053e-05
GetData ===>> H2,-0.111506236487569,H1,-0.084743141347343,AX,-0.162581781271161,L1,-0.0126573263445482,L2,0.007...
check iteration duration=8.29696655273e-05
GetData ===>> H2,-0.145046983100764,H1,-0.107695514299721,AX,-0.182773701108203,L1,-0.0415595238380363,L2,-0.01...
testing H1>-5.0
evaluate ot="H1.bs>-5.0" t="H1>-5.0", ctx="{'H1': None}"
check iteration duration=0.000647068023682
13:49:48 -- collecting point 25
GetData ===>> H2,-0.112912691183297,H1,-0.123934379484924,AX,-0.0866884107648794,L1,-0.0462827889635079,L2,-0.0...
check iteration duration=4.29153442383e-05
GetData ===>> H2,-0.159688380282213,H1,-0.0595681303047211,AX,-0.0430289777618573,L1,-0.0433832426711266,L2,0.0...
check iteration duration=4.41074371338e-05
GetData ===>> H2,-0.212076284112076,H1,-0.0114414434167152,AX,-0.0272924046718895,L1,-0.0403882416173247,L2,0.0...
check iteration duration=8.20159912109e-05
GetData ===>> H2,-0.120041102504968,H1,-0.0832533193918515,AX,-0.0219921900909647,L1,-0.053600959498436,L2,0.02...
check iteration duration=4.19616699219e-05
GetData ===>> H2,-0.192905020668005,H1,0.0114256489546662,AX,0.0300278552021045,L1,-0.0273406505177407,L2,-0.03...
testing H1>-5.0
evaluate ot="H1.bs>-5.0" t="H1>-5.0", ctx="{'H1': None}"
check iteration duration=0.000653982162476
GetData ===>> H2,-0.228729067455927,H1,0.00732183201856991,AX,-0.0277910970953181,L1,-0.00566315949590698,L2,-0...
check iteration duration=9.48905944824e-05
GetData ===>> H2,-0.328986061114981,H1,-0.0742424033959519,AX,-0.159509738345653,L1,-0.00612375128040792,L2,-0....
check iteration duration=7.5101852417e-05
GetData ===>> H2,-0.24848057397048,H1,-0.0224138843173847,AX,-0.0284057609852687,L1,-0.0171038533816189,L2,0.00...
check iteration duration=6.38961791992e-05
GetData ===>> H2,-0.262657350379181,H1,-0.0576129875254015,AX,-0.041486743716616,L1,-0.0260322637825452,L2,0.02...
check iteration duration=8.29696655273e-05
GetData ===>> H2,-0.144391713394721,H1,-0.131685443832086,AX,-0.0976523599408218,L1,-0.0742889990031916,L2,-0.0...
testing H1>-5.0
evaluate ot="H1.bs>-5.0" t="H1>-5.0", ctx="{'H1': None}"
check iteration duration=0.000550985336304
GetData ===>> H2,-0.11789682524456,H1,-0.0844809342917195,AX,-0.175309438464399,L1,-0.0826671581089844,L2,0.011...
check iteration duration=6.69956207275e-05
GetData ===>> H2,-0.148106658965314,H1,-0.0763402552493851,AX,-0.0897482417996374,L1,-0.0361079486722619,L2,-0....
check iteration duration=9.08374786377e-05
GetData ===>> H2,-0.101673161600723,H1,-0.0584713475958008,AX,0.0286701546334822,L1,0.00638955046670882,L2,-0.0...
check iteration duration=4.60147857666e-05
GetData ===>> H2,-0.109453772557026,H1,-0.00867429014299577,AX,-0.108812066778435,L1,-0.0164993888949253,L2,-0....
check iteration duration=8.29696655273e-05
GetData ===>> H2,-0.147732517745534,H1,-0.0495774264634761,AX,-0.120654093953862,L1,-0.0340883597706033,L2,-0.1...
testing H1>-5.0
evaluate ot="H1.bs>-5.0" t="H1>-5.0", ctx="{'H1': None}"
check iteration duration=0.000582218170166
GetData ===>> H2,-0.221640472367077,H1,-0.0918820603250879,AX,-0.122009693954888,L1,-0.0350438818525958,L2,-0.0...
check iteration duration=4.60147857666e-05
GetData ===>> H2,-0.287819739773283,H1,-0.0548590325949004,AX,-0.140194219248205,L1,-0.0360875790811537,L2,0.01...
check iteration duration=6.48498535156e-05
GetData ===>> H2,-0.244670536240789,H1,-0.0813582338100137,AX,-0.109739087641555,L1,-0.031322274802823,L2,0.074...
check iteration duration=7.10487365723e-05
GetData ===>> H2,-0.266061666996786,H1,-0.0713935455188828,AX,-0.0980116227812257,L1,-0.0536834918385513,L2,-0....
check iteration duration=8.79764556885e-05
GetData ===>> H2,-0.195885783725054,H1,-0.0805477459998148,AX,-0.0796527524430223,L1,-0.0398947771541945,L2,-0....
testing H1>-5.0
evaluate ot="H1.bs>-5.0" t="H1>-5.0", ctx="{'H1': None}"
check iteration duration=0.000625848770142
GetData ===>> H2,-0.243731282796439,H1,-0.102690772834157,AX,-0.124268985311775,L1,-0.0310899369202145,L2,-0.03...
check iteration duration=7.70092010498e-05
GetData ===>> H2,-0.0743248588691612,H1,-0.033027383675832,AX,-0.154397180104178,L1,-0.0383495496717682,L2,-0.0...
check iteration duration=6.91413879395e-05
GetData ===>> H2,-0.095911989786572,H1,-0.0275776712190588,AX,-0.0244277731155582,L1,-0.0308635819642934,L2,0.0...
check iteration duration=5.3882598877e-05
GetData ===>> H2,-0.0987421665495124,H1,0.0373885754916039,AX,-0.0389240300905655,L1,-0.046139148236233,L2,-0.0...
check iteration duration=7.79628753662e-05
GetData ===>> H2,-0.198442867921291,H1,-0.0991396377650443,AX,-0.118788664779141,L1,-0.0425977549788956,L2,0.02...
testing H1>-5.0
evaluate ot="H1.bs>-5.0" t="H1>-5.0", ctx="{'H1': None}"
check iteration duration=0.000662088394165
13:50:15 -- collecting point 50
GetData ===>> H2,-0.184350729252371,H1,-0.086447470460471,AX,-0.107919800854849,L1,-0.0361079486722619,L2,-0.02...
check iteration duration=8.89301300049e-05
GetData ===>> H2,-0.209681249053632,H1,-0.0260154450909987,AX,-0.163532356027872,L1,-0.0338680588179403,L2,-0.1...
check iteration duration=4.00543212891e-05
GetData ===>> H2,-0.184401987953003,H1,-0.0424593357021273,AX,0.0167765787991179,L1,-0.0403714738050793,L2,-0.0...
check iteration duration=8.58306884766e-05
GetData ===>> H2,-0.22680115129379,H1,-0.0227358834367529,AX,-0.103006397737783,L1,-0.113527950505226,L2,-0.056...
check iteration duration=8.58306884766e-05
GetData ===>> H2,-0.335347066373237,H1,-0.069963126040684,AX,-0.020391630916872,L1,-0.0631345524305998,L2,0.019...
testing H1>-5.0
evaluate ot="H1.bs>-5.0" t="H1>-5.0", ctx="{'H1': None}"
check iteration duration=0.00077486038208
GetData ===>> H2,-0.355351651661958,H1,-0.0192653938984709,AX,-0.0681998844609531,L1,0.0198164459266676,L2,-0.0...
check iteration duration=8.20159912109e-05
GetData ===>> H2,-0.34846672804923,H1,0.0119982879490667,AX,-0.051076028110312,L1,0.00270792818474876,L2,-0.024...
check iteration duration=7.9870223999e-05
GetData ===>> H2,-0.322553513605707,H1,-0.00699249151099297,AX,-0.125439161746538,L1,-0.0197071931007281,L2,-0....
check iteration duration=4.31537628174e-05
GetData ===>> H2,-0.224573944816943,H1,0.00748884454002692,AX,-0.0850425527568181,L1,-0.00954154746479082,L2,-0...
check iteration duration=8.39233398438e-05
GetData ===>> H2,-0.230225937487024,H1,-0.0677578559499235,AX,-0.0499629311181917,L1,-0.00516416128190506,L2,-0...
testing H1>-5.0
evaluate ot="H1.bs>-5.0" t="H1>-5.0", ctx="{'H1': None}"
check iteration duration=0.000648021697998
GetData ===>> H2,-0.22063957730682,H1,-0.0738728908433515,AX,-0.0431101472977385,L1,-0.0249154474161619,L2,-0.0...
check iteration duration=3.981590271e-05
waiting for write to finish
measurement finished
estimated time: 62.915 actual time: :63.127
flush and close file /Users/jan/PychronDev/data/isotopes/3f/944660-1df7-4bde-bbde-033802ece256.h5
activate_detectors ('H1', 'AX', 'CDD') {'peak_center': True}
peak_center () {'detector': 'H1', 'integration_time': 0.262144, 'isotope': 'Ar40'}
peak center: mean=9.00790499952 threshold=3
peak center started
setup peak center. detector=['H1', 'AX', 'CDD'], isotope=Ar40
VersionedUnpickler [<apptools.sweet_pickle.versioned_unpickler.VersionedUnpickler object at 0x1452f0c50>] using Updater [<apptools.sweet_pickle.updater.Updater object at 0x1330aa1d0>]
VersionedUnpickler [<apptools.sweet_pickle.versioned_unpickler.VersionedUnpickler object at 0x1452f0c50>] using Updater [<apptools.sweet_pickle.updater.Updater object at 0x1330aa1d0>]
VersionedUnpickler [<apptools.sweet_pickle.versioned_unpickler.VersionedUnpickler object at 0x146488c50>] using Updater [<apptools.sweet_pickle.updater.Updater object at 0x1330aa1d0>]
setting integration time = 0.524288
SetIntegrationTime 0.524288 ===>> OK
Mapping mass to dac mass func: "parabolic"
H1 map mass coeffs = [-0.00063987  0.15840543  0.57126999]
H1 map mass to dac 39.9624 >> 5.87966
GetDeflection H1 ===>> 0
GetHighVoltage ===>> 4500
do peak center. <pychron.spectrometer.jobs.peak_center.PeakCenter object at 0x1351f5410>
doing pc
starting peak center. center dac= 5.87966 step_width=0.001
width = 0.001
get scan parameters. half-width=0.015,window=0.015, i=0, scalar=1
Scan parameters center=5.87966 width=0.03000 (5.86466 - 5.89466)
GetData ===>> H2,-0.194805396067757,H1,-0.0347802915656502,AX,-0.0474004406923181,L1,-0.0225975378890562,L2,-0....
Moving to starting dac 5.86466
setting magnet DAC
current  : 5.240316
requested: 5.864660
Delta Dac: 0.624344
Checking detector protection. dv=0.62434
Checking detector "CDD". Protection Threshold: 0.1 (V)
ProtectDetector CDD,On ===>> OK
GetDeflection CDD ===>> 2000
Protected = 2000
SetMagnetDAC 5.86466 ===>> OK
Magnet settling time: 0.500
GetMagnetMoving ===>> True
GetMagnetMoving ===>> True
GetMagnetMoving ===>> True
GetMagnetMoving ===>> True
GetMagnetMoving ===>> True
GetMagnetMoving ===>> True
GetMagnetMoving ===>> True
GetMagnetMoving ===>> True
GetMagnetMoving ===>> True
GetMagnetMoving ===>> False
ProtectDetector CDD,Off ===>> OK
GetDeflection CDD ===>> 50
Wait until signal near baseline. tol= -0.0260852186742. timeout= 10
GetData ===>> H2,0.391210590729572,H1,0.0362310773782017,AX,-0.0563746590241642,L1,-0.0228646626327511,L2,-0.03...
GetData ===>> H2,0.491664705346671,H1,0.167689948141558,AX,-0.210453616033895,L1,-0.0859672448683933,L2,-0.0403...
GetData ===>> H2,0.211900428149883,H1,0.0235591382330426,AX,-0.228440609472881,L1,-0.0994359097605474,L2,-0.125...
GetData ===>> H2,-0.0387835247551896,H1,0.00561593436498882,AX,-0.163977601414209,L1,-0.0617277371899972,L2,0.0...
GetData ===>> H2,-0.0887718928147413,H1,0.0338683908074124,AX,-0.240476378599237,L1,-0.0136905113593779,L2,-0.0...
GetData ===>> H2,-0.152840265476382,H1,0.00315853849792731,AX,-0.0634699667287574,L1,-0.0087969265387473,L2,0.0...
GetData ===>> H2,-0.24426685522279,H1,-0.073968249052103,AX,-0.0939321731813289,L1,0.0123688695468897,L2,0.0326...
Peak center baseline intensity achieved
_do_sweep sm= 5.86466, em= 5.89466, stm= 0.001
calculated step values: start=5.86466, end=5.89466, width=0.001, nsteps=31.0
setting magnet DAC
current  : 5.864660
requested: 5.864660
Delta Dac: 0.000000
Checking detector protection. dv=0.00000
Checking detector "CDD". Protection Threshold: 0.1 (V)
SetMagnetDAC 5.86466 ===>> OK
GetData ===>> H2,-0.24426685522279,H1,-0.073968249052103,AX,-0.0939321731813289,L1,0.0123688695468897,L2,0.0326...
setting magnet DAC
current  : 5.864660
requested: 5.865694
Delta Dac: 0.001034
Checking detector protection. dv=0.00103
Checking detector "CDD". Protection Threshold: 0.1 (V)
SetMagnetDAC 5.86569448276 ===>> OK
Magnet settling time: 1.049
GetData ===>> H2,-0.135350424382795,H1,0.00568750990599405,AX,-0.159831426935558,L1,-0.0420433265507244,L2,-0.0...
setting magnet DAC
current  : 5.865694
requested: 5.866729
Delta Dac: 0.001034
Checking detector protection. dv=0.00103
Checking detector "CDD". Protection Threshold: 0.1 (V)
SetMagnetDAC 5.86672896552 ===>> OK
Magnet settling time: 1.049
GetData ===>> H2,-0.212539606908872,H1,-0.0778301801385382,AX,-0.0678289188300696,L1,0.023269049416635,L2,0.050...
setting magnet DAC
current  : 5.866729
requested: 5.867763
Delta Dac: 0.001034
Checking detector protection. dv=0.00103
Checking detector "CDD". Protection Threshold: 0.1 (V)
SetMagnetDAC 5.86776344828 ===>> OK
Magnet settling time: 1.049
GetData ===>> H2,-0.21583350013452,H1,0.271283786801546,AX,-0.0349696653541161,L1,-0.0328535063992861,L2,-0.020...
setting magnet DAC
current  : 5.867763
requested: 5.868798
Delta Dac: 0.001034
Checking detector protection. dv=0.00103
Checking detector "CDD". Protection Threshold: 0.1 (V)
SetMagnetDAC 5.86879793103 ===>> OK
Magnet settling time: 1.049
GetData ===>> H2,-0.246626839102968,H1,1.01675639207974,AX,-0.0374745015535856,L1,-0.0655443466212178,L2,-0.057...
setting magnet DAC
current  : 5.868798
requested: 5.869832
Delta Dac: 0.001034
Checking detector protection. dv=0.00103
Checking detector "CDD". Protection Threshold: 0.1 (V)
SetMagnetDAC 5.86983241379 ===>> OK
Magnet settling time: 1.049
GetData ===>> H2,-0.235119723216494,H1,2.74056394922531,AX,-0.0618700895788731,L1,-0.0785363377487705,L2,-0.070...
setting magnet DAC
current  : 5.869832
requested: 5.870867
Delta Dac: 0.001034
Checking detector protection. dv=0.00103
Checking detector "CDD". Protection Threshold: 0.1 (V)
SetMagnetDAC 5.87086689655 ===>> OK
Magnet settling time: 1.049
GetData ===>> H2,-0.204045932195151,H1,5.16130158678754,AX,0.0590154336281891,L1,0.0020776944366298,L2,-0.03442...
setting magnet DAC
current  : 5.870867
requested: 5.871901
Delta Dac: 0.001034
Checking detector protection. dv=0.00103
Checking detector "CDD". Protection Threshold: 0.1 (V)
SetMagnetDAC 5.87190137931 ===>> OK
Magnet settling time: 1.049
GetData ===>> H2,-0.214039888240888,H1,7.5449559012492,AX,0.0144444479878816,L1,0.0295980959095131,L2,-0.120512...
setting magnet DAC
current  : 5.871901
requested: 5.872936
Delta Dac: 0.001034
Checking detector protection. dv=0.00103
Checking detector "CDD". Protection Threshold: 0.1 (V)
SetMagnetDAC 5.87293586207 ===>> OK
Magnet settling time: 1.049
GetData ===>> H2,-0.112464648005708,H1,8.97425818328206,AX,0.0869411879864473,L1,-0.00463274897064966,L2,-0.063...
setting magnet DAC
current  : 5.872936
requested: 5.873970
Delta Dac: 0.001034
Checking detector protection. dv=0.00103
Checking detector "CDD". Protection Threshold: 0.1 (V)
SetMagnetDAC 5.87397034483 ===>> OK
Magnet settling time: 1.049
GetData ===>> H2,-0.206770962552807,H1,9.59626994152292,AX,0.1080820219897,L1,0.0199583913768219,L2,-0.03540634...
setting magnet DAC
current  : 5.873970
requested: 5.875005
Delta Dac: 0.001034
Checking detector protection. dv=0.00103
Checking detector "CDD". Protection Threshold: 0.1 (V)
SetMagnetDAC 5.87500482759 ===>> OK
Magnet settling time: 1.049
GetData ===>> H2,-0.172402276869894,H1,9.86921609107323,AX,0.0808918596301962,L1,-0.00109088330632049,L2,0.0353...
setting magnet DAC
current  : 5.875005
requested: 5.876039
Delta Dac: 0.001034
Checking detector protection. dv=0.00103
Checking detector "CDD". Protection Threshold: 0.1 (V)
SetMagnetDAC 5.87603931034 ===>> OK
Magnet settling time: 1.049
GetData ===>> H2,-0.17512974111654,H1,9.93283107391682,AX,-0.00722661308145424,L1,-0.0672263486423245,L2,-0.025...
setting magnet DAC
current  : 5.876039
requested: 5.877074
Delta Dac: 0.001034
Checking detector protection. dv=0.00103
Checking detector "CDD". Protection Threshold: 0.1 (V)
SetMagnetDAC 5.8770737931 ===>> OK
Magnet settling time: 1.049
GetData ===>> H2,-0.177314476020162,H1,9.95442035246399,AX,0.149588891435735,L1,-0.0408792865697595,L2,-0.00703...
setting magnet DAC
current  : 5.877074
requested: 5.878108
Delta Dac: 0.001034
Checking detector protection. dv=0.00103
Checking detector "CDD". Protection Threshold: 0.1 (V)
SetMagnetDAC 5.87810827586 ===>> OK
Magnet settling time: 1.049
GetData ===>> H2,-0.140404385141518,H1,9.93448392450935,AX,0.0528751593203319,L1,-0.0215785335001235,L2,0.12485...
setting magnet DAC
current  : 5.878108
requested: 5.879143
Delta Dac: 0.001034
Checking detector protection. dv=0.00103
Checking detector "CDD". Protection Threshold: 0.1 (V)
SetMagnetDAC 5.87914275862 ===>> OK
Magnet settling time: 1.049
GetData ===>> H2,-0.168014294662357,H1,9.91435096985438,AX,0.188909191472916,L1,-0.0140380787611801,L2,-0.08424...
setting magnet DAC
current  : 5.879143
requested: 5.880177
Delta Dac: 0.001034
Checking detector protection. dv=0.00103
Checking detector "CDD". Protection Threshold: 0.1 (V)
SetMagnetDAC 5.88017724138 ===>> OK
Magnet settling time: 1.049
GetData ===>> H2,-0.24763311321583,H1,9.97596396111604,AX,0.11313610274943,L1,-0.0183013943140431,L2,0.06467602...
setting magnet DAC
current  : 5.880177
requested: 5.881212
Delta Dac: 0.001034
Checking detector protection. dv=0.00103
Checking detector "CDD". Protection Threshold: 0.1 (V)
SetMagnetDAC 5.88121172414 ===>> OK
Magnet settling time: 1.049
GetData ===>> H2,-0.202633294102333,H1,9.9630623161133,AX,0.0535470949985162,L1,-0.0188069291290406,L2,-0.03032...
setting magnet DAC
current  : 5.881212
requested: 5.882246
Delta Dac: 0.001034
Checking detector protection. dv=0.00103
Checking detector "CDD". Protection Threshold: 0.1 (V)
SetMagnetDAC 5.8822462069 ===>> OK
Magnet settling time: 1.049
GetData ===>> H2,-0.150875203235008,H1,10.109549367976,AX,0.0049076586148148,L1,-0.00644879165354497,L2,-0.0666...
setting magnet DAC
current  : 5.882246
requested: 5.883281
Delta Dac: 0.001034
Checking detector protection. dv=0.00103
Checking detector "CDD". Protection Threshold: 0.1 (V)
SetMagnetDAC 5.88328068966 ===>> OK
Magnet settling time: 1.049
GetData ===>> H2,-0.235883176110452,H1,9.96889917483201,AX,0.0486546335894935,L1,-0.0321165907527542,L2,0.05587...
setting magnet DAC
current  : 5.883281
requested: 5.884315
Delta Dac: 0.001034
Checking detector protection. dv=0.00103
Checking detector "CDD". Protection Threshold: 0.1 (V)
SetMagnetDAC 5.88431517241 ===>> OK
Magnet settling time: 1.049
GetData ===>> H2,-0.146854300122792,H1,10.0945767000181,AX,0.0452423589743335,L1,-0.000356438139963775,L2,0.009...
setting magnet DAC
current  : 5.884315
requested: 5.885350
Delta Dac: 0.001034
Checking detector protection. dv=0.00103
Checking detector "CDD". Protection Threshold: 0.1 (V)
SetMagnetDAC 5.88534965517 ===>> OK
Magnet settling time: 1.049
GetData ===>> H2,-0.209964153630835,H1,9.87392142911265,AX,0.0283916542931024,L1,-0.031525583657587,L2,-0.02632...
setting magnet DAC
current  : 5.885350
requested: 5.886384
Delta Dac: 0.001034
Checking detector protection. dv=0.00103
Checking detector "CDD". Protection Threshold: 0.1 (V)
SetMagnetDAC 5.88638413793 ===>> OK
Magnet settling time: 1.049
GetData ===>> H2,-0.181189320692349,H1,9.01732854909067,AX,0.0371647977484608,L1,-0.0209485815851475,L2,0.06501...
setting magnet DAC
current  : 5.886384
requested: 5.887419
Delta Dac: 0.001034
Checking detector protection. dv=0.00103
Checking detector "CDD". Protection Threshold: 0.1 (V)
SetMagnetDAC 5.88741862069 ===>> OK
Magnet settling time: 1.049
GetData ===>> H2,-0.129126448976782,H1,6.32489593081418,AX,0.12755790343133,L1,-0.0358527266963934,L2,0.0094059...
setting magnet DAC
current  : 5.887419
requested: 5.888453
Delta Dac: 0.001034
Checking detector protection. dv=0.00103
Checking detector "CDD". Protection Threshold: 0.1 (V)
SetMagnetDAC 5.88845310345 ===>> OK
Magnet settling time: 1.049
GetData ===>> H2,-0.190772313184181,H1,3.5350634946514,AX,-0.00342176524773805,L1,-0.00352664965387498,L2,0.110...
setting magnet DAC
current  : 5.888453
requested: 5.889488
Delta Dac: 0.001034
Checking detector protection. dv=0.00103
Checking detector "CDD". Protection Threshold: 0.1 (V)
SetMagnetDAC 5.88948758621 ===>> OK
Magnet settling time: 1.049
GetData ===>> H2,-0.145987865159499,H1,1.54695606771729,AX,-0.0391907409896397,L1,-0.029268909096522,L2,-0.0296...
setting magnet DAC
current  : 5.889488
requested: 5.890522
Delta Dac: 0.001034
Checking detector protection. dv=0.00103
Checking detector "CDD". Protection Threshold: 0.1 (V)
SetMagnetDAC 5.89052206897 ===>> OK
Magnet settling time: 1.049
GetData ===>> H2,-0.224377526386715,H1,0.488390693075913,AX,-0.0384485871097402,L1,-0.0538629076294883,L2,-0.20...
setting magnet DAC
current  : 5.890522
requested: 5.891557
Delta Dac: 0.001034
Checking detector protection. dv=0.00103
Checking detector "CDD". Protection Threshold: 0.1 (V)
SetMagnetDAC 5.89155655172 ===>> OK
Magnet settling time: 1.049
GetData ===>> H2,-0.249309140753531,H1,0.081383921517131,AX,-0.128115452956984,L1,0.000788539106578921,L2,0.006...
setting magnet DAC
current  : 5.891557
requested: 5.892591
Delta Dac: 0.001034
Checking detector protection. dv=0.00103
Checking detector "CDD". Protection Threshold: 0.1 (V)
SetMagnetDAC 5.89259103448 ===>> OK
Magnet settling time: 1.049
GetData ===>> H2,-0.247495899300072,H1,-0.00872200033030772,AX,0.0225897450568258,L1,-0.00684458310368988,L2,-0...
setting magnet DAC
current  : 5.892591
requested: 5.893626
Delta Dac: 0.001034
Checking detector protection. dv=0.00103
Checking detector "CDD". Protection Threshold: 0.1 (V)
SetMagnetDAC 5.89362551724 ===>> OK
Magnet settling time: 1.049
GetData ===>> H2,-0.283227070428168,H1,-0.0410881210332057,AX,-0.0101961470774238,L1,-0.0314657631895974,L2,0.0...
setting magnet DAC
current  : 5.893626
requested: 5.894660
Delta Dac: 0.001034
Checking detector protection. dv=0.00103
Checking detector "CDD". Protection Threshold: 0.1 (V)
SetMagnetDAC 5.89466 ===>> OK
Magnet settling time: 1.049
GetData ===>> H2,-0.222450704580871,H1,-0.0482897691619353,AX,-0.0346449596451042,L1,-0.0261379216478792,L2,-0....
result of _do_sweep=True
result of _calculate_peak_center=([5.8718443687374755, 5.8794195190380769, 5.8869946693386783], [7.4135921865237888, 10.105603270372709, 7.4283076952178595], 5.8822752304609223, 10.105603270372709)
Failed to find a valid peak. No peak greater than 1.0. max = 0.188453641841
Failed to find a valid peak. No peak greater than 1.0. max = 0.0115446851645
new center pos Detector(H1) (Ar40) @ 5.87941951904
GetHighVoltage ===>> 4500
GetDeflection H1 ===>> 0
dac uncorrected for HV and deflection 5.87941951904
update mftable H1 Ar40 5.87941951904 message=automated run peakcenter
get initial guess parabolic
get initial guess parabolic
get initial guess parabolic
get initial guess parabolic
get initial guess parabolic
get initial guess parabolic
dump mftable to /Users/jan/PychronDev/setupfiles/spectrometer/mftables/mftable.csv
add to repo msg=modified - automated run peakcenter
sweep finished
locally archiving mftable
setting magnet DAC
current  : 5.894660
requested: 5.879420
Delta Dac: 0.015240
Checking detector protection. dv=0.01524
Checking detector "CDD". Protection Threshold: 0.1 (V)
SetMagnetDAC 5.87941951904 ===>> OK
Magnet settling time: 0.500
setting integration time = 1.048576
SetIntegrationTime 1.048576 ===>> OK
Failed to find a valid peak. No peak greater than 1.0. max = 0.188453641841
Failed to find a valid peak. No peak greater than 1.0. max = 0.0115446851645
flush and close file /Users/jan/PychronDev/data/isotopes/3f/944660-1df7-4bde-bbde-033802ece256.h5
finished measure script
executed snippet estimated_duration=226.132928, duration=265.621960163
jan_unknown120_60.py completed successfully
Measurement Finished
13:51:06 -- ******* Measurement Finished *******
Post Measurement Started jan_pump_ms.py
13:51:06 -- ******* Post Measurement Started jan_pump_ms.py *******
testing...
no interpolation path defined
executed snippet estimated_duration=0, duration=2.69412994385e-05
Pumping spectrometer
open () {'name': 'O'}
opening name=O desc=---
checking ownership. requestor=129.138.12.150
check software interlocks O
interlocks []
actuate state mode=None-script, software_lock=False
doing actuation None-script open_channel True
Open O ===>> OK
GetIndicatorState O ===>> OK
change switch state (True, True)
update switch state O True args=() kw={} ncanvase=3
13:51:06 -- OPEN   VALVE-O (Jan Ion Pump)
---------------------------------------- open O () result=[(True, True)], time=0.09 sec
action=open, ok=True, locked=[False]
executed snippet estimated_duration=0, duration=0.345633029938
jan_pump_ms.py completed successfully
setting _ms_pumptime
Post Measurement Finished
13:51:06 -- ******* Post Measurement Finished *******
$$$$$$$$$$$$$$$$$$$$ state at run end measurement
state changed from measurement to success
post measurement save measured=True aborted=False
Set filtering
setting fod for Ar40= {'filter_outliers': True, 'std_devs': 2, 'iterations': 1}
setting fod for H1= {'filter_outliers': True, 'std_devs': 2, 'iterations': 1}
setting fod for PM41= {'filter_outliers': False, 'std_devs': 2, 'iterations': 1}
setting fod for H2= {'filter_outliers': True, 'std_devs': 2, 'iterations': 1}
setting fod for Ar36= {'filter_outliers': True, 'std_devs': 2, 'iterations': 1}
setting fod for CDD= {'filter_outliers': True, 'std_devs': 10, 'iterations': 1}
setting fod for Ar37= {'filter_outliers': True, 'std_devs': 2, 'iterations': 1}
setting fod for L2= {'filter_outliers': True, 'std_devs': 2, 'iterations': 1}
setting fod for Ar38= {'filter_outliers': True, 'std_devs': 2, 'iterations': 1}
setting fod for L1= {'filter_outliers': True, 'std_devs': 2, 'iterations': 1}
setting fod for Ar39= {'filter_outliers': True, 'std_devs': 2, 'iterations': 1}
setting fod for AX= {'filter_outliers': True, 'std_devs': 2, 'iterations': 1}
persistence save...
persistence save - db
post measurement save
5197089104 connecting to database sqlite:////Users/jan/PychronDev/.appdata/local_lab.db
connected to db sqlite:////Users/jan/PychronDev/.appdata/local_lab.db
create new session 5197089104
close session 5197089104
No database instance. Not saving post measurement to isotopedb database
$$$$$$$$$$$$$$$ auto_save_detector_ic=False
massspec enabled True
create new session 5036891792
MassSpec Database Version: 16.0
close session 5036891792
saving post measurement to secondary database
saving to massspec database 129.138.12.160/massspecdata
setting labnumber to 65532
setting aliquot to 1
setting step to Z
setting uuid to 3f944660-1df7-4bde-bbde-033802ece256
setting irradpos to 65532
setting extract_device to Fusions CO2
setting tray to 
setting position to 147
setting power_requested to 1.5
setting extract_value to 1.5
setting duration to 30.0
setting duration_at_request to 30.0
setting first_stage_delay to 30.0
setting cleanup to 30.0
setting comment to REE-1004 G:2
setting irradiation to NM-289
setting level to G
setting irradiation_level to G
setting sample to REE-1004
setting material to Kspar
setting project to REE
setting mass_spectrometer to Jan
no attribute chron_dosages
no attribute production_ratios
no attribute interference_corrections
no attribute production_name
no attribute j
Reference Isotope=Ar40
Reference Detector=H1
%%%%%%%%%%%%%%%%%%%% Comment: REE-1004 G:2 %%%%%%%%%%%%%%%%%%%
adding isotope PM41 H2
add baseline dbdet= PM41. original det= H2
get baseline data PM41 H2
Get data baseline <pychron.processing.isotope.Baseline object at 0x113ed9c90> len t=60
baseline PM41. v=-0.186891736161, e=0.00911424370285
get signal data PM41 H2
Get data signal PM41 0.01+/-0.06 len t=120
adding isotope Ar40 H1
add baseline dbdet= Ar40. original det= H1
get baseline data Ar40 H1
Get data baseline <pychron.processing.isotope.Baseline object at 0x113ed9cd0> len t=60
baseline Ar40. v=-0.0491776705748, e=0.00485080223874
get signal data Ar40 H1
Get data signal Ar40 7.600+/-0.009 len t=120
adding isotope Ar39 AX
add baseline dbdet= Ar39. original det= AX
get baseline data Ar39 AX
Get data baseline <pychron.processing.isotope.Baseline object at 0x113ed9390> len t=60
baseline Ar39. v=-0.0865424698377, e=0.00659235596154
get signal data Ar39 AX
Get data signal Ar39 0.083+/-0.012 len t=120
adding isotope Ar38 L1
add baseline dbdet= Ar38. original det= L1
get baseline data Ar38 L1
Get data baseline <pychron.processing.isotope.Baseline object at 0x113ed9e90> len t=60
baseline Ar38. v=-0.0332375118846, e=0.00237166938312
get signal data Ar38 L1
Get data signal Ar38 0.017+/-0.005 len t=120
adding isotope Ar37 L2
add baseline dbdet= Ar37. original det= L2
get baseline data Ar37 L2
Get data baseline <pychron.processing.isotope.Baseline object at 0x113ed9510> len t=60
baseline Ar37. v=-0.022052183231, e=0.00513008078038
get signal data Ar37 L2
Get data signal Ar37 0.050+/-0.011 len t=120
adding isotope Ar36 CDD
add baseline dbdet= Ar36. original det= CDD
get baseline data Ar36 CDD
Get data baseline <pychron.processing.isotope.Baseline object at 0x13f315b50> len t=60
baseline Ar36. v=1.73676313069e-05, e=6.22162025723e-06
get signal data Ar36 CDD
Get data signal Ar36 0.00546+/-0.00023 len t=120
65532-01Z added analysis time 0.516660928726s
analysis added to mass spec database
mass spec save time= 0.524
persistence save - dvc
================= post measurement started
create new session 4996307664
close session 4996307664
---------------- Experiment Queue saving disabled
DVC saving peakcenter
Failed to find a valid peak. No peak greater than 1.0. max = 0.188453641841
Failed to find a valid peak. No peak greater than 1.0. max = 0.0115446851645
Smart pull ahead: 0 behind: 0
Up-to-date with origin
add to repo msg=modified - ad8224ebc6dbfeb9f5997218dfa5fe690569839d.json
add to repo msg=modified - 32-01Z.json
add to repo msg=modified - 32-01Z.dat.json
add to repo msg=modified - 32-01Z.blan.json
add to repo msg=modified - 32-01Z.inte.json
add to repo msg=modified - 32-01Z.icfa.json
add to repo msg=modified - 32-01Z.base.json
not at valid file /Users/jan/PychronDev/data/.dvc/repositories/REEFenite/655/tags/32-01Z.tags.json
add to repo msg=modified - 32-01Z.peak.json
add to repo msg=modified - 32-01Z.extr.json
not at valid file /Users/jan/PychronDev/data/.dvc/repositories/REEFenite/655/monitor/32-01Z.moni.json
commit message=<COLLECTION>
add to repo msg=modified - 32-01Z.inte.json
add to repo msg=modified - 32-01Z.base.json
commit message=<ISOEVO> default collection fits
add to repo msg=modified - 32-01Z.blan.json
commit message=<BLANKS> preceding 
add to repo msg=modified - 32-01Z.icfa.json
commit message=<ICFactor> default
push repository <pychron.git_archive.repo_manager.GitRepoManager object at 0x145999890>
pushing to remote=origin, url=https://github.com
no changes to meta repo
create new session 4996307664
add association REEFenite
get identifier "65532"
setting analysis irradiation position=<pychron.dvc.dvc_orm.IrradiationPositionTbl object at 0x1447b8e50>
close session 4996307664
================= post measurement finished
13:51:23 -- ******* Post Run Check *******
loading queue conditionals post_run_actions
loading system conditionals post_run_actions
loading conditionals from /Users/jan/PychronDev/setupfiles/spectrometer/default_conditionals.yaml
loading queue conditionals post_run_terminations
loading system conditionals post_run_terminations
loading conditionals from /Users/jan/PychronDev/setupfiles/spectrometer/default_conditionals.yaml
Checking default post run terminations n=1
GetDeflection CDD ===>> 50
testing CDD==2000
evaluate ot="CDD.deflection==2000" t="CDD==2000", ctx="{'CDD': 50.0}"
13:51:23 -- ******* Post Run Check Passed *******
13:51:23 -- Automated run 65532-01Z success duration: 360.890 s
----------------- finish -----------------
----------------- stop -----------------
retroactive repository identifiers disabled
finish run. runs completed=26
update duration runid=65532-01Z, duration=360.890377045, md5=3be28e4d
loading script "jan_unknown120_60.py"
loading script "jan_pump_ms.py"
loading script "jan_co2.py"
loading script "jan_pump_extraction_line.py"
testing...
no interpolation path defined
executed snippet estimated_duration=213.652928, duration=0.000195026397705
script duration name:unknown120_60 seconds:214.0
loading script "jan_unknown120_60.py"
loading script "jan_pump_ms.py"
loading script "jan_co2.py"
loading script "jan_pump_extraction_line.py"
testing...
no interpolation path defined
executed snippet estimated_duration=0, duration=2.8133392334e-05
loading script "jan_unknown120_60.py"
loading script "jan_pump_ms.py"
loading script "jan_co2.py"
loading script "jan_pump_extraction_line.py"
testing...
no interpolation path defined
calculate duration
testing...
no interpolation path defined
executed snippet estimated_duration=0, duration=8.39233398438e-05
calculate duration
testing...
no interpolation path defined
executed snippet estimated_duration=0, duration=0.000105857849121
executed snippet estimated_duration=0.0, duration=0.00344085693359
script duration name:co2 seconds:0.0
loading script "jan_unknown120_60.py"
loading script "jan_pump_ms.py"
loading script "jan_co2.py"
loading script "jan_pump_extraction_line.py"
testing...
no interpolation path defined
calculate duration
testing...
no interpolation path defined
executed snippet estimated_duration=4.0, duration=0.000144958496094
executed snippet estimated_duration=4.0, duration=0.00144100189209
Script duration 214.0
Run total estimated duration= 215.000
loading script "jan_unknown400_120.py"
loading script "jan_pump_ms.py"
loading script "jan_sniffair_x1.py"
loading script "jan_pump_extraction_line.py"
testing...
no interpolation path defined
executed snippet estimated_duration=556.052928, duration=0.000181198120117
script duration name:unknown400_120 seconds:556.0
pump_ms in script context. using previous estimated duration
loading script "jan_unknown400_120.py"
loading script "jan_pump_ms.py"
loading script "jan_sniffair_x1.py"
loading script "jan_pump_extraction_line.py"
testing...
no interpolation path defined
calculate duration
testing...
no interpolation path defined
executed snippet estimated_duration=0, duration=5.00679016113e-05
calculate duration
testing...
no interpolation path defined
executed snippet estimated_duration=0, duration=0.000111103057861
calculate duration
testing...
no interpolation path defined
executed snippet estimated_duration=32.0, duration=9.70363616943e-05
calculate duration
testing...
no interpolation path defined
executed snippet estimated_duration=34.0, duration=0.000188112258911
calculate duration
testing...
no interpolation path defined
executed snippet estimated_duration=4.0, duration=6.98566436768e-05
calculate duration
testing...
no interpolation path defined
executed snippet estimated_duration=70.0, duration=0.000100135803223
executed snippet estimated_duration=140.0, duration=0.0132150650024
script duration name:sniffair_x1 seconds:140.0
pump_extraction_line in script context. using previous estimated duration
Script duration 696.0
Run total estimated duration= 697.000
unknown400_120 in script context. using previous estimated duration
script duration name:unknown400_120 seconds:556.0
sniffair_x1 in script context. using previous estimated duration
script duration name:sniffair_x1 seconds:140.0
Script duration 696.0
Run total estimated duration= 697.000
script duration name:unknown400_120 seconds:556.0
script duration name:sniffair_x1 seconds:140.0
Script duration 696.0
Run total estimated duration= 697.000
script duration name:unknown400_120 seconds:556.0
loading script "jan_unknown400_120.py"
loading script "jan_pump_ms.py"
loading script "jan_cocktail_x1.py"
loading script "jan_pump_extraction_line.py"
testing...
no interpolation path defined
calculate duration
testing...
no interpolation path defined
executed snippet estimated_duration=0, duration=4.91142272949e-05
calculate duration
testing...
no interpolation path defined
executed snippet estimated_duration=0, duration=8.98838043213e-05
calculate duration
testing...
no interpolation path defined
executed snippet estimated_duration=32.0, duration=9.29832458496e-05
calculate duration
testing...
no interpolation path defined
executed snippet estimated_duration=34.0, duration=9.89437103271e-05
calculate duration
testing...
no interpolation path defined
executed snippet estimated_duration=4.0, duration=6.69956207275e-05
calculate duration
testing...
no interpolation path defined
executed snippet estimated_duration=38.0, duration=9.89437103271e-05
executed snippet estimated_duration=108.0, duration=0.00649619102478
script duration name:cocktail_x1 seconds:108.0
Script duration 664.0
Run total estimated duration= 665.000
script duration name:unknown400_120 seconds:556.0
cocktail_x1 in script context. using previous estimated duration
script duration name:cocktail_x1 seconds:108.0
Script duration 664.0
Run total estimated duration= 665.000
script duration name:unknown400_120 seconds:556.0
script duration name:cocktail_x1 seconds:108.0
Script duration 664.0
Run total estimated duration= 665.000
nruns=7 before=5.0, run_dur=4301.0, btw=180.0
write rem/ex queues
/Users/jan/PychronDev/experiments/rem/Load1796.rem.txt
/Users/jan/PychronDev/experiments/rem/Load1796.ex.txt
doing event level: 3
