do run
loading script "jan_unknown120_60.py"
loading script "jan_pump_ms.py"
loading script "jan_co2.py"
loading script "jan_pump_extraction_line.py"
testing...
no interpolation path defined
executed snippet estimated_duration=213.652928, duration=0.000178098678589
script duration name:unknown120_60 seconds:214.0
loading script "jan_unknown120_60.py"
loading script "jan_pump_ms.py"
loading script "jan_co2.py"
loading script "jan_pump_extraction_line.py"
testing...
no interpolation path defined
executed snippet estimated_duration=0, duration=5.00679016113e-05
loading script "jan_unknown120_60.py"
loading script "jan_pump_ms.py"
loading script "jan_co2.py"
loading script "jan_pump_extraction_line.py"
testing...
no interpolation path defined
calculate duration
testing...
no interpolation path defined
executed snippet estimated_duration=0, duration=4.2200088501e-05
calculate duration
testing...
no interpolation path defined
executed snippet estimated_duration=0, duration=6.98566436768e-05
executed snippet estimated_duration=0.0, duration=0.00157809257507
script duration name:co2 seconds:0.0
loading script "jan_unknown120_60.py"
loading script "jan_pump_ms.py"
loading script "jan_co2.py"
loading script "jan_pump_extraction_line.py"
testing...
no interpolation path defined
calculate duration
testing...
no interpolation path defined
executed snippet estimated_duration=4.0, duration=0.000110864639282
executed snippet estimated_duration=4.0, duration=0.000873804092407
Script duration 214.0
Run total estimated duration= 215.000
run duration: 0:03:35
doing event level: 2
12:10:57 -- Setting default integration. t=1.048576
setting integration time = 1.048576
SetIntegrationTime 1.048576 ===>> OK
----------------- start -----------------
**************** Experiment Type: Ar/Ar, Ar/Ar
create new session 4437218224
close session 4437218224
$$$$$ Clearing conditionals
adding conditionals 
Add queue conditionals
add default conditionals
adding default conditionals from /Users/jan/PychronDev/setupfiles/spectrometer/default_conditionals.yaml
Start automated run 65532-01L
loading script "jan_unknown120_60.py"
loading script "jan_pump_ms.py"
loading script "jan_co2.py"
loading script "jan_pump_extraction_line.py"
%%%%%%%%%%%%%%%%%% setting automated run 65532-01L
No value "sensitivity_multiplier" in metadata
$$$$$$$$$$$$$$$ auto_save_detector_ic=False
============================= Pre Extraction Check =============================
loading queue conditionals pre_run_terminations
loading system conditionals pre_run_terminations
loading conditionals from /Users/jan/PychronDev/setupfiles/spectrometer/default_conditionals.yaml
12:10:57 -- ******* Pre Extraction Check *******
Get a measurement from the spectrometer
GetData ===>> H2,-0.333122597938586,H1,0.238721933766439,AX,0.0381280349427308,L1,-0.0195129551711618,L2,0.1251...
Pre Extraction Termination data. keys=H2,H1,AX,L1,L2,CDD, signals=-0.33312,0.23872,0.03813,-0.01951,0.12514,0.00313
12:10:57 -- testing system defined conditionals
Checking default pre extraction terminations n=2
testing CDD
evaluate ot="CDD.inactive" t="CDD", ctx="{'CDD': False}"
GetDeflection CDD ===>> 50
testing CDD==2000
evaluate ot="CDD.deflection==2000" t="CDD==2000", ctx="{'CDD': 50.0}"
12:10:57 -- ******* Pre Extraction Check Passed *******
=================================================================================
12:10:57 -- stopping status monitor
stop 5036684688
Status monitor stopped
Status monitor finished
12:10:59 -- starting status monitor
start 5036684688
StatusMonitor period=1. Frequencies(state=2, checksum=3, lock=5, owner=5)
start extraction
do extraction
Analysis started at 12:11:00.641576
Extraction Started jan_co2.py
12:11:00 -- ******* Extraction Started jan_co2.py *******
state changed from not run to extraction
DO EXTRACTION <pychron.extraction_line.pyscript_runner.RemotePyScriptRunner object at 0x12cc61230>
testing...
no interpolation path defined
calculate duration
testing...
no interpolation path defined
executed snippet estimated_duration=0, duration=5.81741333008e-05
calculate duration
testing...
no interpolation path defined
executed snippet estimated_duration=0, duration=7.41481781006e-05
executed snippet estimated_duration=100.0, duration=0.00323104858398
Jan CO2 laser analysis
doing GOSUB
testing...
no interpolation path defined
executed snippet estimated_duration=0, duration=7.39097595215e-05
Waiting for CO2 access
wait ('FelixCO2Flag', 0) {}
waiting for FelixCO2Flag = 0
Read FelixCO2Flag ===>> 0
finished waiting
CO2 free
wait ('CO2PumpTimeFlag', 0) {}
waiting for CO2PumpTimeFlag = 0
Read CO2PumpTimeFlag ===>> 0
finished waiting
acquire ('JanCO2Flag',) {'clear': True}
acquire JanCO2Flag
Set JanCO2Flag 1 ===>> OK
JanCO2Flag acquired
set extraction state False (0.75, 'red', 1.5)
CO2 acquired
executed snippet estimated_duration=0, duration=0.0177381038666
WaitForCO2Access.py completed successfully
gosub finished
doing GOSUB
testing...
no interpolation path defined
executed snippet estimated_duration=0, duration=9.70363616943e-05
Prepare for CO2 analysis
close () {'description': 'Jan Inlet'}
closing name=--- desc=Jan Inlet
checking ownership. requestor=129.138.12.150
check software interlocks R
interlocks []
actuate state mode=None-script, software_lock=False
doing actuation None-script close_channel False
Close R ===>> OK
GetIndicatorState R ===>> False
change switch state (True, True)
update switch state R False args=() kw={} ncanvase=3
12:11:01 -- CLOSE  VALVE-R (Jan Inlet)
---------------------------------------- close None (Jan Inlet) result=[(True, True)]
action=close, ok=True, locked=[False]
open () {'description': 'Jan Ion Pump'}
opening name=--- desc=Jan Ion Pump
checking ownership. requestor=129.138.12.150
check software interlocks O
interlocks []
actuate state mode=None-script, software_lock=False
doing actuation None-script open_channel False
Open O ===>> OK
GetIndicatorState O ===>> OK
change switch state (True, True)
update switch state O True args=() kw={} ncanvase=3
12:11:01 -- OPEN   VALVE-O (Jan Ion Pump)
---------------------------------------- open None (Jan Ion Pump) result=[(True, True)], time=0.13 sec
action=open, ok=True, locked=[False]
close () {'description': 'Microbone to Minibone'}
closing name=--- desc=Microbone to Minibone
checking ownership. requestor=129.138.12.150
check software interlocks L
interlocks []
actuate state mode=None-script, software_lock=False
doing actuation None-script close_channel False
Close L ===>> OK
GetIndicatorState L ===>> False
change switch state (True, True)
update switch state L False args=() kw={} ncanvase=3
12:11:02 -- CLOSE  VALVE-L (Microbone to Minibone)
---------------------------------------- close None (Microbone to Minibone) result=[(True, True)]
action=close, ok=True, locked=[False]
open () {'description': 'Microbone to Turbo'}
opening name=--- desc=Microbone to Turbo
checking ownership. requestor=129.138.12.150
check software interlocks U
interlocks []
actuate state mode=None-script, software_lock=False
doing actuation None-script open_channel False
Open U ===>> OK
GetIndicatorState U ===>> OK
change switch state (True, True)
update switch state U True args=() kw={} ncanvase=3
12:11:02 -- OPEN   VALVE-U (Microbone to Turbo)
---------------------------------------- open None (Microbone to Turbo) result=[(True, True)], time=0.13 sec
action=open, ok=True, locked=[False]
open () {'description': 'Microbone to Inlet Pipette'}
opening name=--- desc=Microbone to Inlet Pipette
checking ownership. requestor=129.138.12.150
check software interlocks S
interlocks []
actuate state mode=None-script, software_lock=False
doing actuation None-script open_channel False
Open S ===>> OK
GetIndicatorState S ===>> OK
change switch state (True, True)
update switch state S True args=() kw={} ncanvase=3
12:11:03 -- OPEN   VALVE-S (Microbone to Inlet Pipette)
---------------------------------------- open None (Microbone to Inlet Pipette) result=[(True, True)], time=0.41 sec
action=open, ok=True, locked=[False]
open () {'description': 'Microbone to Getter D-50'}
opening name=--- desc=Microbone to Getter D-50
checking ownership. requestor=129.138.12.150
check software interlocks K
interlocks []
actuate state mode=None-script, software_lock=False
doing actuation None-script open_channel False
Open K ===>> OK
GetIndicatorState K ===>> OK
change switch state (True, True)
update switch state K True args=() kw={} ncanvase=3
12:11:03 -- OPEN   VALVE-K (Microbone to Getter D-50)
---------------------------------------- open None (Microbone to Getter D-50) result=[(True, True)], time=0.40 sec
action=open, ok=True, locked=[False]
open () {'description': 'Microbone to Getter NP-10'}
opening name=--- desc=Microbone to Getter NP-10
checking ownership. requestor=129.138.12.150
check software interlocks M
interlocks []
actuate state mode=None-script, software_lock=False
doing actuation None-script open_channel False
Open M ===>> OK
GetIndicatorState M ===>> OK
change switch state (True, True)
update switch state M True args=() kw={} ncanvase=3
12:11:04 -- OPEN   VALVE-M (Microbone to Getter NP-10)
---------------------------------------- open None (Microbone to Getter NP-10) result=[(True, True)], time=0.13 sec
action=open, ok=True, locked=[False]
close () {'description': 'CO2 Laser to Felix'}
closing name=--- desc=CO2 Laser to Felix
checking ownership. requestor=129.138.12.150
check software interlocks F
interlocks []
actuate state mode=None-script, software_lock=True
VALVE-F(CO2 Laser to Felix) software locked
change switch state (True, False)
---------------------------------------- close None (CO2 Laser to Felix) result=[(True, False)]
action=close, ok=True, locked=[True]
open () {'description': 'CO2 Laser to Jan'}
opening name=--- desc=CO2 Laser to Jan
checking ownership. requestor=129.138.12.150
check software interlocks A
interlocks []
actuate state mode=None-script, software_lock=False
doing actuation None-script open_channel False
Open A ===>> OK
GetIndicatorState A ===>> OK
change switch state (True, True)
update switch state A True args=() kw={} ncanvase=3
12:11:04 -- OPEN   VALVE-A (CO2 Laser to Jan)
---------------------------------------- open None (CO2 Laser to Jan) result=[(True, True)], time=0.12 sec
action=open, ok=True, locked=[False]
open () {'description': 'Microbone to CO2 Laser'}
opening name=--- desc=Microbone to CO2 Laser
checking ownership. requestor=129.138.12.150
check software interlocks T
interlocks []
actuate state mode=None-script, software_lock=False
doing actuation None-script open_channel False
Open T ===>> OK
GetIndicatorState T ===>> OK
change switch state (True, True)
update switch state T True args=() kw={} ncanvase=3
12:11:05 -- OPEN   VALVE-T (Microbone to CO2 Laser)
---------------------------------------- open None (Microbone to CO2 Laser) result=[(True, True)], time=0.43 sec
action=open, ok=True, locked=[False]
executed snippet estimated_duration=0, duration=4.88609004021
PrepareForCO2Analysis.py completed successfully
gosub finished
set_motor ('beam', '1.5') {}
setting motor "beam" to 1.5
set motor beam to 1.5
SetMotor beam,1.5 ===>> OK
GetMotorMoving beam ===>> False
GetMotorMoving beam ===>> False
Block completed
move_to_position ('147',) {'autocenter': True}
FusionsCO2 move to position 147
sending GoToHole 147,True
GoToHole 147,True ===>> OK
GetDriveMoving ===>> False
GetDriveMoving ===>> False
Block completed
GetAutoCorrecting ===>> False
GetAutoCorrecting ===>> False
Block completed
update position
GetPosition ===>> 3.98780,-3.98780,1.00000
got position (3.9878, -3.9878, 1.0)
move to position succeeded
sleep (5,) {}
SLEEP 5.0
block started
WaitControl setup for 5.0  
Join finished
block finished. duration 5.04760694504
close () {'description': 'Microbone to Turbo'}
closing name=--- desc=Microbone to Turbo
checking ownership. requestor=129.138.12.150
check software interlocks U
interlocks []
actuate state mode=None-script, software_lock=False
doing actuation None-script close_channel True
Close U ===>> OK
GetIndicatorState U ===>> False
change switch state (True, True)
update switch state U False args=() kw={} ncanvase=3
12:11:13 -- CLOSE  VALVE-U (Microbone to Turbo)
---------------------------------------- close None (Microbone to Turbo) result=[(True, True)]
action=close, ok=True, locked=[False]
enable laser
enable () {}
set extraction state FusionsCO2 Enabled (False, 'red', 1.5)
enabling laser
Enable ===>> OK
begin interval
BEGIN INTERVAL Interval 1 waiting for 30.0
block started
set extract to 0.475
WaitControl setup for 30.0  
extract (0.475,) {}
GetPosition ===>> 3.98780,-3.98780,1.00000
set extraction state FusionsCO2 ON! 0.475(watts) (0.75, 'red', 1.5)
extract sample to 0.475 (watts)
set laser output
SetLaserOutput 0.475,watts ===>> OK
COMPLETE INTERVAL waiting for Interval 1 to complete
State checksums do not match. Local:1401749253 Remote:-885652682
State checksum failed
set states for children of V. state=False
handle state [('V', False)]
update switch state V False args=() kw={'refresh': False} ncanvase=3
refresh_canvas_needed fired
set states for children of H. state=True
handle state [('H', True)]
update switch state H True args=() kw={'refresh': False} ncanvase=3
refresh_canvas_needed fired
Join finished
block finished. duration 30.0980417728
Interval 1 finished
end_extract () {}
ending extraction. set laser power to 0
set laser power 0
SetLaserPower 0 ===>> OK
disable () {}
%%%%%%%%%%%%%%%%%%%%%%%%%%%%%%%%%%% disable
set extraction state False (0.75, 'red', 1.5)
disabling laser
Disable ===>> OK
sleep (30.0,) {}
SLEEP 30.0
block started
WaitControl setup for 30.0  
set states for children of H. state=False
handle state [('H', False)]
update switch state H False args=() kw={'refresh': False} ncanvase=3
refresh_canvas_needed fired
set states for children of C. state=True
set states for children of B. state=True
handle state [('C', True), ('B', True)]
update switch state C True args=() kw={'refresh': True} ncanvase=3
update switch state B True args=() kw={'refresh': False} ncanvase=3
refresh_canvas_needed fired
Join finished
block finished. duration 30.0747671127
executed snippet estimated_duration=195.0, duration=74.0835011005
jan_co2.py completed successfully
GetAchievedOutput ===>> No Response
Requested Output= 0.000
Achieved Output=  0.000
GetResponseBlob ===>> No Response
GetOutputBlob ===>> No Response
persistence save...
persistence save - db
AutomatedRunPersister post_extraction_save deprecated
persistence save - dvc
no extraction position for 147
create new session 4996307664
close session 4996307664
Extraction Finished
12:12:14 -- ******* Extraction Finished *******
no overlap. not waiting for min ms pumptime
12:12:14 -- Sending spectrometer configuration
======== Sending configuration ========
SetDeflection CDD,50.0 ===>> OK
SetDeflection H2,0.0 ===>> OK
SetDeflection H1,0.0 ===>> OK
SetDeflection L2,825.0 ===>> OK
SetDeflection L1,400.0 ===>> OK
SetDeflection AX,190.0 ===>> OK
SetZFocus 74.64 ===>> OK
SetZSymmetry -50.72 ===>> OK
SetExtractionLens 26.13 ===>> OK
SetIonRepeller -3.81 ===>> OK
SetElectronEnergy 75.08 ===>> OK
SetYSymmetry -2.81 ===>> OK
SetIonCounterVoltage 1590.0 ===>> OK
send trap current 200.0
GetParameter Trap Current Readback ===>> 198.258926936459
SetParameter Trap Current Set,200.0 ===>> OK
updating mftable name mftable
Using mftable located at /Users/jan/PychronDev/setupfiles/spectrometer/mftables/mftable.csv
============ MFtable ===========
Isotope  H2     H1     AX     L1     L2     CDD    
Ar40     5.8273 5.8808 5.9940 6.1672 6.2324 6.3955
Ar39     5.7265 5.7731 5.8864 6.0533 6.1175 6.2820
Ar36     5.4041 5.4421 5.5498 5.7122 5.7725 5.9330
================================
get initial guess parabolic
get initial guess parabolic
get initial guess parabolic
get initial guess parabolic
get initial guess parabolic
get initial guess parabolic
======== Configuration Finished ========
GetYSymmetry ===>> -2.81
GetZSymmetry ===>> -50.72
GetParameter Trap Current Readback ===>> 198.706464017579
GetHighVoltage ===>> 4500
start measurement
do measurement
L#=65532 analysis type=unknown
Measurement Started jan_unknown120_60.py
12:12:14 -- ******* Measurement Started jan_unknown120_60.py *******
state changed from extraction to measurement
setting spec, defl, and gains
GetExtractionLens ===>> 26.13
GetYSymmetry ===>> -2.81
GetZSymmetry ===>> -50.72
GetZFocus ===>> 74.64
GetDeflection H2 ===>> 0
GetDeflection H1 ===>> 0
GetDeflection AX ===>> 190
GetDeflection L1 ===>> 400
GetDeflection L2 ===>> 825
GetDeflection CDD ===>> 50
GetGain H2 ===>> 0.0113
GetGain H1 ===>> 0.1
GetGain AX ===>> 0.097049
GetGain L1 ===>> 0.010355
GetGain L2 ===>> 0.095649
GetGain CDD ===>> 0
pre measurement save
New frame /Users/jan/PychronDev/data/isotopes/55/358ef9-0f27-4ba4-9c0f-7c971b493071.h5
flush and close file /Users/jan/PychronDev/data/isotopes/55/358ef9-0f27-4ba4-9c0f-7c971b493071.h5
testing...
no interpolation path defined
executed snippet estimated_duration=226.132928, duration=0.0001220703125
unknown measurement script
activate_detectors ('H2', 'H1', 'AX', 'L1', 'L2', 'CDD') {}
activate detectors
*************** Set Analysis View Ar/Ar
create graphs
clearing graphs
clear isotope group
setting isotope det=H2, iso=PM41
setting isotope det=H1, iso=Ar40
setting isotope det=AX, iso=Ar39
setting isotope det=L1, iso=Ar38
setting isotope det=L2, iso=Ar37
setting isotope det=CDD, iso=Ar36
setting previous blanks
 - setting Ar40 blank 0.545+/-0.007
 - setting Ar36 blank 0.00544+/-0.00018
 - setting Ar37 blank 0.053+/-0.005
 - setting Ar38 blank 0.0076+/-0.0021
 - setting PM41 blank 0.05+/-0.07
 - setting Ar39 blank 0.021+/-0.009
load analysis view
position_magnet ('Ar40',) {'detector': 'H1'}
detector Detector(H1)
POSITION Ar40 H1
setting detector H2 to PM41 (40.9624)
setting detector H1 to Ar40 (39.9624)
setting detector AX to Ar39 (38.9624)
setting detector L1 to Ar38 (37.9624)
setting detector L2 to Ar37 (36.9624)
setting detector CDD to Ar36 (35.9624)
Mapping mass to dac mass func: "parabolic"
H1 map mass coeffs = [-0.00063987  0.15840543  0.57240999]
H1 map mass to dac 39.9624 >> 5.8808
GetDeflection H1 ===>> 0
GetHighVoltage ===>> 4500
positioning Ar40 (5.8808) on H1
setting magnet DAC
current  : 5.880803
requested: 5.880800
Delta Dac: 0.000003
Checking detector protection. dv=0.00000
Checking detector "CDD". Protection Threshold: 0.1 (V)
SetMagnetDAC 5.8808 ===>> OK
Magnet settling time: 0.500
update labels <pychron.experiment.plot_panel.PlotPanel object at 0x1404ce110>
update labels "<pychron.graph.stacked_regression_graph.StackedRegressionGraph object at 0x133f35d70>"
setting label 0 H2 PM41
setting label 1 H1 Ar40
setting label 2 AX Ar39
setting label 3 L1 Ar38
setting label 4 L2 Ar37
setting label 5 CDD Ar36
update labels "<pychron.graph.stacked_graph.StackedGraph object at 0x1322fdad0>"
setting label 0 H2 PM41
setting label 1 H1 Ar40
setting label 2 AX Ar39
setting label 3 L1 Ar38
setting label 4 L2 Ar37
setting label 5 CDD Ar36
equilibrate () {'delay': 3, 'inlet': 'R', 'outlet': 'O', 'eqtime': 12.0}
Equilibration Started
12:12:16 -- ******* Equilibration Started *******
checking ownership. requestor=129.138.12.150
check software interlocks O
interlocks []
actuate state mode=None-script, software_lock=False
doing actuation None-script close_channel True
Close O ===>> OK
GetIndicatorState O ===>> False
change switch state (True, True)
update switch state O False args=() kw={} ncanvase=3
12:12:16 -- CLOSE  VALVE-O (Jan Ion Pump)
waiting 3s before opening inlet value ('R',)
checking ownership. requestor=129.138.12.150
check software interlocks R
interlocks []
actuate state mode=None-script, software_lock=False
doing actuation None-script open_channel True
Open R ===>> OK
GetIndicatorState R ===>> OK
change switch state (True, True)
update switch state R True args=() kw={} ncanvase=3
12:12:19 -- OPEN   VALVE-R (Jan Inlet)
set_time_zero () {}
equilibrating for 12.0sec
sniff (12.0,) {}
py_sniff
build tables- sniff [Detector(H2), Detector(H1), Detector(AX), Detector(L1), Detector(L2), Detector(CDD)]
add group /sniff/PM41 (Group) '' table H2
add group /sniff/Ar40 (Group) '' table H1
add group /sniff/Ar39 (Group) '' table AX
add group /sniff/Ar38 (Group) '' table L1
add group /sniff/Ar37 (Group) '' table L2
add group /sniff/Ar36 (Group) '' table CDD
flush and close file /Users/jan/PychronDev/data/isotopes/55/358ef9-0f27-4ba4-9c0f-7c971b493071.h5
measuring sniff. ncounts=12.0
"sniff" increment series count="1" fit count="0" regressing="False"
starting measurement
check iteration duration=2.09808349609e-05
GetData ===>> H2,-0.0813068127411363,H1,0.179667993673571,AX,-0.0365815812289445,L1,-0.0275586984252431,L2,-0.0...
check iteration duration=5.60283660889e-05
GetData ===>> H2,0.699262356167622,H1,460.226655071535,AX,3.60944377289216,L1,0.061850243216057,L2,0.1645666346...
check iteration duration=1.50203704834e-05
GetData ===>> H2,0.965333799934779,H1,1249.12788110896,AX,7.29405838949682,L1,0.205594790455212,L2,0.1646578857...
check iteration duration=5.19752502441e-05
GetData ===>> H2,0.371925451543933,H1,1521.87302479366,AX,8.05516611331546,L1,0.227718781034284,L2,0.0418840999...
check iteration duration=2.09808349609e-05
GetData ===>> H2,0.233773083136103,H1,1614.40043839175,AX,8.13274513418193,L1,0.209599101607365,L2,0.1113820308...
check iteration duration=1.8835067749e-05
GetData ===>> H2,0.118197978429224,H1,1649.91780792034,AX,8.35265974104079,L1,0.193138463501519,L2,0.0356812692...
check iteration duration=1.78813934326e-05
GetData ===>> H2,0.0414423899684481,H1,1665.13492942172,AX,8.37417582215315,L1,0.140150150589461,L2,0.052306673...
check iteration duration=5.48362731934e-05
GetData ===>> H2,0.00624812008756541,H1,1671.73459386148,AX,8.22489158859635,L1,0.151801190968651,L2,0.05869305...
check iteration duration=2.50339508057e-05
GetData ===>> H2,-0.0677686010220084,H1,1674.48123570608,AX,8.30861319619232,L1,0.1479590205555,L2,-0.011841415...
check iteration duration=1.8835067749e-05
GetData ===>> H2,-0.0308597022025639,H1,1675.18971780348,AX,8.31317301983684,L1,0.0977787102531637,L2,0.0261953...
check iteration duration=4.60147857666e-05
GetData ===>> H2,0.0702934922493341,H1,1675.26986433992,AX,8.2542255813059,L1,0.113136465757032,L2,-0.008217345...
check iteration duration=4.10079956055e-05
GetData ===>> H2,0.0539794757779551,H1,1674.93361393825,AX,8.28084744579028,L1,0.117453336079077,L2,0.124892042...
Equilibration Finished
12:12:31 -- ******* Equilibration Finished *******
checking ownership. requestor=129.138.12.150
check software interlocks R
interlocks []
actuate state mode=None-script, software_lock=False
doing actuation None-script close_channel True
Close R ===>> OK
set states for children of R. state=False
handle state [('R', False)]
update switch state R False args=() kw={'refresh': False} ncanvase=3
refresh_canvas_needed fired
GetIndicatorState R ===>> False
change switch state (True, True)
update switch state R False args=() kw={} ncanvase=3
12:12:32 -- CLOSE  VALVE-R (Jan Inlet)
Post Equilibration Started jan_pump_extraction_line.py
12:12:32 -- ******* Post Equilibration Started jan_pump_extraction_line.py *******
testing...
no interpolation path defined
calculate duration
testing...
no interpolation path defined
executed snippet estimated_duration=4.0, duration=0.000193119049072
executed snippet estimated_duration=4.0, duration=0.0229969024658
Pump after analysis
doing GOSUB
testing...
no interpolation path defined
executed snippet estimated_duration=4.0, duration=0.000118017196655
Pump Microbone
close () {'description': 'Jan Inlet'}
closing name=--- desc=Jan Inlet
checking ownership. requestor=129.138.12.150
check software interlocks R
interlocks []
actuate state mode=None-script, software_lock=False
doing actuation None-script close_channel False
check iteration duration=4.10079956055e-05
waiting for write to finish
measurement finished
estimated time: 12.583 actual time: :12.719
flush and close file /Users/jan/PychronDev/data/isotopes/55/358ef9-0f27-4ba4-9c0f-7c971b493071.h5
set_fits () {}
using default fits file=/Users/jan/PychronDev/scripts/measurement/fits/nominal_linear.yaml
set "Ar40" to "('Linear', 'SEM')"
No fit for "PM41". defaulting to linear. check the measurement script "jan_unknown120_60.py"
set "PM41" to "linear"
set "Ar36" to "('Linear', 'SEM')"
set "Ar37" to "('linear', 'SEM')"
set "Ar38" to "('linear', 'SEM')"
set "Ar39" to "('Linear', 'SEM')"
set_baseline_fits () {}
using default fits file=/Users/jan/PychronDev/scripts/measurement/fits/nominal_linear.yaml
Close R ===>> OK
set "H1" to "('average', 'SEM')"
set "H2" to "('average', 'SEM')"
set "CDD" to "('average', 'SEM')"
set "L2" to "('average', 'SEM')"
set "L1" to "('average', 'SEM')"
set "AX" to "('average', 'SEM')"
multicollect () {'integration_time': 1, 'ncounts': 120}
build tables- signal [Detector(H2), Detector(H1), Detector(AX), Detector(L1), Detector(L2), Detector(CDD)]
add group /signal/PM41 (Group) '' table H2
add group /signal/Ar40 (Group) '' table H1
add group /signal/Ar39 (Group) '' table AX
add group /signal/Ar38 (Group) '' table L1
add group /signal/Ar37 (Group) '' table L2
add group /signal/Ar36 (Group) '' table CDD
flush and close file /Users/jan/PychronDev/data/isotopes/55/358ef9-0f27-4ba4-9c0f-7c971b493071.h5
measuring signal. ncounts=120
GetIndicatorState R ===>> False
change switch state (True, True)
update switch state R False args=() kw={} ncanvase=3
12:12:33 -- CLOSE  VALVE-R (Jan Inlet)
---------------------------------------- close None (Jan Inlet) result=[(True, True)]
"signal" increment series count="2" fit count="1" regressing="True"
action=close, ok=True, locked=[False]
is_closed ('F',) {}
is F () closed?
is closed True
open () {'description': 'CO2 Laser to Jan'}
opening name=--- desc=CO2 Laser to Jan
checking ownership. requestor=129.138.12.150
check software interlocks A
interlocks []
actuate state mode=None-script, software_lock=False
doing actuation None-script open_channel False
Open A ===>> OK
GetIndicatorState A ===>> OK
change switch state (True, True)
update switch state A True args=() kw={} ncanvase=3
12:12:33 -- OPEN   VALVE-A (CO2 Laser to Jan)
---------------------------------------- open None (CO2 Laser to Jan) result=[(True, True)], time=0.12 sec
starting measurement
check iteration duration=5.98430633545e-05
GetData ===>> H2,0.0900978478038523,H1,1674.68794540509,AX,8.40283997727606,L1,0.119452488039815,L2,0.203082338...
action=open, ok=True, locked=[False]
sleep (1,) {}
SLEEP 1.0
check iteration duration=6.31809234619e-05
GetData ===>> H2,0.0990990193166937,H1,1674.8366553359,AX,8.45916971730083,L1,0.0906204302708561,L2,0.171045680...
close () {'description': 'CO2 Laser to Roughing'}
closing name=--- desc=CO2 Laser to Roughing
checking ownership. requestor=129.138.12.150
check software interlocks G
interlocks []
actuate state mode=None-script, software_lock=True
VALVE-G(CO2 Laser to Roughing) software locked
change switch state (True, False)
---------------------------------------- close None (CO2 Laser to Roughing) result=[(True, False)]
action=close, ok=True, locked=[True]
open () {'description': 'Microbone to Turbo'}
opening name=--- desc=Microbone to Turbo
checking ownership. requestor=129.138.12.150
check software interlocks U
interlocks []
actuate state mode=None-script, software_lock=False
doing actuation None-script open_channel True
Open U ===>> OK
GetIndicatorState U ===>> OK
change switch state (True, True)
update switch state U True args=() kw={} ncanvase=3
12:12:35 -- OPEN   VALVE-U (Microbone to Turbo)
---------------------------------------- open None (Microbone to Turbo) result=[(True, True)], time=0.19 sec
action=open, ok=True, locked=[False]
open () {'description': 'Microbone to Getter NP-10'}
opening name=--- desc=Microbone to Getter NP-10
checking ownership. requestor=129.138.12.150
check software interlocks M
interlocks []
actuate state mode=None-script, software_lock=False
doing actuation None-script open_channel False
Open M ===>> OK
GetIndicatorState M ===>> OK
change switch state (True, True)
update switch state M True args=() kw={} ncanvase=3
12:12:35 -- OPEN   VALVE-M (Microbone to Getter NP-10)
---------------------------------------- open None (Microbone to Getter NP-10) result=[(True, True)], time=0.14 sec
check iteration duration=9.48905944824e-05
GetData ===>> H2,-0.0664419739736725,H1,1673.81812546574,AX,8.4792483682675,L1,0.12310775498963,L2,0.0808689637...
action=open, ok=True, locked=[False]
open () {'description': 'Microbone to Getter D-50'}
opening name=--- desc=Microbone to Getter D-50
checking ownership. requestor=129.138.12.150
check software interlocks K
interlocks []
actuate state mode=None-script, software_lock=False
doing actuation None-script open_channel False
Open K ===>> OK
GetIndicatorState K ===>> OK
change switch state (True, True)
update switch state K True args=() kw={} ncanvase=3
12:12:36 -- OPEN   VALVE-K (Microbone to Getter D-50)
---------------------------------------- open None (Microbone to Getter D-50) result=[(True, True)], time=0.41 sec
action=open, ok=True, locked=[False]
open () {'description': 'Microbone to CO2 Laser'}
opening name=--- desc=Microbone to CO2 Laser
checking ownership. requestor=129.138.12.150
check software interlocks T
interlocks []
actuate state mode=None-script, software_lock=False
doing actuation None-script open_channel False
check iteration duration=7.79628753662e-05
GetData ===>> H2,-0.0379284082025693,H1,1672.51355364276,AX,8.33651962328493,L1,0.118510809339594,L2,0.08726256...
Open T ===>> OK
GetIndicatorState T ===>> OK
change switch state (True, True)
update switch state T True args=() kw={} ncanvase=3
12:12:37 -- OPEN   VALVE-T (Microbone to CO2 Laser)
---------------------------------------- open None (Microbone to CO2 Laser) result=[(True, True)], time=0.40 sec
action=open, ok=True, locked=[False]
open () {'description': 'Microbone to Inlet Pipette'}
opening name=--- desc=Microbone to Inlet Pipette
checking ownership. requestor=129.138.12.150
check software interlocks S
interlocks []
actuate state mode=None-script, software_lock=False
doing actuation None-script open_channel False
Open S ===>> OK
GetIndicatorState S ===>> OK
change switch state (True, True)
update switch state S True args=() kw={} ncanvase=3
12:12:37 -- OPEN   VALVE-S (Microbone to Inlet Pipette)
---------------------------------------- open None (Microbone to Inlet Pipette) result=[(True, True)], time=0.43 sec
testing H1>-5.0
evaluate ot="H1.bs>-5.0" t="H1>-5.0", ctx="{'H1': None}"
check iteration duration=0.000532865524292
GetData ===>> H2,-0.0302389782911831,H1,1672.61524110929,AX,8.23793190043562,L1,0.0933527091155229,L2,0.0460917...
action=open, ok=True, locked=[False]
sleep (1,) {}
SLEEP 1.0
set_resource () {'name': 'CO2PumpTimeFlag', 'value': 30}
Set CO2PumpTimeFlag 30 ===>> OK
release ('JanCO2Flag',) {}
release JanCO2Flag
Set JanCO2Flag 0 ===>> OK
executed snippet estimated_duration=6.0, duration=6.17150306702
PumpMicrobone.py completed successfully
gosub finished
get_resource_value () {'name': 'JanMiniboneFlag'}
Read JanMiniboneFlag ===>> 0
Get Resource Value JanMiniboneFlag=0.0
get resource value 0.0
get_resource_value () {'name': 'JanMiniboneFlag'}
Read JanMiniboneFlag ===>> 0
Get Resource Value JanMiniboneFlag=0.0
executed snippet estimated_duration=4.0, duration=6.18570184708
jan_pump_extraction_line.py completed successfully
Post Equilibration Finished
12:12:38 -- ******* Post Equilibration Finished *******
check iteration duration=5.81741333008e-05
GetData ===>> H2,-0.00400817965879907,H1,1672.40452816298,AX,8.23973277956654,L1,0.093628750092342,L2,0.0478820...
check iteration duration=4.19616699219e-05
GetData ===>> H2,-0.0212009530346654,H1,1671.42922744632,AX,8.29657963212277,L1,0.135406192474731,L2,-0.0337538...
check iteration duration=4.10079956055e-05
GetData ===>> H2,-0.0617628669709915,H1,1670.67088107321,AX,8.33142646065219,L1,0.116264414088546,L2,0.16246788...
check iteration duration=6.48498535156e-05
GetData ===>> H2,0.00229506471886178,H1,1669.59085183513,AX,8.42898054380115,L1,0.117560768392639,L2,-0.0312586...
testing H1>-5.0
evaluate ot="H1.bs>-5.0" t="H1>-5.0", ctx="{'H1': None}"
check iteration duration=0.000920057296753
GetData ===>> H2,0.00234944903773007,H1,1669.07574087973,AX,8.2481574507581,L1,0.0912675773985788,L2,0.04497426...
check iteration duration=6.69956207275e-05
GetData ===>> H2,-0.0929293854053603,H1,1668.32799481134,AX,8.24129195577251,L1,0.0691890287873091,L2,-0.008468...
check iteration duration=8.79764556885e-05
GetData ===>> H2,-0.100818986601371,H1,1668.07201824121,AX,8.35320424253199,L1,0.100360935964053,L2,0.064019169...
check iteration duration=6.79492950439e-05
GetData ===>> H2,-0.0577014545192418,H1,1667.42613289027,AX,8.28405172869737,L1,0.128968062930525,L2,-0.0373541...
check iteration duration=8.48770141602e-05
GetData ===>> H2,-0.0374343116077235,H1,1666.85906250328,AX,8.23035405461639,L1,0.112481311921949,L2,0.00045590...
testing H1>-5.0
evaluate ot="H1.bs>-5.0" t="H1>-5.0", ctx="{'H1': None}"
check iteration duration=0.000571012496948
GetData ===>> H2,-0.0801484193835462,H1,1666.37402455648,AX,8.29231078090265,L1,0.0954479158880348,L2,0.0329790...
check iteration duration=4.29153442383e-05
GetData ===>> H2,-0.0402180761512544,H1,1665.56933453953,AX,8.32375695444391,L1,0.0895467635160745,L2,0.0337999...
check iteration duration=8.70227813721e-05
GetData ===>> H2,-0.0664691049102506,H1,1665.09968617835,AX,8.29272193722839,L1,0.0842391500411505,L2,0.0035447...
check iteration duration=8.70227813721e-05
GetData ===>> H2,-0.08641182131101,H1,1664.41479884217,AX,8.29724476675297,L1,0.0988436025357257,L2,0.044107639...
check iteration duration=9.70363616943e-05
GetData ===>> H2,-0.103216199287286,H1,1663.56554737265,AX,8.32355131320132,L1,0.0959965025647412,L2,0.07393086...
testing H1>-5.0
evaluate ot="H1.bs>-5.0" t="H1>-5.0", ctx="{'H1': None}"
check iteration duration=0.00058388710022
GetData ===>> H2,-0.115647943017233,H1,1662.58483185444,AX,8.28818721694054,L1,0.0593847492171072,L2,-0.0284442...
check iteration duration=4.10079956055e-05
GetData ===>> H2,-0.104357100284096,H1,1661.90018527663,AX,8.29845411361233,L1,0.0886455016362563,L2,0.15153002...
check iteration duration=7.31945037842e-05
GetData ===>> H2,-0.067722483658098,H1,1661.22792000032,AX,8.34521851335133,L1,0.0528038172066024,L2,0.09837545...
check iteration duration=8.60691070557e-05
GetData ===>> H2,-0.0240788045365122,H1,1660.32022686951,AX,8.43159376074557,L1,0.0480774347994362,L2,0.0198909...
check iteration duration=4.00543212891e-05
GetData ===>> H2,-0.0578533597996869,H1,1659.31706196304,AX,8.2073701758575,L1,0.0800763360292664,L2,0.08906333...
testing H1>-5.0
evaluate ot="H1.bs>-5.0" t="H1>-5.0", ctx="{'H1': None}"
check iteration duration=0.000662803649902
12:12:58 -- collecting point 25
GetData ===>> H2,0.0967510966645479,H1,1659.39852340725,AX,8.25832358790026,L1,0.0898696950679583,L2,0.01880795...
check iteration duration=4.00543212891e-05
GetData ===>> H2,-0.11069802154544,H1,1658.73061068753,AX,8.17946371874636,L1,0.0994659470743475,L2,0.119339596...
check iteration duration=4.10079956055e-05
GetData ===>> H2,-0.0733772487715424,H1,1658.3429712073,AX,8.29990534886576,L1,0.103500053546306,L2,-0.01129439...
check iteration duration=5.10215759277e-05
GetData ===>> H2,-0.0661258937961225,H1,1657.90049659176,AX,8.03326338593392,L1,0.0987652091355601,L2,0.1255647...
check iteration duration=0.000123023986816
GetData ===>> H2,-0.0782459595663218,H1,1656.61588902111,AX,8.3020338647755,L1,0.102418986928815,L2,-0.01029151...
testing H1>-5.0
evaluate ot="H1.bs>-5.0" t="H1>-5.0", ctx="{'H1': None}"
check iteration duration=0.000608921051025
GetData ===>> H2,-0.0858200340808278,H1,1655.55487251877,AX,8.23791981410645,L1,0.0912977062995228,L2,0.0950813...
check iteration duration=3.79085540771e-05
GetData ===>> H2,-0.0898132043410951,H1,1655.4370321323,AX,8.21030631188671,L1,0.103389045851061,L2,0.050402245...
check iteration duration=8.70227813721e-05
GetData ===>> H2,-0.0511051833235944,H1,1655.52279735431,AX,8.34973158310509,L1,0.0932526611887798,L2,0.0408578...
check iteration duration=7.5101852417e-05
GetData ===>> H2,-0.0276687944039593,H1,1654.29551071492,AX,8.30907279778004,L1,0.0504511731918459,L2,0.0765201...
check iteration duration=3.81469726562e-05
GetData ===>> H2,-0.0358935156941526,H1,1654.1672985388,AX,8.32871666354911,L1,0.0467188590380823,L2,-0.0013791...
testing H1>-5.0
evaluate ot="H1.bs>-5.0" t="H1>-5.0", ctx="{'H1': None}"
check iteration duration=0.000586986541748
GetData ===>> H2,-0.0750609306952087,H1,1652.84639738235,AX,8.23507956668427,L1,0.058246106040564,L2,0.06593527...
check iteration duration=9.10758972168e-05
GetData ===>> H2,-0.153356483791044,H1,1652.30713622563,AX,8.28848952532254,L1,0.0656363319428377,L2,-0.0594999...
check iteration duration=7.79628753662e-05
GetData ===>> H2,-0.0533495926007595,H1,1652.26219961768,AX,8.26568590930123,L1,0.100750558280922,L2,-0.0323296...
check iteration duration=9.29832458496e-05
GetData ===>> H2,-0.00887235336307472,H1,1651.09724726932,AX,8.24842337716265,L1,0.091043421192927,L2,-0.041854...
check iteration duration=4.50611114502e-05
GetData ===>> H2,-0.126789211957166,H1,1650.63407871612,AX,8.20264595428413,L1,0.0956094745886234,L2,0.01462429...
testing H1>-5.0
evaluate ot="H1.bs>-5.0" t="H1>-5.0", ctx="{'H1': None}"
check iteration duration=0.000581026077271
GetData ===>> H2,-0.0836774254413157,H1,1649.58749090507,AX,8.30802055511179,L1,0.0677531170849609,L2,-0.051047...
check iteration duration=4.41074371338e-05
GetData ===>> H2,-0.0762239084340926,H1,1648.78549257995,AX,8.33662850603616,L1,0.0966343473263519,L2,-0.037228...
check iteration duration=9.3936920166e-05
GetData ===>> H2,-0.0913158522050036,H1,1648.1674915435,AX,8.32659968489651,L1,0.112577832844921,L2,0.052169827...
check iteration duration=4.10079956055e-05
GetData ===>> H2,-0.0864890086789549,H1,1648.03221432895,AX,8.18743159682532,L1,0.0748082572215309,L2,0.1010313...
check iteration duration=8.60691070557e-05
GetData ===>> H2,-0.130252314451594,H1,1647.98392147936,AX,8.29855086198362,L1,0.103480747772726,L2,0.008673997...
testing H1>-5.0
evaluate ot="H1.bs>-5.0" t="H1>-5.0", ctx="{'H1': None}"
check iteration duration=0.000591039657593
GetData ===>> H2,-0.155769695282245,H1,1646.44035239132,AX,8.26468247445119,L1,0.107154783610999,L2,0.043320842...
check iteration duration=8.60691070557e-05
GetData ===>> H2,-0.122328336091617,H1,1646.16840709362,AX,8.3083833961789,L1,0.105898343741521,L2,0.0583509177...
check iteration duration=7.82012939453e-05
GetData ===>> H2,-0.0484951959764458,H1,1645.55895197204,AX,8.26520232500229,L1,0.107071578836766,L2,0.08168950...
check iteration duration=8.10623168945e-05
GetData ===>> H2,-0.160379851744023,H1,1645.27694777977,AX,8.26887762347456,L1,0.114810135844766,L2,0.042716495...
check iteration duration=5.41210174561e-05
GetData ===>> H2,-0.180735056461278,H1,1644.11070913699,AX,8.28726820498941,L1,0.104555258986051,L2,0.026047154...
testing H1>-5.0
evaluate ot="H1.bs>-5.0" t="H1>-5.0", ctx="{'H1': None}"
check iteration duration=0.000591993331909
12:13:25 -- collecting point 50
GetData ===>> H2,-0.163256028289823,H1,1643.78344196136,AX,8.31461237010306,L1,0.149119132567014,L2,0.054644496...
check iteration duration=6.48498535156e-05
GetData ===>> H2,-0.128097799563713,H1,1642.31324929207,AX,8.35180064462707,L1,0.122151244565577,L2,0.087159991...
check iteration duration=0.000113964080811
GetData ===>> H2,-0.0778204371146022,H1,1642.36508193983,AX,8.19974628530105,L1,0.107814416672994,L2,0.00486691...
check iteration duration=3.81469726562e-05
GetData ===>> H2,-0.1480999056231,H1,1641.70308050756,AX,8.24430159621081,L1,0.092869354192546,L2,0.06241103968...
check iteration duration=6.89029693604e-05
GetData ===>> H2,-0.053136569126156,H1,1641.09543449591,AX,8.23594976170133,L1,0.0893949410509122,L2,0.02534031...
testing H1>-5.0
evaluate ot="H1.bs>-5.0" t="H1>-5.0", ctx="{'H1': None}"
check iteration duration=0.000587940216064
GetData ===>> H2,-0.106539786093272,H1,1640.44656262687,AX,8.23310956942818,L1,0.104979625576056,L2,0.044005013...
check iteration duration=5.19752502441e-05
GetData ===>> H2,-0.172461635209639,H1,1639.41275626967,AX,8.20082156954622,L1,0.115700781057296,L2,-0.00104857...
check iteration duration=9.29832458496e-05
GetData ===>> H2,-0.131784252107885,H1,1638.61881019998,AX,8.21441462839443,L1,0.101347686606054,L2,-0.03946188...
check iteration duration=8.41617584229e-05
GetData ===>> H2,-0.100033792876952,H1,1638.51557392306,AX,8.4173912531564,L1,0.118094325528455,L2,0.0032255866...
check iteration duration=7.60555267334e-05
GetData ===>> H2,0.0496126292087357,H1,1637.65859243534,AX,8.40357777233643,L1,0.107159607097146,L2,-0.00158425...
testing H1>-5.0
evaluate ot="H1.bs>-5.0" t="H1>-5.0", ctx="{'H1': None}"
check iteration duration=0.000595092773438
GetData ===>> H2,-0.0944749652193756,H1,1637.30769184553,AX,8.29713592624245,L1,0.109523391795345,L2,0.12101555...
check iteration duration=8.48770141602e-05
GetData ===>> H2,-0.151990514980427,H1,1636.70801614208,AX,8.21085005010686,L1,0.0710766061866607,L2,0.03548743...
check iteration duration=4.00543212891e-05
GetData ===>> H2,-0.119370129308013,H1,1635.39654712254,AX,8.26662890531282,L1,0.0815417185091069,L2,0.01979975...
check iteration duration=8.01086425781e-05
GetData ===>> H2,-0.172255228733901,H1,1635.13449217869,AX,8.25159037246529,L1,0.0936829948378632,L2,-0.0753201...
check iteration duration=8.39233398438e-05
GetData ===>> H2,-0.0597153910644,H1,1635.18962542581,AX,8.2582631441226,L1,0.11413797987028,L2,0.0343472570475...
testing H1>-5.0
evaluate ot="H1.bs>-5.0" t="H1>-5.0", ctx="{'H1': None}"
check iteration duration=0.000581026077271
GetData ===>> H2,-0.114408296456618,H1,1634.16589525109,AX,8.37785506869318,L1,0.0979354823768701,L2,0.10832686...
check iteration duration=8.60691070557e-05
GetData ===>> H2,-0.0681076935464364,H1,1633.29916021643,AX,8.24368515656187,L1,0.085212285044314,L2,0.07305256...
check iteration duration=3.81469726562e-05
GetData ===>> H2,-0.0463448662437713,H1,1632.91900891222,AX,8.11654068677096,L1,0.116385110463901,L2,0.03113202...
check iteration duration=7.20024108887e-05
GetData ===>> H2,-0.0064126488175374,H1,1632.09197659427,AX,8.34779565729648,L1,0.128898040110054,L2,0.02526050...
check iteration duration=6.8187713623e-05
GetData ===>> H2,-0.157116600568521,H1,1631.81073297772,AX,8.35025186946037,L1,0.152796113946852,L2,0.057233274...
testing H1>-5.0
evaluate ot="H1.bs>-5.0" t="H1>-5.0", ctx="{'H1': None}"
check iteration duration=0.000572919845581
GetData ===>> H2,-0.159065749763913,H1,1631.54338427178,AX,8.34711809198549,L1,0.132742767352177,L2,-0.02259885...
check iteration duration=9.3936920166e-05
GetData ===>> H2,-0.162833424624691,H1,1630.34337819695,AX,8.32797874026316,L1,0.0916833641571718,L2,0.16385944...
check iteration duration=5.50746917725e-05
GetData ===>> H2,-0.0959255329804054,H1,1629.54330562348,AX,8.24791570008597,L1,0.0886310435440024,L2,0.0305163...
check iteration duration=8.60691070557e-05
GetData ===>> H2,-0.100842000081726,H1,1629.32335618926,AX,8.19678629204036,L1,0.0976677652947707,L2,0.06592386...
check iteration duration=5.3882598877e-05
GetData ===>> H2,-0.1721661894851,H1,1628.4497883782,AX,8.29330239605349,L1,0.0995793240378841,L2,-0.0769373115...
testing H1>-5.0
evaluate ot="H1.bs>-5.0" t="H1>-5.0", ctx="{'H1': None}"
check iteration duration=0.000653982162476
12:13:51 -- collecting point 75
GetData ===>> H2,-0.113566450570834,H1,1627.81519102556,AX,8.12484197056282,L1,0.0813115333520723,L2,0.01634561...
check iteration duration=8.39233398438e-05
GetData ===>> H2,-0.14562521028045,H1,1626.55682360689,AX,8.27360493005643,L1,0.0817261114465808,L2,0.074364308...
check iteration duration=9.89437103271e-05
GetData ===>> H2,-0.00990149192797267,H1,1625.67197939528,AX,8.22612424328534,L1,0.0651562360157293,L2,0.021361...
check iteration duration=8.20159912109e-05
GetData ===>> H2,-0.0291794589499602,H1,1625.64368442591,AX,8.37758880295512,L1,0.0608943113169599,L2,0.0649315...
check iteration duration=8.39233398438e-05
GetData ===>> H2,-0.133789999939211,H1,1624.54368747903,AX,8.22133872652386,L1,0.105010971541123,L2,0.067018802...
testing H1>-5.0
evaluate ot="H1.bs>-5.0" t="H1>-5.0", ctx="{'H1': None}"
check iteration duration=0.000585079193115
GetData ===>> H2,-0.0896275613791067,H1,1624.48365271933,AX,8.23352048594396,L1,0.0987772696191341,L2,0.0201303...
check iteration duration=8.58306884766e-05
GetData ===>> H2,-0.125235744240447,H1,1623.85167764979,AX,8.28054516017265,L1,0.0584988592967846,L2,0.06229698...
check iteration duration=4.19616699219e-05
GetData ===>> H2,-0.0650570385498422,H1,1623.37526774851,AX,8.34596866117646,L1,0.0811175070020544,L2,-0.107715...
check iteration duration=4.38690185547e-05
GetData ===>> H2,-0.0370976620950569,H1,1622.98413511284,AX,8.15914181394354,L1,0.112490963972843,L2,0.00793308...
check iteration duration=3.69548797607e-05
GetData ===>> H2,-0.0209429132728142,H1,1622.20166505144,AX,8.3337129082282,L1,0.144269296387131,L2,0.002963432...
testing H1>-5.0
evaluate ot="H1.bs>-5.0" t="H1>-5.0", ctx="{'H1': None}"
check iteration duration=0.000555992126465
GetData ===>> H2,-0.135215312546781,H1,1621.45308675883,AX,8.27417318889728,L1,0.103904276637342,L2,0.072071629...
check iteration duration=4.00543212891e-05
GetData ===>> H2,-0.117235196755046,H1,1620.64621691818,AX,8.30805683916012,L1,0.0467909912075148,L2,-0.0156476...
check iteration duration=4.00543212891e-05
GetData ===>> H2,-0.222078251898803,H1,1620.43606875352,AX,8.18206318529269,L1,0.0527232216613614,L2,0.01203666...
check iteration duration=3.88622283936e-05
GetData ===>> H2,-0.2062198100732,H1,1618.95051435692,AX,8.22410608116637,L1,0.0562110710539582,L2,0.1005639954...
check iteration duration=7.70092010498e-05
GetData ===>> H2,-0.0919106236731879,H1,1617.97499111791,AX,8.31935390358431,L1,0.0773389535853745,L2,0.0628558...
testing H1>-5.0
evaluate ot="H1.bs>-5.0" t="H1>-5.0", ctx="{'H1': None}"
check iteration duration=0.000540018081665
GetData ===>> H2,-0.132909570342781,H1,1618.47258809627,AX,8.19836897156987,L1,0.073927901710249,L2,-0.02369276...
check iteration duration=3.981590271e-05
GetData ===>> H2,-0.079821880172398,H1,1617.66255954848,AX,8.24086892110003,L1,0.120628502051823,L2,0.107255301...
check iteration duration=9.3936920166e-05
GetData ===>> H2,-0.10767764753454,H1,1616.68085391588,AX,8.34434738089799,L1,0.128689181812304,L2,0.0713644454...
check iteration duration=3.91006469727e-05
GetData ===>> H2,-0.0347299749027985,H1,1616.43685327981,AX,8.28257653682921,L1,0.11632234816922,L2,0.015228460...
check iteration duration=4.00543212891e-05
GetData ===>> H2,-0.142471622713266,H1,1615.40429782662,AX,8.20948466855002,L1,0.0867167337007586,L2,0.02828172...
testing H1>-5.0
evaluate ot="H1.bs>-5.0" t="H1>-5.0", ctx="{'H1': None}"
check iteration duration=0.000581026077271
GetData ===>> H2,-0.0731630427042936,H1,1615.30117155159,AX,8.22309097288048,L1,0.100602186404217,L2,0.04869171...
check iteration duration=4.00543212891e-05
GetData ===>> H2,-0.115370522953635,H1,1614.69763039734,AX,8.19706416528511,L1,0.086636025009468,L2,0.018294962...
check iteration duration=4.00543212891e-05
GetData ===>> H2,-0.0788245903508481,H1,1614.39849159355,AX,8.36035563317722,L1,0.0608750491354954,L2,-0.040225...
check iteration duration=4.10079956055e-05
GetData ===>> H2,-0.15761236191409,H1,1613.60768250546,AX,8.23098249877509,L1,0.1001739708284,L2,-0.01144254669...
check iteration duration=4.50611114502e-05
GetData ===>> H2,-0.183210837654555,H1,1612.64346189685,AX,8.23908010826893,L1,0.0690650484796517,L2,0.01078277...
testing H1>-5.0
evaluate ot="H1.bs>-5.0" t="H1>-5.0", ctx="{'H1': None}"
check iteration duration=0.000571966171265
12:14:17 -- collecting point 100
GetData ===>> H2,-0.0588718865956215,H1,1611.72450163583,AX,8.23860873716508,L1,0.109444992128169,L2,0.08050427...
check iteration duration=8.29696655273e-05
GetData ===>> H2,-0.0993067634145307,H1,1611.81770536403,AX,8.44508435293431,L1,0.0864228126098023,L2,0.0141797...
check iteration duration=4.29153442383e-05
GetData ===>> H2,-0.130670996979713,H1,1610.77226036803,AX,8.34034268760357,L1,0.0971866159109415,L2,0.08448169...
check iteration duration=4.10079956055e-05
GetData ===>> H2,-0.0461737998551115,H1,1610.20536059845,AX,8.20552154121428,L1,0.111527010812135,L2,0.00411463...
check iteration duration=3.91006469727e-05
GetData ===>> H2,-0.0638763977868836,H1,1609.51559951746,AX,8.19652050095327,L1,0.115994059426956,L2,0.05817984...
testing H1>-5.0
evaluate ot="H1.bs>-5.0" t="H1>-5.0", ctx="{'H1': None}"
check iteration duration=0.000545024871826
GetData ===>> H2,-0.0568510187704097,H1,1608.47715152183,AX,8.28041215478608,L1,0.0734799253341744,L2,0.1223039...
check iteration duration=6.5803527832e-05
GetData ===>> H2,-0.0965959009045479,H1,1608.02941302753,AX,8.10816759116588,L1,0.0799570420350044,L2,-0.014610...
check iteration duration=4.10079956055e-05
GetData ===>> H2,-0.0896939595750639,H1,1607.35691395705,AX,8.2086630318681,L1,0.0891322694693851,L2,0.04210075...
check iteration duration=4.29153442383e-05
GetData ===>> H2,-0.086677235326601,H1,1606.87765326173,AX,8.25250906135451,L1,0.0824384059451731,L2,0.02800810...
check iteration duration=4.07695770264e-05
GetData ===>> H2,-0.0867815034232998,H1,1607.15659554746,AX,8.31464865650801,L1,0.0686533966211487,L2,-0.000501...
testing H1>-5.0
evaluate ot="H1.bs>-5.0" t="H1>-5.0", ctx="{'H1': None}"
check iteration duration=0.000571966171265
GetData ===>> H2,-0.0601872923432435,H1,1606.47295361073,AX,8.32651500666873,L1,0.0652609166413726,L2,0.0312004...
check iteration duration=8.39233398438e-05
GetData ===>> H2,-0.0583511066498428,H1,1605.40634141268,AX,8.26916778428657,L1,0.0882238157678836,L2,0.0226497...
check iteration duration=8.48770141602e-05
GetData ===>> H2,-0.00373886932142009,H1,1604.27693282789,AX,8.21176837016291,L1,0.0886997196662753,L2,0.060814...
check iteration duration=5.41210174561e-05
GetData ===>> H2,-0.0555745677409872,H1,1603.63368297749,AX,8.18246217907864,L1,0.0841162928063034,L2,0.0530023...
check iteration duration=7.20024108887e-05
GetData ===>> H2,0.033022238322557,H1,1603.14051903974,AX,8.2197194361085,L1,0.106045442844932,L2,0.05399446173...
testing H1>-5.0
evaluate ot="H1.bs>-5.0" t="H1>-5.0", ctx="{'H1': None}"
check iteration duration=0.000570058822632
GetData ===>> H2,-0.022188240733498,H1,1602.73660236783,AX,8.35881882822356,L1,0.117857722063362,L2,-0.00311150...
check iteration duration=4.2200088501e-05
GetData ===>> H2,-0.0410513087893871,H1,1601.89292572082,AX,8.16135393564663,L1,0.133717463523113,L2,-0.1522167...
check iteration duration=7.39097595215e-05
GetData ===>> H2,-0.0951454187068713,H1,1601.26039645122,AX,8.15223982084143,L1,0.119004576100451,L2,-0.0024048...
check iteration duration=4.00543212891e-05
GetData ===>> H2,-0.0771929657290642,H1,1600.31156748813,AX,8.26286906314542,L1,0.0965246206947887,L2,0.0078646...
check iteration duration=4.10079956055e-05
GetData ===>> H2,-0.110971494345684,H1,1599.81047765158,AX,8.36646678069469,L1,0.095199554558557,L2,0.019959350...
testing H1>-5.0
evaluate ot="H1.bs>-5.0" t="H1>-5.0", ctx="{'H1': None}"
check iteration duration=0.00061297416687
GetData ===>> H2,-0.101533736469504,H1,1599.45821322629,AX,8.30704089070988,L1,0.063351744585032,L2,0.044677785...
check iteration duration=3.91006469727e-05
waiting for write to finish
measurement finished
estimated time: 125.829 actual time: :126.182
flush and close file /Users/jan/PychronDev/data/isotopes/55/358ef9-0f27-4ba4-9c0f-7c971b493071.h5
baselines () {'settling_time': 15.0, 'detector': 'H1', 'mass': 34.2, 'ncounts': 60}
%%%%%%%%%%%%%%%%%%%%%%%%%%%%%%%% Baseline
build tables- baseline [Detector(H2), Detector(H1), Detector(AX), Detector(L1), Detector(L2), Detector(CDD)]
add group baseline table H2
add group baseline table H1
add group baseline table AX
add group baseline table L1
add group baseline table L2
add group baseline table CDD
flush and close file /Users/jan/PychronDev/data/isotopes/55/358ef9-0f27-4ba4-9c0f-7c971b493071.h5
detector Detector(H1)
POSITION 34.2 H1
Mapping mass to dac mass func: "parabolic"
H1 map mass coeffs = [-0.00063987  0.15840543  0.57240999]
H1 map mass to dac 34.2 >> 5.24145599104
GetDeflection H1 ===>> 0
GetHighVoltage ===>> 4500
positioning 34.2 (5.24145599104) on H1
setting magnet DAC
current  : 5.880800
requested: 5.241456
Delta Dac: 0.639344
Checking detector protection. dv=0.63934
Checking detector "CDD". Protection Threshold: 0.1 (V)
ProtectDetector CDD,On ===>> OK
GetDeflection CDD ===>> 2000
Protected = 2000
SetMagnetDAC 5.24145599104 ===>> OK
Magnet settling time: 0.500
GetMagnetMoving ===>> True
GetMagnetMoving ===>> True
GetMagnetMoving ===>> True
GetMagnetMoving ===>> True
GetMagnetMoving ===>> True
GetMagnetMoving ===>> True
GetMagnetMoving ===>> True
GetMagnetMoving ===>> True
GetMagnetMoving ===>> False
ProtectDetector CDD,Off ===>> OK
GetDeflection CDD ===>> 50
Delaying 15.0s for detectors to settle
Join finished
measuring baseline. ncounts=60
"baseline" increment series count="2" fit count="1" regressing="True"
starting measurement
check iteration duration=3.40938568115e-05
GetData ===>> H2,-0.252847351101918,H1,-0.102416696428187,AX,-0.113064702300258,L1,-0.0288585013143945,L2,0.002...
check iteration duration=4.60147857666e-05
GetData ===>> H2,-0.0609479885622938,H1,-0.092799714132563,AX,-0.187015557799675,L1,-0.0729132263771997,L2,-0.0...
check iteration duration=4.38690185547e-05
GetData ===>> H2,-0.060839514490887,H1,-0.0242266066012185,AX,-0.186366542535418,L1,-0.0761474309737331,L2,-0.0...
check iteration duration=4.10079956055e-05
GetData ===>> H2,-0.110245829301529,H1,0.0170806025699967,AX,-0.088334240932357,L1,-0.0429282420388223,L2,-0.02...
testing H1>-5.0
evaluate ot="H1.bs>-5.0" t="H1>-5.0", ctx="{'H1': None}"
check iteration duration=0.000548124313354
GetData ===>> H2,-0.0969669562490148,H1,-0.0423043297683499,AX,-0.0551688690309422,L1,-0.0121394953444614,L2,-0...
check iteration duration=4.10079956055e-05
GetData ===>> H2,-0.217550118797375,H1,-0.033850180998418,AX,-0.0687447376671877,L1,0.00447999667148889,L2,-0.0...
check iteration duration=3.91006469727e-05
GetData ===>> H2,-0.23154764884051,H1,0.0211848195873056,AX,-0.0642235229404414,L1,-0.0232148203747117,L2,-0.11...
check iteration duration=9.41753387451e-05
GetData ===>> H2,-0.189394552096525,H1,0.0236903836196902,AX,-0.088218338310724,L1,-0.0602573617487494,L2,-0.01...
check iteration duration=5.29289245605e-05
GetData ===>> H2,-0.0432155290305217,H1,-0.0361038955468683,AX,-0.119425927215618,L1,-0.0411894708941686,L2,0.0...
testing H1>-5.0
evaluate ot="H1.bs>-5.0" t="H1>-5.0", ctx="{'H1': None}"
check iteration duration=0.000580072402954
GetData ===>> H2,-0.0816007955574481,H1,0.0349065341000767,AX,-0.0113676961150352,L1,-0.0246362239464486,L2,-0....
check iteration duration=4.19616699219e-05
GetData ===>> H2,-0.150940006475613,H1,0.0204689556673412,AX,-0.137736026924893,L1,-0.0487842023212678,L2,-0.03...
check iteration duration=5.00679016113e-05
GetData ===>> H2,-0.210294200025692,H1,-0.0471809398759014,AX,-0.0122260498258146,L1,-0.0506891673036708,L2,-0....
check iteration duration=3.88622283936e-05
GetData ===>> H2,-0.19772003773287,H1,-0.0195993293956363,AX,-0.0901307139130699,L1,-0.00403292711190069,L2,-0....
check iteration duration=7.79628753662e-05
GetData ===>> H2,-0.159551971749879,H1,-0.045595173419488,AX,-0.125311717471335,L1,-0.0461164049327591,L2,-0.06...
testing H1>-5.0
evaluate ot="H1.bs>-5.0" t="H1>-5.0", ctx="{'H1': None}"
check iteration duration=0.000542163848877
GetData ===>> H2,-0.112333344994312,H1,-0.00742188959270678,AX,-0.0757927764911332,L1,-0.0201627982204422,L2,-0...
check iteration duration=4.00543212891e-05
GetData ===>> H2,-0.202152040266733,H1,0.052950467969093,AX,-0.0961457593890819,L1,-0.00710243885879598,L2,-0.0...
check iteration duration=7.89165496826e-05
GetData ===>> H2,-0.290880032297071,H1,0.0157682430977026,AX,-0.208882522526386,L1,-0.00453677987463977,L2,0.08...
check iteration duration=5.07831573486e-05
GetData ===>> H2,-0.222468871626633,H1,0.0395962120866457,AX,-0.0863986490503871,L1,-0.0292454147934105,L2,0.04...
check iteration duration=4.10079956055e-05
GetData ===>> H2,-0.222579320273682,H1,0.0427227861200532,AX,-0.0873490642472887,L1,0.0050215242338059,L2,-0.14...
testing H1>-5.0
evaluate ot="H1.bs>-5.0" t="H1>-5.0", ctx="{'H1': None}"
check iteration duration=0.000542163848877
GetData ===>> H2,-0.273137260214185,H1,0.0760584418782575,AX,-0.110260532995156,L1,-0.0222894817805299,L2,0.012...
check iteration duration=4.00543212891e-05
GetData ===>> H2,-0.223879031188878,H1,0.0595626176189914,AX,-0.126991651329811,L1,-0.0478411588477546,L2,0.012...
check iteration duration=3.60012054443e-05
GetData ===>> H2,-0.122771933009919,H1,0.0477111865403891,AX,-0.00086964982869925,L1,-0.00786877116460483,L2,0....
check iteration duration=5.10215759277e-05
GetData ===>> H2,-0.180542098184248,H1,0.123214167864094,AX,0.0380932189745059,L1,-0.0243881519578574,L2,0.0098...
check iteration duration=3.69548797607e-05
GetData ===>> H2,-0.191744421713404,H1,0.108109512407739,AX,-0.00370017379095314,L1,6.00388725976629E-06,L2,-0....
testing H1>-5.0
evaluate ot="H1.bs>-5.0" t="H1>-5.0", ctx="{'H1': None}"
check iteration duration=0.000617980957031
12:15:23 -- collecting point 25
GetData ===>> H2,-0.183620942051027,H1,0.0849200676652508,AX,-0.102670330438994,L1,0.0035002779958978,L2,-0.037...
check iteration duration=8.29696655273e-05
GetData ===>> H2,-0.272280093230373,H1,0.144276198221971,AX,-0.084034161208857,L1,-0.0224740768460986,L2,-0.001...
check iteration duration=7.48634338379e-05
GetData ===>> H2,-0.186295699361909,H1,0.0247642159731722,AX,-0.141353722366627,L1,-0.052306668006274,L2,0.0732...
check iteration duration=7.60555267334e-05
GetData ===>> H2,-0.187268059113984,H1,0.0132986678307969,AX,-0.042020150737568,L1,-0.0635663589484946,L2,0.007...
check iteration duration=6.48498535156e-05
GetData ===>> H2,-0.104144627997278,H1,-0.00659887498459784,AX,-0.133712342221758,L1,-0.0200417051886997,L2,-0....
testing H1>-5.0
evaluate ot="H1.bs>-5.0" t="H1>-5.0", ctx="{'H1': None}"
check iteration duration=0.00058388710022
GetData ===>> H2,-0.15798383099956,H1,0.00355219494296857,AX,-0.152971180554345,L1,-0.0377230060357484,L2,-0.03...
check iteration duration=7.20024108887e-05
GetData ===>> H2,-0.106206929927569,H1,0.089118581377501,AX,1.20055939657129E-05,L1,-0.02860813760067,L2,0.0148...
check iteration duration=4.00543212891e-05
GetData ===>> H2,-0.204067497821697,H1,0.054991355659584,AX,-0.137967934514911,L1,-0.0378308270344553,L2,0.0337...
check iteration duration=4.29153442383e-05
GetData ===>> H2,-0.196059780877947,H1,-0.00110000953921203,AX,-0.154895695339986,L1,0.000900163349462088,L2,-0...
check iteration duration=7.70092010498e-05
GetData ===>> H2,-0.241673533342822,H1,0.0165556567165882,AX,-0.109797026152207,L1,-0.0160256264636009,L2,0.096...
testing H1>-5.0
evaluate ot="H1.bs>-5.0" t="H1>-5.0", ctx="{'H1': None}"
check iteration duration=0.000602006912231
GetData ===>> H2,-0.197554157872625,H1,0.0507783408042918,AX,0.0035039035420924,L1,-0.0125098910645748,L2,0.001...
check iteration duration=8.70227813721e-05
GetData ===>> H2,-0.185748120215869,H1,0.0955956111013513,AX,-0.143695876507115,L1,-0.0368124714789158,L2,-0.00...
check iteration duration=4.10079956055e-05
GetData ===>> H2,-0.144563303141835,H1,0.0886653242625492,AX,-0.175657165285359,L1,-0.00663349626675443,L2,-0.0...
check iteration duration=8.01086425781e-05
GetData ===>> H2,-0.151662410309579,H1,0.0664974891588123,AX,-0.155533327382598,L1,0.0199077485693074,L2,-0.020...
check iteration duration=4.10079956055e-05
GetData ===>> H2,-0.164531844694708,H1,-0.024131200983679,AX,-0.0483512368684226,L1,0.0081749298915466,L2,-0.05...
testing H1>-5.0
evaluate ot="H1.bs>-5.0" t="H1>-5.0", ctx="{'H1': None}"
check iteration duration=0.000643014907837
GetData ===>> H2,-0.179725699855656,H1,0.0419112995080574,AX,-0.0498353879415248,L1,-0.00334668707862102,L2,-0....
check iteration duration=8.17775726318e-05
GetData ===>> H2,-0.181446140044569,H1,0.150923888690424,AX,-0.103087517256662,L1,-0.0655708462209502,L2,-0.070...
check iteration duration=4.10079956055e-05
GetData ===>> H2,-0.29021540580262,H1,0.0625227105747196,AX,-0.0379731418062984,L1,-0.0616942656557373,L2,-0.02...
check iteration duration=4.00543212891e-05
GetData ===>> H2,-0.198201480139792,H1,-0.0503762425732244,AX,-0.105022777151982,L1,-0.0259951184508791,L2,0.01...
check iteration duration=8.20159912109e-05
GetData ===>> H2,-0.213171257693872,H1,0.12377496907019,AX,-0.0584267864874914,L1,-0.0198438768031432,L2,0.0439...
testing H1>-5.0
evaluate ot="H1.bs>-5.0" t="H1>-5.0", ctx="{'H1': None}"
check iteration duration=0.00101494789124
GetData ===>> H2,-0.233750606053997,H1,0.0737566943015857,AX,-0.148322044961862,L1,-0.0267391971687453,L2,-0.05...
check iteration duration=8.01086425781e-05
GetData ===>> H2,-0.199570175066401,H1,0.0100298551289903,AX,-0.0719094629870192,L1,-0.00206166081081343,L2,0.0...
check iteration duration=3.981590271e-05
GetData ===>> H2,-0.0687126095171341,H1,0.000116699984675961,AX,-0.029507507299355,L1,-0.036716620937857,L2,-0....
check iteration duration=4.2200088501e-05
GetData ===>> H2,-0.148981858078177,H1,0.0865779824474224,AX,-0.108383316641754,L1,0.00610761423268974,L2,-0.01...
check iteration duration=3.91006469727e-05
GetData ===>> H2,-0.154561802571577,H1,0.0473292906417512,AX,-0.00550980991207177,L1,0.0217075405197118,L2,-0.0...
testing H1>-5.0
evaluate ot="H1.bs>-5.0" t="H1>-5.0", ctx="{'H1': None}"
check iteration duration=0.000531196594238
12:15:49 -- collecting point 50
GetData ===>> H2,-0.277365713527102,H1,0.00915898508020447,AX,0.0180760988141122,L1,-0.00937368282218904,L2,0.0...
check iteration duration=3.981590271e-05
GetData ===>> H2,-0.0984524105035184,H1,0.0237142464357245,AX,-0.196715501929867,L1,-0.0523640892790077,L2,-0.0...
check iteration duration=5.88893890381e-05
GetData ===>> H2,-0.188330681322835,H1,0.0288090879089655,AX,-0.170823651003521,L1,-0.0476329114276747,L2,-0.03...
check iteration duration=4.00543212891e-05
GetData ===>> H2,-0.253328709438793,H1,0.0703053079081918,AX,-0.0884733238961739,L1,-0.0274952014455936,L2,-0.0...
check iteration duration=8.51154327393e-05
GetData ===>> H2,-0.160849812170998,H1,0.110268885207732,AX,-0.126713595315415,L1,-0.0354537047071573,L2,0.0223...
testing H1>-5.0
evaluate ot="H1.bs>-5.0" t="H1>-5.0", ctx="{'H1': None}"
check iteration duration=0.00120306015015
GetData ===>> H2,-0.239549445737434,H1,0.0975519234419632,AX,-0.17852006885333,L1,-0.0407367662377605,L2,-0.132...
check iteration duration=4.10079956055e-05
GetData ===>> H2,-0.184948283370596,H1,0.143428858246186,AX,0.0125416562773709,L1,-0.0271225978823928,L2,-0.026...
check iteration duration=4.10079956055e-05
GetData ===>> H2,-0.178752692075605,H1,-0.019241541320336,AX,0.0337993450195693,L1,-0.0057915035953656,L2,0.014...
check iteration duration=7.60555267334e-05
GetData ===>> H2,-0.164442744722799,H1,0.0745318883538683,AX,-0.0802323151898279,L1,-0.0358239688844547,L2,-0.0...
check iteration duration=4.6968460083e-05
GetData ===>> H2,-0.204872135874046,H1,0.0260051032603183,AX,-0.139498510742652,L1,-0.0479129673020708,L2,-0.00...
testing H1>-5.0
evaluate ot="H1.bs>-5.0" t="H1>-5.0", ctx="{'H1': None}"
check iteration duration=0.000537872314453
GetData ===>> H2,-0.250352833131816,H1,-0.0128726995758164,AX,-0.137770813098625,L1,-0.0136785260624475,L2,-0.0...
check iteration duration=1.81198120117e-05
waiting for write to finish
measurement finished
estimated time: 62.915 actual time: :63.114
flush and close file /Users/jan/PychronDev/data/isotopes/55/358ef9-0f27-4ba4-9c0f-7c971b493071.h5
activate_detectors ('H1', 'AX', 'CDD') {'peak_center': True}
peak_center () {'detector': 'H1', 'integration_time': 0.262144, 'isotope': 'Ar40'}
peak center: mean=1602.19276592 threshold=3
peak center started
setup peak center. detector=['H1', 'AX', 'CDD'], isotope=Ar40
VersionedUnpickler [<apptools.sweet_pickle.versioned_unpickler.VersionedUnpickler object at 0x13d10f470>] using Updater [<apptools.sweet_pickle.updater.Updater object at 0x1330aa1d0>]
VersionedUnpickler [<apptools.sweet_pickle.versioned_unpickler.VersionedUnpickler object at 0x13d10f470>] using Updater [<apptools.sweet_pickle.updater.Updater object at 0x1330aa1d0>]
VersionedUnpickler [<apptools.sweet_pickle.versioned_unpickler.VersionedUnpickler object at 0x140c7c050>] using Updater [<apptools.sweet_pickle.updater.Updater object at 0x1330aa1d0>]
setting integration time = 0.524288
SetIntegrationTime 0.524288 ===>> OK
Mapping mass to dac mass func: "parabolic"
H1 map mass coeffs = [-0.00063987  0.15840543  0.57240999]
H1 map mass to dac 39.9624 >> 5.8808
GetDeflection H1 ===>> 0
GetHighVoltage ===>> 4500
do peak center. <pychron.spectrometer.jobs.peak_center.PeakCenter object at 0x1351f5410>
doing pc
starting peak center. center dac= 5.8808 step_width=0.001
width = 0.001
get scan parameters. half-width=0.015,window=0.015, i=0, scalar=1
Scan parameters center=5.88080 width=0.03000 (5.86580 - 5.89580)
GetData ===>> H2,-0.261160578046275,H1,0.00927828189929443,AX,-0.128358748506887,L1,-0.0101290516684564,L2,0.02...
Moving to starting dac 5.8658
setting magnet DAC
current  : 5.241456
requested: 5.865800
Delta Dac: 0.624344
Checking detector protection. dv=0.62434
Checking detector "CDD". Protection Threshold: 0.1 (V)
ProtectDetector CDD,On ===>> OK
GetDeflection CDD ===>> 2000
Protected = 2000
SetMagnetDAC 5.8658 ===>> OK
Magnet settling time: 0.500
GetMagnetMoving ===>> True
GetMagnetMoving ===>> True
GetMagnetMoving ===>> True
GetMagnetMoving ===>> True
GetMagnetMoving ===>> True
GetMagnetMoving ===>> True
GetMagnetMoving ===>> True
GetMagnetMoving ===>> True
GetMagnetMoving ===>> True
GetMagnetMoving ===>> False
ProtectDetector CDD,Off ===>> OK
GetDeflection CDD ===>> 50
Wait until signal near baseline. tol= 0.00695871142447. timeout= 10
GetData ===>> H2,67.6910579524449,H1,12.2079161513078,AX,0.0777166920690131,L1,-0.0248737605939704,L2,-0.008403...
GetData ===>> H2,94.3951044993243,H1,53.9297573872832,AX,0.0582044318085329,L1,-0.0535327800972307,L2,-0.226327...
GetData ===>> H2,53.3621426759153,H1,28.3450642658008,AX,0.0560263460679674,L1,-0.057297503910069,L2,-0.0828598...
GetData ===>> H2,22.7269546692062,H1,16.8623631831767,AX,-0.0977566621924248,L1,-0.035699350748699,L2,-0.120101...
GetData ===>> H2,7.85042526193478,H1,11.3975976047533,AX,-0.0795600220831812,L1,-0.0439759099663505,L2,-0.03281...
GetData ===>> H2,2.28929041127127,H1,8.7967026050576,AX,-0.13205444893822,L1,-0.0421199664275147,L2,-0.08638667...
GetData ===>> H2,0.627985988685506,H1,7.50235109772006,AX,0.00156652276551513,L1,-0.029314382618727,L2,0.017514...
GetData ===>> H2,0.381197595721072,H1,6.88612093943879,AX,-0.0591108193584882,L1,0.0236340325702981,L2,-0.03752...
GetData ===>> H2,0.381197595721072,H1,6.88612093943879,AX,-0.0591108193584882,L1,0.0236340325702981,L2,-0.03752...
GetData ===>> H2,0.463679629042526,H1,6.58454671092261,AX,0.103028203487998,L1,-0.000970879587420588,L2,-0.0975...
GetData ===>> H2,0.313655990142548,H1,6.44573838439826,AX,0.0939644428573452,L1,-0.018960261682471,L2,0.0489301...
GetData ===>> H2,0.287679467009547,H1,6.32391225162865,AX,0.0341706996104042,L1,-0.0175035080668751,L2,0.077393...
GetData ===>> H2,0.266167986104975,H1,6.2409480572007,AX,-0.0593426938167721,L1,-0.0438226579358288,L2,-0.04066...
GetData ===>> H2,0.240447352996591,H1,6.11803701354166,AX,-0.143499802727329,L1,-0.0722658883735247,L2,0.065040...
GetData ===>> H2,0.267766595648068,H1,6.14921959302051,AX,-0.106332242549817,L1,-0.0634079888875289,L2,-0.11558...
GetData ===>> H2,0.210959449063999,H1,6.20394909400763,AX,-0.095740132177456,L1,-0.0426995365722582,L2,0.014849...
GetData ===>> H2,0.162887271061368,H1,6.1831460745019,AX,-0.172639987717684,L1,-0.0242655659023048,L2,-0.048700...
GetData ===>> H2,0.111210343528323,H1,6.19594176835532,AX,-0.110527048429908,L1,-0.00217085242473076,L2,0.13012...
GetData ===>> H2,0.0279108227853566,H1,6.0942629412948,AX,0.102402290089919,L1,0.0020776944366298,L2,0.04264162...
GetData ===>> H2,0.0715770403379084,H1,6.08418458526179,AX,-0.0808582390789655,L1,-0.0165210386818459,L2,-0.034...
GetData ===>> H2,0.0736049583876621,H1,6.10562070797431,AX,0.0356793422017925,L1,-0.00988566123033038,L2,-0.038...
Peak center failed to move to a baseline position
_do_sweep sm= 5.8658, em= 5.8958, stm= 0.001
calculated step values: start=5.8658, end=5.8958, width=0.001, nsteps=31.0
setting magnet DAC
current  : 5.865800
requested: 5.865800
Delta Dac: 0.000000
Checking detector protection. dv=0.00000
Checking detector "CDD". Protection Threshold: 0.1 (V)
SetMagnetDAC 5.8658 ===>> OK
GetData ===>> H2,0.0736049583876621,H1,6.10562070797431,AX,0.0356793422017925,L1,-0.00988566123033038,L2,-0.038...
setting magnet DAC
current  : 5.865800
requested: 5.866834
Delta Dac: 0.001034
Checking detector protection. dv=0.00103
Checking detector "CDD". Protection Threshold: 0.1 (V)
SetMagnetDAC 5.86683448276 ===>> OK
Magnet settling time: 1.049
GetData ===>> H2,-0.0906536412078131,H1,14.3234877975478,AX,-0.0350856314162261,L1,0.0176134996545203,L2,0.0695...
setting magnet DAC
current  : 5.866834
requested: 5.867869
Delta Dac: 0.001034
Checking detector protection. dv=0.00103
Checking detector "CDD". Protection Threshold: 0.1 (V)
SetMagnetDAC 5.86786896552 ===>> OK
Magnet settling time: 1.049
GetData ===>> H2,-0.0914576890582923,H1,50.8945797124676,AX,-0.0241610217563828,L1,-0.0272774458098368,L2,0.052...
setting magnet DAC
current  : 5.867869
requested: 5.868903
Delta Dac: 0.001034
Checking detector protection. dv=0.00103
Checking detector "CDD". Protection Threshold: 0.1 (V)
SetMagnetDAC 5.86890344828 ===>> OK
Magnet settling time: 1.049
GetData ===>> H2,-0.0306532507367338,H1,162.03892731521,AX,0.489778349357482,L1,0.0113783104209751,L2,-0.187531...
setting magnet DAC
current  : 5.868903
requested: 5.869938
Delta Dac: 0.001034
Checking detector protection. dv=0.00103
Checking detector "CDD". Protection Threshold: 0.1 (V)
SetMagnetDAC 5.86993793103 ===>> OK
Magnet settling time: 1.049
GetData ===>> H2,0.00100487274988506,H1,407.333095751535,AX,1.42412243618352,L1,0.0260019415501359,L2,-0.046765...
setting magnet DAC
current  : 5.869938
requested: 5.870972
Delta Dac: 0.001034
Checking detector protection. dv=0.00103
Checking detector "CDD". Protection Threshold: 0.1 (V)
SetMagnetDAC 5.87097241379 ===>> OK
Magnet settling time: 1.049
GetData ===>> H2,0.0637276963977464,H1,774.724701155756,AX,3.14601550715441,L1,-0.0186128642656369,L2,-0.044511...
setting magnet DAC
current  : 5.870972
requested: 5.872007
Delta Dac: 0.001034
Checking detector protection. dv=0.00103
Checking detector "CDD". Protection Threshold: 0.1 (V)
SetMagnetDAC 5.87200689655 ===>> OK
Magnet settling time: 1.049
GetData ===>> H2,-0.0402275758895797,H1,1289.2473442341,AX,6.21884002393961,L1,0.00353509479605877,L2,-0.059944...
setting magnet DAC
current  : 5.872007
requested: 5.873041
Delta Dac: 0.001034
Checking detector protection. dv=0.00103
Checking detector "CDD". Protection Threshold: 0.1 (V)
SetMagnetDAC 5.87304137931 ===>> OK
Magnet settling time: 1.049
GetData ===>> H2,-0.146012158630615,H1,1450.26249996722,AX,7.34252274333489,L1,0.00981711831535918,L2,-0.015257...
setting magnet DAC
current  : 5.873041
requested: 5.874076
Delta Dac: 0.001034
Checking detector protection. dv=0.00103
Checking detector "CDD". Protection Threshold: 0.1 (V)
SetMagnetDAC 5.87407586207 ===>> OK
Magnet settling time: 1.049
GetData ===>> H2,-0.0611809890130831,H1,1509.27831733479,AX,7.95732873626135,L1,0.0773088368623286,L2,-0.025502...
setting magnet DAC
current  : 5.874076
requested: 5.875110
Delta Dac: 0.001034
Checking detector protection. dv=0.00103
Checking detector "CDD". Protection Threshold: 0.1 (V)
SetMagnetDAC 5.87511034483 ===>> OK
Magnet settling time: 1.049
GetData ===>> H2,-0.0795508861563577,H1,1525.81203845717,AX,7.96772837182019,L1,0.0882330689477667,L2,-0.000751...
setting magnet DAC
current  : 5.875110
requested: 5.876145
Delta Dac: 0.001034
Checking detector protection. dv=0.00103
Checking detector "CDD". Protection Threshold: 0.1 (V)
SetMagnetDAC 5.87614482759 ===>> OK
Magnet settling time: 1.049
GetData ===>> H2,-0.142764469812676,H1,1529.64746183149,AX,8.17715448108832,L1,0.10133210041176,L2,0.1357584403...
setting magnet DAC
current  : 5.876145
requested: 5.877179
Delta Dac: 0.001034
Checking detector protection. dv=0.00103
Checking detector "CDD". Protection Threshold: 0.1 (V)
SetMagnetDAC 5.87717931034 ===>> OK
Magnet settling time: 1.049
GetData ===>> H2,-0.00760536017006046,H1,1530.28101469808,AX,8.09393612335043,L1,0.0857755785721891,L2,0.050160...
setting magnet DAC
current  : 5.877179
requested: 5.878214
Delta Dac: 0.001034
Checking detector protection. dv=0.00103
Checking detector "CDD". Protection Threshold: 0.1 (V)
SetMagnetDAC 5.8782137931 ===>> OK
Magnet settling time: 1.049
GetData ===>> H2,0.0363002253371883,H1,1529.96084731538,AX,8.07985159498444,L1,0.0984159903142758,L2,-0.0644047...
setting magnet DAC
current  : 5.878214
requested: 5.879248
Delta Dac: 0.001034
Checking detector protection. dv=0.00103
Checking detector "CDD". Protection Threshold: 0.1 (V)
SetMagnetDAC 5.87924827586 ===>> OK
Magnet settling time: 1.049
GetData ===>> H2,-0.0808461792211556,H1,1529.84660394088,AX,8.22874939114467,L1,0.0829795904697367,L2,0.0477681...
setting magnet DAC
current  : 5.879248
requested: 5.880283
Delta Dac: 0.001034
Checking detector protection. dv=0.00103
Checking detector "CDD". Protection Threshold: 0.1 (V)
SetMagnetDAC 5.88028275862 ===>> OK
Magnet settling time: 1.049
GetData ===>> H2,-0.14171410375601,H1,1530.45264000103,AX,8.12331941347358,L1,0.105934515454013,L2,0.0350321670...
setting magnet DAC
current  : 5.880283
requested: 5.881317
Delta Dac: 0.001034
Checking detector protection. dv=0.00103
Checking detector "CDD". Protection Threshold: 0.1 (V)
SetMagnetDAC 5.88131724138 ===>> OK
Magnet settling time: 1.049
GetData ===>> H2,-0.114614011364561,H1,1529.5874597561,AX,8.11519949508187,L1,0.136648841874688,L2,0.0062401621...
setting magnet DAC
current  : 5.881317
requested: 5.882352
Delta Dac: 0.001034
Checking detector protection. dv=0.00103
Checking detector "CDD". Protection Threshold: 0.1 (V)
SetMagnetDAC 5.88235172414 ===>> OK
Magnet settling time: 1.049
GetData ===>> H2,-0.216315518480415,H1,1527.33429428779,AX,8.02350889846509,L1,0.0751069451848693,L2,0.03915578...
setting magnet DAC
current  : 5.882352
requested: 5.883386
Delta Dac: 0.001034
Checking detector protection. dv=0.00103
Checking detector "CDD". Protection Threshold: 0.1 (V)
SetMagnetDAC 5.8833862069 ===>> OK
Magnet settling time: 1.049
GetData ===>> H2,-0.271644055023665,H1,1523.07643749404,AX,8.12849136712793,L1,0.102014254031644,L2,0.084208171...
setting magnet DAC
current  : 5.883386
requested: 5.884421
Delta Dac: 0.001034
Checking detector protection. dv=0.00103
Checking detector "CDD". Protection Threshold: 0.1 (V)
SetMagnetDAC 5.88442068966 ===>> OK
Magnet settling time: 1.049
GetData ===>> H2,-0.168130357894834,H1,1507.08570394961,AX,8.0828471112939,L1,0.11590595433297,L2,0.11430048800...
setting magnet DAC
current  : 5.884421
requested: 5.885455
Delta Dac: 0.001034
Checking detector protection. dv=0.00103
Checking detector "CDD". Protection Threshold: 0.1 (V)
SetMagnetDAC 5.88545517241 ===>> OK
Magnet settling time: 1.049
GetData ===>> H2,-0.0432589449161556,H1,1450.39471429181,AX,7.37545519369082,L1,0.0640613657388634,L2,0.1057961...
setting magnet DAC
current  : 5.885455
requested: 5.886490
Delta Dac: 0.001034
Checking detector protection. dv=0.00103
Checking detector "CDD". Protection Threshold: 0.1 (V)
SetMagnetDAC 5.88648965517 ===>> OK
Magnet settling time: 1.049
GetData ===>> H2,-0.222343051215068,H1,1296.10435375984,AX,5.89875460141329,L1,0.0301459193421611,L2,-0.0418941...
setting magnet DAC
current  : 5.886490
requested: 5.887524
Delta Dac: 0.001034
Checking detector protection. dv=0.00103
Checking detector "CDD". Protection Threshold: 0.1 (V)
SetMagnetDAC 5.88752413793 ===>> OK
Magnet settling time: 1.049
GetData ===>> H2,-0.255392401450492,H1,1004.19683025866,AX,4.28917575234502,L1,0.0202968496621039,L2,-0.0283716...
setting magnet DAC
current  : 5.887524
requested: 5.888559
Delta Dac: 0.001034
Checking detector protection. dv=0.00103
Checking detector "CDD". Protection Threshold: 0.1 (V)
SetMagnetDAC 5.88855862069 ===>> OK
Magnet settling time: 1.049
GetData ===>> H2,-0.25973366126233,H1,636.46880259047,AX,2.2418687130159,L1,0.0367509748554693,L2,-0.0589426094...
setting magnet DAC
current  : 5.888559
requested: 5.889593
Delta Dac: 0.001034
Checking detector protection. dv=0.00103
Checking detector "CDD". Protection Threshold: 0.1 (V)
SetMagnetDAC 5.88959310345 ===>> OK
Magnet settling time: 1.049
GetData ===>> H2,-0.268325236367687,H1,305.816151190915,AX,0.900203397391847,L1,0.0198239713810037,L2,0.0285395...
setting magnet DAC
current  : 5.889593
requested: 5.890628
Delta Dac: 0.001034
Checking detector protection. dv=0.00103
Checking detector "CDD". Protection Threshold: 0.1 (V)
SetMagnetDAC 5.89062758621 ===>> OK
Magnet settling time: 1.049
GetData ===>> H2,-0.101591394649925,H1,57.8606428216282,AX,-0.149916952346342,L1,0.0403846374845769,L2,0.114893...
setting magnet DAC
current  : 5.890628
requested: 5.891662
Delta Dac: 0.001034
Checking detector protection. dv=0.00103
Checking detector "CDD". Protection Threshold: 0.1 (V)
SetMagnetDAC 5.89166206897 ===>> OK
Magnet settling time: 1.049
GetData ===>> H2,-0.0386830858198237,H1,15.4909446005812,AX,-0.0978725534519798,L1,-5.40039719814609E-05,L2,0.0...
setting magnet DAC
current  : 5.891662
requested: 5.892697
Delta Dac: 0.001034
Checking detector protection. dv=0.00103
Checking detector "CDD". Protection Threshold: 0.1 (V)
SetMagnetDAC 5.89269655172 ===>> OK
Magnet settling time: 1.049
GetData ===>> H2,-0.19937600576678,H1,3.59972201336987,AX,0.0986005321667633,L1,-0.0851835427255414,L2,-0.08622...
setting magnet DAC
current  : 5.892697
requested: 5.893731
Delta Dac: 0.001034
Checking detector protection. dv=0.00103
Checking detector "CDD". Protection Threshold: 0.1 (V)
SetMagnetDAC 5.89373103448 ===>> OK
Magnet settling time: 1.049
GetData ===>> H2,-0.202641382227148,H1,0.573018982598428,AX,0.0270223725408727,L1,-0.00241322957806709,L2,-0.16...
setting magnet DAC
current  : 5.893731
requested: 5.894766
Delta Dac: 0.001034
Checking detector protection. dv=0.00103
Checking detector "CDD". Protection Threshold: 0.1 (V)
SetMagnetDAC 5.89476551724 ===>> OK
Magnet settling time: 1.049
GetData ===>> H2,-0.232592433564917,H1,-0.0353645873731211,AX,-0.112033426291627,L1,-0.0149321107843483,L2,-0.1...
setting magnet DAC
current  : 5.894766
requested: 5.895800
Delta Dac: 0.001034
Checking detector protection. dv=0.00103
Checking detector "CDD". Protection Threshold: 0.1 (V)
SetMagnetDAC 5.8958 ===>> OK
Magnet settling time: 1.049
GetData ===>> H2,-0.100742079806357,H1,-0.175520813737662,AX,-0.112983591100192,L1,-0.0576490293191549,L2,-0.02...
result of _do_sweep=True
result of _calculate_peak_center=([5.8716617234468931, 5.8793571142284557, 5.8870525050100184], [1117.5679452908864, 1530.4474385165909, 1137.280921634479], 5.8802889779559111, 1530.4474385165909)
Failed to find a valid peak. No peak greater than 1.0. max = 0.0201216174992
new center pos Detector(H1) (Ar40) @ 5.87935711423
GetHighVoltage ===>> 4500
GetDeflection H1 ===>> 0
dac uncorrected for HV and deflection 5.87935711423
update mftable H1 Ar40 5.87935711423 message=automated run peakcenter
get initial guess parabolic
get initial guess parabolic
get initial guess parabolic
get initial guess parabolic
get initial guess parabolic
get initial guess parabolic
dump mftable to /Users/jan/PychronDev/setupfiles/spectrometer/mftables/mftable.csv
add to repo msg=modified - automated run peakcenter
sweep finished
locally archiving mftable
setting magnet DAC
current  : 5.895800
requested: 5.879357
Delta Dac: 0.016443
Checking detector protection. dv=0.01644
Checking detector "CDD". Protection Threshold: 0.1 (V)
SetMagnetDAC 5.87935711423 ===>> OK
Magnet settling time: 0.500
setting integration time = 1.048576
SetIntegrationTime 1.048576 ===>> OK
Failed to find a valid peak. No peak greater than 1.0. max = 0.0201216174992
flush and close file /Users/jan/PychronDev/data/isotopes/55/358ef9-0f27-4ba4-9c0f-7c971b493071.h5
finished measure script
executed snippet estimated_duration=226.132928, duration=272.806264162
jan_unknown120_60.py completed successfully
Measurement Finished
12:16:47 -- ******* Measurement Finished *******
Post Measurement Started jan_pump_ms.py
12:16:47 -- ******* Post Measurement Started jan_pump_ms.py *******
testing...
no interpolation path defined
executed snippet estimated_duration=0, duration=6.50882720947e-05
Pumping spectrometer
open () {'name': 'O'}
opening name=O desc=---
checking ownership. requestor=129.138.12.150
check software interlocks O
interlocks []
actuate state mode=None-script, software_lock=False
doing actuation None-script open_channel True
Open O ===>> OK
GetIndicatorState O ===>> OK
change switch state (True, True)
update switch state O True args=() kw={} ncanvase=3
12:16:48 -- OPEN   VALVE-O (Jan Ion Pump)
---------------------------------------- open O () result=[(True, True)], time=0.12 sec
action=open, ok=True, locked=[False]
executed snippet estimated_duration=0, duration=0.372884988785
jan_pump_ms.py completed successfully
setting _ms_pumptime
Post Measurement Finished
12:16:48 -- ******* Post Measurement Finished *******
$$$$$$$$$$$$$$$$$$$$ state at run end measurement
state changed from measurement to success
post measurement save measured=True aborted=False
Set filtering
setting fod for Ar40= {'filter_outliers': True, 'std_devs': 2, 'iterations': 1}
setting fod for H1= {'filter_outliers': True, 'std_devs': 2, 'iterations': 1}
setting fod for PM41= {'filter_outliers': False, 'std_devs': 2, 'iterations': 1}
setting fod for H2= {'filter_outliers': True, 'std_devs': 2, 'iterations': 1}
setting fod for Ar36= {'filter_outliers': True, 'std_devs': 2, 'iterations': 1}
setting fod for CDD= {'filter_outliers': True, 'std_devs': 10, 'iterations': 1}
setting fod for Ar37= {'filter_outliers': True, 'std_devs': 2, 'iterations': 1}
setting fod for L2= {'filter_outliers': True, 'std_devs': 2, 'iterations': 1}
setting fod for Ar38= {'filter_outliers': True, 'std_devs': 2, 'iterations': 1}
setting fod for L1= {'filter_outliers': True, 'std_devs': 2, 'iterations': 1}
setting fod for Ar39= {'filter_outliers': True, 'std_devs': 2, 'iterations': 1}
setting fod for AX= {'filter_outliers': True, 'std_devs': 2, 'iterations': 1}
persistence save...
persistence save - db
post measurement save
4834581584 connecting to database sqlite:////Users/jan/PychronDev/.appdata/local_lab.db
connected to db sqlite:////Users/jan/PychronDev/.appdata/local_lab.db
create new session 4834581584
close session 4834581584
No database instance. Not saving post measurement to isotopedb database
$$$$$$$$$$$$$$$ auto_save_detector_ic=False
massspec enabled True
create new session 5036891792
MassSpec Database Version: 16.0
close session 5036891792
saving post measurement to secondary database
saving to massspec database 129.138.12.160/massspecdata
setting labnumber to 65532
setting aliquot to 1
setting step to L
setting uuid to 55358ef9-0f27-4ba4-9c0f-7c971b493071
setting irradpos to 65532
setting extract_device to Fusions CO2
setting tray to 
setting position to 147
setting power_requested to 0.475
setting extract_value to 0.475
setting duration to 30.0
setting duration_at_request to 30.0
setting first_stage_delay to 30.0
setting cleanup to 30.0
setting comment to REE-1004 G:2
setting irradiation to NM-289
setting level to G
setting irradiation_level to G
setting sample to REE-1004
setting material to Kspar
setting project to REE
setting mass_spectrometer to Jan
no attribute chron_dosages
no attribute production_ratios
no attribute interference_corrections
no attribute production_name
no attribute j
Reference Isotope=Ar40
Reference Detector=H1
%%%%%%%%%%%%%%%%%%%% Comment: REE-1004 G:2 %%%%%%%%%%%%%%%%%%%
adding isotope PM41 H2
add baseline dbdet= PM41. original det= H2
get baseline data PM41 H2
Get data baseline <pychron.processing.isotope.Baseline object at 0x11418e450> len t=60
baseline PM41. v=-0.187620897357, e=0.0069648410623
get signal data PM41 H2
Get data signal PM41 0.13+/-0.06 len t=120
adding isotope Ar40 H1
add baseline dbdet= Ar40. original det= H1
get baseline data Ar40 H1
Get data baseline <pychron.processing.isotope.Baseline object at 0x11418e3d0> len t=60
baseline Ar40. v=0.036407535231, e=0.00664180460332
get signal data Ar40 H1
Get data signal Ar40 1683.15+/-0.07 len t=120
adding isotope Ar39 AX
add baseline dbdet= Ar39. original det= AX
get baseline data Ar39 AX
Get data baseline <pychron.processing.isotope.Baseline object at 0x11418e8d0> len t=60
baseline Ar39. v=-0.0953271972493, e=0.00765691284749
get signal data Ar39 AX
Get data signal Ar39 8.406+/-0.014 len t=120
adding isotope Ar38 L1
add baseline dbdet= Ar38. original det= L1
get baseline data Ar38 L1
Get data baseline <pychron.processing.isotope.Baseline object at 0x11418ea90> len t=60
baseline Ar38. v=-0.024878421258, e=0.00275185597543
get signal data Ar38 L1
Get data signal Ar38 0.126+/-0.004 len t=120
adding isotope Ar37 L2
add baseline dbdet= Ar37. original det= L2
get baseline data Ar37 L2
Get data baseline <pychron.processing.isotope.Baseline object at 0x11418ec50> len t=60
baseline Ar37. v=-0.0191498376769, e=0.00592748116324
get signal data Ar37 L2
Get data signal Ar37 0.055+/-0.010 len t=120
adding isotope Ar36 CDD
add baseline dbdet= Ar36. original det= CDD
get baseline data Ar36 CDD
Get data baseline <pychron.processing.isotope.Baseline object at 0x11418ee10> len t=60
baseline Ar36. v=0.000280363195308, e=2.21232677655e-05
get signal data Ar36 CDD
Get data signal Ar36 0.00816+/-0.00030 len t=120
65532-01L added analysis time 0.573575019836s
analysis added to mass spec database
mass spec save time= 0.591
persistence save - dvc
================= post measurement started
create new session 4996307664
close session 4996307664
---------------- Experiment Queue saving disabled
DVC saving peakcenter
Failed to find a valid peak. No peak greater than 1.0. max = 0.0201216174992
Smart pull ahead: 0 behind: 0
Up-to-date with origin
add to repo msg=modified - ad8224ebc6dbfeb9f5997218dfa5fe690569839d.json
add to repo msg=modified - 32-01L.json
add to repo msg=modified - 32-01L.dat.json
add to repo msg=modified - 32-01L.blan.json
add to repo msg=modified - 32-01L.inte.json
add to repo msg=modified - 32-01L.icfa.json
add to repo msg=modified - 32-01L.base.json
not at valid file /Users/jan/PychronDev/data/.dvc/repositories/REEFenite/655/tags/32-01L.tags.json
add to repo msg=modified - 32-01L.peak.json
add to repo msg=modified - 32-01L.extr.json
not at valid file /Users/jan/PychronDev/data/.dvc/repositories/REEFenite/655/monitor/32-01L.moni.json
commit message=<COLLECTION>
add to repo msg=modified - 32-01L.inte.json
add to repo msg=modified - 32-01L.base.json
commit message=<ISOEVO> default collection fits
add to repo msg=modified - 32-01L.blan.json
commit message=<BLANKS> preceding 
add to repo msg=modified - 32-01L.icfa.json
commit message=<ICFactor> default
push repository <pychron.git_archive.repo_manager.GitRepoManager object at 0x1411153b0>
pushing to remote=origin, url=https://github.com
no changes to meta repo
create new session 4996307664
add association REEFenite
get identifier "65532"
setting analysis irradiation position=<pychron.dvc.dvc_orm.IrradiationPositionTbl object at 0x13d623a50>
close session 4996307664
================= post measurement finished
12:17:05 -- ******* Post Run Check *******
loading queue conditionals post_run_actions
loading system conditionals post_run_actions
loading conditionals from /Users/jan/PychronDev/setupfiles/spectrometer/default_conditionals.yaml
loading queue conditionals post_run_terminations
loading system conditionals post_run_terminations
loading conditionals from /Users/jan/PychronDev/setupfiles/spectrometer/default_conditionals.yaml
Checking default post run terminations n=1
GetDeflection CDD ===>> 50
testing CDD==2000
evaluate ot="CDD.deflection==2000" t="CDD==2000", ctx="{'CDD': 50.0}"
12:17:05 -- ******* Post Run Check Passed *******
12:17:05 -- Automated run 65532-01L success duration: 368.184 s
----------------- finish -----------------
----------------- stop -----------------
retroactive repository identifiers disabled
finish run. runs completed=12
update duration runid=65532-01L, duration=368.184360027, md5=3be28e4d
loading script "jan_unknown120_60.py"
loading script "jan_pump_ms.py"
loading script "jan_co2.py"
loading script "jan_pump_extraction_line.py"
testing...
no interpolation path defined
executed snippet estimated_duration=213.652928, duration=0.00026798248291
script duration name:unknown120_60 seconds:214.0
loading script "jan_unknown120_60.py"
loading script "jan_pump_ms.py"
loading script "jan_co2.py"
loading script "jan_pump_extraction_line.py"
testing...
no interpolation path defined
executed snippet estimated_duration=0, duration=4.10079956055e-05
loading script "jan_unknown120_60.py"
loading script "jan_pump_ms.py"
loading script "jan_co2.py"
loading script "jan_pump_extraction_line.py"
testing...
no interpolation path defined
calculate duration
testing...
no interpolation path defined
executed snippet estimated_duration=0, duration=0.000138998031616
calculate duration
testing...
no interpolation path defined
executed snippet estimated_duration=0, duration=0.000123023986816
executed snippet estimated_duration=0.0, duration=0.00350189208984
script duration name:co2 seconds:0.0
loading script "jan_unknown120_60.py"
loading script "jan_pump_ms.py"
loading script "jan_co2.py"
loading script "jan_pump_extraction_line.py"
testing...
no interpolation path defined
calculate duration
testing...
no interpolation path defined
executed snippet estimated_duration=4.0, duration=0.000175952911377
executed snippet estimated_duration=4.0, duration=0.00209712982178
Script duration 214.0
Run total estimated duration= 215.000
unknown120_60 in script context. using previous estimated duration
script duration name:unknown120_60 seconds:214.0
pump_ms in script context. using previous estimated duration
co2 in script context. using previous estimated duration
script duration name:co2 seconds:0.0
pump_extraction_line in script context. using previous estimated duration
Script duration 214.0
Run total estimated duration= 215.000
script duration name:unknown120_60 seconds:214.0
script duration name:co2 seconds:0.0
Script duration 214.0
Run total estimated duration= 215.000
script duration name:unknown120_60 seconds:214.0
script duration name:co2 seconds:0.0
Script duration 214.0
Run total estimated duration= 215.000
script duration name:unknown120_60 seconds:214.0
script duration name:co2 seconds:0.0
Script duration 214.0
Run total estimated duration= 215.000
script duration name:unknown120_60 seconds:214.0
script duration name:co2 seconds:0.0
Script duration 214.0
Run total estimated duration= 215.000
script duration name:unknown120_60 seconds:214.0
script duration name:co2 seconds:0.0
Script duration 214.0
Run total estimated duration= 215.000
script duration name:unknown120_60 seconds:214.0
script duration name:co2 seconds:0.0
Script duration 214.0
Run total estimated duration= 215.000
script duration name:unknown120_60 seconds:214.0
script duration name:co2 seconds:0.0
Script duration 214.0
Run total estimated duration= 215.000
script duration name:unknown120_60 seconds:214.0
script duration name:co2 seconds:0.0
Script duration 214.0
Run total estimated duration= 215.000
script duration name:unknown120_60 seconds:214.0
script duration name:co2 seconds:0.0
Script duration 214.0
Run total estimated duration= 215.000
script duration name:unknown120_60 seconds:214.0
script duration name:co2 seconds:0.0
Script duration 214.0
Run total estimated duration= 215.000
script duration name:unknown120_60 seconds:214.0
script duration name:co2 seconds:0.0
Script duration 214.0
Run total estimated duration= 215.000
script duration name:unknown120_60 seconds:214.0
script duration name:co2 seconds:0.0
Script duration 214.0
Run total estimated duration= 215.000
script duration name:unknown120_60 seconds:214.0
script duration name:co2 seconds:0.0
Script duration 214.0
Run total estimated duration= 215.000
loading script "jan_unknown400_120.py"
loading script "jan_pump_ms.py"
loading script "jan_sniffair_x1.py"
loading script "jan_pump_extraction_line.py"
testing...
no interpolation path defined
executed snippet estimated_duration=556.052928, duration=0.000175952911377
script duration name:unknown400_120 seconds:556.0
loading script "jan_unknown400_120.py"
loading script "jan_pump_ms.py"
loading script "jan_sniffair_x1.py"
loading script "jan_pump_extraction_line.py"
testing...
no interpolation path defined
calculate duration
testing...
no interpolation path defined
executed snippet estimated_duration=0, duration=5.00679016113e-05
calculate duration
testing...
no interpolation path defined
executed snippet estimated_duration=0, duration=0.000110149383545
calculate duration
testing...
no interpolation path defined
executed snippet estimated_duration=32.0, duration=0.00010085105896
calculate duration
testing...
no interpolation path defined
executed snippet estimated_duration=34.0, duration=0.0001060962677
calculate duration
testing...
no interpolation path defined
executed snippet estimated_duration=4.0, duration=5.69820404053e-05
calculate duration
testing...
no interpolation path defined
executed snippet estimated_duration=70.0, duration=0.000102996826172
executed snippet estimated_duration=140.0, duration=0.00722002983093
script duration name:sniffair_x1 seconds:140.0
Script duration 696.0
Run total estimated duration= 697.000
unknown400_120 in script context. using previous estimated duration
script duration name:unknown400_120 seconds:556.0
sniffair_x1 in script context. using previous estimated duration
script duration name:sniffair_x1 seconds:140.0
Script duration 696.0
Run total estimated duration= 697.000
script duration name:unknown400_120 seconds:556.0
script duration name:sniffair_x1 seconds:140.0
Script duration 696.0
Run total estimated duration= 697.000
script duration name:unknown400_120 seconds:556.0
loading script "jan_unknown400_120.py"
loading script "jan_pump_ms.py"
loading script "jan_cocktail_x1.py"
loading script "jan_pump_extraction_line.py"
testing...
no interpolation path defined
calculate duration
testing...
no interpolation path defined
executed snippet estimated_duration=0, duration=5.00679016113e-05
calculate duration
testing...
no interpolation path defined
executed snippet estimated_duration=0, duration=0.000102043151855
calculate duration
testing...
no interpolation path defined
executed snippet estimated_duration=32.0, duration=8.79764556885e-05
calculate duration
testing...
no interpolation path defined
executed snippet estimated_duration=34.0, duration=7.39097595215e-05
calculate duration
testing...
no interpolation path defined
executed snippet estimated_duration=4.0, duration=4.91142272949e-05
calculate duration
testing...
no interpolation path defined
executed snippet estimated_duration=38.0, duration=7.29560852051e-05
executed snippet estimated_duration=108.0, duration=0.00573301315308
script duration name:cocktail_x1 seconds:108.0
Script duration 664.0
Run total estimated duration= 665.000
script duration name:unknown400_120 seconds:556.0
cocktail_x1 in script context. using previous estimated duration
script duration name:cocktail_x1 seconds:108.0
Script duration 664.0
Run total estimated duration= 665.000
script duration name:unknown400_120 seconds:556.0
script duration name:cocktail_x1 seconds:108.0
Script duration 664.0
Run total estimated duration= 665.000
nruns=21 before=5.0, run_dur=7311.0, btw=600.0
write rem/ex queues
/Users/jan/PychronDev/experiments/rem/Load1796.rem.txt
/Users/jan/PychronDev/experiments/rem/Load1796.ex.txt
doing event level: 3
