do run
loading script "jan_unknown120_60.py"
loading script "jan_pump_ms.py"
loading script "jan_co2.py"
loading script "jan_pump_extraction_line.py"
testing...
no interpolation path defined
executed snippet estimated_duration=213.652928, duration=0.000207901000977
script duration name:unknown120_60 seconds:214.0
loading script "jan_unknown120_60.py"
loading script "jan_pump_ms.py"
loading script "jan_co2.py"
loading script "jan_pump_extraction_line.py"
testing...
no interpolation path defined
executed snippet estimated_duration=0, duration=2.90870666504e-05
loading script "jan_unknown120_60.py"
loading script "jan_pump_ms.py"
loading script "jan_co2.py"
loading script "jan_pump_extraction_line.py"
testing...
no interpolation path defined
calculate duration
testing...
no interpolation path defined
executed snippet estimated_duration=0, duration=5.50746917725e-05
calculate duration
testing...
no interpolation path defined
executed snippet estimated_duration=0, duration=0.000127077102661
executed snippet estimated_duration=0.0, duration=0.00343012809753
script duration name:co2 seconds:0.0
loading script "jan_unknown120_60.py"
loading script "jan_pump_ms.py"
loading script "jan_co2.py"
loading script "jan_pump_extraction_line.py"
testing...
no interpolation path defined
calculate duration
testing...
no interpolation path defined
executed snippet estimated_duration=4.0, duration=0.000171184539795
executed snippet estimated_duration=4.0, duration=0.00177216529846
Script duration 214.0
Run total estimated duration= 215.000
run duration: 0:03:35
doing event level: 2
11:09:36 -- Setting default integration. t=1.048576
setting integration time = 1.048576
SetIntegrationTime 1.048576 ===>> OK
----------------- start -----------------
**************** Experiment Type: Ar/Ar, Ar/Ar
create new session 5008610224
close session 5008610224
$$$$$ Clearing conditionals
adding conditionals 
Add queue conditionals
add default conditionals
adding default conditionals from /Users/jan/PychronDev/setupfiles/spectrometer/default_conditionals.yaml
Start automated run 65539-02Z
loading script "jan_unknown120_60.py"
loading script "jan_pump_ms.py"
loading script "jan_co2.py"
loading script "jan_pump_extraction_line.py"
%%%%%%%%%%%%%%%%%% setting automated run 65539-02Z
No value "sensitivity_multiplier" in metadata
$$$$$$$$$$$$$$$ auto_save_detector_ic=False
============================= Pre Extraction Check =============================
loading queue conditionals pre_run_terminations
loading system conditionals pre_run_terminations
loading conditionals from /Users/jan/PychronDev/setupfiles/spectrometer/default_conditionals.yaml
11:09:36 -- ******* Pre Extraction Check *******
Get a measurement from the spectrometer
GetData ===>> H2,-0.163994534237153,H1,-0.0759469113770671,AX,-0.0436435454208939,L1,-0.0199553805533937,L2,-0....
Pre Extraction Termination data. keys=H2,H1,AX,L1,L2,CDD, signals=-0.16399,-0.07595,-0.04364,-0.01996,-0.04369,0.00000
11:09:36 -- testing system defined conditionals
Checking default pre extraction terminations n=2
testing CDD
evaluate ot="CDD.inactive" t="CDD", ctx="{'CDD': False}"
GetDeflection CDD ===>> 50
testing CDD==2000
evaluate ot="CDD.deflection==2000" t="CDD==2000", ctx="{'CDD': 50.0}"
11:09:36 -- ******* Pre Extraction Check Passed *******
=================================================================================
11:09:36 -- stopping status monitor
stop 5029607760
Alive clients [4985296944]
11:09:36 -- starting status monitor
start 5029607760
Monitor already running
start extraction
do extraction
Analysis started at 11:09:37.012423
Extraction Started jan_co2.py
11:09:37 -- ******* Extraction Started jan_co2.py *******
state changed from not run to extraction
DO EXTRACTION <pychron.extraction_line.pyscript_runner.RemotePyScriptRunner object at 0x12cba05f0>
testing...
no interpolation path defined
calculate duration
testing...
no interpolation path defined
executed snippet estimated_duration=0, duration=4.79221343994e-05
calculate duration
testing...
no interpolation path defined
executed snippet estimated_duration=0, duration=9.79900360107e-05
executed snippet estimated_duration=100.0, duration=0.00717306137085
Jan CO2 laser analysis
doing GOSUB
testing...
no interpolation path defined
executed snippet estimated_duration=0, duration=4.79221343994e-05
Waiting for CO2 access
wait ('FelixCO2Flag', 0) {}
waiting for FelixCO2Flag = 0
Read FelixCO2Flag ===>> 0
finished waiting
CO2 free
wait ('CO2PumpTimeFlag', 0) {}
waiting for CO2PumpTimeFlag = 0
Read CO2PumpTimeFlag ===>> 0
finished waiting
acquire ('JanCO2Flag',) {'clear': True}
acquire JanCO2Flag
Set JanCO2Flag 1 ===>> OK
JanCO2Flag acquired
set extraction state False (0.75, 'red', 1.5)
CO2 acquired
executed snippet estimated_duration=0, duration=0.0298230648041
WaitForCO2Access.py completed successfully
gosub finished
doing GOSUB
testing...
no interpolation path defined
executed snippet estimated_duration=0, duration=9.51290130615e-05
Prepare for CO2 analysis
close () {'description': 'Jan Inlet'}
closing name=--- desc=Jan Inlet
checking ownership. requestor=129.138.12.150
check software interlocks R
interlocks []
actuate state mode=None-script, software_lock=False
doing actuation None-script close_channel False
Close R ===>> OK
GetIndicatorState R ===>> False
change switch state (True, True)
update switch state R False args=() kw={} ncanvase=2
11:09:37 -- CLOSE  VALVE-R (Jan Inlet)
---------------------------------------- close None (Jan Inlet) result=[(True, True)]
action=close, ok=True, locked=[False]
open () {'description': 'Jan Ion Pump'}
opening name=--- desc=Jan Ion Pump
checking ownership. requestor=129.138.12.150
check software interlocks O
interlocks []
actuate state mode=None-script, software_lock=False
doing actuation None-script open_channel False
Open O ===>> OK
GetIndicatorState O ===>> OK
change switch state (True, True)
update switch state O True args=() kw={} ncanvase=2
11:09:37 -- OPEN   VALVE-O (Jan Ion Pump)
---------------------------------------- open None (Jan Ion Pump) result=[(True, True)], time=0.13 sec
action=open, ok=True, locked=[False]
close () {'description': 'Microbone to Minibone'}
closing name=--- desc=Microbone to Minibone
checking ownership. requestor=129.138.12.150
check software interlocks L
interlocks []
actuate state mode=None-script, software_lock=False
doing actuation None-script close_channel False
Close L ===>> OK
GetIndicatorState L ===>> False
change switch state (True, True)
update switch state L False args=() kw={} ncanvase=2
11:09:38 -- CLOSE  VALVE-L (Microbone to Minibone)
---------------------------------------- close None (Microbone to Minibone) result=[(True, True)]
action=close, ok=True, locked=[False]
open () {'description': 'Microbone to Turbo'}
opening name=--- desc=Microbone to Turbo
checking ownership. requestor=129.138.12.150
check software interlocks U
interlocks []
actuate state mode=None-script, software_lock=False
doing actuation None-script open_channel False
Open U ===>> OK
GetIndicatorState U ===>> OK
change switch state (True, True)
update switch state U True args=() kw={} ncanvase=2
11:09:38 -- OPEN   VALVE-U (Microbone to Turbo)
---------------------------------------- open None (Microbone to Turbo) result=[(True, True)], time=0.11 sec
action=open, ok=True, locked=[False]
open () {'description': 'Microbone to Inlet Pipette'}
opening name=--- desc=Microbone to Inlet Pipette
checking ownership. requestor=129.138.12.150
check software interlocks S
interlocks []
actuate state mode=None-script, software_lock=False
doing actuation None-script open_channel False
Open S ===>> OK
GetIndicatorState S ===>> OK
change switch state (True, True)
update switch state S True args=() kw={} ncanvase=2
11:09:39 -- OPEN   VALVE-S (Microbone to Inlet Pipette)
---------------------------------------- open None (Microbone to Inlet Pipette) result=[(True, True)], time=0.43 sec
action=open, ok=True, locked=[False]
open () {'description': 'Microbone to Getter D-50'}
opening name=--- desc=Microbone to Getter D-50
checking ownership. requestor=129.138.12.150
check software interlocks K
interlocks []
actuate state mode=None-script, software_lock=False
doing actuation None-script open_channel False
Open K ===>> OK
GetIndicatorState K ===>> OK
change switch state (True, True)
update switch state K True args=() kw={} ncanvase=2
11:09:40 -- OPEN   VALVE-K (Microbone to Getter D-50)
---------------------------------------- open None (Microbone to Getter D-50) result=[(True, True)], time=0.42 sec
action=open, ok=True, locked=[False]
open () {'description': 'Microbone to Getter NP-10'}
opening name=--- desc=Microbone to Getter NP-10
checking ownership. requestor=129.138.12.150
check software interlocks M
interlocks []
actuate state mode=None-script, software_lock=False
doing actuation None-script open_channel False
Open M ===>> OK
GetIndicatorState M ===>> OK
change switch state (True, True)
update switch state M True args=() kw={} ncanvase=2
11:09:40 -- OPEN   VALVE-M (Microbone to Getter NP-10)
---------------------------------------- open None (Microbone to Getter NP-10) result=[(True, True)], time=0.14 sec
action=open, ok=True, locked=[False]
close () {'description': 'CO2 Laser to Felix'}
closing name=--- desc=CO2 Laser to Felix
checking ownership. requestor=129.138.12.150
check software interlocks F
interlocks []
actuate state mode=None-script, software_lock=True
VALVE-F(CO2 Laser to Felix) software locked
change switch state (True, False)
---------------------------------------- close None (CO2 Laser to Felix) result=[(True, False)]
action=close, ok=True, locked=[True]
open () {'description': 'CO2 Laser to Jan'}
opening name=--- desc=CO2 Laser to Jan
checking ownership. requestor=129.138.12.150
check software interlocks A
interlocks []
actuate state mode=None-script, software_lock=False
doing actuation None-script open_channel False
Open A ===>> OK
GetIndicatorState A ===>> OK
change switch state (True, True)
update switch state A True args=() kw={} ncanvase=2
11:09:41 -- OPEN   VALVE-A (CO2 Laser to Jan)
---------------------------------------- open None (CO2 Laser to Jan) result=[(True, True)], time=0.14 sec
action=open, ok=True, locked=[False]
open () {'description': 'Microbone to CO2 Laser'}
opening name=--- desc=Microbone to CO2 Laser
checking ownership. requestor=129.138.12.150
check software interlocks T
interlocks []
actuate state mode=None-script, software_lock=False
doing actuation None-script open_channel False
Open T ===>> OK
GetIndicatorState T ===>> OK
change switch state (True, True)
update switch state T True args=() kw={} ncanvase=2
11:09:41 -- OPEN   VALVE-T (Microbone to CO2 Laser)
---------------------------------------- open None (Microbone to CO2 Laser) result=[(True, True)], time=0.43 sec
action=open, ok=True, locked=[False]
executed snippet estimated_duration=0, duration=4.95713686943
PrepareForCO2Analysis.py completed successfully
gosub finished
set_motor ('beam', '1.5') {}
setting motor "beam" to 1.5
set motor beam to 1.5
SetMotor beam,1.5 ===>> OK
GetMotorMoving beam ===>> False
GetMotorMoving beam ===>> False
Block completed
move_to_position ('207',) {'autocenter': True}
FusionsCO2 move to position 207
sending GoToHole 207,True
GoToHole 207,True ===>> OK
GetDriveMoving ===>> False
GetDriveMoving ===>> False
Block completed
GetAutoCorrecting ===>> OK
GetAutoCorrecting ===>> OK
GetAutoCorrecting ===>> False
GetAutoCorrecting ===>> False
Block completed
update position
GetPosition ===>> 9.96950,-11.96340,1.00000
got position (9.9695, -11.9634, 1.0)
move to position succeeded
sleep (5,) {}
SLEEP 5.0
block started
WaitControl setup for 5.0  
Join finished
block finished. duration 5.04132294655
close () {'description': 'Microbone to Turbo'}
closing name=--- desc=Microbone to Turbo
checking ownership. requestor=129.138.12.150
check software interlocks U
interlocks []
actuate state mode=None-script, software_lock=False
doing actuation None-script close_channel True
Close U ===>> OK
GetIndicatorState U ===>> False
change switch state (True, True)
update switch state U False args=() kw={} ncanvase=2
11:09:51 -- CLOSE  VALVE-U (Microbone to Turbo)
---------------------------------------- close None (Microbone to Turbo) result=[(True, True)]
action=close, ok=True, locked=[False]
enable laser
enable () {}
set extraction state FusionsCO2 Enabled (False, 'red', 1.5)
enabling laser
Enable ===>> OK
begin interval
BEGIN INTERVAL Interval 1 waiting for 30.0
block started
set extract to 1.0
WaitControl setup for 30.0  
extract (1.0,) {}
GetPosition ===>> 9.96950,-11.96340,1.00000
set extraction state FusionsCO2 ON! 1.0(watts) (0.75, 'red', 1.5)
extract sample to 1.0 (watts)
set laser output
SetLaserOutput 1.0,watts ===>> OK
COMPLETE INTERVAL waiting for Interval 1 to complete
Join finished
block finished. duration 30.1565542221
Interval 1 finished
end_extract () {}
ending extraction. set laser power to 0
set laser power 0
SetLaserPower 0 ===>> OK
disable () {}
%%%%%%%%%%%%%%%%%%%%%%%%%%%%%%%%%%% disable
set extraction state False (0.75, 'red', 1.5)
disabling laser
Disable ===>> OK
sleep (30.0,) {}
SLEEP 30.0
block started
WaitControl setup for 30.0  
Join finished
block finished. duration 30.1341810226
executed snippet estimated_duration=195.0, duration=75.5335159302
jan_co2.py completed successfully
GetAchievedOutput ===>> No Response
Requested Output= 0.000
Achieved Output=  0.000
GetResponseBlob ===>> No Response
GetOutputBlob ===>> No Response
persistence save...
persistence save - db
AutomatedRunPersister post_extraction_save deprecated
persistence save - dvc
no extraction position for 207
create new session 4984998608
close session 4984998608
Extraction Finished
11:10:52 -- ******* Extraction Finished *******
no overlap. not waiting for min ms pumptime
11:10:52 -- Sending spectrometer configuration
======== Sending configuration ========
SetDeflection CDD,50.0 ===>> OK
SetDeflection H2,0.0 ===>> OK
SetDeflection H1,0.0 ===>> OK
SetDeflection L2,825.0 ===>> OK
SetDeflection L1,400.0 ===>> OK
SetDeflection AX,190.0 ===>> OK
SetZFocus 74.64 ===>> OK
SetZSymmetry -50.72 ===>> OK
SetExtractionLens 26.13 ===>> OK
SetIonRepeller -3.81 ===>> OK
SetElectronEnergy 75.08 ===>> OK
SetYSymmetry -2.81 ===>> OK
SetIonCounterVoltage 1590.0 ===>> OK
send trap current 200.0
GetParameter Trap Current Readback ===>> 198.035158395898
SetParameter Trap Current Set,200.0 ===>> OK
updating mftable name mftable
Using mftable located at /Users/jan/PychronDev/setupfiles/spectrometer/mftables/mftable.csv
============ MFtable ===========
Isotope  H2     H1     AX     L1     L2     CDD    
Ar40     5.8263 5.8798 5.9930 6.1662 6.2314 6.3945
Ar39     5.7256 5.7721 5.8854 6.0523 6.1165 6.2810
Ar36     5.4031 5.4411 5.5488 5.7112 5.7715 5.9321
================================
get initial guess parabolic
get initial guess parabolic
get initial guess parabolic
get initial guess parabolic
get initial guess parabolic
get initial guess parabolic
======== Configuration Finished ========
GetYSymmetry ===>> -2.81
GetZSymmetry ===>> -50.72
GetParameter Trap Current Readback ===>> 198.370811206739
GetHighVoltage ===>> 4500
start measurement
do measurement
L#=65539 analysis type=unknown
Measurement Started jan_unknown120_60.py
11:10:52 -- ******* Measurement Started jan_unknown120_60.py *******
state changed from extraction to measurement
setting spec, defl, and gains
GetExtractionLens ===>> 26.13
GetYSymmetry ===>> -2.81
GetZSymmetry ===>> -50.72
GetZFocus ===>> 74.64
GetDeflection H2 ===>> 0
GetDeflection H1 ===>> 0
GetDeflection AX ===>> 190
GetDeflection L1 ===>> 400
GetDeflection L2 ===>> 825
GetDeflection CDD ===>> 50
GetGain H2 ===>> 0.0113
GetGain H1 ===>> 0.1
GetGain AX ===>> 0.097049
GetGain L1 ===>> 0.010355
GetGain L2 ===>> 0.095649
GetGain CDD ===>> 0
pre measurement save
New frame /Users/jan/PychronDev/data/isotopes/38/f035c8-a4da-4ac8-acab-268b083c41d0.h5
flush and close file /Users/jan/PychronDev/data/isotopes/38/f035c8-a4da-4ac8-acab-268b083c41d0.h5
testing...
no interpolation path defined
executed snippet estimated_duration=226.132928, duration=0.000124931335449
unknown measurement script
activate_detectors ('H2', 'H1', 'AX', 'L1', 'L2', 'CDD') {}
activate detectors
*************** Set Analysis View Ar/Ar
create graphs
clearing graphs
clear isotope group
setting isotope det=H2, iso=PM41
setting isotope det=H1, iso=Ar40
setting isotope det=AX, iso=Ar39
setting isotope det=L1, iso=Ar38
setting isotope det=L2, iso=Ar37
setting isotope det=CDD, iso=Ar36
setting previous blanks
 - setting Ar40 blank 0.415+/-0.007
 - setting Ar36 blank 0.00485+/-0.00017
 - setting Ar37 blank 0.057+/-0.005
 - setting Ar38 blank 0.0077+/-0.0022
 - setting PM41 blank 0.01+/-0.07
 - setting Ar39 blank 0.021+/-0.009
load analysis view
position_magnet ('Ar40',) {'detector': 'H1'}
detector Detector(H1)
POSITION Ar40 H1
setting detector H2 to PM41 (40.9624)
setting detector H1 to Ar40 (39.9624)
setting detector AX to Ar39 (38.9624)
setting detector L1 to Ar38 (37.9624)
setting detector L2 to Ar37 (36.9624)
setting detector CDD to Ar36 (35.9624)
Mapping mass to dac mass func: "parabolic"
H1 map mass coeffs = [-0.00063987  0.15840543  0.57143999]
H1 map mass to dac 39.9624 >> 5.87983
GetDeflection H1 ===>> 0
GetHighVoltage ===>> 4500
positioning Ar40 (5.87983) on H1
setting magnet DAC
current  : 5.240486
requested: 5.879830
Delta Dac: 0.639344
Checking detector protection. dv=0.63934
Checking detector "CDD". Protection Threshold: 0.1 (V)
ProtectDetector CDD,On ===>> OK
GetDeflection CDD ===>> 2000
Protected = 2000
SetMagnetDAC 5.87983 ===>> OK
Magnet settling time: 0.500
GetMagnetMoving ===>> True
GetMagnetMoving ===>> True
GetMagnetMoving ===>> True
GetMagnetMoving ===>> True
GetMagnetMoving ===>> True
GetMagnetMoving ===>> True
GetMagnetMoving ===>> True
GetMagnetMoving ===>> True
GetMagnetMoving ===>> False
ProtectDetector CDD,Off ===>> OK
GetDeflection CDD ===>> 50
update labels <pychron.experiment.plot_panel.PlotPanel object at 0x277465830>
update labels "<pychron.graph.stacked_regression_graph.StackedRegressionGraph object at 0x26138bfb0>"
setting label 0 H2 PM41
setting label 1 H1 Ar40
setting label 2 AX Ar39
setting label 3 L1 Ar38
setting label 4 L2 Ar37
setting label 5 CDD Ar36
update labels "<pychron.graph.stacked_graph.StackedGraph object at 0x261cedc50>"
setting label 0 H2 PM41
setting label 1 H1 Ar40
setting label 2 AX Ar39
equilibrate () {'delay': 3, 'inlet': 'R', 'outlet': 'O', 'eqtime': 12.0}
setting label 3 L1 Ar38
Equilibration Started
setting label 4 L2 Ar37
11:10:56 -- ******* Equilibration Started *******
setting label 5 CDD Ar36
checking ownership. requestor=129.138.12.150
check software interlocks O
interlocks []
actuate state mode=None-script, software_lock=False
doing actuation None-script close_channel True
Close O ===>> OK
GetIndicatorState O ===>> False
change switch state (True, True)
update switch state O False args=() kw={} ncanvase=2
11:10:56 -- CLOSE  VALVE-O (Jan Ion Pump)
waiting 3s before opening inlet value ('R',)
checking ownership. requestor=129.138.12.150
check software interlocks R
interlocks []
actuate state mode=None-script, software_lock=False
doing actuation None-script open_channel True
Open R ===>> OK
GetIndicatorState R ===>> OK
change switch state (True, True)
update switch state R True args=() kw={} ncanvase=2
11:11:00 -- OPEN   VALVE-R (Jan Inlet)
equilibrating for 12.0sec
set_time_zero () {}
sniff (12.0,) {}
py_sniff
build tables- sniff [Detector(H2), Detector(H1), Detector(AX), Detector(L1), Detector(L2), Detector(CDD)]
add group /sniff/PM41 (Group) '' table H2
add group /sniff/Ar40 (Group) '' table H1
add group /sniff/Ar39 (Group) '' table AX
add group /sniff/Ar38 (Group) '' table L1
add group /sniff/Ar37 (Group) '' table L2
add group /sniff/Ar36 (Group) '' table CDD
flush and close file /Users/jan/PychronDev/data/isotopes/38/f035c8-a4da-4ac8-acab-268b083c41d0.h5
measuring sniff. ncounts=12.0
"sniff" increment series count="1" fit count="0" regressing="False"
starting measurement
check iteration duration=4.6968460083e-05
GetData ===>> H2,-0.169031831819526,H1,0.0273295287757104,AX,-0.00778340760651158,L1,-0.035124170102051,L2,0.00...
check iteration duration=4.29153442383e-05
GetData ===>> H2,0.501732914528037,H1,0.294625673186722,AX,1.08398054500336,L1,0.0633589696700469,L2,0.27575182...
check iteration duration=4.00543212891e-05
GetData ===>> H2,0.850083657341702,H1,0.333990850994126,AX,0.766550656794847,L1,0.199443393792651,L2,0.26105845...
check iteration duration=1.50203704834e-05
GetData ===>> H2,0.348450696064528,H1,0.412038343215371,AX,0.232526737785147,L1,0.180358331346758,L2,-0.0035559...
check iteration duration=1.50203704834e-05
GetData ===>> H2,0.0646935035539512,H1,0.449679630457456,AX,0.243218170256126,L1,0.12571613421969,L2,-0.0049692...
check iteration duration=1.71661376953e-05
GetData ===>> H2,-0.0395462888555677,H1,0.506810093570276,AX,0.0967899215069855,L1,0.0961604814992243,L2,0.0554...
check iteration duration=1.78813934326e-05
GetData ===>> H2,-0.0639753540114653,H1,0.500820868501628,AX,0.0197469357523156,L1,0.0625040371491342,L2,0.0605...
check iteration duration=1.81198120117e-05
GetData ===>> H2,-0.179569160558309,H1,0.394023830670176,AX,-0.0525601376284841,L1,0.0434746407804469,L2,0.0335...
check iteration duration=1.59740447998e-05
GetData ===>> H2,-0.287431604679785,H1,0.397789038627505,AX,0.00100967793999744,L1,0.00057969707183393,L2,0.113...
check iteration duration=4.50611114502e-05
GetData ===>> H2,-0.329479415654821,H1,0.472493450421685,AX,0.0058009678374751,L1,-0.010335269502749,L2,0.08499...
check iteration duration=1.90734863281e-05
GetData ===>> H2,-0.238096048660306,H1,0.488162185766661,AX,0.0447781131667153,L1,-0.0139038472564061,L2,0.0689...
Equilibration Finished
check iteration duration=2.71797180176e-05
11:11:12 -- ******* Equilibration Finished *******
checking ownership. requestor=129.138.12.150
GetData ===>> H2,-0.198736841615946,H1,0.488903254440731,AX,-0.0215166643890266,L1,-0.00858348236361435,L2,-0.0...
check software interlocks R
interlocks []
actuate state mode=None-script, software_lock=False
doing actuation None-script close_channel True
Close R ===>> OK
set states for children of R. state=False
handle state [('R', False)]
update switch state R False args=() kw={'refresh': False} ncanvase=2
refresh_canvas_needed fired
GetIndicatorState R ===>> False
change switch state (True, True)
update switch state R False args=() kw={} ncanvase=2
11:11:13 -- CLOSE  VALVE-R (Jan Inlet)
Post Equilibration Started jan_pump_extraction_line.py
11:11:13 -- ******* Post Equilibration Started jan_pump_extraction_line.py *******
testing...
no interpolation path defined
calculate duration
testing...
no interpolation path defined
executed snippet estimated_duration=4.0, duration=0.000115871429443
executed snippet estimated_duration=4.0, duration=0.00115513801575
Pump after analysis
doing GOSUB
testing...
no interpolation path defined
executed snippet estimated_duration=4.0, duration=0.000115871429443
Pump Microbone
close () {'description': 'Jan Inlet'}
closing name=--- desc=Jan Inlet
checking ownership. requestor=129.138.12.150
check software interlocks R
interlocks []
actuate state mode=None-script, software_lock=False
doing actuation None-script close_channel False
check iteration duration=1.81198120117e-05
waiting for write to finish
measurement finished
estimated time: 12.583 actual time: :12.725
flush and close file /Users/jan/PychronDev/data/isotopes/38/f035c8-a4da-4ac8-acab-268b083c41d0.h5
set_fits () {}
using default fits file=/Users/jan/PychronDev/scripts/measurement/fits/nominal_linear.yaml
set "Ar40" to "('Linear', 'SEM')"
No fit for "PM41". defaulting to linear. check the measurement script "jan_unknown120_60.py"
set "PM41" to "linear"
set "Ar36" to "('Linear', 'SEM')"
set "Ar37" to "('linear', 'SEM')"
set "Ar38" to "('linear', 'SEM')"
set "Ar39" to "('Linear', 'SEM')"
set_baseline_fits () {}
Close R ===>> OK
using default fits file=/Users/jan/PychronDev/scripts/measurement/fits/nominal_linear.yaml
set "H1" to "('average', 'SEM')"
set "H2" to "('average', 'SEM')"
set "CDD" to "('average', 'SEM')"
set "L2" to "('average', 'SEM')"
set "L1" to "('average', 'SEM')"
set "AX" to "('average', 'SEM')"
multicollect () {'integration_time': 1, 'ncounts': 120}
build tables- signal [Detector(H2), Detector(H1), Detector(AX), Detector(L1), Detector(L2), Detector(CDD)]
add group /signal/PM41 (Group) '' table H2
add group /signal/Ar40 (Group) '' table H1
add group /signal/Ar39 (Group) '' table AX
add group /signal/Ar38 (Group) '' table L1
add group /signal/Ar37 (Group) '' table L2
add group /signal/Ar36 (Group) '' table CDD
flush and close file /Users/jan/PychronDev/data/isotopes/38/f035c8-a4da-4ac8-acab-268b083c41d0.h5
measuring signal. ncounts=120
GetIndicatorState R ===>> False
change switch state (True, True)
update switch state R False args=() kw={} ncanvase=2
11:11:13 -- CLOSE  VALVE-R (Jan Inlet)
---------------------------------------- close None (Jan Inlet) result=[(True, True)]
action=close, ok=True, locked=[False]
"signal" increment series count="2" fit count="1" regressing="True"
is_closed ('F',) {}
is F () closed?
is closed True
open () {'description': 'CO2 Laser to Jan'}
opening name=--- desc=CO2 Laser to Jan
checking ownership. requestor=129.138.12.150
check software interlocks A
interlocks []
actuate state mode=None-script, software_lock=False
doing actuation None-script open_channel False
Open A ===>> OK
GetIndicatorState A ===>> OK
change switch state (True, True)
update switch state A True args=() kw={} ncanvase=2
11:11:13 -- OPEN   VALVE-A (CO2 Laser to Jan)
---------------------------------------- open None (CO2 Laser to Jan) result=[(True, True)], time=0.13 sec
starting measurement
check iteration duration=7.79628753662e-05
GetData ===>> H2,-0.0391811999548514,H1,0.531834814427623,AX,0.134443387045098,L1,-0.00373900135552404,L2,0.201...
action=open, ok=True, locked=[False]
sleep (1,) {}
SLEEP 1.0
check iteration duration=3.38554382324e-05
GetData ===>> H2,0.0828901780915459,H1,0.566913402943192,AX,0.0214061980356318,L1,-0.000325235034915655,L2,0.05...
close () {'description': 'CO2 Laser to Roughing'}
closing name=--- desc=CO2 Laser to Roughing
checking ownership. requestor=129.138.12.150
check software interlocks G
interlocks []
actuate state mode=None-script, software_lock=True
VALVE-G(CO2 Laser to Roughing) software locked
change switch state (True, False)
---------------------------------------- close None (CO2 Laser to Roughing) result=[(True, False)]
action=close, ok=True, locked=[True]
open () {'description': 'Microbone to Turbo'}
opening name=--- desc=Microbone to Turbo
checking ownership. requestor=129.138.12.150
check software interlocks U
interlocks []
actuate state mode=None-script, software_lock=False
doing actuation None-script open_channel True
Open U ===>> OK
GetIndicatorState U ===>> OK
change switch state (True, True)
update switch state U True args=() kw={} ncanvase=2
11:11:15 -- OPEN   VALVE-U (Microbone to Turbo)
---------------------------------------- open None (Microbone to Turbo) result=[(True, True)], time=0.14 sec
action=open, ok=True, locked=[False]
open () {'description': 'Microbone to Getter NP-10'}
opening name=--- desc=Microbone to Getter NP-10
checking ownership. requestor=129.138.12.150
check software interlocks M
interlocks []
actuate state mode=None-script, software_lock=False
doing actuation None-script open_channel False
Open M ===>> OK
GetIndicatorState M ===>> OK
change switch state (True, True)
update switch state M True args=() kw={} ncanvase=2
11:11:15 -- OPEN   VALVE-M (Microbone to Getter NP-10)
---------------------------------------- open None (Microbone to Getter NP-10) result=[(True, True)], time=0.13 sec
action=open, ok=True, locked=[False]
open () {'description': 'Microbone to Getter D-50'}
opening name=--- desc=Microbone to Getter D-50
checking ownership. requestor=129.138.12.150
check software interlocks K
interlocks []
actuate state mode=None-script, software_lock=False
doing actuation None-script open_channel False
check iteration duration=3.981590271e-05
GetData ===>> H2,0.0433569333296909,H1,0.508639209602513,AX,0.057365116403187,L1,0.0124152740386589,L2,0.056606...
Open K ===>> OK
GetIndicatorState K ===>> OK
change switch state (True, True)
update switch state K True args=() kw={} ncanvase=2
11:11:16 -- OPEN   VALVE-K (Microbone to Getter D-50)
---------------------------------------- open None (Microbone to Getter D-50) result=[(True, True)], time=0.42 sec
action=open, ok=True, locked=[False]
open () {'description': 'Microbone to CO2 Laser'}
opening name=--- desc=Microbone to CO2 Laser
checking ownership. requestor=129.138.12.150
check software interlocks T
interlocks []
actuate state mode=None-script, software_lock=False
doing actuation None-script open_channel False
Open T ===>> OK
GetIndicatorState T ===>> OK
change switch state (True, True)
update switch state T True args=() kw={} ncanvase=2
11:11:17 -- OPEN   VALVE-T (Microbone to CO2 Laser)
---------------------------------------- open None (Microbone to CO2 Laser) result=[(True, True)], time=0.42 sec
check iteration duration=6.103515625e-05
GetData ===>> H2,-0.0251455925544492,H1,0.550096157008295,AX,0.00397955381986611,L1,0.0334358885410968,L2,0.163...
action=open, ok=True, locked=[False]
open () {'description': 'Microbone to Inlet Pipette'}
opening name=--- desc=Microbone to Inlet Pipette
checking ownership. requestor=129.138.12.150
check software interlocks S
interlocks []
actuate state mode=None-script, software_lock=False
doing actuation None-script open_channel False
Open S ===>> OK
GetIndicatorState S ===>> OK
change switch state (True, True)
update switch state S True args=() kw={} ncanvase=2
11:11:17 -- OPEN   VALVE-S (Microbone to Inlet Pipette)
---------------------------------------- open None (Microbone to Inlet Pipette) result=[(True, True)], time=0.43 sec
action=open, ok=True, locked=[False]
sleep (1,) {}
SLEEP 1.0
testing H1>-5.0
evaluate ot="H1.bs>-5.0" t="H1>-5.0", ctx="{'H1': None}"
check iteration duration=0.000828981399536
GetData ===>> H2,-0.0265940901120859,H1,0.580790350318883,AX,-0.110967376678961,L1,-0.00161168287489146,L2,0.01...
set_resource () {'name': 'CO2PumpTimeFlag', 'value': 30}
Set CO2PumpTimeFlag 30 ===>> OK
release ('JanCO2Flag',) {}
release JanCO2Flag
Set JanCO2Flag 0 ===>> OK
executed snippet estimated_duration=6.0, duration=5.96340179443
PumpMicrobone.py completed successfully
gosub finished
get_resource_value () {'name': 'JanMiniboneFlag'}
Read JanMiniboneFlag ===>> 0
Get Resource Value JanMiniboneFlag=0.0
get resource value 0.0
get_resource_value () {'name': 'JanMiniboneFlag'}
Read JanMiniboneFlag ===>> 0
Get Resource Value JanMiniboneFlag=0.0
executed snippet estimated_duration=4.0, duration=5.9810628891
jan_pump_extraction_line.py completed successfully
Post Equilibration Finished
11:11:19 -- ******* Post Equilibration Finished *******
check iteration duration=3.60012054443e-05
GetData ===>> H2,-0.0562392625434944,H1,0.649034986129693,AX,-0.0197769164124029,L1,-0.00311633028854404,L2,-0....
check iteration duration=6.98566436768e-05
GetData ===>> H2,-0.251543008855734,H1,0.554629120181027,AX,-0.0998774503902219,L1,0.0529962867829658,L2,0.0045...
check iteration duration=9.20295715332e-05
GetData ===>> H2,-0.164175440603162,H1,0.587227034007509,AX,0.02050114237522,L1,0.0685137758228256,L2,0.0429559...
check iteration duration=9.20295715332e-05
GetData ===>> H2,-0.172404974982995,H1,0.532085930203441,AX,-0.0756420836335712,L1,0.0202753702092545,L2,0.0600...
testing H1>-5.0
evaluate ot="H1.bs>-5.0" t="H1>-5.0", ctx="{'H1': None}"
check iteration duration=0.000642061233521
GetData ===>> H2,-0.195620061979631,H1,0.641524557400319,AX,-0.111396115427532,L1,0.0109796223131869,L2,0.03940...
check iteration duration=8.29696655273e-05
GetData ===>> H2,-0.257746028532026,H1,0.636113833117835,AX,-0.0661943346743614,L1,0.0156426359213658,L2,0.0718...
check iteration duration=9.10758972168e-05
GetData ===>> H2,-0.117888707337207,H1,0.724462219672062,AX,-0.0558645189273941,L1,-0.00865303208633242,L2,-0.0...
check iteration duration=4.19616699219e-05
GetData ===>> H2,-0.202873239345981,H1,0.614198593656989,AX,-0.142803081827926,L1,-0.0116384205405535,L2,-0.038...
check iteration duration=8.10623168945e-05
GetData ===>> H2,-0.248079719510941,H1,0.618746420442817,AX,-0.115834029845795,L1,-0.0070388750302445,L2,0.0205...
testing H1>-5.0
evaluate ot="H1.bs>-5.0" t="H1>-5.0", ctx="{'H1': None}"
check iteration duration=0.000600099563599
GetData ===>> H2,-0.23928693569098,H1,0.622839640673978,AX,-0.110387996989866,L1,0.00973019562077751,L2,-0.0101...
check iteration duration=8.70227813721e-05
GetData ===>> H2,-0.167683642888161,H1,0.673162188938581,AX,-0.0259818751922349,L1,0.00575730445902789,L2,-0.00...
check iteration duration=8.10623168945e-05
GetData ===>> H2,-0.106515431094785,H1,0.658197138080374,AX,-0.0993791272639122,L1,-0.0116096499380296,L2,0.045...
check iteration duration=7.29560852051e-05
GetData ===>> H2,-0.210633666267878,H1,0.690366976930546,AX,-0.0901886641020992,L1,-0.0538042988236061,L2,-0.01...
check iteration duration=5.00679016113e-05
GetData ===>> H2,-0.165137975907607,H1,0.798880048638284,AX,-0.00308535386229072,L1,-0.0752397842360759,L2,0.03...
testing H1>-5.0
evaluate ot="H1.bs>-5.0" t="H1>-5.0", ctx="{'H1': None}"
check iteration duration=0.000983953475952
GetData ===>> H2,-0.285102513354979,H1,0.784303464369241,AX,-0.00578821248305365,L1,-0.0534514426622856,L2,-0.0...
check iteration duration=7.79628753662e-05
GetData ===>> H2,-0.197724083552742,H1,0.741041308075663,AX,-0.0936887915199335,L1,-0.0635292793394044,L2,0.002...
check iteration duration=6.89029693604e-05
GetData ===>> H2,-0.12414453927152,H1,0.791884940727106,AX,-0.0635743056292257,L1,-0.0664784745997677,L2,-0.050...
check iteration duration=4.10079956055e-05
GetData ===>> H2,-0.237387169516128,H1,0.78541729472128,AX,-0.0741003663755905,L1,-0.0466299122430895,L2,0.0508...
check iteration duration=3.60012054443e-05
GetData ===>> H2,-0.182265112666168,H1,0.783357317100975,AX,-0.0521659232453044,L1,-0.0196568354790885,L2,0.085...
testing H1>-5.0
evaluate ot="H1.bs>-5.0" t="H1>-5.0", ctx="{'H1': None}"
check iteration duration=0.000610113143921
11:11:39 -- collecting point 25
GetData ===>> H2,-0.141824312690235,H1,0.697067830814979,AX,-0.10122175121,L1,0.0155393635448633,L2,0.009927860...
check iteration duration=4.19616699219e-05
GetData ===>> H2,-0.143936379984464,H1,0.808810584239095,AX,-0.0580441897339635,L1,0.0153916618687661,L2,-0.032...
check iteration duration=4.91142272949e-05
GetData ===>> H2,-0.113814138396243,H1,0.758592984788664,AX,0.0169158122567343,L1,-0.0126201680629345,L2,0.0187...
check iteration duration=4.00543212891e-05
GetData ===>> H2,-0.149902905173049,H1,0.800844515822941,AX,-0.0792934218063139,L1,-0.0112008587411004,L2,0.100...
check iteration duration=9.89437103271e-05
GetData ===>> H2,-0.200749951597766,H1,0.766184495990374,AX,-0.00301575136145404,L1,-0.0372965027492492,L2,0.07...
testing H1>-5.0
evaluate ot="H1.bs>-5.0" t="H1>-5.0", ctx="{'H1': None}"
check iteration duration=0.000583171844482
GetData ===>> H2,-0.1711880607525,H1,0.809960625219186,AX,-0.037265767665968,L1,-0.0324000607370668,L2,0.031964...
check iteration duration=8.20159912109e-05
GetData ===>> H2,-0.182435106148263,H1,0.867288514108578,AX,-0.111766914983591,L1,-0.00890124873048492,L2,0.073...
check iteration duration=8.29696655273e-05
GetData ===>> H2,-0.299375740611631,H1,0.868797392395027,AX,-0.0276867198227805,L1,-0.0341027270563561,L2,-0.04...
check iteration duration=8.70227813721e-05
GetData ===>> H2,-0.269282183470302,H1,0.885192934571566,AX,-0.048803441546119,L1,-0.0174780274857533,L2,1.1397...
check iteration duration=8.70227813721e-05
GetData ===>> H2,-0.274958859553301,H1,0.851745990890618,AX,-0.0190578114987842,L1,0.00175839105672543,L2,-0.02...
testing H1>-5.0
evaluate ot="H1.bs>-5.0" t="H1>-5.0", ctx="{'H1': None}"
check iteration duration=0.000534057617188
GetData ===>> H2,-0.160932188284352,H1,0.940231561500027,AX,-0.136819986538871,L1,-0.00516775991525808,L2,0.036...
check iteration duration=8.29696655273e-05
GetData ===>> H2,-0.241509327891775,H1,0.914014370358873,AX,0.0131449764514483,L1,-0.0166373155369124,L2,0.1360...
check iteration duration=8.79764556885e-05
GetData ===>> H2,-0.187634863840971,H1,0.903136482193845,AX,0.0242258484561841,L1,-0.00908351019499872,L2,-0.04...
check iteration duration=6.19888305664e-05
GetData ===>> H2,-0.148221465167571,H1,0.883180773779535,AX,0.0548023027187818,L1,-0.0197815300815061,L2,-0.017...
check iteration duration=8.51154327393e-05
GetData ===>> H2,-0.170960043432512,H1,0.927517527018051,AX,-0.0542297337824488,L1,-0.0286344919693403,L2,0.141...
testing H1>-5.0
evaluate ot="H1.bs>-5.0" t="H1>-5.0", ctx="{'H1': None}"
check iteration duration=0.001140832901
GetData ===>> H2,-0.155383291705326,H1,1.01623772124995,AX,-0.0835241661017877,L1,-0.0342368207332222,L2,-0.047...
check iteration duration=8.98838043213e-05
GetData ===>> H2,-0.150163539815668,H1,0.962571892082953,AX,-0.175309438464399,L1,-0.032067156969241,L2,-0.0052...
check iteration duration=3.00407409668e-05
GetData ===>> H2,-0.174340044543786,H1,0.939236908954677,AX,-0.0563398768297956,L1,-0.0109562953657144,L2,-0.03...
check iteration duration=4.60147857666e-05
GetData ===>> H2,-0.152461870629834,H1,0.953150954476478,AX,0.00305145787379745,L1,-0.00181087558838896,L2,-0.0...
check iteration duration=4.00543212891e-05
GetData ===>> H2,-0.211837880972957,H1,0.925073165500767,AX,-0.0167032856531969,L1,0.00636195635927383,L2,-0.03...
testing H1>-5.0
evaluate ot="H1.bs>-5.0" t="H1>-5.0", ctx="{'H1': None}"
check iteration duration=0.000886917114258
GetData ===>> H2,-0.154891486283675,H1,0.966887119992133,AX,0.00251780671170942,L1,-0.00434243965335767,L2,0.07...
check iteration duration=6.29425048828e-05
GetData ===>> H2,-0.101017983978713,H1,1.06912956104608,AX,-0.129621558489783,L1,-0.0276377695752633,L2,0.02740...
check iteration duration=3.69548797607e-05
GetData ===>> H2,-0.251707068435604,H1,1.03016468276029,AX,0.00686830908615581,L1,-0.0627158857177438,L2,0.0532...
check iteration duration=7.5101852417e-05
GetData ===>> H2,-0.163357288808171,H1,1.03032046428757,AX,-0.0956705959142268,L1,0.00665589747656398,L2,0.0342...
check iteration duration=8.08238983154e-05
GetData ===>> H2,-0.228209424114332,H1,1.00732740347846,AX,0.0610992914757446,L1,-0.00928735134445921,L2,0.0060...
testing H1>-5.0
evaluate ot="H1.bs>-5.0" t="H1>-5.0", ctx="{'H1': None}"
check iteration duration=0.00053596496582
11:12:05 -- collecting point 50
GetData ===>> H2,-0.239191353594599,H1,1.06350742757757,AX,-0.112438985576835,L1,-0.066430643795787,L2,0.150321...
check iteration duration=7.60555267334e-05
GetData ===>> H2,-0.245596256874399,H1,1.12212970597632,AX,-0.0766389705103233,L1,-0.0487016297158918,L2,0.0402...
check iteration duration=8.60691070557e-05
GetData ===>> H2,-0.207454138735779,H1,1.07741348993489,AX,-0.0512383536912797,L1,-0.0426312831470408,L2,0.0548...
check iteration duration=7.5101852417e-05
GetData ===>> H2,-0.157402983064537,H1,1.09640556174246,AX,-0.0522586797144232,L1,-0.0332107191317721,L2,-0.093...
check iteration duration=9.51290130615e-05
GetData ===>> H2,-0.168199185529198,H1,1.13310494291483,AX,-0.0736366872341047,L1,-0.0320372190398369,L2,0.0399...
testing H1>-5.0
evaluate ot="H1.bs>-5.0" t="H1>-5.0", ctx="{'H1': None}"
check iteration duration=0.000611066818237
GetData ===>> H2,-0.171870736054098,H1,1.14441728630481,AX,-0.0996109057796968,L1,-0.0358718985253112,L2,0.0210...
check iteration duration=7.70092010498e-05
GetData ===>> H2,-0.21966823369677,H1,1.14560497615368,AX,-0.030945557408655,L1,-0.0420684740747261,L2,0.026594...
check iteration duration=8.60691070557e-05
GetData ===>> H2,-0.263755932899536,H1,1.1428457182441,AX,0.0224389000285483,L1,-0.0367681407172849,L2,0.022056...
check iteration duration=8.10623168945e-05
GetData ===>> H2,-0.135715617018855,H1,1.13813116125845,AX,-0.133120267490896,L1,-0.0333089037460734,L2,0.05543...
check iteration duration=4.10079956055e-05
GetData ===>> H2,-0.139275254794932,H1,1.09810830889037,AX,-0.0251004472096395,L1,-0.0197659433407283,L2,0.0326...
testing H1>-5.0
evaluate ot="H1.bs>-5.0" t="H1>-5.0", ctx="{'H1': None}"
check iteration duration=0.000834226608276
GetData ===>> H2,-0.166992617002199,H1,1.17270970722296,AX,0.0722562825111217,L1,0.00884692883528457,L2,0.11203...
check iteration duration=8.60691070557e-05
GetData ===>> H2,-0.190651112206093,H1,1.14147811409435,AX,0.0171130599958068,L1,-0.00572193409967261,L2,0.0344...
check iteration duration=0.000152111053467
GetData ===>> H2,-0.160477086534798,H1,1.20030187397286,AX,-0.0638989148262789,L1,-0.0181843631066948,L2,-0.076...
check iteration duration=4.38690185547e-05
GetData ===>> H2,-0.191276643766603,H1,1.15952238608175,AX,0.0345768703160416,L1,-0.0214335876671247,L2,0.06198...
check iteration duration=3.60012054443e-05
GetData ===>> H2,-0.202591505365342,H1,1.19727704826162,AX,-0.0253555982360651,L1,-0.00729192864523504,L2,-0.11...
testing H1>-5.0
evaluate ot="H1.bs>-5.0" t="H1>-5.0", ctx="{'H1': None}"
check iteration duration=0.000563859939575
GetData ===>> H2,-0.282774284219311,H1,1.2488666565617,AX,-0.0793861524202634,L1,-0.0033046953482238,L2,0.03596...
check iteration duration=5.3882598877e-05
GetData ===>> H2,-0.20618746777311,H1,1.32721931224669,AX,-0.0578702816214855,L1,-0.0570561912022785,L2,0.09491...
check iteration duration=4.72068786621e-05
GetData ===>> H2,-0.224256121405933,H1,1.26062527007396,AX,-0.171078662555808,L1,-0.0250940025672056,L2,0.05553...
check iteration duration=7.29560852051e-05
GetData ===>> H2,-0.150340443853942,H1,1.28414661569598,AX,-0.060235405322703,L1,-0.0188606719659711,L2,-0.0133...
check iteration duration=8.70227813721e-05
GetData ===>> H2,-0.179253376424183,H1,1.26302515577736,AX,-0.0227576656091288,L1,-0.0237613534423713,L2,0.0962...
testing H1>-5.0
evaluate ot="H1.bs>-5.0" t="H1>-5.0", ctx="{'H1': None}"
check iteration duration=0.000575065612793
GetData ===>> H2,-0.168058830694487,H1,1.27497743800717,AX,-0.0639916601122643,L1,-0.0393210343682719,L2,-0.004...
check iteration duration=6.29425048828e-05
GetData ===>> H2,-0.253851726370549,H1,1.29325661212298,AX,-0.0123768409122037,L1,-0.00362742729101009,L2,0.001...
check iteration duration=0.0001060962677
GetData ===>> H2,-0.224238613924394,H1,1.23937677667934,AX,-0.0325343461296549,L1,-0.0325054380501821,L2,0.0408...
check iteration duration=9.3936920166e-05
GetData ===>> H2,-0.189010275710989,H1,1.24275991827469,AX,-0.0799077604769274,L1,-0.0469423129408777,L2,0.0273...
check iteration duration=4.19616699219e-05
GetData ===>> H2,-0.270799378598133,H1,1.31910275859657,AX,0.0583160418060061,L1,-0.0270686830402368,L2,0.10617...
testing H1>-5.0
evaluate ot="H1.bs>-5.0" t="H1>-5.0", ctx="{'H1': None}"
check iteration duration=0.000592947006226
11:12:32 -- collecting point 75
GetData ===>> H2,-0.244642279039315,H1,1.3632714343476,AX,-0.0814957500121896,L1,-0.00405092228761577,L2,-0.006...
check iteration duration=8.39233398438e-05
GetData ===>> H2,-0.205540602348371,H1,1.35200526189936,AX,-0.0245669474474951,L1,-0.0297377197096538,L2,0.0336...
check iteration duration=4.00543212891e-05
GetData ===>> H2,-0.133735904852457,H1,1.37779440376085,AX,-0.0252744138910949,L1,-0.0173461087166521,L2,0.1086...
check iteration duration=9.10758972168e-05
GetData ===>> H2,-0.0678418458628891,H1,1.31137102858199,AX,-0.0357930214028521,L1,-0.00407251645602547,L2,0.08...
check iteration duration=8.70227813721e-05
GetData ===>> H2,-0.169197813958604,H1,1.30959425521315,AX,-0.23689564413128,L1,-0.0571567294628824,L2,-0.01952...
testing H1>-5.0
evaluate ot="H1.bs>-5.0" t="H1>-5.0", ctx="{'H1': None}"
check iteration duration=0.000584840774536
GetData ===>> H2,-0.268826581934194,H1,1.37958439348258,AX,-0.0328242682804921,L1,-0.0461235870341531,L2,0.0314...
check iteration duration=8.70227813721e-05
GetData ===>> H2,-0.384843331105023,H1,1.38166274357985,AX,0.00917705464892868,L1,-0.0340823733954842,L2,0.0003...
check iteration duration=7.79628753662e-05
GetData ===>> H2,-0.187640257939448,H1,1.36096524962392,AX,-0.0407677991929682,L1,-0.0450569887467851,L2,0.0613...
check iteration duration=3.40938568115e-05
GetData ===>> H2,-0.15024186408152,H1,1.37501938186959,AX,0.0645436730879491,L1,-0.0544274766334007,L2,0.039945...
check iteration duration=7.79628753662e-05
GetData ===>> H2,-0.168577055287637,H1,1.37871942803709,AX,0.00754120414899352,L1,-0.00260400749127067,L2,0.006...
testing H1>-5.0
evaluate ot="H1.bs>-5.0" t="H1>-5.0", ctx="{'H1': None}"
check iteration duration=0.00101280212402
GetData ===>> H2,-0.169095256176026,H1,1.40967364374529,AX,0.0121819864141255,L1,0.0401236723647924,L2,0.056765...
check iteration duration=7.5101852417e-05
GetData ===>> H2,-0.220739266657261,H1,1.40062215821148,AX,-0.0525949211738584,L1,0.0249812229368106,L2,-0.0091...
check iteration duration=8.60691070557e-05
GetData ===>> H2,-0.207411020354645,H1,1.42960505765377,AX,-0.132552604715286,L1,-0.0161551637238389,L2,0.00427...
check iteration duration=3.2901763916e-05
GetData ===>> H2,-0.161044272853979,H1,1.47611100120673,AX,-0.0488266314729161,L1,-0.0518712126707662,L2,-0.000...
check iteration duration=3.60012054443e-05
GetData ===>> H2,-0.19946095524542,H1,1.44673000964459,AX,0.0495715576975421,L1,-0.0388730370628014,L2,0.115497...
testing H1>-5.0
evaluate ot="H1.bs>-5.0" t="H1>-5.0", ctx="{'H1': None}"
check iteration duration=0.000590801239014
GetData ===>> H2,-0.151473374500616,H1,1.50495978769507,AX,-0.039353086396395,L1,-0.0640280484175123,L2,0.06959...
check iteration duration=8.08238983154e-05
GetData ===>> H2,-0.181367882558246,H1,1.47910243268268,AX,-0.0258079097753302,L1,-0.0660276602223749,L2,0.0176...
check iteration duration=3.91006469727e-05
GetData ===>> H2,-0.151863594958179,H1,1.44468831285705,AX,-0.0431681254962545,L1,-0.0669567701034886,L2,-0.016...
check iteration duration=8.20159912109e-05
GetData ===>> H2,-0.228053257196304,H1,1.43628176168982,AX,-0.0538819036125699,L1,-0.0411415666043112,L2,-0.029...
check iteration duration=8.39233398438e-05
GetData ===>> H2,-0.210259175150895,H1,1.35001159282016,AX,-0.0760246112009138,L1,-0.0134807666022264,L2,-0.029...
testing H1>-5.0
evaluate ot="H1.bs>-5.0" t="H1>-5.0", ctx="{'H1': None}"
check iteration duration=0.000599145889282
GetData ===>> H2,-0.340129523265619,H1,1.51362444576566,AX,-0.089052834105065,L1,-0.0155782303223474,L2,0.11394...
check iteration duration=8.89301300049e-05
GetData ===>> H2,-0.258082028904878,H1,1.55086330789065,AX,-0.0392255293138525,L1,-0.00532010088064682,L2,0.093...
check iteration duration=3.88622283936e-05
GetData ===>> H2,-0.226307002502587,H1,1.52106390701576,AX,-0.0241842175557699,L1,-0.0284907400284042,L2,0.0659...
check iteration duration=8.79764556885e-05
GetData ===>> H2,-0.147728465606991,H1,1.59042512300329,AX,0.0512423069559017,L1,-0.0309713706740631,L2,0.07731...
check iteration duration=8.39233398438e-05
GetData ===>> H2,-0.260189519806456,H1,1.64657932648595,AX,0.00373592777749222,L1,-0.0458063726617335,L2,0.0746...
testing H1>-5.0
evaluate ot="H1.bs>-5.0" t="H1>-5.0", ctx="{'H1': None}"
check iteration duration=0.000545024871826
11:12:58 -- collecting point 100
GetData ===>> H2,-0.27263210385737,H1,1.50249632457136,AX,-0.0204844176746939,L1,-0.0500191203052821,L2,0.10138...
check iteration duration=7.20024108887e-05
GetData ===>> H2,-0.216361295690461,H1,1.5013307068948,AX,-0.000823247110792912,L1,-0.012074764595994,L2,0.0191...
check iteration duration=3.69548797607e-05
GetData ===>> H2,-0.181602653394529,H1,1.62858316310801,AX,-0.0175267962435351,L1,-0.0109431079560239,L2,0.0388...
check iteration duration=8.39233398438e-05
GetData ===>> H2,-0.190461019257278,H1,1.5863479758367,AX,-0.0136295578290364,L1,-0.0546345906839375,L2,0.05219...
check iteration duration=9.17911529541e-05
GetData ===>> H2,-0.157828490863085,H1,1.61908748328596,AX,0.0136786858761268,L1,-0.0583092568934466,L2,0.07429...
testing H1>-5.0
evaluate ot="H1.bs>-5.0" t="H1>-5.0", ctx="{'H1': None}"
check iteration duration=0.000881910324097
GetData ===>> H2,-0.183264799608108,H1,1.61127525216587,AX,0.00502367233635757,L1,-0.0148081346133156,L2,-0.023...
check iteration duration=6.69956207275e-05
GetData ===>> H2,-0.166413580435914,H1,1.58822416468822,AX,0.0954209788396283,L1,0.000846151464540264,L2,0.0245...
check iteration duration=7.82012939453e-05
GetData ===>> H2,-0.121957757084171,H1,1.70879118312548,AX,-0.041486743716616,L1,-0.0201256312073157,L2,-0.0344...
check iteration duration=5.91278076172e-05
GetData ===>> H2,-0.130482069192416,H1,1.59314331264879,AX,-0.103724882551468,L1,-0.0290142267957552,L2,-0.1206...
check iteration duration=3.79085540771e-05
GetData ===>> H2,-0.213074290143347,H1,1.58712971695147,AX,-0.00990615751472009,L1,-0.040480464084606,L2,-0.006...
testing H1>-5.0
evaluate ot="H1.bs>-5.0" t="H1>-5.0", ctx="{'H1': None}"
check iteration duration=0.000619173049927
GetData ===>> H2,-0.231157342839584,H1,1.58075569682274,AX,-0.031084722420603,L1,-0.00780761063453436,L2,0.0855...
check iteration duration=8.39233398438e-05
GetData ===>> H2,-0.161689750366401,H1,1.61155167463749,AX,0.0958270191489032,L1,-0.0238464469280496,L2,0.09789...
check iteration duration=3.91006469727e-05
GetData ===>> H2,-0.146210162450071,H1,1.66617799738484,AX,-0.00668141535615435,L1,-0.0253420571470759,L2,0.087...
check iteration duration=3.981590271e-05
GetData ===>> H2,-0.164485944796681,H1,1.63339144302179,AX,0.05012868036013,L1,-0.0326335657952726,L2,-0.079636...
check iteration duration=8.70227813721e-05
GetData ===>> H2,-0.189390507149881,H1,1.64755315831144,AX,-0.0422752574097352,L1,-0.0622924164809457,L2,-0.011...
testing H1>-5.0
evaluate ot="H1.bs>-5.0" t="H1>-5.0", ctx="{'H1': None}"
check iteration duration=0.000560998916626
GetData ===>> H2,-0.089116688819182,H1,1.65539224562694,AX,-0.109646385952718,L1,-0.0619143893037715,L2,0.11949...
check iteration duration=7.60555267334e-05
GetData ===>> H2,-0.102261977022628,H1,1.67661614330241,AX,0.0108941471565811,L1,-0.043037204592678,L2,0.028509...
check iteration duration=8.17775726318e-05
GetData ===>> H2,-0.161565519057954,H1,1.7202082695406,AX,-0.0552500284417992,L1,-0.0273106985127828,L2,0.01519...
check iteration duration=8.39233398438e-05
GetData ===>> H2,-0.231909679248576,H1,1.72411852745549,AX,0.000383231318905782,L1,-0.0281289552166867,L2,0.062...
check iteration duration=9.3936920166e-05
GetData ===>> H2,-0.246076579096032,H1,1.71623800876557,AX,0.0311186710854016,L1,0.0132772434935335,L2,0.070543...
testing H1>-5.0
evaluate ot="H1.bs>-5.0" t="H1>-5.0", ctx="{'H1': None}"
check iteration duration=0.000593900680542
GetData ===>> H2,-0.252372695544741,H1,1.74558553314459,AX,0.0429907874740119,L1,0.0217411845501423,L2,0.080948...
check iteration duration=1.81198120117e-05
waiting for write to finish
measurement finished
estimated time: 125.829 actual time: :126.458
flush and close file /Users/jan/PychronDev/data/isotopes/38/f035c8-a4da-4ac8-acab-268b083c41d0.h5
baselines () {'settling_time': 15.0, 'detector': 'H1', 'mass': 34.2, 'ncounts': 60}
%%%%%%%%%%%%%%%%%%%%%%%%%%%%%%%% Baseline
build tables- baseline [Detector(H2), Detector(H1), Detector(AX), Detector(L1), Detector(L2), Detector(CDD)]
add group baseline table H2
add group baseline table H1
add group baseline table AX
add group baseline table L1
add group baseline table L2
add group baseline table CDD
flush and close file /Users/jan/PychronDev/data/isotopes/38/f035c8-a4da-4ac8-acab-268b083c41d0.h5
detector Detector(H1)
POSITION 34.2 H1
Mapping mass to dac mass func: "parabolic"
H1 map mass coeffs = [-0.00063987  0.15840543  0.57143999]
H1 map mass to dac 34.2 >> 5.24048599104
GetDeflection H1 ===>> 0
GetHighVoltage ===>> 4500
positioning 34.2 (5.24048599104) on H1
setting magnet DAC
current  : 5.879830
requested: 5.240486
Delta Dac: 0.639344
Checking detector protection. dv=0.63934
Checking detector "CDD". Protection Threshold: 0.1 (V)
ProtectDetector CDD,On ===>> OK
GetDeflection CDD ===>> 2000
Protected = 2000
SetMagnetDAC 5.24048599104 ===>> OK
Magnet settling time: 0.500
GetMagnetMoving ===>> True
GetMagnetMoving ===>> True
GetMagnetMoving ===>> True
GetMagnetMoving ===>> True
GetMagnetMoving ===>> True
GetMagnetMoving ===>> True
GetMagnetMoving ===>> True
GetMagnetMoving ===>> True
GetMagnetMoving ===>> False
ProtectDetector CDD,Off ===>> OK
GetDeflection CDD ===>> 50
Delaying 15.0s for detectors to settle
Join finished
measuring baseline. ncounts=60
"baseline" increment series count="2" fit count="1" regressing="True"
starting measurement
check iteration duration=5.60283660889e-05
GetData ===>> H2,-0.302655543552509,H1,-0.108517697883159,AX,-0.102311084801409,L1,-0.00867101900538048,L2,-0.0...
check iteration duration=3.69548797607e-05
GetData ===>> H2,-0.278583718915315,H1,-0.100092974992516,AX,-0.0853091372814306,L1,0.000315650124055848,L2,-0....
check iteration duration=3.2901763916e-05
GetData ===>> H2,-0.229227148744307,H1,-0.0412669761859384,AX,-0.128520945202092,L1,-0.0142885595491201,L2,-0.0...
check iteration duration=3.00407409668e-05
GetData ===>> H2,-0.152568633312009,H1,-0.00541801611813038,AX,-0.101940249203482,L1,-0.033514848846389,L2,-0.1...
testing H1>-5.0
evaluate ot="H1.bs>-5.0" t="H1>-5.0", ctx="{'H1': None}"
check iteration duration=0.00056791305542
GetData ===>> H2,-0.138203290010811,H1,-0.0413265944991135,AX,-0.132471509762632,L1,-0.0490773894222412,L2,-0.0...
check iteration duration=8.58306884766e-05
GetData ===>> H2,-0.232851711438792,H1,0.0429375925006472,AX,-0.0196145383479108,L1,-0.0530973779180401,L2,0.04...
check iteration duration=8.01086425781e-05
GetData ===>> H2,-0.27727439139259,H1,-0.0245724512023092,AX,-0.145435063390619,L1,-0.0211386829111576,L2,-0.06...
check iteration duration=8.39233398438e-05
GetData ===>> H2,-0.16496653451019,H1,0.0545855618112824,AX,-0.0876040521108345,L1,-0.0334992833757202,L2,-0.03...
check iteration duration=6.69956207275e-05
GetData ===>> H2,-0.236118608692795,H1,-0.04261434139583,AX,-0.00881578902739299,L1,-0.0160088344744358,L2,0.01...
testing H1>-5.0
evaluate ot="H1.bs>-5.0" t="H1>-5.0", ctx="{'H1': None}"
check iteration duration=0.000632047653198
GetData ===>> H2,-0.1812343038751,H1,0.00108292102438696,AX,-0.116749396929133,L1,-0.022338627550947,L2,0.05958...
check iteration duration=8.08238983154e-05
GetData ===>> H2,-0.274764086064136,H1,-0.0185975195617914,AX,-0.077577889507871,L1,-0.0278066922219894,L2,-0.0...
check iteration duration=8.01086425781e-05
GetData ===>> H2,-0.207637390021577,H1,-0.0973759399463202,AX,-0.079420926377706,L1,-0.0123085125582188,L2,0.10...
check iteration duration=4.2200088501e-05
GetData ===>> H2,-0.117664109598768,H1,-0.0730861821538252,AX,-0.179435716578756,L1,-0.00344626676776398,L2,-0....
check iteration duration=8.60691070557e-05
GetData ===>> H2,-0.207956725239975,H1,-0.0695101556097864,AX,-0.109808613850183,L1,-0.0280343139956648,L2,0.02...
testing H1>-5.0
evaluate ot="H1.bs>-5.0" t="H1>-5.0", ctx="{'H1': None}"
check iteration duration=0.000554084777832
GetData ===>> H2,-0.242466262134966,H1,-0.0907260428998356,AX,-0.175263074794345,L1,-0.0405259761591834,L2,0.06...
check iteration duration=4.10079956055e-05
GetData ===>> H2,-0.100387136767451,H1,-0.000396228382437536,AX,-0.0957633109208183,L1,-0.0126177707497318,L2,0...
check iteration duration=4.81605529785e-05
GetData ===>> H2,-0.183877249755073,H1,-0.05289187552846,AX,0.0123792245616462,L1,0.0183304915460715,L2,0.04619...
check iteration duration=3.31401824951e-05
GetData ===>> H2,-0.211315262154451,H1,-0.0973163550176402,AX,-0.104211595055755,L1,0.027308612166732,L2,-0.018...
check iteration duration=3.31401824951e-05
GetData ===>> H2,-0.238473788926198,H1,-0.0662439396996504,AX,-0.139301392428115,L1,-0.0221444404239564,L2,-0.0...
testing H1>-5.0
evaluate ot="H1.bs>-5.0" t="H1>-5.0", ctx="{'H1': None}"
check iteration duration=0.000587940216064
GetData ===>> H2,-0.201595270088363,H1,-0.0509127572764221,AX,-0.0936772019018372,L1,-0.0208713430802302,L2,-0....
check iteration duration=6.103515625e-05
GetData ===>> H2,-0.212946345574964,H1,-0.0250614018751481,AX,-0.0701242459741108,L1,-0.0632218721443663,L2,0.0...
check iteration duration=7.29560852051e-05
GetData ===>> H2,-0.169203211710914,H1,-0.0271483595983611,AX,-0.0649191081102732,L1,-0.0308396287607523,L2,-0....
check iteration duration=7.39097595215e-05
GetData ===>> H2,-0.174047067036243,H1,-0.0584713475958008,AX,-0.0387964724456318,L1,-0.0626213842443425,L2,-0....
check iteration duration=7.70092010498e-05
GetData ===>> H2,-0.196637054592444,H1,-0.0827050593285471,AX,-0.0619048697966191,L1,-0.0810071457160832,L2,-0....
testing H1>-5.0
evaluate ot="H1.bs>-5.0" t="H1>-5.0", ctx="{'H1': None}"
check iteration duration=0.000772953033447
11:14:04 -- collecting point 25
GetData ===>> H2,-0.195181389975642,H1,-0.0666254010708521,AX,-0.0442233226736333,L1,-0.0671899308976427,L2,-0....
check iteration duration=3.69548797607e-05
GetData ===>> H2,-0.214150314009791,H1,-0.104764196101858,AX,-0.172504396641996,L1,-0.0116312278976302,L2,0.032...
check iteration duration=7.79628753662e-05
GetData ===>> H2,-0.146466829397034,H1,-0.0279115789842298,AX,-0.184013825892281,L1,0.0125953451299486,L2,-0.00...
check iteration duration=8.10623168945e-05
GetData ===>> H2,-0.196775973542971,H1,-0.113677043524496,AX,-0.0686635895107054,L1,0.0145030958445034,L2,-0.00...
check iteration duration=4.50611114502e-05
GetData ===>> H2,-0.271683531047516,H1,-0.0689975813334296,AX,-0.027048856280574,L1,0.00943856500790077,L2,-0.0...
testing H1>-5.0
evaluate ot="H1.bs>-5.0" t="H1>-5.0", ctx="{'H1': None}"
check iteration duration=0.000885963439941
GetData ===>> H2,-0.240218482210265,H1,0.0126544408239006,AX,-0.0436667365773319,L1,-0.0308096871760877,L2,-0.0...
check iteration duration=7.79628753662e-05
GetData ===>> H2,-0.249161186859709,H1,0.00246666122463171,AX,-0.037520886801162,L1,-0.0598577199483254,L2,0.03...
check iteration duration=7.10487365723e-05
GetData ===>> H2,-0.183344393020125,H1,-0.0631564332111754,AX,-0.0501252585558822,L1,0.00417982763777217,L2,0.0...
check iteration duration=7.00950622559e-05
GetData ===>> H2,-0.102018332962732,H1,-0.0608437211610855,AX,-0.0225489001557589,L1,-0.0289830818924108,L2,0.0...
check iteration duration=3.88622283936e-05
GetData ===>> H2,-0.210404662381768,H1,-0.0146736678307001,AX,-0.0256107485935602,L1,-0.071497050539958,L2,-0.0...
testing H1>-5.0
evaluate ot="H1.bs>-5.0" t="H1>-5.0", ctx="{'H1': None}"
check iteration duration=0.000589847564697
GetData ===>> H2,-0.182298841734635,H1,-0.0886284926431944,AX,-0.0800004905053418,L1,-0.0491539756635715,L2,-0....
check iteration duration=3.81469726562e-05
GetData ===>> H2,-0.180631156259178,H1,-0.0419466228511077,AX,-0.0269908684785246,L1,-0.0448690354517255,L2,-0....
check iteration duration=6.50882720947e-05
GetData ===>> H2,-0.180310004152048,H1,-0.0178342291485166,AX,-0.158547531360607,L1,-0.0173437101775696,L2,-0.0...
check iteration duration=7.20024108887e-05
GetData ===>> H2,-0.160417665372898,H1,-0.0844213416832272,AX,-0.196576441466783,L1,-0.0120687709871148,L2,-0.0...
check iteration duration=6.22272491455e-05
GetData ===>> H2,-0.150179744880583,H1,-0.133652926131256,AX,-0.0180371373378602,L1,-0.0240406012002063,L2,-0.0...
testing H1>-5.0
evaluate ot="H1.bs>-5.0" t="H1>-5.0", ctx="{'H1': None}"
check iteration duration=0.0163879394531
GetData ===>> H2,-0.160799846040002,H1,0.0137042943694656,AX,-0.133828300882448,L1,0.0146231677560434,L2,0.0600...
check iteration duration=4.00543212891e-05
GetData ===>> H2,-0.237182702748025,H1,0.0420425689552363,AX,0.0505233108416426,L1,0.000794540378487553,L2,0.06...
check iteration duration=6.103515625e-05
GetData ===>> H2,-0.196829922190178,H1,0.0685505897431994,AX,-0.14686117343052,L1,-0.0297700600648388,L2,-0.070...
check iteration duration=8.9168548584e-05
GetData ===>> H2,-0.135864351931745,H1,-0.0475982426619169,AX,-0.0812755194348012,L1,-0.0217848247341735,L2,-0....
check iteration duration=8.51154327393e-05
GetData ===>> H2,-0.142281082263543,H1,-0.0267428969323856,AX,-0.154501520713801,L1,-0.00679540986098825,L2,0.0...
testing H1>-5.0
evaluate ot="H1.bs>-5.0" t="H1>-5.0", ctx="{'H1': None}"
check iteration duration=0.00934886932373
GetData ===>> H2,-0.251257916044669,H1,0.0200275088016568,AX,-0.0409533337720397,L1,-0.0392982756283328,L2,-0.0...
check iteration duration=8.51154327393e-05
GetData ===>> H2,-0.259313048789553,H1,0.0673927313307622,AX,-0.135834363830905,L1,-0.0582482229324624,L2,0.016...
check iteration duration=3.91006469727e-05
GetData ===>> H2,-0.248924456596015,H1,-0.0803212849970645,AX,-0.0810205149855205,L1,-0.0555874997183877,L2,-0....
check iteration duration=8.51154327393e-05
GetData ===>> H2,-0.226646311354297,H1,-0.0411238920893229,AX,-0.151139378097462,L1,-0.0624694622896053,L2,0.00...
check iteration duration=8.58306884766e-05
GetData ===>> H2,-0.17213785866824,H1,-0.0689975813334296,AX,-0.0525601376284841,L1,-0.0143544745097179,L2,-0.0...
testing H1>-5.0
evaluate ot="H1.bs>-5.0" t="H1>-5.0", ctx="{'H1': None}"
check iteration duration=0.000627040863037
11:14:30 -- collecting point 50
GetData ===>> H2,-0.171799232467366,H1,-0.024620153812127,AX,-0.0999353947741534,L1,0.00813413139900729,L2,0.04...
check iteration duration=5.10215759277e-05
GetData ===>> H2,-0.115283912374762,H1,-0.082049527048622,AX,-0.0862132011002046,L1,-0.0249430098275752,L2,-0.0...
check iteration duration=5.69820404053e-05
GetData ===>> H2,-0.0745973329977685,H1,-0.0234037301597877,AX,-0.0146154811014608,L1,-0.0428743590206468,L2,-0...
check iteration duration=5.98430633545e-05
GetData ===>> H2,-0.0963765121186324,H1,-0.0623696402650918,AX,-0.0803366361176113,L1,-0.0185620944043176,L2,-0...
check iteration duration=8.20159912109e-05
GetData ===>> H2,-0.137961306644382,H1,-0.0972686870491344,AX,-0.0529891338192668,L1,0.0019336465457478,L2,-0.0...
testing H1>-5.0
evaluate ot="H1.bs>-5.0" t="H1>-5.0", ctx="{'H1': None}"
check iteration duration=0.000568151473999
GetData ===>> H2,-0.167462303247191,H1,-0.0453567101248219,AX,-0.128497774262215,L1,0.00556895800706346,L2,-0.0...
check iteration duration=7.48634338379e-05
GetData ===>> H2,-0.264680972051201,H1,-0.0489335998836936,AX,-0.0279418640691792,L1,-0.0195129551711618,L2,0.0...
check iteration duration=5.22136688232e-05
GetData ===>> H2,-0.265819687886138,H1,-0.0470259412551187,AX,-0.0363960383152861,L1,-0.0289183960156943,L2,-0....
check iteration duration=6.79492950439e-05
GetData ===>> H2,-0.167656650480542,H1,-0.0174883612636066,AX,-0.143278467027742,L1,-0.0409583305884452,L2,-0.0...
check iteration duration=5.88893890381e-05
GetData ===>> H2,-0.091515016048427,H1,-0.0802497708896731,AX,-0.127107507767873,L1,-0.0212237985859709,L2,-0.0...
testing H1>-5.0
evaluate ot="H1.bs>-5.0" t="H1>-5.0", ctx="{'H1': None}"
check iteration duration=0.00178098678589
GetData ===>> H2,-0.169034530735545,H1,-0.0203149017093949,AX,-0.126887380417564,L1,-0.024527168898355,L2,0.009...
check iteration duration=2.90870666504e-05
waiting for write to finish
measurement finished
estimated time: 62.915 actual time: :63.287
flush and close file /Users/jan/PychronDev/data/isotopes/38/f035c8-a4da-4ac8-acab-268b083c41d0.h5
activate_detectors ('H1', 'AX', 'CDD') {'peak_center': True}
peak_center () {'detector': 'H1', 'integration_time': 0.262144, 'isotope': 'Ar40'}
peak center: mean=1.67968330012 threshold=3
Skipping peak center. intensities to small. 1.67968330012<3
finished measure script
executed snippet estimated_duration=226.132928, duration=228.887006044
jan_unknown120_60.py completed successfully
Measurement Finished
11:14:42 -- ******* Measurement Finished *******
Post Measurement Started jan_pump_ms.py
11:14:42 -- ******* Post Measurement Started jan_pump_ms.py *******
testing...
no interpolation path defined
executed snippet estimated_duration=0, duration=4.19616699219e-05
Pumping spectrometer
open () {'name': 'O'}
opening name=O desc=---
checking ownership. requestor=129.138.12.150
check software interlocks O
interlocks []
actuate state mode=None-script, software_lock=False
doing actuation None-script open_channel True
Open O ===>> OK
GetIndicatorState O ===>> OK
change switch state (True, True)
update switch state O True args=() kw={} ncanvase=2
11:14:42 -- OPEN   VALVE-O (Jan Ion Pump)
---------------------------------------- open O () result=[(True, True)], time=0.09 sec
action=open, ok=True, locked=[False]
executed snippet estimated_duration=0, duration=0.34351682663
jan_pump_ms.py completed successfully
setting _ms_pumptime
Post Measurement Finished
11:14:42 -- ******* Post Measurement Finished *******
$$$$$$$$$$$$$$$$$$$$ state at run end measurement
state changed from measurement to success
post measurement save measured=True aborted=False
Set filtering
setting fod for Ar40= {'filter_outliers': True, 'std_devs': 2, 'iterations': 1}
setting fod for H1= {'filter_outliers': True, 'std_devs': 2, 'iterations': 1}
setting fod for PM41= {'filter_outliers': False, 'std_devs': 2, 'iterations': 1}
setting fod for H2= {'filter_outliers': True, 'std_devs': 2, 'iterations': 1}
setting fod for Ar36= {'filter_outliers': True, 'std_devs': 2, 'iterations': 1}
setting fod for CDD= {'filter_outliers': True, 'std_devs': 10, 'iterations': 1}
setting fod for Ar37= {'filter_outliers': True, 'std_devs': 2, 'iterations': 1}
setting fod for L2= {'filter_outliers': True, 'std_devs': 2, 'iterations': 1}
setting fod for Ar38= {'filter_outliers': True, 'std_devs': 2, 'iterations': 1}
setting fod for L1= {'filter_outliers': True, 'std_devs': 2, 'iterations': 1}
setting fod for Ar39= {'filter_outliers': True, 'std_devs': 2, 'iterations': 1}
setting fod for AX= {'filter_outliers': True, 'std_devs': 2, 'iterations': 1}
persistence save...
persistence save - db
post measurement save
10364239952 connecting to database sqlite:////Users/jan/PychronDev/.appdata/local_lab.db
connected to db sqlite:////Users/jan/PychronDev/.appdata/local_lab.db
create new session 10364239952
close session 10364239952
No database instance. Not saving post measurement to isotopedb database
$$$$$$$$$$$$$$$ auto_save_detector_ic=False
massspec enabled True
create new session 5029868176
MassSpec Database Version: 16.0
close session 5029868176
saving post measurement to secondary database
saving to massspec database 129.138.12.160/massspecdata
setting labnumber to 65539
setting aliquot to 2
setting step to Z
setting uuid to 38f035c8-a4da-4ac8-acab-268b083c41d0
setting irradpos to 65539
setting extract_device to Fusions CO2
setting tray to 
setting position to 207
setting power_requested to 1.0
setting extract_value to 1.0
setting duration to 30.0
setting duration_at_request to 30.0
setting first_stage_delay to 30.0
setting cleanup to 30.0
setting comment to G:9
setting irradiation to NM-289
setting level to G
setting irradiation_level to G
setting sample to REE-1014
setting material to Kspar
setting project to REE
setting mass_spectrometer to Jan
no attribute chron_dosages
no attribute production_ratios
no attribute interference_corrections
no attribute production_name
no attribute j
Reference Isotope=Ar40
Reference Detector=H1
%%%%%%%%%%%%%%%%%%%% Comment: G:9 %%%%%%%%%%%%%%%%%%%
adding isotope PM41 H2
add baseline dbdet= PM41. original det= H2
get baseline data PM41 H2
Get data baseline <pychron.processing.isotope.Baseline object at 0x4b4f3ee90> len t=60
baseline PM41. v=-0.192621886708, e=0.00654118243993
get signal data PM41 H2
Get data signal PM41 0.04+/-0.07 len t=120
adding isotope Ar40 H1
add baseline dbdet= Ar40. original det= H1
get baseline data Ar40 H1
Get data baseline <pychron.processing.isotope.Baseline object at 0x4b4f3efd0> len t=60
baseline Ar40. v=-0.0480760418632, e=0.00522163054332
get signal data Ar40 H1
Get data signal Ar40 0.461+/-0.008 len t=120
adding isotope Ar39 AX
add baseline dbdet= Ar39. original det= AX
get baseline data Ar39 AX
Get data baseline <pychron.processing.isotope.Baseline object at 0x4b4f3ec10> len t=60
baseline Ar39. v=-0.0873840108647, e=0.00658882333681
get signal data Ar39 AX
Get data signal Ar39 0.021+/-0.011 len t=120
adding isotope Ar38 L1
add baseline dbdet= Ar38. original det= L1
get baseline data Ar38 L1
Get data baseline <pychron.processing.isotope.Baseline object at 0x4b4f3ecd0> len t=60
baseline Ar38. v=-0.024360836877, e=0.00300549773538
get signal data Ar38 L1
Get data signal Ar38 0.022+/-0.005 len t=120
adding isotope Ar37 L2
add baseline dbdet= Ar37. original det= L2
get baseline data Ar37 L2
Get data baseline <pychron.processing.isotope.Baseline object at 0x4b4f3ee10> len t=60
baseline Ar37. v=-0.0137219592131, e=0.00634549803961
get signal data Ar37 L2
Get data signal Ar37 0.027+/-0.011 len t=120
adding isotope Ar36 CDD
add baseline dbdet= Ar36. original det= CDD
get baseline data Ar36 CDD
Get data baseline <pychron.processing.isotope.Baseline object at 0x4b4f3eb90> len t=60
baseline Ar36. v=7.44327056008e-06, e=4.22390945906e-06
get signal data Ar36 CDD
Get data signal Ar36 0.00449+/-0.00018 len t=120
65539-02Z added analysis time 0.52223110199s
analysis added to mass spec database
mass spec save time= 0.534
persistence save - dvc
================= post measurement started
create new session 4984998608
close session 4984998608
---------------- Experiment Queue saving disabled
DVC saving peakcenter
Smart pull ahead: 0 behind: 0
Up-to-date with origin
add to repo msg=modified - ad8224ebc6dbfeb9f5997218dfa5fe690569839d.json
add to repo msg=modified - 39-02Z.json
add to repo msg=modified - 39-02Z.dat.json
add to repo msg=modified - 39-02Z.blan.json
add to repo msg=modified - 39-02Z.inte.json
add to repo msg=modified - 39-02Z.icfa.json
add to repo msg=modified - 39-02Z.base.json
not at valid file /Users/jan/PychronDev/data/.dvc/repositories/REEFenite/655/tags/39-02Z.tags.json
add to repo msg=modified - 39-02Z.peak.json
add to repo msg=modified - 39-02Z.extr.json
not at valid file /Users/jan/PychronDev/data/.dvc/repositories/REEFenite/655/monitor/39-02Z.moni.json
commit message=<COLLECTION>
add to repo msg=modified - 39-02Z.inte.json
add to repo msg=modified - 39-02Z.base.json
commit message=<ISOEVO> default collection fits
add to repo msg=modified - 39-02Z.blan.json
commit message=<BLANKS> preceding bu-FC-J-7847
add to repo msg=modified - 39-02Z.icfa.json
commit message=<ICFactor> default
push repository <pychron.git_archive.repo_manager.GitRepoManager object at 0x4d57fb170>
pushing to remote=origin, url=https://github.com
no changes to meta repo
create new session 4984998608
add association REEFenite
get identifier "65539"
setting analysis irradiation position=<pychron.dvc.dvc_orm.IrradiationPositionTbl object at 0x1477677d0>
close session 4984998608
================= post measurement finished
11:15:08 -- ******* Post Run Check *******
loading queue conditionals post_run_actions
loading system conditionals post_run_actions
loading conditionals from /Users/jan/PychronDev/setupfiles/spectrometer/default_conditionals.yaml
loading queue conditionals post_run_terminations
loading system conditionals post_run_terminations
loading conditionals from /Users/jan/PychronDev/setupfiles/spectrometer/default_conditionals.yaml
Checking default post run terminations n=1
GetDeflection CDD ===>> 50
testing CDD==2000
evaluate ot="CDD.deflection==2000" t="CDD==2000", ctx="{'CDD': 50.0}"
11:15:08 -- ******* Post Run Check Passed *******
11:15:08 -- Automated run 65539-02Z success duration: 331.401 s
----------------- finish -----------------
----------------- stop -----------------
retroactive repository identifiers disabled
finish run. runs completed=19
update duration runid=65539-02Z, duration=331.400965929, md5=3be28e4d
loading script "jan_unknown120_60.py"
loading script "jan_pump_ms.py"
loading script "jan_co2.py"
loading script "jan_pump_extraction_line.py"
testing...
no interpolation path defined
executed snippet estimated_duration=213.652928, duration=0.00033712387085
script duration name:unknown120_60 seconds:214.0
loading script "jan_unknown120_60.py"
loading script "jan_pump_ms.py"
loading script "jan_co2.py"
loading script "jan_pump_extraction_line.py"
testing...
no interpolation path defined
executed snippet estimated_duration=0, duration=3.00407409668e-05
loading script "jan_unknown120_60.py"
loading script "jan_pump_ms.py"
loading script "jan_co2.py"
loading script "jan_pump_extraction_line.py"
testing...
no interpolation path defined
calculate duration
testing...
no interpolation path defined
executed snippet estimated_duration=0, duration=7.20024108887e-05
calculate duration
testing...
no interpolation path defined
executed snippet estimated_duration=0, duration=0.000149011611938
executed snippet estimated_duration=0.0, duration=0.0036449432373
script duration name:co2 seconds:0.0
loading script "jan_unknown120_60.py"
loading script "jan_pump_ms.py"
loading script "jan_co2.py"
loading script "jan_pump_extraction_line.py"
testing...
no interpolation path defined
calculate duration
testing...
no interpolation path defined
executed snippet estimated_duration=4.0, duration=0.000217914581299
executed snippet estimated_duration=4.0, duration=0.00191521644592
Script duration 214.0
Run total estimated duration= 215.000
unknown120_60 in script context. using previous estimated duration
script duration name:unknown120_60 seconds:214.0
pump_ms in script context. using previous estimated duration
co2 in script context. using previous estimated duration
script duration name:co2 seconds:0.0
pump_extraction_line in script context. using previous estimated duration
Script duration 214.0
Run total estimated duration= 215.000
script duration name:unknown120_60 seconds:214.0
script duration name:co2 seconds:0.0
Script duration 214.0
Run total estimated duration= 215.000
script duration name:unknown120_60 seconds:214.0
script duration name:co2 seconds:0.0
Script duration 214.0
Run total estimated duration= 215.000
script duration name:unknown120_60 seconds:214.0
script duration name:co2 seconds:0.0
Script duration 214.0
Run total estimated duration= 215.000
loading script "jan_unknown400_120.py"
loading script "jan_pump_ms.py"
loading script "jan_sniffair_x2.py"
loading script "jan_pump_extraction_line.py"
testing...
no interpolation path defined
executed snippet estimated_duration=556.052928, duration=0.000236034393311
script duration name:unknown400_120 seconds:556.0
loading script "jan_unknown400_120.py"
loading script "jan_pump_ms.py"
loading script "jan_sniffair_x2.py"
loading script "jan_pump_extraction_line.py"
testing...
no interpolation path defined
calculate duration
testing...
no interpolation path defined
executed snippet estimated_duration=0, duration=6.31809234619e-05
calculate duration
testing...
no interpolation path defined
executed snippet estimated_duration=0, duration=0.000105142593384
calculate duration
testing...
no interpolation path defined
executed snippet estimated_duration=32.0, duration=0.000122785568237
calculate duration
testing...
no interpolation path defined
executed snippet estimated_duration=34.0, duration=0.000102996826172
calculate duration
testing...
no interpolation path defined
executed snippet estimated_duration=4.0, duration=6.60419464111e-05
calculate duration
testing...
no interpolation path defined
executed snippet estimated_duration=36.0, duration=9.48905944824e-05
calculate duration
testing...
no interpolation path defined
executed snippet estimated_duration=34.0, duration=9.51290130615e-05
calculate duration
testing...
no interpolation path defined
executed snippet estimated_duration=4.0, duration=6.50882720947e-05
calculate duration
testing...
no interpolation path defined
executed snippet estimated_duration=36.0, duration=8.79764556885e-05
calculate duration
testing...
no interpolation path defined
executed snippet estimated_duration=70.0, duration=0.000126838684082
executed snippet estimated_duration=250.0, duration=0.0150110721588
script duration name:sniffair_x2 seconds:250.0
Script duration 806.0
Run total estimated duration= 807.000
unknown400_120 in script context. using previous estimated duration
script duration name:unknown400_120 seconds:556.0
sniffair_x2 in script context. using previous estimated duration
script duration name:sniffair_x2 seconds:250.0
Script duration 806.0
Run total estimated duration= 807.000
script duration name:unknown400_120 seconds:556.0
script duration name:sniffair_x2 seconds:250.0
Script duration 806.0
Run total estimated duration= 807.000
script duration name:unknown400_120 seconds:556.0
loading script "jan_unknown400_120.py"
loading script "jan_pump_ms.py"
loading script "jan_cocktail_x1.py"
loading script "jan_pump_extraction_line.py"
testing...
no interpolation path defined
calculate duration
testing...
no interpolation path defined
executed snippet estimated_duration=0, duration=6.00814819336e-05
calculate duration
testing...
no interpolation path defined
executed snippet estimated_duration=0, duration=0.000114917755127
calculate duration
testing...
no interpolation path defined
executed snippet estimated_duration=32.0, duration=9.79900360107e-05
calculate duration
testing...
no interpolation path defined
executed snippet estimated_duration=34.0, duration=0.000101089477539
calculate duration
testing...
no interpolation path defined
executed snippet estimated_duration=4.0, duration=6.38961791992e-05
calculate duration
testing...
no interpolation path defined
executed snippet estimated_duration=38.0, duration=0.000101804733276
executed snippet estimated_duration=108.0, duration=0.0119240283966
script duration name:cocktail_x1 seconds:108.0
Script duration 664.0
Run total estimated duration= 665.000
script duration name:unknown400_120 seconds:556.0
cocktail_x1 in script context. using previous estimated duration
script duration name:cocktail_x1 seconds:108.0
Script duration 664.0
Run total estimated duration= 665.000
script duration name:unknown400_120 seconds:556.0
script duration name:cocktail_x1 seconds:108.0
Script duration 664.0
Run total estimated duration= 665.000
nruns=11 before=5.0, run_dur=5491.0, btw=300.0
write rem/ex queues
/Users/jan/PychronDev/experiments/rem/Load1796.rem.txt
/Users/jan/PychronDev/experiments/rem/Load1796.ex.txt
doing event level: 3
