do run
loading script "jan_unknown120_60.py"
loading script "jan_pump_ms.py"
loading script "jan_co2.py"
loading script "jan_pump_extraction_line.py"
testing...
no interpolation path defined
executed snippet estimated_duration=213.652928, duration=0.000174999237061
script duration name:unknown120_60 seconds:214.0
loading script "jan_unknown120_60.py"
loading script "jan_pump_ms.py"
loading script "jan_co2.py"
loading script "jan_pump_extraction_line.py"
testing...
no interpolation path defined
executed snippet estimated_duration=0, duration=1.78813934326e-05
loading script "jan_unknown120_60.py"
loading script "jan_pump_ms.py"
loading script "jan_co2.py"
loading script "jan_pump_extraction_line.py"
testing...
no interpolation path defined
calculate duration
testing...
no interpolation path defined
executed snippet estimated_duration=0, duration=4.00543212891e-05
calculate duration
testing...
no interpolation path defined
executed snippet estimated_duration=0, duration=7.29560852051e-05
executed snippet estimated_duration=0.0, duration=0.00176596641541
script duration name:co2 seconds:0.0
loading script "jan_unknown120_60.py"
loading script "jan_pump_ms.py"
loading script "jan_co2.py"
loading script "jan_pump_extraction_line.py"
testing...
no interpolation path defined
calculate duration
testing...
no interpolation path defined
executed snippet estimated_duration=4.0, duration=0.000110149383545
executed snippet estimated_duration=4.0, duration=0.000944852828979
Script duration 214.0
Run total estimated duration= 215.000
run duration: 0:03:35
doing event level: 2
06:34:41 -- Setting default integration. t=1.048576
setting integration time = 1.048576
SetIntegrationTime 1.048576 ===>> OK
----------------- start -----------------
**************** Experiment Type: Ar/Ar, Ar/Ar
create new session 5008728336
close session 5008728336
$$$$$ Clearing conditionals
adding conditionals 
Add queue conditionals
add default conditionals
adding default conditionals from /Users/jan/PychronDev/setupfiles/spectrometer/default_conditionals.yaml
Start automated run 65539-01AA
loading script "jan_unknown120_60.py"
loading script "jan_pump_ms.py"
loading script "jan_co2.py"
loading script "jan_pump_extraction_line.py"
%%%%%%%%%%%%%%%%%% setting automated run 65539-01AA
No value "sensitivity_multiplier" in metadata
$$$$$$$$$$$$$$$ auto_save_detector_ic=False
============================= Pre Extraction Check =============================
loading queue conditionals pre_run_terminations
loading system conditionals pre_run_terminations
loading conditionals from /Users/jan/PychronDev/setupfiles/spectrometer/default_conditionals.yaml
06:34:41 -- ******* Pre Extraction Check *******
Get a measurement from the spectrometer
GetData ===>> H2,-0.19816911490603,H1,-0.00467848124914276,AX,-0.0641307778755076,L1,-0.0233490593179521,L2,-0....
Pre Extraction Termination data. keys=H2,H1,AX,L1,L2,CDD, signals=-0.19817,-0.00468,-0.06413,-0.02335,-0.01916,0.00000
06:34:41 -- testing system defined conditionals
Checking default pre extraction terminations n=2
testing CDD
evaluate ot="CDD.inactive" t="CDD", ctx="{'CDD': False}"
GetDeflection CDD ===>> 50
testing CDD==2000
evaluate ot="CDD.deflection==2000" t="CDD==2000", ctx="{'CDD': 50.0}"
06:34:41 -- ******* Pre Extraction Check Passed *******
=================================================================================
06:34:41 -- stopping status monitor
stop 5062670192
Alive clients [5005055664]
06:34:41 -- starting status monitor
start 5062670192
Monitor already running
start extraction
do extraction
Analysis started at 06:34:41.703788
Extraction Started jan_co2.py
06:34:41 -- ******* Extraction Started jan_co2.py *******
state changed from not run to extraction
DO EXTRACTION <pychron.extraction_line.pyscript_runner.RemotePyScriptRunner object at 0x12ca96b90>
testing...
no interpolation path defined
calculate duration
testing...
no interpolation path defined
executed snippet estimated_duration=0, duration=5.60283660889e-05
calculate duration
testing...
no interpolation path defined
executed snippet estimated_duration=0, duration=8.89301300049e-05
executed snippet estimated_duration=100.0, duration=0.0019679069519
Jan CO2 laser analysis
doing GOSUB
testing...
no interpolation path defined
executed snippet estimated_duration=0, duration=6.79492950439e-05
Waiting for CO2 access
wait ('FelixCO2Flag', 0) {}
waiting for FelixCO2Flag = 0
Read FelixCO2Flag ===>> 0
finished waiting
CO2 free
wait ('CO2PumpTimeFlag', 0) {}
waiting for CO2PumpTimeFlag = 0
Read CO2PumpTimeFlag ===>> 0
finished waiting
acquire ('JanCO2Flag',) {'clear': True}
acquire JanCO2Flag
Set JanCO2Flag 1 ===>> OK
JanCO2Flag acquired
set extraction state False (0.75, 'red', 1.5)
CO2 acquired
executed snippet estimated_duration=0, duration=0.0173721313477
WaitForCO2Access.py completed successfully
gosub finished
doing GOSUB
testing...
no interpolation path defined
executed snippet estimated_duration=0, duration=9.60826873779e-05
Prepare for CO2 analysis
close () {'description': 'Jan Inlet'}
closing name=--- desc=Jan Inlet
checking ownership. requestor=129.138.12.150
check software interlocks R
interlocks []
actuate state mode=None-script, software_lock=False
doing actuation None-script close_channel False
Close R ===>> OK
GetIndicatorState R ===>> False
change switch state (True, True)
update switch state R False args=() kw={} ncanvase=3
06:34:42 -- CLOSE  VALVE-R (Jan Inlet)
---------------------------------------- close None (Jan Inlet) result=[(True, True)]
action=close, ok=True, locked=[False]
open () {'description': 'Jan Ion Pump'}
opening name=--- desc=Jan Ion Pump
checking ownership. requestor=129.138.12.150
check software interlocks O
interlocks []
actuate state mode=None-script, software_lock=False
doing actuation None-script open_channel False
Open O ===>> OK
GetIndicatorState O ===>> OK
change switch state (True, True)
update switch state O True args=() kw={} ncanvase=3
06:34:42 -- OPEN   VALVE-O (Jan Ion Pump)
---------------------------------------- open None (Jan Ion Pump) result=[(True, True)], time=0.11 sec
action=open, ok=True, locked=[False]
close () {'description': 'Microbone to Minibone'}
closing name=--- desc=Microbone to Minibone
checking ownership. requestor=129.138.12.150
check software interlocks L
interlocks []
actuate state mode=None-script, software_lock=False
doing actuation None-script close_channel False
Close L ===>> OK
GetIndicatorState L ===>> False
change switch state (True, True)
update switch state L False args=() kw={} ncanvase=3
06:34:43 -- CLOSE  VALVE-L (Microbone to Minibone)
---------------------------------------- close None (Microbone to Minibone) result=[(True, True)]
action=close, ok=True, locked=[False]
open () {'description': 'Microbone to Turbo'}
opening name=--- desc=Microbone to Turbo
checking ownership. requestor=129.138.12.150
check software interlocks U
interlocks []
actuate state mode=None-script, software_lock=False
doing actuation None-script open_channel False
Open U ===>> OK
GetIndicatorState U ===>> OK
change switch state (True, True)
update switch state U True args=() kw={} ncanvase=3
06:34:43 -- OPEN   VALVE-U (Microbone to Turbo)
---------------------------------------- open None (Microbone to Turbo) result=[(True, True)], time=0.13 sec
action=open, ok=True, locked=[False]
open () {'description': 'Microbone to Inlet Pipette'}
opening name=--- desc=Microbone to Inlet Pipette
checking ownership. requestor=129.138.12.150
check software interlocks S
interlocks []
actuate state mode=None-script, software_lock=False
doing actuation None-script open_channel False
Open S ===>> OK
GetIndicatorState S ===>> OK
change switch state (True, True)
update switch state S True args=() kw={} ncanvase=3
06:34:44 -- OPEN   VALVE-S (Microbone to Inlet Pipette)
---------------------------------------- open None (Microbone to Inlet Pipette) result=[(True, True)], time=0.42 sec
action=open, ok=True, locked=[False]
open () {'description': 'Microbone to Getter D-50'}
opening name=--- desc=Microbone to Getter D-50
checking ownership. requestor=129.138.12.150
check software interlocks K
interlocks []
actuate state mode=None-script, software_lock=False
doing actuation None-script open_channel False
Open K ===>> OK
GetIndicatorState K ===>> OK
change switch state (True, True)
update switch state K True args=() kw={} ncanvase=3
06:34:44 -- OPEN   VALVE-K (Microbone to Getter D-50)
---------------------------------------- open None (Microbone to Getter D-50) result=[(True, True)], time=0.43 sec
action=open, ok=True, locked=[False]
open () {'description': 'Microbone to Getter NP-10'}
opening name=--- desc=Microbone to Getter NP-10
checking ownership. requestor=129.138.12.150
check software interlocks M
interlocks []
actuate state mode=None-script, software_lock=False
doing actuation None-script open_channel False
Open M ===>> OK
GetIndicatorState M ===>> OK
change switch state (True, True)
update switch state M True args=() kw={} ncanvase=3
06:34:45 -- OPEN   VALVE-M (Microbone to Getter NP-10)
---------------------------------------- open None (Microbone to Getter NP-10) result=[(True, True)], time=0.14 sec
action=open, ok=True, locked=[False]
close () {'description': 'CO2 Laser to Felix'}
closing name=--- desc=CO2 Laser to Felix
checking ownership. requestor=129.138.12.150
check software interlocks F
interlocks []
actuate state mode=None-script, software_lock=True
VALVE-F(CO2 Laser to Felix) software locked
change switch state (True, False)
---------------------------------------- close None (CO2 Laser to Felix) result=[(True, False)]
action=close, ok=True, locked=[True]
open () {'description': 'CO2 Laser to Jan'}
opening name=--- desc=CO2 Laser to Jan
checking ownership. requestor=129.138.12.150
check software interlocks A
interlocks []
actuate state mode=None-script, software_lock=False
doing actuation None-script open_channel False
Open A ===>> OK
GetIndicatorState A ===>> OK
change switch state (True, True)
update switch state A True args=() kw={} ncanvase=3
06:34:45 -- OPEN   VALVE-A (CO2 Laser to Jan)
---------------------------------------- open None (CO2 Laser to Jan) result=[(True, True)], time=0.13 sec
action=open, ok=True, locked=[False]
open () {'description': 'Microbone to CO2 Laser'}
opening name=--- desc=Microbone to CO2 Laser
checking ownership. requestor=129.138.12.150
check software interlocks T
interlocks []
actuate state mode=None-script, software_lock=False
doing actuation None-script open_channel False
Open T ===>> OK
GetIndicatorState T ===>> OK
change switch state (True, True)
update switch state T True args=() kw={} ncanvase=3
06:34:46 -- OPEN   VALVE-T (Microbone to CO2 Laser)
---------------------------------------- open None (Microbone to CO2 Laser) result=[(True, True)], time=0.43 sec
action=open, ok=True, locked=[False]
executed snippet estimated_duration=0, duration=4.94011902809
PrepareForCO2Analysis.py completed successfully
gosub finished
set_motor ('beam', '1.5') {}
setting motor "beam" to 1.5
set motor beam to 1.5
SetMotor beam,1.5 ===>> OK
GetMotorMoving beam ===>> False
GetMotorMoving beam ===>> False
Block completed
move_to_position ('205',) {'autocenter': True}
FusionsCO2 move to position 205
sending GoToHole 205,True
GoToHole 205,True ===>> OK
GetDriveMoving ===>> False
GetDriveMoving ===>> OK
GetDriveMoving ===>> OK
GetDriveMoving ===>> OK
GetDriveMoving ===>> False
Block completed
GetAutoCorrecting ===>> False
GetAutoCorrecting ===>> False
Block completed
update position
GetPosition ===>> 5.98170,-11.96340,1.00000
got position (5.9817, -11.9634, 1.0)
move to position succeeded
sleep (5,) {}
SLEEP 5.0
block started
WaitControl setup for 5.0  
Join finished
block finished. duration 5.03417897224
close () {'description': 'Microbone to Turbo'}
closing name=--- desc=Microbone to Turbo
checking ownership. requestor=129.138.12.150
check software interlocks U
interlocks []
actuate state mode=None-script, software_lock=False
doing actuation None-script close_channel True
Close U ===>> OK
GetIndicatorState U ===>> False
change switch state (True, True)
update switch state U False args=() kw={} ncanvase=3
06:34:55 -- CLOSE  VALVE-U (Microbone to Turbo)
---------------------------------------- close None (Microbone to Turbo) result=[(True, True)]
action=close, ok=True, locked=[False]
enable laser
enable () {}
set extraction state FusionsCO2 Enabled (False, 'red', 1.5)
enabling laser
Enable ===>> OK
begin interval
BEGIN INTERVAL Interval 1 waiting for 30.0
block started
WaitControl setup for 30.0  
set extract to 0.925
extract (0.925,) {}
GetPosition ===>> 5.98170,-11.96340,1.00000
set extraction state FusionsCO2 ON! 0.925(watts) (0.75, 'red', 1.5)
extract sample to 0.925 (watts)
set laser output
SetLaserOutput 0.925,watts ===>> OK
COMPLETE INTERVAL waiting for Interval 1 to complete
Join finished
block finished. duration 30.1463160515
Interval 1 finished
end_extract () {}
ending extraction. set laser power to 0
set laser power 0
SetLaserPower 0 ===>> OK
disable () {}
%%%%%%%%%%%%%%%%%%%%%%%%%%%%%%%%%%% disable
set extraction state False (0.75, 'red', 1.5)
disabling laser
Disable ===>> OK
sleep (30.0,) {}
SLEEP 30.0
block started
WaitControl setup for 30.0  
Join finished
block finished. duration 30.1242978573
executed snippet estimated_duration=195.0, duration=75.1991741657
jan_co2.py completed successfully
GetAchievedOutput ===>> No Response
Requested Output= 0.000
Achieved Output=  0.000
GetResponseBlob ===>> No Response
GetOutputBlob ===>> No Response
persistence save...
persistence save - db
AutomatedRunPersister post_extraction_save deprecated
persistence save - dvc
no extraction position for 205
create new session 5004695600
close session 5004695600
Extraction Finished
06:35:56 -- ******* Extraction Finished *******
no overlap. not waiting for min ms pumptime
06:35:56 -- Sending spectrometer configuration
======== Sending configuration ========
SetDeflection CDD,50.0 ===>> OK
SetDeflection H2,0.0 ===>> OK
SetDeflection H1,0.0 ===>> OK
SetDeflection L2,825.0 ===>> OK
SetDeflection L1,400.0 ===>> OK
SetDeflection AX,190.0 ===>> OK
SetZFocus 74.64 ===>> OK
SetZSymmetry -50.72 ===>> OK
SetExtractionLens 26.13 ===>> OK
SetIonRepeller -3.81 ===>> OK
SetElectronEnergy 75.08 ===>> OK
SetYSymmetry -2.81 ===>> OK
SetIonCounterVoltage 1590.0 ===>> OK
send trap current 200.0
GetParameter Trap Current Readback ===>> 198.482695477019
SetParameter Trap Current Set,200.0 ===>> OK
updating mftable name mftable
Using mftable located at /Users/jan/PychronDev/setupfiles/spectrometer/mftables/mftable.csv
============ MFtable ===========
Isotope  H2     H1     AX     L1     L2     CDD    
Ar40     5.8259 5.8794 5.9925 6.1658 6.2309 6.3940
Ar39     5.7251 5.7716 5.8850 6.0518 6.1160 6.2805
Ar36     5.4026 5.4406 5.5483 5.7107 5.7710 5.9316
================================
get initial guess parabolic
get initial guess parabolic
get initial guess parabolic
get initial guess parabolic
get initial guess parabolic
get initial guess parabolic
======== Configuration Finished ========
GetYSymmetry ===>> -2.81
GetZSymmetry ===>> -50.72
GetParameter Trap Current Readback ===>> 198.482695477019
GetHighVoltage ===>> 4500
start measurement
do measurement
L#=65539 analysis type=unknown
Measurement Started jan_unknown120_60.py
06:35:57 -- ******* Measurement Started jan_unknown120_60.py *******
state changed from extraction to measurement
setting spec, defl, and gains
GetExtractionLens ===>> 26.13
GetYSymmetry ===>> -2.81
GetZSymmetry ===>> -50.72
GetZFocus ===>> 74.64
GetDeflection H2 ===>> 0
GetDeflection H1 ===>> 0
GetDeflection AX ===>> 190
GetDeflection L1 ===>> 400
GetDeflection L2 ===>> 825
GetDeflection CDD ===>> 50
GetGain H2 ===>> 0.0113
GetGain H1 ===>> 0.1
GetGain AX ===>> 0.097049
GetGain L1 ===>> 0.010355
GetGain L2 ===>> 0.095649
GetGain CDD ===>> 0
pre measurement save
New frame /Users/jan/PychronDev/data/isotopes/0b/2835cf-9005-4578-a331-64c36483f511.h5
flush and close file /Users/jan/PychronDev/data/isotopes/0b/2835cf-9005-4578-a331-64c36483f511.h5
testing...
no interpolation path defined
executed snippet estimated_duration=226.132928, duration=0.000118017196655
unknown measurement script
activate_detectors ('H2', 'H1', 'AX', 'L1', 'L2', 'CDD') {}
activate detectors
*************** Set Analysis View Ar/Ar
create graphs
clearing graphs
clear isotope group
setting isotope det=H2, iso=PM41
setting isotope det=H1, iso=Ar40
setting isotope det=AX, iso=Ar39
setting isotope det=L1, iso=Ar38
setting isotope det=L2, iso=Ar37
setting isotope det=CDD, iso=Ar36
setting previous blanks
 - setting Ar40 blank 0.584+/-0.008
 - setting Ar36 blank 0.00549+/-0.00018
 - setting Ar37 blank 0.053+/-0.005
 - setting Ar38 blank -0.0018+/-0.0020
 - setting PM41 blank 0.02+/-0.06
 - setting Ar39 blank 0.013+/-0.009
load analysis view
position_magnet ('Ar40',) {'detector': 'H1'}
detector Detector(H1)
POSITION Ar40 H1
setting detector H2 to PM41 (40.9624)
setting detector H1 to Ar40 (39.9624)
setting detector AX to Ar39 (38.9624)
setting detector L1 to Ar38 (37.9624)
setting detector L2 to Ar37 (36.9624)
setting detector CDD to Ar36 (35.9624)
Mapping mass to dac mass func: "parabolic"
H1 map mass coeffs = [-0.00063987  0.15840543  0.57096999]
H1 map mass to dac 39.9624 >> 5.87936
GetDeflection H1 ===>> 0
GetHighVoltage ===>> 4500
positioning Ar40 (5.87936) on H1
setting magnet DAC
current  : 5.240016
requested: 5.879360
Delta Dac: 0.639344
Checking detector protection. dv=0.63934
Checking detector "CDD". Protection Threshold: 0.1 (V)
ProtectDetector CDD,On ===>> OK
GetDeflection CDD ===>> 2000
Protected = 2000
SetMagnetDAC 5.87936 ===>> OK
Magnet settling time: 0.500
GetMagnetMoving ===>> True
GetMagnetMoving ===>> True
GetMagnetMoving ===>> True
GetMagnetMoving ===>> True
GetMagnetMoving ===>> True
GetMagnetMoving ===>> True
GetMagnetMoving ===>> True
GetMagnetMoving ===>> True
GetMagnetMoving ===>> True
GetMagnetMoving ===>> False
ProtectDetector CDD,Off ===>> OK
GetDeflection CDD ===>> 50
update labels <pychron.experiment.plot_panel.PlotPanel object at 0x1c8776f50>
update labels "<pychron.graph.stacked_regression_graph.StackedRegressionGraph object at 0x1d95d6dd0>"
setting label 0 H2 PM41
setting label 1 H1 Ar40
setting label 2 AX Ar39
setting label 3 L1 Ar38
setting label 4 L2 Ar37
setting label 5 CDD Ar36
update labels "<pychron.graph.stacked_graph.StackedGraph object at 0x1d13340b0>"
setting label 0 H2 PM41
setting label 1 H1 Ar40
setting label 2 AX Ar39
setting label 3 L1 Ar38
setting label 4 L2 Ar37
setting label 5 CDD Ar36
equilibrate () {'delay': 3, 'inlet': 'R', 'outlet': 'O', 'eqtime': 12.0}
Equilibration Started
06:36:01 -- ******* Equilibration Started *******
checking ownership. requestor=129.138.12.150
check software interlocks O
interlocks []
actuate state mode=None-script, software_lock=False
doing actuation None-script close_channel True
Close O ===>> OK
GetIndicatorState O ===>> False
change switch state (True, True)
update switch state O False args=() kw={} ncanvase=3
06:36:01 -- CLOSE  VALVE-O (Jan Ion Pump)
waiting 3s before opening inlet value ('R',)
checking ownership. requestor=129.138.12.150
check software interlocks R
interlocks []
actuate state mode=None-script, software_lock=False
doing actuation None-script open_channel True
Open R ===>> OK
set states for children of R. state=True
handle state [('R', True)]
update switch state R True args=() kw={'refresh': False} ncanvase=3
refresh_canvas_needed fired
GetIndicatorState R ===>> OK
change switch state (True, True)
update switch state R True args=() kw={} ncanvase=3
06:36:04 -- OPEN   VALVE-R (Jan Inlet)
equilibrating for 12.0sec
set_time_zero () {}
sniff (12.0,) {}
py_sniff
build tables- sniff [Detector(H2), Detector(H1), Detector(AX), Detector(L1), Detector(L2), Detector(CDD)]
add group /sniff/PM41 (Group) '' table H2
add group /sniff/Ar40 (Group) '' table H1
add group /sniff/Ar39 (Group) '' table AX
add group /sniff/Ar38 (Group) '' table L1
add group /sniff/Ar37 (Group) '' table L2
add group /sniff/Ar36 (Group) '' table CDD
flush and close file /Users/jan/PychronDev/data/isotopes/0b/2835cf-9005-4578-a331-64c36483f511.h5
measuring sniff. ncounts=12.0
"sniff" increment series count="1" fit count="0" regressing="False"
starting measurement
check iteration duration=1.90734863281e-05
GetData ===>> H2,-0.165027281758769,H1,0.026172146954351,AX,0.0769885317327313,L1,-0.0187431605694165,L2,0.0293...
check iteration duration=1.59740447998e-05
GetData ===>> H2,0.940331931527527,H1,0.512154075169735,AX,1.12343547629258,L1,0.132417889454508,L2,0.307313684...
check iteration duration=1.71661376953e-05
GetData ===>> H2,0.760225999520474,H1,0.753755791019795,AX,0.569296877855955,L1,0.170237657180137,L2,0.19768509...
check iteration duration=2.00271606445e-05
GetData ===>> H2,0.240748989145322,H1,0.795610014644388,AX,0.197564438487653,L1,0.124511712791079,L2,0.06117929...
check iteration duration=3.91006469727e-05
GetData ===>> H2,0.00801363478278885,H1,0.942484545810607,AX,0.112592161209717,L1,0.0890178046297427,L2,0.01484...
check iteration duration=3.40938568115e-05
GetData ===>> H2,-0.0558038240059588,H1,0.866905310530775,AX,0.155533365716267,L1,0.0280629072121969,L2,0.05272...
check iteration duration=4.29153442383e-05
GetData ===>> H2,-0.116053911381693,H1,0.895781396495843,AX,0.0480278803069831,L1,-0.0148357247298239,L2,0.0521...
check iteration duration=4.6968460083e-05
GetData ===>> H2,-0.164359044110953,H1,0.927170040630565,AX,-0.0142095139046366,L1,0.0106999581154958,L2,0.0003...
check iteration duration=1.81198120117e-05
GetData ===>> H2,-0.243400237889219,H1,0.939536502059535,AX,-0.0202408522468772,L1,0.0293410135929036,L2,-0.028...
check iteration duration=1.81198120117e-05
GetData ===>> H2,-0.119669096053935,H1,0.977939742439804,AX,-0.0605484320932336,L1,0.0407117553697543,L2,-0.017...
check iteration duration=4.00543212891e-05
GetData ===>> H2,-0.10041015112248,H1,0.910743692160954,AX,-0.0422636616664063,L1,0.0251577398250472,L2,0.06545...
check iteration duration=2.50339508057e-05
GetData ===>> H2,-0.247364064751233,H1,0.92379109767482,AX,-0.0744365323714703,L1,-0.0026771980583315,L2,0.1243...
Equilibration Finished
06:36:16 -- ******* Equilibration Finished *******
checking ownership. requestor=129.138.12.150
check software interlocks R
interlocks []
actuate state mode=None-script, software_lock=False
doing actuation None-script close_channel True
Close R ===>> OK
GetIndicatorState R ===>> False
change switch state (True, True)
update switch state R False args=() kw={} ncanvase=3
06:36:17 -- CLOSE  VALVE-R (Jan Inlet)
Post Equilibration Started jan_pump_extraction_line.py
06:36:17 -- ******* Post Equilibration Started jan_pump_extraction_line.py *******
testing...
no interpolation path defined
calculate duration
testing...
no interpolation path defined
executed snippet estimated_duration=4.0, duration=0.000144958496094
executed snippet estimated_duration=4.0, duration=0.00155591964722
Pump after analysis
doing GOSUB
testing...
no interpolation path defined
executed snippet estimated_duration=4.0, duration=0.000178098678589
Pump Microbone
close () {'description': 'Jan Inlet'}
closing name=--- desc=Jan Inlet
checking ownership. requestor=129.138.12.150
check software interlocks R
interlocks []
actuate state mode=None-script, software_lock=False
doing actuation None-script close_channel False
check iteration duration=1.69277191162e-05
waiting for write to finish
measurement finished
estimated time: 12.583 actual time: :12.728
flush and close file /Users/jan/PychronDev/data/isotopes/0b/2835cf-9005-4578-a331-64c36483f511.h5
set_fits () {}
Close R ===>> OK
using default fits file=/Users/jan/PychronDev/scripts/measurement/fits/nominal_linear.yaml
set "Ar40" to "('Linear', 'SEM')"
No fit for "PM41". defaulting to linear. check the measurement script "jan_unknown120_60.py"
set "PM41" to "linear"
set "Ar36" to "('Linear', 'SEM')"
set "Ar37" to "('linear', 'SEM')"
set "Ar38" to "('linear', 'SEM')"
set "Ar39" to "('Linear', 'SEM')"
set_baseline_fits () {}
using default fits file=/Users/jan/PychronDev/scripts/measurement/fits/nominal_linear.yaml
set "H1" to "('average', 'SEM')"
set "H2" to "('average', 'SEM')"
set "CDD" to "('average', 'SEM')"
set "L2" to "('average', 'SEM')"
set "L1" to "('average', 'SEM')"
set "AX" to "('average', 'SEM')"
multicollect () {'integration_time': 1, 'ncounts': 120}
build tables- signal [Detector(H2), Detector(H1), Detector(AX), Detector(L1), Detector(L2), Detector(CDD)]
add group /signal/PM41 (Group) '' table H2
GetIndicatorState R ===>> False
add group /signal/Ar40 (Group) '' table H1
change switch state (True, True)
add group /signal/Ar39 (Group) '' table AX
update switch state R False args=() kw={} ncanvase=3
add group /signal/Ar38 (Group) '' table L1
add group /signal/Ar37 (Group) '' table L2
add group /signal/Ar36 (Group) '' table CDD
flush and close file /Users/jan/PychronDev/data/isotopes/0b/2835cf-9005-4578-a331-64c36483f511.h5
measuring signal. ncounts=120
06:36:18 -- CLOSE  VALVE-R (Jan Inlet)
---------------------------------------- close None (Jan Inlet) result=[(True, True)]
action=close, ok=True, locked=[False]
is_closed ('F',) {}
is F () closed?
is closed True
open () {'description': 'CO2 Laser to Jan'}
opening name=--- desc=CO2 Laser to Jan
checking ownership. requestor=129.138.12.150
check software interlocks A
interlocks []
actuate state mode=None-script, software_lock=False
doing actuation None-script open_channel False
"signal" increment series count="2" fit count="1" regressing="True"
Open A ===>> OK
GetIndicatorState A ===>> OK
change switch state (True, True)
update switch state A True args=() kw={} ncanvase=3
06:36:18 -- OPEN   VALVE-A (CO2 Laser to Jan)
---------------------------------------- open None (CO2 Laser to Jan) result=[(True, True)], time=0.13 sec
starting measurement
check iteration duration=0.000113964080811
GetData ===>> H2,0.00154866612590261,H1,0.918111853601311,AX,0.0455209075214959,L1,0.0374314355054041,L2,0.1437...
action=open, ok=True, locked=[False]
sleep (1,) {}
SLEEP 1.0
check iteration duration=3.50475311279e-05
GetData ===>> H2,0.0669129911501735,H1,0.935414179284133,AX,0.0954441810973558,L1,0.0200086629785893,L2,0.03109...
close () {'description': 'CO2 Laser to Roughing'}
closing name=--- desc=CO2 Laser to Roughing
checking ownership. requestor=129.138.12.150
check software interlocks G
interlocks []
actuate state mode=None-script, software_lock=True
VALVE-G(CO2 Laser to Roughing) software locked
change switch state (True, False)
---------------------------------------- close None (CO2 Laser to Roughing) result=[(True, False)]
action=close, ok=True, locked=[True]
open () {'description': 'Microbone to Turbo'}
opening name=--- desc=Microbone to Turbo
checking ownership. requestor=129.138.12.150
check software interlocks U
interlocks []
actuate state mode=None-script, software_lock=False
doing actuation None-script open_channel True
Open U ===>> OK
GetIndicatorState U ===>> OK
change switch state (True, True)
update switch state U True args=() kw={} ncanvase=3
06:36:19 -- OPEN   VALVE-U (Microbone to Turbo)
---------------------------------------- open None (Microbone to Turbo) result=[(True, True)], time=0.17 sec
action=open, ok=True, locked=[False]
open () {'description': 'Microbone to Getter NP-10'}
opening name=--- desc=Microbone to Getter NP-10
checking ownership. requestor=129.138.12.150
check software interlocks M
interlocks []
actuate state mode=None-script, software_lock=False
doing actuation None-script open_channel False
Open M ===>> OK
GetIndicatorState M ===>> OK
change switch state (True, True)
update switch state M True args=() kw={} ncanvase=3
06:36:20 -- OPEN   VALVE-M (Microbone to Getter NP-10)
---------------------------------------- open None (Microbone to Getter NP-10) result=[(True, True)], time=0.13 sec
action=open, ok=True, locked=[False]
open () {'description': 'Microbone to Getter D-50'}
opening name=--- desc=Microbone to Getter D-50
checking ownership. requestor=129.138.12.150
check software interlocks K
interlocks []
actuate state mode=None-script, software_lock=False
doing actuation None-script open_channel False
check iteration duration=3.91006469727e-05
GetData ===>> H2,-0.0965092292976658,H1,1.049495417155,AX,0.0243766962533191,L1,0.0110432379997854,L2,0.0225927...
Open K ===>> OK
GetIndicatorState K ===>> OK
change switch state (True, True)
update switch state K True args=() kw={} ncanvase=3
06:36:20 -- OPEN   VALVE-K (Microbone to Getter D-50)
---------------------------------------- open None (Microbone to Getter D-50) result=[(True, True)], time=0.44 sec
action=open, ok=True, locked=[False]
open () {'description': 'Microbone to CO2 Laser'}
opening name=--- desc=Microbone to CO2 Laser
checking ownership. requestor=129.138.12.150
check software interlocks T
interlocks []
actuate state mode=None-script, software_lock=False
doing actuation None-script open_channel False
Open T ===>> OK
GetIndicatorState T ===>> OK
change switch state (True, True)
update switch state T True args=() kw={} ncanvase=3
06:36:21 -- OPEN   VALVE-T (Microbone to CO2 Laser)
---------------------------------------- open None (Microbone to CO2 Laser) result=[(True, True)], time=0.42 sec
check iteration duration=3.91006469727e-05
GetData ===>> H2,-0.20704046498976,H1,1.02309788442765,AX,0.0443835059707154,L1,-0.00251881780060314,L2,0.05319...
action=open, ok=True, locked=[False]
open () {'description': 'Microbone to Inlet Pipette'}
opening name=--- desc=Microbone to Inlet Pipette
checking ownership. requestor=129.138.12.150
check software interlocks S
interlocks []
actuate state mode=None-script, software_lock=False
doing actuation None-script open_channel False
Open S ===>> OK
GetIndicatorState S ===>> OK
change switch state (True, True)
update switch state S True args=() kw={} ncanvase=3
06:36:22 -- OPEN   VALVE-S (Microbone to Inlet Pipette)
---------------------------------------- open None (Microbone to Inlet Pipette) result=[(True, True)], time=0.44 sec
action=open, ok=True, locked=[False]
sleep (1,) {}
SLEEP 1.0
testing H1>-5.0
evaluate ot="H1.bs>-5.0" t="H1>-5.0", ctx="{'H1': None}"
check iteration duration=0.00133299827576
GetData ===>> H2,-0.164503494779647,H1,1.04057860954148,AX,0.0270571845502066,L1,-0.00696811482448795,L2,0.0886...
set_resource () {'name': 'CO2PumpTimeFlag', 'value': 30}
Set CO2PumpTimeFlag 30 ===>> OK
release ('JanCO2Flag',) {}
release JanCO2Flag
Set JanCO2Flag 0 ===>> OK
executed snippet estimated_duration=6.0, duration=6.00520300865
PumpMicrobone.py completed successfully
gosub finished
get_resource_value () {'name': 'JanMiniboneFlag'}
Read JanMiniboneFlag ===>> 0
Get Resource Value JanMiniboneFlag=0.0
get resource value 0.0
get_resource_value () {'name': 'JanMiniboneFlag'}
Read JanMiniboneFlag ===>> 0
Get Resource Value JanMiniboneFlag=0.0
executed snippet estimated_duration=4.0, duration=6.01617288589
jan_pump_extraction_line.py completed successfully
Post Equilibration Finished
06:36:23 -- ******* Post Equilibration Finished *******
check iteration duration=9.10758972168e-05
GetData ===>> H2,-0.242093457733391,H1,1.06988479693462,AX,-0.0867115916648001,L1,-0.0188474819796407,L2,-0.054...
check iteration duration=8.29696655273e-05
GetData ===>> H2,-0.254035919364703,H1,1.11979087573097,AX,-0.0705531647391968,L1,-0.00100928093306589,L2,0.050...
check iteration duration=7.82012939453e-05
GetData ===>> H2,-0.189794994658437,H1,1.15024789819234,AX,-0.0793281957968993,L1,-0.0140524606019286,L2,-0.088...
check iteration duration=7.70092010498e-05
GetData ===>> H2,-0.17958535437908,H1,1.12703542901837,AX,-0.0870129428606376,L1,-0.0546166329873981,L2,0.07636...
testing H1>-5.0
evaluate ot="H1.bs>-5.0" t="H1>-5.0", ctx="{'H1': None}"
check iteration duration=0.000565052032471
GetData ===>> H2,-0.128860171541804,H1,1.10599887944904,AX,-0.0401068293803991,L1,-0.0579992962691653,L2,0.0612...
check iteration duration=3.40938568115e-05
GetData ===>> H2,-0.221851955673467,H1,1.04558822408392,AX,-0.102044546858251,L1,-0.0553265361339765,L2,0.04870...
check iteration duration=3.60012054443e-05
GetData ===>> H2,-0.17369594837414,H1,1.03227374544701,AX,-0.0702285777395936,L1,-0.0101866012565345,L2,0.03767...
check iteration duration=4.48226928711e-05
GetData ===>> H2,-0.16665653644484,H1,1.17955003541661,AX,-0.0588093817367122,L1,-0.011700756563867,L2,-0.10350...
check iteration duration=5.50746917725e-05
GetData ===>> H2,-0.123270958823342,H1,1.13072987215512,AX,-0.0698112500063181,L1,0.00968819069114561,L2,-0.007...
testing H1>-5.0
evaluate ot="H1.bs>-5.0" t="H1>-5.0", ctx="{'H1': None}"
check iteration duration=0.00122499465942
GetData ===>> H2,-0.262282167338728,H1,1.09870787460269,AX,-0.128752654297494,L1,-0.00780041525362902,L2,-0.059...
check iteration duration=5.22136688232e-05
GetData ===>> H2,-0.213221087917185,H1,1.13822712968263,AX,-0.0724890718571008,L1,-0.0337195924094983,L2,0.0596...
check iteration duration=6.50882720947e-05
GetData ===>> H2,-0.195938387797645,H1,1.15405117474705,AX,-0.0825157588172597,L1,-0.0139326113010157,L2,0.0073...
check iteration duration=7.39097595215e-05
GetData ===>> H2,-0.261897558152917,H1,1.12679553480139,AX,-0.067956438425224,L1,-0.00930054092370111,L2,0.0584...
check iteration duration=9.70363616943e-05
GetData ===>> H2,-0.19596401533416,H1,1.13434048167955,AX,-0.0912665313269619,L1,-0.0132062940025238,L2,-0.0334...
testing H1>-5.0
evaluate ot="H1.bs>-5.0" t="H1>-5.0", ctx="{'H1': None}"
check iteration duration=0.00144386291504
GetData ===>> H2,-0.192140737177952,H1,1.11133555821123,AX,-0.104872129559779,L1,0.00884212868388283,L2,0.02931...
check iteration duration=7.79628753662e-05
GetData ===>> H2,-0.199976032075463,H1,1.20721610251648,AX,0.0439308702740581,L1,0.00065051083970395,L2,0.10174...
check iteration duration=6.50882720947e-05
GetData ===>> H2,-0.203036345285484,H1,1.19773316695613,AX,-0.045603178642358,L1,0.00399492796529664,L2,0.10532...
check iteration duration=8.51154327393e-05
GetData ===>> H2,-0.221993391345284,H1,1.31276365663926,AX,-0.154478333921336,L1,-0.0241544553572853,L2,0.01074...
check iteration duration=8.10623168945e-05
GetData ===>> H2,-0.243346408531613,H1,1.16627782253647,AX,-0.0921241805879627,L1,-0.0251982581359263,L2,-0.005...
testing H1>-5.0
evaluate ot="H1.bs>-5.0" t="H1>-5.0", ctx="{'H1': None}"
check iteration duration=0.000586986541748
06:36:43 -- collecting point 25
GetData ===>> H2,-0.214614898418195,H1,1.20980906061627,AX,-0.00489500141353965,L1,-0.0340967406897856,L2,0.030...
check iteration duration=8.48770141602e-05
GetData ===>> H2,-0.177290998987768,H1,1.23439824659648,AX,-0.113111051527129,L1,-0.0334430080114659,L2,0.00881...
check iteration duration=8.20159912109e-05
GetData ===>> H2,-0.137677408963772,H1,1.2523221066824,AX,-0.0844862000916965,L1,-0.0503350051731461,L2,0.11351...
check iteration duration=9.3936920166e-05
GetData ===>> H2,-0.112643325953843,H1,1.24340776686307,AX,0.0481207323905361,L1,-0.0282511488935207,L2,0.07823...
check iteration duration=8.70227813721e-05
GetData ===>> H2,-0.0922019013084932,H1,1.24108033022903,AX,-0.080881421367905,L1,-0.0189242234759137,L2,-0.020...
testing H1>-5.0
evaluate ot="H1.bs>-5.0" t="H1>-5.0", ctx="{'H1': None}"
check iteration duration=0.000596046447754
GetData ===>> H2,-0.113136029367945,H1,1.25372591715525,AX,0.0693683316482361,L1,-0.0484239893115403,L2,0.02261...
check iteration duration=9.60826873779e-05
GetData ===>> H2,-0.237440975945153,H1,1.30589674621955,AX,-0.0731730058830925,L1,-0.0198342850249662,L2,-0.052...
check iteration duration=8.70227813721e-05
GetData ===>> H2,-0.267521497501552,H1,1.38086984195473,AX,-0.00894338597079638,L1,-0.0282966716484114,L2,0.013...
check iteration duration=8.60691070557e-05
GetData ===>> H2,-0.0883740532818628,H1,1.38246766524606,AX,-0.00730781248143321,L1,0.00713222027284856,L2,0.07...
check iteration duration=3.48091125488e-05
GetData ===>> H2,-0.0553385239229109,H1,1.431442308013,AX,-0.0246945237436552,L1,-0.0241820198541634,L2,0.01413...
testing H1>-5.0
evaluate ot="H1.bs>-5.0" t="H1>-5.0", ctx="{'H1': None}"
check iteration duration=0.00103092193604
GetData ===>> H2,0.0226826609239889,H1,1.41353954971508,AX,-0.00338696412385661,L1,-0.0118889610609052,L2,-0.04...
check iteration duration=0.000113010406494
GetData ===>> H2,-0.0914337251052355,H1,1.39205513695286,AX,-0.00213411537707882,L1,-0.0320970948094906,L2,0.06...
check iteration duration=5.19752502441e-05
GetData ===>> H2,-0.263348515142973,H1,1.45207464700465,AX,-0.0690461445132484,L1,-0.0289195939060828,L2,0.0455...
check iteration duration=7.20024108887e-05
GetData ===>> H2,-0.267698922586148,H1,1.33922724745525,AX,-0.12777947238772,L1,0.00269472288266258,L2,-0.01154...
check iteration duration=3.69548797607e-05
GetData ===>> H2,-0.249537792957028,H1,1.43565730300039,AX,-0.113829461719186,L1,0.0168639720738173,L2,0.097235...
testing H1>-5.0
evaluate ot="H1.bs>-5.0" t="H1>-5.0", ctx="{'H1': None}"
check iteration duration=0.00125694274902
GetData ===>> H2,-0.155950732986131,H1,1.44530081755214,AX,-0.027083648945228,L1,-0.0098221149746197,L2,0.11632...
check iteration duration=4.00543212891e-05
GetData ===>> H2,-0.126644555099029,H1,1.33705370512029,AX,-0.124686079516899,L1,-0.0215678503830429,L2,-0.0660...
check iteration duration=8.01086425781e-05
GetData ===>> H2,-0.104861875196691,H1,1.37286909277192,AX,-0.0117504764076401,L1,-0.0450593830335987,L2,0.1390...
check iteration duration=8.51154327393e-05
GetData ===>> H2,-0.105925482958212,H1,1.50296497877462,AX,-0.0227228713980176,L1,-0.00153968453903957,L2,0.040...
check iteration duration=7.60555267334e-05
GetData ===>> H2,-0.241005929087787,H1,1.5188404241077,AX,-0.0407098195644468,L1,-0.028146924968166,L2,0.077295...
testing H1>-5.0
evaluate ot="H1.bs>-5.0" t="H1>-5.0", ctx="{'H1': None}"
check iteration duration=0.00064492225647
GetData ===>> H2,-0.260270220351245,H1,1.51610019908863,AX,0.133027492610265,L1,0.0182872495896822,L2,0.0914910...
check iteration duration=8.29696655273e-05
GetData ===>> H2,-0.242032892679241,H1,1.49630788998592,AX,-0.0729295722892291,L1,-0.0409631211150489,L2,-0.071...
check iteration duration=4.00543212891e-05
GetData ===>> H2,-0.209015721806326,H1,1.4594975571659,AX,0.0147461135039843,L1,-0.0589267561046761,L2,-0.09605...
check iteration duration=7.9870223999e-05
GetData ===>> H2,-0.150252667386066,H1,1.51803517482072,AX,0.0150245748100878,L1,-0.0273071042661945,L2,0.06950...
check iteration duration=8.01086425781e-05
GetData ===>> H2,-0.226933100176453,H1,1.47231477417094,AX,-0.0772533259407461,L1,-0.00981012507006325,L2,0.093...
testing H1>-5.0
evaluate ot="H1.bs>-5.0" t="H1>-5.0", ctx="{'H1': None}"
check iteration duration=0.000586032867432
06:37:10 -- collecting point 50
GetData ===>> H2,-0.182922136834062,H1,1.54640305518041,AX,-0.0428782341584559,L1,-0.033468152362084,L2,0.00182...
check iteration duration=7.70092010498e-05
GetData ===>> H2,-0.087932243433361,H1,1.54449157867511,AX,-0.115196743879352,L1,-0.0570968853814004,L2,0.00283...
check iteration duration=6.60419464111e-05
GetData ===>> H2,-0.198316106264772,H1,1.62935247249891,AX,-0.144426338785832,L1,-0.0111061510802077,L2,-0.0665...
check iteration duration=5.50746917725e-05
GetData ===>> H2,-0.172858248860175,H1,1.60459326977394,AX,-0.105776011613751,L1,0.00476456517536093,L2,-0.0253...
check iteration duration=8.20159912109e-05
GetData ===>> H2,-0.134111860372868,H1,1.55804100188697,AX,-0.0753406972183566,L1,-0.0174300572243845,L2,0.0427...
testing H1>-5.0
evaluate ot="H1.bs>-5.0" t="H1>-5.0", ctx="{'H1': None}"
check iteration duration=0.000581979751587
GetData ===>> H2,-0.155523803620975,H1,1.54445551342881,AX,-0.0208207689300964,L1,-0.0199074221026006,L2,-0.011...
check iteration duration=5.19752502441e-05
GetData ===>> H2,-0.245740221141355,H1,1.48944698214362,AX,0.0368978782845261,L1,0.00168997022094964,L2,0.05003...
check iteration duration=5.19752502441e-05
GetData ===>> H2,-0.223469604706104,H1,1.45429665827217,AX,0.0171478684618477,L1,-0.0159056830690535,L2,0.08273...
check iteration duration=9.29832458496e-05
GetData ===>> H2,-0.128397888262756,H1,1.61659952250794,AX,0.0183313637126237,L1,-0.0282882858932601,L2,0.07074...
check iteration duration=5.10215759277e-05
GetData ===>> H2,-0.229626944054618,H1,1.60021897419889,AX,-0.0300525771800201,L1,-0.0302371869268631,L2,0.0754...
testing H1>-5.0
evaluate ot="H1.bs>-5.0" t="H1>-5.0", ctx="{'H1': None}"
check iteration duration=0.000671148300171
GetData ===>> H2,-0.237987096695051,H1,1.6618972266327,AX,-0.0749117995564089,L1,-0.0257291059374995,L2,0.00051...
check iteration duration=6.69956207275e-05
GetData ===>> H2,-0.152933510838184,H1,1.57433397812203,AX,-0.0122260498258146,L1,-0.0288465223313221,L2,0.1525...
check iteration duration=3.981590271e-05
GetData ===>> H2,-0.131404161481733,H1,1.66753681932106,AX,0.069855449885085,L1,-0.00775844209581426,L2,0.06131...
check iteration duration=8.39233398438e-05
GetData ===>> H2,-0.142832424582367,H1,1.64593011048935,AX,-0.0492208593835672,L1,-0.0102873122438984,L2,-0.008...
check iteration duration=8.70227813721e-05
GetData ===>> H2,-0.207276274354009,H1,1.56009701838318,AX,-0.147197407710966,L1,-0.0272364171555304,L2,0.01280...
testing H1>-5.0
evaluate ot="H1.bs>-5.0" t="H1>-5.0", ctx="{'H1': None}"
check iteration duration=0.000585794448853
GetData ===>> H2,-0.190113181340063,H1,1.60072369093334,AX,0.00207696665395285,L1,-0.0186148557424919,L2,0.0318...
check iteration duration=8.39233398438e-05
GetData ===>> H2,-0.283971373809225,H1,1.63798356421292,AX,0.0439889003739683,L1,0.0102006627975687,L2,0.037938...
check iteration duration=8.10623168945e-05
GetData ===>> H2,-0.111774274974113,H1,1.55618942055289,AX,-0.0225836944291043,L1,-0.0127795881092263,L2,0.0090...
check iteration duration=8.60691070557e-05
GetData ===>> H2,-0.124794947923077,H1,1.65892724798875,AX,-0.0350160517955616,L1,-0.033001175589488,L2,0.10306...
check iteration duration=8.29696655273e-05
GetData ===>> H2,-0.192739228104478,H1,1.76549231711058,AX,0.0166025372571833,L1,-0.0150120597746574,L2,0.04696...
testing H1>-5.0
evaluate ot="H1.bs>-5.0" t="H1>-5.0", ctx="{'H1': None}"
check iteration duration=0.000761032104492
GetData ===>> H2,-0.242018087838815,H1,1.76283223550413,AX,-0.0892150963450268,L1,-0.00270959371324013,L2,-0.05...
check iteration duration=8.20159912109e-05
GetData ===>> H2,-0.198984960257905,H1,1.74558553314459,AX,0.0429907874740119,L1,-0.0211974247919065,L2,0.03166...
check iteration duration=6.50882720947e-05
GetData ===>> H2,-0.248931181956114,H1,1.76088235593854,AX,-0.0394342589982543,L1,0.00254946570242981,L2,0.0607...
check iteration duration=3.91006469727e-05
GetData ===>> H2,-0.212580012066683,H1,1.73624730611637,AX,-0.0988692125855081,L1,0.0035398971227672,L2,0.07545...
check iteration duration=4.19616699219e-05
GetData ===>> H2,-0.209886018788387,H1,1.73278179210816,AX,-0.0331141895676371,L1,-0.00535008898810962,L2,0.062...
testing H1>-5.0
evaluate ot="H1.bs>-5.0" t="H1>-5.0", ctx="{'H1': None}"
check iteration duration=0.000588178634644
06:37:36 -- collecting point 75
GetData ===>> H2,-0.186895848049622,H1,1.69029078564564,AX,-0.0637713899136853,L1,0.00852772374796801,L2,-0.023...
check iteration duration=7.31945037842e-05
GetData ===>> H2,-0.0997738547245083,H1,1.68736808109953,AX,-0.120642507547718,L1,-0.0315007162324725,L2,0.0867...
check iteration duration=5.91278076172e-05
GetData ===>> H2,-0.201871636435118,H1,1.85309052175031,AX,-0.123121967026487,L1,-0.0211458758129444,L2,0.03133...
check iteration duration=5.29289245605e-05
GetData ===>> H2,-0.207363859437044,H1,1.8611427963475,AX,0.0133770236678705,L1,-0.00516775991525808,L2,0.02391...
check iteration duration=6.79492950439e-05
GetData ===>> H2,-0.104285374415004,H1,1.7555504701152,AX,-0.0355726873681525,L1,-0.0226598671603693,L2,-0.0280...
testing H1>-5.0
evaluate ot="H1.bs>-5.0" t="H1>-5.0", ctx="{'H1': None}"
check iteration duration=0.00064492225647
GetData ===>> H2,-0.0235514890086007,H1,1.85463111656807,AX,-0.0152650250944289,L1,-0.0478722759076431,L2,0.058...
check iteration duration=3.60012054443e-05
GetData ===>> H2,-0.0919472031348842,H1,1.86850956483429,AX,-0.00328256067756619,L1,-0.0392120315145582,L2,0.02...
check iteration duration=0.000105857849121
GetData ===>> H2,-0.128472233335624,H1,1.82614594745203,AX,0.00924666591830993,L1,-0.0175283960140488,L2,-0.042...
check iteration duration=0.000114917755127
GetData ===>> H2,-0.122047021746744,H1,1.87072451528942,AX,-0.073694647247633,L1,-0.0376595109065185,L2,0.06081...
check iteration duration=8.48770141602e-05
GetData ===>> H2,-0.16026235859207,H1,1.89388810171043,AX,-0.0253208049536386,L1,-0.0151632016394404,L2,-0.0110...
testing H1>-5.0
evaluate ot="H1.bs>-5.0" t="H1>-5.0", ctx="{'H1': None}"
check iteration duration=0.000579118728638
GetData ===>> H2,-0.0642071522103575,H1,1.75908898142965,AX,0.015163805761833,L1,0.00868852504660776,L2,-0.0119...
check iteration duration=8.6784362793e-05
GetData ===>> H2,-0.13050639589263,H1,1.8424032920046,AX,-0.051539814766135,L1,-0.051911887869585,L2,0.20414356...
check iteration duration=8.51154327393e-05
GetData ===>> H2,-0.223453442830096,H1,1.92309093638234,AX,0.0143168205509282,L1,-0.0332825616265994,L2,0.10120...
check iteration duration=9.48905944824e-05
GetData ===>> H2,-0.171258219004478,H1,1.88442458128251,AX,-0.0302613265387185,L1,0.0219394462955634,L2,-0.0267...
check iteration duration=3.981590271e-05
GetData ===>> H2,-0.0784289022237675,H1,1.90641117047854,AX,0.0848877247187313,L1,0.0238453611092807,L2,-0.0909...
testing H1>-5.0
evaluate ot="H1.bs>-5.0" t="H1>-5.0", ctx="{'H1': None}"
check iteration duration=0.000632047653198
GetData ===>> H2,-0.124007962242126,H1,1.85837437842629,AX,-0.0677941407296626,L1,-0.0185776830103015,L2,0.0809...
check iteration duration=4.38690185547e-05
GetData ===>> H2,-0.101754379335164,H1,1.83584468494444,AX,-0.018617067151399,L1,-0.0246853582520546,L2,0.10706...
check iteration duration=6.60419464111e-05
GetData ===>> H2,-0.111915060332085,H1,1.92071826743458,AX,-0.101882306013592,L1,-0.022803702466305,L2,0.035088...
check iteration duration=4.19616699219e-05
GetData ===>> H2,-0.0940618378220891,H1,1.9594467077124,AX,0.0223228655505078,L1,-0.0377661345740245,L2,-0.0251...
check iteration duration=8.51154327393e-05
GetData ===>> H2,-0.178277628776047,H1,1.96663990581134,AX,-0.0311659019190273,L1,0.0236350438698804,L2,0.01096...
testing H1>-5.0
evaluate ot="H1.bs>-5.0" t="H1>-5.0", ctx="{'H1': None}"
check iteration duration=0.000593900680542
GetData ===>> H2,-0.181765910704133,H1,1.95862741443824,AX,-0.015497004041412,L1,0.0103842949778055,L2,0.057655...
check iteration duration=8.70227813721e-05
GetData ===>> H2,-0.182568670665058,H1,2.02434871215995,AX,-0.0476323430552303,L1,-0.0172693551823528,L2,0.0827...
check iteration duration=8.10623168945e-05
GetData ===>> H2,-0.220952113949183,H1,1.97707517005641,AX,-0.0431101472977385,L1,-0.0121011364326627,L2,0.0667...
check iteration duration=8.60691070557e-05
GetData ===>> H2,-0.158796968102377,H1,1.93431670407127,AX,-0.0221081716170873,L1,-0.0363835332009627,L2,0.0046...
check iteration duration=4.2200088501e-05
GetData ===>> H2,-0.173525985366885,H1,1.95233835486019,AX,-0.000858049151291325,L1,-0.0550021178194391,L2,0.03...
testing H1>-5.0
evaluate ot="H1.bs>-5.0" t="H1>-5.0", ctx="{'H1': None}"
check iteration duration=0.000634908676147
06:38:02 -- collecting point 100
GetData ===>> H2,-0.178660920036831,H1,1.97179715350215,AX,0.00980355786521959,L1,-0.0397869782945007,L2,0.0389...
check iteration duration=8.29696655273e-05
GetData ===>> H2,-0.218539160772852,H1,1.99078527644703,AX,-0.0549949557798402,L1,-0.0579466379149901,L2,0.0065...
check iteration duration=3.91006469727e-05
GetData ===>> H2,-0.232515280388638,H1,2.08124051210905,AX,0.0468672367335514,L1,-0.0057555194334789,L2,0.04186...
check iteration duration=5.10215759277e-05
GetData ===>> H2,-0.136568788076318,H1,2.06908114658788,AX,-0.0429825951395346,L1,0.0131559870662878,L2,-0.0072...
check iteration duration=8.82148742676e-05
GetData ===>> H2,-0.0588447632282225,H1,2.03111814652608,AX,-0.033148980064053,L1,0.0160197091657199,L2,0.06165...
testing H1>-5.0
evaluate ot="H1.bs>-5.0" t="H1>-5.0", ctx="{'H1': None}"
check iteration duration=0.000615119934082
GetData ===>> H2,-0.161122596353068,H1,1.985126232609,AX,0.012854918208707,L1,0.00842092430386492,L2,0.10461064...
check iteration duration=7.48634338379e-05
GetData ===>> H2,-0.131513726277881,H1,2.04047805760508,AX,0.0485501744289355,L1,-0.00230884013324763,L2,0.0652...
check iteration duration=7.5101852417e-05
GetData ===>> H2,-0.130265829565116,H1,2.03727366618971,AX,-0.00438459140808336,L1,-0.0122701542906164,L2,0.005...
check iteration duration=4.60147857666e-05
GetData ===>> H2,-0.225082982335015,H1,2.17342148105979,AX,-0.0603049669142667,L1,-0.00837363114990775,L2,0.076...
check iteration duration=5.60283660889e-05
GetData ===>> H2,-0.231927174848017,H1,2.03474395522008,AX,-0.072964348554204,L1,-0.00133448645748977,L2,-0.023...
testing H1>-5.0
evaluate ot="H1.bs>-5.0" t="H1>-5.0", ctx="{'H1': None}"
check iteration duration=0.00071907043457
GetData ===>> H2,-0.164539944657411,H1,2.0302749538353,AX,-0.0511108121861847,L1,0.00184961956084708,L2,0.03467...
check iteration duration=7.70092010498e-05
GetData ===>> H2,-0.189385113885445,H1,2.20272233567405,AX,0.0820805959626999,L1,-0.0146277173781011,L2,0.01486...
check iteration duration=3.91006469727e-05
GetData ===>> H2,-0.170320491073799,H1,2.0905809580287,AX,0.0761302145558307,L1,-0.048731547404941,L2,0.1078138...
check iteration duration=8.29696655273e-05
GetData ===>> H2,-0.207443359155905,H1,2.03409346834274,AX,-0.0822143936923168,L1,-0.0629957962545249,L2,0.0264...
check iteration duration=6.38961791992e-05
GetData ===>> H2,-0.229301185980217,H1,2.0675025849396,AX,-0.0923559763877626,L1,-0.0275515101080504,L2,-0.1017...
testing H1>-5.0
evaluate ot="H1.bs>-5.0" t="H1>-5.0", ctx="{'H1': None}"
check iteration duration=0.000581979751587
GetData ===>> H2,-0.166942677951622,H1,2.13049547014965,AX,-0.126261752596859,L1,8.76151496878995E-05,L2,0.0466...
check iteration duration=8.20159912109e-05
GetData ===>> H2,-0.213191459162225,H1,2.11957196348431,AX,0.0556836247016045,L1,-0.0184805536101649,L2,-0.0433...
check iteration duration=3.40938568115e-05
GetData ===>> H2,-0.211470164580743,H1,2.16826661494609,AX,0.0350062526188329,L1,-0.0423115635623671,L2,0.03540...
check iteration duration=0.000101804733276
GetData ===>> H2,-0.188706890401095,H1,2.2512302170852,AX,0.0692639494859248,L1,-0.0285925645321745,L2,0.052158...
check iteration duration=3.69548797607e-05
GetData ===>> H2,-0.239614062659154,H1,2.24869753774992,AX,-0.0564558174293628,L1,-0.0287674606851651,L2,0.0342...
testing H1>-5.0
evaluate ot="H1.bs>-5.0" t="H1>-5.0", ctx="{'H1': None}"
check iteration duration=0.0048520565033
GetData ===>> H2,-0.322580316570763,H1,2.29072409083699,AX,-0.0772765090885939,L1,-0.0168244130032935,L2,0.0260...
check iteration duration=6.103515625e-05
waiting for write to finish
measurement finished
estimated time: 125.829 actual time: :126.459
flush and close file /Users/jan/PychronDev/data/isotopes/0b/2835cf-9005-4578-a331-64c36483f511.h5
baselines () {'settling_time': 15.0, 'detector': 'H1', 'mass': 34.2, 'ncounts': 60}
%%%%%%%%%%%%%%%%%%%%%%%%%%%%%%%% Baseline
build tables- baseline [Detector(H2), Detector(H1), Detector(AX), Detector(L1), Detector(L2), Detector(CDD)]
add group baseline table H2
add group baseline table H1
add group baseline table AX
add group baseline table L1
add group baseline table L2
add group baseline table CDD
flush and close file /Users/jan/PychronDev/data/isotopes/0b/2835cf-9005-4578-a331-64c36483f511.h5
detector Detector(H1)
POSITION 34.2 H1
Mapping mass to dac mass func: "parabolic"
H1 map mass coeffs = [-0.00063987  0.15840543  0.57096999]
H1 map mass to dac 34.2 >> 5.24001599104
GetDeflection H1 ===>> 0
GetHighVoltage ===>> 4500
positioning 34.2 (5.24001599104) on H1
setting magnet DAC
current  : 5.879360
requested: 5.240016
Delta Dac: 0.639344
Checking detector protection. dv=0.63934
Checking detector "CDD". Protection Threshold: 0.1 (V)
ProtectDetector CDD,On ===>> OK
GetDeflection CDD ===>> 2000
Protected = 2000
SetMagnetDAC 5.24001599104 ===>> OK
Magnet settling time: 0.500
GetMagnetMoving ===>> True
GetMagnetMoving ===>> True
GetMagnetMoving ===>> True
GetMagnetMoving ===>> True
GetMagnetMoving ===>> True
GetMagnetMoving ===>> True
GetMagnetMoving ===>> True
GetMagnetMoving ===>> True
GetMagnetMoving ===>> False
ProtectDetector CDD,Off ===>> OK
GetDeflection CDD ===>> 50
Delaying 15.0s for detectors to settle
Join finished
measuring baseline. ncounts=60
"baseline" increment series count="2" fit count="1" regressing="True"
starting measurement
check iteration duration=3.19480895996e-05
GetData ===>> H2,-0.16301569970392,H1,-0.0262897308324959,AX,-0.193285285793135,L1,-0.0748523052830884,L2,-0.06...
check iteration duration=9.48905944824e-05
GetData ===>> H2,-0.123810531156317,H1,-0.053821809142751,AX,-0.110040367520077,L1,-0.0711564214703652,L2,-0.01...
check iteration duration=8.39233398438e-05
GetData ===>> H2,-0.109337328788964,H1,-0.106551595465354,AX,-0.102253141832441,L1,-0.0398540532764239,L2,-0.03...
check iteration duration=8.51154327393e-05
GetData ===>> H2,-0.178037390315406,H1,-0.0560393082738696,AX,-0.109507333253943,L1,0.0151310877672233,L2,-0.02...
testing H1>-5.0
evaluate ot="H1.bs>-5.0" t="H1>-5.0", ctx="{'H1': None}"
check iteration duration=0.000629901885986
GetData ===>> H2,-0.305916664153653,H1,-0.031453317775809,AX,-0.0358973899819656,L1,-0.0366015990821056,L2,-0.0...
check iteration duration=8.58306884766e-05
GetData ===>> H2,-0.159877458700961,H1,-0.0329200617873003,AX,-0.0880560744084134,L1,-0.0333639825001162,L2,0.0...
check iteration duration=4.41074371338e-05
GetData ===>> H2,0.0423055712684612,H1,-0.0384291033970417,AX,-0.061881682986182,L1,-0.00560078607172642,L2,-0....
check iteration duration=4.00543212891e-05
GetData ===>> H2,-0.0364311210173378,H1,-0.0602476526912586,AX,-0.104698305125112,L1,-0.0233346766597228,L2,-0....
check iteration duration=8.41617584229e-05
GetData ===>> H2,-0.222881028149498,H1,-0.0780685660619838,AX,-0.0723267817214752,L1,-0.0281169753645286,L2,-0....
testing H1>-5.0
evaluate ot="H1.bs>-5.0" t="H1>-5.0", ctx="{'H1': None}"
check iteration duration=0.000581979751587
GetData ===>> H2,-0.0672640126402422,H1,0.0180111951662234,AX,0.00645065242117514,L1,-0.0402097827514435,L2,0.0...
check iteration duration=8.10623168945e-05
GetData ===>> H2,-0.164550744598679,H1,-0.0388941384845463,AX,-0.0804177745397133,L1,0.000783738091628201,L2,-0...
check iteration duration=8.39233398438e-05
GetData ===>> H2,-0.118774877956374,H1,0.0581542170165374,AX,-0.0801511766130889,L1,0.0282466850942671,L2,0.051...
check iteration duration=6.50882720947e-05
GetData ===>> H2,-0.178631228923861,H1,-0.0989489692294619,AX,-0.0289160450391449,L1,-0.00511737893127784,L2,-0...
check iteration duration=6.00814819336e-05
GetData ===>> H2,-0.196314702107442,H1,-0.0367478046678247,AX,-0.0521775178087714,L1,-0.0136329818039293,L2,0.0...
testing H1>-5.0
evaluate ot="H1.bs>-5.0" t="H1>-5.0", ctx="{'H1': None}"
check iteration duration=0.000927925109863
GetData ===>> H2,-0.23649663588755,H1,-0.0421493235945423,AX,-0.0450929820764516,L1,-0.015884093106196,L2,-0.01...
check iteration duration=4.6968460083e-05
GetData ===>> H2,-0.251599488652388,H1,-0.0670426227805219,AX,-0.0999933391235203,L1,-0.018512930181064,L2,-0.0...
check iteration duration=3.2901763916e-05
GetData ===>> H2,-0.121963167083704,H1,-0.109911819821717,AX,-0.0561891538438566,L1,-0.0220773131377847,L2,-0.0...
check iteration duration=4.10079956055e-05
GetData ===>> H2,-0.109407736791402,H1,0.0529146632932022,AX,-0.0291247968355326,L1,-0.00905353320720103,L2,-0....
check iteration duration=6.19888305664e-05
GetData ===>> H2,-0.100825755276905,H1,-0.14047323184696,AX,-0.183098221271002,L1,-0.0294610257523716,L2,0.0033...
testing H1>-5.0
evaluate ot="H1.bs>-5.0" t="H1>-5.0", ctx="{'H1': None}"
check iteration duration=0.00179409980774
GetData ===>> H2,-0.133514112300284,H1,-0.0820018518062014,AX,-0.102763038775331,L1,-0.0684548832558871,L2,0.00...
check iteration duration=3.88622283936e-05
GetData ===>> H2,-0.131203966282236,H1,-0.05391718646075,AX,-0.0290784075861393,L1,-0.0279228997712323,L2,-0.04...
check iteration duration=3.50475311279e-05
GetData ===>> H2,-0.173866146265026,H1,-0.0710836230338295,AX,-0.0462409205884241,L1,-0.0494028769155273,L2,-0....
check iteration duration=7.29560852051e-05
GetData ===>> H2,-0.23161359576416,H1,-0.0762329798011717,AX,-0.137701240738664,L1,-0.0201088460596019,L2,-0.00...
check iteration duration=6.31809234619e-05
GetData ===>> H2,-0.258282280368739,H1,-0.0144232039868129,AX,-0.106332242549817,L1,0.0181611282764972,L2,-0.03...
testing H1>-5.0
evaluate ot="H1.bs>-5.0" t="H1>-5.0", ctx="{'H1': None}"
check iteration duration=0.000582933425903
06:39:08 -- collecting point 25
GetData ===>> H2,-0.26142551986792,H1,-0.0666254010708521,AX,-0.0758507352203718,L1,-0.0152855529148901,L2,-0.0...
check iteration duration=8.20159912109e-05
GetData ===>> H2,-0.203900363140464,H1,-0.0193130990376876,AX,-0.0620323971553063,L1,-0.0112476128274014,L2,0.0...
check iteration duration=4.10079956055e-05
GetData ===>> H2,-0.243822789432527,H1,-0.0421850942713185,AX,-0.18054839081888,L1,-0.012252173802349,L2,0.0253...
check iteration duration=7.60555267334e-05
GetData ===>> H2,-0.171107108383335,H1,-0.0200286733978093,AX,-0.14435677118609,L1,-0.0209025131125009,L2,-0.07...
check iteration duration=6.69956207275e-05
GetData ===>> H2,-0.125099180340412,H1,-0.0596515806709384,AX,-0.137712836135438,L1,-0.0210883324546446,L2,-0.0...
testing H1>-5.0
evaluate ot="H1.bs>-5.0" t="H1>-5.0", ctx="{'H1': None}"
check iteration duration=0.000587940216064
GetData ===>> H2,-0.0234848933027433,H1,-0.0834797737587543,AX,-0.116343855613077,L1,-0.00720677861286889,L2,0....
check iteration duration=8.29696655273e-05
GetData ===>> H2,-0.0538339687248793,H1,0.0072263964171039,AX,0.00932787912878761,L1,-0.0047898963899328,L2,-0....
check iteration duration=4.00543212891e-05
GetData ===>> H2,-0.0284146421197953,H1,0.000319486343225606,AX,-0.100538014321109,L1,-0.00739386787754722,L2,-...
check iteration duration=7.20024108887e-05
GetData ===>> H2,-0.0507591195571548,H1,0.00667764347446216,AX,-0.0923212070530128,L1,-0.0465580946174881,L2,-0...
check iteration duration=6.48498535156e-05
GetData ===>> H2,-0.225468111886564,H1,-0.0420300879128142,AX,-0.0613947586905572,L1,-0.0117762785364104,L2,-0....
testing H1>-5.0
evaluate ot="H1.bs>-5.0" t="H1>-5.0", ctx="{'H1': None}"
check iteration duration=0.000737905502319
GetData ===>> H2,-0.318236062766229,H1,-0.0410881210332057,AX,-0.0261558402982278,L1,-0.00647277945712938,L2,-0...
check iteration duration=6.91413879395e-05
GetData ===>> H2,-0.264188882177999,H1,-0.0363781536419026,AX,0.0262216997615245,L1,0.000105617723082615,L2,-0....
check iteration duration=3.50475311279e-05
GetData ===>> H2,-0.203392204626391,H1,0.0064748442351938,AX,-0.0953924503642985,L1,-0.0398552510398903,L2,-0.0...
check iteration duration=6.60419464111e-05
GetData ===>> H2,-0.271578726323884,H1,-0.00615754552335519,AX,-0.0998774503902219,L1,-0.0269584562411835,L2,-0...
check iteration duration=7.29560852051e-05
GetData ===>> H2,-0.253643329212465,H1,-0.0798206851721826,AX,-0.113620891564769,L1,-0.053315081367039,L2,0.032...
testing H1>-5.0
evaluate ot="H1.bs>-5.0" t="H1>-5.0", ctx="{'H1': None}"
check iteration duration=0.000585079193115
GetData ===>> H2,-0.159102217136444,H1,-0.00412979055759415,AX,-0.11403803142637,L1,-0.0402972160145704,L2,-0.0...
check iteration duration=4.38690185547e-05
GetData ===>> H2,-0.155981806331137,H1,-0.0226643281664217,AX,-0.0825389407112453,L1,-0.0424349022852124,L2,-0....
check iteration duration=8.10623168945e-05
GetData ===>> H2,-0.158356638640817,H1,-0.0604145522207443,AX,-0.0836284835002851,L1,-0.0582984862214101,L2,0.0...
check iteration duration=8.10623168945e-05
GetData ===>> H2,-0.212911328914427,H1,-0.0736821741532665,AX,-0.0581369406002023,L1,-0.0634395700412099,L2,-0....
check iteration duration=8.39233398438e-05
GetData ===>> H2,-0.2226183811222,H1,0.00257402117773715,AX,-0.118835011278959,L1,0.00702183615897869,L2,0.0034...
testing H1>-5.0
evaluate ot="H1.bs>-5.0" t="H1>-5.0", ctx="{'H1': None}"
check iteration duration=0.000633955001831
GetData ===>> H2,-0.226907518370625,H1,-0.0442836182672711,AX,-0.0257383235215182,L1,0.0229860926148825,L2,-0.0...
check iteration duration=3.88622283936e-05
GetData ===>> H2,-0.220847037938935,H1,-0.0219129947392148,AX,-0.124917797746967,L1,0.00312690539467362,L2,0.01...
check iteration duration=8.39233398438e-05
GetData ===>> H2,-0.13639572528382,H1,-0.024906368993549,AX,-0.115683398994137,L1,-0.00448039760414137,L2,0.027...
check iteration duration=8.20159912109e-05
GetData ===>> H2,-0.154783394319818,H1,0.0167346152209592,AX,-0.12037601982391,L1,-0.0684070618699288,L2,0.0449...
check iteration duration=4.00543212891e-05
GetData ===>> H2,-0.169026433985554,H1,-0.119629298184498,AX,-0.0890876046078682,L1,-0.0312096993858276,L2,-0.0...
testing H1>-5.0
evaluate ot="H1.bs>-5.0" t="H1>-5.0", ctx="{'H1': None}"
check iteration duration=0.000758171081543
06:39:34 -- collecting point 50
GetData ===>> H2,-0.183430731003849,H1,-0.130779196543984,AX,-0.0384369909105162,L1,-0.035635842835253,L2,-0.07...
check iteration duration=8.48770141602e-05
GetData ===>> H2,-0.182235431002796,H1,0.0387250848049582,AX,-0.100781378849291,L1,0.0202261129371741,L2,0.0700...
check iteration duration=8.20159912109e-05
GetData ===>> H2,-0.109098123131863,H1,-0.0638955361011327,AX,-0.0569659544263658,L1,-0.0121047325868557,L2,0.0...
check iteration duration=8.29696655273e-05
GetData ===>> H2,-0.197600011085339,H1,0.00942143826996329,AX,-0.0215746554526347,L1,-0.0411966565179506,L2,-0....
check iteration duration=9.01222229004e-05
GetData ===>> H2,-0.188182351726014,H1,0.0020610802188294,AX,-0.0495107318283573,L1,-0.017051084119165,L2,-0.08...
testing H1>-5.0
evaluate ot="H1.bs>-5.0" t="H1>-5.0", ctx="{'H1': None}"
check iteration duration=0.00157904624939
GetData ===>> H2,-0.177610887009303,H1,-0.0600926743075767,AX,-0.112520097230986,L1,-0.0284859482616469,L2,0.08...
check iteration duration=9.51290130615e-05
GetData ===>> H2,-0.241728716605885,H1,-0.0691287052354326,AX,-0.0321864384087059,L1,-0.00625208950811012,L2,0....
check iteration duration=8.20159912109e-05
GetData ===>> H2,-0.2400731013977,H1,-0.116250659204486,AX,-0.14973651871192,L1,0.00345105444930739,L2,-0.08968...
check iteration duration=0.000125169754028
GetData ===>> H2,-0.226107721126207,H1,-0.0161168044360725,AX,-0.0964818492261857,L1,-0.0277000676192132,L2,-0....
check iteration duration=7.9870223999e-05
GetData ===>> H2,-0.15028912846293,H1,0.00770357533419492,AX,-0.0286261112458745,L1,-0.0575229674713857,L2,-0.0...
testing H1>-5.0
evaluate ot="H1.bs>-5.0" t="H1>-5.0", ctx="{'H1': None}"
check iteration duration=0.000986099243164
GetData ===>> H2,-0.0836313725303313,H1,-0.0247751871370159,AX,0.0370487457177295,L1,-0.0681966450646015,L2,-0....
check iteration duration=3.88622283936e-05
waiting for write to finish
measurement finished
estimated time: 62.915 actual time: :63.279
flush and close file /Users/jan/PychronDev/data/isotopes/0b/2835cf-9005-4578-a331-64c36483f511.h5
activate_detectors ('H1', 'AX', 'CDD') {'peak_center': True}
peak_center () {'detector': 'H1', 'integration_time': 0.262144, 'isotope': 'Ar40'}
peak center: mean=2.16038852412 threshold=3
Skipping peak center. intensities to small. 2.16038852412<3
finished measure script
executed snippet estimated_duration=226.132928, duration=229.200983047
jan_unknown120_60.py completed successfully
Measurement Finished
06:39:46 -- ******* Measurement Finished *******
Post Measurement Started jan_pump_ms.py
06:39:46 -- ******* Post Measurement Started jan_pump_ms.py *******
testing...
no interpolation path defined
executed snippet estimated_duration=0, duration=3.09944152832e-05
Pumping spectrometer
open () {'name': 'O'}
opening name=O desc=---
checking ownership. requestor=129.138.12.150
check software interlocks O
interlocks []
actuate state mode=None-script, software_lock=False
doing actuation None-script open_channel True
Open O ===>> OK
GetIndicatorState O ===>> OK
change switch state (True, True)
update switch state O True args=() kw={} ncanvase=3
06:39:46 -- OPEN   VALVE-O (Jan Ion Pump)
---------------------------------------- open O () result=[(True, True)], time=0.10 sec
action=open, ok=True, locked=[False]
executed snippet estimated_duration=0, duration=0.350816011429
jan_pump_ms.py completed successfully
setting _ms_pumptime
Post Measurement Finished
06:39:46 -- ******* Post Measurement Finished *******
$$$$$$$$$$$$$$$$$$$$ state at run end measurement
state changed from measurement to success
post measurement save measured=True aborted=False
Set filtering
setting fod for Ar40= {'filter_outliers': True, 'std_devs': 2, 'iterations': 1}
setting fod for H1= {'filter_outliers': True, 'std_devs': 2, 'iterations': 1}
setting fod for PM41= {'filter_outliers': False, 'std_devs': 2, 'iterations': 1}
setting fod for H2= {'filter_outliers': True, 'std_devs': 2, 'iterations': 1}
setting fod for Ar36= {'filter_outliers': True, 'std_devs': 2, 'iterations': 1}
setting fod for CDD= {'filter_outliers': True, 'std_devs': 10, 'iterations': 1}
setting fod for Ar37= {'filter_outliers': True, 'std_devs': 2, 'iterations': 1}
setting fod for L2= {'filter_outliers': True, 'std_devs': 2, 'iterations': 1}
setting fod for Ar38= {'filter_outliers': True, 'std_devs': 2, 'iterations': 1}
setting fod for L1= {'filter_outliers': True, 'std_devs': 2, 'iterations': 1}
setting fod for Ar39= {'filter_outliers': True, 'std_devs': 2, 'iterations': 1}
setting fod for AX= {'filter_outliers': True, 'std_devs': 2, 'iterations': 1}
persistence save...
persistence save - db
post measurement save
7237195056 connecting to database sqlite:////Users/jan/PychronDev/.appdata/local_lab.db
connected to db sqlite:////Users/jan/PychronDev/.appdata/local_lab.db
create new session 7237195056
close session 7237195056
No database instance. Not saving post measurement to isotopedb database
$$$$$$$$$$$$$$$ auto_save_detector_ic=False
massspec enabled True
create new session 5067426416
MassSpec Database Version: 16.0
close session 5067426416
saving post measurement to secondary database
saving to massspec database 129.138.12.160/massspecdata
setting labnumber to 65539
setting aliquot to 1
setting step to AA
setting uuid to 0b2835cf-9005-4578-a331-64c36483f511
setting irradpos to 65539
setting extract_device to Fusions CO2
setting tray to 
setting position to 205
setting power_requested to 0.925
setting extract_value to 0.925
setting duration to 30.0
setting duration_at_request to 30.0
setting first_stage_delay to 30.0
setting cleanup to 30.0
setting comment to REE-1014 G:9
setting irradiation to NM-289
setting level to G
setting irradiation_level to G
setting sample to REE-1014
setting material to Kspar
setting project to REE
setting mass_spectrometer to Jan
no attribute chron_dosages
no attribute production_ratios
no attribute interference_corrections
no attribute production_name
no attribute j
Reference Isotope=Ar40
Reference Detector=H1
%%%%%%%%%%%%%%%%%%%% Comment: REE-1014 G:9 %%%%%%%%%%%%%%%%%%%
adding isotope PM41 H2
add baseline dbdet= PM41. original det= H2
get baseline data PM41 H2
Get data baseline <pychron.processing.isotope.Baseline object at 0x1d67b0410> len t=60
baseline PM41. v=-0.174160836418, e=0.00845178735104
get signal data PM41 H2
Get data signal PM41 0.01+/-0.07 len t=120
adding isotope Ar40 H1
add baseline dbdet= Ar40. original det= H1
get baseline data Ar40 H1
Get data baseline <pychron.processing.isotope.Baseline object at 0x1d67b0610> len t=60
baseline Ar40. v=-0.0406765392076, e=0.00494649786808
get signal data Ar40 H1
Get data signal Ar40 0.914+/-0.011 len t=120
adding isotope Ar39 AX
add baseline dbdet= Ar39. original det= AX
get baseline data Ar39 AX
Get data baseline <pychron.processing.isotope.Baseline object at 0x1d67b07d0> len t=60
baseline Ar39. v=-0.0783356303253, e=0.00522185695151
get signal data Ar39 AX
Get data signal Ar39 0.017+/-0.012 len t=120
adding isotope Ar38 L1
add baseline dbdet= Ar38. original det= L1
get baseline data Ar38 L1
Get data baseline <pychron.processing.isotope.Baseline object at 0x1d67b0990> len t=60
baseline Ar38. v=-0.0233567155611, e=0.00306712404713
get signal data Ar38 L1
Get data signal Ar38 0.008+/-0.004 len t=120
adding isotope Ar37 L2
add baseline dbdet= Ar37. original det= L2
get baseline data Ar37 L2
Get data baseline <pychron.processing.isotope.Baseline object at 0x1d67b0b50> len t=60
baseline Ar37. v=-0.0325267577174, e=0.00674016025724
get signal data Ar37 L2
Get data signal Ar37 0.064+/-0.011 len t=120
adding isotope Ar36 CDD
add baseline dbdet= Ar36. original det= CDD
get baseline data Ar36 CDD
Get data baseline <pychron.processing.isotope.Baseline object at 0x1d67b0d10> len t=60
baseline Ar36. v=1.24054509335e-05, e=5.3565219893e-06
get signal data Ar36 CDD
Get data signal Ar36 0.00531+/-0.00019 len t=120
65539-01AA added analysis time 0.588931083679s
analysis added to mass spec database
mass spec save time= 0.598
persistence save - dvc
================= post measurement started
create new session 5004695600
close session 5004695600
---------------- Experiment Queue saving disabled
DVC saving peakcenter
Smart pull ahead: 0 behind: 0
Up-to-date with origin
add to repo msg=modified - ad8224ebc6dbfeb9f5997218dfa5fe690569839d.json
add to repo msg=modified - 39-01AA.json
add to repo msg=modified - 39-01AA.dat.json
add to repo msg=modified - 39-01AA.blan.json
add to repo msg=modified - 39-01AA.inte.json
add to repo msg=modified - 39-01AA.icfa.json
add to repo msg=modified - 39-01AA.base.json
not at valid file /Users/jan/PychronDev/data/.dvc/repositories/REEFenite/655/tags/39-01AA.tags.json
add to repo msg=modified - 39-01AA.peak.json
add to repo msg=modified - 39-01AA.extr.json
not at valid file /Users/jan/PychronDev/data/.dvc/repositories/REEFenite/655/monitor/39-01AA.moni.json
commit message=<COLLECTION>
add to repo msg=modified - 39-01AA.inte.json
add to repo msg=modified - 39-01AA.base.json
commit message=<ISOEVO> default collection fits
add to repo msg=modified - 39-01AA.blan.json
commit message=<BLANKS> preceding bu-FC-J-7832
add to repo msg=modified - 39-01AA.icfa.json
commit message=<ICFactor> default
push repository <pychron.git_archive.repo_manager.GitRepoManager object at 0x1cc54dbf0>
pushing to remote=origin, url=https://github.com
no changes to meta repo
create new session 5004695600
add association REEFenite
get identifier "65539"
setting analysis irradiation position=<pychron.dvc.dvc_orm.IrradiationPositionTbl object at 0x1d8e1b4d0>
close session 5004695600
================= post measurement finished
06:40:07 -- ******* Post Run Check *******
loading queue conditionals post_run_actions
loading system conditionals post_run_actions
loading conditionals from /Users/jan/PychronDev/setupfiles/spectrometer/default_conditionals.yaml
loading queue conditionals post_run_terminations
loading system conditionals post_run_terminations
loading conditionals from /Users/jan/PychronDev/setupfiles/spectrometer/default_conditionals.yaml
Checking default post run terminations n=1
GetDeflection CDD ===>> 50
testing CDD==2000
evaluate ot="CDD.deflection==2000" t="CDD==2000", ctx="{'CDD': 50.0}"
06:40:07 -- ******* Post Run Check Passed *******
06:40:07 -- Automated run 65539-01AA success duration: 326.337 s
----------------- finish -----------------
----------------- stop -----------------
retroactive repository identifiers disabled
finish run. runs completed=65
update duration runid=65539-01AA, duration=326.336798191, md5=3be28e4d
loading script "jan_unknown120_60.py"
loading script "jan_pump_ms.py"
loading script "jan_co2.py"
loading script "jan_pump_extraction_line.py"
testing...
no interpolation path defined
executed snippet estimated_duration=213.652928, duration=0.000391006469727
script duration name:unknown120_60 seconds:214.0
loading script "jan_unknown120_60.py"
loading script "jan_pump_ms.py"
loading script "jan_co2.py"
loading script "jan_pump_extraction_line.py"
testing...
no interpolation path defined
executed snippet estimated_duration=0, duration=2.31266021729e-05
loading script "jan_unknown120_60.py"
loading script "jan_pump_ms.py"
loading script "jan_co2.py"
loading script "jan_pump_extraction_line.py"
testing...
no interpolation path defined
calculate duration
testing...
no interpolation path defined
executed snippet estimated_duration=0, duration=6.41345977783e-05
calculate duration
testing...
no interpolation path defined
executed snippet estimated_duration=0, duration=9.79900360107e-05
executed snippet estimated_duration=0.0, duration=0.00278806686401
script duration name:co2 seconds:0.0
loading script "jan_unknown120_60.py"
loading script "jan_pump_ms.py"
loading script "jan_co2.py"
loading script "jan_pump_extraction_line.py"
testing...
no interpolation path defined
calculate duration
testing...
no interpolation path defined
executed snippet estimated_duration=4.0, duration=0.000144958496094
executed snippet estimated_duration=4.0, duration=0.00143885612488
Script duration 214.0
Run total estimated duration= 215.000
unknown120_60 in script context. using previous estimated duration
script duration name:unknown120_60 seconds:214.0
pump_ms in script context. using previous estimated duration
co2 in script context. using previous estimated duration
script duration name:co2 seconds:0.0
pump_extraction_line in script context. using previous estimated duration
Script duration 214.0
Run total estimated duration= 215.000
script duration name:unknown120_60 seconds:214.0
script duration name:co2 seconds:0.0
Script duration 214.0
Run total estimated duration= 215.000
script duration name:unknown120_60 seconds:214.0
script duration name:co2 seconds:0.0
Script duration 214.0
Run total estimated duration= 215.000
script duration name:unknown120_60 seconds:214.0
script duration name:co2 seconds:0.0
Script duration 214.0
Run total estimated duration= 215.000
script duration name:unknown120_60 seconds:214.0
script duration name:co2 seconds:0.0
Script duration 214.0
Run total estimated duration= 215.000
script duration name:unknown120_60 seconds:214.0
script duration name:co2 seconds:0.0
Script duration 214.0
Run total estimated duration= 215.000
loading script "jan_unknown400_120.py"
loading script "jan_pump_ms.py"
loading script "jan_sniffair_x2.py"
loading script "jan_pump_extraction_line.py"
testing...
no interpolation path defined
executed snippet estimated_duration=556.052928, duration=0.000205993652344
script duration name:unknown400_120 seconds:556.0
loading script "jan_unknown400_120.py"
loading script "jan_pump_ms.py"
loading script "jan_sniffair_x2.py"
loading script "jan_pump_extraction_line.py"
testing...
no interpolation path defined
calculate duration
testing...
no interpolation path defined
executed snippet estimated_duration=0, duration=4.31537628174e-05
calculate duration
testing...
no interpolation path defined
executed snippet estimated_duration=0, duration=9.79900360107e-05
calculate duration
testing...
no interpolation path defined
executed snippet estimated_duration=32.0, duration=8.70227813721e-05
calculate duration
testing...
no interpolation path defined
executed snippet estimated_duration=34.0, duration=9.58442687988e-05
calculate duration
testing...
no interpolation path defined
executed snippet estimated_duration=4.0, duration=7.10487365723e-05
calculate duration
testing...
no interpolation path defined
executed snippet estimated_duration=36.0, duration=8.79764556885e-05
calculate duration
testing...
no interpolation path defined
executed snippet estimated_duration=34.0, duration=8.9168548584e-05
calculate duration
testing...
no interpolation path defined
executed snippet estimated_duration=4.0, duration=6.07967376709e-05
calculate duration
testing...
no interpolation path defined
executed snippet estimated_duration=36.0, duration=0.000113964080811
calculate duration
testing...
no interpolation path defined
executed snippet estimated_duration=70.0, duration=9.60826873779e-05
executed snippet estimated_duration=250.0, duration=0.0106601715088
script duration name:sniffair_x2 seconds:250.0
Script duration 806.0
Run total estimated duration= 807.000
unknown400_120 in script context. using previous estimated duration
script duration name:unknown400_120 seconds:556.0
sniffair_x2 in script context. using previous estimated duration
script duration name:sniffair_x2 seconds:250.0
Script duration 806.0
Run total estimated duration= 807.000
script duration name:unknown400_120 seconds:556.0
loading script "jan_unknown400_120.py"
loading script "jan_pump_ms.py"
loading script "jan_cocktail_x1.py"
loading script "jan_pump_extraction_line.py"
testing...
no interpolation path defined
calculate duration
testing...
no interpolation path defined
executed snippet estimated_duration=0, duration=4.19616699219e-05
calculate duration
testing...
no interpolation path defined
executed snippet estimated_duration=0, duration=8.10623168945e-05
calculate duration
testing...
no interpolation path defined
executed snippet estimated_duration=32.0, duration=0.000150918960571
calculate duration
testing...
no interpolation path defined
executed snippet estimated_duration=34.0, duration=0.000141859054565
calculate duration
testing...
no interpolation path defined
executed snippet estimated_duration=4.0, duration=9.58442687988e-05
calculate duration
testing...
no interpolation path defined
executed snippet estimated_duration=38.0, duration=0.000128984451294
executed snippet estimated_duration=108.0, duration=0.00776600837708
script duration name:cocktail_x1 seconds:108.0
Script duration 664.0
Run total estimated duration= 665.000
script duration name:unknown400_120 seconds:556.0
cocktail_x1 in script context. using previous estimated duration
script duration name:cocktail_x1 seconds:108.0
Script duration 664.0
Run total estimated duration= 665.000
script duration name:unknown400_120 seconds:556.0
script duration name:co2 seconds:0.0
Script duration 556.0
Run total estimated duration= 557.000
nruns=12 before=5.0, run_dur=5006.0, btw=330.0
write rem/ex queues
/Users/jan/PychronDev/experiments/rem/Load1796.rem.txt
/Users/jan/PychronDev/experiments/rem/Load1796.ex.txt
doing event level: 3
