do run
loading script "jan_unknown120_60.py"
loading script "jan_pump_ms.py"
loading script "jan_co2.py"
loading script "jan_pump_extraction_line.py"
testing...
no interpolation path defined
executed snippet estimated_duration=213.652928, duration=0.000286102294922
script duration name:unknown120_60 seconds:214.0
loading script "jan_unknown120_60.py"
loading script "jan_pump_ms.py"
loading script "jan_co2.py"
loading script "jan_pump_extraction_line.py"
testing...
no interpolation path defined
executed snippet estimated_duration=0, duration=2.71797180176e-05
loading script "jan_unknown120_60.py"
loading script "jan_pump_ms.py"
loading script "jan_co2.py"
loading script "jan_pump_extraction_line.py"
testing...
no interpolation path defined
calculate duration
testing...
no interpolation path defined
executed snippet estimated_duration=0, duration=5.91278076172e-05
calculate duration
testing...
no interpolation path defined
executed snippet estimated_duration=0, duration=0.000102043151855
executed snippet estimated_duration=0.0, duration=0.00275993347168
script duration name:co2 seconds:0.0
loading script "jan_unknown120_60.py"
loading script "jan_pump_ms.py"
loading script "jan_co2.py"
loading script "jan_pump_extraction_line.py"
testing...
no interpolation path defined
calculate duration
testing...
no interpolation path defined
executed snippet estimated_duration=4.0, duration=0.000148057937622
executed snippet estimated_duration=4.0, duration=0.00135898590088
Script duration 214.0
Run total estimated duration= 215.000
run duration: 0:03:35
doing event level: 2
10:00:14 -- Setting default integration. t=1.048576
setting integration time = 1.048576
SetIntegrationTime 1.048576 ===>> OK
----------------- start -----------------
**************** Experiment Type: Ar/Ar, Ar/Ar
create new session 5008610224
close session 5008610224
$$$$$ Clearing conditionals
adding conditionals 
Add queue conditionals
add default conditionals
adding default conditionals from /Users/jan/PychronDev/setupfiles/spectrometer/default_conditionals.yaml
Start automated run 65539-02O
loading script "jan_unknown120_60.py"
loading script "jan_pump_ms.py"
loading script "jan_co2.py"
loading script "jan_pump_extraction_line.py"
%%%%%%%%%%%%%%%%%% setting automated run 65539-02O
No value "sensitivity_multiplier" in metadata
$$$$$$$$$$$$$$$ auto_save_detector_ic=False
============================= Pre Extraction Check =============================
loading queue conditionals pre_run_terminations
loading system conditionals pre_run_terminations
loading conditionals from /Users/jan/PychronDev/setupfiles/spectrometer/default_conditionals.yaml
10:00:14 -- ******* Pre Extraction Check *******
Get a measurement from the spectrometer
GetData ===>> H2,-0.148133672293954,H1,0.0120460080131447,AX,-0.170591821739354,L1,0.00511430178431795,L2,-0.01...
Pre Extraction Termination data. keys=H2,H1,AX,L1,L2,CDD, signals=-0.14813,0.01205,-0.17059,0.00511,-0.01412,0.00000
10:00:14 -- testing system defined conditionals
Checking default pre extraction terminations n=2
testing CDD
evaluate ot="CDD.inactive" t="CDD", ctx="{'CDD': False}"
GetDeflection CDD ===>> 50
testing CDD==2000
evaluate ot="CDD.deflection==2000" t="CDD==2000", ctx="{'CDD': 50.0}"
10:00:14 -- ******* Pre Extraction Check Passed *******
=================================================================================
10:00:14 -- stopping status monitor
stop 5029607760
Alive clients [4985296944]
10:00:14 -- starting status monitor
start 5029607760
Monitor already running
start extraction
do extraction
Analysis started at 10:00:14.989809
Extraction Started jan_co2.py
10:00:14 -- ******* Extraction Started jan_co2.py *******
state changed from not run to extraction
DO EXTRACTION <pychron.extraction_line.pyscript_runner.RemotePyScriptRunner object at 0x12cba05f0>
testing...
no interpolation path defined
calculate duration
testing...
no interpolation path defined
executed snippet estimated_duration=0, duration=4.50611114502e-05
calculate duration
testing...
no interpolation path defined
executed snippet estimated_duration=0, duration=8.20159912109e-05
executed snippet estimated_duration=100.0, duration=0.00291514396667
Jan CO2 laser analysis
doing GOSUB
testing...
no interpolation path defined
executed snippet estimated_duration=0, duration=4.00543212891e-05
Waiting for CO2 access
wait ('FelixCO2Flag', 0) {}
waiting for FelixCO2Flag = 0
Read FelixCO2Flag ===>> 0
finished waiting
CO2 free
wait ('CO2PumpTimeFlag', 0) {}
waiting for CO2PumpTimeFlag = 0
Read CO2PumpTimeFlag ===>> 0
finished waiting
acquire ('JanCO2Flag',) {'clear': True}
acquire JanCO2Flag
Set JanCO2Flag 1 ===>> OK
JanCO2Flag acquired
set extraction state False (0.75, 'red', 1.5)
CO2 acquired
executed snippet estimated_duration=0, duration=0.01486992836
WaitForCO2Access.py completed successfully
gosub finished
doing GOSUB
testing...
no interpolation path defined
executed snippet estimated_duration=0, duration=0.000164985656738
Prepare for CO2 analysis
close () {'description': 'Jan Inlet'}
closing name=--- desc=Jan Inlet
checking ownership. requestor=129.138.12.150
check software interlocks R
interlocks []
actuate state mode=None-script, software_lock=False
doing actuation None-script close_channel False
Close R ===>> OK
GetIndicatorState R ===>> False
change switch state (True, True)
update switch state R False args=() kw={} ncanvase=2
10:00:15 -- CLOSE  VALVE-R (Jan Inlet)
---------------------------------------- close None (Jan Inlet) result=[(True, True)]
action=close, ok=True, locked=[False]
open () {'description': 'Jan Ion Pump'}
opening name=--- desc=Jan Ion Pump
checking ownership. requestor=129.138.12.150
check software interlocks O
interlocks []
actuate state mode=None-script, software_lock=False
doing actuation None-script open_channel False
Open O ===>> OK
GetIndicatorState O ===>> OK
change switch state (True, True)
update switch state O True args=() kw={} ncanvase=2
10:00:15 -- OPEN   VALVE-O (Jan Ion Pump)
---------------------------------------- open None (Jan Ion Pump) result=[(True, True)], time=0.09 sec
action=open, ok=True, locked=[False]
close () {'description': 'Microbone to Minibone'}
closing name=--- desc=Microbone to Minibone
checking ownership. requestor=129.138.12.150
check software interlocks L
interlocks []
actuate state mode=None-script, software_lock=False
doing actuation None-script close_channel False
Close L ===>> OK
GetIndicatorState L ===>> False
change switch state (True, True)
update switch state L False args=() kw={} ncanvase=2
10:00:16 -- CLOSE  VALVE-L (Microbone to Minibone)
---------------------------------------- close None (Microbone to Minibone) result=[(True, True)]
action=close, ok=True, locked=[False]
open () {'description': 'Microbone to Turbo'}
opening name=--- desc=Microbone to Turbo
checking ownership. requestor=129.138.12.150
check software interlocks U
interlocks []
actuate state mode=None-script, software_lock=False
doing actuation None-script open_channel False
Open U ===>> OK
GetIndicatorState U ===>> OK
change switch state (True, True)
update switch state U True args=() kw={} ncanvase=2
10:00:16 -- OPEN   VALVE-U (Microbone to Turbo)
---------------------------------------- open None (Microbone to Turbo) result=[(True, True)], time=0.13 sec
action=open, ok=True, locked=[False]
open () {'description': 'Microbone to Inlet Pipette'}
opening name=--- desc=Microbone to Inlet Pipette
checking ownership. requestor=129.138.12.150
check software interlocks S
interlocks []
actuate state mode=None-script, software_lock=False
doing actuation None-script open_channel False
Open S ===>> OK
GetIndicatorState S ===>> OK
change switch state (True, True)
update switch state S True args=() kw={} ncanvase=2
10:00:17 -- OPEN   VALVE-S (Microbone to Inlet Pipette)
---------------------------------------- open None (Microbone to Inlet Pipette) result=[(True, True)], time=0.40 sec
action=open, ok=True, locked=[False]
open () {'description': 'Microbone to Getter D-50'}
opening name=--- desc=Microbone to Getter D-50
checking ownership. requestor=129.138.12.150
check software interlocks K
interlocks []
actuate state mode=None-script, software_lock=False
doing actuation None-script open_channel False
Open K ===>> OK
GetIndicatorState K ===>> OK
change switch state (True, True)
update switch state K True args=() kw={} ncanvase=2
10:00:18 -- OPEN   VALVE-K (Microbone to Getter D-50)
---------------------------------------- open None (Microbone to Getter D-50) result=[(True, True)], time=0.40 sec
action=open, ok=True, locked=[False]
open () {'description': 'Microbone to Getter NP-10'}
opening name=--- desc=Microbone to Getter NP-10
checking ownership. requestor=129.138.12.150
check software interlocks M
interlocks []
actuate state mode=None-script, software_lock=False
doing actuation None-script open_channel False
Open M ===>> OK
GetIndicatorState M ===>> OK
change switch state (True, True)
update switch state M True args=() kw={} ncanvase=2
10:00:18 -- OPEN   VALVE-M (Microbone to Getter NP-10)
---------------------------------------- open None (Microbone to Getter NP-10) result=[(True, True)], time=0.14 sec
action=open, ok=True, locked=[False]
close () {'description': 'CO2 Laser to Felix'}
closing name=--- desc=CO2 Laser to Felix
checking ownership. requestor=129.138.12.150
check software interlocks F
interlocks []
actuate state mode=None-script, software_lock=True
VALVE-F(CO2 Laser to Felix) software locked
change switch state (True, False)
---------------------------------------- close None (CO2 Laser to Felix) result=[(True, False)]
action=close, ok=True, locked=[True]
open () {'description': 'CO2 Laser to Jan'}
opening name=--- desc=CO2 Laser to Jan
checking ownership. requestor=129.138.12.150
check software interlocks A
interlocks []
actuate state mode=None-script, software_lock=False
doing actuation None-script open_channel False
Open A ===>> OK
GetIndicatorState A ===>> OK
change switch state (True, True)
update switch state A True args=() kw={} ncanvase=2
10:00:18 -- OPEN   VALVE-A (CO2 Laser to Jan)
---------------------------------------- open None (CO2 Laser to Jan) result=[(True, True)], time=0.12 sec
action=open, ok=True, locked=[False]
open () {'description': 'Microbone to CO2 Laser'}
opening name=--- desc=Microbone to CO2 Laser
checking ownership. requestor=129.138.12.150
check software interlocks T
interlocks []
actuate state mode=None-script, software_lock=False
doing actuation None-script open_channel False
Open T ===>> OK
GetIndicatorState T ===>> OK
change switch state (True, True)
update switch state T True args=() kw={} ncanvase=2
10:00:19 -- OPEN   VALVE-T (Microbone to CO2 Laser)
---------------------------------------- open None (Microbone to CO2 Laser) result=[(True, True)], time=0.40 sec
action=open, ok=True, locked=[False]
executed snippet estimated_duration=0, duration=4.82159900665
PrepareForCO2Analysis.py completed successfully
gosub finished
set_motor ('beam', '1.5') {}
setting motor "beam" to 1.5
set motor beam to 1.5
SetMotor beam,1.5 ===>> OK
GetMotorMoving beam ===>> False
GetMotorMoving beam ===>> False
Block completed
move_to_position ('207',) {'autocenter': True}
FusionsCO2 move to position 207
sending GoToHole 207,True
GoToHole 207,True ===>> OK
GetDriveMoving ===>> False
GetDriveMoving ===>> OK
GetDriveMoving ===>> OK
GetDriveMoving ===>> OK
GetDriveMoving ===>> False
Block completed
GetAutoCorrecting ===>> False
GetAutoCorrecting ===>> False
Block completed
update position
GetPosition ===>> 9.96950,-11.96340,1.00000
got position (9.9695, -11.9634, 1.0)
move to position succeeded
sleep (5,) {}
SLEEP 5.0
block started
WaitControl setup for 5.0  
Join finished
block finished. duration 5.03397297859
close () {'description': 'Microbone to Turbo'}
closing name=--- desc=Microbone to Turbo
checking ownership. requestor=129.138.12.150
check software interlocks U
interlocks []
actuate state mode=None-script, software_lock=False
doing actuation None-script close_channel True
Close U ===>> OK
GetIndicatorState U ===>> False
change switch state (True, True)
update switch state U False args=() kw={} ncanvase=2
10:00:28 -- CLOSE  VALVE-U (Microbone to Turbo)
---------------------------------------- close None (Microbone to Turbo) result=[(True, True)]
action=close, ok=True, locked=[False]
enable laser
enable () {}
set extraction state FusionsCO2 Enabled (False, 'red', 1.5)
enabling laser
Enable ===>> OK
begin interval
BEGIN INTERVAL Interval 1 waiting for 30.0
block started
set extract to 0.725
WaitControl setup for 30.0  
extract (0.725,) {}
GetPosition ===>> 9.96950,-11.96340,1.00000
set extraction state FusionsCO2 ON! 0.725(watts) (0.75, 'red', 1.5)
extract sample to 0.725 (watts)
set laser output
SetLaserOutput 0.725,watts ===>> OK
COMPLETE INTERVAL waiting for Interval 1 to complete
Join finished
block finished. duration 30.0823619366
Interval 1 finished
end_extract () {}
ending extraction. set laser power to 0
set laser power 0
SetLaserPower 0 ===>> OK
disable () {}
%%%%%%%%%%%%%%%%%%%%%%%%%%%%%%%%%%% disable
set extraction state False (0.75, 'red', 1.5)
disabling laser
Disable ===>> OK
sleep (30.0,) {}
SLEEP 30.0
block started
WaitControl setup for 30.0  
Join finished
block finished. duration 30.0554640293
executed snippet estimated_duration=195.0, duration=74.8888750076
jan_co2.py completed successfully
GetAchievedOutput ===>> No Response
Requested Output= 0.000
Achieved Output=  0.000
GetResponseBlob ===>> No Response
GetOutputBlob ===>> No Response
persistence save...
persistence save - db
AutomatedRunPersister post_extraction_save deprecated
persistence save - dvc
no extraction position for 207
create new session 4984998608
close session 4984998608
Extraction Finished
10:01:30 -- ******* Extraction Finished *******
no overlap. not waiting for min ms pumptime
10:01:30 -- Sending spectrometer configuration
======== Sending configuration ========
SetDeflection CDD,50.0 ===>> OK
SetDeflection H2,0.0 ===>> OK
SetDeflection H1,0.0 ===>> OK
SetDeflection L2,825.0 ===>> OK
SetDeflection L1,400.0 ===>> OK
SetDeflection AX,190.0 ===>> OK
SetZFocus 74.64 ===>> OK
SetZSymmetry -50.72 ===>> OK
SetExtractionLens 26.13 ===>> OK
SetIonRepeller -3.81 ===>> OK
SetElectronEnergy 75.08 ===>> OK
SetYSymmetry -2.81 ===>> OK
SetIonCounterVoltage 1590.0 ===>> OK
send trap current 200.0
GetParameter Trap Current Readback ===>> 197.811389855338
SetParameter Trap Current Set,200.0 ===>> OK
updating mftable name mftable
Using mftable located at /Users/jan/PychronDev/setupfiles/spectrometer/mftables/mftable.csv
============ MFtable ===========
Isotope  H2     H1     AX     L1     L2     CDD    
Ar40     5.8261 5.8796 5.9928 6.1660 6.2312 6.3942
Ar39     5.7253 5.7719 5.8852 6.0521 6.1163 6.2807
Ar36     5.4028 5.4409 5.5486 5.7109 5.7713 5.9318
================================
get initial guess parabolic
get initial guess parabolic
get initial guess parabolic
get initial guess parabolic
get initial guess parabolic
get initial guess parabolic
======== Configuration Finished ========
GetYSymmetry ===>> -2.81
GetZSymmetry ===>> -50.72
GetParameter Trap Current Readback ===>> 198.258926936459
GetHighVoltage ===>> 4500
start measurement
do measurement
L#=65539 analysis type=unknown
Measurement Started jan_unknown120_60.py
10:01:30 -- ******* Measurement Started jan_unknown120_60.py *******
state changed from extraction to measurement
setting spec, defl, and gains
GetExtractionLens ===>> 26.13
GetYSymmetry ===>> -2.81
GetZSymmetry ===>> -50.72
GetZFocus ===>> 74.64
GetDeflection H2 ===>> 0
GetDeflection H1 ===>> 0
GetDeflection AX ===>> 190
GetDeflection L1 ===>> 400
GetDeflection L2 ===>> 825
GetDeflection CDD ===>> 50
GetGain H2 ===>> 0.0113
GetGain H1 ===>> 0.1
GetGain AX ===>> 0.097049
GetGain L1 ===>> 0.010355
GetGain L2 ===>> 0.095649
GetGain CDD ===>> 0
pre measurement save
New frame /Users/jan/PychronDev/data/isotopes/9c/8f7168-c2d2-48a3-8927-495a71c6a939.h5
flush and close file /Users/jan/PychronDev/data/isotopes/9c/8f7168-c2d2-48a3-8927-495a71c6a939.h5
testing...
no interpolation path defined
executed snippet estimated_duration=226.132928, duration=0.000120878219604
unknown measurement script
activate_detectors ('H2', 'H1', 'AX', 'L1', 'L2', 'CDD') {}
activate detectors
*************** Set Analysis View Ar/Ar
create graphs
clearing graphs
clear isotope group
setting isotope det=H2, iso=PM41
setting isotope det=H1, iso=Ar40
setting isotope det=AX, iso=Ar39
setting isotope det=L1, iso=Ar38
setting isotope det=L2, iso=Ar37
setting isotope det=CDD, iso=Ar36
setting previous blanks
 - setting Ar40 blank 0.415+/-0.007
 - setting Ar36 blank 0.00485+/-0.00017
 - setting Ar37 blank 0.057+/-0.005
 - setting Ar38 blank 0.0077+/-0.0022
 - setting PM41 blank 0.01+/-0.07
 - setting Ar39 blank 0.021+/-0.009
load analysis view
position_magnet ('Ar40',) {'detector': 'H1'}
detector Detector(H1)
POSITION Ar40 H1
setting detector H2 to PM41 (40.9624)
setting detector H1 to Ar40 (39.9624)
setting detector AX to Ar39 (38.9624)
setting detector L1 to Ar38 (37.9624)
setting detector L2 to Ar37 (36.9624)
setting detector CDD to Ar36 (35.9624)
Mapping mass to dac mass func: "parabolic"
H1 map mass coeffs = [-0.00063987  0.15840543  0.57119999]
H1 map mass to dac 39.9624 >> 5.87959
GetDeflection H1 ===>> 0
GetHighVoltage ===>> 4500
positioning Ar40 (5.87959) on H1
setting magnet DAC
current  : 5.240246
requested: 5.879590
Delta Dac: 0.639344
Checking detector protection. dv=0.63934
Checking detector "CDD". Protection Threshold: 0.1 (V)
ProtectDetector CDD,On ===>> OK
GetDeflection CDD ===>> 2000
Protected = 2000
SetMagnetDAC 5.87959 ===>> OK
Magnet settling time: 0.500
GetMagnetMoving ===>> True
GetMagnetMoving ===>> True
GetMagnetMoving ===>> True
GetMagnetMoving ===>> True
GetMagnetMoving ===>> True
GetMagnetMoving ===>> True
GetMagnetMoving ===>> True
GetMagnetMoving ===>> True
GetMagnetMoving ===>> True
GetMagnetMoving ===>> False
ProtectDetector CDD,Off ===>> OK
GetDeflection CDD ===>> 50
update labels <pychron.experiment.plot_panel.PlotPanel object at 0x2752bae30>
update labels "<pychron.graph.stacked_regression_graph.StackedRegressionGraph object at 0x277493410>"
setting label 0 H2 PM41
setting label 1 H1 Ar40
setting label 2 AX Ar39
setting label 3 L1 Ar38
setting label 4 L2 Ar37
setting label 5 CDD Ar36
update labels "<pychron.graph.stacked_graph.StackedGraph object at 0x275ca0b90>"
equilibrate () {'delay': 3, 'inlet': 'R', 'outlet': 'O', 'eqtime': 12.0}
setting label 0 H2 PM41
Equilibration Started
setting label 1 H1 Ar40
10:01:33 -- ******* Equilibration Started *******
setting label 2 AX Ar39
setting label 3 L1 Ar38
setting label 4 L2 Ar37
checking ownership. requestor=129.138.12.150
setting label 5 CDD Ar36
check software interlocks O
interlocks []
actuate state mode=None-script, software_lock=False
doing actuation None-script close_channel True
Close O ===>> OK
GetIndicatorState O ===>> False
change switch state (True, True)
update switch state O False args=() kw={} ncanvase=2
10:01:33 -- CLOSE  VALVE-O (Jan Ion Pump)
waiting 3s before opening inlet value ('R',)
checking ownership. requestor=129.138.12.150
check software interlocks R
interlocks []
actuate state mode=None-script, software_lock=False
doing actuation None-script open_channel True
Open R ===>> OK
GetIndicatorState R ===>> OK
change switch state (True, True)
update switch state R True args=() kw={} ncanvase=2
10:01:37 -- OPEN   VALVE-R (Jan Inlet)
equilibrating for 12.0sec
set_time_zero () {}
sniff (12.0,) {}
py_sniff
build tables- sniff [Detector(H2), Detector(H1), Detector(AX), Detector(L1), Detector(L2), Detector(CDD)]
add group /sniff/PM41 (Group) '' table H2
add group /sniff/Ar40 (Group) '' table H1
add group /sniff/Ar39 (Group) '' table AX
add group /sniff/Ar38 (Group) '' table L1
add group /sniff/Ar37 (Group) '' table L2
add group /sniff/Ar36 (Group) '' table CDD
flush and close file /Users/jan/PychronDev/data/isotopes/9c/8f7168-c2d2-48a3-8927-495a71c6a939.h5
measuring sniff. ncounts=12.0
"sniff" increment series count="1" fit count="0" regressing="False"
starting measurement
check iteration duration=2.00271606445e-05
GetData ===>> H2,-0.218337047513304,H1,-0.0267905985077864,AX,0.0686376588619121,L1,-0.0103700383725297,L2,0.03...
check iteration duration=4.19616699219e-05
GetData ===>> H2,0.463580843717752,H1,0.518490708460173,AX,1.0295956815508,L1,0.0666423212018133,L2,0.311719022...
check iteration duration=4.38690185547e-05
GetData ===>> H2,0.88125120871161,H1,1.15498701876457,AX,0.76792513363728,L1,0.185525168777469,L2,0.14252063044...
check iteration duration=3.981590271e-05
GetData ===>> H2,0.265914870295512,H1,1.36239459747947,AX,0.31967335373938,L1,0.17490031521445,L2,0.10075777462...
check iteration duration=4.41074371338e-05
GetData ===>> H2,-0.00935498604668823,H1,1.39007269019522,AX,0.153699273259951,L1,0.1194669760882,L2,0.06398495...
check iteration duration=4.38690185547e-05
GetData ===>> H2,-0.0882182020744873,H1,1.51042768914122,AX,0.00164772956872404,L1,0.0408392380054813,L2,0.0197...
check iteration duration=1.8835067749e-05
GetData ===>> H2,0.023776756772953,H1,1.51795104466912,AX,-0.0413823811314143,L1,0.0318796882761402,L2,0.184929...
check iteration duration=4.41074371338e-05
GetData ===>> H2,0.0182938613827434,H1,1.52313118915119,AX,-0.0181995180339844,L1,0.0158287690398989,L2,-0.0123...
check iteration duration=3.79085540771e-05
GetData ===>> H2,-0.0262598377801724,H1,1.49462566273393,AX,-0.00757461003288509,L1,0.00362874057989003,L2,0.18...
check iteration duration=5.50746917725e-05
GetData ===>> H2,-0.139003555776616,H1,1.51897262982887,AX,-0.0523630306365045,L1,0.000480078546443811,L2,0.054...
check iteration duration=4.19616699219e-05
GetData ===>> H2,-0.183723465828978,H1,1.55917120459927,AX,0.0651699373806413,L1,-0.018967390310331,L2,0.074136...
check iteration duration=3.09944152832e-05
Equilibration Finished
GetData ===>> H2,-0.195969410597609,H1,1.59168798961573,AX,-0.0264805743307414,L1,0.0247263375655513,L2,0.03864...
10:01:49 -- ******* Equilibration Finished *******
checking ownership. requestor=129.138.12.150
check software interlocks R
interlocks []
actuate state mode=None-script, software_lock=False
doing actuation None-script close_channel True
Close R ===>> OK
GetIndicatorState R ===>> False
change switch state (True, True)
update switch state R False args=() kw={} ncanvase=2
10:01:50 -- CLOSE  VALVE-R (Jan Inlet)
Post Equilibration Started jan_pump_extraction_line.py
10:01:50 -- ******* Post Equilibration Started jan_pump_extraction_line.py *******
testing...
no interpolation path defined
calculate duration
testing...
no interpolation path defined
executed snippet estimated_duration=4.0, duration=0.000182867050171
executed snippet estimated_duration=4.0, duration=0.0189049243927
Pump after analysis
doing GOSUB
testing...
no interpolation path defined
executed snippet estimated_duration=4.0, duration=0.000119924545288
Pump Microbone
close () {'description': 'Jan Inlet'}
closing name=--- desc=Jan Inlet
checking ownership. requestor=129.138.12.150
check software interlocks R
interlocks []
actuate state mode=None-script, software_lock=False
doing actuation None-script close_channel False
check iteration duration=1.59740447998e-05
waiting for write to finish
Close R ===>> OK
measurement finished
estimated time: 12.583 actual time: :12.724
flush and close file /Users/jan/PychronDev/data/isotopes/9c/8f7168-c2d2-48a3-8927-495a71c6a939.h5
set_fits () {}
using default fits file=/Users/jan/PychronDev/scripts/measurement/fits/nominal_linear.yaml
set "Ar40" to "('Linear', 'SEM')"
No fit for "PM41". defaulting to linear. check the measurement script "jan_unknown120_60.py"
set "PM41" to "linear"
set "Ar36" to "('Linear', 'SEM')"
set "Ar37" to "('linear', 'SEM')"
set "Ar38" to "('linear', 'SEM')"
set "Ar39" to "('Linear', 'SEM')"
set_baseline_fits () {}
using default fits file=/Users/jan/PychronDev/scripts/measurement/fits/nominal_linear.yaml
set "H1" to "('average', 'SEM')"
set "H2" to "('average', 'SEM')"
set "CDD" to "('average', 'SEM')"
set "L2" to "('average', 'SEM')"
set "L1" to "('average', 'SEM')"
set "AX" to "('average', 'SEM')"
multicollect () {'integration_time': 1, 'ncounts': 120}
build tables- signal [Detector(H2), Detector(H1), Detector(AX), Detector(L1), Detector(L2), Detector(CDD)]
add group /signal/PM41 (Group) '' table H2
add group /signal/Ar40 (Group) '' table H1
GetIndicatorState R ===>> False
add group /signal/Ar39 (Group) '' table AX
change switch state (True, True)
add group /signal/Ar38 (Group) '' table L1
update switch state R False args=() kw={} ncanvase=2
add group /signal/Ar37 (Group) '' table L2
add group /signal/Ar36 (Group) '' table CDD
flush and close file /Users/jan/PychronDev/data/isotopes/9c/8f7168-c2d2-48a3-8927-495a71c6a939.h5
measuring signal. ncounts=120
10:01:50 -- CLOSE  VALVE-R (Jan Inlet)
---------------------------------------- close None (Jan Inlet) result=[(True, True)]
"signal" increment series count="2" fit count="1" regressing="True"
action=close, ok=True, locked=[False]
is_closed ('F',) {}
is F () closed?
is closed True
open () {'description': 'CO2 Laser to Jan'}
opening name=--- desc=CO2 Laser to Jan
checking ownership. requestor=129.138.12.150
check software interlocks A
interlocks []
actuate state mode=None-script, software_lock=False
doing actuation None-script open_channel False
Open A ===>> OK
GetIndicatorState A ===>> OK
change switch state (True, True)
update switch state A True args=() kw={} ncanvase=2
10:01:50 -- OPEN   VALVE-A (CO2 Laser to Jan)
---------------------------------------- open None (CO2 Laser to Jan) result=[(True, True)], time=0.11 sec
starting measurement
check iteration duration=8.48770141602e-05
GetData ===>> H2,-0.0169697219901045,H1,1.65588521471756,AX,0.0805146708666572,L1,0.0354659190639278,L2,-0.0491...
action=open, ok=True, locked=[False]
sleep (1,) {}
SLEEP 1.0
check iteration duration=5.10215759277e-05
GetData ===>> H2,0.0211042992973914,H1,1.73426184083032,AX,0.133097126281598,L1,0.0239258837280601,L2,0.0402763...
close () {'description': 'CO2 Laser to Roughing'}
closing name=--- desc=CO2 Laser to Roughing
checking ownership. requestor=129.138.12.150
check software interlocks G
interlocks []
actuate state mode=None-script, software_lock=True
VALVE-G(CO2 Laser to Roughing) software locked
change switch state (True, False)
---------------------------------------- close None (CO2 Laser to Roughing) result=[(True, False)]
action=close, ok=True, locked=[True]
open () {'description': 'Microbone to Turbo'}
opening name=--- desc=Microbone to Turbo
checking ownership. requestor=129.138.12.150
check software interlocks U
interlocks []
actuate state mode=None-script, software_lock=False
doing actuation None-script open_channel True
Open U ===>> OK
GetIndicatorState U ===>> OK
change switch state (True, True)
update switch state U True args=() kw={} ncanvase=2
10:01:52 -- OPEN   VALVE-U (Microbone to Turbo)
---------------------------------------- open None (Microbone to Turbo) result=[(True, True)], time=0.15 sec
action=open, ok=True, locked=[False]
open () {'description': 'Microbone to Getter NP-10'}
opening name=--- desc=Microbone to Getter NP-10
checking ownership. requestor=129.138.12.150
check software interlocks M
interlocks []
actuate state mode=None-script, software_lock=False
doing actuation None-script open_channel False
Open M ===>> OK
GetIndicatorState M ===>> OK
change switch state (True, True)
update switch state M True args=() kw={} ncanvase=2
10:01:52 -- OPEN   VALVE-M (Microbone to Getter NP-10)
---------------------------------------- open None (Microbone to Getter NP-10) result=[(True, True)], time=0.12 sec
action=open, ok=True, locked=[False]
open () {'description': 'Microbone to Getter D-50'}
opening name=--- desc=Microbone to Getter D-50
checking ownership. requestor=129.138.12.150
check software interlocks K
interlocks []
actuate state mode=None-script, software_lock=False
doing actuation None-script open_channel False
check iteration duration=3.88622283936e-05
GetData ===>> H2,-0.0485223440090903,H1,1.71108893340979,AX,-0.130698988909335,L1,0.0196230312178946,L2,0.07690...
Open K ===>> OK
GetIndicatorState K ===>> OK
change switch state (True, True)
update switch state K True args=() kw={} ncanvase=2
10:01:53 -- OPEN   VALVE-K (Microbone to Getter D-50)
---------------------------------------- open None (Microbone to Getter D-50) result=[(True, True)], time=0.40 sec
action=open, ok=True, locked=[False]
open () {'description': 'Microbone to CO2 Laser'}
opening name=--- desc=Microbone to CO2 Laser
checking ownership. requestor=129.138.12.150
check software interlocks T
interlocks []
actuate state mode=None-script, software_lock=False
doing actuation None-script open_channel False
Open T ===>> OK
GetIndicatorState T ===>> OK
change switch state (True, True)
update switch state T True args=() kw={} ncanvase=2
10:01:54 -- OPEN   VALVE-T (Microbone to CO2 Laser)
---------------------------------------- open None (Microbone to CO2 Laser) result=[(True, True)], time=0.41 sec
check iteration duration=8.20159912109e-05
GetData ===>> H2,-0.0045236600023456,H1,1.70365451691807,AX,-0.10402618105553,L1,-0.00939526557592558,L2,0.0338...
action=open, ok=True, locked=[False]
open () {'description': 'Microbone to Inlet Pipette'}
opening name=--- desc=Microbone to Inlet Pipette
checking ownership. requestor=129.138.12.150
check software interlocks S
interlocks []
actuate state mode=None-script, software_lock=False
doing actuation None-script open_channel False
Open S ===>> OK
GetIndicatorState S ===>> OK
change switch state (True, True)
update switch state S True args=() kw={} ncanvase=2
10:01:54 -- OPEN   VALVE-S (Microbone to Inlet Pipette)
---------------------------------------- open None (Microbone to Inlet Pipette) result=[(True, True)], time=0.42 sec
action=open, ok=True, locked=[False]
sleep (1,) {}
SLEEP 1.0
testing H1>-5.0
evaluate ot="H1.bs>-5.0" t="H1>-5.0", ctx="{'H1': None}"
check iteration duration=0.000581979751587
GetData ===>> H2,-0.0848503573017394,H1,1.63680546083869,AX,-0.0506934024553327,L1,-0.0514704335223691,L2,0.041...
set_resource () {'name': 'CO2PumpTimeFlag', 'value': 30}
Set CO2PumpTimeFlag 30 ===>> OK
release ('JanCO2Flag',) {}
release JanCO2Flag
Set JanCO2Flag 0 ===>> OK
executed snippet estimated_duration=6.0, duration=5.86759209633
PumpMicrobone.py completed successfully
gosub finished
get_resource_value () {'name': 'JanMiniboneFlag'}
Read JanMiniboneFlag ===>> 0
Get Resource Value JanMiniboneFlag=0.0
get resource value 0.0
get_resource_value () {'name': 'JanMiniboneFlag'}
Read JanMiniboneFlag ===>> 0
Get Resource Value JanMiniboneFlag=0.0
executed snippet estimated_duration=4.0, duration=5.89161705971
jan_pump_extraction_line.py completed successfully
Post Equilibration Finished
10:01:56 -- ******* Post Equilibration Finished *******
check iteration duration=4.10079956055e-05
GetData ===>> H2,-0.225348265286006,H1,1.65004188233506,AX,-0.0491512898683171,L1,-0.0352475970558129,L2,0.0111...
check iteration duration=5.3882598877e-05
GetData ===>> H2,-0.115983544571707,H1,1.6297130882948,AX,-0.0244161752456241,L1,-0.00552521775164461,L2,-0.062...
check iteration duration=8.70227813721e-05
GetData ===>> H2,-0.164047186387931,H1,1.751711205239,AX,0.0748311543000606,L1,-0.044048943314794,L2,0.09422649...
check iteration duration=3.88622283936e-05
GetData ===>> H2,-0.195471686716429,H1,1.76808024655266,AX,-0.0607918966630906,L1,-0.050157919425212,L2,0.10754...
testing H1>-5.0
evaluate ot="H1.bs>-5.0" t="H1>-5.0", ctx="{'H1': None}"
check iteration duration=0.000598192214966
GetData ===>> H2,-0.15771232206527,H1,1.72345678085459,AX,-0.0625077249289428,L1,0.0196362457693215,L2,0.094910...
check iteration duration=4.19616699219e-05
GetData ===>> H2,-0.178426088198117,H1,1.5891622721975,AX,-0.0240914343251221,L1,-0.0390515196657838,L2,-0.0265...
check iteration duration=4.00543212891e-05
GetData ===>> H2,-0.185077771752769,H1,1.73133786304349,AX,-0.0843123392314574,L1,-0.0583403721033316,L2,0.0003...
check iteration duration=3.91006469727e-05
GetData ===>> H2,-0.174635714621188,H1,1.73174697418201,AX,-0.0128640105179224,L1,-0.0119572892113023,L2,-0.088...
check iteration duration=4.19616699219e-05
GetData ===>> H2,-0.182382489390842,H1,1.74854602767784,AX,-0.0551108979818064,L1,0.0270251655563668,L2,0.08987...
testing H1>-5.0
evaluate ot="H1.bs>-5.0" t="H1>-5.0", ctx="{'H1': None}"
check iteration duration=0.000555992126465
GetData ===>> H2,-0.104516790215271,H1,1.77804740368985,AX,-0.0644553852161829,L1,0.0462620339353062,L2,-0.0879...
check iteration duration=3.91006469727e-05
GetData ===>> H2,-0.175016429105708,H1,1.82388384484329,AX,-0.149249571054154,L1,0.0181274961928396,L2,0.078760...
check iteration duration=8.32080841064e-05
GetData ===>> H2,-0.13783828518843,H1,1.77998557626402,AX,-0.0362452844374384,L1,-0.0455561852055884,L2,0.03816...
check iteration duration=6.38961791992e-05
GetData ===>> H2,-0.240200982767095,H1,1.78062361636748,AX,-0.0532558061737919,L1,-0.050557554456368,L2,0.10310...
check iteration duration=7.89165496826e-05
GetData ===>> H2,-0.188670483617434,H1,1.84352250968554,AX,-0.177813043825063,L1,-0.02709384333588,L2,-0.023225...
testing H1>-5.0
evaluate ot="H1.bs>-5.0" t="H1>-5.0", ctx="{'H1': None}"
check iteration duration=0.000550031661987
GetData ===>> H2,-0.26653754410502,H1,1.7296051754234,AX,-0.0140007301154775,L1,0.0136890460145031,L2,-0.028330...
check iteration duration=6.79492950439e-05
GetData ===>> H2,-0.127854478577046,H1,1.87593706311582,AX,-0.0432608905419576,L1,0.0267357219434386,L2,-0.0205...
check iteration duration=8.08238983154e-05
GetData ===>> H2,-0.165733275892858,H1,1.88979435814389,AX,-0.040860566526723,L1,0.0227060950658841,L2,0.024964...
check iteration duration=8.58306884766e-05
GetData ===>> H2,-0.250456390128418,H1,1.94332712779544,AX,-0.017793565785759,L1,-0.0113543072366261,L2,0.00614...
check iteration duration=4.2200088501e-05
GetData ===>> H2,-0.217275219828334,H1,1.94065282730234,AX,-0.051076028110312,L1,-0.0535578988778394,L2,0.07695...
testing H1>-5.0
evaluate ot="H1.bs>-5.0" t="H1>-5.0", ctx="{'H1': None}"
check iteration duration=0.000554800033569
10:02:16 -- collecting point 25
GetData ===>> H2,-0.178338362411237,H1,1.94277298764696,AX,-0.0584035988482287,L1,-0.0417906503168515,L2,-0.007...
check iteration duration=5.48362731934e-05
GetData ===>> H2,-0.249200193074494,H1,1.88279925665464,AX,-0.172075519480757,L1,-0.0416325747504386,L2,0.06249...
check iteration duration=4.00543212891e-05
GetData ===>> H2,-0.33498528520472,H1,1.95689246236694,AX,-0.108522370947194,L1,-0.0149244924175366,L2,0.033389...
check iteration duration=4.10079956055e-05
GetData ===>> H2,-0.238635345924095,H1,1.94921806632353,AX,-0.0469134439314084,L1,0.008189329398953,L2,-0.00123...
check iteration duration=4.00543212891e-05
GetData ===>> H2,-0.220553358781153,H1,1.98328410157667,AX,-0.0673188387784406,L1,-0.0179337335622536,L2,-0.010...
testing H1>-5.0
evaluate ot="H1.bs>-5.0" t="H1>-5.0", ctx="{'H1': None}"
check iteration duration=0.000693798065186
GetData ===>> H2,-0.175233781636303,H1,1.96604949003436,AX,-0.0350740348162731,L1,-0.0203258518812577,L2,0.0032...
check iteration duration=6.41345977783e-05
GetData ===>> H2,-0.175892563824143,H1,1.92480121961347,AX,-0.0626236581800581,L1,-0.0286189189416592,L2,-0.025...
check iteration duration=8.20159912109e-05
GetData ===>> H2,-0.087654409428739,H1,1.96331434357064,AX,0.0389520164910713,L1,-0.0394132666288305,L2,0.02487...
check iteration duration=7.79628753662e-05
GetData ===>> H2,-0.224905225807228,H1,2.07059948103818,AX,-0.00412938540165794,L1,-0.0551577441490155,L2,0.070...
check iteration duration=5.60283660889e-05
GetData ===>> H2,-0.193382166198727,H1,1.97735233379241,AX,0.0311186710854016,L1,-0.0392743190042938,L2,0.13485...
testing H1>-5.0
evaluate ot="H1.bs>-5.0" t="H1>-5.0", ctx="{'H1': None}"
check iteration duration=0.000627994537354
GetData ===>> H2,-0.209266309537351,H1,2.02521594534393,AX,-0.00439619166519547,L1,-0.0221995803596351,L2,0.051...
check iteration duration=8.20159912109e-05
GetData ===>> H2,-0.284845934648018,H1,2.00603014925738,AX,0.0252005614236165,L1,-0.0382069934621377,L2,0.05697...
check iteration duration=6.19888305664e-05
GetData ===>> H2,-0.209709539829848,H1,1.97053191651049,AX,-0.0229664306147064,L1,-0.0210787418629241,L2,0.1012...
check iteration duration=7.20024108887e-05
GetData ===>> H2,-0.197141470595687,H1,2.05001955365483,AX,-0.073196190003068,L1,-0.0559873115059157,L2,0.06531...
check iteration duration=3.91006469727e-05
GetData ===>> H2,-0.231894875258654,H1,2.00843871226721,AX,-0.0951258934661571,L1,-0.0426145190769524,L2,0.0678...
testing H1>-5.0
evaluate ot="H1.bs>-5.0" t="H1>-5.0", ctx="{'H1': None}"
check iteration duration=0.000555038452148
GetData ===>> H2,-0.114071294903232,H1,2.01296696606519,AX,-0.0528384056433737,L1,-0.0728594511987613,L2,-0.014...
check iteration duration=3.81469726562e-05
GetData ===>> H2,-0.00841825213957025,H1,2.13289494142137,AX,-0.11997049362613,L1,-0.0570537974219025,L2,0.0362...
check iteration duration=8.70227813721e-05
GetData ===>> H2,-0.144507908310407,H1,2.12797548370374,AX,0.0733233382343629,L1,-0.0154666780521603,L2,0.06399...
check iteration duration=7.10487365723e-05
GetData ===>> H2,-0.181668766142376,H1,2.10294783018592,AX,-0.0256107485935602,L1,-0.0115868731527104,L2,-0.020...
check iteration duration=8.6784362793e-05
GetData ===>> H2,-0.218778997152266,H1,2.1240690259263,AX,-0.0448146919130717,L1,-0.0293472316556956,L2,0.06249...
testing H1>-5.0
evaluate ot="H1.bs>-5.0" t="H1>-5.0", ctx="{'H1': None}"
check iteration duration=0.000597953796387
GetData ===>> H2,-0.285960867722759,H1,2.11420709688348,AX,-0.0942682706651257,L1,-0.0505886631031792,L2,0.0284...
check iteration duration=4.00543212891e-05
GetData ===>> H2,-0.205547340720567,H1,2.16648145413003,AX,-0.0269444782119655,L1,-0.0420289565087584,L2,0.0100...
check iteration duration=4.19616699219e-05
GetData ===>> H2,-0.154544237186726,H1,2.23651744141542,AX,0.0101400149603704,L1,-0.077607386046266,L2,0.051474...
check iteration duration=3.981590271e-05
GetData ===>> H2,-0.17838559945785,H1,2.13353400618133,AX,-0.102206787432382,L1,-0.0124104009966008,L2,-0.08501...
check iteration duration=3.88622283936e-05
GetData ===>> H2,-0.21170722853289,H1,2.19696032926671,AX,-0.0589948819221721,L1,0.0414502148796025,L2,-0.05138...
testing H1>-5.0
evaluate ot="H1.bs>-5.0" t="H1>-5.0", ctx="{'H1': None}"
check iteration duration=0.000596046447754
10:02:42 -- collecting point 50
GetData ===>> H2,-0.235280446337135,H1,2.21247509824456,AX,0.0340662559885914,L1,0.0289578049216657,L2,-0.01129...
check iteration duration=8.70227813721e-05
GetData ===>> H2,-0.25268599734462,H1,2.22761845610464,AX,-0.0332185610195617,L1,0.00688025830524112,L2,0.08367...
check iteration duration=4.00543212891e-05
GetData ===>> H2,-0.181255892455909,H1,2.24259524687616,AX,-0.123145139246905,L1,0.00300325128200764,L2,-0.0182...
check iteration duration=4.00543212891e-05
GetData ===>> H2,-0.148727949242522,H1,2.1639002637788,AX,-0.0147662684861272,L1,0.0175485614884305,L2,-0.02970...
check iteration duration=4.00543212891e-05
GetData ===>> H2,-0.116562704570385,H1,2.18242417269396,AX,0.00133450370110609,L1,0.00939896150161786,L2,-0.036...
testing H1>-5.0
evaluate ot="H1.bs>-5.0" t="H1>-5.0", ctx="{'H1': None}"
check iteration duration=0.000555992126465
GetData ===>> H2,-0.234416656973541,H1,2.24992768836965,AX,-0.024659730224877,L1,-0.0146245984346881,L2,0.00769...
check iteration duration=5.69820404053e-05
GetData ===>> H2,-0.225652592371831,H1,2.28204955876861,AX,0.128048814128869,L1,-0.00977295627517363,L2,-0.0234...
check iteration duration=4.31537628174e-05
GetData ===>> H2,-0.223355124253096,H1,2.37386001584101,AX,-0.124338501136789,L1,-0.0198918355568676,L2,0.11617...
check iteration duration=7.5101852417e-05
GetData ===>> H2,-0.255021368040613,H1,2.28231497153668,AX,-0.0349000856505303,L1,-0.0290226119455587,L2,0.0593...
check iteration duration=4.50611114502e-05
GetData ===>> H2,-0.119886890400816,H1,2.34172461441589,AX,0.0612384560476578,L1,-0.0475778567905684,L2,-0.0053...
testing H1>-5.0
evaluate ot="H1.bs>-5.0" t="H1>-5.0", ctx="{'H1': None}"
check iteration duration=0.00056791305542
GetData ===>> H2,-0.133643942613064,H1,2.35996601112436,AX,-0.0311543048519737,L1,-0.0115569036198029,L2,-0.064...
check iteration duration=3.79085540771e-05
GetData ===>> H2,-0.173436956107093,H1,2.3014385860938,AX,-0.00371177412965055,L1,0.0189046662187912,L2,0.02171...
check iteration duration=6.69956207275e-05
GetData ===>> H2,-0.166844148908952,H1,2.32844704054529,AX,-0.014035527444759,L1,0.00568772383091343,L2,0.00545...
check iteration duration=3.981590271e-05
GetData ===>> H2,-0.257127761704142,H1,2.36262925530542,AX,-0.00714541361376775,L1,-0.023442546095151,L2,0.0598...
check iteration duration=3.91006469727e-05
GetData ===>> H2,-0.286146231444188,H1,2.28613940548656,AX,-0.0145226887486027,L1,-0.0316132883911651,L2,0.0315...
testing H1>-5.0
evaluate ot="H1.bs>-5.0" t="H1>-5.0", ctx="{'H1': None}"
check iteration duration=0.000866889953613
GetData ===>> H2,-0.234545825938458,H1,2.20034757780969,AX,0.0156163077303616,L1,-0.0268817760162412,L2,0.00523...
check iteration duration=3.79085540771e-05
GetData ===>> H2,-0.179928118152361,H1,2.38021782971531,AX,-0.0711327816882914,L1,-0.0255972953284747,L2,-0.003...
check iteration duration=6.19888305664e-05
GetData ===>> H2,-0.140075444941118,H1,2.32977471959515,AX,-0.0288116689730611,L1,-0.0202059597407916,L2,-0.016...
check iteration duration=8.29696655273e-05
GetData ===>> H2,-0.172042073000756,H1,2.40821143396237,AX,-0.0653828287944925,L1,-0.0288848550269216,L2,0.1047...
check iteration duration=8.20159912109e-05
GetData ===>> H2,-0.126325492333208,H1,2.41321972634114,AX,-0.081159608404323,L1,0.000582097530387701,L2,0.0978...
testing H1>-5.0
evaluate ot="H1.bs>-5.0" t="H1>-5.0", ctx="{'H1': None}"
check iteration duration=0.000613927841187
GetData ===>> H2,-0.167080347233706,H1,2.55916346600025,AX,-0.169397892277538,L1,-0.00584308066977698,L2,0.0290...
check iteration duration=7.89165496826e-05
GetData ===>> H2,-0.0823418152942602,H1,2.50778411954709,AX,0.0658657913187752,L1,-0.0268542189175897,L2,0.0669...
check iteration duration=7.29560852051e-05
GetData ===>> H2,-0.0739154576102339,H1,2.39586674890571,AX,-0.00237772611852467,L1,-0.019967370130375,L2,-0.08...
check iteration duration=4.79221343994e-05
GetData ===>> H2,-0.197586524865595,H1,2.4014053804801,AX,0.0129709414020743,L1,-0.0291483883535721,L2,0.046502...
check iteration duration=8.60691070557e-05
GetData ===>> H2,-0.243641121120848,H1,2.48134501619048,AX,-0.0290900049005348,L1,-0.0438118823144854,L2,0.0725...
testing H1>-5.0
evaluate ot="H1.bs>-5.0" t="H1>-5.0", ctx="{'H1': None}"
check iteration duration=0.000559091567993
10:03:08 -- collecting point 75
GetData ===>> H2,-0.106810393674301,H1,2.48297536891806,AX,-0.0796527524430223,L1,-0.0194206308897671,L2,0.0419...
check iteration duration=3.981590271e-05
GetData ===>> H2,-0.177026443417526,H1,2.46873784075452,AX,0.129894028921273,L1,0.0124680945585809,L2,0.0273696...
check iteration duration=7.79628753662e-05
GetData ===>> H2,-0.164597994220676,H1,2.47219137459898,AX,-0.0174688027680537,L1,0.0233814672036457,L2,0.07350...
check iteration duration=8.39233398438e-05
GetData ===>> H2,-0.107829173395234,H1,2.53437511640573,AX,-0.0805916423592259,L1,0.000852152770781624,L2,-0.00...
check iteration duration=4.19616699219e-05
GetData ===>> H2,-0.0722492322798386,H1,2.44555632478314,AX,-0.0693939204831224,L1,-0.0725869858652483,L2,0.091...
testing H1>-5.0
evaluate ot="H1.bs>-5.0" t="H1>-5.0", ctx="{'H1': None}"
check iteration duration=0.000580072402954
GetData ===>> H2,-0.188500583745288,H1,2.57867774580245,AX,0.12672585145367,L1,-0.0729992660632376,L2,0.0833876...
check iteration duration=4.50611114502e-05
GetData ===>> H2,-0.115791386830848,H1,2.52223251911101,AX,-0.0866768203129151,L1,-0.0449887513328004,L2,-0.000...
check iteration duration=8.20159912109e-05
GetData ===>> H2,-0.0650800808364134,H1,2.52109686797815,AX,-0.0608846449104113,L1,-0.0213736483760865,L2,0.016...
check iteration duration=3.79085540771e-05
GetData ===>> H2,-0.174365696591442,H1,2.59215638439121,AX,0.035865022905648,L1,-0.0138654950690305,L2,0.002598...
check iteration duration=4.10079956055e-05
GetData ===>> H2,-0.143976914857228,H1,2.62117293876607,AX,0.00154332083421507,L1,-0.0200704799025263,L2,-0.070...
testing H1>-5.0
evaluate ot="H1.bs>-5.0" t="H1>-5.0", ctx="{'H1': None}"
check iteration duration=0.000715017318726
GetData ===>> H2,-0.203398944278617,H1,2.57559820081921,AX,-0.0932252057187079,L1,-0.0105522732427222,L2,-0.007...
check iteration duration=4.19616699219e-05
GetData ===>> H2,-0.217954369843364,H1,2.63305013475639,AX,-0.00682061506564409,L1,0.00176679364755234,L2,-0.00...
check iteration duration=4.00543212891e-05
GetData ===>> H2,-0.256955716214383,H1,2.55985171518411,AX,-0.0160537512583749,L1,-0.0033262911171613,L2,0.0511...
check iteration duration=5.88893890381e-05
GetData ===>> H2,-0.208611536345441,H1,2.57273611934628,AX,0.00031362638766345,L1,-0.0403163793678777,L2,0.0613...
check iteration duration=7.29560852051e-05
GetData ===>> H2,-0.184872747796988,H1,2.61165285421303,AX,-0.0266197457273315,L1,-0.00464954346839866,L2,0.108...
testing H1>-5.0
evaluate ot="H1.bs>-5.0" t="H1>-5.0", ctx="{'H1': None}"
check iteration duration=0.000656843185425
GetData ===>> H2,-0.255054976641766,H1,2.64332146645094,AX,-0.0448378827904044,L1,0.0148669181363882,L2,0.04002...
check iteration duration=4.2200088501e-05
GetData ===>> H2,-0.172344267282778,H1,2.79821453301625,AX,-0.106088891906608,L1,0.0112220842516934,L2,0.066528...
check iteration duration=8.39233398438e-05
GetData ===>> H2,-0.110906511306427,H1,2.69303732688424,AX,-0.103342463875672,L1,0.0107083599310818,L2,0.107004...
check iteration duration=4.07695770264e-05
GetData ===>> H2,-0.212681024329506,H1,2.6938957528923,AX,-0.166998397477508,L1,-0.0147157671509901,L2,0.037471...
check iteration duration=4.10079956055e-05
GetData ===>> H2,-0.202617117835364,H1,2.70324218499527,AX,0.00578936636641006,L1,-0.0499221990929918,L2,0.0260...
testing H1>-5.0
evaluate ot="H1.bs>-5.0" t="H1>-5.0", ctx="{'H1': None}"
check iteration duration=0.000550985336304
GetData ===>> H2,-0.115495024503416,H1,2.75486320764802,AX,0.0273820972377126,L1,-0.016680492184098,L2,0.010771...
check iteration duration=3.91006469727e-05
GetData ===>> H2,-0.110756236604089,H1,2.71429457543964,AX,-0.00281854400563835,L1,-0.00556600072500238,L2,0.06...
check iteration duration=4.00543212891e-05
GetData ===>> H2,-0.176427121205754,H1,2.62425386819893,AX,0.00245980132684334,L1,-0.0299652977775092,L2,0.0284...
check iteration duration=8.20159912109e-05
GetData ===>> H2,-0.256891198479465,H1,2.69304941734101,AX,-0.00241252760326904,L1,0.00188683142481471,L2,-0.01...
check iteration duration=7.10487365723e-05
GetData ===>> H2,-0.133426205515862,H1,2.72915794829614,AX,-0.00229652260579346,L1,0.00984901051285533,L2,0.130...
testing H1>-5.0
evaluate ot="H1.bs>-5.0" t="H1>-5.0", ctx="{'H1': None}"
check iteration duration=0.000566959381104
10:03:35 -- collecting point 100
GetData ===>> H2,-0.139011666289308,H1,2.7248643988923,AX,-0.0109617153718624,L1,-0.0376391444593496,L2,0.11548...
check iteration duration=7.79628753662e-05
GetData ===>> H2,-0.12956437391178,H1,2.75066929057426,AX,0.0558923600238821,L1,-0.024980159045188,L2,0.0069984...
check iteration duration=6.91413879395e-05
GetData ===>> H2,-0.097434143740919,H1,2.77229338858851,AX,0.114042568644373,L1,-0.00582868709419545,L2,0.07510...
check iteration duration=8.48770141602e-05
GetData ===>> H2,-0.00606996132461706,H1,2.78632915662758,AX,-0.0739033030104544,L1,-0.0223266407998144,L2,-0.0...
check iteration duration=3.69548797607e-05
GetData ===>> H2,-0.129546803174995,H1,2.89634925373117,AX,-0.0360713373651579,L1,-0.0392922864776752,L2,0.0187...
testing H1>-5.0
evaluate ot="H1.bs>-5.0" t="H1>-5.0", ctx="{'H1': None}"
check iteration duration=0.000984907150269
GetData ===>> H2,-0.171811374617681,H1,2.83675787473421,AX,-0.0716544339904766,L1,-0.0522552278373577,L2,-0.070...
check iteration duration=6.19888305664e-05
GetData ===>> H2,-0.189799039460521,H1,2.83732639876664,AX,0.00403756011031606,L1,-0.0133944703471322,L2,-0.012...
check iteration duration=8.10623168945e-05
GetData ===>> H2,-0.128564150206955,H1,2.73746738952017,AX,0.09806607183213,L1,0.00664030038546671,L2,-0.001527...
check iteration duration=7.5101852417e-05
GetData ===>> H2,-0.0897752629603052,H1,2.83476201770088,AX,-0.047319274734769,L1,-0.00857508839906465,L2,0.129...
check iteration duration=6.60419464111e-05
GetData ===>> H2,-0.110878081109833,H1,2.89452166830235,AX,-0.0554471295862721,L1,0.0117898521132457,L2,0.11908...
testing H1>-5.0
evaluate ot="H1.bs>-5.0" t="H1>-5.0", ctx="{'H1': None}"
check iteration duration=0.000593900680542
GetData ===>> H2,-0.0879701909655255,H1,2.85368190008197,AX,-0.0632265088593246,L1,0.0108199847173081,L2,0.0812...
check iteration duration=6.69956207275e-05
GetData ===>> H2,-0.19286862738652,H1,2.90183220737366,AX,-0.00669301533954852,L1,0.0219502606847254,L2,-0.0350...
check iteration duration=4.00543212891e-05
GetData ===>> H2,-0.293319345447434,H1,2.92293163131256,AX,-0.009117381533102,L1,0.00731939609987099,L2,-0.0262...
check iteration duration=3.88622283936e-05
GetData ===>> H2,-0.261855868957041,H1,2.96463220126071,AX,-0.00497620275859305,L1,-0.0276377695752633,L2,0.143...
check iteration duration=5.69820404053e-05
GetData ===>> H2,-0.129521122818448,H1,2.88379888268155,AX,-0.0240682385035825,L1,-0.0591876261437466,L2,0.0944...
testing H1>-5.0
evaluate ot="H1.bs>-5.0" t="H1>-5.0", ctx="{'H1': None}"
check iteration duration=0.000587940216064
GetData ===>> H2,-0.172127065957467,H1,2.85531517545337,AX,-0.0359669689725313,L1,-0.0362529310400703,L2,-0.026...
check iteration duration=6.19888305664e-05
GetData ===>> H2,-0.164426544652627,H1,2.93803965836703,AX,-0.0403967289736989,L1,-0.00957631907646014,L2,-0.01...
check iteration duration=3.88622283936e-05
GetData ===>> H2,-0.175501079029132,H1,2.9132953207119,AX,0.0678258066408629,L1,-0.0244948116785995,L2,0.111974...
check iteration duration=6.8187713623e-05
GetData ===>> H2,-0.202542976315744,H1,2.93858402188076,AX,-0.0318037384791271,L1,-0.00952236307589336,L2,0.140...
check iteration duration=7.20024108887e-05
GetData ===>> H2,-0.176722736801178,H1,2.97535345733431,AX,-0.0386805108052035,L1,-0.02573270074809,L2,0.004308...
testing H1>-5.0
evaluate ot="H1.bs>-5.0" t="H1>-5.0", ctx="{'H1': None}"
check iteration duration=0.000586986541748
GetData ===>> H2,-0.215561514232404,H1,2.93015946432764,AX,-0.0621251442203081,L1,-0.04439734099872,L2,-0.03951...
check iteration duration=1.81198120117e-05
waiting for write to finish
measurement finished
estimated time: 125.829 actual time: :126.193
flush and close file /Users/jan/PychronDev/data/isotopes/9c/8f7168-c2d2-48a3-8927-495a71c6a939.h5
baselines () {'settling_time': 15.0, 'detector': 'H1', 'mass': 34.2, 'ncounts': 60}
%%%%%%%%%%%%%%%%%%%%%%%%%%%%%%%% Baseline
build tables- baseline [Detector(H2), Detector(H1), Detector(AX), Detector(L1), Detector(L2), Detector(CDD)]
add group baseline table H2
add group baseline table H1
add group baseline table AX
add group baseline table L1
add group baseline table L2
add group baseline table CDD
flush and close file /Users/jan/PychronDev/data/isotopes/9c/8f7168-c2d2-48a3-8927-495a71c6a939.h5
detector Detector(H1)
POSITION 34.2 H1
Mapping mass to dac mass func: "parabolic"
H1 map mass coeffs = [-0.00063987  0.15840543  0.57119999]
H1 map mass to dac 34.2 >> 5.24024599104
GetDeflection H1 ===>> 0
GetHighVoltage ===>> 4500
positioning 34.2 (5.24024599104) on H1
setting magnet DAC
current  : 5.879590
requested: 5.240246
Delta Dac: 0.639344
Checking detector protection. dv=0.63934
Checking detector "CDD". Protection Threshold: 0.1 (V)
ProtectDetector CDD,On ===>> OK
GetDeflection CDD ===>> 2000
Protected = 2000
SetMagnetDAC 5.24024599104 ===>> OK
Magnet settling time: 0.500
GetMagnetMoving ===>> True
GetMagnetMoving ===>> True
GetMagnetMoving ===>> True
GetMagnetMoving ===>> True
GetMagnetMoving ===>> True
GetMagnetMoving ===>> True
GetMagnetMoving ===>> True
GetMagnetMoving ===>> True
GetMagnetMoving ===>> False
ProtectDetector CDD,Off ===>> OK
GetDeflection CDD ===>> 50
Delaying 15.0s for detectors to settle
Join finished
measuring baseline. ncounts=60
"baseline" increment series count="2" fit count="1" regressing="True"
starting measurement
check iteration duration=3.50475311279e-05
GetData ===>> H2,-0.178432836307413,H1,-0.0477055488113052,AX,-0.145110417533021,L1,-0.0214503706046151,L2,0.01...
check iteration duration=4.00543212891e-05
GetData ===>> H2,-0.15041336532586,H1,-0.00742188959270678,AX,-0.130027044456744,L1,-0.021035584087047,L2,0.016...
check iteration duration=3.69548797607e-05
GetData ===>> H2,-0.232423769409696,H1,-0.0679605044185071,AX,-0.138095483453792,L1,-0.0690932769325915,L2,-0.1...
check iteration duration=7.39097595215e-05
GetData ===>> H2,-0.264893397658128,H1,-0.0552047713565649,AX,0.0390796762281308,L1,0.000513684685827949,L2,0.0...
testing H1>-5.0
evaluate ot="H1.bs>-5.0" t="H1>-5.0", ctx="{'H1': None}"
check iteration duration=0.000581979751587
GetData ===>> H2,-0.344975546202381,H1,0.0193593767076063,AX,-0.142617565022123,L1,0.00783654739238805,L2,-0.03...
check iteration duration=8.58306884766e-05
GetData ===>> H2,-0.254444628849459,H1,-0.0591747204982561,AX,-0.100688668624597,L1,0.00261189001905058,L2,0.03...
check iteration duration=8.39233398438e-05
GetData ===>> H2,-0.290799473597787,H1,-0.0567069327968682,AX,-0.0746451865434001,L1,-0.0334154688886348,L2,-0....
check iteration duration=8.20159912109e-05
GetData ===>> H2,-0.310725838498404,H1,0.0141576436224035,AX,-0.149435075211219,L1,-0.0515326450655263,L2,-0.04...
check iteration duration=7.58171081543e-05
GetData ===>> H2,-0.197577084502211,H1,-0.057350709368653,AX,-0.0768476199594425,L1,-0.0547255758529081,L2,0.02...
testing H1>-5.0
evaluate ot="H1.bs>-5.0" t="H1>-5.0", ctx="{'H1': None}"
check iteration duration=0.000549793243408
GetData ===>> H2,-0.115339397352899,H1,-0.0094853602344845,AX,-0.0537775543191777,L1,-0.0513866866058077,L2,-0....
check iteration duration=8.29696655273e-05
GetData ===>> H2,-0.197436826746903,H1,-0.0412312051809359,AX,-0.0906638543503785,L1,-0.0417607119534759,L2,-0....
check iteration duration=4.38690185547e-05
GetData ===>> H2,-0.194356612790193,H1,-0.0122047825817482,AX,-0.143892985916399,L1,0.00443076833673379,L2,-0.0...
check iteration duration=8.58306884766e-05
GetData ===>> H2,-0.206897629498056,H1,-0.0435443705162573,AX,-0.14681479619718,L1,0.0424148639137142,L2,-0.002...
check iteration duration=7.60555267334e-05
GetData ===>> H2,-0.120626818865731,H1,-0.0351976460619017,AX,-0.132262979573935,L1,-0.00905593136951097,L2,-0....
testing H1>-5.0
evaluate ot="H1.bs>-5.0" t="H1>-5.0", ctx="{'H1': None}"
check iteration duration=0.000540971755981
GetData ===>> H2,-0.248874688806765,H1,-0.069975046287518,AX,0.0290763023913692,L1,-0.00506099991218665,L2,0.04...
check iteration duration=4.00543212891e-05
GetData ===>> H2,-0.122463580891366,H1,-0.0525342064528143,AX,-0.0733700707272369,L1,-0.0166900869694191,L2,-0....
check iteration duration=4.10079956055e-05
GetData ===>> H2,-0.171950333855588,H1,-0.037785205093299,AX,-0.100665491054633,L1,-0.0619335302624651,L2,-0.00...
check iteration duration=3.91006469727e-05
GetData ===>> H2,-0.172981007413676,H1,-0.0544298379874906,AX,-0.0213194945141773,L1,-0.0328419195763979,L2,0.0...
check iteration duration=6.60419464111e-05
GetData ===>> H2,-0.393993586932444,H1,-0.0476101655730641,AX,-0.145203173602876,L1,-0.0233107055169774,L2,-0.0...
testing H1>-5.0
evaluate ot="H1.bs>-5.0" t="H1>-5.0", ctx="{'H1': None}"
check iteration duration=0.000634908676147
GetData ===>> H2,-0.416120355136142,H1,-0.0399911357710224,AX,0.0063810431512155,L1,-0.00616093355210033,L2,-0....
check iteration duration=3.91006469727e-05
GetData ===>> H2,-0.234322470338766,H1,0.00784672945288736,AX,-0.00361897138145512,L1,-0.0208917234968737,L2,-0...
check iteration duration=3.81469726562e-05
GetData ===>> H2,-0.258155947644257,H1,-0.0442120784010179,AX,-0.11414231611231,L1,-0.0411307881076272,L2,-0.12...
check iteration duration=0.000102996826172
GetData ===>> H2,-0.118649059470787,H1,-0.0244412689080818,AX,-0.0971540254174383,L1,-0.0627194743637564,L2,-0....
check iteration duration=7.39097595215e-05
GetData ===>> H2,-0.198709871870464,H1,0.0310046030486124,AX,-0.100028105716608,L1,-0.0553289303261245,L2,-0.07...
testing H1>-5.0
evaluate ot="H1.bs>-5.0" t="H1>-5.0", ctx="{'H1': None}"
check iteration duration=0.000599145889282
10:04:40 -- collecting point 25
GetData ===>> H2,-0.180081953637794,H1,-0.0469186343769355,AX,-0.0669826481915971,L1,-0.0385579895656358,L2,-0....
check iteration duration=6.79492950439e-05
GetData ===>> H2,-0.291041147967768,H1,-0.117775733551428,AX,-0.0335084811321456,L1,-0.0241053184581028,L2,-0.0...
check iteration duration=6.07967376709e-05
GetData ===>> H2,-0.280455457454661,H1,-0.0463344060219527,AX,-0.00936097479783939,L1,-0.0154702765317955,L2,0....
check iteration duration=0.000133037567139
GetData ===>> H2,-0.119698857018595,H1,-0.0578275782332714,AX,-0.155510140836095,L1,0.0111200574774393,L2,-0.17...
check iteration duration=4.31537628174e-05
GetData ===>> H2,-0.160837658267522,H1,-0.0731457815135393,AX,0.025699525409719,L1,0.019066834445076,L2,-0.1005...
testing H1>-5.0
evaluate ot="H1.bs>-5.0" t="H1>-5.0", ctx="{'H1': None}"
check iteration duration=0.000571012496948
GetData ===>> H2,-0.198713917336381,H1,-0.0756012442734154,AX,-0.0567572623417958,L1,0.0254243222076794,L2,0.01...
check iteration duration=4.00543212891e-05
GetData ===>> H2,-0.0638465751943182,H1,-0.118180827516956,AX,-0.0695214380273527,L1,-0.012856300614987,L2,-0.0...
check iteration duration=4.00543212891e-05
GetData ===>> H2,-0.208125147356034,H1,-0.025693456522302,AX,-0.0221313679057275,L1,0.0207355168406034,L2,-0.00...
check iteration duration=3.981590271e-05
GetData ===>> H2,-0.223112691230333,H1,-0.040539629905134,AX,-0.0978725534519798,L1,0.0136290154447166,L2,0.036...
check iteration duration=7.60555267334e-05
GetData ===>> H2,-0.166143623204303,H1,-0.0108927897960463,AX,-0.0159957569052373,L1,-0.0284512078843813,L2,-0....
testing H1>-5.0
evaluate ot="H1.bs>-5.0" t="H1>-5.0", ctx="{'H1': None}"
check iteration duration=0.000550031661987
GetData ===>> H2,-0.268952915767662,H1,-0.035805788069365,AX,-0.16646516837129,L1,-0.0244444780187367,L2,-0.026...
check iteration duration=8.20159912109e-05
GetData ===>> H2,-0.195772481814993,H1,-0.0233679527697593,AX,-0.115764507943259,L1,-0.0268278598830047,L2,-0.0...
check iteration duration=6.50882720947e-05
GetData ===>> H2,-0.177505608404862,H1,-0.0638359312317814,AX,-0.0540326301721865,L1,-0.0384358011866069,L2,0.0...
check iteration duration=8.60691070557e-05
GetData ===>> H2,-0.27101975134755,H1,-0.0350664776934682,AX,-0.131116055545266,L1,-0.0589901792607065,L2,-0.02...
check iteration duration=4.00543212891e-05
GetData ===>> H2,-0.218450231383871,H1,-0.0558366356623761,AX,-0.0840921150291432,L1,-0.0376894614891514,L2,-0....
testing H1>-5.0
evaluate ot="H1.bs>-5.0" t="H1>-5.0", ctx="{'H1': None}"
check iteration duration=0.000550985336304
GetData ===>> H2,-0.124631335117907,H1,-0.0702134509254602,AX,-0.116054182209432,L1,-0.0553959674745015,L2,-0.0...
check iteration duration=6.00814819336e-05
GetData ===>> H2,-0.0717597576374397,H1,-0.0462390214768458,AX,-0.172434849122711,L1,-0.0233838173237652,L2,0.0...
check iteration duration=4.10079956055e-05
GetData ===>> H2,-0.157425947385272,H1,-0.0287344183648618,AX,-0.114397233762851,L1,-0.00594983237968506,L2,-0....
check iteration duration=6.60419464111e-05
GetData ===>> H2,-0.127590874954426,H1,-0.0587336228154321,AX,-0.0215166643890266,L1,-0.00948519321836077,L2,-0...
check iteration duration=4.19616699219e-05
GetData ===>> H2,-0.19819743449064,H1,0.0191207591832444,AX,-0.117873316884122,L1,-0.018310275114962,L2,-0.0119...
testing H1>-5.0
evaluate ot="H1.bs>-5.0" t="H1>-5.0", ctx="{'H1': None}"
check iteration duration=0.000595092773438
GetData ===>> H2,-0.201041168927603,H1,-0.0138626397794937,AX,-0.116818918127829,L1,-0.00500222144973696,L2,-0....
check iteration duration=8.48770141602e-05
GetData ===>> H2,-0.17012349087909,H1,0.022544975138117,AX,-0.131231907071229,L1,-0.00398853887427146,L2,0.0323...
check iteration duration=7.48634338379e-05
GetData ===>> H2,-0.108989902671072,H1,-0.0474909363973762,AX,-0.0559456777580172,L1,-0.0626106181972524,L2,-0....
check iteration duration=4.6968460083e-05
GetData ===>> H2,-0.123412954029222,H1,-0.0309524734341203,AX,-0.140971087865612,L1,-0.0674481949930059,L2,0.00...
check iteration duration=6.19888305664e-05
GetData ===>> H2,-0.147235444610989,H1,-0.0250614018751481,AX,-0.119078330040504,L1,-0.0408074278314592,L2,0.05...
testing H1>-5.0
evaluate ot="H1.bs>-5.0" t="H1>-5.0", ctx="{'H1': None}"
check iteration duration=0.000607967376709
10:05:06 -- collecting point 50
GetData ===>> H2,-0.148018865202791,H1,-0.062405403715071,AX,-0.125705635600587,L1,-0.0349863615184299,L2,0.001...
check iteration duration=4.10079956055e-05
GetData ===>> H2,-0.177694569304393,H1,-0.065123388512167,AX,-0.0769867193436258,L1,-0.00391055906402832,L2,-0....
check iteration duration=3.81469726562e-05
GetData ===>> H2,-0.193861987178386,H1,-0.0482778463317011,AX,-0.0466931350723456,L1,0.013397300799611,L2,-0.08...
check iteration duration=3.91006469727e-05
GetData ===>> H2,-0.215197958500886,H1,0.0287613598536797,AX,-0.126771523717291,L1,0.0333421492200388,L2,0.0140...
check iteration duration=4.00543212891e-05
GetData ===>> H2,-0.188337423531045,H1,-0.096410659732604,AX,-0.0572442098430288,L1,-0.00214565446507808,L2,-0....
testing H1>-5.0
evaluate ot="H1.bs>-5.0" t="H1>-5.0", ctx="{'H1': None}"
check iteration duration=0.000558137893677
GetData ===>> H2,-0.238475135244064,H1,-0.0444147745559896,AX,-0.0677013990678227,L1,-0.000818472802955401,L2,-...
check iteration duration=3.88622283936e-05
GetData ===>> H2,-0.20626428058481,H1,-0.122825331935083,AX,-0.086815905645895,L1,-0.0238440499383061,L2,0.0301...
check iteration duration=7.70092010498e-05
GetData ===>> H2,-0.225660671740305,H1,-0.0889383607902026,AX,-0.178253486249571,L1,-0.0262958718721823,L2,-0.0...
check iteration duration=3.88622283936e-05
GetData ===>> H2,-0.256057811248625,H1,0.0321262434951343,AX,-0.0491396949442889,L1,-0.0321988827995703,L2,-0.0...
check iteration duration=5.10215759277e-05
GetData ===>> H2,-0.263152196383412,H1,0.0303602620920219,AX,-0.187200989936705,L1,-0.0115113497588699,L2,-0.05...
testing H1>-5.0
evaluate ot="H1.bs>-5.0" t="H1>-5.0", ctx="{'H1': None}"
check iteration duration=0.000643014907837
GetData ===>> H2,-0.267412621636033,H1,-0.0275776712190588,AX,-0.131811162631505,L1,-0.0223422235735021,L2,-0.0...
check iteration duration=1.59740447998e-05
waiting for write to finish
measurement finished
estimated time: 62.915 actual time: :63.147
flush and close file /Users/jan/PychronDev/data/isotopes/9c/8f7168-c2d2-48a3-8927-495a71c6a939.h5
activate_detectors ('H1', 'AX', 'CDD') {'peak_center': True}
peak_center () {'detector': 'H1', 'integration_time': 0.262144, 'isotope': 'Ar40'}
peak center: mean=2.92239420207 threshold=3
Skipping peak center. intensities to small. 2.92239420207<3
finished measure script
executed snippet estimated_duration=226.132928, duration=228.330193043
jan_unknown120_60.py completed successfully
Measurement Finished
10:05:18 -- ******* Measurement Finished *******
Post Measurement Started jan_pump_ms.py
10:05:18 -- ******* Post Measurement Started jan_pump_ms.py *******
testing...
no interpolation path defined
executed snippet estimated_duration=0, duration=3.00407409668e-05
Pumping spectrometer
open () {'name': 'O'}
opening name=O desc=---
checking ownership. requestor=129.138.12.150
check software interlocks O
interlocks []
actuate state mode=None-script, software_lock=False
doing actuation None-script open_channel True
Open O ===>> OK
GetIndicatorState O ===>> OK
change switch state (True, True)
update switch state O True args=() kw={} ncanvase=2
10:05:18 -- OPEN   VALVE-O (Jan Ion Pump)
---------------------------------------- open O () result=[(True, True)], time=0.10 sec
action=open, ok=True, locked=[False]
executed snippet estimated_duration=0, duration=0.348836898804
jan_pump_ms.py completed successfully
setting _ms_pumptime
Post Measurement Finished
10:05:18 -- ******* Post Measurement Finished *******
$$$$$$$$$$$$$$$$$$$$ state at run end measurement
state changed from measurement to success
post measurement save measured=True aborted=False
Set filtering
setting fod for Ar40= {'filter_outliers': True, 'std_devs': 2, 'iterations': 1}
setting fod for H1= {'filter_outliers': True, 'std_devs': 2, 'iterations': 1}
setting fod for PM41= {'filter_outliers': False, 'std_devs': 2, 'iterations': 1}
setting fod for H2= {'filter_outliers': True, 'std_devs': 2, 'iterations': 1}
setting fod for Ar36= {'filter_outliers': True, 'std_devs': 2, 'iterations': 1}
setting fod for CDD= {'filter_outliers': True, 'std_devs': 10, 'iterations': 1}
setting fod for Ar37= {'filter_outliers': True, 'std_devs': 2, 'iterations': 1}
setting fod for L2= {'filter_outliers': True, 'std_devs': 2, 'iterations': 1}
setting fod for Ar38= {'filter_outliers': True, 'std_devs': 2, 'iterations': 1}
setting fod for L1= {'filter_outliers': True, 'std_devs': 2, 'iterations': 1}
setting fod for Ar39= {'filter_outliers': True, 'std_devs': 2, 'iterations': 1}
setting fod for AX= {'filter_outliers': True, 'std_devs': 2, 'iterations': 1}
persistence save...
persistence save - db
post measurement save
21553788016 connecting to database sqlite:////Users/jan/PychronDev/.appdata/local_lab.db
connected to db sqlite:////Users/jan/PychronDev/.appdata/local_lab.db
create new session 21553788016
close session 21553788016
No database instance. Not saving post measurement to isotopedb database
$$$$$$$$$$$$$$$ auto_save_detector_ic=False
massspec enabled True
create new session 5029868176
MassSpec Database Version: 16.0
close session 5029868176
saving post measurement to secondary database
saving to massspec database 129.138.12.160/massspecdata
setting labnumber to 65539
setting aliquot to 2
setting step to O
setting uuid to 9c8f7168-c2d2-48a3-8927-495a71c6a939
setting irradpos to 65539
setting extract_device to Fusions CO2
setting tray to 
setting position to 207
setting power_requested to 0.725
setting extract_value to 0.725
setting duration to 30.0
setting duration_at_request to 30.0
setting first_stage_delay to 30.0
setting cleanup to 30.0
setting comment to G:9
setting irradiation to NM-289
setting level to G
setting irradiation_level to G
setting sample to REE-1014
setting material to Kspar
setting project to REE
setting mass_spectrometer to Jan
no attribute chron_dosages
no attribute production_ratios
no attribute interference_corrections
no attribute production_name
no attribute j
Reference Isotope=Ar40
Reference Detector=H1
%%%%%%%%%%%%%%%%%%%% Comment: G:9 %%%%%%%%%%%%%%%%%%%
adding isotope PM41 H2
add baseline dbdet= PM41. original det= H2
get baseline data PM41 H2
Get data baseline <pychron.processing.isotope.Baseline object at 0x2229c3850> len t=60
baseline PM41. v=-0.194294289269, e=0.00757199381489
get signal data PM41 H2
Get data signal PM41 0.02+/-0.07 len t=120
adding isotope Ar40 H1
add baseline dbdet= Ar40. original det= H1
get baseline data Ar40 H1
Get data baseline <pychron.processing.isotope.Baseline object at 0x2229c3ed0> len t=60
baseline Ar40. v=-0.0351611896367, e=0.0041712256709
get signal data Ar40 H1
Get data signal Ar40 1.525+/-0.009 len t=120
adding isotope Ar39 AX
add baseline dbdet= Ar39. original det= AX
get baseline data Ar39 AX
Get data baseline <pychron.processing.isotope.Baseline object at 0x2229c3ad0> len t=60
baseline Ar39. v=-0.0963817011662, e=0.00636963472878
get signal data Ar39 AX
Get data signal Ar39 0.042+/-0.010 len t=120
adding isotope Ar38 L1
add baseline dbdet= Ar38. original det= L1
get baseline data Ar38 L1
Get data baseline <pychron.processing.isotope.Baseline object at 0x2229c30d0> len t=60
baseline Ar38. v=-0.0227073067472, e=0.00317590990935
get signal data Ar38 L1
Get data signal Ar38 0.004+/-0.005 len t=120
adding isotope Ar37 L2
add baseline dbdet= Ar37. original det= L2
get baseline data Ar37 L2
Get data baseline <pychron.processing.isotope.Baseline object at 0x4c047a190> len t=60
baseline Ar37. v=-0.0254141291184, e=0.00610222181288
get signal data Ar37 L2
Get data signal Ar37 0.044+/-0.011 len t=120
adding isotope Ar36 CDD
add baseline dbdet= Ar36. original det= CDD
get baseline data Ar36 CDD
Get data baseline <pychron.processing.isotope.Baseline object at 0x4c047a650> len t=60
baseline Ar36. v=7.44327056008e-06, e=4.22390945906e-06
get signal data Ar36 CDD
Get data signal Ar36 0.00486+/-0.00019 len t=120
65539-02O added analysis time 0.520426988602s
analysis added to mass spec database
mass spec save time= 0.535
persistence save - dvc
================= post measurement started
create new session 4984998608
close session 4984998608
---------------- Experiment Queue saving disabled
DVC saving peakcenter
Smart pull ahead: 0 behind: 0
Up-to-date with origin
add to repo msg=modified - ad8224ebc6dbfeb9f5997218dfa5fe690569839d.json
add to repo msg=modified - 39-02O.json
add to repo msg=modified - 39-02O.dat.json
add to repo msg=modified - 39-02O.blan.json
add to repo msg=modified - 39-02O.inte.json
add to repo msg=modified - 39-02O.icfa.json
add to repo msg=modified - 39-02O.base.json
not at valid file /Users/jan/PychronDev/data/.dvc/repositories/REEFenite/655/tags/39-02O.tags.json
add to repo msg=modified - 39-02O.peak.json
add to repo msg=modified - 39-02O.extr.json
not at valid file /Users/jan/PychronDev/data/.dvc/repositories/REEFenite/655/monitor/39-02O.moni.json
commit message=<COLLECTION>
add to repo msg=modified - 39-02O.inte.json
add to repo msg=modified - 39-02O.base.json
commit message=<ISOEVO> default collection fits
add to repo msg=modified - 39-02O.blan.json
commit message=<BLANKS> preceding bu-FC-J-7847
add to repo msg=modified - 39-02O.icfa.json
commit message=<ICFactor> default
push repository <pychron.git_archive.repo_manager.GitRepoManager object at 0x474618b30>
pushing to remote=origin, url=https://github.com
no changes to meta repo
create new session 4984998608
add association REEFenite
get identifier "65539"
setting analysis irradiation position=<pychron.dvc.dvc_orm.IrradiationPositionTbl object at 0x484523990>
close session 4984998608
================= post measurement finished
10:05:37 -- ******* Post Run Check *******
loading queue conditionals post_run_actions
loading system conditionals post_run_actions
loading conditionals from /Users/jan/PychronDev/setupfiles/spectrometer/default_conditionals.yaml
loading queue conditionals post_run_terminations
loading system conditionals post_run_terminations
loading conditionals from /Users/jan/PychronDev/setupfiles/spectrometer/default_conditionals.yaml
Checking default post run terminations n=1
GetDeflection CDD ===>> 50
testing CDD==2000
evaluate ot="CDD.deflection==2000" t="CDD==2000", ctx="{'CDD': 50.0}"
10:05:37 -- ******* Post Run Check Passed *******
10:05:37 -- Automated run 65539-02O success duration: 323.039 s
----------------- finish -----------------
----------------- stop -----------------
retroactive repository identifiers disabled
finish run. runs completed=8
update duration runid=65539-02O, duration=323.03875494, md5=3be28e4d
loading script "jan_unknown120_60.py"
loading script "jan_pump_ms.py"
loading script "jan_co2.py"
loading script "jan_pump_extraction_line.py"
testing...
no interpolation path defined
executed snippet estimated_duration=213.652928, duration=0.000235795974731
script duration name:unknown120_60 seconds:214.0
loading script "jan_unknown120_60.py"
loading script "jan_pump_ms.py"
loading script "jan_co2.py"
loading script "jan_pump_extraction_line.py"
testing...
no interpolation path defined
executed snippet estimated_duration=0, duration=3.09944152832e-05
loading script "jan_unknown120_60.py"
loading script "jan_pump_ms.py"
loading script "jan_co2.py"
loading script "jan_pump_extraction_line.py"
testing...
no interpolation path defined
calculate duration
testing...
no interpolation path defined
executed snippet estimated_duration=0, duration=7.20024108887e-05
calculate duration
testing...
no interpolation path defined
executed snippet estimated_duration=0, duration=0.000134944915771
executed snippet estimated_duration=0.0, duration=0.00396203994751
script duration name:co2 seconds:0.0
loading script "jan_unknown120_60.py"
loading script "jan_pump_ms.py"
loading script "jan_co2.py"
loading script "jan_pump_extraction_line.py"
testing...
no interpolation path defined
calculate duration
testing...
no interpolation path defined
executed snippet estimated_duration=4.0, duration=0.000164031982422
executed snippet estimated_duration=4.0, duration=0.00172996520996
Script duration 214.0
Run total estimated duration= 215.000
unknown120_60 in script context. using previous estimated duration
script duration name:unknown120_60 seconds:214.0
pump_ms in script context. using previous estimated duration
co2 in script context. using previous estimated duration
script duration name:co2 seconds:0.0
pump_extraction_line in script context. using previous estimated duration
Script duration 214.0
Run total estimated duration= 215.000
script duration name:unknown120_60 seconds:214.0
script duration name:co2 seconds:0.0
Script duration 214.0
Run total estimated duration= 215.000
script duration name:unknown120_60 seconds:214.0
script duration name:co2 seconds:0.0
Script duration 214.0
Run total estimated duration= 215.000
script duration name:unknown120_60 seconds:214.0
script duration name:co2 seconds:0.0
Script duration 214.0
Run total estimated duration= 215.000
script duration name:unknown120_60 seconds:214.0
script duration name:co2 seconds:0.0
Script duration 214.0
Run total estimated duration= 215.000
script duration name:unknown120_60 seconds:214.0
script duration name:co2 seconds:0.0
Script duration 214.0
Run total estimated duration= 215.000
script duration name:unknown120_60 seconds:214.0
script duration name:co2 seconds:0.0
Script duration 214.0
Run total estimated duration= 215.000
script duration name:unknown120_60 seconds:214.0
script duration name:co2 seconds:0.0
Script duration 214.0
Run total estimated duration= 215.000
script duration name:unknown120_60 seconds:214.0
script duration name:co2 seconds:0.0
Script duration 214.0
Run total estimated duration= 215.000
script duration name:unknown120_60 seconds:214.0
script duration name:co2 seconds:0.0
Script duration 214.0
Run total estimated duration= 215.000
script duration name:unknown120_60 seconds:214.0
script duration name:co2 seconds:0.0
Script duration 214.0
Run total estimated duration= 215.000
script duration name:unknown120_60 seconds:214.0
script duration name:co2 seconds:0.0
Script duration 214.0
Run total estimated duration= 215.000
script duration name:unknown120_60 seconds:214.0
script duration name:co2 seconds:0.0
Script duration 214.0
Run total estimated duration= 215.000
script duration name:unknown120_60 seconds:214.0
script duration name:co2 seconds:0.0
Script duration 214.0
Run total estimated duration= 215.000
script duration name:unknown120_60 seconds:214.0
script duration name:co2 seconds:0.0
Script duration 214.0
Run total estimated duration= 215.000
loading script "jan_unknown400_120.py"
loading script "jan_pump_ms.py"
loading script "jan_sniffair_x2.py"
loading script "jan_pump_extraction_line.py"
testing...
no interpolation path defined
executed snippet estimated_duration=556.052928, duration=0.00029182434082
script duration name:unknown400_120 seconds:556.0
loading script "jan_unknown400_120.py"
loading script "jan_pump_ms.py"
loading script "jan_sniffair_x2.py"
loading script "jan_pump_extraction_line.py"
testing...
no interpolation path defined
calculate duration
testing...
no interpolation path defined
executed snippet estimated_duration=0, duration=5.07831573486e-05
calculate duration
testing...
no interpolation path defined
executed snippet estimated_duration=0, duration=9.60826873779e-05
calculate duration
testing...
no interpolation path defined
executed snippet estimated_duration=32.0, duration=8.9168548584e-05
calculate duration
testing...
no interpolation path defined
executed snippet estimated_duration=34.0, duration=0.000101089477539
calculate duration
testing...
no interpolation path defined
executed snippet estimated_duration=4.0, duration=6.38961791992e-05
calculate duration
testing...
no interpolation path defined
executed snippet estimated_duration=36.0, duration=8.58306884766e-05
calculate duration
testing...
no interpolation path defined
executed snippet estimated_duration=34.0, duration=9.98973846436e-05
calculate duration
testing...
no interpolation path defined
executed snippet estimated_duration=4.0, duration=6.29425048828e-05
calculate duration
testing...
no interpolation path defined
executed snippet estimated_duration=36.0, duration=9.01222229004e-05
calculate duration
testing...
no interpolation path defined
executed snippet estimated_duration=70.0, duration=0.000126123428345
executed snippet estimated_duration=250.0, duration=0.0218188762665
script duration name:sniffair_x2 seconds:250.0
Script duration 806.0
Run total estimated duration= 807.000
unknown400_120 in script context. using previous estimated duration
script duration name:unknown400_120 seconds:556.0
sniffair_x2 in script context. using previous estimated duration
script duration name:sniffair_x2 seconds:250.0
Script duration 806.0
Run total estimated duration= 807.000
script duration name:unknown400_120 seconds:556.0
script duration name:sniffair_x2 seconds:250.0
Script duration 806.0
Run total estimated duration= 807.000
script duration name:unknown400_120 seconds:556.0
loading script "jan_unknown400_120.py"
loading script "jan_pump_ms.py"
loading script "jan_cocktail_x1.py"
loading script "jan_pump_extraction_line.py"
testing...
no interpolation path defined
calculate duration
testing...
no interpolation path defined
executed snippet estimated_duration=0, duration=5.98430633545e-05
calculate duration
testing...
no interpolation path defined
executed snippet estimated_duration=0, duration=0.000112056732178
calculate duration
testing...
no interpolation path defined
executed snippet estimated_duration=32.0, duration=9.3936920166e-05
calculate duration
testing...
no interpolation path defined
executed snippet estimated_duration=34.0, duration=0.0001380443573
calculate duration
testing...
no interpolation path defined
executed snippet estimated_duration=4.0, duration=9.01222229004e-05
calculate duration
testing...
no interpolation path defined
executed snippet estimated_duration=38.0, duration=0.000151872634888
executed snippet estimated_duration=108.0, duration=0.0116949081421
script duration name:cocktail_x1 seconds:108.0
Script duration 664.0
Run total estimated duration= 665.000
script duration name:unknown400_120 seconds:556.0
cocktail_x1 in script context. using previous estimated duration
script duration name:cocktail_x1 seconds:108.0
Script duration 664.0
Run total estimated duration= 665.000
script duration name:unknown400_120 seconds:556.0
script duration name:cocktail_x1 seconds:108.0
Script duration 664.0
Run total estimated duration= 665.000
nruns=22 before=5.0, run_dur=7856.0, btw=630.0
write rem/ex queues
/Users/jan/PychronDev/experiments/rem/Load1796.rem.txt
/Users/jan/PychronDev/experiments/rem/Load1796.ex.txt
doing event level: 3
