do run
loading script "jan_unknown120_60.py"
loading script "jan_pump_ms.py"
loading script "jan_co2.py"
loading script "jan_pump_extraction_line.py"
testing...
no interpolation path defined
executed snippet estimated_duration=213.652928, duration=0.000334978103638
script duration name:unknown120_60 seconds:214.0
loading script "jan_unknown120_60.py"
loading script "jan_pump_ms.py"
loading script "jan_co2.py"
loading script "jan_pump_extraction_line.py"
testing...
no interpolation path defined
executed snippet estimated_duration=0, duration=3.31401824951e-05
loading script "jan_unknown120_60.py"
loading script "jan_pump_ms.py"
loading script "jan_co2.py"
loading script "jan_pump_extraction_line.py"
testing...
no interpolation path defined
calculate duration
testing...
no interpolation path defined
executed snippet estimated_duration=0, duration=6.29425048828e-05
calculate duration
testing...
no interpolation path defined
executed snippet estimated_duration=0, duration=0.000102043151855
executed snippet estimated_duration=0.0, duration=0.00205302238464
script duration name:co2 seconds:0.0
loading script "jan_unknown120_60.py"
loading script "jan_pump_ms.py"
loading script "jan_co2.py"
loading script "jan_pump_extraction_line.py"
testing...
no interpolation path defined
calculate duration
testing...
no interpolation path defined
executed snippet estimated_duration=4.0, duration=0.000112056732178
executed snippet estimated_duration=4.0, duration=0.00090217590332
Script duration 214.0
Run total estimated duration= 215.000
run duration: 0:03:35
doing event level: 2
09:47:32 -- Setting default integration. t=1.048576
setting integration time = 1.048576
SetIntegrationTime 1.048576 ===>> OK
----------------- start -----------------
**************** Experiment Type: Ar/Ar, Ar/Ar
create new session 5008610224
close session 5008610224
$$$$$ Clearing conditionals
adding conditionals 
Add queue conditionals
add default conditionals
adding default conditionals from /Users/jan/PychronDev/setupfiles/spectrometer/default_conditionals.yaml
Start automated run 65539-02M
loading script "jan_unknown120_60.py"
loading script "jan_pump_ms.py"
loading script "jan_co2.py"
loading script "jan_pump_extraction_line.py"
%%%%%%%%%%%%%%%%%% setting automated run 65539-02M
No value "sensitivity_multiplier" in metadata
$$$$$$$$$$$$$$$ auto_save_detector_ic=False
============================= Pre Extraction Check =============================
loading queue conditionals pre_run_terminations
loading system conditionals pre_run_terminations
loading conditionals from /Users/jan/PychronDev/setupfiles/spectrometer/default_conditionals.yaml
09:47:32 -- ******* Pre Extraction Check *******
Get a measurement from the spectrometer
GetData ===>> H2,-0.305707289594277,H1,-0.0625961418988517,AX,-0.0237898882144244,L1,-0.0323222245124992,L2,0.0...
Pre Extraction Termination data. keys=H2,H1,AX,L1,L2,CDD, signals=-0.30571,-0.06260,-0.02379,-0.03232,0.06501,0.00253
09:47:32 -- testing system defined conditionals
Checking default pre extraction terminations n=2
testing CDD
evaluate ot="CDD.inactive" t="CDD", ctx="{'CDD': False}"
GetDeflection CDD ===>> 50
testing CDD==2000
evaluate ot="CDD.deflection==2000" t="CDD==2000", ctx="{'CDD': 50.0}"
09:47:32 -- ******* Pre Extraction Check Passed *******
=================================================================================
09:47:32 -- stopping status monitor
stop 5029607760
Alive clients [4985296944]
09:47:32 -- starting status monitor
start 5029607760
Monitor already running
start extraction
do extraction
Analysis started at 09:47:32.599893
Extraction Started jan_co2.py
09:47:32 -- ******* Extraction Started jan_co2.py *******
state changed from not run to extraction
DO EXTRACTION <pychron.extraction_line.pyscript_runner.RemotePyScriptRunner object at 0x12cba05f0>
testing...
no interpolation path defined
calculate duration
testing...
no interpolation path defined
executed snippet estimated_duration=0, duration=5.50746917725e-05
calculate duration
testing...
no interpolation path defined
executed snippet estimated_duration=0, duration=0.000114917755127
executed snippet estimated_duration=100.0, duration=0.00279808044434
Jan CO2 laser analysis
doing GOSUB
testing...
no interpolation path defined
executed snippet estimated_duration=0, duration=5.19752502441e-05
Waiting for CO2 access
wait ('FelixCO2Flag', 0) {}
waiting for FelixCO2Flag = 0
Read FelixCO2Flag ===>> 0
finished waiting
CO2 free
wait ('CO2PumpTimeFlag', 0) {}
waiting for CO2PumpTimeFlag = 0
Read CO2PumpTimeFlag ===>> 0
finished waiting
acquire ('JanCO2Flag',) {'clear': True}
acquire JanCO2Flag
Set JanCO2Flag 1 ===>> OK
JanCO2Flag acquired
set extraction state False (0.75, 'red', 1.5)
CO2 acquired
executed snippet estimated_duration=0, duration=0.0158071517944
WaitForCO2Access.py completed successfully
gosub finished
doing GOSUB
testing...
no interpolation path defined
executed snippet estimated_duration=0, duration=0.000102996826172
Prepare for CO2 analysis
close () {'description': 'Jan Inlet'}
closing name=--- desc=Jan Inlet
checking ownership. requestor=129.138.12.150
check software interlocks R
interlocks []
actuate state mode=None-script, software_lock=False
doing actuation None-script close_channel False
Close R ===>> OK
GetIndicatorState R ===>> False
change switch state (True, True)
update switch state R False args=() kw={} ncanvase=2
09:47:33 -- CLOSE  VALVE-R (Jan Inlet)
---------------------------------------- close None (Jan Inlet) result=[(True, True)]
action=close, ok=True, locked=[False]
open () {'description': 'Jan Ion Pump'}
opening name=--- desc=Jan Ion Pump
checking ownership. requestor=129.138.12.150
check software interlocks O
interlocks []
actuate state mode=None-script, software_lock=False
doing actuation None-script open_channel False
Open O ===>> OK
GetIndicatorState O ===>> OK
change switch state (True, True)
update switch state O True args=() kw={} ncanvase=2
09:47:33 -- OPEN   VALVE-O (Jan Ion Pump)
---------------------------------------- open None (Jan Ion Pump) result=[(True, True)], time=0.09 sec
action=open, ok=True, locked=[False]
close () {'description': 'Microbone to Minibone'}
closing name=--- desc=Microbone to Minibone
checking ownership. requestor=129.138.12.150
check software interlocks L
interlocks []
actuate state mode=None-script, software_lock=False
doing actuation None-script close_channel False
Close L ===>> OK
GetIndicatorState L ===>> False
change switch state (True, True)
update switch state L False args=() kw={} ncanvase=2
09:47:34 -- CLOSE  VALVE-L (Microbone to Minibone)
---------------------------------------- close None (Microbone to Minibone) result=[(True, True)]
action=close, ok=True, locked=[False]
open () {'description': 'Microbone to Turbo'}
opening name=--- desc=Microbone to Turbo
checking ownership. requestor=129.138.12.150
check software interlocks U
interlocks []
actuate state mode=None-script, software_lock=False
doing actuation None-script open_channel False
Open U ===>> OK
GetIndicatorState U ===>> OK
change switch state (True, True)
update switch state U True args=() kw={} ncanvase=2
09:47:34 -- OPEN   VALVE-U (Microbone to Turbo)
---------------------------------------- open None (Microbone to Turbo) result=[(True, True)], time=0.13 sec
action=open, ok=True, locked=[False]
open () {'description': 'Microbone to Inlet Pipette'}
opening name=--- desc=Microbone to Inlet Pipette
checking ownership. requestor=129.138.12.150
check software interlocks S
interlocks []
actuate state mode=None-script, software_lock=False
doing actuation None-script open_channel False
Open S ===>> OK
GetIndicatorState S ===>> OK
change switch state (True, True)
update switch state S True args=() kw={} ncanvase=2
09:47:35 -- OPEN   VALVE-S (Microbone to Inlet Pipette)
---------------------------------------- open None (Microbone to Inlet Pipette) result=[(True, True)], time=0.43 sec
action=open, ok=True, locked=[False]
open () {'description': 'Microbone to Getter D-50'}
opening name=--- desc=Microbone to Getter D-50
checking ownership. requestor=129.138.12.150
check software interlocks K
interlocks []
actuate state mode=None-script, software_lock=False
doing actuation None-script open_channel False
Open K ===>> OK
GetIndicatorState K ===>> OK
change switch state (True, True)
update switch state K True args=() kw={} ncanvase=2
09:47:35 -- OPEN   VALVE-K (Microbone to Getter D-50)
---------------------------------------- open None (Microbone to Getter D-50) result=[(True, True)], time=0.45 sec
action=open, ok=True, locked=[False]
open () {'description': 'Microbone to Getter NP-10'}
opening name=--- desc=Microbone to Getter NP-10
checking ownership. requestor=129.138.12.150
check software interlocks M
interlocks []
actuate state mode=None-script, software_lock=False
doing actuation None-script open_channel False
Open M ===>> OK
GetIndicatorState M ===>> OK
change switch state (True, True)
update switch state M True args=() kw={} ncanvase=2
09:47:36 -- OPEN   VALVE-M (Microbone to Getter NP-10)
---------------------------------------- open None (Microbone to Getter NP-10) result=[(True, True)], time=0.14 sec
action=open, ok=True, locked=[False]
close () {'description': 'CO2 Laser to Felix'}
closing name=--- desc=CO2 Laser to Felix
checking ownership. requestor=129.138.12.150
check software interlocks F
interlocks []
actuate state mode=None-script, software_lock=True
VALVE-F(CO2 Laser to Felix) software locked
change switch state (True, False)
---------------------------------------- close None (CO2 Laser to Felix) result=[(True, False)]
action=close, ok=True, locked=[True]
open () {'description': 'CO2 Laser to Jan'}
opening name=--- desc=CO2 Laser to Jan
checking ownership. requestor=129.138.12.150
check software interlocks A
interlocks []
actuate state mode=None-script, software_lock=False
doing actuation None-script open_channel False
Open A ===>> OK
GetIndicatorState A ===>> OK
change switch state (True, True)
update switch state A True args=() kw={} ncanvase=2
09:47:36 -- OPEN   VALVE-A (CO2 Laser to Jan)
---------------------------------------- open None (CO2 Laser to Jan) result=[(True, True)], time=0.12 sec
action=open, ok=True, locked=[False]
open () {'description': 'Microbone to CO2 Laser'}
opening name=--- desc=Microbone to CO2 Laser
checking ownership. requestor=129.138.12.150
check software interlocks T
interlocks []
actuate state mode=None-script, software_lock=False
doing actuation None-script open_channel False
Open T ===>> OK
GetIndicatorState T ===>> OK
change switch state (True, True)
update switch state T True args=() kw={} ncanvase=2
09:47:37 -- OPEN   VALVE-T (Microbone to CO2 Laser)
---------------------------------------- open None (Microbone to CO2 Laser) result=[(True, True)], time=0.40 sec
action=open, ok=True, locked=[False]
executed snippet estimated_duration=0, duration=4.92193603516
PrepareForCO2Analysis.py completed successfully
gosub finished
set_motor ('beam', '1.5') {}
setting motor "beam" to 1.5
set motor beam to 1.5
SetMotor beam,1.5 ===>> OK
GetMotorMoving beam ===>> False
GetMotorMoving beam ===>> False
Block completed
move_to_position ('207',) {'autocenter': True}
FusionsCO2 move to position 207
sending GoToHole 207,True
GoToHole 207,True ===>> OK
GetDriveMoving ===>> False
GetDriveMoving ===>> OK
GetDriveMoving ===>> OK
GetDriveMoving ===>> OK
GetDriveMoving ===>> False
Block completed
GetAutoCorrecting ===>> False
GetAutoCorrecting ===>> False
Block completed
update position
GetPosition ===>> 9.96950,-11.96340,1.00000
got position (9.9695, -11.9634, 1.0)
move to position succeeded
sleep (5,) {}
SLEEP 5.0
block started
WaitControl setup for 5.0  
Join finished
block finished. duration 5.0237300396
close () {'description': 'Microbone to Turbo'}
closing name=--- desc=Microbone to Turbo
checking ownership. requestor=129.138.12.150
check software interlocks U
interlocks []
actuate state mode=None-script, software_lock=False
doing actuation None-script close_channel True
Close U ===>> OK
GetIndicatorState U ===>> False
change switch state (True, True)
update switch state U False args=() kw={} ncanvase=2
09:47:46 -- CLOSE  VALVE-U (Microbone to Turbo)
---------------------------------------- close None (Microbone to Turbo) result=[(True, True)]
action=close, ok=True, locked=[False]
enable laser
enable () {}
set extraction state FusionsCO2 Enabled (False, 'red', 1.5)
enabling laser
Enable ===>> OK
begin interval
BEGIN INTERVAL Interval 1 waiting for 30.0
block started
set extract to 0.675
WaitControl setup for 30.0  
extract (0.675,) {}
GetPosition ===>> 9.96950,-11.96340,1.00000
set extraction state FusionsCO2 ON! 0.675(watts) (0.75, 'red', 1.5)
extract sample to 0.675 (watts)
set laser output
SetLaserOutput 0.675,watts ===>> OK
COMPLETE INTERVAL waiting for Interval 1 to complete
Join finished
block finished. duration 30.0872070789
Interval 1 finished
end_extract () {}
ending extraction. set laser power to 0
set laser power 0
SetLaserPower 0 ===>> OK
disable () {}
%%%%%%%%%%%%%%%%%%%%%%%%%%%%%%%%%%% disable
set extraction state False (0.75, 'red', 1.5)
disabling laser
Disable ===>> OK
sleep (30.0,) {}
SLEEP 30.0
block started
WaitControl setup for 30.0  
Join finished
block finished. duration 30.0921800137
executed snippet estimated_duration=195.0, duration=74.9877669811
jan_co2.py completed successfully
GetAchievedOutput ===>> No Response
Requested Output= 0.000
Achieved Output=  0.000
GetResponseBlob ===>> No Response
GetOutputBlob ===>> No Response
persistence save...
persistence save - db
AutomatedRunPersister post_extraction_save deprecated
persistence save - dvc
no extraction position for 207
create new session 4984998608
close session 4984998608
Extraction Finished
09:48:47 -- ******* Extraction Finished *******
no overlap. not waiting for min ms pumptime
09:48:47 -- Sending spectrometer configuration
======== Sending configuration ========
SetDeflection CDD,50.0 ===>> OK
SetDeflection H2,0.0 ===>> OK
SetDeflection H1,0.0 ===>> OK
SetDeflection L2,825.0 ===>> OK
SetDeflection L1,400.0 ===>> OK
SetDeflection AX,190.0 ===>> OK
SetZFocus 74.64 ===>> OK
SetZSymmetry -50.72 ===>> OK
SetExtractionLens 26.13 ===>> OK
SetIonRepeller -3.81 ===>> OK
SetElectronEnergy 75.08 ===>> OK
SetYSymmetry -2.81 ===>> OK
SetIonCounterVoltage 1590.0 ===>> OK
send trap current 200.0
GetParameter Trap Current Readback ===>> 198.370811206739
SetParameter Trap Current Set,200.0 ===>> OK
updating mftable name mftable
Using mftable located at /Users/jan/PychronDev/setupfiles/spectrometer/mftables/mftable.csv
============ MFtable ===========
Isotope  H2     H1     AX     L1     L2     CDD    
Ar40     5.8261 5.8796 5.9928 6.1660 6.2312 6.3943
Ar39     5.7254 5.7719 5.8852 6.0521 6.1163 6.2808
Ar36     5.4029 5.4409 5.5486 5.7110 5.7713 5.9319
================================
get initial guess parabolic
get initial guess parabolic
get initial guess parabolic
get initial guess parabolic
get initial guess parabolic
get initial guess parabolic
======== Configuration Finished ========
GetYSymmetry ===>> -2.81
GetZSymmetry ===>> -50.72
GetParameter Trap Current Readback ===>> 198.258926936459
GetHighVoltage ===>> 4500
start measurement
do measurement
L#=65539 analysis type=unknown
Measurement Started jan_unknown120_60.py
09:48:48 -- ******* Measurement Started jan_unknown120_60.py *******
state changed from extraction to measurement
setting spec, defl, and gains
GetExtractionLens ===>> 26.13
GetYSymmetry ===>> -2.81
GetZSymmetry ===>> -50.72
GetZFocus ===>> 74.64
GetDeflection H2 ===>> 0
GetDeflection H1 ===>> 0
GetDeflection AX ===>> 190
GetDeflection L1 ===>> 400
GetDeflection L2 ===>> 825
GetDeflection CDD ===>> 50
GetGain H2 ===>> 0.0113
GetGain H1 ===>> 0.1
GetGain AX ===>> 0.097049
GetGain L1 ===>> 0.010355
GetGain L2 ===>> 0.095649
GetGain CDD ===>> 0
pre measurement save
New frame /Users/jan/PychronDev/data/isotopes/ca/967e9f-8c47-40e0-932a-fbccfc916efd.h5
flush and close file /Users/jan/PychronDev/data/isotopes/ca/967e9f-8c47-40e0-932a-fbccfc916efd.h5
testing...
no interpolation path defined
executed snippet estimated_duration=226.132928, duration=0.000124931335449
unknown measurement script
activate_detectors ('H2', 'H1', 'AX', 'L1', 'L2', 'CDD') {}
activate detectors
*************** Set Analysis View Ar/Ar
create graphs
clearing graphs
clear isotope group
setting isotope det=H2, iso=PM41
setting isotope det=H1, iso=Ar40
setting isotope det=AX, iso=Ar39
setting isotope det=L1, iso=Ar38
setting isotope det=L2, iso=Ar37
setting isotope det=CDD, iso=Ar36
setting previous blanks
 - setting Ar40 blank 0.415+/-0.007
 - setting Ar36 blank 0.00485+/-0.00017
 - setting Ar37 blank 0.057+/-0.005
 - setting Ar38 blank 0.0077+/-0.0022
 - setting PM41 blank 0.01+/-0.07
 - setting Ar39 blank 0.021+/-0.009
load analysis view
position_magnet ('Ar40',) {'detector': 'H1'}
detector Detector(H1)
POSITION Ar40 H1
setting detector H2 to PM41 (40.9624)
setting detector H1 to Ar40 (39.9624)
setting detector AX to Ar39 (38.9624)
setting detector L1 to Ar38 (37.9624)
setting detector L2 to Ar37 (36.9624)
setting detector CDD to Ar36 (35.9624)
Mapping mass to dac mass func: "parabolic"
H1 map mass coeffs = [-0.00063987  0.15840543  0.57122999]
H1 map mass to dac 39.9624 >> 5.87962
GetDeflection H1 ===>> 0
GetHighVoltage ===>> 4500
positioning Ar40 (5.87962) on H1
setting magnet DAC
current  : 5.879620
requested: 5.879620
Delta Dac: 0.000000
Checking detector protection. dv=0.00000
Checking detector "CDD". Protection Threshold: 0.1 (V)
SetMagnetDAC 5.87962 ===>> OK
Magnet settling time: 0.500
equilibrate () {'delay': 3, 'inlet': 'R', 'outlet': 'O', 'eqtime': 12.0}
Equilibration Started
09:48:49 -- ******* Equilibration Started *******
checking ownership. requestor=129.138.12.150
check software interlocks O
interlocks []
actuate state mode=None-script, software_lock=False
doing actuation None-script close_channel True
Close O ===>> OK
GetIndicatorState O ===>> False
change switch state (True, True)
update switch state O False args=() kw={} ncanvase=2
09:48:49 -- CLOSE  VALVE-O (Jan Ion Pump)
waiting 3s before opening inlet value ('R',)
update labels <pychron.experiment.plot_panel.PlotPanel object at 0x26311d9b0>
update labels "<pychron.graph.stacked_regression_graph.StackedRegressionGraph object at 0x277c4b350>"
setting label 0 H2 PM41
setting label 1 H1 Ar40
setting label 2 AX Ar39
setting label 3 L1 Ar38
setting label 4 L2 Ar37
setting label 5 CDD Ar36
update labels "<pychron.graph.stacked_graph.StackedGraph object at 0x278995cb0>"
setting label 0 H2 PM41
setting label 1 H1 Ar40
setting label 2 AX Ar39
setting label 3 L1 Ar38
setting label 4 L2 Ar37
setting label 5 CDD Ar36
checking ownership. requestor=129.138.12.150
check software interlocks R
interlocks []
actuate state mode=None-script, software_lock=False
doing actuation None-script open_channel True
Open R ===>> OK
State checksums do not match. Local:1076709024 Remote:-612364762
State checksum failed
GetIndicatorState R ===>> OK
change switch state (True, True)
update switch state R True args=() kw={} ncanvase=2
09:48:53 -- OPEN   VALVE-R (Jan Inlet)
equilibrating for 12.0sec
set_time_zero () {}
sniff (12.0,) {}
py_sniff
build tables- sniff [Detector(H2), Detector(H1), Detector(AX), Detector(L1), Detector(L2), Detector(CDD)]
add group /sniff/PM41 (Group) '' table H2
add group /sniff/Ar40 (Group) '' table H1
add group /sniff/Ar39 (Group) '' table AX
add group /sniff/Ar38 (Group) '' table L1
add group /sniff/Ar37 (Group) '' table L2
add group /sniff/Ar36 (Group) '' table CDD
flush and close file /Users/jan/PychronDev/data/isotopes/ca/967e9f-8c47-40e0-932a-fbccfc916efd.h5
measuring sniff. ncounts=12.0
"sniff" increment series count="1" fit count="0" regressing="False"
starting measurement
check iteration duration=2.19345092773e-05
GetData ===>> H2,-0.153869976070492,H1,0.505781977626208,AX,0.0654482783591629,L1,-0.00147848554880004,L2,0.100...
check iteration duration=1.59740447998e-05
GetData ===>> H2,0.95586895089683,H1,14.4648144041806,AX,1.43867964528223,L1,0.152881950269677,L2,0.36575224843...
check iteration duration=4.31537628174e-05
GetData ===>> H2,0.62202570492488,H1,25.1136260953019,AX,0.824119341505513,L1,0.210002771251067,L2,0.1146311000...
check iteration duration=3.79085540771e-05
GetData ===>> H2,0.156480876236744,H1,28.5759788081951,AX,0.436811426536197,L1,0.138093276734125,L2,0.095206727...
check iteration duration=1.90734863281e-05
GetData ===>> H2,0.0315187086559096,H1,29.6704881841137,AX,0.27679346940384,L1,0.0823986318332084,L2,-0.0064736...
check iteration duration=1.62124633789e-05
GetData ===>> H2,-0.0188294836810889,H1,30.1024005879575,AX,0.349370478795765,L1,0.0708731449854388,L2,0.053355...
check iteration duration=2.00271606445e-05
GetData ===>> H2,-0.0439698565046865,H1,30.2828319839253,AX,0.280323494959937,L1,0.0484321373336052,L2,0.018146...
check iteration duration=4.29153442383e-05
GetData ===>> H2,-0.115788680360569,H1,30.4652261210259,AX,0.370754290985347,L1,0.0469220326341655,L2,0.0134045...
check iteration duration=1.78813934326e-05
GetData ===>> H2,-0.0594550233636178,H1,30.515764077639,AX,0.358725319671799,L1,0.0214744385357108,L2,0.0358066...
check iteration duration=4.38690185547e-05
GetData ===>> H2,-0.0605601889988355,H1,30.4980725867176,AX,0.268038628765822,L1,-0.0182575121794927,L2,-0.0917...
check iteration duration=3.09944152832e-05
GetData ===>> H2,-0.0960081461133416,H1,30.5173450344527,AX,0.213940565146502,L1,0.00466970811410886,L2,0.00519...
check iteration duration=1.59740447998e-05
GetData ===>> H2,-0.124279762434106,H1,30.5713992941804,AX,0.294758449225902,L1,0.00700743832025741,L2,0.070908...
Equilibration Finished
09:49:05 -- ******* Equilibration Finished *******
checking ownership. requestor=129.138.12.150
check software interlocks R
interlocks []
actuate state mode=None-script, software_lock=False
doing actuation None-script close_channel True
Close R ===>> OK
GetIndicatorState R ===>> False
change switch state (True, True)
update switch state R False args=() kw={} ncanvase=2
09:49:06 -- CLOSE  VALVE-R (Jan Inlet)
Post Equilibration Started jan_pump_extraction_line.py
09:49:06 -- ******* Post Equilibration Started jan_pump_extraction_line.py *******
testing...
no interpolation path defined
calculate duration
testing...
no interpolation path defined
executed snippet estimated_duration=4.0, duration=0.000173091888428
executed snippet estimated_duration=4.0, duration=0.0012469291687
Pump after analysis
doing GOSUB
testing...
no interpolation path defined
executed snippet estimated_duration=4.0, duration=0.000164031982422
Pump Microbone
close () {'description': 'Jan Inlet'}
closing name=--- desc=Jan Inlet
checking ownership. requestor=129.138.12.150
check software interlocks R
interlocks []
actuate state mode=None-script, software_lock=False
doing actuation None-script close_channel False
check iteration duration=4.29153442383e-05
waiting for write to finish
measurement finished
estimated time: 12.583 actual time: :12.699
flush and close file /Users/jan/PychronDev/data/isotopes/ca/967e9f-8c47-40e0-932a-fbccfc916efd.h5
set_fits () {}
using default fits file=/Users/jan/PychronDev/scripts/measurement/fits/nominal_linear.yaml
set "Ar40" to "('Linear', 'SEM')"
No fit for "PM41". defaulting to linear. check the measurement script "jan_unknown120_60.py"
set "PM41" to "linear"
set "Ar36" to "('Linear', 'SEM')"
set "Ar37" to "('linear', 'SEM')"
set "Ar38" to "('linear', 'SEM')"
set "Ar39" to "('Linear', 'SEM')"
set_baseline_fits () {}
using default fits file=/Users/jan/PychronDev/scripts/measurement/fits/nominal_linear.yaml
Close R ===>> OK
set "H1" to "('average', 'SEM')"
set "H2" to "('average', 'SEM')"
set "CDD" to "('average', 'SEM')"
set "L2" to "('average', 'SEM')"
set "L1" to "('average', 'SEM')"
set "AX" to "('average', 'SEM')"
multicollect () {'integration_time': 1, 'ncounts': 120}
build tables- signal [Detector(H2), Detector(H1), Detector(AX), Detector(L1), Detector(L2), Detector(CDD)]
add group /signal/PM41 (Group) '' table H2
add group /signal/Ar40 (Group) '' table H1
add group /signal/Ar39 (Group) '' table AX
add group /signal/Ar38 (Group) '' table L1
add group /signal/Ar37 (Group) '' table L2
add group /signal/Ar36 (Group) '' table CDD
flush and close file /Users/jan/PychronDev/data/isotopes/ca/967e9f-8c47-40e0-932a-fbccfc916efd.h5
measuring signal. ncounts=120
GetIndicatorState R ===>> False
change switch state (True, True)
update switch state R False args=() kw={} ncanvase=2
09:49:06 -- CLOSE  VALVE-R (Jan Inlet)
---------------------------------------- close None (Jan Inlet) result=[(True, True)]
action=close, ok=True, locked=[False]
is_closed ('F',) {}
is F () closed?
is closed True
open () {'description': 'CO2 Laser to Jan'}
opening name=--- desc=CO2 Laser to Jan
checking ownership. requestor=129.138.12.150
check software interlocks A
interlocks []
actuate state mode=None-script, software_lock=False
doing actuation None-script open_channel False
Open A ===>> OK
GetIndicatorState A ===>> OK
change switch state (True, True)
update switch state A True args=() kw={} ncanvase=2
09:49:07 -- OPEN   VALVE-A (CO2 Laser to Jan)
---------------------------------------- open None (CO2 Laser to Jan) result=[(True, True)], time=0.12 sec
starting measurement
check iteration duration=5.79357147217e-05
GetData ===>> H2,0.0577438793514969,H1,30.5189122652009,AX,0.496566911386136,L1,0.0201936753528606,L2,0.0309381...
"signal" increment series count="2" fit count="1" regressing="True"
action=open, ok=True, locked=[False]
sleep (1,) {}
SLEEP 1.0
check iteration duration=6.29425048828e-05
GetData ===>> H2,-0.0285722284705417,H1,30.5064300003205,AX,0.306872453665772,L1,-0.0163578622013185,L2,-0.0332...
close () {'description': 'CO2 Laser to Roughing'}
closing name=--- desc=CO2 Laser to Roughing
checking ownership. requestor=129.138.12.150
check software interlocks G
interlocks []
actuate state mode=None-script, software_lock=True
VALVE-G(CO2 Laser to Roughing) software locked
change switch state (True, False)
---------------------------------------- close None (CO2 Laser to Roughing) result=[(True, False)]
action=close, ok=True, locked=[True]
open () {'description': 'Microbone to Turbo'}
opening name=--- desc=Microbone to Turbo
checking ownership. requestor=129.138.12.150
check software interlocks U
interlocks []
actuate state mode=None-script, software_lock=False
doing actuation None-script open_channel True
Open U ===>> OK
GetIndicatorState U ===>> OK
change switch state (True, True)
update switch state U True args=() kw={} ncanvase=2
09:49:08 -- OPEN   VALVE-U (Microbone to Turbo)
---------------------------------------- open None (Microbone to Turbo) result=[(True, True)], time=0.14 sec
action=open, ok=True, locked=[False]
open () {'description': 'Microbone to Getter NP-10'}
opening name=--- desc=Microbone to Getter NP-10
checking ownership. requestor=129.138.12.150
check software interlocks M
interlocks []
actuate state mode=None-script, software_lock=False
doing actuation None-script open_channel False
Open M ===>> OK
GetIndicatorState M ===>> OK
change switch state (True, True)
update switch state M True args=() kw={} ncanvase=2
09:49:08 -- OPEN   VALVE-M (Microbone to Getter NP-10)
---------------------------------------- open None (Microbone to Getter NP-10) result=[(True, True)], time=0.13 sec
action=open, ok=True, locked=[False]
open () {'description': 'Microbone to Getter D-50'}
opening name=--- desc=Microbone to Getter D-50
checking ownership. requestor=129.138.12.150
check software interlocks K
interlocks []
actuate state mode=None-script, software_lock=False
doing actuation None-script open_channel False
check iteration duration=7.29560852051e-05
GetData ===>> H2,-0.0606252751628899,H1,30.5036807842782,AX,0.204532666638059,L1,0.0122147986759638,L2,0.037459...
Open K ===>> OK
GetIndicatorState K ===>> OK
change switch state (True, True)
update switch state K True args=() kw={} ncanvase=2
09:49:09 -- OPEN   VALVE-K (Microbone to Getter D-50)
---------------------------------------- open None (Microbone to Getter D-50) result=[(True, True)], time=0.43 sec
action=open, ok=True, locked=[False]
open () {'description': 'Microbone to CO2 Laser'}
opening name=--- desc=Microbone to CO2 Laser
checking ownership. requestor=129.138.12.150
check software interlocks T
interlocks []
actuate state mode=None-script, software_lock=False
doing actuation None-script open_channel False
Open T ===>> OK
GetIndicatorState T ===>> OK
change switch state (True, True)
update switch state T True args=() kw={} ncanvase=2
09:49:10 -- OPEN   VALVE-T (Microbone to CO2 Laser)
---------------------------------------- open None (Microbone to CO2 Laser) result=[(True, True)], time=0.40 sec
check iteration duration=7.79628753662e-05
GetData ===>> H2,-0.0685335794412182,H1,30.6108272625277,AX,0.213069425274943,L1,0.00196845793058542,L2,0.03206...
action=open, ok=True, locked=[False]
open () {'description': 'Microbone to Inlet Pipette'}
opening name=--- desc=Microbone to Inlet Pipette
checking ownership. requestor=129.138.12.150
check software interlocks S
interlocks []
actuate state mode=None-script, software_lock=False
doing actuation None-script open_channel False
Open S ===>> OK
GetIndicatorState S ===>> OK
change switch state (True, True)
update switch state S True args=() kw={} ncanvase=2
09:49:10 -- OPEN   VALVE-S (Microbone to Inlet Pipette)
---------------------------------------- open None (Microbone to Inlet Pipette) result=[(True, True)], time=0.54 sec
action=open, ok=True, locked=[False]
sleep (1,) {}
SLEEP 1.0
testing H1>-5.0
evaluate ot="H1.bs>-5.0" t="H1>-5.0", ctx="{'H1': None}"
check iteration duration=0.00125885009766
GetData ===>> H2,-0.179574558501145,H1,30.6667649383493,AX,0.195276645575094,L1,0.0026166919055864,L2,-0.032625...
set_resource () {'name': 'CO2PumpTimeFlag', 'value': 30}
Set CO2PumpTimeFlag 30 ===>> OK
release ('JanCO2Flag',) {}
release JanCO2Flag
Set JanCO2Flag 0 ===>> OK
executed snippet estimated_duration=6.0, duration=5.97890996933
PumpMicrobone.py completed successfully
gosub finished
get_resource_value () {'name': 'JanMiniboneFlag'}
Read JanMiniboneFlag ===>> 0
Get Resource Value JanMiniboneFlag=0.0
get resource value 0.0
get_resource_value () {'name': 'JanMiniboneFlag'}
Read JanMiniboneFlag ===>> 0
Get Resource Value JanMiniboneFlag=0.0
executed snippet estimated_duration=4.0, duration=5.9894258976
jan_pump_extraction_line.py completed successfully
Post Equilibration Finished
09:49:12 -- ******* Post Equilibration Finished *******
check iteration duration=4.60147857666e-05
GetData ===>> H2,-0.0896776988282385,H1,30.5581687169995,AX,0.240211817985874,L1,0.0182319962487132,L2,0.078384...
check iteration duration=4.29153442383e-05
GetData ===>> H2,-0.127106909800571,H1,30.701746635384,AX,0.293980323977875,L1,-0.00367301684310366,L2,0.131368...
check iteration duration=8.51154327393e-05
GetData ===>> H2,-0.143508052641825,H1,30.6087926762045,AX,0.162486979216688,L1,0.0134093066088955,L2,0.0544620...
check iteration duration=6.103515625e-05
GetData ===>> H2,-0.122996429721944,H1,30.4987598511707,AX,0.184488741967115,L1,-0.0410493502034702,L2,0.018055...
testing H1>-5.0
evaluate ot="H1.bs>-5.0" t="H1>-5.0", ctx="{'H1': None}"
check iteration duration=0.00068211555481
GetData ===>> H2,-0.21319549945156,H1,30.5754430372957,AX,0.282285965769712,L1,-0.00727993572650568,L2,-0.09586...
check iteration duration=8.89301300049e-05
GetData ===>> H2,-0.244819894559488,H1,30.5550882182304,AX,0.239468949860444,L1,-0.052940676360963,L2,0.0664143...
check iteration duration=3.81469726562e-05
GetData ===>> H2,-0.236480492636073,H1,30.6946614010704,AX,0.144889145900434,L1,-0.0388299132739242,L2,0.018477...
check iteration duration=8.08238983154e-05
GetData ===>> H2,-0.16084846173792,H1,30.8117006854586,AX,0.1650758469247,L1,0.0110936507159366,L2,0.0486118894...
check iteration duration=8.20159912109e-05
GetData ===>> H2,-0.308074605823676,H1,30.5441008590093,AX,0.21516017405012,L1,0.03464856930995,L2,-0.007544940...
testing H1>-5.0
evaluate ot="H1.bs>-5.0" t="H1>-5.0", ctx="{'H1': None}"
check iteration duration=0.00129294395447
GetData ===>> H2,-0.283491747117458,H1,30.5299522218573,AX,0.268677217876073,L1,-0.0227186001587436,L2,0.054233...
check iteration duration=5.60283660889e-05
GetData ===>> H2,-0.128118076077125,H1,30.5997062116043,AX,0.271173560904097,L1,-0.0380081301619799,L2,-0.00396...
check iteration duration=6.38961791992e-05
GetData ===>> H2,-0.0942352177059523,H1,30.5658153104656,AX,0.158539959060513,L1,-0.048274395395519,L2,0.080891...
check iteration duration=8.48770141602e-05
GetData ===>> H2,-0.182108608473666,H1,30.5444446278587,AX,0.110329568740044,L1,-0.0198342850249662,L2,0.005687...
check iteration duration=5.79357147217e-05
GetData ===>> H2,-0.244065009301359,H1,30.7032050094174,AX,0.256567958749206,L1,-0.0157005765515529,L2,0.018534...
testing H1>-5.0
evaluate ot="H1.bs>-5.0" t="H1>-5.0", ctx="{'H1': None}"
check iteration duration=0.000591993331909
GetData ===>> H2,-0.19637269925715,H1,30.7755552261468,AX,0.29931118709212,L1,-0.0533784776380947,L2,0.04563563...
check iteration duration=7.89165496826e-05
GetData ===>> H2,-0.0747505121047371,H1,30.6278614565839,AX,0.127793504143211,L1,-0.030244373324474,L2,-0.00095...
check iteration duration=4.00543212891e-05
GetData ===>> H2,-0.0380682173608575,H1,30.654166970733,AX,0.179066210308906,L1,0.030567619490302,L2,0.04620579...
check iteration duration=8.51154327393e-05
GetData ===>> H2,-0.053688793729658,H1,30.7286056851152,AX,0.251808259192575,L1,-0.015136811953616,L2,0.0276318...
check iteration duration=3.88622283936e-05
GetData ===>> H2,-0.178256034516148,H1,30.7704753311826,AX,0.287964580192445,L1,-0.0280618678607787,L2,0.029478...
testing H1>-5.0
evaluate ot="H1.bs>-5.0" t="H1>-5.0", ctx="{'H1': None}"
check iteration duration=0.000991106033325
09:49:32 -- collecting point 25
GetData ===>> H2,-0.16511907698314,H1,30.7282341290024,AX,0.243508363606964,L1,-0.0106613728031352,L2,0.0768623...
check iteration duration=7.70092010498e-05
GetData ===>> H2,-0.150660484603937,H1,30.729293755148,AX,0.243009231578595,L1,-0.00158768348680722,L2,0.090339...
check iteration duration=7.48634338379e-05
GetData ===>> H2,-0.0981816037813151,H1,30.6209182410174,AX,0.263348029710738,L1,-0.0606282725396124,L2,0.03677...
check iteration duration=4.00543212891e-05
GetData ===>> H2,-0.172964819548716,H1,30.5912802204095,AX,0.179925435032464,L1,-0.00294475904651632,L2,0.09869...
check iteration duration=8.39233398438e-05
GetData ===>> H2,-0.293249543055323,H1,30.6735183451268,AX,0.214718790017761,L1,0.011145263996166,L2,0.00104858...
testing H1>-5.0
evaluate ot="H1.bs>-5.0" t="H1>-5.0", ctx="{'H1': None}"
check iteration duration=0.000545978546143
GetData ===>> H2,-0.221478826407301,H1,30.5697763350958,AX,0.169592018501985,L1,-0.0211650568592295,L2,0.054872...
check iteration duration=7.9870223999e-05
GetData ===>> H2,0.0146660104996685,H1,30.5756356000265,AX,0.244274478204741,L1,-0.0214311901023401,L2,0.007385...
check iteration duration=7.70092010498e-05
GetData ===>> H2,-0.1085800083274,H1,30.6170274731349,AX,0.258216494251565,L1,-0.0130265043991416,L2,0.02006195...
check iteration duration=9.70363616943e-05
GetData ===>> H2,-0.167805107926611,H1,30.7248351341363,AX,0.250496480416443,L1,-0.0179697094787212,L2,0.043309...
check iteration duration=7.29560852051e-05
GetData ===>> H2,-0.282274451615371,H1,30.5901806258338,AX,0.136091421240844,L1,0.0135029524121762,L2,-0.006393...
testing H1>-5.0
evaluate ot="H1.bs>-5.0" t="H1>-5.0", ctx="{'H1': None}"
check iteration duration=0.00100588798523
GetData ===>> H2,-0.236029817552405,H1,30.7244773510235,AX,0.221967033584882,L1,-0.0149029003493531,L2,-0.05091...
check iteration duration=4.6968460083e-05
GetData ===>> H2,-0.170467564328005,H1,30.5995687516728,AX,0.359341259937995,L1,-0.0416505380082107,L2,0.010053...
check iteration duration=6.8187713623e-05
GetData ===>> H2,-0.187506753246644,H1,30.7028610516174,AX,0.219980682441632,L1,-0.0616930693183737,L2,0.015331...
check iteration duration=6.79492950439e-05
GetData ===>> H2,-0.147012565070375,H1,30.8122373229027,AX,0.218482233810167,L1,-0.0287267317157648,L2,0.010657...
check iteration duration=5.81741333008e-05
GetData ===>> H2,-0.114742581289613,H1,30.7106347480225,AX,0.268781714674174,L1,-0.0179900957742789,L2,-0.06091...
testing H1>-5.0
evaluate ot="H1.bs>-5.0" t="H1>-5.0", ctx="{'H1': None}"
check iteration duration=0.000569820404053
GetData ===>> H2,-0.15116685974015,H1,30.6732845138492,AX,0.136973479167094,L1,-0.0426743906274307,L2,-0.017744...
check iteration duration=3.81469726562e-05
GetData ===>> H2,-0.114840022789431,H1,30.6998342671633,AX,0.149067763099929,L1,-0.0486477776510731,L2,0.073942...
check iteration duration=6.48498535156e-05
GetData ===>> H2,-0.266302296631368,H1,30.6982383582201,AX,0.160072312601197,L1,-0.00109928351308521,L2,0.10172...
check iteration duration=5.10215759277e-05
GetData ===>> H2,-0.266178621706151,H1,30.7558701571724,AX,0.257903038171227,L1,-0.0109107387862603,L2,0.067007...
check iteration duration=7.10487365723e-05
GetData ===>> H2,-0.150343144657561,H1,30.7075389654983,AX,0.309091001060664,L1,-0.015399506196169,L2,-0.001857...
testing H1>-5.0
evaluate ot="H1.bs>-5.0" t="H1>-5.0", ctx="{'H1': None}"
check iteration duration=0.000818014144897
GetData ===>> H2,-0.082344524601408,H1,30.6818265402568,AX,0.304851412548286,L1,-0.0344650684830264,L2,-0.10188...
check iteration duration=7.20024108887e-05
GetData ===>> H2,-0.208432342835812,H1,30.820300944685,AX,0.191839250613165,L1,-0.00798989190203082,L2,0.001287...
check iteration duration=5.79357147217e-05
GetData ===>> H2,-0.18451664473265,H1,30.7302845831986,AX,0.271150338813858,L1,-0.0221084794335042,L2,0.0209967...
check iteration duration=4.38690185547e-05
GetData ===>> H2,-0.166250257079369,H1,30.7714252132562,AX,0.260526812753741,L1,-0.00502741226137877,L2,0.02287...
check iteration duration=7.20024108887e-05
GetData ===>> H2,-0.217255006405003,H1,30.6651557327026,AX,0.238946624100075,L1,0.0260884071680451,L2,0.1069589...
testing H1>-5.0
evaluate ot="H1.bs>-5.0" t="H1>-5.0", ctx="{'H1': None}"
check iteration duration=0.000588178634644
09:49:58 -- collecting point 50
GetData ===>> H2,-0.250597602683618,H1,30.7781847446395,AX,0.182003861305243,L1,0.0110480391999794,L2,0.1321095...
check iteration duration=7.89165496826e-05
GetData ===>> H2,-0.21482227196242,H1,30.7106760256836,AX,0.218040834730601,L1,-0.00945761549342874,L2,-0.00472...
check iteration duration=4.10079956055e-05
GetData ===>> H2,-0.231994465362591,H1,30.8794605548184,AX,0.191955376842169,L1,0.0463101198145913,L2,-0.008171...
check iteration duration=5.91278076172e-05
GetData ===>> H2,-0.200756692824419,H1,30.774192305565,AX,0.282738849259578,L1,0.0408801290033778,L2,-0.0941437...
check iteration duration=6.79492950439e-05
GetData ===>> H2,-0.118536768677141,H1,30.763083037701,AX,0.288789109993034,L1,-0.0237973085241455,L2,-0.042469...
testing H1>-5.0
evaluate ot="H1.bs>-5.0" t="H1>-5.0", ctx="{'H1': None}"
check iteration duration=0.000623941421509
GetData ===>> H2,-0.170493200754867,H1,30.792974976178,AX,0.115945535957732,L1,-0.0395078936528624,L2,0.0275292...
check iteration duration=3.2901763916e-05
GetData ===>> H2,-0.0638655532168095,H1,30.9324105518048,AX,0.150774083329697,L1,-0.0146761808361584,L2,0.11302...
check iteration duration=6.29425048828e-05
GetData ===>> H2,-0.207202163369341,H1,30.8949781054431,AX,0.164541814770092,L1,0.0140156185784523,L2,0.0781224...
check iteration duration=7.29560852051e-05
GetData ===>> H2,-0.191102738677625,H1,30.7721823712294,AX,0.241848469304245,L1,-0.0351289634100931,L2,0.109261...
check iteration duration=7.58171081543e-05
GetData ===>> H2,-0.177363885660983,H1,30.8753302359246,AX,0.325098561652375,L1,-0.0410792906861191,L2,0.030630...
testing H1>-5.0
evaluate ot="H1.bs>-5.0" t="H1>-5.0", ctx="{'H1': None}"
check iteration duration=0.0010130405426
GetData ===>> H2,-0.147640668916208,H1,30.917287375254,AX,0.259957935276837,L1,-0.00618971973264183,L2,-0.03512...
check iteration duration=6.60419464111e-05
GetData ===>> H2,-0.105706274238223,H1,30.7856698834566,AX,0.198749002117463,L1,0.0103974974203769,L2,0.0003191...
check iteration duration=7.29560852051e-05
GetData ===>> H2,-0.202739787282482,H1,30.7942131732813,AX,0.298080068634717,L1,-0.0304108567647416,L2,0.025271...
check iteration duration=8.60691070557e-05
GetData ===>> H2,-0.275927303981333,H1,30.8028671658467,AX,0.266924010524769,L1,-0.0511928696353212,L2,0.085188...
check iteration duration=3.91006469727e-05
GetData ===>> H2,-0.240164637683092,H1,30.8352049901317,AX,0.249904444450104,L1,-0.0365896175631064,L2,0.110971...
testing H1>-5.0
evaluate ot="H1.bs>-5.0" t="H1>-5.0", ctx="{'H1': None}"
check iteration duration=0.000582933425903
GetData ===>> H2,-0.306315270341759,H1,30.8680887665127,AX,0.227984414555702,L1,0.00625637960261106,L2,0.018249...
check iteration duration=4.29153442383e-05
GetData ===>> H2,-0.269145101757966,H1,30.8114530074792,AX,0.266831126246658,L1,0.0239174708870562,L2,-0.017619...
check iteration duration=8.10623168945e-05
GetData ===>> H2,-0.217269829585647,H1,30.7476667414204,AX,0.255906230509673,L1,-0.00217445212810524,L2,-0.0045...
check iteration duration=3.38554382324e-05
GetData ===>> H2,-0.206907062086158,H1,30.7142534790428,AX,0.250380394649394,L1,-0.0399905973921399,L2,0.069836...
check iteration duration=7.60555267334e-05
GetData ===>> H2,-0.195316151775716,H1,30.835039837818,AX,0.202511829172473,L1,-0.0349348326062549,L2,0.1732358...
testing H1>-5.0
evaluate ot="H1.bs>-5.0" t="H1>-5.0", ctx="{'H1': None}"
check iteration duration=0.000640153884888
GetData ===>> H2,-0.233589133249924,H1,30.7563794488396,AX,0.235802918178523,L1,-0.0506532730617894,L2,0.114961...
check iteration duration=7.08103179932e-05
GetData ===>> H2,-0.157958166254267,H1,30.8970986779368,AX,0.178775933398476,L1,-0.0121970334380286,L2,0.012994...
check iteration duration=8.29696655273e-05
GetData ===>> H2,-0.209725705955907,H1,30.8007070465639,AX,0.186265354376724,L1,0.000571295471400024,L2,0.19058...
check iteration duration=4.00543212891e-05
GetData ===>> H2,-0.255736537476981,H1,30.7905123791713,AX,0.25259765669952,L1,0.0170729470696519,L2,0.03004889...
check iteration duration=4.50611114502e-05
GetData ===>> H2,-0.142791885618876,H1,30.8213192577749,AX,0.245063814695107,L1,-0.0141543313854503,L2,-0.03314...
testing H1>-5.0
evaluate ot="H1.bs>-5.0" t="H1>-5.0", ctx="{'H1': None}"
check iteration duration=0.000616073608398
09:50:24 -- collecting point 75
GetData ===>> H2,-0.123888963094678,H1,30.8186909274414,AX,0.361223969398943,L1,-0.00245882462817488,L2,-0.0268...
check iteration duration=4.00543212891e-05
GetData ===>> H2,-0.0673250527470132,H1,30.8187459703955,AX,0.310148023073366,L1,-0.00619691626491908,L2,-0.001...
check iteration duration=4.60147857666e-05
GetData ===>> H2,-0.184929399524444,H1,30.8290945117723,AX,0.255337380000007,L1,-0.032433590001951,L2,0.0966998...
check iteration duration=6.89029693604e-05
GetData ===>> H2,-0.16178832423992,H1,30.9326309405926,AX,0.230853837082936,L1,-0.0478303875353387,L2,0.0153196...
check iteration duration=7.39097595215e-05
GetData ===>> H2,-0.223088447642027,H1,30.9137065849887,AX,0.347999285607251,L1,-0.00290276563982798,L2,0.09818...
testing H1>-5.0
evaluate ot="H1.bs>-5.0" t="H1>-5.0", ctx="{'H1': None}"
check iteration duration=0.00254988670349
GetData ===>> H2,-0.169720034582104,H1,30.9189125397504,AX,0.185649922881312,L1,-0.0336357797590967,L2,-0.01992...
check iteration duration=3.50475311279e-05
GetData ===>> H2,-0.176352878633825,H1,30.9741593791459,AX,0.31530552561518,L1,-0.0326778712711139,L2,-0.000775...
check iteration duration=7.60555267334e-05
GetData ===>> H2,-0.147843275638451,H1,30.9153316991267,AX,0.179008154857647,L1,0.00351828667061044,L2,0.023892...
check iteration duration=4.88758087158e-05
GetData ===>> H2,-0.200384571103712,H1,30.8838801595566,AX,0.247861367558024,L1,0.0145943503668018,L2,-0.058019...
check iteration duration=6.60419464111e-05
GetData ===>> H2,-0.18348334288981,H1,30.7899070561032,AX,0.255151633613867,L1,-0.0184002112989875,L2,0.0445067...
testing H1>-5.0
evaluate ot="H1.bs>-5.0" t="H1>-5.0", ctx="{'H1': None}"
check iteration duration=0.000624179840088
GetData ===>> H2,-0.144339019959201,H1,30.7891641639465,AX,0.22437161808816,L1,-0.0334753364507088,L2,0.0742730...
check iteration duration=7.29560852051e-05
GetData ===>> H2,-0.194037197633597,H1,30.7381427012028,AX,0.185382850045595,L1,0.00359032169145325,L2,0.063905...
check iteration duration=3.79085540771e-05
GetData ===>> H2,-0.145001047901836,H1,30.800253013891,AX,0.2214675379664,L1,-0.0270387302252546,L2,0.007841898...
check iteration duration=8.51154327393e-05
GetData ===>> H2,-0.222130784303097,H1,30.8378061702178,AX,0.257020722764796,L1,-0.00310553218469484,L2,0.11567...
check iteration duration=8.48770141602e-05
GetData ===>> H2,-0.225134154150448,H1,30.9179071386794,AX,0.202732493294174,L1,-0.0253672217626486,L2,-0.00662...
testing H1>-5.0
evaluate ot="H1.bs>-5.0" t="H1>-5.0", ctx="{'H1': None}"
check iteration duration=0.000610113143921
GetData ===>> H2,-0.271765493037288,H1,30.9111450108024,AX,0.232062040265079,L1,-0.0381650647803966,L2,-0.03974...
check iteration duration=7.9870223999e-05
GetData ===>> H2,-0.186893150823328,H1,30.7885863622394,AX,0.232805557360735,L1,-0.0316767593717931,L2,0.035384...
check iteration duration=7.79628753662e-05
GetData ===>> H2,-0.121084008327377,H1,30.7449828644687,AX,0.233618785679224,L1,0.0017487881043606,L2,0.0578034...
check iteration duration=8.39233398438e-05
GetData ===>> H2,-0.0837803665679199,H1,30.9069033891628,AX,0.261327890748771,L1,0.0383932956267786,L2,0.020289...
check iteration duration=8.29696655273e-05
GetData ===>> H2,-0.149499112211529,H1,31.0001836449934,AX,0.260886716545695,L1,-0.0067462363780932,L2,-0.06273...
testing H1>-5.0
evaluate ot="H1.bs>-5.0" t="H1>-5.0", ctx="{'H1': None}"
check iteration duration=0.00058388710022
GetData ===>> H2,-0.273966151267332,H1,30.9793086895332,AX,0.252295827486031,L1,-0.039293484308094,L2,0.0012081...
check iteration duration=8.17775726318e-05
GetData ===>> H2,-0.168824013354996,H1,30.8885064689767,AX,0.222443299233401,L1,-0.0303306096951999,L2,-0.00578...
check iteration duration=6.5803527832e-05
GetData ===>> H2,-0.195715830434516,H1,30.8739397284524,AX,0.263440910669754,L1,-0.0399546649099689,L2,0.131288...
check iteration duration=3.81469726562e-05
GetData ===>> H2,-0.157847401950037,H1,30.9398764560221,AX,0.264509048059959,L1,-0.0475455419717568,L2,0.116375...
check iteration duration=0.000124931335449
GetData ===>> H2,-0.131671984671328,H1,30.9852843800559,AX,0.167629954231271,L1,0.00750777528329043,L2,0.035886...
testing H1>-5.0
evaluate ot="H1.bs>-5.0" t="H1>-5.0", ctx="{'H1': None}"
check iteration duration=0.00135779380798
09:50:51 -- collecting point 100
GetData ===>> H2,-0.221005998703717,H1,30.9804377133816,AX,0.332592118247865,L1,-0.0374127147081255,L2,-0.12162...
check iteration duration=5.81741333008e-05
GetData ===>> H2,-0.11271912787043,H1,31.0972548705543,AX,0.301088206243224,L1,-0.0179337335622536,L2,-0.027396...
check iteration duration=6.00814819336e-05
GetData ===>> H2,-0.178640676104616,H1,31.0352086106044,AX,0.311414141447894,L1,0.0632819023629658,L2,0.0883680...
check iteration duration=4.00543212891e-05
GetData ===>> H2,-0.17514873114284,H1,30.925358332503,AX,0.233920843640087,L1,-0.00810621440664817,L2,0.0098480...
check iteration duration=6.60419464111e-05
GetData ===>> H2,-0.0978187126555728,H1,30.8513222392081,AX,0.180854335149464,L1,-0.0404948363409523,L2,0.05672...
testing H1>-5.0
evaluate ot="H1.bs>-5.0" t="H1>-5.0", ctx="{'H1': None}"
check iteration duration=0.000552892684937
GetData ===>> H2,-0.199897828202877,H1,30.8737607534588,AX,0.238586801315858,L1,-0.0221240625451526,L2,0.055328...
check iteration duration=3.31401824951e-05
GetData ===>> H2,-0.284050637879898,H1,30.8303743825058,AX,0.258924676514822,L1,-0.0409391684591851,L2,0.075128...
check iteration duration=8.58306884766e-05
GetData ===>> H2,-0.312044513727766,H1,30.9149323045509,AX,0.265124393392117,L1,-0.0301210061194212,L2,0.022376...
check iteration duration=7.60555267334e-05
GetData ===>> H2,-0.237636022101576,H1,30.9347522041652,AX,0.181632295811889,L1,-0.0321725377715679,L2,0.033492...
check iteration duration=8.20159912109e-05
GetData ===>> H2,-0.206783090300464,H1,30.865115214712,AX,0.285816190232142,L1,-0.012603386858527,L2,0.08194023...
testing H1>-5.0
evaluate ot="H1.bs>-5.0" t="H1>-5.0", ctx="{'H1': None}"
check iteration duration=0.000826120376587
GetData ===>> H2,-0.265991762453567,H1,30.8294247996364,AX,0.197123134150511,L1,-0.0109838689846871,L2,-0.00692...
check iteration duration=7.60555267334e-05
GetData ===>> H2,-0.20693670731183,H1,30.9299725288821,AX,0.189307733216068,L1,-0.00277198505124108,L2,-0.00484...
check iteration duration=9.29832458496e-05
GetData ===>> H2,-0.00968398028571211,H1,30.8788960691922,AX,0.246723763760223,L1,-0.0206603433990441,L2,0.1117...
check iteration duration=7.89165496826e-05
GetData ===>> H2,-0.0586521854613559,H1,30.9509935577031,AX,0.358446404604564,L1,-0.00903194972071186,L2,0.1332...
check iteration duration=6.50882720947e-05
GetData ===>> H2,-0.130967244428248,H1,30.9736224321792,AX,0.257717286895615,L1,-0.0289399580208358,L2,0.011090...
testing H1>-5.0
evaluate ot="H1.bs>-5.0" t="H1>-5.0", ctx="{'H1': None}"
check iteration duration=0.000569820404053
GetData ===>> H2,-0.151347798970865,H1,30.9108695760989,AX,0.138679587558418,L1,0.00362874057989003,L2,0.020483...
check iteration duration=5.10215759277e-05
GetData ===>> H2,-0.211740901986594,H1,31.0011063058708,AX,0.239840383215354,L1,-0.00228964195661225,L2,-0.0428...
check iteration duration=3.60012054443e-05
GetData ===>> H2,-0.22810172302254,H1,31.0609159459871,AX,0.250403611791762,L1,-0.0216421736159385,L2,0.0143963...
check iteration duration=6.29425048828e-05
GetData ===>> H2,-0.22986789129816,H1,30.9213778752888,AX,0.196739897795017,L1,-0.00289676656743513,L2,0.072961...
check iteration duration=5.91278076172e-05
GetData ===>> H2,-0.199440729236936,H1,30.9602930700547,AX,0.371219208545615,L1,0.000435670605696178,L2,-0.0160...
testing H1>-5.0
evaluate ot="H1.bs>-5.0" t="H1>-5.0", ctx="{'H1': None}"
check iteration duration=0.000916004180908
GetData ===>> H2,-0.187767018513661,H1,30.9898558541732,AX,0.305130174349502,L1,-0.0588513657942995,L2,0.048611...
check iteration duration=4.81605529785e-05
waiting for write to finish
measurement finished
estimated time: 125.829 actual time: :126.191
flush and close file /Users/jan/PychronDev/data/isotopes/ca/967e9f-8c47-40e0-932a-fbccfc916efd.h5
baselines () {'settling_time': 15.0, 'detector': 'H1', 'mass': 34.2, 'ncounts': 60}
%%%%%%%%%%%%%%%%%%%%%%%%%%%%%%%% Baseline
build tables- baseline [Detector(H2), Detector(H1), Detector(AX), Detector(L1), Detector(L2), Detector(CDD)]
add group baseline table H2
add group baseline table H1
add group baseline table AX
add group baseline table L1
add group baseline table L2
add group baseline table CDD
flush and close file /Users/jan/PychronDev/data/isotopes/ca/967e9f-8c47-40e0-932a-fbccfc916efd.h5
detector Detector(H1)
POSITION 34.2 H1
Mapping mass to dac mass func: "parabolic"
H1 map mass coeffs = [-0.00063987  0.15840543  0.57122999]
H1 map mass to dac 34.2 >> 5.24027599104
GetDeflection H1 ===>> 0
GetHighVoltage ===>> 4500
positioning 34.2 (5.24027599104) on H1
setting magnet DAC
current  : 5.879620
requested: 5.240276
Delta Dac: 0.639344
Checking detector protection. dv=0.63934
Checking detector "CDD". Protection Threshold: 0.1 (V)
ProtectDetector CDD,On ===>> OK
GetDeflection CDD ===>> 2000
Protected = 2000
SetMagnetDAC 5.24027599104 ===>> OK
Magnet settling time: 0.500
GetMagnetMoving ===>> True
GetMagnetMoving ===>> True
GetMagnetMoving ===>> True
GetMagnetMoving ===>> True
GetMagnetMoving ===>> True
GetMagnetMoving ===>> True
GetMagnetMoving ===>> True
GetMagnetMoving ===>> True
GetMagnetMoving ===>> False
ProtectDetector CDD,Off ===>> OK
GetDeflection CDD ===>> 50
Delaying 15.0s for detectors to settle
Join finished
measuring baseline. ncounts=60
"baseline" increment series count="2" fit count="1" regressing="True"
starting measurement
check iteration duration=4.10079956055e-05
GetData ===>> H2,-0.236167039929714,H1,-0.107695514299721,AX,-0.0897366517121132,L1,-0.0386274685696761,L2,-0.0...
check iteration duration=3.00407409668e-05
GetData ===>> H2,-0.198658629176922,H1,-0.045452095510856,AX,-0.145052444944367,L1,-0.0392431753076809,L2,-0.02...
check iteration duration=7.60555267334e-05
GetData ===>> H2,-0.114595064094642,H1,-0.162790981496896,AX,-0.164274261577814,L1,-0.0163818499166133,L2,-0.03...
check iteration duration=0.000113964080811
GetData ===>> H2,-0.108960141863593,H1,0.0748658199487774,AX,-0.0271184415974266,L1,-0.0397282873180999,L2,-0.0...
testing H1>-5.0
evaluate ot="H1.bs>-5.0" t="H1>-5.0", ctx="{'H1': None}"
check iteration duration=0.00415301322937
GetData ===>> H2,-0.196967490076257,H1,-0.0673048755362114,AX,-0.136077871546455,L1,-0.0372138356926466,L2,0.02...
check iteration duration=8.20159912109e-05
GetData ===>> H2,-0.205403138679308,H1,-0.00570428621344805,AX,-0.123539066149571,L1,-0.03431943112592,L2,1.139...
check iteration duration=5.88893890381e-05
GetData ===>> H2,-0.260446414534832,H1,0.029548875675345,AX,-0.0518296803035856,L1,-0.00182527490893814,L2,-0.0...
check iteration duration=8.32080841064e-05
GetData ===>> H2,-0.272804074519419,H1,0.0262914640493108,AX,0.0139455416858164,L1,-0.0223182500655234,L2,0.041...
check iteration duration=6.31809234619e-05
GetData ===>> H2,-0.205837086927185,H1,0.0630001531177761,AX,-0.0588441630484251,L1,-0.017843793208303,L2,-0.01...
testing H1>-5.0
evaluate ot="H1.bs>-5.0" t="H1>-5.0", ctx="{'H1': None}"
check iteration duration=0.000617980957031
GetData ===>> H2,-0.13253357498229,H1,-0.0707856197390775,AX,-0.13199652368227,L1,-0.00222484784022331,L2,-0.08...
check iteration duration=8.48770141602e-05
GetData ===>> H2,-0.242141909542826,H1,-0.0648730508938431,AX,-0.0537427711965557,L1,-0.0148501195431886,L2,0.0...
check iteration duration=8.48770141602e-05
GetData ===>> H2,-0.328772893083961,H1,-0.0470736331640296,AX,-0.0475627724044232,L1,-0.0486106793940419,L2,0.0...
check iteration duration=4.81605529785e-05
GetData ===>> H2,-0.201375520320776,H1,-0.136431183716801,AX,-0.0465308019096342,L1,-0.0450857201508757,L2,-0.0...
check iteration duration=8.17775726318e-05
GetData ===>> H2,-0.0657604849754032,H1,-0.0706544980082711,AX,-0.0426695118605187,L1,-0.00227044374337481,L2,-...
testing H1>-5.0
evaluate ot="H1.bs>-5.0" t="H1>-5.0", ctx="{'H1': None}"
check iteration duration=0.00101709365845
GetData ===>> H2,-0.173249452801331,H1,-0.046882865392006,AX,-0.0128640105179224,L1,-0.0201016524162955,L2,-0.0...
check iteration duration=4.79221343994e-05
GetData ===>> H2,-0.151355900659917,H1,-0.0433178257575271,AX,-0.0475279870603365,L1,-0.023387412972684,L2,0.00...
check iteration duration=5.91278076172e-05
GetData ===>> H2,-0.194554726521478,H1,-0.0710955431471703,AX,-0.195857959239391,L1,-0.0130780444138543,L2,0.04...
check iteration duration=3.79085540771e-05
GetData ===>> H2,-0.21841924067484,H1,-0.0177865233043971,AX,-0.187432779610841,L1,0.0113289133930979,L2,-0.058...
check iteration duration=3.38554382324e-05
GetData ===>> H2,-0.126479616992524,H1,-0.04683517339219,AX,-0.101951837837297,L1,-0.000870075358341539,L2,0.04...
testing H1>-5.0
evaluate ot="H1.bs>-5.0" t="H1>-5.0", ctx="{'H1': None}"
check iteration duration=0.000728845596313
GetData ===>> H2,-0.191183625097925,H1,-0.0529157200880757,AX,-0.0852395935628652,L1,-0.0153455284869508,L2,-0....
check iteration duration=3.60012054443e-05
GetData ===>> H2,-0.115128282330867,H1,0.0110796811495951,AX,-0.061522286717787,L1,-0.021421599837491,L2,-0.001...
check iteration duration=7.70092010498e-05
GetData ===>> H2,-0.160381202232933,H1,-0.0861971861855214,AX,-0.126030037568141,L1,-0.019499766039979,L2,-0.05...
check iteration duration=7.41481781006e-05
GetData ===>> H2,-0.0927478574204239,H1,-0.0336832371611749,AX,-0.0447451192478447,L1,-0.0147253638099189,L2,0....
check iteration duration=7.39097595215e-05
GetData ===>> H2,-0.136847305464685,H1,-0.0342317658665657,AX,-0.118626451856048,L1,-0.0401187555323333,L2,-0.0...
testing H1>-5.0
evaluate ot="H1.bs>-5.0" t="H1>-5.0", ctx="{'H1': None}"
check iteration duration=0.000586986541748
09:51:56 -- collecting point 25
GetData ===>> H2,-0.112922166225801,H1,0.0224137312531571,AX,-0.134268942532348,L1,-0.0278845634085701,L2,-0.11...
check iteration duration=4.81605529785e-05
GetData ===>> H2,-0.112268369746782,H1,-0.0462509445499968,AX,0.00798206895360066,L1,-0.033495691340606,L2,-0.1...
check iteration duration=7.10487365723e-05
GetData ===>> H2,-0.189455226122668,H1,-0.0237018745795623,AX,-0.07399603876139,L1,-0.0082836935762022,L2,0.091...
check iteration duration=3.91006469727e-05
GetData ===>> H2,-0.265230850365859,H1,0.00542506650578218,AX,-0.126435538506241,L1,-0.0100271401322789,L2,-0.0...
check iteration duration=4.00543212891e-05
GetData ===>> H2,-0.191790254823774,H1,-0.00581163728814431,AX,-0.157063627229822,L1,-0.00563077334312341,L2,0....
testing H1>-5.0
evaluate ot="H1.bs>-5.0" t="H1>-5.0", ctx="{'H1': None}"
check iteration duration=0.000715970993042
GetData ===>> H2,-0.188801277813383,H1,-0.020493793988474,AX,-0.113898985004578,L1,-0.0123636523117584,L2,-0.16...
check iteration duration=7.79628753662e-05
GetData ===>> H2,-0.167799709508109,H1,-0.0727405051676786,AX,-0.114617389378005,L1,-0.0430204411997572,L2,0.00...
check iteration duration=5.41210174561e-05
GetData ===>> H2,-0.197540671598223,H1,-0.0498754929218358,AX,-0.131139225861552,L1,-0.033495691340606,L2,-0.00...
check iteration duration=4.00543212891e-05
GetData ===>> H2,-0.230764331448462,H1,-0.0142443008574798,AX,-0.0958676151976157,L1,0.00579089527910843,L2,0.0...
check iteration duration=4.00543212891e-05
GetData ===>> H2,-0.169749720819453,H1,-0.0495297357477441,AX,-0.157921512066322,L1,-0.00159248336900101,L2,0.0...
testing H1>-5.0
evaluate ot="H1.bs>-5.0" t="H1>-5.0", ctx="{'H1': None}"
check iteration duration=0.000555038452148
GetData ===>> H2,-0.22564720612297,H1,-0.0786168515307882,AX,-0.0984520076790052,L1,-0.00565236412322262,L2,-0....
check iteration duration=9.29832458496e-05
GetData ===>> H2,-0.313853919363724,H1,-0.0125148874546841,AX,-0.0252744138910949,L1,0.0156246232213662,L2,-0.0...
check iteration duration=4.19616699219e-05
GetData ===>> H2,-0.235772857440544,H1,-0.0344941046194645,AX,-0.0664957494203615,L1,-0.0156897813558734,L2,0.0...
check iteration duration=8.10623168945e-05
GetData ===>> H2,-0.248403901567376,H1,-0.0613324946570291,AX,-0.0203220407905381,L1,-0.0463270777735391,L2,-0....
check iteration duration=8.01086425781e-05
GetData ===>> H2,-0.193849857123387,H1,-0.128668562480816,AX,-0.137028705360361,L1,-0.029281350274292,L2,-0.026...
testing H1>-5.0
evaluate ot="H1.bs>-5.0" t="H1>-5.0", ctx="{'H1': None}"
check iteration duration=0.000637054443359
GetData ===>> H2,-0.143989075290802,H1,-0.00537030435598924,AX,-0.123029278089609,L1,-0.0391748984043269,L2,-0....
check iteration duration=7.70092010498e-05
GetData ===>> H2,-0.137010897442009,H1,0.016233532214849,AX,-0.150849532775322,L1,-0.0510469062381898,L2,0.0221...
check iteration duration=3.48091125488e-05
GetData ===>> H2,-0.21785061345397,H1,-0.0367955014749509,AX,-0.0401648093681888,L1,-0.0709795288306844,L2,0.02...
check iteration duration=8.01086425781e-05
GetData ===>> H2,-0.213778632737216,H1,0.0135611318740072,AX,0.0428747284985745,L1,0.00516948323957235,L2,-0.05...
check iteration duration=6.48498535156e-05
GetData ===>> H2,-0.113076472948161,H1,-0.0701538498191877,AX,-0.116088943063406,L1,0.0154396946966452,L2,-0.06...
testing H1>-5.0
evaluate ot="H1.bs>-5.0" t="H1>-5.0", ctx="{'H1': None}"
check iteration duration=0.000699996948242
GetData ===>> H2,-0.157941956911506,H1,-0.0150672526047611,AX,-0.10695799855154,L1,-0.0356262567002595,L2,-0.05...
check iteration duration=4.29153442383e-05
GetData ===>> H2,-0.142360812344761,H1,-0.0191461309509087,AX,-0.0304236868414923,L1,-0.0245055974300841,L2,0.0...
check iteration duration=3.69548797607e-05
GetData ===>> H2,-0.185115538918577,H1,-0.0395141819065302,AX,-0.103643763564035,L1,-0.0170103076813497,L2,0.08...
check iteration duration=5.91278076172e-05
GetData ===>> H2,-0.187473039691361,H1,-0.0273510903153749,AX,-0.0843123392314574,L1,-0.00396814421299473,L2,-0...
check iteration duration=3.981590271e-05
GetData ===>> H2,-0.179884935886032,H1,-0.0323953753419424,AX,-0.165746463645837,L1,-0.0048306823421031,L2,0.00...
testing H1>-5.0
evaluate ot="H1.bs>-5.0" t="H1>-5.0", ctx="{'H1': None}"
check iteration duration=0.000603914260864
09:52:23 -- collecting point 50
GetData ===>> H2,-0.202770791437635,H1,-0.103739406064229,AX,-0.0521311395465859,L1,-0.00505260300999066,L2,-0....
check iteration duration=8.20159912109e-05
GetData ===>> H2,-0.169500084127329,H1,-0.0102129322244736,AX,-0.154571081058053,L1,0.0189503133075356,L2,-0.02...
check iteration duration=4.10079956055e-05
GetData ===>> H2,-0.270411028333417,H1,-0.0496012718128157,AX,-0.129667899828695,L1,-0.0447193885945162,L2,0.06...
check iteration duration=6.103515625e-05
GetData ===>> H2,-0.289903890598939,H1,-0.0540006415393755,AX,-0.151417628794073,L1,-0.0709353051835313,L2,-0.0...
check iteration duration=3.79085540771e-05
GetData ===>> H2,-0.155715653616224,H1,-0.0323357517082233,AX,-0.133979046934659,L1,-0.0388562667224467,L2,-0.0...
testing H1>-5.0
evaluate ot="H1.bs>-5.0" t="H1>-5.0", ctx="{'H1': None}"
check iteration duration=0.000593900680542
GetData ===>> H2,-0.219606258872193,H1,0.0246687637419864,AX,-0.0743785727998732,L1,-0.0494160397908072,L2,0.00...
check iteration duration=3.79085540771e-05
GetData ===>> H2,-0.325829688833301,H1,-0.00143400564500669,AX,-0.107711218030318,L1,-0.0623641921851069,L2,0.0...
check iteration duration=3.88622283936e-05
GetData ===>> H2,-0.344468144070551,H1,-0.0553120693501217,AX,-0.19608972827986,L1,-0.0211890331156566,L2,-0.13...
check iteration duration=7.60555267334e-05
GetData ===>> H2,-0.216136447025013,H1,0.0589180928509016,AX,-0.10416524158882,L1,-0.0333424299801241,L2,-0.061...
check iteration duration=3.81469726562e-05
GetData ===>> H2,-0.160381202232933,H1,0.0106263458355073,AX,-0.148322044961862,L1,-0.0574212360311163,L2,0.064...
testing H1>-5.0
evaluate ot="H1.bs>-5.0" t="H1>-5.0", ctx="{'H1': None}"
check iteration duration=0.000607013702393
GetData ===>> H2,-0.253800635810426,H1,-0.0480274665692225,AX,-0.154234872266741,L1,-0.043860971162585,L2,-0.01...
check iteration duration=3.50475311279e-05
waiting for write to finish
measurement finished
estimated time: 62.915 actual time: :63.123
flush and close file /Users/jan/PychronDev/data/isotopes/ca/967e9f-8c47-40e0-932a-fbccfc916efd.h5
activate_detectors ('H1', 'AX', 'CDD') {'peak_center': True}
peak_center () {'detector': 'H1', 'integration_time': 0.262144, 'isotope': 'Ar40'}
peak center: mean=30.9577903215 threshold=3
peak center started
setup peak center. detector=['H1', 'AX', 'CDD'], isotope=Ar40
VersionedUnpickler [<apptools.sweet_pickle.versioned_unpickler.VersionedUnpickler object at 0x2623f8590>] using Updater [<apptools.sweet_pickle.updater.Updater object at 0x138c3b290>]
VersionedUnpickler [<apptools.sweet_pickle.versioned_unpickler.VersionedUnpickler object at 0x2623f8590>] using Updater [<apptools.sweet_pickle.updater.Updater object at 0x138c3b290>]
VersionedUnpickler [<apptools.sweet_pickle.versioned_unpickler.VersionedUnpickler object at 0x1ddb3b410>] using Updater [<apptools.sweet_pickle.updater.Updater object at 0x138c3b290>]
setting integration time = 0.524288
SetIntegrationTime 0.524288 ===>> OK
Mapping mass to dac mass func: "parabolic"
H1 map mass coeffs = [-0.00063987  0.15840543  0.57122999]
H1 map mass to dac 39.9624 >> 5.87962
GetDeflection H1 ===>> 0
GetHighVoltage ===>> 4500
do peak center. <pychron.spectrometer.jobs.peak_center.PeakCenter object at 0x138c3b2f0>
doing pc
starting peak center. center dac= 5.87962 step_width=0.001
width = 0.001
get scan parameters. half-width=0.015,window=0.015, i=0, scalar=1
Scan parameters center=5.87962 width=0.03000 (5.86462 - 5.89462)
GetData ===>> H2,-0.265226817126165,H1,0.01185512789339,AX,-0.21138526368339,L1,0.0206730413920318,L2,0.0229006...
Moving to starting dac 5.86462
setting magnet DAC
current  : 5.240276
requested: 5.864620
Delta Dac: 0.624344
Checking detector protection. dv=0.62434
Checking detector "CDD". Protection Threshold: 0.1 (V)
ProtectDetector CDD,On ===>> OK
GetDeflection CDD ===>> 2000
Protected = 2000
SetMagnetDAC 5.86462 ===>> OK
Magnet settling time: 0.500
GetMagnetMoving ===>> True
GetMagnetMoving ===>> True
GetMagnetMoving ===>> True
GetMagnetMoving ===>> True
GetMagnetMoving ===>> True
GetMagnetMoving ===>> True
GetMagnetMoving ===>> True
GetMagnetMoving ===>> True
GetMagnetMoving ===>> True
GetMagnetMoving ===>> False
ProtectDetector CDD,Off ===>> OK
GetDeflection CDD ===>> 50
Wait until signal near baseline. tol= 0.00889134592004. timeout= 10
GetData ===>> H2,1.15739688659473,H1,0.23327978363874,AX,-0.119171022741943,L1,-0.00525412672980087,L2,-0.13769...
GetData ===>> H2,1.79432175950587,H1,0.826422028891094,AX,-0.184312143589676,L1,-0.0236908599590234,L2,-0.09912...
GetData ===>> H2,0.96795755553059,H1,0.300870997129699,AX,-0.193343207606126,L1,-0.036308047755285,L2,-0.016577...
GetData ===>> H2,0.35368050920261,H1,0.210107279892369,AX,-0.0517369234255059,L1,-0.00648957088562869,L2,-0.044...
GetData ===>> H2,0.0823749314372577,H1,0.143507225435236,AX,-0.14037215758278,L1,-0.0184762978585352,L2,0.00797...
GetData ===>> H2,-0.0885904703924485,H1,0.0347036776679356,AX,0.0615875126531496,L1,-0.022673070951151,L2,-0.05...
GetData ===>> H2,-0.173548917032579,H1,0.053439799822841,AX,-0.0472612990093691,L1,-0.0147163998721664,L2,0.030...
GetData ===>> H2,-0.161210372044994,H1,0.0550390962204219,AX,0.0381860615840795,L1,-0.029941417588078,L2,-0.052...
GetData ===>> H2,-0.146800318569805,H1,0.029739789534733,AX,-0.0402343853078609,L1,-0.0355435759064892,L2,0.104...
GetData ===>> H2,-0.146800318569805,H1,0.029739789534733,AX,-0.0402343853078609,L1,-0.0355435759064892,L2,0.104...
GetData ===>> H2,-0.146300977022077,H1,0.0194548238766192,AX,-0.0734164388678892,L1,-0.049910233446377,L2,-0.07...
GetData ===>> H2,-0.0982884475489561,H1,0.0671898090703007,AX,-0.119031983656664,L1,-0.0613333272628038,L2,-0.0...
GetData ===>> H2,-0.036117520994569,H1,0.0487136702049142,AX,-0.116019421343047,L1,-0.0674270232437663,L2,0.170...
GetData ===>> H2,-0.108389034899424,H1,0.0639669812400491,AX,0.0132609999905079,L1,-0.0561471884934229,L2,-0.03...
GetData ===>> H2,-0.120764789222912,H1,-0.0797134134552955,AX,-0.0924718740805748,L1,-0.0604870864063741,L2,-0....
Peak center baseline intensity achieved
_do_sweep sm= 5.86462, em= 5.89462, stm= 0.001
calculated step values: start=5.86462, end=5.89462, width=0.001, nsteps=31.0
setting magnet DAC
current  : 5.864620
requested: 5.864620
Delta Dac: 0.000000
Checking detector protection. dv=0.00000
Checking detector "CDD". Protection Threshold: 0.1 (V)
SetMagnetDAC 5.86462 ===>> OK
GetData ===>> H2,-0.120764789222912,H1,-0.0797134134552955,AX,-0.0924718740805748,L1,-0.0604870864063741,L2,-0....
setting magnet DAC
current  : 5.864620
requested: 5.865654
Delta Dac: 0.001034
Checking detector protection. dv=0.00103
Checking detector "CDD". Protection Threshold: 0.1 (V)
SetMagnetDAC 5.86565448276 ===>> OK
Magnet settling time: 1.049
GetData ===>> H2,-0.104157887126506,H1,0.015207512932647,AX,-0.141878073354254,L1,-0.0345681308591528,L2,-0.027...
setting magnet DAC
current  : 5.865654
requested: 5.866689
Delta Dac: 0.001034
Checking detector protection. dv=0.00103
Checking detector "CDD". Protection Threshold: 0.1 (V)
SetMagnetDAC 5.86668896552 ===>> OK
Magnet settling time: 1.049
GetData ===>> H2,-0.211971225721098,H1,0.174917279277209,AX,-0.0772185512086525,L1,-0.0105067148345009,L2,-0.06...
setting magnet DAC
current  : 5.866689
requested: 5.867723
Delta Dac: 0.001034
Checking detector protection. dv=0.00103
Checking detector "CDD". Protection Threshold: 0.1 (V)
SetMagnetDAC 5.86772344828 ===>> OK
Magnet settling time: 1.049
GetData ===>> H2,-0.208490277890133,H1,0.890932591334459,AX,0.0573239231953516,L1,0.0028051677605448,L2,-0.0783...
setting magnet DAC
current  : 5.867723
requested: 5.868758
Delta Dac: 0.001034
Checking detector protection. dv=0.00103
Checking detector "CDD". Protection Threshold: 0.1 (V)
SetMagnetDAC 5.86875793103 ===>> OK
Magnet settling time: 1.049
GetData ===>> H2,-0.145623456847426,H1,2.77884788082512,AX,-0.140464829995813,L1,0.0166104270160388,L2,0.056905...
setting magnet DAC
current  : 5.868758
requested: 5.869792
Delta Dac: 0.001034
Checking detector protection. dv=0.00103
Checking detector "CDD". Protection Threshold: 0.1 (V)
SetMagnetDAC 5.86979241379 ===>> OK
Magnet settling time: 1.049
GetData ===>> H2,-0.212008939101963,H1,7.71299831082593,AX,-0.0463800637303837,L1,-0.0358527266963934,L2,-0.115...
setting magnet DAC
current  : 5.869792
requested: 5.870827
Delta Dac: 0.001034
Checking detector protection. dv=0.00103
Checking detector "CDD". Protection Threshold: 0.1 (V)
SetMagnetDAC 5.87082689655 ===>> OK
Magnet settling time: 1.049
GetData ===>> H2,-0.124524512261817,H1,15.3840152165749,AX,0.141796309322087,L1,-0.0206491609506542,L2,-0.06021...
setting magnet DAC
current  : 5.870827
requested: 5.871861
Delta Dac: 0.001034
Checking detector protection. dv=0.00103
Checking detector "CDD". Protection Threshold: 0.1 (V)
SetMagnetDAC 5.87186137931 ===>> OK
Magnet settling time: 1.049
GetData ===>> H2,-0.234953047060276,H1,22.8519149757557,AX,0.174362310671281,L1,-0.0105163060954705,L2,-0.01951...
setting magnet DAC
current  : 5.871861
requested: 5.872896
Delta Dac: 0.001034
Checking detector protection. dv=0.00103
Checking detector "CDD". Protection Threshold: 0.1 (V)
SetMagnetDAC 5.87289586207 ===>> OK
Magnet settling time: 1.049
GetData ===>> H2,-0.244460623912655,H1,27.5896193356438,AX,0.213414111414119,L1,0.0113687171041092,L2,0.0807891...
setting magnet DAC
current  : 5.872896
requested: 5.873930
Delta Dac: 0.001034
Checking detector protection. dv=0.00103
Checking detector "CDD". Protection Threshold: 0.1 (V)
SetMagnetDAC 5.87393034483 ===>> OK
Magnet settling time: 1.049
GetData ===>> H2,-0.114151147581039,H1,29.8940602327869,AX,0.200673568586463,L1,-0.0282875882544897,L2,-0.04651...
setting magnet DAC
current  : 5.873930
requested: 5.874965
Delta Dac: 0.001034
Checking detector protection. dv=0.00103
Checking detector "CDD". Protection Threshold: 0.1 (V)
SetMagnetDAC 5.87496482759 ===>> OK
Magnet settling time: 1.049
GetData ===>> H2,-0.201859503420134,H1,30.5886480833724,AX,0.45015580776011,L1,0.0181486725455388,L2,0.00516974...
setting magnet DAC
current  : 5.874965
requested: 5.875999
Delta Dac: 0.001034
Checking detector protection. dv=0.00103
Checking detector "CDD". Protection Threshold: 0.1 (V)
SetMagnetDAC 5.87599931034 ===>> OK
Magnet settling time: 1.049
GetData ===>> H2,-0.157790668594517,H1,30.9020009295564,AX,0.400978543059775,L1,-0.0415475482279636,L2,0.015236...
setting magnet DAC
current  : 5.875999
requested: 5.877034
Delta Dac: 0.001034
Checking detector protection. dv=0.00103
Checking detector "CDD". Protection Threshold: 0.1 (V)
SetMagnetDAC 5.8770337931 ===>> OK
Magnet settling time: 1.049
GetData ===>> H2,-0.135879966803637,H1,30.9048101787177,AX,0.274703382945519,L1,-0.0396743871398997,L2,0.122554...
setting magnet DAC
current  : 5.877034
requested: 5.878068
Delta Dac: 0.001034
Checking detector protection. dv=0.00103
Checking detector "CDD". Protection Threshold: 0.1 (V)
SetMagnetDAC 5.87806827586 ===>> OK
Magnet settling time: 1.049
GetData ===>> H2,-0.225601802507947,H1,31.0025340864238,AX,0.40190866858656,L1,3.24074586124197E-05,L2,-0.00355...
setting magnet DAC
current  : 5.878068
requested: 5.879103
Delta Dac: 0.001034
Checking detector protection. dv=0.00103
Checking detector "CDD". Protection Threshold: 0.1 (V)
SetMagnetDAC 5.87910275862 ===>> OK
Magnet settling time: 1.049
GetData ===>> H2,-0.217586440382456,H1,30.8665882146031,AX,0.181763083883727,L1,-0.0145845742605582,L2,0.013255...
setting magnet DAC
current  : 5.879103
requested: 5.880137
Delta Dac: 0.001034
Checking detector protection. dv=0.00103
Checking detector "CDD". Protection Threshold: 0.1 (V)
SetMagnetDAC 5.88013724138 ===>> OK
Magnet settling time: 1.049
GetData ===>> H2,-0.0394675717919133,H1,30.905608899282,AX,0.417419818901012,L1,0.0178510841122326,L2,-0.051568...
setting magnet DAC
current  : 5.880137
requested: 5.881172
Delta Dac: 0.001034
Checking detector protection. dv=0.00103
Checking detector "CDD". Protection Threshold: 0.1 (V)
SetMagnetDAC 5.88117172414 ===>> OK
Magnet settling time: 1.049
GetData ===>> H2,-0.0987673126520516,H1,31.0503735317375,AX,0.332220331319861,L1,-0.0170386442660929,L2,0.12063...
setting magnet DAC
current  : 5.881172
requested: 5.882206
Delta Dac: 0.001034
Checking detector protection. dv=0.00103
Checking detector "CDD". Protection Threshold: 0.1 (V)
SetMagnetDAC 5.8822062069 ===>> OK
Magnet settling time: 1.049
GetData ===>> H2,-0.260537215940487,H1,30.943981531367,AX,0.284132350117606,L1,-0.0118565949330186,L2,0.0431884...
setting magnet DAC
current  : 5.882206
requested: 5.883241
Delta Dac: 0.001034
Checking detector protection. dv=0.00103
Checking detector "CDD". Protection Threshold: 0.1 (V)
SetMagnetDAC 5.88324068966 ===>> OK
Magnet settling time: 1.049
GetData ===>> H2,-0.239925026423949,H1,30.7296932691116,AX,0.280764757142779,L1,0.000651711077350185,L2,-0.0550...
setting magnet DAC
current  : 5.883241
requested: 5.884275
Delta Dac: 0.001034
Checking detector protection. dv=0.00103
Checking detector "CDD". Protection Threshold: 0.1 (V)
SetMagnetDAC 5.88427517241 ===>> OK
Magnet settling time: 1.049
GetData ===>> H2,-0.227205269052314,H1,30.4941415127435,AX,0.286361992924833,L1,0.0352627774261465,L2,0.0430061...
setting magnet DAC
current  : 5.884275
requested: 5.885310
Delta Dac: 0.001034
Checking detector protection. dv=0.00103
Checking detector "CDD". Protection Threshold: 0.1 (V)
SetMagnetDAC 5.88530965517 ===>> OK
Magnet settling time: 1.049
GetData ===>> H2,-0.124297341326924,H1,29.9943038581485,AX,0.159701623751688,L1,0.0105581148226559,L2,0.0790797...
setting magnet DAC
current  : 5.885310
requested: 5.886344
Delta Dac: 0.001034
Checking detector protection. dv=0.00103
Checking detector "CDD". Protection Threshold: 0.1 (V)
SetMagnetDAC 5.88634413793 ===>> OK
Magnet settling time: 1.049
GetData ===>> H2,-0.112109991023536,H1,27.3744086954771,AX,0.210188206286405,L1,-0.0452760636278727,L2,-0.00767...
setting magnet DAC
current  : 5.886344
requested: 5.887379
Delta Dac: 0.001034
Checking detector protection. dv=0.00103
Checking detector "CDD". Protection Threshold: 0.1 (V)
SetMagnetDAC 5.88737862069 ===>> OK
Magnet settling time: 1.049
GetData ===>> H2,-0.201196212133039,H1,22.2726415078617,AX,0.258170056250108,L1,-0.0382968400483343,L2,0.008062...
setting magnet DAC
current  : 5.887379
requested: 5.888413
Delta Dac: 0.001034
Checking detector protection. dv=0.00103
Checking detector "CDD". Protection Threshold: 0.1 (V)
SetMagnetDAC 5.88841310345 ===>> OK
Magnet settling time: 1.049
GetData ===>> H2,-0.0651168054251136,H1,14.9578464841625,AX,0.131963702427714,L1,-0.0259176625921828,L2,-0.1161...
setting magnet DAC
current  : 5.888413
requested: 5.889448
Delta Dac: 0.001034
Checking detector protection. dv=0.00103
Checking detector "CDD". Protection Threshold: 0.1 (V)
SetMagnetDAC 5.88944758621 ===>> OK
Magnet settling time: 1.049
GetData ===>> H2,-0.184459121589408,H1,7.97251057691974,AX,-0.0117736751649144,L1,-0.00508139235979335,L2,0.086...
setting magnet DAC
current  : 5.889448
requested: 5.890482
Delta Dac: 0.001034
Checking detector protection. dv=0.00103
Checking detector "CDD". Protection Threshold: 0.1 (V)
SetMagnetDAC 5.89048206897 ===>> OK
Magnet settling time: 1.049
GetData ===>> H2,-0.120077626117566,H1,1.67263051107225,AX,0.0433157533413403,L1,5.88110991915509E-05,L2,0.1122...
setting magnet DAC
current  : 5.890482
requested: 5.891517
Delta Dac: 0.001034
Checking detector protection. dv=0.00103
Checking detector "CDD". Protection Threshold: 0.1 (V)
SetMagnetDAC 5.89151655172 ===>> OK
Magnet settling time: 1.049
GetData ===>> H2,-0.255618241901549,H1,0.470528003617399,AX,-0.0563746590241642,L1,-0.0339516019021707,L2,-0.00...
setting magnet DAC
current  : 5.891517
requested: 5.892551
Delta Dac: 0.001034
Checking detector protection. dv=0.00103
Checking detector "CDD". Protection Threshold: 0.1 (V)
SetMagnetDAC 5.89255103448 ===>> OK
Magnet settling time: 1.049
GetData ===>> H2,-0.116871216996287,H1,0.025396589303406,AX,-0.101024742768707,L1,-0.0432431525663015,L2,-0.038...
setting magnet DAC
current  : 5.892551
requested: 5.893586
Delta Dac: 0.001034
Checking detector protection. dv=0.00103
Checking detector "CDD". Protection Threshold: 0.1 (V)
SetMagnetDAC 5.89358551724 ===>> OK
Magnet settling time: 1.049
GetData ===>> H2,-0.153402428784561,H1,0.0321739731546035,AX,-0.0501136637478319,L1,-0.0151454203614111,L2,0.10...
setting magnet DAC
current  : 5.893586
requested: 5.894620
Delta Dac: 0.001034
Checking detector protection. dv=0.00103
Checking detector "CDD". Protection Threshold: 0.1 (V)
SetMagnetDAC 5.89462 ===>> OK
Magnet settling time: 1.049
GetData ===>> H2,-0.166086931368443,H1,-0.0632398805850308,AX,-0.0975944141971351,L1,-0.0147235903104052,L2,0.0...
result of _do_sweep=True
result of _calculate_peak_center=([5.8719246092184374, 5.87958993987976, 5.8872552705410826], [23.141494099957352, 31.047762546382565, 22.880968457087111], 5.8811530661322644, 31.047762546382565)
Failed to find a valid peak. No peak greater than 1.0. max = 0.449155878946
Failed to find a valid peak. No peak greater than 1.0. max = 0.0154659082599
new center pos Detector(H1) (Ar40) @ 5.87958993988
GetHighVoltage ===>> 4500
GetDeflection H1 ===>> 0
dac uncorrected for HV and deflection 5.87958993988
update mftable H1 Ar40 5.87958993988 message=automated run peakcenter
get initial guess parabolic
get initial guess parabolic
get initial guess parabolic
get initial guess parabolic
get initial guess parabolic
get initial guess parabolic
dump mftable to /Users/jan/PychronDev/setupfiles/spectrometer/mftables/mftable.csv
add to repo msg=modified - automated run peakcenter
sweep finished
locally archiving mftable
setting magnet DAC
current  : 5.894620
requested: 5.879590
Delta Dac: 0.015030
Checking detector protection. dv=0.01503
Checking detector "CDD". Protection Threshold: 0.1 (V)
SetMagnetDAC 5.87958993988 ===>> OK
Magnet settling time: 0.500
setting integration time = 1.048576
SetIntegrationTime 1.048576 ===>> OK
Failed to find a valid peak. No peak greater than 1.0. max = 0.449155878946
Failed to find a valid peak. No peak greater than 1.0. max = 0.0154659082599
flush and close file /Users/jan/PychronDev/data/isotopes/ca/967e9f-8c47-40e0-932a-fbccfc916efd.h5
finished measure script
executed snippet estimated_duration=226.132928, duration=270.408776045
jan_unknown120_60.py completed successfully
Measurement Finished
09:53:18 -- ******* Measurement Finished *******
Post Measurement Started jan_pump_ms.py
09:53:18 -- ******* Post Measurement Started jan_pump_ms.py *******
testing...
no interpolation path defined
executed snippet estimated_duration=0, duration=2.8133392334e-05
Pumping spectrometer
open () {'name': 'O'}
opening name=O desc=---
checking ownership. requestor=129.138.12.150
check software interlocks O
interlocks []
actuate state mode=None-script, software_lock=False
doing actuation None-script open_channel True
Open O ===>> OK
GetIndicatorState O ===>> OK
change switch state (True, True)
update switch state O True args=() kw={} ncanvase=2
09:53:18 -- OPEN   VALVE-O (Jan Ion Pump)
---------------------------------------- open O () result=[(True, True)], time=0.09 sec
action=open, ok=True, locked=[False]
executed snippet estimated_duration=0, duration=0.348273038864
jan_pump_ms.py completed successfully
setting _ms_pumptime
Post Measurement Finished
09:53:19 -- ******* Post Measurement Finished *******
$$$$$$$$$$$$$$$$$$$$ state at run end measurement
state changed from measurement to success
post measurement save measured=True aborted=False
Set filtering
setting fod for Ar40= {'filter_outliers': True, 'std_devs': 2, 'iterations': 1}
setting fod for H1= {'filter_outliers': True, 'std_devs': 2, 'iterations': 1}
setting fod for PM41= {'filter_outliers': False, 'std_devs': 2, 'iterations': 1}
setting fod for H2= {'filter_outliers': True, 'std_devs': 2, 'iterations': 1}
setting fod for Ar36= {'filter_outliers': True, 'std_devs': 2, 'iterations': 1}
setting fod for CDD= {'filter_outliers': True, 'std_devs': 10, 'iterations': 1}
setting fod for Ar37= {'filter_outliers': True, 'std_devs': 2, 'iterations': 1}
setting fod for L2= {'filter_outliers': True, 'std_devs': 2, 'iterations': 1}
setting fod for Ar38= {'filter_outliers': True, 'std_devs': 2, 'iterations': 1}
setting fod for L1= {'filter_outliers': True, 'std_devs': 2, 'iterations': 1}
setting fod for Ar39= {'filter_outliers': True, 'std_devs': 2, 'iterations': 1}
setting fod for AX= {'filter_outliers': True, 'std_devs': 2, 'iterations': 1}
persistence save...
persistence save - db
post measurement save
10594926960 connecting to database sqlite:////Users/jan/PychronDev/.appdata/local_lab.db
connected to db sqlite:////Users/jan/PychronDev/.appdata/local_lab.db
create new session 10594926960
close session 10594926960
No database instance. Not saving post measurement to isotopedb database
$$$$$$$$$$$$$$$ auto_save_detector_ic=False
massspec enabled True
create new session 5029868176
MassSpec Database Version: 16.0
close session 5029868176
saving post measurement to secondary database
saving to massspec database 129.138.12.160/massspecdata
setting labnumber to 65539
setting aliquot to 2
setting step to M
setting uuid to ca967e9f-8c47-40e0-932a-fbccfc916efd
setting irradpos to 65539
setting extract_device to Fusions CO2
setting tray to 
setting position to 207
setting power_requested to 0.675
setting extract_value to 0.675
setting duration to 30.0
setting duration_at_request to 30.0
setting first_stage_delay to 30.0
setting cleanup to 30.0
setting comment to G:9
setting irradiation to NM-289
setting level to G
setting irradiation_level to G
setting sample to REE-1014
setting material to Kspar
setting project to REE
setting mass_spectrometer to Jan
no attribute chron_dosages
no attribute production_ratios
no attribute interference_corrections
no attribute production_name
no attribute j
Reference Isotope=Ar40
Reference Detector=H1
%%%%%%%%%%%%%%%%%%%% Comment: G:9 %%%%%%%%%%%%%%%%%%%
adding isotope PM41 H2
add baseline dbdet= PM41. original det= H2
get baseline data PM41 H2
Get data baseline <pychron.processing.isotope.Baseline object at 0x25dc9eb90> len t=60
baseline PM41. v=-0.189228492547, e=0.006767577104
get signal data PM41 H2
Get data signal PM41 0.04+/-0.07 len t=120
adding isotope Ar40 H1
add baseline dbdet= Ar40. original det= H1
get baseline data Ar40 H1
Get data baseline <pychron.processing.isotope.Baseline object at 0x25dc9ed50> len t=60
baseline Ar40. v=-0.0337537903038, e=0.00452051458314
get signal data Ar40 H1
Get data signal Ar40 30.565+/-0.015 len t=120
adding isotope Ar39 AX
add baseline dbdet= Ar39. original det= AX
get baseline data Ar39 AX
Get data baseline <pychron.processing.isotope.Baseline object at 0x25dc9ef10> len t=60
baseline Ar39. v=-0.101266517881, e=0.00652216847121
get signal data Ar39 AX
Get data signal Ar39 0.315+/-0.011 len t=120
adding isotope Ar38 L1
add baseline dbdet= Ar38. original det= L1
get baseline data Ar38 L1
Get data baseline <pychron.processing.isotope.Baseline object at 0x25dc9a110> len t=60
baseline Ar38. v=-0.021757191546, e=0.00257864092411
get signal data Ar38 L1
Get data signal Ar38 0.010+/-0.005 len t=120
adding isotope Ar37 L2
add baseline dbdet= Ar37. original det= L2
get baseline data Ar37 L2
Get data baseline <pychron.processing.isotope.Baseline object at 0x25dc9a2d0> len t=60
baseline Ar37. v=-0.011146803806, e=0.00674535175477
get signal data Ar37 L2
Get data signal Ar37 0.043+/-0.010 len t=120
adding isotope Ar36 CDD
add baseline dbdet= Ar36. original det= CDD
get baseline data Ar36 CDD
Get data baseline <pychron.processing.isotope.Baseline object at 0x25dc9a490> len t=60
baseline Ar36. v=9.92436074678e-06, e=4.83437743744e-06
get signal data Ar36 CDD
Get data signal Ar36 0.00874+/-0.00024 len t=120
65539-02M added analysis time 0.522530078888s
analysis added to mass spec database
mass spec save time= 0.531
persistence save - dvc
================= post measurement started
create new session 4984998608
close session 4984998608
---------------- Experiment Queue saving disabled
DVC saving peakcenter
Failed to find a valid peak. No peak greater than 1.0. max = 0.449155878946
Failed to find a valid peak. No peak greater than 1.0. max = 0.0154659082599
Smart pull ahead: 0 behind: 0
Up-to-date with origin
add to repo msg=modified - ad8224ebc6dbfeb9f5997218dfa5fe690569839d.json
add to repo msg=modified - 39-02M.json
add to repo msg=modified - 39-02M.dat.json
add to repo msg=modified - 39-02M.blan.json
add to repo msg=modified - 39-02M.inte.json
add to repo msg=modified - 39-02M.icfa.json
add to repo msg=modified - 39-02M.base.json
not at valid file /Users/jan/PychronDev/data/.dvc/repositories/REEFenite/655/tags/39-02M.tags.json
add to repo msg=modified - 39-02M.peak.json
add to repo msg=modified - 39-02M.extr.json
not at valid file /Users/jan/PychronDev/data/.dvc/repositories/REEFenite/655/monitor/39-02M.moni.json
commit message=<COLLECTION>
add to repo msg=modified - 39-02M.inte.json
add to repo msg=modified - 39-02M.base.json
commit message=<ISOEVO> default collection fits
add to repo msg=modified - 39-02M.blan.json
commit message=<BLANKS> preceding bu-FC-J-7847
add to repo msg=modified - 39-02M.icfa.json
commit message=<ICFactor> default
push repository <pychron.git_archive.repo_manager.GitRepoManager object at 0x26067b0b0>
pushing to remote=origin, url=https://github.com
no changes to meta repo
create new session 4984998608
add association REEFenite
get identifier "65539"
setting analysis irradiation position=<pychron.dvc.dvc_orm.IrradiationPositionTbl object at 0x27537d190>
close session 4984998608
================= post measurement finished
09:53:37 -- ******* Post Run Check *******
loading queue conditionals post_run_actions
loading system conditionals post_run_actions
loading conditionals from /Users/jan/PychronDev/setupfiles/spectrometer/default_conditionals.yaml
loading queue conditionals post_run_terminations
loading system conditionals post_run_terminations
loading conditionals from /Users/jan/PychronDev/setupfiles/spectrometer/default_conditionals.yaml
Checking default post run terminations n=1
GetDeflection CDD ===>> 50
testing CDD==2000
evaluate ot="CDD.deflection==2000" t="CDD==2000", ctx="{'CDD': 50.0}"
09:53:37 -- ******* Post Run Check Passed *******
09:53:37 -- Automated run 65539-02M success duration: 365.392 s
----------------- finish -----------------
----------------- stop -----------------
retroactive repository identifiers disabled
finish run. runs completed=6
update duration runid=65539-02M, duration=365.391942024, md5=3be28e4d
loading script "jan_unknown120_60.py"
loading script "jan_pump_ms.py"
loading script "jan_co2.py"
loading script "jan_pump_extraction_line.py"
testing...
no interpolation path defined
executed snippet estimated_duration=213.652928, duration=0.000220060348511
script duration name:unknown120_60 seconds:214.0
loading script "jan_unknown120_60.py"
loading script "jan_pump_ms.py"
loading script "jan_co2.py"
loading script "jan_pump_extraction_line.py"
testing...
no interpolation path defined
executed snippet estimated_duration=0, duration=3.40938568115e-05
loading script "jan_unknown120_60.py"
loading script "jan_pump_ms.py"
loading script "jan_co2.py"
loading script "jan_pump_extraction_line.py"
testing...
no interpolation path defined
calculate duration
testing...
no interpolation path defined
executed snippet estimated_duration=0, duration=5.79357147217e-05
calculate duration
testing...
no interpolation path defined
executed snippet estimated_duration=0, duration=0.000101089477539
executed snippet estimated_duration=0.0, duration=0.00250601768494
script duration name:co2 seconds:0.0
loading script "jan_unknown120_60.py"
loading script "jan_pump_ms.py"
loading script "jan_co2.py"
loading script "jan_pump_extraction_line.py"
testing...
no interpolation path defined
calculate duration
testing...
no interpolation path defined
executed snippet estimated_duration=4.0, duration=0.000192165374756
executed snippet estimated_duration=4.0, duration=0.00223588943481
Script duration 214.0
Run total estimated duration= 215.000
unknown120_60 in script context. using previous estimated duration
script duration name:unknown120_60 seconds:214.0
pump_ms in script context. using previous estimated duration
co2 in script context. using previous estimated duration
script duration name:co2 seconds:0.0
pump_extraction_line in script context. using previous estimated duration
Script duration 214.0
Run total estimated duration= 215.000
script duration name:unknown120_60 seconds:214.0
script duration name:co2 seconds:0.0
Script duration 214.0
Run total estimated duration= 215.000
script duration name:unknown120_60 seconds:214.0
script duration name:co2 seconds:0.0
Script duration 214.0
Run total estimated duration= 215.000
script duration name:unknown120_60 seconds:214.0
script duration name:co2 seconds:0.0
Script duration 214.0
Run total estimated duration= 215.000
script duration name:unknown120_60 seconds:214.0
script duration name:co2 seconds:0.0
Script duration 214.0
Run total estimated duration= 215.000
script duration name:unknown120_60 seconds:214.0
script duration name:co2 seconds:0.0
Script duration 214.0
Run total estimated duration= 215.000
script duration name:unknown120_60 seconds:214.0
script duration name:co2 seconds:0.0
Script duration 214.0
Run total estimated duration= 215.000
script duration name:unknown120_60 seconds:214.0
script duration name:co2 seconds:0.0
Script duration 214.0
Run total estimated duration= 215.000
script duration name:unknown120_60 seconds:214.0
script duration name:co2 seconds:0.0
Script duration 214.0
Run total estimated duration= 215.000
script duration name:unknown120_60 seconds:214.0
script duration name:co2 seconds:0.0
Script duration 214.0
Run total estimated duration= 215.000
script duration name:unknown120_60 seconds:214.0
script duration name:co2 seconds:0.0
Script duration 214.0
Run total estimated duration= 215.000
script duration name:unknown120_60 seconds:214.0
script duration name:co2 seconds:0.0
Script duration 214.0
Run total estimated duration= 215.000
script duration name:unknown120_60 seconds:214.0
script duration name:co2 seconds:0.0
Script duration 214.0
Run total estimated duration= 215.000
script duration name:unknown120_60 seconds:214.0
script duration name:co2 seconds:0.0
Script duration 214.0
Run total estimated duration= 215.000
script duration name:unknown120_60 seconds:214.0
script duration name:co2 seconds:0.0
Script duration 214.0
Run total estimated duration= 215.000
script duration name:unknown120_60 seconds:214.0
script duration name:co2 seconds:0.0
Script duration 214.0
Run total estimated duration= 215.000
script duration name:unknown120_60 seconds:214.0
script duration name:co2 seconds:0.0
Script duration 214.0
Run total estimated duration= 215.000
loading script "jan_unknown400_120.py"
loading script "jan_pump_ms.py"
loading script "jan_sniffair_x2.py"
loading script "jan_pump_extraction_line.py"
testing...
no interpolation path defined
executed snippet estimated_duration=556.052928, duration=0.000226020812988
script duration name:unknown400_120 seconds:556.0
loading script "jan_unknown400_120.py"
loading script "jan_pump_ms.py"
loading script "jan_sniffair_x2.py"
loading script "jan_pump_extraction_line.py"
testing...
no interpolation path defined
calculate duration
testing...
no interpolation path defined
executed snippet estimated_duration=0, duration=0.000102043151855
calculate duration
testing...
no interpolation path defined
executed snippet estimated_duration=0, duration=0.000113964080811
calculate duration
testing...
no interpolation path defined
executed snippet estimated_duration=32.0, duration=0.000146865844727
calculate duration
testing...
no interpolation path defined
executed snippet estimated_duration=34.0, duration=9.98973846436e-05
calculate duration
testing...
no interpolation path defined
executed snippet estimated_duration=4.0, duration=6.69956207275e-05
calculate duration
testing...
no interpolation path defined
executed snippet estimated_duration=36.0, duration=0.000173091888428
calculate duration
testing...
no interpolation path defined
executed snippet estimated_duration=34.0, duration=0.000174045562744
calculate duration
testing...
no interpolation path defined
executed snippet estimated_duration=4.0, duration=7.89165496826e-05
calculate duration
testing...
no interpolation path defined
executed snippet estimated_duration=36.0, duration=0.000101089477539
calculate duration
testing...
no interpolation path defined
executed snippet estimated_duration=70.0, duration=0.000119924545288
executed snippet estimated_duration=250.0, duration=0.0280010700226
script duration name:sniffair_x2 seconds:250.0
Script duration 806.0
Run total estimated duration= 807.000
unknown400_120 in script context. using previous estimated duration
script duration name:unknown400_120 seconds:556.0
sniffair_x2 in script context. using previous estimated duration
script duration name:sniffair_x2 seconds:250.0
Script duration 806.0
Run total estimated duration= 807.000
script duration name:unknown400_120 seconds:556.0
script duration name:sniffair_x2 seconds:250.0
Script duration 806.0
Run total estimated duration= 807.000
script duration name:unknown400_120 seconds:556.0
loading script "jan_unknown400_120.py"
loading script "jan_pump_ms.py"
loading script "jan_cocktail_x1.py"
loading script "jan_pump_extraction_line.py"
testing...
no interpolation path defined
calculate duration
testing...
no interpolation path defined
executed snippet estimated_duration=0, duration=4.98294830322e-05
calculate duration
testing...
no interpolation path defined
executed snippet estimated_duration=0, duration=0.000129222869873
calculate duration
testing...
no interpolation path defined
executed snippet estimated_duration=32.0, duration=0.000112056732178
calculate duration
testing...
no interpolation path defined
executed snippet estimated_duration=34.0, duration=0.000138998031616
calculate duration
testing...
no interpolation path defined
executed snippet estimated_duration=4.0, duration=9.29832458496e-05
calculate duration
testing...
no interpolation path defined
executed snippet estimated_duration=38.0, duration=0.000102996826172
executed snippet estimated_duration=108.0, duration=0.0112810134888
script duration name:cocktail_x1 seconds:108.0
Script duration 664.0
Run total estimated duration= 665.000
script duration name:unknown400_120 seconds:556.0
cocktail_x1 in script context. using previous estimated duration
script duration name:cocktail_x1 seconds:108.0
Script duration 664.0
Run total estimated duration= 665.000
script duration name:unknown400_120 seconds:556.0
script duration name:cocktail_x1 seconds:108.0
Script duration 664.0
Run total estimated duration= 665.000
nruns=24 before=5.0, run_dur=8286.0, btw=690.0
write rem/ex queues
/Users/jan/PychronDev/experiments/rem/Load1796.rem.txt
/Users/jan/PychronDev/experiments/rem/Load1796.ex.txt
doing event level: 3
