do run
loading script "jan_unknown60_30.py"
loading script "jan_pump_ms.py"
loading script "jan_co2.py"
loading script "jan_pump_extraction_line.py"
testing...
no interpolation path defined
executed snippet estimated_duration=122.452928, duration=0.000177145004272
script duration name:unknown60_30 seconds:122.0
loading script "jan_unknown60_30.py"
loading script "jan_pump_ms.py"
loading script "jan_co2.py"
loading script "jan_pump_extraction_line.py"
testing...
no interpolation path defined
executed snippet estimated_duration=0, duration=1.90734863281e-05
loading script "jan_unknown60_30.py"
loading script "jan_pump_ms.py"
loading script "jan_co2.py"
loading script "jan_pump_extraction_line.py"
testing...
no interpolation path defined
calculate duration
testing...
no interpolation path defined
executed snippet estimated_duration=0, duration=4.29153442383e-05
calculate duration
testing...
no interpolation path defined
executed snippet estimated_duration=0, duration=7.08103179932e-05
executed snippet estimated_duration=0.0, duration=0.00201392173767
script duration name:co2 seconds:0.0
loading script "jan_unknown60_30.py"
loading script "jan_pump_ms.py"
loading script "jan_co2.py"
loading script "jan_pump_extraction_line.py"
testing...
no interpolation path defined
calculate duration
testing...
no interpolation path defined
executed snippet estimated_duration=4.0, duration=0.000109910964966
executed snippet estimated_duration=4.0, duration=0.00176692008972
Script duration 122.0
Run total estimated duration= 123.000
run duration: 0:02:03
doing event level: 2
09:57:45 -- Setting default integration. t=1.048576
setting integration time = 1.048576
SetIntegrationTime 1.048576 ===>> OK
----------------- start -----------------
**************** Experiment Type: Ar/Ar, Ar/Ar
create new session 4427860976
close session 4427860976
$$$$$ Clearing conditionals
adding conditionals 
Add queue conditionals
add default conditionals
adding default conditionals from /Users/jan/PychronDev/setupfiles/spectrometer/default_conditionals.yaml
Start automated run 65546-03G
loading script "jan_unknown60_30.py"
loading script "jan_pump_ms.py"
loading script "jan_co2.py"
loading script "jan_pump_extraction_line.py"
%%%%%%%%%%%%%%%%%% setting automated run 65546-03G
No value "sensitivity_multiplier" in metadata
$$$$$$$$$$$$$$$ auto_save_detector_ic=False
============================= Pre Extraction Check =============================
loading queue conditionals pre_run_terminations
loading system conditionals pre_run_terminations
loading conditionals from /Users/jan/PychronDev/setupfiles/spectrometer/default_conditionals.yaml
09:57:45 -- ******* Pre Extraction Check *******
Get a measurement from the spectrometer
Pre Extraction Termination data. keys=H2,H1,AX,L1,L2,CDD, signals=-0.15825,-0.13012,-0.08719,-0.01081,0.00258,0.00194
09:57:45 -- testing system defined conditionals
Checking default pre extraction terminations n=2
testing CDD
evaluate ot="CDD.inactive" t="CDD", ctx="{'CDD': False}"
GetDeflection CDD ===>> 50
testing CDD==2000
evaluate ot="CDD.deflection==2000" t="CDD==2000", ctx="{'CDD': 50.0}"
09:57:45 -- ******* Pre Extraction Check Passed *******
=================================================================================
09:57:45 -- stopping status monitor
stop 4996987312
Status monitor stopped
Status monitor finished
09:57:47 -- starting status monitor
start 4996987312
StatusMonitor period=1. Frequencies(state=2, checksum=3, lock=5, owner=5)
start extraction
do extraction
Analysis started at 09:57:48.589388
Extraction Started jan_co2.py
09:57:48 -- ******* Extraction Started jan_co2.py *******
state changed from not run to extraction
DO EXTRACTION <pychron.extraction_line.pyscript_runner.RemotePyScriptRunner object at 0x12c899710>
testing...
no interpolation path defined
calculate duration
testing...
no interpolation path defined
executed snippet estimated_duration=0, duration=4.88758087158e-05
calculate duration
testing...
no interpolation path defined
executed snippet estimated_duration=0, duration=8.98838043213e-05
executed snippet estimated_duration=70.0, duration=0.00325179100037
Jan CO2 laser analysis
doing GOSUB
testing...
no interpolation path defined
executed snippet estimated_duration=0, duration=4.10079956055e-05
Waiting for CO2 access
wait ('FelixCO2Flag', 0) {}
waiting for FelixCO2Flag = 0
Read FelixCO2Flag ===>> 0
finished waiting
CO2 free
wait ('CO2PumpTimeFlag', 0) {}
waiting for CO2PumpTimeFlag = 0
Read CO2PumpTimeFlag ===>> 0
finished waiting
acquire ('JanCO2Flag',) {'clear': True}
acquire JanCO2Flag
Set JanCO2Flag 1 ===>> OK
JanCO2Flag acquired
set extraction state False (0.75, 'red', 1.5)
CO2 acquired
executed snippet estimated_duration=0, duration=0.0158059597015
WaitForCO2Access.py completed successfully
gosub finished
doing GOSUB
testing...
no interpolation path defined
executed snippet estimated_duration=0, duration=9.70363616943e-05
Prepare for CO2 analysis
close () {'description': 'Jan Inlet'}
close name=--- desc=Jan Inlet
checking ownership. requestor=129.138.12.150
check software interlocks R
interlocks []
actuate state mode=None-script, software_lock=False
doing actuation None-script close_channel False
Close R ===>> OK
GetIndicatorState R ===>> False
change switch state (True, True)
update switch state R False args=() kw={} ncanvase=2
09:57:49 -- CLOSE  VALVE-R (Jan Inlet)
-------------------------- close None (Jan Inlet) result=[(True, True)]
action=close, ok=True, locked=[False]
open () {'description': 'Jan Ion Pump'}
open name=--- desc=Jan Ion Pump
checking ownership. requestor=129.138.12.150
check software interlocks O
interlocks []
actuate state mode=None-script, software_lock=False
doing actuation None-script open_channel False
Open O ===>> OK
GetIndicatorState O ===>> OK
change switch state (True, True)
update switch state O True args=() kw={} ncanvase=2
09:57:49 -- OPEN   VALVE-O (Jan Ion Pump)
-------------------------- open None (Jan Ion Pump) result=[(True, True)]
action=open, ok=True, locked=[False]
close () {'description': 'Microbone to Minibone'}
close name=--- desc=Microbone to Minibone
checking ownership. requestor=129.138.12.150
check software interlocks L
interlocks []
actuate state mode=None-script, software_lock=False
doing actuation None-script close_channel False
Close L ===>> OK
GetIndicatorState L ===>> False
change switch state (True, True)
update switch state L False args=() kw={} ncanvase=2
09:57:50 -- CLOSE  VALVE-L (Microbone to Minibone)
-------------------------- close None (Microbone to Minibone) result=[(True, True)]
action=close, ok=True, locked=[False]
open () {'description': 'Microbone to Turbo'}
open name=--- desc=Microbone to Turbo
checking ownership. requestor=129.138.12.150
check software interlocks U
interlocks []
actuate state mode=None-script, software_lock=False
doing actuation None-script open_channel False
Open U ===>> OK
GetIndicatorState U ===>> OK
change switch state (True, True)
update switch state U True args=() kw={} ncanvase=2
09:57:50 -- OPEN   VALVE-U (Microbone to Turbo)
-------------------------- open None (Microbone to Turbo) result=[(True, True)]
action=open, ok=True, locked=[False]
open () {'description': 'Microbone to Inlet Pipette'}
open name=--- desc=Microbone to Inlet Pipette
checking ownership. requestor=129.138.12.150
check software interlocks S
interlocks []
actuate state mode=None-script, software_lock=False
doing actuation None-script open_channel False
Open S ===>> OK
GetIndicatorState S ===>> OK
change switch state (True, True)
update switch state S True args=() kw={} ncanvase=2
09:57:51 -- OPEN   VALVE-S (Microbone to Inlet Pipette)
-------------------------- open None (Microbone to Inlet Pipette) result=[(True, True)]
action=open, ok=True, locked=[False]
open () {'description': 'Microbone to Getter D-50'}
open name=--- desc=Microbone to Getter D-50
checking ownership. requestor=129.138.12.150
check software interlocks K
interlocks []
actuate state mode=None-script, software_lock=False
doing actuation None-script open_channel False
Open K ===>> OK
GetIndicatorState K ===>> OK
change switch state (True, True)
update switch state K True args=() kw={} ncanvase=2
09:57:51 -- OPEN   VALVE-K (Microbone to Getter D-50)
-------------------------- open None (Microbone to Getter D-50) result=[(True, True)]
action=open, ok=True, locked=[False]
open () {'description': 'Microbone to Getter NP-10'}
open name=--- desc=Microbone to Getter NP-10
checking ownership. requestor=129.138.12.150
check software interlocks M
interlocks []
actuate state mode=None-script, software_lock=False
doing actuation None-script open_channel False
Open M ===>> OK
GetIndicatorState M ===>> OK
change switch state (True, True)
update switch state M True args=() kw={} ncanvase=2
09:57:52 -- OPEN   VALVE-M (Microbone to Getter NP-10)
-------------------------- open None (Microbone to Getter NP-10) result=[(True, True)]
action=open, ok=True, locked=[False]
close () {'description': 'CO2 Laser to Felix'}
close name=--- desc=CO2 Laser to Felix
checking ownership. requestor=129.138.12.150
check software interlocks F
interlocks []
actuate state mode=None-script, software_lock=True
VALVE-F(CO2 Laser to Felix) software locked
change switch state (True, False)
-------------------------- close None (CO2 Laser to Felix) result=[(True, False)]
action=close, ok=True, locked=[True]
open () {'description': 'CO2 Laser to Jan'}
open name=--- desc=CO2 Laser to Jan
checking ownership. requestor=129.138.12.150
check software interlocks A
interlocks []
actuate state mode=None-script, software_lock=False
doing actuation None-script open_channel False
Open A ===>> OK
GetIndicatorState A ===>> OK
change switch state (True, True)
update switch state A True args=() kw={} ncanvase=2
09:57:52 -- OPEN   VALVE-A (CO2 Laser to Jan)
-------------------------- open None (CO2 Laser to Jan) result=[(True, True)]
action=open, ok=True, locked=[False]
open () {'description': 'Microbone to CO2 Laser'}
open name=--- desc=Microbone to CO2 Laser
checking ownership. requestor=129.138.12.150
check software interlocks T
interlocks []
actuate state mode=None-script, software_lock=False
doing actuation None-script open_channel False
Open T ===>> OK
GetIndicatorState T ===>> OK
change switch state (True, True)
update switch state T True args=() kw={} ncanvase=2
09:57:53 -- OPEN   VALVE-T (Microbone to CO2 Laser)
-------------------------- open None (Microbone to CO2 Laser) result=[(True, True)]
action=open, ok=True, locked=[False]
executed snippet estimated_duration=0, duration=4.87091588974
PrepareForCO2Analysis.py completed successfully
gosub finished
set_motor ('beam', '1.2') {}
setting motor "beam" to 1.2
set motor beam to 1.2
SetMotor beam,1.2 ===>> OK
GetMotorMoving beam ===>> False
GetMotorMoving beam ===>> False
Block completed
move_to_position ('140',) {'autocenter': True}
FusionsCO2 move to position 140
sending GoToHole 140,True
GoToHole 140,True ===>> OK
GetDriveMoving ===>> False
GetDriveMoving ===>> False
Block completed
GetAutoCorrecting ===>> False
GetAutoCorrecting ===>> False
Block completed
update position
GetPosition ===>> -9.96950,-3.98780,1.00000
got position (-9.9695, -3.9878, 1.0)
move to position succeeded
sleep (5,) {}
SLEEP 5.0
block started
WaitControl setup for 5.0  
Join finished
block finished. duration 5.02035307884
close () {'description': 'Microbone to Turbo'}
close name=--- desc=Microbone to Turbo
checking ownership. requestor=129.138.12.150
check software interlocks U
interlocks []
actuate state mode=None-script, software_lock=False
doing actuation None-script close_channel True
Close U ===>> OK
GetIndicatorState U ===>> False
change switch state (True, True)
update switch state U False args=() kw={} ncanvase=2
09:58:01 -- CLOSE  VALVE-U (Microbone to Turbo)
-------------------------- close None (Microbone to Turbo) result=[(True, True)]
action=close, ok=True, locked=[False]
enable laser
enable () {}
set extraction state FusionsCO2 Enabled (False, 'red', 1.5)
enabling laser
Enable ===>> OK
begin interval
BEGIN INTERVAL Interval 1 waiting for 30.0
block started
set extract to 0.3
WaitControl setup for 30.0  
extract (0.3,) {}
GetPosition ===>> -9.96950,-3.98780,1.00000
set extraction state FusionsCO2 ON! 0.3(watts) (0.75, 'red', 1.5)
extract sample to 0.3 (watts)
set laser output
SetLaserOutput 0.3,watts ===>> OK
COMPLETE INTERVAL waiting for Interval 1 to complete
Join finished
block finished. duration 30.0733501911
Interval 1 finished
end_extract () {}
ending extraction. set laser power to 0
set laser power 0
SetLaserPower 0 ===>> OK
disable () {}
%%%%%%%%%%%%%%%%%%%%%%%%%%%%%%%%%%% disable
set extraction state False (0.75, 'red', 1.5)
disabling laser
Disable ===>> OK
sleep (15.0,) {}
SLEEP 15.0
block started
WaitControl setup for 15.0  
Join finished
block finished. duration 15.0341689587
executed snippet estimated_duration=150.0, duration=59.0945441723
jan_co2.py completed successfully
GetAchievedOutput ===>> No Response
Requested Output= 0.000
Achieved Output=  0.000
GetResponseBlob ===>> No Response
GetOutputBlob ===>> No Response
persistence save...
persistence save - db
AutomatedRunPersister post_extraction_save deprecated
persistence save - dvc
no extraction position for 140
Extraction Finished
09:58:47 -- ******* Extraction Finished *******
no overlap. not waiting for min ms pumptime
09:58:47 -- Sending spectrometer configuration
======== Sending configuration ========
SetDeflection CDD,50.0 ===>> OK
SetDeflection H2,0.0 ===>> OK
SetDeflection H1,0.0 ===>> OK
SetDeflection L2,825.0 ===>> OK
SetDeflection L1,400.0 ===>> OK
SetDeflection AX,190.0 ===>> OK
SetZFocus 74.64 ===>> OK
SetZSymmetry -50.72 ===>> OK
SetExtractionLens 26.13 ===>> OK
SetIonRepeller -3.81 ===>> OK
SetElectronEnergy 75.08 ===>> OK
SetYSymmetry -2.81 ===>> OK
SetIonCounterVoltage 1590.0 ===>> OK
send trap current 200.0
GetParameter Trap Current Readback ===>> 198.258926936459
SetParameter Trap Current Set,200.0 ===>> OK
updating mftable name mftable
Using mftable located at /Users/jan/PychronDev/setupfiles/spectrometer/mftables/mftable.csv
============ MFtable ===========
Isotope  H2     H1     AX     L1     L2     CDD    
Ar40     5.8261 5.8793 5.9932 6.1660 6.2316 6.3942
Ar39     5.7253 5.7716 5.8856 6.0520 6.1167 6.2807
Ar36     5.4028 5.4406 5.5490 5.7109 5.7717 5.9318
================================
get initial guess parabolic
get initial guess parabolic
get initial guess parabolic
get initial guess parabolic
get initial guess parabolic
get initial guess parabolic
======== Configuration Finished ========
GetYSymmetry ===>> -2.81
GetZSymmetry ===>> -50.72
GetParameter Trap Current Readback ===>> 197.923274125618
GetHighVoltage ===>> 4500
start measurement
do measurement
L#=65546 analysis type=unknown
Measurement Started jan_unknown60_30.py
09:58:47 -- ******* Measurement Started jan_unknown60_30.py *******
state changed from extraction to measurement
setting spec, defl, and gains
GetExtractionLens ===>> 26.13
GetYSymmetry ===>> -2.81
GetZSymmetry ===>> -50.72
GetZFocus ===>> 74.64
GetDeflection H2 ===>> 0
GetDeflection H1 ===>> 0
GetDeflection AX ===>> 190
GetDeflection L1 ===>> 400
GetDeflection L2 ===>> 825
GetDeflection CDD ===>> 50
GetGain H2 ===>> 0.0113
GetGain H1 ===>> 0.99
GetGain AX ===>> 0.097049
GetGain L1 ===>> 0.010355
GetGain L2 ===>> 0.095649
GetGain CDD ===>> 0
pre measurement save
New frame /Users/jan/PychronDev/data/isotopes/b7/68b441-f34a-4854-a19f-ef858de8e151.h5
flush and close file /Users/jan/PychronDev/data/isotopes/b7/68b441-f34a-4854-a19f-ef858de8e151.h5
testing...
no interpolation path defined
executed snippet estimated_duration=134.932928, duration=0.000326156616211
unknown measurement script
activate_detectors ('H2', 'H1', 'AX', 'L1', 'L2', 'CDD') {}
activate detectors
*************** Set Analysis View Ar/Ar
create graphs
clearing graphs
clear isotope group
setting isotope det=H2, iso=PM41
setting isotope det=H1, iso=Ar40
setting isotope det=AX, iso=Ar39
setting isotope det=L1, iso=Ar38
setting isotope det=L2, iso=Ar37
setting isotope det=CDD, iso=Ar36
setting previous blanks
 - setting Ar40 blank 0.249+/-0.020
 - setting Ar36 blank 0.00371+/-0.00016
 - setting Ar37 blank 0.052+/-0.005
 - setting Ar38 blank 0.0118+/-0.0023
 - setting PM41 blank 0.04+/-0.07
 - setting Ar39 blank 0.009+/-0.009
load analysis view
position_magnet ('Ar40',) {'detector': 'H1'}
detector Detector(H1)
POSITION Ar40 H1
setting detector H2 to PM41 (40.9624)
setting detector H1 to Ar40 (39.9624)
setting detector AX to Ar39 (38.9624)
setting detector L1 to Ar38 (37.9624)
setting detector L2 to Ar37 (36.9624)
setting detector CDD to Ar36 (35.9624)
Mapping mass to dac mass func: "parabolic"
H1 map mass coeffs = [-0.00063987  0.15840543  0.57092999]
H1 map mass to dac 39.9624 >> 5.87932
GetDeflection H1 ===>> 0
GetHighVoltage ===>> 4500
positioning Ar40 (5.87932) on H1
setting magnet DAC
current  : 5.879320
requested: 5.879320
Delta Dac: 0.000000
Checking detector protection. dv=0.00000
Checking detector "CDD". Protection Threshold: 0.1 (V)
SetMagnetDAC 5.87932 ===>> OK
set_dac. change=False
equilibrate () {'delay': 3, 'inlet': 'R', 'outlet': 'O', 'eqtime': 12.0}
Equilibration Started
09:58:48 -- ******* Equilibration Started *******
checking ownership. requestor=129.138.12.150
check software interlocks O
interlocks []
actuate state mode=None-script, software_lock=False
doing actuation None-script close_channel True
Close O ===>> OK
update labels <pychron.experiment.plot_panel.PlotPanel object at 0x152454b90>
update labels "<pychron.graph.stacked_regression_graph.StackedRegressionGraph object at 0x137fb0770>"
setting label 0 H2 PM41
setting label 1 H1 Ar40
setting label 2 AX Ar39
setting label 3 L1 Ar38
setting label 4 L2 Ar37
setting label 5 CDD Ar36
update labels "<pychron.graph.stacked_graph.StackedGraph object at 0x1471ed530>"
setting label 0 H2 PM41
setting label 1 H1 Ar40
setting label 2 AX Ar39
setting label 3 L1 Ar38
setting label 4 L2 Ar37
setting label 5 CDD Ar36
GetIndicatorState O ===>> False
change switch state (True, True)
update switch state O False args=() kw={} ncanvase=2
09:58:48 -- CLOSE  VALVE-O (Jan Ion Pump)
waiting 3s before opening inlet value ('R',)
checking ownership. requestor=129.138.12.150
check software interlocks R
interlocks []
actuate state mode=None-script, software_lock=False
doing actuation None-script open_channel True
Open R ===>> OK
set states for children of R. state=True
handle state [('R', True)]
update switch state R True args=() kw={'refresh': False} ncanvase=2
refresh_canvas_needed fired
GetIndicatorState R ===>> OK
change switch state (True, True)
update switch state R True args=() kw={} ncanvase=2
09:58:52 -- OPEN   VALVE-R (Jan Inlet)
equilibrating for 12.0sec
set_time_zero () {}
sniff (12.0,) {}
py_sniff
build tables- sniff [Detector(H2), Detector(H1), Detector(AX), Detector(L1), Detector(L2), Detector(CDD)]
add group /sniff/PM41 (Group) '' table H2
add group /sniff/Ar40 (Group) '' table H1
add group /sniff/Ar39 (Group) '' table AX
add group /sniff/Ar38 (Group) '' table L1
add group /sniff/Ar37 (Group) '' table L2
add group /sniff/Ar36 (Group) '' table CDD
flush and close file /Users/jan/PychronDev/data/isotopes/b7/68b441-f34a-4854-a19f-ef858de8e151.h5
measuring sniff. ncounts=12.0
"sniff" increment series count="1" fit count="0" regressing="False"
starting measurement
Equilibration Finished
09:59:04 -- ******* Equilibration Finished *******
checking ownership. requestor=129.138.12.150
check software interlocks R
interlocks []
actuate state mode=None-script, software_lock=False
doing actuation None-script close_channel True
Close R ===>> OK
GetIndicatorState R ===>> False
change switch state (True, True)
update switch state R False args=() kw={} ncanvase=2
09:59:05 -- CLOSE  VALVE-R (Jan Inlet)
Post Equilibration Started jan_pump_extraction_line.py
09:59:05 -- ******* Post Equilibration Started jan_pump_extraction_line.py *******
testing...
no interpolation path defined
calculate duration
testing...
no interpolation path defined
executed snippet estimated_duration=4.0, duration=0.000250101089478
executed snippet estimated_duration=4.0, duration=0.0284519195557
Pump after analysis
doing GOSUB
testing...
no interpolation path defined
executed snippet estimated_duration=4.0, duration=0.000191926956177
Pump Microbone
close () {'description': 'Jan Inlet'}
close name=--- desc=Jan Inlet
checking ownership. requestor=129.138.12.150
check software interlocks R
interlocks []
actuate state mode=None-script, software_lock=False
doing actuation None-script close_channel False
Close R ===>> OK
GetIndicatorState R ===>> False
change switch state (True, True)
update switch state R False args=() kw={} ncanvase=2
09:59:05 -- CLOSE  VALVE-R (Jan Inlet)
-------------------------- close None (Jan Inlet) result=[(True, True)]
waiting for write to finish
measurement finished
estimated time: 12.583 actual time: :12.683
flush and close file /Users/jan/PychronDev/data/isotopes/b7/68b441-f34a-4854-a19f-ef858de8e151.h5
set_fits () {}
using default fits file=/Users/jan/PychronDev/scripts/measurement/fits/nominal_linear.yaml
set "Ar40" to "('Linear', 'SEM')"
No fit for "PM41". defaulting to linear. check the measurement script "jan_unknown60_30.py"
set "PM41" to "linear"
set "Ar36" to "('Linear', 'SEM')"
set "Ar37" to "('linear', 'SEM')"
set "Ar38" to "('linear', 'SEM')"
set "Ar39" to "('Linear', 'SEM')"
set_baseline_fits () {}
using default fits file=/Users/jan/PychronDev/scripts/measurement/fits/nominal_linear.yaml
set "H1" to "('average', 'SEM')"
set "H2" to "('average', 'SEM')"
set "CDD" to "('average', 'SEM')"
set "L2" to "('average', 'SEM')"
set "L1" to "('average', 'SEM')"
set "AX" to "('average', 'SEM')"
multicollect () {'integration_time': 1, 'ncounts': 60}
build tables- signal [Detector(H2), Detector(H1), Detector(AX), Detector(L1), Detector(L2), Detector(CDD)]
add group /signal/PM41 (Group) '' table H2
add group /signal/Ar40 (Group) '' table H1
add group /signal/Ar39 (Group) '' table AX
add group /signal/Ar38 (Group) '' table L1
add group /signal/Ar37 (Group) '' table L2
add group /signal/Ar36 (Group) '' table CDD
flush and close file /Users/jan/PychronDev/data/isotopes/b7/68b441-f34a-4854-a19f-ef858de8e151.h5
measuring signal. ncounts=60
"signal" increment series count="2" fit count="1" regressing="True"
action=close, ok=True, locked=[False]
is_closed ('F',) {}
is F () closed?
is closed True
open () {'description': 'CO2 Laser to Jan'}
open name=--- desc=CO2 Laser to Jan
checking ownership. requestor=129.138.12.150
check software interlocks A
interlocks []
actuate state mode=None-script, software_lock=False
doing actuation None-script open_channel False
Open A ===>> OK
GetIndicatorState A ===>> OK
change switch state (True, True)
update switch state A True args=() kw={} ncanvase=2
09:59:06 -- OPEN   VALVE-A (CO2 Laser to Jan)
-------------------------- open None (CO2 Laser to Jan) result=[(True, True)]
action=open, ok=True, locked=[False]
sleep (1,) {}
SLEEP 1.0
starting measurement
close () {'description': 'CO2 Laser to Roughing'}
close name=--- desc=CO2 Laser to Roughing
checking ownership. requestor=129.138.12.150
check software interlocks G
interlocks []
actuate state mode=None-script, software_lock=True
VALVE-G(CO2 Laser to Roughing) software locked
change switch state (True, False)
-------------------------- close None (CO2 Laser to Roughing) result=[(True, False)]
action=close, ok=True, locked=[True]
open () {'description': 'Microbone to Turbo'}
open name=--- desc=Microbone to Turbo
checking ownership. requestor=129.138.12.150
check software interlocks U
interlocks []
actuate state mode=None-script, software_lock=False
doing actuation None-script open_channel True
Open U ===>> OK
GetIndicatorState U ===>> OK
change switch state (True, True)
update switch state U True args=() kw={} ncanvase=2
09:59:07 -- OPEN   VALVE-U (Microbone to Turbo)
-------------------------- open None (Microbone to Turbo) result=[(True, True)]
action=open, ok=True, locked=[False]
open () {'description': 'Microbone to Getter NP-10'}
open name=--- desc=Microbone to Getter NP-10
checking ownership. requestor=129.138.12.150
check software interlocks M
interlocks []
actuate state mode=None-script, software_lock=False
doing actuation None-script open_channel False
Open M ===>> OK
GetIndicatorState M ===>> OK
change switch state (True, True)
update switch state M True args=() kw={} ncanvase=2
09:59:07 -- OPEN   VALVE-M (Microbone to Getter NP-10)
-------------------------- open None (Microbone to Getter NP-10) result=[(True, True)]
action=open, ok=True, locked=[False]
open () {'description': 'Microbone to Getter D-50'}
open name=--- desc=Microbone to Getter D-50
checking ownership. requestor=129.138.12.150
check software interlocks K
interlocks []
actuate state mode=None-script, software_lock=False
doing actuation None-script open_channel False
Open K ===>> OK
GetIndicatorState K ===>> OK
change switch state (True, True)
update switch state K True args=() kw={} ncanvase=2
09:59:08 -- OPEN   VALVE-K (Microbone to Getter D-50)
-------------------------- open None (Microbone to Getter D-50) result=[(True, True)]
action=open, ok=True, locked=[False]
open () {'description': 'Microbone to CO2 Laser'}
open name=--- desc=Microbone to CO2 Laser
checking ownership. requestor=129.138.12.150
check software interlocks T
interlocks []
actuate state mode=None-script, software_lock=False
doing actuation None-script open_channel False
Open T ===>> OK
GetIndicatorState T ===>> OK
change switch state (True, True)
update switch state T True args=() kw={} ncanvase=2
09:59:09 -- OPEN   VALVE-T (Microbone to CO2 Laser)
-------------------------- open None (Microbone to CO2 Laser) result=[(True, True)]
action=open, ok=True, locked=[False]
open () {'description': 'Microbone to Inlet Pipette'}
open name=--- desc=Microbone to Inlet Pipette
checking ownership. requestor=129.138.12.150
check software interlocks S
interlocks []
actuate state mode=None-script, software_lock=False
doing actuation None-script open_channel False
Open S ===>> OK
GetIndicatorState S ===>> OK
change switch state (True, True)
update switch state S True args=() kw={} ncanvase=2
09:59:09 -- OPEN   VALVE-S (Microbone to Inlet Pipette)
-------------------------- open None (Microbone to Inlet Pipette) result=[(True, True)]
action=open, ok=True, locked=[False]
sleep (1,) {}
SLEEP 1.0
testing H1<-5.0
evaluate ot="H1.bs<-5.0" t="H1<-5.0", ctx="{'H1': 0.031825856921868304}"
set_resource () {'name': 'CO2PumpTimeFlag', 'value': 30}
Set CO2PumpTimeFlag 30 ===>> OK
release ('JanCO2Flag',) {}
release JanCO2Flag
Set JanCO2Flag 0 ===>> OK
executed snippet estimated_duration=6.0, duration=5.91626095772
PumpMicrobone.py completed successfully
gosub finished
get_resource_value () {'name': 'JanMiniboneFlag'}
Read JanMiniboneFlag ===>> 0
Get Resource Value JanMiniboneFlag=0.0
get resource value 0.0
get_resource_value () {'name': 'JanMiniboneFlag'}
Read JanMiniboneFlag ===>> 0
Get Resource Value JanMiniboneFlag=0.0
executed snippet estimated_duration=4.0, duration=5.92791008949
jan_pump_extraction_line.py completed successfully
Post Equilibration Finished
09:59:11 -- ******* Post Equilibration Finished *******
testing H1<-5.0
evaluate ot="H1.bs<-5.0" t="H1<-5.0", ctx="{'H1': 0.031825856921868304}"
testing H1<-5.0
evaluate ot="H1.bs<-5.0" t="H1<-5.0", ctx="{'H1': 0.031825856921868304}"
testing H1<-5.0
evaluate ot="H1.bs<-5.0" t="H1<-5.0", ctx="{'H1': 0.031825856921868304}"
testing H1<-5.0
evaluate ot="H1.bs<-5.0" t="H1<-5.0", ctx="{'H1': 0.031825856921868304}"
09:59:31 -- collecting point 25
testing H1<-5.0
evaluate ot="H1.bs<-5.0" t="H1<-5.0", ctx="{'H1': 0.031825856921868304}"
testing H1<-5.0
evaluate ot="H1.bs<-5.0" t="H1<-5.0", ctx="{'H1': 0.031825856921868304}"
testing H1<-5.0
evaluate ot="H1.bs<-5.0" t="H1<-5.0", ctx="{'H1': 0.031825856921868304}"
testing H1<-5.0
evaluate ot="H1.bs<-5.0" t="H1<-5.0", ctx="{'H1': 0.031825856921868304}"
testing H1<-5.0
evaluate ot="H1.bs<-5.0" t="H1<-5.0", ctx="{'H1': 0.031825856921868304}"
09:59:57 -- collecting point 50
testing H1<-5.0
evaluate ot="H1.bs<-5.0" t="H1<-5.0", ctx="{'H1': 0.031825856921868304}"
testing H1<-5.0
evaluate ot="H1.bs<-5.0" t="H1<-5.0", ctx="{'H1': 0.031825856921868304}"
waiting for write to finish
measurement finished
estimated time: 62.915 actual time: :63.113
flush and close file /Users/jan/PychronDev/data/isotopes/b7/68b441-f34a-4854-a19f-ef858de8e151.h5
baselines () {'settling_time': 15.0, 'detector': 'H1', 'mass': 34.2, 'ncounts': 30}
%%%%%%%%%%%%%%%%%%%%%%%%%%%%%%%% Baseline
build tables- baseline [Detector(H2), Detector(H1), Detector(AX), Detector(L1), Detector(L2), Detector(CDD)]
add group baseline table H2
add group baseline table H1
add group baseline table AX
add group baseline table L1
add group baseline table L2
add group baseline table CDD
flush and close file /Users/jan/PychronDev/data/isotopes/b7/68b441-f34a-4854-a19f-ef858de8e151.h5
detector Detector(H1)
POSITION 34.2 H1
Mapping mass to dac mass func: "parabolic"
H1 map mass coeffs = [-0.00063987  0.15840543  0.57092999]
H1 map mass to dac 34.2 >> 5.23997599104
GetDeflection H1 ===>> 0
GetHighVoltage ===>> 4500
positioning 34.2 (5.23997599104) on H1
setting magnet DAC
current  : 5.879320
requested: 5.239976
Delta Dac: 0.639344
Checking detector protection. dv=0.63934
Checking detector "CDD". Protection Threshold: 0.1 (V)
ProtectDetector CDD,On ===>> OK
GetDeflection CDD ===>> 2000
Protected = 2000
SetMagnetDAC 5.23997599104 ===>> OK
Magnet settling time: 0.500
Magnet settling started
Magnet settling complete
Wait for magnet to stop moving
GetMagnetMoving ===>> True
GetMagnetMoving ===>> True
GetMagnetMoving ===>> True
GetMagnetMoving ===>> True
GetMagnetMoving ===>> True
GetMagnetMoving ===>> True
GetMagnetMoving ===>> True
GetMagnetMoving ===>> True
GetMagnetMoving ===>> True
GetMagnetMoving ===>> False
Magnet move complete
Unprotect detectors
ProtectDetector CDD,Off ===>> OK
GetDeflection CDD ===>> 50
set_dac. change=True
Delaying 15.0s for detectors to settle
Join finished
measuring baseline. ncounts=30
"baseline" increment series count="2" fit count="1" regressing="True"
starting measurement
testing H1<-5.0
evaluate ot="H1.bs<-5.0" t="H1<-5.0", ctx="{'H1': 0.018379700943192752}"
testing H1<-5.0
evaluate ot="H1.bs<-5.0" t="H1<-5.0", ctx="{'H1': -0.048720947153432365}"
testing H1<-5.0
evaluate ot="H1.bs<-5.0" t="H1<-5.0", ctx="{'H1': -0.022278178215167994}"
testing H1<-5.0
evaluate ot="H1.bs<-5.0" t="H1<-5.0", ctx="{'H1': -0.01478108040781857}"
testing H1<-5.0
evaluate ot="H1.bs<-5.0" t="H1<-5.0", ctx="{'H1': -0.00929653607435286}"
10:00:53 -- collecting point 25
testing H1<-5.0
evaluate ot="H1.bs<-5.0" t="H1<-5.0", ctx="{'H1': 0.0034257154706648753}"
waiting for write to finish
measurement finished
estimated time: 31.457 actual time: :31.575
flush and close file /Users/jan/PychronDev/data/isotopes/b7/68b441-f34a-4854-a19f-ef858de8e151.h5
activate_detectors ('H1', 'AX', 'CDD') {'peak_center': True}
peak_center () {'detector': 'H1', 'integration_time': 0.262144, 'isotope': 'Ar40'}
peak center: mean=383.204744907 threshold=3
peak center started
setup peak center. detector=['H1', 'AX', 'CDD'], isotope=Ar40
VersionedUnpickler [<apptools.sweet_pickle.versioned_unpickler.VersionedUnpickler object at 0x1376b3950>] using Updater [<apptools.sweet_pickle.updater.Updater object at 0x1391d0c50>]
VersionedUnpickler [<apptools.sweet_pickle.versioned_unpickler.VersionedUnpickler object at 0x1376b3950>] using Updater [<apptools.sweet_pickle.updater.Updater object at 0x1391d0c50>]
VersionedUnpickler [<apptools.sweet_pickle.versioned_unpickler.VersionedUnpickler object at 0x16a620e30>] using Updater [<apptools.sweet_pickle.updater.Updater object at 0x1391d0c50>]
Mapping mass to dac mass func: "parabolic"
H1 map mass coeffs = [-0.00063987  0.15840543  0.57092999]
H1 map mass to dac 39.9624 >> 5.87932
GetDeflection H1 ===>> 0
GetHighVoltage ===>> 4500
do peak center. <pychron.spectrometer.jobs.peak_center.PeakCenter object at 0x1391d0950>
doing pc
starting peak center. center dac= 5.87932 step_width=0.0015
width = 0.0015
get scan parameters. half-width=0.015,window=0.015, i=0, scalar=1
Scan parameters center=5.87932 width=0.03000 (5.86432 - 5.89432)
Moving to starting dac 5.86432
setting magnet DAC
current  : 5.239976
requested: 5.864320
Delta Dac: 0.624344
Checking detector protection. dv=0.62434
Checking detector "CDD". Protection Threshold: 0.1 (V)
ProtectDetector CDD,On ===>> OK
GetDeflection CDD ===>> 2000
Protected = 2000
SetMagnetDAC 5.86432 ===>> OK
Magnet settling time: 0.500
Magnet settling started
Magnet settling complete
Wait for magnet to stop moving
GetMagnetMoving ===>> True
GetMagnetMoving ===>> True
GetMagnetMoving ===>> True
GetMagnetMoving ===>> True
GetMagnetMoving ===>> True
GetMagnetMoving ===>> True
GetMagnetMoving ===>> True
GetMagnetMoving ===>> True
GetMagnetMoving ===>> True
GetMagnetMoving ===>> False
Magnet move complete
Unprotect detectors
ProtectDetector CDD,Off ===>> OK
GetDeflection CDD ===>> 50
set_dac. change=True
Wait until signal near baseline. tol= 0.158489354965. timeout= 10
Peak center baseline intensity achieved
_do_sweep sm= 5.86432, em= 5.89432, stm= 0.0015
calculated step values: start=5.86432, end=5.89432, width=0.0015, nsteps=21.0
setting magnet DAC
current  : 5.864320
requested: 5.864320
Delta Dac: 0.000000
Checking detector protection. dv=0.00000
Checking detector "CDD". Protection Threshold: 0.1 (V)
SetMagnetDAC 5.86432 ===>> OK
set_dac. change=False
setting magnet DAC
current  : 5.864320
requested: 5.865899
Delta Dac: 0.001579
Checking detector protection. dv=0.00158
Checking detector "CDD". Protection Threshold: 0.1 (V)
SetMagnetDAC 5.86589894737 ===>> OK
Magnet settling time: 2.097
Magnet settling started
Magnet settling complete
set_dac. change=True
setting magnet DAC
current  : 5.865899
requested: 5.867478
Delta Dac: 0.001579
Checking detector protection. dv=0.00158
Checking detector "CDD". Protection Threshold: 0.1 (V)
SetMagnetDAC 5.86747789474 ===>> OK
Magnet settling time: 2.097
Magnet settling started
Magnet settling complete
set_dac. change=True
setting magnet DAC
current  : 5.867478
requested: 5.869057
Delta Dac: 0.001579
Checking detector protection. dv=0.00158
Checking detector "CDD". Protection Threshold: 0.1 (V)
SetMagnetDAC 5.86905684211 ===>> OK
Magnet settling time: 2.097
Magnet settling started
Magnet settling complete
set_dac. change=True
setting magnet DAC
current  : 5.869057
requested: 5.870636
Delta Dac: 0.001579
Checking detector protection. dv=0.00158
Checking detector "CDD". Protection Threshold: 0.1 (V)
SetMagnetDAC 5.87063578947 ===>> OK
Magnet settling time: 2.097
Magnet settling started
Magnet settling complete
set_dac. change=True
setting magnet DAC
current  : 5.870636
requested: 5.872215
Delta Dac: 0.001579
Checking detector protection. dv=0.00158
Checking detector "CDD". Protection Threshold: 0.1 (V)
SetMagnetDAC 5.87221473684 ===>> OK
Magnet settling time: 2.097
Magnet settling started
Magnet settling complete
set_dac. change=True
setting magnet DAC
current  : 5.872215
requested: 5.873794
Delta Dac: 0.001579
Checking detector protection. dv=0.00158
Checking detector "CDD". Protection Threshold: 0.1 (V)
SetMagnetDAC 5.87379368421 ===>> OK
Magnet settling time: 2.097
Magnet settling started
Magnet settling complete
set_dac. change=True
setting magnet DAC
current  : 5.873794
requested: 5.875373
Delta Dac: 0.001579
Checking detector protection. dv=0.00158
Checking detector "CDD". Protection Threshold: 0.1 (V)
SetMagnetDAC 5.87537263158 ===>> OK
Magnet settling time: 2.097
Magnet settling started
Magnet settling complete
set_dac. change=True
setting magnet DAC
current  : 5.875373
requested: 5.876952
Delta Dac: 0.001579
Checking detector protection. dv=0.00158
Checking detector "CDD". Protection Threshold: 0.1 (V)
SetMagnetDAC 5.87695157895 ===>> OK
Magnet settling time: 2.097
Magnet settling started
Magnet settling complete
set_dac. change=True
setting magnet DAC
current  : 5.876952
requested: 5.878531
Delta Dac: 0.001579
Checking detector protection. dv=0.00158
Checking detector "CDD". Protection Threshold: 0.1 (V)
SetMagnetDAC 5.87853052632 ===>> OK
Magnet settling time: 2.097
Magnet settling started
Magnet settling complete
set_dac. change=True
setting magnet DAC
current  : 5.878531
requested: 5.880109
Delta Dac: 0.001579
Checking detector protection. dv=0.00158
Checking detector "CDD". Protection Threshold: 0.1 (V)
SetMagnetDAC 5.88010947368 ===>> OK
Magnet settling time: 2.097
Magnet settling started
Magnet settling complete
set_dac. change=True
setting magnet DAC
current  : 5.880109
requested: 5.881688
Delta Dac: 0.001579
Checking detector protection. dv=0.00158
Checking detector "CDD". Protection Threshold: 0.1 (V)
SetMagnetDAC 5.88168842105 ===>> OK
Magnet settling time: 2.097
Magnet settling started
Magnet settling complete
set_dac. change=True
setting magnet DAC
current  : 5.881688
requested: 5.883267
Delta Dac: 0.001579
Checking detector protection. dv=0.00158
Checking detector "CDD". Protection Threshold: 0.1 (V)
SetMagnetDAC 5.88326736842 ===>> OK
Magnet settling time: 2.097
Magnet settling started
Magnet settling complete
set_dac. change=True
setting magnet DAC
current  : 5.883267
requested: 5.884846
Delta Dac: 0.001579
Checking detector protection. dv=0.00158
Checking detector "CDD". Protection Threshold: 0.1 (V)
SetMagnetDAC 5.88484631579 ===>> OK
Magnet settling time: 2.097
Magnet settling started
Magnet settling complete
set_dac. change=True
setting magnet DAC
current  : 5.884846
requested: 5.886425
Delta Dac: 0.001579
Checking detector protection. dv=0.00158
Checking detector "CDD". Protection Threshold: 0.1 (V)
SetMagnetDAC 5.88642526316 ===>> OK
Magnet settling time: 2.097
Magnet settling started
Magnet settling complete
set_dac. change=True
setting magnet DAC
current  : 5.886425
requested: 5.888004
Delta Dac: 0.001579
Checking detector protection. dv=0.00158
Checking detector "CDD". Protection Threshold: 0.1 (V)
SetMagnetDAC 5.88800421053 ===>> OK
Magnet settling time: 2.097
Magnet settling started
Magnet settling complete
set_dac. change=True
setting magnet DAC
current  : 5.888004
requested: 5.889583
Delta Dac: 0.001579
Checking detector protection. dv=0.00158
Checking detector "CDD". Protection Threshold: 0.1 (V)
SetMagnetDAC 5.88958315789 ===>> OK
Magnet settling time: 2.097
Magnet settling started
Magnet settling complete
set_dac. change=True
setting magnet DAC
current  : 5.889583
requested: 5.891162
Delta Dac: 0.001579
Checking detector protection. dv=0.00158
Checking detector "CDD". Protection Threshold: 0.1 (V)
SetMagnetDAC 5.89116210526 ===>> OK
Magnet settling time: 2.097
Magnet settling started
Magnet settling complete
set_dac. change=True
setting magnet DAC
current  : 5.891162
requested: 5.892741
Delta Dac: 0.001579
Checking detector protection. dv=0.00158
Checking detector "CDD". Protection Threshold: 0.1 (V)
SetMagnetDAC 5.89274105263 ===>> OK
Magnet settling time: 2.097
Magnet settling started
Magnet settling complete
set_dac. change=True
setting magnet DAC
current  : 5.892741
requested: 5.894320
Delta Dac: 0.001579
Checking detector protection. dv=0.00158
Checking detector "CDD". Protection Threshold: 0.1 (V)
SetMagnetDAC 5.89432 ===>> OK
Magnet settling time: 2.097
Magnet settling started
Magnet settling complete
set_dac. change=True
result of _do_sweep=True
result of _calculate_peak_center=([5.8715644889779561, 5.8793199999999999, 5.8870755110220436], [272.62890612089785, 371.95113134893211, 271.55467484838175], 5.8785083767535067, 371.95113134893211)
Failed to find a valid peak. No peak greater than 1.0. max = 0.0184551560477
new center pos Detector(H1) (Ar40) @ 5.87932
GetHighVoltage ===>> 4500
GetDeflection H1 ===>> 0
dac uncorrected for HV and deflection 5.87932
update mftable H1 Ar40 5.87932 message=automated run peakcenter
get initial guess parabolic
get initial guess parabolic
get initial guess parabolic
get initial guess parabolic
get initial guess parabolic
get initial guess parabolic
dump mftable to /Users/jan/PychronDev/setupfiles/spectrometer/mftables/mftable.csv
add to repo msg=modified - automated run peakcenter
sweep finished
locally archiving mftable
setting magnet DAC
current  : 5.894320
requested: 5.879320
Delta Dac: 0.015000
Checking detector protection. dv=0.01500
Checking detector "CDD". Protection Threshold: 0.1 (V)
SetMagnetDAC 5.87932 ===>> OK
Magnet settling time: 0.500
Magnet settling started
Magnet settling complete
set_dac. change=True
Failed to find a valid peak. No peak greater than 1.0. max = 0.0184551560477
flush and close file /Users/jan/PychronDev/data/isotopes/b7/68b441-f34a-4854-a19f-ef858de8e151.h5
finished measure script
executed snippet estimated_duration=134.932928, duration=177.157179117
jan_unknown60_30.py completed successfully
Measurement Finished
10:01:45 -- ******* Measurement Finished *******
Post Measurement Started jan_pump_ms.py
10:01:45 -- ******* Post Measurement Started jan_pump_ms.py *******
testing...
no interpolation path defined
executed snippet estimated_duration=0, duration=4.6968460083e-05
Pumping spectrometer
open () {'name': 'O'}
open name=O desc=---
checking ownership. requestor=129.138.12.150
check software interlocks O
interlocks []
actuate state mode=None-script, software_lock=False
doing actuation None-script open_channel True
Open O ===>> OK
GetIndicatorState O ===>> OK
change switch state (True, True)
update switch state O True args=() kw={} ncanvase=2
10:01:45 -- OPEN   VALVE-O (Jan Ion Pump)
-------------------------- open O () result=[(True, True)]
action=open, ok=True, locked=[False]
executed snippet estimated_duration=0, duration=0.357903003693
jan_pump_ms.py completed successfully
setting _ms_pumptime
Post Measurement Finished
10:01:45 -- ******* Post Measurement Finished *******
$$$$$$$$$$$$$$$$$$$$ state at run end measurement
state changed from measurement to success
post measurement save measured=True aborted=False
Set filtering
setting fod for Ar40= {'filter_outliers': True, 'std_devs': 2, 'iterations': 1}
setting fod for H1= {'filter_outliers': True, 'std_devs': 2, 'iterations': 1}
setting fod for PM41= {'filter_outliers': False, 'std_devs': 2, 'iterations': 1}
setting fod for H2= {'filter_outliers': True, 'std_devs': 2, 'iterations': 1}
setting fod for Ar36= {'filter_outliers': True, 'std_devs': 2, 'iterations': 1}
setting fod for CDD= {'filter_outliers': True, 'std_devs': 10, 'iterations': 1}
setting fod for Ar37= {'filter_outliers': True, 'std_devs': 2, 'iterations': 1}
setting fod for L2= {'filter_outliers': True, 'std_devs': 2, 'iterations': 1}
setting fod for Ar38= {'filter_outliers': True, 'std_devs': 2, 'iterations': 1}
setting fod for L1= {'filter_outliers': True, 'std_devs': 2, 'iterations': 1}
setting fod for Ar39= {'filter_outliers': True, 'std_devs': 2, 'iterations': 1}
setting fod for AX= {'filter_outliers': True, 'std_devs': 2, 'iterations': 1}
persistence save...
persistence save - db
post measurement save
5929030384 connecting to database sqlite:////Users/jan/PychronDev/.appdata/local_lab.db
connected to db sqlite:////Users/jan/PychronDev/.appdata/local_lab.db
create new session 5929030384
close session 5929030384
No database instance. Not saving post measurement to isotopedb database
$$$$$$$$$$$$$$$ auto_save_detector_ic=False
massspec enabled True
create new session 5024892400
MassSpec Database Version: 16.0
close session 5024892400
saving post measurement to secondary database
saving to massspec database 129.138.12.160/massspecdata
setting labnumber to 65546
setting aliquot to 3
setting step to G
setting uuid to b768b441-f34a-4854-a19f-ef858de8e151
setting irradpos to 65546
setting extract_device to Fusions CO2
setting tray to 
setting position to 140
setting power_requested to 0.3
setting extract_value to 0.3
setting duration to 30.0
setting duration_at_request to 30.0
setting first_stage_delay to 30.0
setting cleanup to 15.0
setting comment to G:16 0.1-0.25 mg
setting irradiation to NM-289
setting level to G
setting irradiation_level to G
setting sample to REE-1022
setting material to Kspar
setting project to REE
setting mass_spectrometer to Jan
no attribute chron_dosages
no attribute production_ratios
no attribute interference_corrections
no attribute production_name
no attribute j
Reference Isotope=Ar40
Reference Detector=H1
%%%%%%%%%%%%%%%%%%%% Comment: G:16 0.1-0.25 mg %%%%%%%%%%%%%%%%%%%
adding isotope PM41 H2
add baseline dbdet= PM41. original det= H2
get baseline data PM41 H2
Get data baseline <pychron.processing.isotope.Baseline object at 0x16a6d8250> len t=30
baseline PM41. v=-0.19111480568, e=0.0107193817877
get signal data PM41 H2
Get data signal PM41 0.10+/-0.10 len t=60
adding isotope Ar40 H1
add baseline dbdet= Ar40. original det= H1
get baseline data Ar40 H1
Get data baseline <pychron.processing.isotope.Baseline object at 0x17829fc10> len t=30
baseline Ar40. v=0.0195104969528, e=0.0289543290867
get signal data Ar40 H1
Get data signal Ar40 392.59+/-0.08 len t=60
adding isotope Ar39 AX
add baseline dbdet= Ar39. original det= AX
get baseline data Ar39 AX
Get data baseline <pychron.processing.isotope.Baseline object at 0x17829f510> len t=30
baseline Ar39. v=-0.063691410701, e=0.00958647739135
get signal data Ar39 AX
Get data signal Ar39 4.848+/-0.021 len t=60
adding isotope Ar38 L1
add baseline dbdet= Ar38. original det= L1
get baseline data Ar38 L1
Get data baseline <pychron.processing.isotope.Baseline object at 0x17829f150> len t=30
baseline Ar38. v=-0.0232566147412, e=0.00305979265916
get signal data Ar38 L1
Get data signal Ar38 0.091+/-0.009 len t=60
adding isotope Ar37 L2
add baseline dbdet= Ar37. original det= L2
get baseline data Ar37 L2
Get data baseline <pychron.processing.isotope.Baseline object at 0x17829f990> len t=30
baseline Ar37. v=-0.0272980809313, e=0.00857328330582
get signal data Ar37 L2
Get data signal Ar37 0.068+/-0.019 len t=60
adding isotope Ar36 CDD
add baseline dbdet= Ar36. original det= CDD
get baseline data Ar36 CDD
Get data baseline <pychron.processing.isotope.Baseline object at 0x17829f250> len t=30
baseline Ar36. v=5.95461645753e-05, e=1.53083396756e-05
get signal data Ar36 CDD
Get data signal Ar36 0.0146+/-0.0005 len t=60
65546-03G added analysis time 2.91532206535s
analysis added to mass spec database
mass spec save time= 2.977
persistence save - dvc
================= post measurement started
create new session 4996672112
close session 4996672112
---------------- Experiment Queue saving disabled
DVC saving peakcenter
Failed to find a valid peak. No peak greater than 1.0. max = 0.0184551560477
Smart pull ahead: 0 behind: 0
Up-to-date with origin
add to repo msg=modified - ad8224ebc6dbfeb9f5997218dfa5fe690569839d.json
add to repo msg=modified - 46-03G.json
add to repo msg=modified - 46-03G.dat.json
add to repo msg=modified - 46-03G.blan.json
add to repo msg=modified - 46-03G.inte.json
add to repo msg=modified - 46-03G.icfa.json
add to repo msg=modified - 46-03G.base.json
not at valid file /Users/jan/PychronDev/data/.dvc/repositories/REEFenite/655/tags/46-03G.tags.json
add to repo msg=modified - 46-03G.peak.json
add to repo msg=modified - 46-03G.extr.json
not at valid file /Users/jan/PychronDev/data/.dvc/repositories/REEFenite/655/monitor/46-03G.moni.json
commit message=<COLLECTION>
add to repo msg=modified - 46-03G.inte.json
add to repo msg=modified - 46-03G.base.json
commit message=<ISOEVO> default collection fits
add to repo msg=modified - 46-03G.blan.json
commit message=<BLANKS> preceding bu-FC-J-7918
add to repo msg=modified - 46-03G.icfa.json
commit message=<ICFactor> default
push repository <pychron.git_archive.repo_manager.GitRepoManager object at 0x13a519f50>
pushing to remote=origin, url=https://github.com
no changes to meta repo
create new session 4996672112
add association REEFenite
get identifier "65546"
setting analysis irradiation position=<pychron.dvc.dvc_orm.IrradiationPositionTbl object at 0x15abc7d50>
close session 4996672112
================= post measurement finished
10:02:12 -- ******* Post Run Check *******
loading queue conditionals post_run_actions
loading system conditionals post_run_actions
loading conditionals from /Users/jan/PychronDev/setupfiles/spectrometer/default_conditionals.yaml
loading queue conditionals post_run_terminations
loading system conditionals post_run_terminations
loading conditionals from /Users/jan/PychronDev/setupfiles/spectrometer/default_conditionals.yaml
Checking default post run terminations n=1
GetDeflection CDD ===>> 50
testing CDD==2000
evaluate ot="CDD.deflection==2000" t="CDD==2000", ctx="{'CDD': 50.0}"
10:02:12 -- ******* Post Run Check Passed *******
10:02:12 -- Automated run 65546-03G success duration: 266.700 s
----------------- finish -----------------
----------------- stop -----------------
retroactive repository identifiers disabled
finish run. runs completed=7
update duration runid=65546-03G, duration=266.70015192, md5=e3b25ebb
loading script "jan_unknown60_30.py"
loading script "jan_pump_ms.py"
loading script "jan_co2.py"
loading script "jan_pump_extraction_line.py"
testing...
no interpolation path defined
executed snippet estimated_duration=122.452928, duration=0.00019907951355
script duration name:unknown60_30 seconds:122.0
loading script "jan_unknown60_30.py"
loading script "jan_pump_ms.py"
loading script "jan_co2.py"
loading script "jan_pump_extraction_line.py"
testing...
no interpolation path defined
executed snippet estimated_duration=0, duration=2.59876251221e-05
loading script "jan_unknown60_30.py"
loading script "jan_pump_ms.py"
loading script "jan_co2.py"
loading script "jan_pump_extraction_line.py"
testing...
no interpolation path defined
calculate duration
testing...
no interpolation path defined
executed snippet estimated_duration=0, duration=5.69820404053e-05
calculate duration
testing...
no interpolation path defined
executed snippet estimated_duration=0, duration=0.000144004821777
executed snippet estimated_duration=0.0, duration=0.00319004058838
script duration name:co2 seconds:0.0
loading script "jan_unknown60_30.py"
loading script "jan_pump_ms.py"
loading script "jan_co2.py"
loading script "jan_pump_extraction_line.py"
testing...
no interpolation path defined
calculate duration
testing...
no interpolation path defined
executed snippet estimated_duration=4.0, duration=0.000150918960571
executed snippet estimated_duration=4.0, duration=0.00147891044617
Script duration 122.0
Run total estimated duration= 123.000
unknown60_30 in script context. using previous estimated duration
script duration name:unknown60_30 seconds:122.0
pump_ms in script context. using previous estimated duration
co2 in script context. using previous estimated duration
script duration name:co2 seconds:0.0
pump_extraction_line in script context. using previous estimated duration
Script duration 122.0
Run total estimated duration= 123.000
script duration name:unknown60_30 seconds:122.0
script duration name:co2 seconds:0.0
Script duration 122.0
Run total estimated duration= 123.000
script duration name:unknown60_30 seconds:122.0
script duration name:co2 seconds:0.0
Script duration 122.0
Run total estimated duration= 123.000
script duration name:unknown60_30 seconds:122.0
script duration name:co2 seconds:0.0
Script duration 122.0
Run total estimated duration= 123.000
script duration name:unknown60_30 seconds:122.0
script duration name:co2 seconds:0.0
Script duration 122.0
Run total estimated duration= 123.000
script duration name:unknown60_30 seconds:122.0
script duration name:co2 seconds:0.0
Script duration 122.0
Run total estimated duration= 123.000
script duration name:unknown60_30 seconds:122.0
script duration name:co2 seconds:0.0
Script duration 122.0
Run total estimated duration= 123.000
script duration name:unknown60_30 seconds:122.0
script duration name:co2 seconds:0.0
Script duration 122.0
Run total estimated duration= 123.000
script duration name:unknown60_30 seconds:122.0
script duration name:co2 seconds:0.0
Script duration 122.0
Run total estimated duration= 123.000
script duration name:unknown60_30 seconds:122.0
script duration name:co2 seconds:0.0
Script duration 122.0
Run total estimated duration= 123.000
script duration name:unknown60_30 seconds:122.0
script duration name:co2 seconds:0.0
Script duration 122.0
Run total estimated duration= 123.000
script duration name:unknown60_30 seconds:122.0
script duration name:co2 seconds:0.0
Script duration 122.0
Run total estimated duration= 123.000
loading script "jan_unknown400_120.py"
loading script "jan_pump_ms.py"
loading script "jan_sniffair_x2.py"
loading script "jan_pump_extraction_line.py"
testing...
no interpolation path defined
executed snippet estimated_duration=556.052928, duration=0.000144958496094
script duration name:unknown400_120 seconds:556.0
loading script "jan_unknown400_120.py"
loading script "jan_pump_ms.py"
loading script "jan_sniffair_x2.py"
loading script "jan_pump_extraction_line.py"
testing...
no interpolation path defined
calculate duration
testing...
no interpolation path defined
executed snippet estimated_duration=0, duration=4.41074371338e-05
calculate duration
testing...
no interpolation path defined
executed snippet estimated_duration=0, duration=9.67979431152e-05
calculate duration
testing...
no interpolation path defined
executed snippet estimated_duration=32.0, duration=8.79764556885e-05
calculate duration
testing...
no interpolation path defined
executed snippet estimated_duration=34.0, duration=0.000100135803223
calculate duration
testing...
no interpolation path defined
executed snippet estimated_duration=4.0, duration=6.29425048828e-05
calculate duration
testing...
no interpolation path defined
executed snippet estimated_duration=36.0, duration=9.60826873779e-05
calculate duration
testing...
no interpolation path defined
executed snippet estimated_duration=34.0, duration=0.000104904174805
calculate duration
testing...
no interpolation path defined
executed snippet estimated_duration=4.0, duration=8.20159912109e-05
calculate duration
testing...
no interpolation path defined
executed snippet estimated_duration=36.0, duration=0.000102043151855
calculate duration
testing...
no interpolation path defined
executed snippet estimated_duration=70.0, duration=0.000405073165894
executed snippet estimated_duration=250.0, duration=0.0294578075409
script duration name:sniffair_x2 seconds:250.0
Script duration 806.0
Run total estimated duration= 807.000
unknown400_120 in script context. using previous estimated duration
script duration name:unknown400_120 seconds:556.0
sniffair_x2 in script context. using previous estimated duration
script duration name:sniffair_x2 seconds:250.0
Script duration 806.0
Run total estimated duration= 807.000
script duration name:unknown400_120 seconds:556.0
loading script "jan_unknown400_120.py"
loading script "jan_pump_ms.py"
loading script "jan_cocktail_x1.py"
loading script "jan_pump_extraction_line.py"
testing...
no interpolation path defined
calculate duration
testing...
no interpolation path defined
executed snippet estimated_duration=0, duration=4.79221343994e-05
calculate duration
testing...
no interpolation path defined
executed snippet estimated_duration=0, duration=9.60826873779e-05
calculate duration
testing...
no interpolation path defined
executed snippet estimated_duration=32.0, duration=8.89301300049e-05
calculate duration
testing...
no interpolation path defined
executed snippet estimated_duration=34.0, duration=9.51290130615e-05
calculate duration
testing...
no interpolation path defined
executed snippet estimated_duration=4.0, duration=0.000116109848022
calculate duration
testing...
no interpolation path defined
executed snippet estimated_duration=38.0, duration=9.70363616943e-05
executed snippet estimated_duration=108.0, duration=0.00987410545349
script duration name:cocktail_x1 seconds:108.0
Script duration 664.0
Run total estimated duration= 665.000
script duration name:unknown400_120 seconds:556.0
cocktail_x1 in script context. using previous estimated duration
script duration name:cocktail_x1 seconds:108.0
Script duration 664.0
Run total estimated duration= 665.000
script duration name:unknown400_120 seconds:556.0
script duration name:co2 seconds:0.0
Script duration 556.0
Run total estimated duration= 557.000
script duration name:unknown60_30 seconds:122.0
script duration name:co2 seconds:0.0
Script duration 122.0
Run total estimated duration= 123.000
script duration name:unknown60_30 seconds:122.0
script duration name:co2 seconds:0.0
Script duration 122.0
Run total estimated duration= 123.000
script duration name:unknown60_30 seconds:122.0
script duration name:co2 seconds:0.0
Script duration 122.0
Run total estimated duration= 123.000
script duration name:unknown60_30 seconds:122.0
script duration name:co2 seconds:0.0
Script duration 122.0
Run total estimated duration= 123.000
script duration name:unknown60_30 seconds:122.0
script duration name:co2 seconds:0.0
Script duration 122.0
Run total estimated duration= 123.000
script duration name:unknown60_30 seconds:122.0
script duration name:co2 seconds:0.0
Script duration 122.0
Run total estimated duration= 123.000
script duration name:unknown60_30 seconds:122.0
script duration name:co2 seconds:0.0
Script duration 122.0
Run total estimated duration= 123.000
script duration name:unknown60_30 seconds:122.0
script duration name:co2 seconds:0.0
Script duration 122.0
Run total estimated duration= 123.000
script duration name:unknown60_30 seconds:122.0
script duration name:co2 seconds:0.0
Script duration 122.0
Run total estimated duration= 123.000
script duration name:unknown60_30 seconds:122.0
script duration name:co2 seconds:0.0
Script duration 122.0
Run total estimated duration= 123.000
script duration name:unknown60_30 seconds:122.0
script duration name:co2 seconds:0.0
Script duration 122.0
Run total estimated duration= 123.000
script duration name:unknown60_30 seconds:122.0
script duration name:co2 seconds:0.0
Script duration 122.0
Run total estimated duration= 123.000
script duration name:unknown60_30 seconds:122.0
script duration name:co2 seconds:0.0
Script duration 122.0
Run total estimated duration= 123.000
script duration name:unknown60_30 seconds:122.0
script duration name:co2 seconds:0.0
Script duration 122.0
Run total estimated duration= 123.000
script duration name:unknown60_30 seconds:122.0
script duration name:co2 seconds:0.0
Script duration 122.0
Run total estimated duration= 123.000
script duration name:unknown60_30 seconds:122.0
script duration name:co2 seconds:0.0
Script duration 122.0
Run total estimated duration= 123.000
script duration name:unknown60_30 seconds:122.0
script duration name:co2 seconds:0.0
Script duration 122.0
Run total estimated duration= 123.000
script duration name:unknown60_30 seconds:122.0
script duration name:co2 seconds:0.0
Script duration 122.0
Run total estimated duration= 123.000
script duration name:unknown60_30 seconds:122.0
script duration name:co2 seconds:0.0
Script duration 122.0
Run total estimated duration= 123.000
script duration name:unknown400_120 seconds:556.0
script duration name:sniffair_x2 seconds:250.0
Script duration 806.0
Run total estimated duration= 807.000
script duration name:unknown400_120 seconds:556.0
script duration name:sniffair_x2 seconds:250.0
Script duration 806.0
Run total estimated duration= 807.000
script duration name:unknown400_120 seconds:556.0
script duration name:cocktail_x1 seconds:108.0
Script duration 664.0
Run total estimated duration= 665.000
script duration name:unknown400_120 seconds:556.0
script duration name:cocktail_x1 seconds:108.0
Script duration 664.0
Run total estimated duration= 665.000
script duration name:unknown400_120 seconds:556.0
script duration name:co2 seconds:0.0
Script duration 556.0
Run total estimated duration= 557.000
script duration name:unknown60_30 seconds:122.0
script duration name:co2 seconds:0.0
Script duration 122.0
Run total estimated duration= 123.000
script duration name:unknown60_30 seconds:122.0
script duration name:co2 seconds:0.0
Script duration 122.0
Run total estimated duration= 123.000
script duration name:unknown60_30 seconds:122.0
script duration name:co2 seconds:0.0
Script duration 122.0
Run total estimated duration= 123.000
script duration name:unknown60_30 seconds:122.0
script duration name:co2 seconds:0.0
Script duration 122.0
Run total estimated duration= 123.000
script duration name:unknown60_30 seconds:122.0
script duration name:co2 seconds:0.0
Script duration 122.0
Run total estimated duration= 123.000
script duration name:unknown60_30 seconds:122.0
script duration name:co2 seconds:0.0
Script duration 122.0
Run total estimated duration= 123.000
script duration name:unknown60_30 seconds:122.0
script duration name:co2 seconds:0.0
Script duration 122.0
Run total estimated duration= 123.000
script duration name:unknown60_30 seconds:122.0
script duration name:co2 seconds:0.0
Script duration 122.0
Run total estimated duration= 123.000
script duration name:unknown60_30 seconds:122.0
script duration name:co2 seconds:0.0
Script duration 122.0
Run total estimated duration= 123.000
script duration name:unknown60_30 seconds:122.0
script duration name:co2 seconds:0.0
Script duration 122.0
Run total estimated duration= 123.000
script duration name:unknown60_30 seconds:122.0
script duration name:co2 seconds:0.0
Script duration 122.0
Run total estimated duration= 123.000
script duration name:unknown60_30 seconds:122.0
script duration name:co2 seconds:0.0
Script duration 122.0
Run total estimated duration= 123.000
script duration name:unknown60_30 seconds:122.0
script duration name:co2 seconds:0.0
Script duration 122.0
Run total estimated duration= 123.000
script duration name:unknown60_30 seconds:122.0
script duration name:co2 seconds:0.0
Script duration 122.0
Run total estimated duration= 123.000
script duration name:unknown60_30 seconds:122.0
script duration name:co2 seconds:0.0
Script duration 122.0
Run total estimated duration= 123.000
script duration name:unknown60_30 seconds:122.0
script duration name:co2 seconds:0.0
Script duration 122.0
Run total estimated duration= 123.000
script duration name:unknown60_30 seconds:122.0
script duration name:co2 seconds:0.0
Script duration 122.0
Run total estimated duration= 123.000
script duration name:unknown60_30 seconds:122.0
script duration name:co2 seconds:0.0
Script duration 122.0
Run total estimated duration= 123.000
script duration name:unknown60_30 seconds:122.0
script duration name:co2 seconds:0.0
Script duration 122.0
Run total estimated duration= 123.000
script duration name:unknown60_30 seconds:122.0
script duration name:co2 seconds:0.0
Script duration 122.0
Run total estimated duration= 123.000
script duration name:unknown60_30 seconds:122.0
script duration name:co2 seconds:0.0
Script duration 122.0
Run total estimated duration= 123.000
script duration name:unknown60_30 seconds:122.0
script duration name:co2 seconds:0.0
Script duration 122.0
Run total estimated duration= 123.000
script duration name:unknown60_30 seconds:122.0
script duration name:co2 seconds:0.0
Script duration 122.0
Run total estimated duration= 123.000
script duration name:unknown60_30 seconds:122.0
script duration name:co2 seconds:0.0
Script duration 122.0
Run total estimated duration= 123.000
script duration name:unknown60_30 seconds:122.0
script duration name:co2 seconds:0.0
Script duration 122.0
Run total estimated duration= 123.000
script duration name:unknown60_30 seconds:122.0
script duration name:co2 seconds:0.0
Script duration 122.0
Run total estimated duration= 123.000
script duration name:unknown60_30 seconds:122.0
script duration name:co2 seconds:0.0
Script duration 122.0
Run total estimated duration= 123.000
script duration name:unknown60_30 seconds:122.0
script duration name:co2 seconds:0.0
Script duration 122.0
Run total estimated duration= 123.000
script duration name:unknown400_120 seconds:556.0
script duration name:sniffair_x2 seconds:250.0
Script duration 806.0
Run total estimated duration= 807.000
script duration name:unknown400_120 seconds:556.0
script duration name:sniffair_x2 seconds:250.0
Script duration 806.0
Run total estimated duration= 807.000
script duration name:unknown400_120 seconds:556.0
script duration name:cocktail_x1 seconds:108.0
Script duration 664.0
Run total estimated duration= 665.000
script duration name:unknown400_120 seconds:556.0
script duration name:cocktail_x1 seconds:108.0
Script duration 664.0
Run total estimated duration= 665.000
script duration name:unknown400_120 seconds:556.0
script duration name:co2 seconds:0.0
Script duration 556.0
Run total estimated duration= 557.000
script duration name:unknown60_30 seconds:122.0
script duration name:co2 seconds:0.0
Script duration 122.0
Run total estimated duration= 123.000
script duration name:unknown60_30 seconds:122.0
script duration name:co2 seconds:0.0
Script duration 122.0
Run total estimated duration= 123.000
script duration name:unknown60_30 seconds:122.0
script duration name:co2 seconds:0.0
Script duration 122.0
Run total estimated duration= 123.000
script duration name:unknown60_30 seconds:122.0
script duration name:co2 seconds:0.0
Script duration 122.0
Run total estimated duration= 123.000
script duration name:unknown60_30 seconds:122.0
script duration name:co2 seconds:0.0
Script duration 122.0
Run total estimated duration= 123.000
script duration name:unknown60_30 seconds:122.0
script duration name:co2 seconds:0.0
Script duration 122.0
Run total estimated duration= 123.000
script duration name:unknown60_30 seconds:122.0
script duration name:co2 seconds:0.0
Script duration 122.0
Run total estimated duration= 123.000
script duration name:unknown60_30 seconds:122.0
script duration name:co2 seconds:0.0
Script duration 122.0
Run total estimated duration= 123.000
script duration name:unknown60_30 seconds:122.0
script duration name:co2 seconds:0.0
Script duration 122.0
Run total estimated duration= 123.000
script duration name:unknown60_30 seconds:122.0
script duration name:co2 seconds:0.0
Script duration 122.0
Run total estimated duration= 123.000
script duration name:unknown60_30 seconds:122.0
script duration name:co2 seconds:0.0
Script duration 122.0
Run total estimated duration= 123.000
script duration name:unknown60_30 seconds:122.0
script duration name:co2 seconds:0.0
Script duration 122.0
Run total estimated duration= 123.000
script duration name:unknown60_30 seconds:122.0
script duration name:co2 seconds:0.0
Script duration 122.0
Run total estimated duration= 123.000
script duration name:unknown60_30 seconds:122.0
script duration name:co2 seconds:0.0
Script duration 122.0
Run total estimated duration= 123.000
script duration name:unknown60_30 seconds:122.0
script duration name:co2 seconds:0.0
Script duration 122.0
Run total estimated duration= 123.000
script duration name:unknown60_30 seconds:122.0
script duration name:co2 seconds:0.0
Script duration 122.0
Run total estimated duration= 123.000
script duration name:unknown60_30 seconds:122.0
script duration name:co2 seconds:0.0
Script duration 122.0
Run total estimated duration= 123.000
script duration name:unknown60_30 seconds:122.0
script duration name:co2 seconds:0.0
Script duration 122.0
Run total estimated duration= 123.000
script duration name:unknown60_30 seconds:122.0
script duration name:co2 seconds:0.0
Script duration 122.0
Run total estimated duration= 123.000
script duration name:unknown60_30 seconds:122.0
script duration name:co2 seconds:0.0
Script duration 122.0
Run total estimated duration= 123.000
script duration name:unknown60_30 seconds:122.0
script duration name:co2 seconds:0.0
Script duration 122.0
Run total estimated duration= 123.000
script duration name:unknown60_30 seconds:122.0
script duration name:co2 seconds:0.0
Script duration 122.0
Run total estimated duration= 123.000
script duration name:unknown60_30 seconds:122.0
script duration name:co2 seconds:0.0
Script duration 122.0
Run total estimated duration= 123.000
script duration name:unknown60_30 seconds:122.0
script duration name:co2 seconds:0.0
Script duration 122.0
Run total estimated duration= 123.000
script duration name:unknown60_30 seconds:122.0
script duration name:co2 seconds:0.0
Script duration 122.0
Run total estimated duration= 123.000
script duration name:unknown60_30 seconds:122.0
script duration name:co2 seconds:0.0
Script duration 122.0
Run total estimated duration= 123.000
script duration name:unknown60_30 seconds:122.0
script duration name:co2 seconds:0.0
Script duration 122.0
Run total estimated duration= 123.000
script duration name:unknown60_30 seconds:122.0
script duration name:co2 seconds:0.0
Script duration 122.0
Run total estimated duration= 123.000
script duration name:unknown400_120 seconds:556.0
script duration name:sniffair_x2 seconds:250.0
Script duration 806.0
Run total estimated duration= 807.000
script duration name:unknown400_120 seconds:556.0
script duration name:sniffair_x2 seconds:250.0
Script duration 806.0
Run total estimated duration= 807.000
script duration name:unknown400_120 seconds:556.0
script duration name:cocktail_x1 seconds:108.0
Script duration 664.0
Run total estimated duration= 665.000
script duration name:unknown400_120 seconds:556.0
script duration name:cocktail_x1 seconds:108.0
Script duration 664.0
Run total estimated duration= 665.000
script duration name:unknown400_120 seconds:556.0
script duration name:co2 seconds:0.0
Script duration 556.0
Run total estimated duration= 557.000
script duration name:unknown60_30 seconds:122.0
script duration name:co2 seconds:0.0
Script duration 122.0
Run total estimated duration= 123.000
script duration name:unknown60_30 seconds:122.0
script duration name:co2 seconds:0.0
Script duration 122.0
Run total estimated duration= 123.000
script duration name:unknown60_30 seconds:122.0
script duration name:co2 seconds:0.0
Script duration 122.0
Run total estimated duration= 123.000
script duration name:unknown60_30 seconds:122.0
script duration name:co2 seconds:0.0
Script duration 122.0
Run total estimated duration= 123.000
script duration name:unknown60_30 seconds:122.0
script duration name:co2 seconds:0.0
Script duration 122.0
Run total estimated duration= 123.000
script duration name:unknown60_30 seconds:122.0
script duration name:co2 seconds:0.0
Script duration 122.0
Run total estimated duration= 123.000
script duration name:unknown60_30 seconds:122.0
script duration name:co2 seconds:0.0
Script duration 122.0
Run total estimated duration= 123.000
script duration name:unknown60_30 seconds:122.0
script duration name:co2 seconds:0.0
Script duration 122.0
Run total estimated duration= 123.000
script duration name:unknown60_30 seconds:122.0
script duration name:co2 seconds:0.0
Script duration 122.0
Run total estimated duration= 123.000
script duration name:unknown60_30 seconds:122.0
script duration name:co2 seconds:0.0
Script duration 122.0
Run total estimated duration= 123.000
script duration name:unknown60_30 seconds:122.0
script duration name:co2 seconds:0.0
Script duration 122.0
Run total estimated duration= 123.000
script duration name:unknown60_30 seconds:122.0
script duration name:co2 seconds:0.0
Script duration 122.0
Run total estimated duration= 123.000
script duration name:unknown60_30 seconds:122.0
script duration name:co2 seconds:0.0
Script duration 122.0
Run total estimated duration= 123.000
script duration name:unknown60_30 seconds:122.0
script duration name:co2 seconds:0.0
Script duration 122.0
Run total estimated duration= 123.000
script duration name:unknown60_30 seconds:122.0
script duration name:co2 seconds:0.0
Script duration 122.0
Run total estimated duration= 123.000
script duration name:unknown60_30 seconds:122.0
script duration name:co2 seconds:0.0
Script duration 122.0
Run total estimated duration= 123.000
script duration name:unknown60_30 seconds:122.0
script duration name:co2 seconds:0.0
Script duration 122.0
Run total estimated duration= 123.000
script duration name:unknown60_30 seconds:122.0
script duration name:co2 seconds:0.0
Script duration 122.0
Run total estimated duration= 123.000
script duration name:unknown60_30 seconds:122.0
script duration name:co2 seconds:0.0
Script duration 122.0
Run total estimated duration= 123.000
script duration name:unknown60_30 seconds:122.0
script duration name:co2 seconds:0.0
Script duration 122.0
Run total estimated duration= 123.000
script duration name:unknown60_30 seconds:122.0
script duration name:co2 seconds:0.0
Script duration 122.0
Run total estimated duration= 123.000
script duration name:unknown60_30 seconds:122.0
script duration name:co2 seconds:0.0
Script duration 122.0
Run total estimated duration= 123.000
script duration name:unknown60_30 seconds:122.0
script duration name:co2 seconds:0.0
Script duration 122.0
Run total estimated duration= 123.000
script duration name:unknown60_30 seconds:122.0
script duration name:co2 seconds:0.0
Script duration 122.0
Run total estimated duration= 123.000
script duration name:unknown60_30 seconds:122.0
script duration name:co2 seconds:0.0
Script duration 122.0
Run total estimated duration= 123.000
script duration name:unknown60_30 seconds:122.0
script duration name:co2 seconds:0.0
Script duration 122.0
Run total estimated duration= 123.000
script duration name:unknown60_30 seconds:122.0
script duration name:co2 seconds:0.0
Script duration 122.0
Run total estimated duration= 123.000
script duration name:unknown60_30 seconds:122.0
script duration name:co2 seconds:0.0
Script duration 122.0
Run total estimated duration= 123.000
script duration name:unknown400_120 seconds:556.0
script duration name:sniffair_x2 seconds:250.0
Script duration 806.0
Run total estimated duration= 807.000
script duration name:unknown400_120 seconds:556.0
script duration name:sniffair_x2 seconds:250.0
Script duration 806.0
Run total estimated duration= 807.000
script duration name:unknown400_120 seconds:556.0
script duration name:cocktail_x1 seconds:108.0
Script duration 664.0
Run total estimated duration= 665.000
script duration name:unknown400_120 seconds:556.0
script duration name:cocktail_x1 seconds:108.0
Script duration 664.0
Run total estimated duration= 665.000
script duration name:unknown400_120 seconds:556.0
script duration name:co2 seconds:0.0
Script duration 556.0
Run total estimated duration= 557.000
script duration name:unknown60_30 seconds:122.0
script duration name:co2 seconds:0.0
Script duration 122.0
Run total estimated duration= 123.000
script duration name:unknown60_30 seconds:122.0
script duration name:co2 seconds:0.0
Script duration 122.0
Run total estimated duration= 123.000
script duration name:unknown60_30 seconds:122.0
script duration name:co2 seconds:0.0
Script duration 122.0
Run total estimated duration= 123.000
script duration name:unknown60_30 seconds:122.0
script duration name:co2 seconds:0.0
Script duration 122.0
Run total estimated duration= 123.000
script duration name:unknown60_30 seconds:122.0
script duration name:co2 seconds:0.0
Script duration 122.0
Run total estimated duration= 123.000
script duration name:unknown60_30 seconds:122.0
script duration name:co2 seconds:0.0
Script duration 122.0
Run total estimated duration= 123.000
script duration name:unknown60_30 seconds:122.0
script duration name:co2 seconds:0.0
Script duration 122.0
Run total estimated duration= 123.000
script duration name:unknown60_30 seconds:122.0
script duration name:co2 seconds:0.0
Script duration 122.0
Run total estimated duration= 123.000
script duration name:unknown60_30 seconds:122.0
script duration name:co2 seconds:0.0
Script duration 122.0
Run total estimated duration= 123.000
script duration name:unknown60_30 seconds:122.0
script duration name:co2 seconds:0.0
Script duration 122.0
Run total estimated duration= 123.000
script duration name:unknown60_30 seconds:122.0
script duration name:co2 seconds:0.0
Script duration 122.0
Run total estimated duration= 123.000
script duration name:unknown60_30 seconds:122.0
script duration name:co2 seconds:0.0
Script duration 122.0
Run total estimated duration= 123.000
script duration name:unknown60_30 seconds:122.0
script duration name:co2 seconds:0.0
Script duration 122.0
Run total estimated duration= 123.000
script duration name:unknown60_30 seconds:122.0
script duration name:co2 seconds:0.0
Script duration 122.0
Run total estimated duration= 123.000
script duration name:unknown60_30 seconds:122.0
script duration name:co2 seconds:0.0
Script duration 122.0
Run total estimated duration= 123.000
script duration name:unknown60_30 seconds:122.0
script duration name:co2 seconds:0.0
Script duration 122.0
Run total estimated duration= 123.000
script duration name:unknown60_30 seconds:122.0
script duration name:co2 seconds:0.0
Script duration 122.0
Run total estimated duration= 123.000
script duration name:unknown60_30 seconds:122.0
script duration name:co2 seconds:0.0
Script duration 122.0
Run total estimated duration= 123.000
script duration name:unknown60_30 seconds:122.0
script duration name:co2 seconds:0.0
Script duration 122.0
Run total estimated duration= 123.000
script duration name:unknown60_30 seconds:122.0
script duration name:co2 seconds:0.0
Script duration 122.0
Run total estimated duration= 123.000
script duration name:unknown60_30 seconds:122.0
script duration name:co2 seconds:0.0
Script duration 122.0
Run total estimated duration= 123.000
script duration name:unknown60_30 seconds:122.0
script duration name:co2 seconds:0.0
Script duration 122.0
Run total estimated duration= 123.000
script duration name:unknown60_30 seconds:122.0
script duration name:co2 seconds:0.0
Script duration 122.0
Run total estimated duration= 123.000
script duration name:unknown60_30 seconds:122.0
script duration name:co2 seconds:0.0
Script duration 122.0
Run total estimated duration= 123.000
script duration name:unknown60_30 seconds:122.0
script duration name:co2 seconds:0.0
Script duration 122.0
Run total estimated duration= 123.000
script duration name:unknown60_30 seconds:122.0
script duration name:co2 seconds:0.0
Script duration 122.0
Run total estimated duration= 123.000
script duration name:unknown60_30 seconds:122.0
script duration name:co2 seconds:0.0
Script duration 122.0
Run total estimated duration= 123.000
script duration name:unknown60_30 seconds:122.0
script duration name:co2 seconds:0.0
Script duration 122.0
Run total estimated duration= 123.000
script duration name:unknown400_120 seconds:556.0
script duration name:sniffair_x2 seconds:250.0
Script duration 806.0
Run total estimated duration= 807.000
script duration name:unknown400_120 seconds:556.0
script duration name:sniffair_x2 seconds:250.0
Script duration 806.0
Run total estimated duration= 807.000
script duration name:unknown400_120 seconds:556.0
script duration name:cocktail_x1 seconds:108.0
Script duration 664.0
Run total estimated duration= 665.000
script duration name:unknown400_120 seconds:556.0
script duration name:cocktail_x1 seconds:108.0
Script duration 664.0
Run total estimated duration= 665.000
script duration name:unknown400_120 seconds:556.0
script duration name:co2 seconds:0.0
Script duration 556.0
Run total estimated duration= 557.000
script duration name:unknown60_30 seconds:122.0
script duration name:co2 seconds:0.0
Script duration 122.0
Run total estimated duration= 123.000
script duration name:unknown60_30 seconds:122.0
script duration name:co2 seconds:0.0
Script duration 122.0
Run total estimated duration= 123.000
script duration name:unknown60_30 seconds:122.0
script duration name:co2 seconds:0.0
Script duration 122.0
Run total estimated duration= 123.000
script duration name:unknown60_30 seconds:122.0
script duration name:co2 seconds:0.0
Script duration 122.0
Run total estimated duration= 123.000
script duration name:unknown60_30 seconds:122.0
script duration name:co2 seconds:0.0
Script duration 122.0
Run total estimated duration= 123.000
script duration name:unknown60_30 seconds:122.0
script duration name:co2 seconds:0.0
Script duration 122.0
Run total estimated duration= 123.000
script duration name:unknown60_30 seconds:122.0
script duration name:co2 seconds:0.0
Script duration 122.0
Run total estimated duration= 123.000
script duration name:unknown60_30 seconds:122.0
script duration name:co2 seconds:0.0
Script duration 122.0
Run total estimated duration= 123.000
script duration name:unknown60_30 seconds:122.0
script duration name:co2 seconds:0.0
Script duration 122.0
Run total estimated duration= 123.000
script duration name:unknown60_30 seconds:122.0
script duration name:co2 seconds:0.0
Script duration 122.0
Run total estimated duration= 123.000
script duration name:unknown60_30 seconds:122.0
script duration name:co2 seconds:0.0
Script duration 122.0
Run total estimated duration= 123.000
script duration name:unknown60_30 seconds:122.0
script duration name:co2 seconds:0.0
Script duration 122.0
Run total estimated duration= 123.000
script duration name:unknown60_30 seconds:122.0
script duration name:co2 seconds:0.0
Script duration 122.0
Run total estimated duration= 123.000
script duration name:unknown60_30 seconds:122.0
script duration name:co2 seconds:0.0
Script duration 122.0
Run total estimated duration= 123.000
script duration name:unknown60_30 seconds:122.0
script duration name:co2 seconds:0.0
Script duration 122.0
Run total estimated duration= 123.000
script duration name:unknown60_30 seconds:122.0
script duration name:co2 seconds:0.0
Script duration 122.0
Run total estimated duration= 123.000
script duration name:unknown60_30 seconds:122.0
script duration name:co2 seconds:0.0
Script duration 122.0
Run total estimated duration= 123.000
script duration name:unknown60_30 seconds:122.0
script duration name:co2 seconds:0.0
Script duration 122.0
Run total estimated duration= 123.000
script duration name:unknown60_30 seconds:122.0
script duration name:co2 seconds:0.0
Script duration 122.0
Run total estimated duration= 123.000
script duration name:unknown60_30 seconds:122.0
script duration name:co2 seconds:0.0
Script duration 122.0
Run total estimated duration= 123.000
script duration name:unknown60_30 seconds:122.0
script duration name:co2 seconds:0.0
Script duration 122.0
Run total estimated duration= 123.000
script duration name:unknown60_30 seconds:122.0
script duration name:co2 seconds:0.0
Script duration 122.0
Run total estimated duration= 123.000
script duration name:unknown60_30 seconds:122.0
script duration name:co2 seconds:0.0
Script duration 122.0
Run total estimated duration= 123.000
script duration name:unknown60_30 seconds:122.0
script duration name:co2 seconds:0.0
Script duration 122.0
Run total estimated duration= 123.000
script duration name:unknown60_30 seconds:122.0
script duration name:co2 seconds:0.0
Script duration 122.0
Run total estimated duration= 123.000
script duration name:unknown60_30 seconds:122.0
script duration name:co2 seconds:0.0
Script duration 122.0
Run total estimated duration= 123.000
script duration name:unknown60_30 seconds:122.0
script duration name:co2 seconds:0.0
Script duration 122.0
Run total estimated duration= 123.000
script duration name:unknown60_30 seconds:122.0
script duration name:co2 seconds:0.0
Script duration 122.0
Run total estimated duration= 123.000
script duration name:unknown400_120 seconds:556.0
script duration name:sniffair_x2 seconds:250.0
Script duration 806.0
Run total estimated duration= 807.000
script duration name:unknown400_120 seconds:556.0
script duration name:sniffair_x2 seconds:250.0
Script duration 806.0
Run total estimated duration= 807.000
script duration name:unknown400_120 seconds:556.0
script duration name:cocktail_x1 seconds:108.0
Script duration 664.0
Run total estimated duration= 665.000
script duration name:unknown400_120 seconds:556.0
script duration name:cocktail_x1 seconds:108.0
Script duration 664.0
Run total estimated duration= 665.000
script duration name:unknown400_120 seconds:556.0
script duration name:co2 seconds:0.0
Script duration 556.0
Run total estimated duration= 557.000
script duration name:unknown60_30 seconds:122.0
script duration name:co2 seconds:0.0
Script duration 122.0
Run total estimated duration= 123.000
script duration name:unknown60_30 seconds:122.0
script duration name:co2 seconds:0.0
Script duration 122.0
Run total estimated duration= 123.000
script duration name:unknown60_30 seconds:122.0
script duration name:co2 seconds:0.0
Script duration 122.0
Run total estimated duration= 123.000
script duration name:unknown60_30 seconds:122.0
script duration name:co2 seconds:0.0
Script duration 122.0
Run total estimated duration= 123.000
script duration name:unknown60_30 seconds:122.0
script duration name:co2 seconds:0.0
Script duration 122.0
Run total estimated duration= 123.000
script duration name:unknown60_30 seconds:122.0
script duration name:co2 seconds:0.0
Script duration 122.0
Run total estimated duration= 123.000
script duration name:unknown60_30 seconds:122.0
script duration name:co2 seconds:0.0
Script duration 122.0
Run total estimated duration= 123.000
script duration name:unknown60_30 seconds:122.0
script duration name:co2 seconds:0.0
Script duration 122.0
Run total estimated duration= 123.000
script duration name:unknown60_30 seconds:122.0
script duration name:co2 seconds:0.0
Script duration 122.0
Run total estimated duration= 123.000
script duration name:unknown60_30 seconds:122.0
script duration name:co2 seconds:0.0
Script duration 122.0
Run total estimated duration= 123.000
script duration name:unknown60_30 seconds:122.0
script duration name:co2 seconds:0.0
Script duration 122.0
Run total estimated duration= 123.000
script duration name:unknown60_30 seconds:122.0
script duration name:co2 seconds:0.0
Script duration 122.0
Run total estimated duration= 123.000
script duration name:unknown60_30 seconds:122.0
script duration name:co2 seconds:0.0
Script duration 122.0
Run total estimated duration= 123.000
script duration name:unknown60_30 seconds:122.0
script duration name:co2 seconds:0.0
Script duration 122.0
Run total estimated duration= 123.000
script duration name:unknown60_30 seconds:122.0
script duration name:co2 seconds:0.0
Script duration 122.0
Run total estimated duration= 123.000
script duration name:unknown60_30 seconds:122.0
script duration name:co2 seconds:0.0
Script duration 122.0
Run total estimated duration= 123.000
script duration name:unknown60_30 seconds:122.0
script duration name:co2 seconds:0.0
Script duration 122.0
Run total estimated duration= 123.000
script duration name:unknown60_30 seconds:122.0
script duration name:co2 seconds:0.0
Script duration 122.0
Run total estimated duration= 123.000
script duration name:unknown60_30 seconds:122.0
script duration name:co2 seconds:0.0
Script duration 122.0
Run total estimated duration= 123.000
script duration name:unknown60_30 seconds:122.0
script duration name:co2 seconds:0.0
Script duration 122.0
Run total estimated duration= 123.000
script duration name:unknown60_30 seconds:122.0
script duration name:co2 seconds:0.0
Script duration 122.0
Run total estimated duration= 123.000
script duration name:unknown60_30 seconds:122.0
script duration name:co2 seconds:0.0
Script duration 122.0
Run total estimated duration= 123.000
script duration name:unknown60_30 seconds:122.0
script duration name:co2 seconds:0.0
Script duration 122.0
Run total estimated duration= 123.000
script duration name:unknown60_30 seconds:122.0
script duration name:co2 seconds:0.0
Script duration 122.0
Run total estimated duration= 123.000
script duration name:unknown60_30 seconds:122.0
script duration name:co2 seconds:0.0
Script duration 122.0
Run total estimated duration= 123.000
script duration name:unknown60_30 seconds:122.0
script duration name:co2 seconds:0.0
Script duration 122.0
Run total estimated duration= 123.000
script duration name:unknown60_30 seconds:122.0
script duration name:co2 seconds:0.0
Script duration 122.0
Run total estimated duration= 123.000
script duration name:unknown60_30 seconds:122.0
script duration name:co2 seconds:0.0
Script duration 122.0
Run total estimated duration= 123.000
script duration name:unknown400_120 seconds:556.0
script duration name:sniffair_x2 seconds:250.0
Script duration 806.0
Run total estimated duration= 807.000
script duration name:unknown400_120 seconds:556.0
script duration name:sniffair_x2 seconds:250.0
Script duration 806.0
Run total estimated duration= 807.000
script duration name:unknown400_120 seconds:556.0
script duration name:cocktail_x1 seconds:108.0
Script duration 664.0
Run total estimated duration= 665.000
script duration name:unknown400_120 seconds:556.0
script duration name:cocktail_x1 seconds:108.0
Script duration 664.0
Run total estimated duration= 665.000
script duration name:unknown400_120 seconds:556.0
script duration name:co2 seconds:0.0
Script duration 556.0
Run total estimated duration= 557.000
script duration name:unknown60_30 seconds:122.0
script duration name:co2 seconds:0.0
Script duration 122.0
Run total estimated duration= 123.000
script duration name:unknown60_30 seconds:122.0
script duration name:co2 seconds:0.0
Script duration 122.0
Run total estimated duration= 123.000
script duration name:unknown60_30 seconds:122.0
script duration name:co2 seconds:0.0
Script duration 122.0
Run total estimated duration= 123.000
script duration name:unknown60_30 seconds:122.0
script duration name:co2 seconds:0.0
Script duration 122.0
Run total estimated duration= 123.000
script duration name:unknown60_30 seconds:122.0
script duration name:co2 seconds:0.0
Script duration 122.0
Run total estimated duration= 123.000
script duration name:unknown60_30 seconds:122.0
script duration name:co2 seconds:0.0
Script duration 122.0
Run total estimated duration= 123.000
script duration name:unknown60_30 seconds:122.0
script duration name:co2 seconds:0.0
Script duration 122.0
Run total estimated duration= 123.000
script duration name:unknown60_30 seconds:122.0
script duration name:co2 seconds:0.0
Script duration 122.0
Run total estimated duration= 123.000
script duration name:unknown60_30 seconds:122.0
script duration name:co2 seconds:0.0
Script duration 122.0
Run total estimated duration= 123.000
script duration name:unknown60_30 seconds:122.0
script duration name:co2 seconds:0.0
Script duration 122.0
Run total estimated duration= 123.000
script duration name:unknown60_30 seconds:122.0
script duration name:co2 seconds:0.0
Script duration 122.0
Run total estimated duration= 123.000
script duration name:unknown60_30 seconds:122.0
script duration name:co2 seconds:0.0
Script duration 122.0
Run total estimated duration= 123.000
script duration name:unknown60_30 seconds:122.0
script duration name:co2 seconds:0.0
Script duration 122.0
Run total estimated duration= 123.000
script duration name:unknown60_30 seconds:122.0
script duration name:co2 seconds:0.0
Script duration 122.0
Run total estimated duration= 123.000
script duration name:unknown60_30 seconds:122.0
script duration name:co2 seconds:0.0
Script duration 122.0
Run total estimated duration= 123.000
script duration name:unknown60_30 seconds:122.0
script duration name:co2 seconds:0.0
Script duration 122.0
Run total estimated duration= 123.000
script duration name:unknown60_30 seconds:122.0
script duration name:co2 seconds:0.0
Script duration 122.0
Run total estimated duration= 123.000
script duration name:unknown60_30 seconds:122.0
script duration name:co2 seconds:0.0
Script duration 122.0
Run total estimated duration= 123.000
script duration name:unknown60_30 seconds:122.0
script duration name:co2 seconds:0.0
Script duration 122.0
Run total estimated duration= 123.000
script duration name:unknown60_30 seconds:122.0
script duration name:co2 seconds:0.0
Script duration 122.0
Run total estimated duration= 123.000
script duration name:unknown60_30 seconds:122.0
script duration name:co2 seconds:0.0
Script duration 122.0
Run total estimated duration= 123.000
script duration name:unknown60_30 seconds:122.0
script duration name:co2 seconds:0.0
Script duration 122.0
Run total estimated duration= 123.000
script duration name:unknown60_30 seconds:122.0
script duration name:co2 seconds:0.0
Script duration 122.0
Run total estimated duration= 123.000
script duration name:unknown60_30 seconds:122.0
script duration name:co2 seconds:0.0
Script duration 122.0
Run total estimated duration= 123.000
script duration name:unknown60_30 seconds:122.0
script duration name:co2 seconds:0.0
Script duration 122.0
Run total estimated duration= 123.000
script duration name:unknown60_30 seconds:122.0
script duration name:co2 seconds:0.0
Script duration 122.0
Run total estimated duration= 123.000
script duration name:unknown60_30 seconds:122.0
script duration name:co2 seconds:0.0
Script duration 122.0
Run total estimated duration= 123.000
script duration name:unknown60_30 seconds:122.0
script duration name:co2 seconds:0.0
Script duration 122.0
Run total estimated duration= 123.000
script duration name:unknown400_120 seconds:556.0
script duration name:sniffair_x2 seconds:250.0
Script duration 806.0
Run total estimated duration= 807.000
script duration name:unknown400_120 seconds:556.0
script duration name:sniffair_x2 seconds:250.0
Script duration 806.0
Run total estimated duration= 807.000
script duration name:unknown400_120 seconds:556.0
script duration name:cocktail_x1 seconds:108.0
Script duration 664.0
Run total estimated duration= 665.000
script duration name:unknown400_120 seconds:556.0
script duration name:cocktail_x1 seconds:108.0
Script duration 664.0
Run total estimated duration= 665.000
script duration name:unknown400_120 seconds:556.0
script duration name:co2 seconds:0.0
Script duration 556.0
Run total estimated duration= 557.000
nruns=273 before=5.0, run_dur=59553.0, btw=8160.0
write rem/ex queues
/Users/jan/PychronDev/experiments/rem/Load1798.rem.txt
/Users/jan/PychronDev/experiments/rem/Load1798.ex.txt
doing event level: 3
